#
# A fatal error has been detected by the Java Runtime Environment:
#
#  SIGSEGV (0xb) at pc=0x00007fe3699737a4, pid=5195, tid=5198
#
# JRE version: OpenJDK Runtime Environment (17.0.9) (build 17.0.9+0-17.0.9b1087.7-11185874)
# Java VM: OpenJDK 64-Bit Server VM (17.0.9+0-17.0.9b1087.7-11185874, mixed mode, tiered, compressed oops, compressed class ptrs, g1 gc, linux-amd64)
# Problematic frame:
# V  [libjvm.so+0x9737a4]  G1ParScanThreadState::trim_queue_to_threshold(unsigned int)+0x764
#
# Core dump will be written. Default location: Core dumps may be processed with "/usr/share/apport/apport -p%p -s%s -c%c -d%d -P%P -u%u -g%g -- %E" (or dumping to /var/www/html/YkisPAM/core.5195)
#
# If you would like to submit a bug report, please visit:
#   https://bugreport.java.com/bugreport/crash.jsp
#

---------------  S U M M A R Y ------------

Command Line: org.jetbrains.kotlin.cli.jvm.K2JVMCompiler @/var/www/html/YkisPAM/app/build/20240201_15502331638740009308.compiler.options

Host: AMD Ryzen 5 5600H with Radeon Graphics, 16 cores, 13G, Ubuntu 23.04
Time: Thu Feb  1 16:08:45 2024 EET elapsed time: 0.370866 seconds (0d 0h 0m 0s)

---------------  T H R E A D  ---------------

Current thread (0x00007fe3640880e0):  GCTaskThread "GC Thread#0" [stack: 0x00007fe368320000,0x00007fe368420000] [id=5198]

Stack: [0x00007fe368320000,0x00007fe368420000],  sp=0x00007fe36841eb40,  free space=1018k
Native frames: (J=compiled Java code, j=interpreted, Vv=VM code, C=native code)
V  [libjvm.so+0x9737a4]  G1ParScanThreadState::trim_queue_to_threshold(unsigned int)+0x764
V  [libjvm.so+0x975f2b]  G1ParScanThreadState::steal_and_trim_queue(GenericTaskQueueSet<OverflowTaskQueue<ScannerTask, (MEMFLAGS)5, 131072u>, (MEMFLAGS)5>*)+0xe8b
V  [libjvm.so+0x933145]  G1ParEvacuateFollowersClosure::do_void()+0x135
V  [libjvm.so+0x937181]  G1EvacuateRegionsTask::evacuate_live_objects(G1ParScanThreadState*, unsigned int)+0x81
V  [libjvm.so+0x936f92]  G1EvacuateRegionsBaseTask::work(unsigned int)+0x92
V  [libjvm.so+0x10bbbec]  GangWorker::run()+0x5c
V  [libjvm.so+0x100dbff]  Thread::call_run()+0xbf
V  [libjvm.so+0xe12ce9]  thread_native_entry(Thread*)+0x119


siginfo: si_signo: 11 (SIGSEGV), si_code: 1 (SEGV_MAPERR), si_addr: 0x0000000080000000

Registers:
RAX=0x0000000000000003, RBX=0x0000000000000000, RCX=0x00007fe36407f800, RDX=0x0000000000000000
RSP=0x00007fe36841eb40, RBP=0x00007fe36841ebd0, RSI=0x00007fe364038e00, RDI=0x0000000000000400
R8 =0x00007fe344000d70, R9 =0x0000000000000000, R10=0x00007fe344001120, R11=0x0000000000000000
R12=0x00000007341f65e4, R13=0x0000000080000000, R14=0x0000000000000000, R15=0x00000007341f65d0
RIP=0x00007fe3699737a4, EFLAGS=0x0000000000010217, CSGSFS=0x002b000000000033, ERR=0x0000000000000004
  TRAPNO=0x000000000000000e


Register to memory mapping:

RAX=0x0000000000000003 is an unknown value
RBX=0x0 is NULL
RCX=0x00007fe36407f800 points into unknown readable memory: 0x0000000000000000 | 00 00 00 00 00 00 00 00
RDX=0x0 is NULL
RSP=0x00007fe36841eb40 points into unknown readable memory: 0x00007fe344000d88 | 88 0d 00 44 e3 7f 00 00
RBP=0x00007fe36841ebd0 points into unknown readable memory: 0x00007fe36841ec80 | 80 ec 41 68 e3 7f 00 00
RSI=0x00007fe364038e00 points into unknown readable memory: 0x00007fe36a1ae020 | 20 e0 1a 6a e3 7f 00 00
RDI=1024 is a compressed pointer to class: 0x0000000800000400
org.jetbrains.kotlin.com.intellij.openapi.diagnostic.ControlFlowException {0x0000000800000400}
 - instance size:     2
 - klass size:        69
 - access:            public interface abstract 
 - state:             loaded
 - name:              'org/jetbrains/kotlin/com/intellij/openapi/diagnostic/ControlFlowException'
 - super:             'java/lang/Object'
 - sub:               
 - nof implementors:  1
 - implementor:    
   'org/jetbrains/kotlin/com/intellij/openapi/progress/ProcessCanceledException'
 - arrays:            NULL
 - methods:           Array<T>(0x00007fe330000038)
 - method ordering:   Array<T>(0x00007fe330000018)
 - default_methods:   Array<T>(0x0000000000000000)
 - local interfaces:  Array<T>(0x00007fe330000058)
 - trans. interfaces: Array<T>(0x00007fe330000058)
 - constants:         constant pool [7] {0x00007fe33050a578} for 'org/jetbrains/kotlin/com/intellij/openapi/diagnostic/ControlFlowException'
 - class loader data:  loader data: 0x00007fe36425c660 for instance a 'jdk/internal/loader/ClassLoaders$AppClassLoader'{0x0000000734000000}
 - source file:       'ControlFlowException.java'
 - class annotations:       Array<T>(0x0000000000000000)
 - class type annotations:  Array<T>(0x0000000000000000)
 - field annotations:       Array<T>(0x0000000000000000)
 - field type annotations:  Array<T>(0x0000000000000000)
 - inner classes:     Array<T>(0x00007fe330000028)
 - nest members:     Array<T>(0x00007fe330000028)
 - permitted subclasses:     Array<T>(0x00007fe330000028)
 - java mirror:       a 'java/lang/Class'{0x00000007341df838} = 'org/jetbrains/kotlin/com/intellij/openapi/diagnostic/ControlFlowException'
 - vtable length      5  (start addr: 0x00000008000005f8)
 - itable length      0 (start addr: 0x0000000800000620)
 - ---- static fields (0 words):
 - ---- non-static fields (0 words):
 - non-static oop maps: 
R8 =0x00007fe344000d70 points into unknown readable memory: 0x00007fe36a1afe68 | 68 fe 1a 6a e3 7f 00 00
R9 =0x0 is NULL
R10=0x00007fe344001120 points into unknown readable memory: 0x00007fe364038e00 | 00 8e 03 64 e3 7f 00 00
R11=0x0 is NULL
R12=0x00000007341f65e4 is pointing into object: java.lang.reflect.Method 
{0x00000007341f65d0} - klass: 'java/lang/reflect/Method'
 - ---- fields (total size 11 words):
 - 'override' 'Z' @12  false
 - volatile 'accessCheckCache' 'Ljava/lang/Object;' @16  NULL (0)
 - private volatile transient 'hasRealParameterData' 'Z' @13  false
 - private volatile transient 'parameters' '[Ljava/lang/reflect/Parameter;' @20  
[error occurred during error reporting (printing register info), id 0xb, SIGSEGV (0xb) at pc=0x00007fe369a4a395]

Top of Stack: (sp=0x00007fe36841eb40)
0x00007fe36841eb40:   00007fe344000d88 00007fe344000f68
0x00007fe36841eb50:   000000006a212614 0000000000000000
0x00007fe36841eb60:   0000000000000000 0000000000000001
0x00007fe36841eb70:   fffffffff0000004 00007fe344000ef0
0x00007fe36841eb80:   000000080004a530 00007fe36413c010
0x00007fe36841eb90:   0000000000000001 0000000000000001
0x00007fe36841eba0:   00007fe344000d70 0000000733e10748
0x00007fe36841ebb0:   00007fe344000ef0 0000000000000000
0x00007fe36841ebc0:   0000000733e10748 00007fe3640412f0
0x00007fe36841ebd0:   00007fe36841ec80 00007fe369975f2b
0x00007fe36841ebe0:   00007fe36841ec80 00007fe344000d88
0x00007fe36841ebf0:   00007fe344000f68 0000000734fa30aa
0x00007fe36841ec00:   00000007341d6790 0000000000000001
0x00007fe36841ec10:   0000000000000000 00007fe364140ad0
0x00007fe36841ec20:   00007fe344000ef0 0000000800040cc0
0x00007fe36841ec30:   0000000800040880 0000000000000001
0x00007fe36841ec40:   0000000000000001 000000000000006e
0x00007fe36841ec50:   00007fe344000d70 00007fe344000d70
0x00007fe36841ec60:   00007fe36841ed48 0000000015d7baf5
0x00007fe36841ec70:   0000000000000000 00007fe36a213b50
0x00007fe36841ec80:   00007fe36841ed30 00007fe369933145
0x00007fe36841ec90:   00007fe36841ece0 00007fe344000d70
0x00007fe36841eca0:   0000000000000000 0000000000000000
0x00007fe36841ecb0:   00007fff00000000 00007fe348dbe280
0x00007fe36841ecc0:   00007fe328001250 00007fe344000d70
0x00007fe36841ecd0:   0000000000000000 0000000000000000
0x00007fe36841ece0:   3f30294b00000000 00007fe369e20036
0x00007fe36841ecf0:   0000000000000192 0000000039336847
0x00007fe36841ed00:   0000000000000002 00007fe348dbe2b0
0x00007fe36841ed10:   00007fe328001250 0000000015d7baf5
0x00007fe36841ed20:   0000000000000002 00007fe344000d70
0x00007fe36841ed30:   00007fe36841edc0 00007fe369937181 

Instructions: (pc=0x00007fe3699737a4)
0x00007fe3699736a4:   88 c0 01 00 00 4c 89 f2 48 d3 ea 48 8b 80 b0 01
0x00007fe3699736b4:   00 00 48 8b 04 d0 8b 80 c0 00 00 00 d1 e8 83 e0
0x00007fe3699736c4:   01 41 89 80 a0 01 00 00 49 63 80 ec 01 00 00 49
0x00007fe3699736d4:   63 cf 48 01 c8 31 f6 48 8d 15 7f ca 89 00 80 3a
0x00007fe3699736e4:   00 40 0f 94 c6 48 8d 15 70 ca 89 00 80 3a 00 48
0x00007fe3699736f4:   8d 14 b5 0c 00 00 00 49 8d 5c f6 10 0f 84 89 01
0x00007fe369973704:   00 00 48 8d 0c 8b 48 8d 04 83 49 63 14 16 4c 8d
0x00007fe369973714:   34 93 48 39 cb 48 0f 42 d9 49 39 c6 4c 0f 47 f0
0x00007fe369973724:   4c 39 f3 4c 8b 7d a8 0f 83 7f fd ff ff 66 2e 0f
0x00007fe369973734:   1f 84 00 00 00 00 00 0f 1f 44 00 00 4c 89 ff 48
0x00007fe369973744:   89 de e8 a5 3a 00 00 48 83 c3 04 4c 39 f3 72 ec
0x00007fe369973754:   e9 57 fd ff ff 0f 1f 80 00 00 00 00 45 8b 6c 24
0x00007fe369973764:   ff 48 8d 15 04 23 86 00 8b 42 08 89 c1 49 d3 e5
0x00007fe369973774:   48 8b 12 49 01 d5 49 8b 70 08 8a 8e 90 05 00 00
0x00007fe369973784:   4c 89 ef 48 d3 ef 48 8b 8e 80 05 00 00 44 0f b7
0x00007fe369973794:   34 79 66 45 85 f6 0f 88 10 fd ff ff 49 83 c4 ff
0x00007fe3699737a4:   49 8b 5d 00 89 d9 f7 d1 f6 c1 03 0f 85 8d 00 00
0x00007fe3699737b4:   00 89 d9 83 e1 07 48 83 e3 fc 83 f9 05 41 bf 00
0x00007fe3699737c4:   00 00 00 4c 0f 45 fb 48 8d 0d f7 ca 89 00 80 39
0x00007fe3699737d4:   00 4c 0f 44 fb e9 c2 05 00 00 4d 8b 14 24 49 8b
0x00007fe3699737e4:   40 08 8a 88 90 05 00 00 4c 89 d2 48 d3 ea 48 8b
0x00007fe3699737f4:   80 80 05 00 00 0f b7 1c 50 66 85 db 0f 88 aa fc
0x00007fe369973804:   ff ff 4d 8b 3a 44 89 f8 f7 d0 a8 03 0f 85 c3 00
0x00007fe369973814:   00 00 44 89 f8 83 e0 07 49 83 e7 fc 83 f8 05 4d
0x00007fe369973824:   89 fd b8 00 00 00 00 4c 0f 44 e8 48 8d 05 93 ca
0x00007fe369973834:   89 00 80 38 00 4d 0f 44 ef e9 36 0a 00 00 48 89
0x00007fe369973844:   5d c0 48 8d 05 14 c9 89 00 8a 00 84 c0 0f 84 c3
0x00007fe369973854:   00 00 00 41 8b 7d 08 48 8d 15 1e 22 86 00 8a 4a
0x00007fe369973864:   08 48 d3 e7 48 03 3a 44 8b 7f 08 45 85 ff 48 89
0x00007fe369973874:   7d b0 0f 8e b3 00 00 00 41 f6 c7 01 0f 85 ae 00
0x00007fe369973884:   00 00 41 c1 ef 03 e9 24 01 00 00 4c 8d 24 cb 45
0x00007fe369973894:   85 ff 4c 0f 4e e3 41 8b 0c 16 39 c1 0f 4f c8 48 


Stack slot to memory mapping:
stack at sp + 0 slots: 0x00007fe344000d88 points into unknown readable memory: 0x00007fe36a1b0070 | 70 00 1b 6a e3 7f 00 00
stack at sp + 1 slots: 0x00007fe344000f68 points into unknown readable memory: 0x0000000000000000 | 00 00 00 00 00 00 00 00
stack at sp + 2 slots: 0x000000006a212614 is an unknown value
stack at sp + 3 slots: 0x0 is NULL
stack at sp + 4 slots: 0x0 is NULL
stack at sp + 5 slots: 0x0000000000000001 is an unknown value
stack at sp + 6 slots: 0xfffffffff0000004 is an unknown value
stack at sp + 7 slots: 0x00007fe344000ef0 points into unknown readable memory: 0x00007fe36a1aff28 | 28 ff 1a 6a e3 7f 00 00


---------------  P R O C E S S  ---------------

Threads class SMR info:
_java_thread_list=0x00007fe3140f1de0, length=13, elements={
0x00007fe364026610, 0x00007fe3641d79c0, 0x00007fe3641d9020, 0x00007fe364209210,
0x00007fe36420a5d0, 0x00007fe36420b9f0, 0x00007fe3641fe4e0, 0x00007fe3641ff9d0,
0x00007fe364200e50, 0x00007fe364286e60, 0x00007fe364292760, 0x00007fe3140a6290,
0x00007fe3140f0e00
}

Java Threads: ( => current thread )
  0x00007fe364026610 JavaThread "main" [_thread_blocked, id=5197, stack(0x00007fe36a300000,0x00007fe36a400000)]
  0x00007fe3641d79c0 JavaThread "Reference Handler" daemon [_thread_blocked, id=5204, stack(0x00007fe348bbf000,0x00007fe348cbf000)]
  0x00007fe3641d9020 JavaThread "Finalizer" daemon [_thread_blocked, id=5205, stack(0x00007fe348abf000,0x00007fe348bbf000)]
  0x00007fe364209210 JavaThread "Signal Dispatcher" daemon [_thread_blocked, id=5206, stack(0x00007fe3489bf000,0x00007fe348abf000)]
  0x00007fe36420a5d0 JavaThread "Service Thread" daemon [_thread_blocked, id=5207, stack(0x00007fe348300000,0x00007fe348400000)]
  0x00007fe36420b9f0 JavaThread "Monitor Deflation Thread" daemon [_thread_blocked, id=5208, stack(0x00007fe348200000,0x00007fe348300000)]
  0x00007fe3641fe4e0 JavaThread "C2 CompilerThread0" daemon [_thread_blocked, id=5209, stack(0x00007fe348100000,0x00007fe348200000)]
  0x00007fe3641ff9d0 JavaThread "C1 CompilerThread0" daemon [_thread_blocked, id=5210, stack(0x00007fe348000000,0x00007fe348100000)]
  0x00007fe364200e50 JavaThread "Sweeper thread" daemon [_thread_blocked, id=5211, stack(0x00007fe339f00000,0x00007fe33a000000)]
  0x00007fe364286e60 JavaThread "Notification Thread" daemon [_thread_blocked, id=5212, stack(0x00007fe339e00000,0x00007fe339f00000)]
  0x00007fe364292760 JavaThread "Common-Cleaner" daemon [_thread_blocked, id=5214, stack(0x00007fe339bff000,0x00007fe339cff000)]
  0x00007fe3140a6290 JavaThread "C2 CompilerThread1" daemon [_thread_blocked, id=5215, stack(0x00007fe339aff000,0x00007fe339bff000)]
  0x00007fe3140f0e00 JavaThread "C2 CompilerThread2" daemon [_thread_blocked, id=5216, stack(0x00007fe339700000,0x00007fe339800000)]

Other Threads:
  0x00007fe3641c7d30 VMThread "VM Thread" [stack: 0x00007fe348cc0000,0x00007fe348dc0000] [id=5203]
  0x00007fe364187900 WatcherThread [stack: 0x00007fe339d00000,0x00007fe339e00000] [id=5213]
=>0x00007fe3640880e0 GCTaskThread "GC Thread#0" [stack: 0x00007fe368320000,0x00007fe368420000] [id=5198]
  0x00007fe328006580 GCTaskThread "GC Thread#1" [stack: 0x00007fe339600000,0x00007fe339700000] [id=5217]
  0x00007fe328006f90 GCTaskThread "GC Thread#2" [stack: 0x00007fe3394ff000,0x00007fe3395ff000] [id=5218]
  0x00007fe3280079a0 GCTaskThread "GC Thread#3" [stack: 0x00007fe3393fe000,0x00007fe3394fe000] [id=5219]
  0x00007fe3280083b0 GCTaskThread "GC Thread#4" [stack: 0x00007fe3392fd000,0x00007fe3393fd000] [id=5220]
  0x00007fe364096f00 ConcurrentGCThread "G1 Main Marker" [stack: 0x00007fe36821f000,0x00007fe36831f000] [id=5199]
  0x00007fe364097e70 ConcurrentGCThread "G1 Conc#0" [stack: 0x00007fe36811e000,0x00007fe36821e000] [id=5200]
  0x00007fe364141e20 ConcurrentGCThread "G1 Refine#0" [stack: 0x00007fe3490b8000,0x00007fe3491b8000] [id=5201]
  0x00007fe364142d20 ConcurrentGCThread "G1 Service" [stack: 0x00007fe348fb7000,0x00007fe3490b7000] [id=5202]

Threads with active compile tasks:
C1 CompilerThread0      383  663       3       java.util.jar.Manifest::getTrustedAttributes (57 bytes)
C2 CompilerThread1      383  662 %     4       java.lang.StringLatin1::indexOf @ 30 (121 bytes)

VM state: at safepoint (normal execution)

VM Mutex/Monitor currently owned by a thread:  ([mutex/lock_event])
[0x00007fe3640235f0] Threads_lock - owner thread: 0x00007fe3641c7d30
[0x00007fe364023e60] Heap_lock - owner thread: 0x00007fe364026610

Heap address: 0x0000000728000000, size: 3456 MB, Compressed Oops mode: Zero based, Oop shift amount: 3

CDS archive(s) not mapped
Compressed class space mapped at: 0x0000000800000000-0x0000000840000000, reserved size: 1073741824
Narrow klass base: 0x0000000800000000, Narrow klass shift: 0, Narrow klass range: 0x40000000

GC Precious Log:
 CPUs: 16 total, 12 available
 Memory: 13817M
 Large Page Support: Disabled
 NUMA Support: Disabled
 Compressed Oops: Enabled (Zero based)
 Heap Region Size: 2M
 Heap Min Capacity: 8M
 Heap Initial Capacity: 216M
 Heap Max Capacity: 3456M
 Pre-touch: Disabled
 Parallel Workers: 10
 Concurrent Workers: 3
 Concurrent Refinement Workers: 10
 Periodic GC: Disabled

Heap:
 garbage-first heap   total 221184K, used 26624K [0x0000000728000000, 0x0000000800000000)
  region size 2048K, 13 young (26624K), 2 survivors (4096K)
 Metaspace       used 13121K, committed 13248K, reserved 1114112K
  class space    used 1243K, committed 1280K, reserved 1048576K

Heap Regions: E=young(eden), S=young(survivor), O=old, HS=humongous(starts), HC=humongous(continues), CS=collection set, F=free, OA=open archive, CA=closed archive, TAMS=top-at-mark-start (previous, next)
|   0|0x0000000728000000, 0x0000000728200000, 0x0000000728200000|100%|HS|  |TAMS 0x0000000728000000, 0x0000000728000000| Complete 
|   1|0x0000000728200000, 0x0000000728400000, 0x0000000728400000|100%|HC|  |TAMS 0x0000000728200000, 0x0000000728200000| Complete 
|   2|0x0000000728400000, 0x0000000728464f08, 0x0000000728600000| 19%| O|  |TAMS 0x0000000728400000, 0x0000000728400000| Untracked 
|   3|0x0000000728600000, 0x0000000728600000, 0x0000000728800000|  0%| F|  |TAMS 0x0000000728600000, 0x0000000728600000| Untracked 
|   4|0x0000000728800000, 0x0000000728800000, 0x0000000728a00000|  0%| F|  |TAMS 0x0000000728800000, 0x0000000728800000| Untracked 
|   5|0x0000000728a00000, 0x0000000728a00000, 0x0000000728c00000|  0%| F|  |TAMS 0x0000000728a00000, 0x0000000728a00000| Untracked 
|   6|0x0000000728c00000, 0x0000000728c00000, 0x0000000728e00000|  0%| F|  |TAMS 0x0000000728c00000, 0x0000000728c00000| Untracked 
|   7|0x0000000728e00000, 0x0000000728e00000, 0x0000000729000000|  0%| F|  |TAMS 0x0000000728e00000, 0x0000000728e00000| Untracked 
|   8|0x0000000729000000, 0x0000000729000000, 0x0000000729200000|  0%| F|  |TAMS 0x0000000729000000, 0x0000000729000000| Untracked 
|   9|0x0000000729200000, 0x0000000729200000, 0x0000000729400000|  0%| F|  |TAMS 0x0000000729200000, 0x0000000729200000| Untracked 
|  10|0x0000000729400000, 0x0000000729400000, 0x0000000729600000|  0%| F|  |TAMS 0x0000000729400000, 0x0000000729400000| Untracked 
|  11|0x0000000729600000, 0x0000000729600000, 0x0000000729800000|  0%| F|  |TAMS 0x0000000729600000, 0x0000000729600000| Untracked 
|  12|0x0000000729800000, 0x0000000729800000, 0x0000000729a00000|  0%| F|  |TAMS 0x0000000729800000, 0x0000000729800000| Untracked 
|  13|0x0000000729a00000, 0x0000000729a00000, 0x0000000729c00000|  0%| F|  |TAMS 0x0000000729a00000, 0x0000000729a00000| Untracked 
|  14|0x0000000729c00000, 0x0000000729c00000, 0x0000000729e00000|  0%| F|  |TAMS 0x0000000729c00000, 0x0000000729c00000| Untracked 
|  15|0x0000000729e00000, 0x0000000729e00000, 0x000000072a000000|  0%| F|  |TAMS 0x0000000729e00000, 0x0000000729e00000| Untracked 
|  16|0x000000072a000000, 0x000000072a000000, 0x000000072a200000|  0%| F|  |TAMS 0x000000072a000000, 0x000000072a000000| Untracked 
|  17|0x000000072a200000, 0x000000072a200000, 0x000000072a400000|  0%| F|  |TAMS 0x000000072a200000, 0x000000072a200000| Untracked 
|  18|0x000000072a400000, 0x000000072a400000, 0x000000072a600000|  0%| F|  |TAMS 0x000000072a400000, 0x000000072a400000| Untracked 
|  19|0x000000072a600000, 0x000000072a600000, 0x000000072a800000|  0%| F|  |TAMS 0x000000072a600000, 0x000000072a600000| Untracked 
|  20|0x000000072a800000, 0x000000072a800000, 0x000000072aa00000|  0%| F|  |TAMS 0x000000072a800000, 0x000000072a800000| Untracked 
|  21|0x000000072aa00000, 0x000000072aa00000, 0x000000072ac00000|  0%| F|  |TAMS 0x000000072aa00000, 0x000000072aa00000| Untracked 
|  22|0x000000072ac00000, 0x000000072ac00000, 0x000000072ae00000|  0%| F|  |TAMS 0x000000072ac00000, 0x000000072ac00000| Untracked 
|  23|0x000000072ae00000, 0x000000072ae00000, 0x000000072b000000|  0%| F|  |TAMS 0x000000072ae00000, 0x000000072ae00000| Untracked 
|  24|0x000000072b000000, 0x000000072b000000, 0x000000072b200000|  0%| F|  |TAMS 0x000000072b000000, 0x000000072b000000| Untracked 
|  25|0x000000072b200000, 0x000000072b200000, 0x000000072b400000|  0%| F|  |TAMS 0x000000072b200000, 0x000000072b200000| Untracked 
|  26|0x000000072b400000, 0x000000072b400000, 0x000000072b600000|  0%| F|  |TAMS 0x000000072b400000, 0x000000072b400000| Untracked 
|  27|0x000000072b600000, 0x000000072b600000, 0x000000072b800000|  0%| F|  |TAMS 0x000000072b600000, 0x000000072b600000| Untracked 
|  28|0x000000072b800000, 0x000000072b800000, 0x000000072ba00000|  0%| F|  |TAMS 0x000000072b800000, 0x000000072b800000| Untracked 
|  29|0x000000072ba00000, 0x000000072ba00000, 0x000000072bc00000|  0%| F|  |TAMS 0x000000072ba00000, 0x000000072ba00000| Untracked 
|  30|0x000000072bc00000, 0x000000072bc00000, 0x000000072be00000|  0%| F|  |TAMS 0x000000072bc00000, 0x000000072bc00000| Untracked 
|  31|0x000000072be00000, 0x000000072be00000, 0x000000072c000000|  0%| F|  |TAMS 0x000000072be00000, 0x000000072be00000| Untracked 
|  32|0x000000072c000000, 0x000000072c000000, 0x000000072c200000|  0%| F|  |TAMS 0x000000072c000000, 0x000000072c000000| Untracked 
|  33|0x000000072c200000, 0x000000072c200000, 0x000000072c400000|  0%| F|  |TAMS 0x000000072c200000, 0x000000072c200000| Untracked 
|  34|0x000000072c400000, 0x000000072c400000, 0x000000072c600000|  0%| F|  |TAMS 0x000000072c400000, 0x000000072c400000| Untracked 
|  35|0x000000072c600000, 0x000000072c600000, 0x000000072c800000|  0%| F|  |TAMS 0x000000072c600000, 0x000000072c600000| Untracked 
|  36|0x000000072c800000, 0x000000072c800000, 0x000000072ca00000|  0%| F|  |TAMS 0x000000072c800000, 0x000000072c800000| Untracked 
|  37|0x000000072ca00000, 0x000000072ca00000, 0x000000072cc00000|  0%| F|  |TAMS 0x000000072ca00000, 0x000000072ca00000| Untracked 
|  38|0x000000072cc00000, 0x000000072cc00000, 0x000000072ce00000|  0%| F|  |TAMS 0x000000072cc00000, 0x000000072cc00000| Untracked 
|  39|0x000000072ce00000, 0x000000072ce00000, 0x000000072d000000|  0%| F|  |TAMS 0x000000072ce00000, 0x000000072ce00000| Untracked 
|  40|0x000000072d000000, 0x000000072d000000, 0x000000072d200000|  0%| F|  |TAMS 0x000000072d000000, 0x000000072d000000| Untracked 
|  41|0x000000072d200000, 0x000000072d200000, 0x000000072d400000|  0%| F|  |TAMS 0x000000072d200000, 0x000000072d200000| Untracked 
|  42|0x000000072d400000, 0x000000072d400000, 0x000000072d600000|  0%| F|  |TAMS 0x000000072d400000, 0x000000072d400000| Untracked 
|  43|0x000000072d600000, 0x000000072d600000, 0x000000072d800000|  0%| F|  |TAMS 0x000000072d600000, 0x000000072d600000| Untracked 
|  44|0x000000072d800000, 0x000000072d800000, 0x000000072da00000|  0%| F|  |TAMS 0x000000072d800000, 0x000000072d800000| Untracked 
|  45|0x000000072da00000, 0x000000072da00000, 0x000000072dc00000|  0%| F|  |TAMS 0x000000072da00000, 0x000000072da00000| Untracked 
|  46|0x000000072dc00000, 0x000000072dc00000, 0x000000072de00000|  0%| F|  |TAMS 0x000000072dc00000, 0x000000072dc00000| Untracked 
|  47|0x000000072de00000, 0x000000072de00000, 0x000000072e000000|  0%| F|  |TAMS 0x000000072de00000, 0x000000072de00000| Untracked 
|  48|0x000000072e000000, 0x000000072e000000, 0x000000072e200000|  0%| F|  |TAMS 0x000000072e000000, 0x000000072e000000| Untracked 
|  49|0x000000072e200000, 0x000000072e200000, 0x000000072e400000|  0%| F|  |TAMS 0x000000072e200000, 0x000000072e200000| Untracked 
|  50|0x000000072e400000, 0x000000072e400000, 0x000000072e600000|  0%| F|  |TAMS 0x000000072e400000, 0x000000072e400000| Untracked 
|  51|0x000000072e600000, 0x000000072e600000, 0x000000072e800000|  0%| F|  |TAMS 0x000000072e600000, 0x000000072e600000| Untracked 
|  52|0x000000072e800000, 0x000000072e800000, 0x000000072ea00000|  0%| F|  |TAMS 0x000000072e800000, 0x000000072e800000| Untracked 
|  53|0x000000072ea00000, 0x000000072ea00000, 0x000000072ec00000|  0%| F|  |TAMS 0x000000072ea00000, 0x000000072ea00000| Untracked 
|  54|0x000000072ec00000, 0x000000072ec00000, 0x000000072ee00000|  0%| F|  |TAMS 0x000000072ec00000, 0x000000072ec00000| Untracked 
|  55|0x000000072ee00000, 0x000000072ee00000, 0x000000072f000000|  0%| F|  |TAMS 0x000000072ee00000, 0x000000072ee00000| Untracked 
|  56|0x000000072f000000, 0x000000072f000000, 0x000000072f200000|  0%| F|  |TAMS 0x000000072f000000, 0x000000072f000000| Untracked 
|  57|0x000000072f200000, 0x000000072f200000, 0x000000072f400000|  0%| F|  |TAMS 0x000000072f200000, 0x000000072f200000| Untracked 
|  58|0x000000072f400000, 0x000000072f400000, 0x000000072f600000|  0%| F|  |TAMS 0x000000072f400000, 0x000000072f400000| Untracked 
|  59|0x000000072f600000, 0x000000072f600000, 0x000000072f800000|  0%| F|  |TAMS 0x000000072f600000, 0x000000072f600000| Untracked 
|  60|0x000000072f800000, 0x000000072f800000, 0x000000072fa00000|  0%| F|  |TAMS 0x000000072f800000, 0x000000072f800000| Untracked 
|  61|0x000000072fa00000, 0x000000072fa00000, 0x000000072fc00000|  0%| F|  |TAMS 0x000000072fa00000, 0x000000072fa00000| Untracked 
|  62|0x000000072fc00000, 0x000000072fc00000, 0x000000072fe00000|  0%| F|  |TAMS 0x000000072fc00000, 0x000000072fc00000| Untracked 
|  63|0x000000072fe00000, 0x000000072fe00000, 0x0000000730000000|  0%| F|  |TAMS 0x000000072fe00000, 0x000000072fe00000| Untracked 
|  64|0x0000000730000000, 0x0000000730000000, 0x0000000730200000|  0%| F|  |TAMS 0x0000000730000000, 0x0000000730000000| Untracked 
|  65|0x0000000730200000, 0x0000000730200000, 0x0000000730400000|  0%| F|  |TAMS 0x0000000730200000, 0x0000000730200000| Untracked 
|  66|0x0000000730400000, 0x0000000730400000, 0x0000000730600000|  0%| F|  |TAMS 0x0000000730400000, 0x0000000730400000| Untracked 
|  67|0x0000000730600000, 0x0000000730600000, 0x0000000730800000|  0%| F|  |TAMS 0x0000000730600000, 0x0000000730600000| Untracked 
|  68|0x0000000730800000, 0x0000000730800000, 0x0000000730a00000|  0%| F|  |TAMS 0x0000000730800000, 0x0000000730800000| Untracked 
|  69|0x0000000730a00000, 0x0000000730a00000, 0x0000000730c00000|  0%| F|  |TAMS 0x0000000730a00000, 0x0000000730a00000| Untracked 
|  70|0x0000000730c00000, 0x0000000730c00000, 0x0000000730e00000|  0%| F|  |TAMS 0x0000000730c00000, 0x0000000730c00000| Untracked 
|  71|0x0000000730e00000, 0x0000000730e00000, 0x0000000731000000|  0%| F|  |TAMS 0x0000000730e00000, 0x0000000730e00000| Untracked 
|  72|0x0000000731000000, 0x0000000731000000, 0x0000000731200000|  0%| F|  |TAMS 0x0000000731000000, 0x0000000731000000| Untracked 
|  73|0x0000000731200000, 0x0000000731200000, 0x0000000731400000|  0%| F|  |TAMS 0x0000000731200000, 0x0000000731200000| Untracked 
|  74|0x0000000731400000, 0x0000000731400000, 0x0000000731600000|  0%| F|  |TAMS 0x0000000731400000, 0x0000000731400000| Untracked 
|  75|0x0000000731600000, 0x0000000731600000, 0x0000000731800000|  0%| F|  |TAMS 0x0000000731600000, 0x0000000731600000| Untracked 
|  76|0x0000000731800000, 0x0000000731800000, 0x0000000731a00000|  0%| F|  |TAMS 0x0000000731800000, 0x0000000731800000| Untracked 
|  77|0x0000000731a00000, 0x0000000731a00000, 0x0000000731c00000|  0%| F|  |TAMS 0x0000000731a00000, 0x0000000731a00000| Untracked 
|  78|0x0000000731c00000, 0x0000000731c00000, 0x0000000731e00000|  0%| F|  |TAMS 0x0000000731c00000, 0x0000000731c00000| Untracked 
|  79|0x0000000731e00000, 0x0000000731e00000, 0x0000000732000000|  0%| F|  |TAMS 0x0000000731e00000, 0x0000000731e00000| Untracked 
|  80|0x0000000732000000, 0x0000000732000000, 0x0000000732200000|  0%| F|  |TAMS 0x0000000732000000, 0x0000000732000000| Untracked 
|  81|0x0000000732200000, 0x0000000732200000, 0x0000000732400000|  0%| F|  |TAMS 0x0000000732200000, 0x0000000732200000| Untracked 
|  82|0x0000000732400000, 0x0000000732400000, 0x0000000732600000|  0%| F|  |TAMS 0x0000000732400000, 0x0000000732400000| Untracked 
|  83|0x0000000732600000, 0x0000000732600000, 0x0000000732800000|  0%| F|  |TAMS 0x0000000732600000, 0x0000000732600000| Untracked 
|  84|0x0000000732800000, 0x0000000732800000, 0x0000000732a00000|  0%| F|  |TAMS 0x0000000732800000, 0x0000000732800000| Untracked 
|  85|0x0000000732a00000, 0x0000000732a00000, 0x0000000732c00000|  0%| F|  |TAMS 0x0000000732a00000, 0x0000000732a00000| Untracked 
|  86|0x0000000732c00000, 0x0000000732c00000, 0x0000000732e00000|  0%| F|  |TAMS 0x0000000732c00000, 0x0000000732c00000| Untracked 
|  87|0x0000000732e00000, 0x0000000732e00000, 0x0000000733000000|  0%| F|  |TAMS 0x0000000732e00000, 0x0000000732e00000| Untracked 
|  88|0x0000000733000000, 0x0000000733000000, 0x0000000733200000|  0%| F|  |TAMS 0x0000000733000000, 0x0000000733000000| Untracked 
|  89|0x0000000733200000, 0x0000000733200000, 0x0000000733400000|  0%| F|  |TAMS 0x0000000733200000, 0x0000000733200000| Untracked 
|  90|0x0000000733400000, 0x0000000733400000, 0x0000000733600000|  0%| F|  |TAMS 0x0000000733400000, 0x0000000733400000| Untracked 
|  91|0x0000000733600000, 0x0000000733600000, 0x0000000733800000|  0%| F|  |TAMS 0x0000000733600000, 0x0000000733600000| Untracked 
|  92|0x0000000733800000, 0x0000000733800000, 0x0000000733a00000|  0%| F|  |TAMS 0x0000000733800000, 0x0000000733800000| Untracked 
|  93|0x0000000733a00000, 0x0000000733a00000, 0x0000000733c00000|  0%| F|  |TAMS 0x0000000733a00000, 0x0000000733a00000| Untracked 
|  94|0x0000000733c00000, 0x0000000733c00000, 0x0000000733e00000|  0%| F|  |TAMS 0x0000000733c00000, 0x0000000733c00000| Untracked 
|  95|0x0000000733e00000, 0x0000000734000000, 0x0000000734000000|100%| S|  |TAMS 0x0000000733e00000, 0x0000000733e00000| Complete 
|  96|0x0000000734000000, 0x0000000734200000, 0x0000000734200000|100%| S|  |TAMS 0x0000000734000000, 0x0000000734000000| Complete 
|  97|0x0000000734200000, 0x0000000734400000, 0x0000000734400000|100%| E|CS|TAMS 0x0000000734200000, 0x0000000734200000| Complete 
|  98|0x0000000734400000, 0x0000000734600000, 0x0000000734600000|100%| E|CS|TAMS 0x0000000734400000, 0x0000000734400000| Complete 
|  99|0x0000000734600000, 0x0000000734800000, 0x0000000734800000|100%| E|CS|TAMS 0x0000000734600000, 0x0000000734600000| Complete 
| 100|0x0000000734800000, 0x0000000734a00000, 0x0000000734a00000|100%| E|CS|TAMS 0x0000000734800000, 0x0000000734800000| Complete 
| 101|0x0000000734a00000, 0x0000000734c00000, 0x0000000734c00000|100%| E|CS|TAMS 0x0000000734a00000, 0x0000000734a00000| Complete 
| 102|0x0000000734c00000, 0x0000000734e00000, 0x0000000734e00000|100%| E|CS|TAMS 0x0000000734c00000, 0x0000000734c00000| Complete 
| 103|0x0000000734e00000, 0x0000000735000000, 0x0000000735000000|100%| E|CS|TAMS 0x0000000734e00000, 0x0000000734e00000| Complete 
| 104|0x0000000735000000, 0x0000000735200000, 0x0000000735200000|100%| E|CS|TAMS 0x0000000735000000, 0x0000000735000000| Complete 
| 105|0x0000000735200000, 0x0000000735400000, 0x0000000735400000|100%| E|CS|TAMS 0x0000000735200000, 0x0000000735200000| Complete 
| 106|0x0000000735400000, 0x0000000735600000, 0x0000000735600000|100%| E|CS|TAMS 0x0000000735400000, 0x0000000735400000| Complete 
| 107|0x0000000735600000, 0x0000000735800000, 0x0000000735800000|100%| E|CS|TAMS 0x0000000735600000, 0x0000000735600000| Complete 

Card table byte_map: [0x00007fe350c80000,0x00007fe351340000] _byte_map_base: 0x00007fe34d340000

Marking Bits (Prev, Next): (CMBitMap*) 0x00007fe364088b70, (CMBitMap*) 0x00007fe364088bb0
 Prev Bits: [0x00007fe34cfc0000, 0x00007fe3505c0000)
 Next Bits: [0x00007fe3499c0000, 0x00007fe34cfc0000)

Polling page: 0x00007fe36a807000

Metaspace:

Usage:
  Non-class:     11,60 MB used.
      Class:      1,21 MB used.
       Both:     12,81 MB used.

Virtual space:
  Non-class space:       64,00 MB reserved,      11,69 MB ( 18%) committed,  1 nodes.
      Class space:        1,00 GB reserved,       1,25 MB ( <1%) committed,  1 nodes.
             Both:        1,06 GB reserved,      12,94 MB (  1%) committed. 

Chunk freelists:
   Non-Class:  3,52 MB
       Class:  14,77 MB
        Both:  18,28 MB

MaxMetaspaceSize: unlimited
CompressedClassSpaceSize: 1,00 GB
Initial GC threshold: 21,00 MB
Current GC threshold: 21,00 MB
CDS: off
MetaspaceReclaimPolicy: balanced
 - commit_granule_bytes: 65536.
 - commit_granule_words: 8192.
 - virtual_space_node_default_size: 8388608.
 - enlarge_chunks_in_place: 1.
 - new_chunks_are_fully_committed: 0.
 - uncommit_free_chunks: 1.
 - use_allocation_guard: 0.
 - handle_deallocations: 1.


Internal statistics:

num_allocs_failed_limit: 0.
num_arena_births: 14.
num_arena_deaths: 0.
num_vsnodes_births: 2.
num_vsnodes_deaths: 0.
num_space_committed: 207.
num_space_uncommitted: 0.
num_chunks_returned_to_freelist: 0.
num_chunks_taken_from_freelist: 187.
num_chunk_merges: 0.
num_chunk_splits: 136.
num_chunks_enlarged: 119.
num_inconsistent_stats: 0.

CodeHeap 'non-profiled nmethods': size=120028Kb used=249Kb max_used=249Kb free=119778Kb
 bounds [0x00007fe3594c9000, 0x00007fe359739000, 0x00007fe360a00000]
CodeHeap 'profiled nmethods': size=120028Kb used=1135Kb max_used=1135Kb free=118892Kb
 bounds [0x00007fe351a00000, 0x00007fe351c70000, 0x00007fe358f37000]
CodeHeap 'non-nmethods': size=5704Kb used=1142Kb max_used=1164Kb free=4561Kb
 bounds [0x00007fe358f37000, 0x00007fe3591a7000, 0x00007fe3594c9000]
 total_blobs=1094 nmethods=661 adapters=347
 compilation: enabled
              stopped_count=0, restarted_count=0
 full_count=0

Compilation events (20 events):
Event: 0,360 Thread 0x00007fe3641ff9d0  660   !   3       java.lang.ClassLoader::addClass (27 bytes)
Event: 0,360 Thread 0x00007fe3641ff9d0 nmethod 660 0x00007fe351b16c90 code [0x00007fe351b16e80, 0x00007fe351b174c0]
Event: 0,360 Thread 0x00007fe3641ff9d0  653       3       java.lang.ClassLoader::getDefinedPackage (36 bytes)
Event: 0,360 Thread 0x00007fe3641ff9d0 nmethod 653 0x00007fe351b17810 code [0x00007fe351b17a00, 0x00007fe351b17f80]
Event: 0,360 Thread 0x00007fe3641ff9d0  654       3       java.util.jar.Manifest::getAttributes (14 bytes)
Event: 0,360 Thread 0x00007fe3641ff9d0 nmethod 654 0x00007fe351b18190 code [0x00007fe351b18340, 0x00007fe351b18620]
Event: 0,360 Thread 0x00007fe3641ff9d0  655       3       java.util.zip.CRC32::updateBytes (14 bytes)
Event: 0,360 Thread 0x00007fe3641ff9d0 nmethod 655 0x00007fe351b18710 code [0x00007fe351b188c0, 0x00007fe351b18a20]
Event: 0,360 Thread 0x00007fe3641ff9d0  656       3       java.util.zip.CRC32::updateBytesCheck (55 bytes)
Event: 0,361 Thread 0x00007fe3641ff9d0 nmethod 656 0x00007fe351b18b10 code [0x00007fe351b18d00, 0x00007fe351b19260]
Event: 0,361 Thread 0x00007fe3641ff9d0  657   !   3       java.util.jar.JarFile$JarFileEntry::getCodeSigners (81 bytes)
Event: 0,361 Thread 0x00007fe3641ff9d0 nmethod 657 0x00007fe351b19490 code [0x00007fe351b196a0, 0x00007fe351b19c20]
Event: 0,361 Thread 0x00007fe3641ff9d0  658       3       java.security.SecureClassLoader$CodeSourceKey::<init> (10 bytes)
Event: 0,361 Thread 0x00007fe3641ff9d0 nmethod 658 0x00007fe351b19e10 code [0x00007fe351b19fc0, 0x00007fe351b1a170]
Event: 0,361 Thread 0x00007fe3641ff9d0  659       3       java.lang.ClassLoader::getNamedPackage (73 bytes)
Event: 0,361 Thread 0x00007fe3641ff9d0 nmethod 659 0x00007fe351b1a210 code [0x00007fe351b1a400, 0x00007fe351b1a960]
Event: 0,361 Thread 0x00007fe3641ff9d0  661       3       java.security.CodeSource::matchCerts (254 bytes)
Event: 0,362 Thread 0x00007fe3641ff9d0 nmethod 661 0x00007fe351b1ab10 code [0x00007fe351b1ad80, 0x00007fe351b1b950]
Event: 0,363 Thread 0x00007fe3140a6290  662 %     4       java.lang.StringLatin1::indexOf @ 30 (121 bytes)
Event: 0,365 Thread 0x00007fe3641ff9d0  663       3       java.util.jar.Manifest::getTrustedAttributes (57 bytes)

GC Heap History (1 events):
Event: 0,366 GC heap before
{Heap before GC invocations=0 (full 0):
 garbage-first heap   total 221184K, used 26624K [0x0000000728000000, 0x0000000800000000)
  region size 2048K, 11 young (22528K), 0 survivors (0K)
 Metaspace       used 13121K, committed 13248K, reserved 1114112K
  class space    used 1243K, committed 1280K, reserved 1048576K
}

Dll operation events (6 events):
Event: 0,001 Loaded shared library /home/rodion/.local/share/JetBrains/Toolbox/apps/android-studio-2/jbr/lib/libjava.so
Event: 0,057 Loaded shared library /home/rodion/.local/share/JetBrains/Toolbox/apps/android-studio-2/jbr/lib/libnio.so
Event: 0,076 Loaded shared library /home/rodion/.local/share/JetBrains/Toolbox/apps/android-studio-2/jbr/lib/libzip.so
Event: 0,095 Loaded shared library /home/rodion/.local/share/JetBrains/Toolbox/apps/android-studio-2/jbr/lib/libjimage.so
Event: 0,131 Loaded shared library /home/rodion/.local/share/JetBrains/Toolbox/apps/android-studio-2/jbr/lib/libverify.so
Event: 0,166 Loaded shared library /tmp/libjansi-1.9.21-release-633-16406546329052719385.so

Deoptimization events (20 events):
Event: 0,073 Thread 0x00007fe364026610 DEOPT PACKING pc=0x00007fe351a14a0c sp=0x00007fe36a3fd2e0
Event: 0,073 Thread 0x00007fe364026610 DEOPT UNPACKING pc=0x00007fe358f8de2f sp=0x00007fe36a3fc790 mode 0
Event: 0,073 Thread 0x00007fe364026610 DEOPT PACKING pc=0x00007fe351a14a0c sp=0x00007fe36a3fd2e0
Event: 0,073 Thread 0x00007fe364026610 DEOPT UNPACKING pc=0x00007fe358f8de2f sp=0x00007fe36a3fc790 mode 0
Event: 0,073 Thread 0x00007fe364026610 DEOPT PACKING pc=0x00007fe351a14a0c sp=0x00007fe36a3fd2e0
Event: 0,073 Thread 0x00007fe364026610 DEOPT UNPACKING pc=0x00007fe358f8de2f sp=0x00007fe36a3fc790 mode 0
Event: 0,100 Thread 0x00007fe364026610 Uncommon trap: trap_request=0xffffff45 fr.pc=0x00007fe3594cdce4 relative=0x0000000000000704
Event: 0,100 Thread 0x00007fe364026610 Uncommon trap: reason=unstable_if action=reinterpret pc=0x00007fe3594cdce4 method=java.util.zip.ZipFile$Source.checkAndAddEntry(II)I @ 50 c2
Event: 0,100 Thread 0x00007fe364026610 DEOPT PACKING pc=0x00007fe3594cdce4 sp=0x00007fe36a3fdbd0
Event: 0,100 Thread 0x00007fe364026610 DEOPT UNPACKING pc=0x00007fe358f8d699 sp=0x00007fe36a3fdb60 mode 2
Event: 0,203 Thread 0x00007fe364026610 Uncommon trap: trap_request=0xffffff45 fr.pc=0x00007fe3594e2898 relative=0x00000000000003d8
Event: 0,203 Thread 0x00007fe364026610 Uncommon trap: reason=unstable_if action=reinterpret pc=0x00007fe3594e2898 method=org.jetbrains.kotlin.cli.common.arguments.PreprocessCommandLineArgumentsKt.nextChar(Ljava/io/Reader;)Ljava/lang/Character; @ 20 c2
Event: 0,203 Thread 0x00007fe364026610 DEOPT PACKING pc=0x00007fe3594e2898 sp=0x00007fe36a3fe130
Event: 0,203 Thread 0x00007fe364026610 DEOPT UNPACKING pc=0x00007fe358f8d699 sp=0x00007fe36a3fe0f0 mode 2
Event: 0,215 Thread 0x00007fe364026610 DEOPT PACKING pc=0x00007fe351a1fada sp=0x00007fe36a3fd610
Event: 0,215 Thread 0x00007fe364026610 DEOPT UNPACKING pc=0x00007fe358f8de2f sp=0x00007fe36a3fca50 mode 0
Event: 0,237 Thread 0x00007fe364026610 DEOPT PACKING pc=0x00007fe351a1b7ce sp=0x00007fe36a3f9fc0
Event: 0,237 Thread 0x00007fe364026610 DEOPT UNPACKING pc=0x00007fe358f8de2f sp=0x00007fe36a3f9458 mode 0
Event: 0,246 Thread 0x00007fe364026610 DEOPT PACKING pc=0x00007fe351a27755 sp=0x00007fe36a3fd290
Event: 0,246 Thread 0x00007fe364026610 DEOPT UNPACKING pc=0x00007fe358f8de2f sp=0x00007fe36a3fc750 mode 0

Classes unloaded (0 events):
No events

Classes redefined (0 events):
No events

Internal exceptions (4 events):
Event: 0,166 Thread 0x00007fe364026610 Exception <a 'java/lang/UnsatisfiedLinkError'{0x0000000735312e78}: 'void org.jetbrains.kotlin.org.fusesource.jansi.internal.CLibrary.init()'> (0x0000000735312e78) 
thrown [src/hotspot/share/prims/nativeLookup.cpp, line 543]
Event: 0,166 Thread 0x00007fe364026610 Exception <a 'java/lang/UnsatisfiedLinkError'{0x0000000735312e78}> (0x0000000735312e78) 
thrown [src/hotspot/share/oops/instanceKlass.cpp, line 1233]
Event: 0,341 Thread 0x00007fe364026610 Exception <a 'java/lang/NoSuchMethodError'{0x00000007345ff240}: 'int java.lang.invoke.DirectMethodHandle$Holder.invokeVirtual(java.lang.Object, java.lang.Object, java.lang.Object)'> (0x00000007345ff240) 
thrown [src/hotspot/share/interpreter/linkResolver.cpp, line 771]
Event: 0,348 Thread 0x00007fe364026610 Exception <a 'java/lang/NoSuchMethodError'{0x000000073427d7a8}: 'java.lang.Object java.lang.invoke.DirectMethodHandle$Holder.invokeStaticInit(java.lang.Object)'> (0x000000073427d7a8) 
thrown [src/hotspot/share/interpreter/linkResolver.cpp, line 771]

VM Operations (7 events):
Event: 0,078 Executing VM operation: HandshakeAllThreads
Event: 0,078 Executing VM operation: HandshakeAllThreads done
Event: 0,306 Executing VM operation: HandshakeAllThreads
Event: 0,306 Executing VM operation: HandshakeAllThreads done
Event: 0,347 Executing VM operation: HandshakeAllThreads
Event: 0,347 Executing VM operation: HandshakeAllThreads done
Event: 0,365 Executing VM operation: G1CollectForAllocation

Events (20 events):
Event: 0,336 loading class java/net/URISyntaxException
Event: 0,336 loading class java/net/URISyntaxException done
Event: 0,338 loading class java/util/Spliterators$IteratorSpliterator
Event: 0,338 loading class java/util/Spliterators$IteratorSpliterator done
Event: 0,338 loading class java/util/stream/MatchOps$MatchKind
Event: 0,338 loading class java/util/stream/MatchOps$MatchKind done
Event: 0,338 loading class java/util/stream/MatchOps
Event: 0,338 loading class java/util/stream/MatchOps done
Event: 0,338 loading class java/util/stream/MatchOps$MatchOp
Event: 0,338 loading class java/util/stream/MatchOps$MatchOp done
Event: 0,338 loading class java/util/stream/MatchOps$BooleanTerminalSink
Event: 0,338 loading class java/util/stream/MatchOps$BooleanTerminalSink done
Event: 0,339 loading class java/util/stream/MatchOps$1MatchSink
Event: 0,339 loading class java/util/stream/MatchOps$1MatchSink done
Event: 0,342 loading class java/lang/invoke/DirectMethodHandle$Special
Event: 0,342 loading class java/lang/invoke/DirectMethodHandle$Special done
Event: 0,349 loading class java/lang/ThreadLocal$SuppliedThreadLocal
Event: 0,349 loading class java/lang/ThreadLocal$SuppliedThreadLocal done
Event: 0,354 loading class java/util/Collections$SingletonSet
Event: 0,354 loading class java/util/Collections$SingletonSet done


Dynamic libraries:
00200000-00201000 r--p 00000000 103:04 2686830                           /home/rodion/.local/share/JetBrains/Toolbox/apps/android-studio-2/jbr/bin/java
00201000-00202000 r-xp 00000000 103:04 2686830                           /home/rodion/.local/share/JetBrains/Toolbox/apps/android-studio-2/jbr/bin/java
00202000-00203000 r--p 00000000 103:04 2686830                           /home/rodion/.local/share/JetBrains/Toolbox/apps/android-studio-2/jbr/bin/java
00203000-00204000 rw-p 00000000 103:04 2686830                           /home/rodion/.local/share/JetBrains/Toolbox/apps/android-studio-2/jbr/bin/java
00744000-0078c000 rw-p 00000000 00:00 0                                  [heap]
728000000-735800000 rw-p 00000000 00:00 0 
735800000-800000000 ---p 00000000 00:00 0 
800000000-800030000 rw-p 00000000 00:00 0 
800030000-8000b0000 rw-p 00000000 00:00 0 
8000b0000-8000d0000 rw-p 00000000 00:00 0 
8000d0000-8000f0000 rw-p 00000000 00:00 0 
8000f0000-800140000 rw-p 00000000 00:00 0 
800140000-840000000 ---p 00000000 00:00 0 
7fe2e0000000-7fe2e0021000 rw-p 00000000 00:00 0 
7fe2e0021000-7fe2e4000000 ---p 00000000 00:00 0 
7fe2e8000000-7fe2e8021000 rw-p 00000000 00:00 0 
7fe2e8021000-7fe2ec000000 ---p 00000000 00:00 0 
7fe2ec000000-7fe2ec021000 rw-p 00000000 00:00 0 
7fe2ec021000-7fe2f0000000 ---p 00000000 00:00 0 
7fe2f0000000-7fe2f048d000 rw-p 00000000 00:00 0 
7fe2f048d000-7fe2f4000000 ---p 00000000 00:00 0 
7fe2f4000000-7fe2f4021000 rw-p 00000000 00:00 0 
7fe2f4021000-7fe2f8000000 ---p 00000000 00:00 0 
7fe2f8000000-7fe2f8021000 rw-p 00000000 00:00 0 
7fe2f8021000-7fe2fc000000 ---p 00000000 00:00 0 
7fe2fc000000-7fe2fc1a9000 rw-p 00000000 00:00 0 
7fe2fc1a9000-7fe300000000 ---p 00000000 00:00 0 
7fe300000000-7fe300021000 rw-p 00000000 00:00 0 
7fe300021000-7fe304000000 ---p 00000000 00:00 0 
7fe304000000-7fe304021000 rw-p 00000000 00:00 0 
7fe304021000-7fe308000000 ---p 00000000 00:00 0 
7fe308000000-7fe308237000 rw-p 00000000 00:00 0 
7fe308237000-7fe30c000000 ---p 00000000 00:00 0 
7fe30c000000-7fe30c021000 rw-p 00000000 00:00 0 
7fe30c021000-7fe310000000 ---p 00000000 00:00 0 
7fe310000000-7fe310021000 rw-p 00000000 00:00 0 
7fe310021000-7fe314000000 ---p 00000000 00:00 0 
7fe314000000-7fe314254000 rw-p 00000000 00:00 0 
7fe314254000-7fe318000000 ---p 00000000 00:00 0 
7fe318000000-7fe318021000 rw-p 00000000 00:00 0 
7fe318021000-7fe31c000000 ---p 00000000 00:00 0 
7fe31c000000-7fe31c021000 rw-p 00000000 00:00 0 
7fe31c021000-7fe320000000 ---p 00000000 00:00 0 
7fe320000000-7fe320021000 rw-p 00000000 00:00 0 
7fe320021000-7fe324000000 ---p 00000000 00:00 0 
7fe324000000-7fe324021000 rw-p 00000000 00:00 0 
7fe324021000-7fe328000000 ---p 00000000 00:00 0 
7fe328000000-7fe328021000 rw-p 00000000 00:00 0 
7fe328021000-7fe32c000000 ---p 00000000 00:00 0 
7fe32c000000-7fe32c021000 rw-p 00000000 00:00 0 
7fe32c021000-7fe330000000 ---p 00000000 00:00 0 
7fe330000000-7fe3304f0000 rw-p 00000000 00:00 0 
7fe3304f0000-7fe330570000 rw-p 00000000 00:00 0 
7fe330570000-7fe3305f0000 rw-p 00000000 00:00 0 
7fe3305f0000-7fe330670000 rw-p 00000000 00:00 0 
7fe330670000-7fe3306f0000 rw-p 00000000 00:00 0 
7fe3306f0000-7fe3308f0000 rw-p 00000000 00:00 0 
7fe3308f0000-7fe3309f0000 rw-p 00000000 00:00 0 
7fe3309f0000-7fe330af0000 rw-p 00000000 00:00 0 
7fe330af0000-7fe330b30000 rw-p 00000000 00:00 0 
7fe330b30000-7fe330c00000 ---p 00000000 00:00 0 
7fe330c00000-7fe330c80000 rw-p 00000000 00:00 0 
7fe330c80000-7fe334000000 ---p 00000000 00:00 0 
7fe334000000-7fe334021000 rw-p 00000000 00:00 0 
7fe334021000-7fe338000000 ---p 00000000 00:00 0 
7fe338f08000-7fe3392fc000 rw-p 00000000 00:00 0 
7fe3392fc000-7fe3392fd000 ---p 00000000 00:00 0 
7fe3392fd000-7fe3393fd000 rw-p 00000000 00:00 0 
7fe3393fd000-7fe3393fe000 ---p 00000000 00:00 0 
7fe3393fe000-7fe3394fe000 rw-p 00000000 00:00 0 
7fe3394fe000-7fe3394ff000 ---p 00000000 00:00 0 
7fe3394ff000-7fe3395ff000 rw-p 00000000 00:00 0 
7fe3395ff000-7fe339600000 ---p 00000000 00:00 0 
7fe339600000-7fe339700000 rw-p 00000000 00:00 0 
7fe339700000-7fe339704000 ---p 00000000 00:00 0 
7fe339704000-7fe339800000 rw-p 00000000 00:00 0 
7fe339800000-7fe339803000 r-xp 00000000 103:04 1442041                   /tmp/libjansi-1.9.21-release-633-16406546329052719385.so
7fe339803000-7fe339a02000 ---p 00003000 103:04 1442041                   /tmp/libjansi-1.9.21-release-633-16406546329052719385.so
7fe339a02000-7fe339a03000 rw-p 00002000 103:04 1442041                   /tmp/libjansi-1.9.21-release-633-16406546329052719385.so
7fe339aff000-7fe339b03000 ---p 00000000 00:00 0 
7fe339b03000-7fe339bff000 rw-p 00000000 00:00 0 
7fe339bff000-7fe339c03000 ---p 00000000 00:00 0 
7fe339c03000-7fe339cff000 rw-p 00000000 00:00 0 
7fe339cff000-7fe339d00000 ---p 00000000 00:00 0 
7fe339d00000-7fe339e00000 rw-p 00000000 00:00 0 
7fe339e00000-7fe339e04000 ---p 00000000 00:00 0 
7fe339e04000-7fe339f00000 rw-p 00000000 00:00 0 
7fe339f00000-7fe339f04000 ---p 00000000 00:00 0 
7fe339f04000-7fe33c021000 rw-p 00000000 00:00 0 
7fe33c021000-7fe340000000 ---p 00000000 00:00 0 
7fe340000000-7fe340021000 rw-p 00000000 00:00 0 
7fe340021000-7fe344000000 ---p 00000000 00:00 0 
7fe344000000-7fe344021000 rw-p 00000000 00:00 0 
7fe344021000-7fe348000000 ---p 00000000 00:00 0 
7fe348000000-7fe348004000 ---p 00000000 00:00 0 
7fe348004000-7fe348100000 rw-p 00000000 00:00 0 
7fe348100000-7fe348104000 ---p 00000000 00:00 0 
7fe348104000-7fe348200000 rw-p 00000000 00:00 0 
7fe348200000-7fe348204000 ---p 00000000 00:00 0 
7fe348204000-7fe348300000 rw-p 00000000 00:00 0 
7fe348300000-7fe348304000 ---p 00000000 00:00 0 
7fe348304000-7fe348400000 rw-p 00000000 00:00 0 
7fe348400000-7fe348975000 r--p 00000000 103:04 1995264                   /usr/lib/locale/locale-archive
7fe3489bf000-7fe3489c3000 ---p 00000000 00:00 0 
7fe3489c3000-7fe348abf000 rw-p 00000000 00:00 0 
7fe348abf000-7fe348ac3000 ---p 00000000 00:00 0 
7fe348ac3000-7fe348bbf000 rw-p 00000000 00:00 0 
7fe348bbf000-7fe348bc3000 ---p 00000000 00:00 0 
7fe348bc3000-7fe348cbf000 rw-p 00000000 00:00 0 
7fe348cbf000-7fe348cc0000 ---p 00000000 00:00 0 
7fe348cc0000-7fe348dc0000 rw-p 00000000 00:00 0 
7fe348eda000-7fe348fb6000 rw-p 00000000 00:00 0 
7fe348fb6000-7fe348fb7000 ---p 00000000 00:00 0 
7fe348fb7000-7fe3490b7000 rw-p 00000000 00:00 0 
7fe3490b7000-7fe3490b8000 ---p 00000000 00:00 0 
7fe3490b8000-7fe349d20000 rw-p 00000000 00:00 0 
7fe349d20000-7fe34cfc0000 ---p 00000000 00:00 0 
7fe34cfc0000-7fe34d320000 rw-p 00000000 00:00 0 
7fe34d320000-7fe3505c0000 ---p 00000000 00:00 0 
7fe3505c0000-7fe35062c000 rw-p 00000000 00:00 0 
7fe35062c000-7fe350c80000 ---p 00000000 00:00 0 
7fe350c80000-7fe350cec000 rw-p 00000000 00:00 0 
7fe350cec000-7fe351340000 ---p 00000000 00:00 0 
7fe351340000-7fe3513ac000 rw-p 00000000 00:00 0 
7fe3513ac000-7fe351a00000 ---p 00000000 00:00 0 
7fe351a00000-7fe351c70000 rwxp 00000000 00:00 0 
7fe351c70000-7fe358f37000 ---p 00000000 00:00 0 
7fe358f37000-7fe3591a7000 rwxp 00000000 00:00 0 
7fe3591a7000-7fe3594c9000 ---p 00000000 00:00 0 
7fe3594c9000-7fe359739000 rwxp 00000000 00:00 0 
7fe359739000-7fe360a00000 ---p 00000000 00:00 0 
7fe360a00000-7fe363ee6000 r--s 00000000 103:04 2686930                   /home/rodion/.local/share/JetBrains/Toolbox/apps/android-studio-2/jbr/lib/modules
7fe363eff000-7fe3646f2000 rw-p 00000000 00:00 0 
7fe3646f2000-7fe368000000 ---p 00000000 00:00 0 
7fe368004000-7fe36800b000 r--s 00000000 103:04 1968884                   /usr/lib/x86_64-linux-gnu/gconv/gconv-modules.cache
7fe36800b000-7fe368011000 r--p 00000000 103:04 2686927                   /home/rodion/.local/share/JetBrains/Toolbox/apps/android-studio-2/jbr/lib/libverify.so
7fe368011000-7fe368019000 r-xp 00005000 103:04 2686927                   /home/rodion/.local/share/JetBrains/Toolbox/apps/android-studio-2/jbr/lib/libverify.so
7fe368019000-7fe36801b000 r--p 0000c000 103:04 2686927                   /home/rodion/.local/share/JetBrains/Toolbox/apps/android-studio-2/jbr/lib/libverify.so
7fe36801b000-7fe36801c000 rw-p 0000d000 103:04 2686927                   /home/rodion/.local/share/JetBrains/Toolbox/apps/android-studio-2/jbr/lib/libverify.so
7fe36801c000-7fe36811d000 rw-p 00000000 00:00 0 
7fe36811d000-7fe36811e000 ---p 00000000 00:00 0 
7fe36811e000-7fe36821e000 rw-p 00000000 00:00 0 
7fe36821e000-7fe36821f000 ---p 00000000 00:00 0 
7fe36821f000-7fe36831f000 rw-p 00000000 00:00 0 
7fe36831f000-7fe368320000 ---p 00000000 00:00 0 
7fe368320000-7fe368e2f000 rw-p 00000000 00:00 0 
7fe368e2f000-7fe368f15000 ---p 00000000 00:00 0 
7fe368f15000-7fe368f1a000 rw-p 00000000 00:00 0 
7fe368f1a000-7fe369000000 ---p 00000000 00:00 0 
7fe369000000-7fe369537000 r--p 00000000 103:04 2686942                   /home/rodion/.local/share/JetBrains/Toolbox/apps/android-studio-2/jbr/lib/server/libjvm.so
7fe369537000-7fe36a10f000 r-xp 00536000 103:04 2686942                   /home/rodion/.local/share/JetBrains/Toolbox/apps/android-studio-2/jbr/lib/server/libjvm.so
7fe36a10f000-7fe36a1d1000 r--p 0110d000 103:04 2686942                   /home/rodion/.local/share/JetBrains/Toolbox/apps/android-studio-2/jbr/lib/server/libjvm.so
7fe36a1d1000-7fe36a1fa000 rw-p 011ce000 103:04 2686942                   /home/rodion/.local/share/JetBrains/Toolbox/apps/android-studio-2/jbr/lib/server/libjvm.so
7fe36a1fa000-7fe36a26e000 rw-p 00000000 00:00 0 
7fe36a272000-7fe36a273000 r--p 00000000 103:04 1968587                   /usr/lib/x86_64-linux-gnu/libutil.so.1
7fe36a273000-7fe36a274000 r-xp 00001000 103:04 1968587                   /usr/lib/x86_64-linux-gnu/libutil.so.1
7fe36a274000-7fe36a275000 r--p 00002000 103:04 1968587                   /usr/lib/x86_64-linux-gnu/libutil.so.1
7fe36a275000-7fe36a276000 r--p 00002000 103:04 1968587                   /usr/lib/x86_64-linux-gnu/libutil.so.1
7fe36a276000-7fe36a277000 rw-p 00003000 103:04 1968587                   /usr/lib/x86_64-linux-gnu/libutil.so.1
7fe36a277000-7fe36a2a8000 rw-p 00000000 00:00 0 
7fe36a2a8000-7fe36a2af000 r--p 00000000 103:04 2686939                   /home/rodion/.local/share/JetBrains/Toolbox/apps/android-studio-2/jbr/lib/libnet.so
7fe36a2af000-7fe36a2bc000 r-xp 00006000 103:04 2686939                   /home/rodion/.local/share/JetBrains/Toolbox/apps/android-studio-2/jbr/lib/libnet.so
7fe36a2bc000-7fe36a2bd000 r--p 00012000 103:04 2686939                   /home/rodion/.local/share/JetBrains/Toolbox/apps/android-studio-2/jbr/lib/libnet.so
7fe36a2bd000-7fe36a2bf000 rw-p 00012000 103:04 2686939                   /home/rodion/.local/share/JetBrains/Toolbox/apps/android-studio-2/jbr/lib/libnet.so
7fe36a2bf000-7fe36a300000 rw-p 00000000 00:00 0 
7fe36a300000-7fe36a304000 ---p 00000000 00:00 0 
7fe36a304000-7fe36a400000 rw-p 00000000 00:00 0 
7fe36a400000-7fe36a422000 r--p 00000000 103:04 1968528                   /usr/lib/x86_64-linux-gnu/libc.so.6
7fe36a422000-7fe36a59a000 r-xp 00022000 103:04 1968528                   /usr/lib/x86_64-linux-gnu/libc.so.6
7fe36a59a000-7fe36a5f2000 r--p 0019a000 103:04 1968528                   /usr/lib/x86_64-linux-gnu/libc.so.6
7fe36a5f2000-7fe36a5f6000 r--p 001f1000 103:04 1968528                   /usr/lib/x86_64-linux-gnu/libc.so.6
7fe36a5f6000-7fe36a5f8000 rw-p 001f5000 103:04 1968528                   /usr/lib/x86_64-linux-gnu/libc.so.6
7fe36a5f8000-7fe36a605000 rw-p 00000000 00:00 0 
7fe36a609000-7fe36a614000 r--p 00000000 103:04 2686866                   /home/rodion/.local/share/JetBrains/Toolbox/apps/android-studio-2/jbr/lib/libnio.so
7fe36a614000-7fe36a61c000 r-xp 0000a000 103:04 2686866                   /home/rodion/.local/share/JetBrains/Toolbox/apps/android-studio-2/jbr/lib/libnio.so
7fe36a61c000-7fe36a61d000 r--p 00011000 103:04 2686866                   /home/rodion/.local/share/JetBrains/Toolbox/apps/android-studio-2/jbr/lib/libnio.so
7fe36a61d000-7fe36a61e000 rw-p 00011000 103:04 2686866                   /home/rodion/.local/share/JetBrains/Toolbox/apps/android-studio-2/jbr/lib/libnio.so
7fe36a61e000-7fe36a627000 r--p 00000000 103:04 2686922                   /home/rodion/.local/share/JetBrains/Toolbox/apps/android-studio-2/jbr/lib/libzip.so
7fe36a627000-7fe36a63c000 r-xp 00008000 103:04 2686922                   /home/rodion/.local/share/JetBrains/Toolbox/apps/android-studio-2/jbr/lib/libzip.so
7fe36a63c000-7fe36a63e000 r--p 0001c000 103:04 2686922                   /home/rodion/.local/share/JetBrains/Toolbox/apps/android-studio-2/jbr/lib/libzip.so
7fe36a63e000-7fe36a63f000 rw-p 0001d000 103:04 2686922                   /home/rodion/.local/share/JetBrains/Toolbox/apps/android-studio-2/jbr/lib/libzip.so
7fe36a63f000-7fe36a6af000 rw-p 00000000 00:00 0 
7fe36a6af000-7fe36a6c1000 r--p 00000000 103:04 2686925                   /home/rodion/.local/share/JetBrains/Toolbox/apps/android-studio-2/jbr/lib/libjava.so
7fe36a6c1000-7fe36a6d3000 r-xp 00011000 103:04 2686925                   /home/rodion/.local/share/JetBrains/Toolbox/apps/android-studio-2/jbr/lib/libjava.so
7fe36a6d3000-7fe36a6d4000 r--p 00022000 103:04 2686925                   /home/rodion/.local/share/JetBrains/Toolbox/apps/android-studio-2/jbr/lib/libjava.so
7fe36a6d4000-7fe36a6d6000 rw-p 00022000 103:04 2686925                   /home/rodion/.local/share/JetBrains/Toolbox/apps/android-studio-2/jbr/lib/libjava.so
7fe36a6d6000-7fe36a6e1000 r--p 00000000 103:04 2686914                   /home/rodion/.local/share/JetBrains/Toolbox/apps/android-studio-2/jbr/lib/libjimage.so
7fe36a6e1000-7fe36a6f6000 r-xp 0000a000 103:04 2686914                   /home/rodion/.local/share/JetBrains/Toolbox/apps/android-studio-2/jbr/lib/libjimage.so
7fe36a6f6000-7fe36a6f8000 r--p 0001e000 103:04 2686914                   /home/rodion/.local/share/JetBrains/Toolbox/apps/android-studio-2/jbr/lib/libjimage.so
7fe36a6f8000-7fe36a6f9000 rw-p 0001f000 103:04 2686914                   /home/rodion/.local/share/JetBrains/Toolbox/apps/android-studio-2/jbr/lib/libjimage.so
7fe36a6f9000-7fe36a6fa000 r--p 00000000 103:04 1968582                   /usr/lib/x86_64-linux-gnu/librt.so.1
7fe36a6fa000-7fe36a6fb000 r-xp 00001000 103:04 1968582                   /usr/lib/x86_64-linux-gnu/librt.so.1
7fe36a6fb000-7fe36a6fc000 r--p 00002000 103:04 1968582                   /usr/lib/x86_64-linux-gnu/librt.so.1
7fe36a6fc000-7fe36a6fd000 r--p 00002000 103:04 1968582                   /usr/lib/x86_64-linux-gnu/librt.so.1
7fe36a6fd000-7fe36a6fe000 rw-p 00003000 103:04 1968582                   /usr/lib/x86_64-linux-gnu/librt.so.1
7fe36a6fe000-7fe36a70c000 r--p 00000000 103:04 1968538                   /usr/lib/x86_64-linux-gnu/libm.so.6
7fe36a70c000-7fe36a78a000 r-xp 0000e000 103:04 1968538                   /usr/lib/x86_64-linux-gnu/libm.so.6
7fe36a78a000-7fe36a7e5000 r--p 0008c000 103:04 1968538                   /usr/lib/x86_64-linux-gnu/libm.so.6
7fe36a7e5000-7fe36a7e6000 r--p 000e6000 103:04 1968538                   /usr/lib/x86_64-linux-gnu/libm.so.6
7fe36a7e6000-7fe36a7e7000 rw-p 000e7000 103:04 1968538                   /usr/lib/x86_64-linux-gnu/libm.so.6
7fe36a7e7000-7fe36a7e9000 rw-p 00000000 00:00 0 
7fe36a7e9000-7fe36a7ea000 r--p 00000000 103:04 1968531                   /usr/lib/x86_64-linux-gnu/libdl.so.2
7fe36a7ea000-7fe36a7eb000 r-xp 00001000 103:04 1968531                   /usr/lib/x86_64-linux-gnu/libdl.so.2
7fe36a7eb000-7fe36a7ec000 r--p 00002000 103:04 1968531                   /usr/lib/x86_64-linux-gnu/libdl.so.2
7fe36a7ec000-7fe36a7ed000 r--p 00002000 103:04 1968531                   /usr/lib/x86_64-linux-gnu/libdl.so.2
7fe36a7ed000-7fe36a7ee000 rw-p 00003000 103:04 1968531                   /usr/lib/x86_64-linux-gnu/libdl.so.2
7fe36a7ee000-7fe36a7ef000 r--p 00000000 103:04 1968576                   /usr/lib/x86_64-linux-gnu/libpthread.so.0
7fe36a7ef000-7fe36a7f0000 r-xp 00001000 103:04 1968576                   /usr/lib/x86_64-linux-gnu/libpthread.so.0
7fe36a7f0000-7fe36a7f1000 r--p 00002000 103:04 1968576                   /usr/lib/x86_64-linux-gnu/libpthread.so.0
7fe36a7f1000-7fe36a7f2000 r--p 00002000 103:04 1968576                   /usr/lib/x86_64-linux-gnu/libpthread.so.0
7fe36a7f2000-7fe36a7f3000 rw-p 00003000 103:04 1968576                   /usr/lib/x86_64-linux-gnu/libpthread.so.0
7fe36a7f3000-7fe36a7f8000 rw-p 00000000 00:00 0 
7fe36a7f8000-7fe36a7ff000 ---p 00000000 00:00 0 
7fe36a7ff000-7fe36a807000 rw-s 00000000 103:04 1442030                   /tmp/hsperfdata_rodion/5195
7fe36a807000-7fe36a808000 ---p 00000000 00:00 0 
7fe36a808000-7fe36a809000 r--p 00000000 00:00 0 
7fe36a809000-7fe36a80a000 ---p 00000000 00:00 0 
7fe36a80a000-7fe36a813000 r--p 00000000 103:04 2686860                   /home/rodion/.local/share/JetBrains/Toolbox/apps/android-studio-2/jbr/lib/libjli.so
7fe36a813000-7fe36a822000 r-xp 00008000 103:04 2686860                   /home/rodion/.local/share/JetBrains/Toolbox/apps/android-studio-2/jbr/lib/libjli.so
7fe36a822000-7fe36a823000 r--p 00016000 103:04 2686860                   /home/rodion/.local/share/JetBrains/Toolbox/apps/android-studio-2/jbr/lib/libjli.so
7fe36a823000-7fe36a824000 rw-p 00016000 103:04 2686860                   /home/rodion/.local/share/JetBrains/Toolbox/apps/android-studio-2/jbr/lib/libjli.so
7fe36a824000-7fe36a826000 rw-p 00000000 00:00 0 
7fe36a826000-7fe36a827000 r--p 00000000 103:04 1968525                   /usr/lib/x86_64-linux-gnu/ld-linux-x86-64.so.2
7fe36a827000-7fe36a84f000 r-xp 00001000 103:04 1968525                   /usr/lib/x86_64-linux-gnu/ld-linux-x86-64.so.2
7fe36a84f000-7fe36a859000 r--p 00029000 103:04 1968525                   /usr/lib/x86_64-linux-gnu/ld-linux-x86-64.so.2
7fe36a859000-7fe36a85b000 r--p 00033000 103:04 1968525                   /usr/lib/x86_64-linux-gnu/ld-linux-x86-64.so.2
7fe36a85b000-7fe36a85d000 rw-p 00035000 103:04 1968525                   /usr/lib/x86_64-linux-gnu/ld-linux-x86-64.so.2
7fffc14e4000-7fffc1505000 rw-p 00000000 00:00 0                          [stack]
7fffc156d000-7fffc1571000 r--p 00000000 00:00 0                          [vvar]
7fffc1571000-7fffc1573000 r-xp 00000000 00:00 0                          [vdso]
ffffffffff600000-ffffffffff601000 --xp 00000000 00:00 0                  [vsyscall]


VM Arguments:
java_command: org.jetbrains.kotlin.cli.jvm.K2JVMCompiler @/var/www/html/YkisPAM/app/build/20240201_15502331638740009308.compiler.options
java_class_path (initial): /home/rodion/.gradle/caches/modules-2/files-2.1/org.jetbrains.kotlin/kotlin-compiler-embeddable/1.9.21/a8f2d2fed3fc195beef3fab4a7fd1a844e101f0e/kotlin-compiler-embeddable-1.9.21.jar:/home/rodion/.gradle/caches/modules-2/files-2.1/org.jetbrains.kotlin/kotlin-stdlib/1.9.21/17ee3e873d439566c7d8354403b5f3d9744c4c9c/kotlin-stdlib-1.9.21.jar:/home/rodion/.gradle/caches/modules-2/files-2.1/org.jetbrains.kotlin/kotlin-script-runtime/1.9.21/f5ff679bd666f7f2376209fff998b775b7b701c7/kotlin-script-runtime-1.9.21.jar:/home/rodion/.gradle/caches/modules-2/files-2.1/org.jetbrains.kotlin/kotlin-reflect/1.6.10/1cbe9c92c12a94eea200d23c2bbaedaf3daf5132/kotlin-reflect-1.6.10.jar:/home/rodion/.gradle/caches/modules-2/files-2.1/org.jetbrains.kotlin/kotlin-daemon-embeddable/1.9.21/e21e55f41ec5f254aec366097b902709b5843234/kotlin-daemon-embeddable-1.9.21.jar:/home/rodion/.gradle/caches/modules-2/files-2.1/org.jetbrains.intellij.deps/trove4j/1.0.20200330/3afb14d5f9ceb459d724e907a21145e8ff394f02/trove4j-1.0.20200330.jar:/home/rodion/.gradle/caches/modules-2/files-2.1/org.jetbrains/annotations/13.0/919f0dfe192fb4e063e7dacadee7f8bb9a2672a9/annotations-13.0.jar
Launcher Type: SUN_STANDARD

[Global flags]
     intx CICompilerCount                          = 4                                         {product} {ergonomic}
     uint ConcGCThreads                            = 3                                         {product} {ergonomic}
     uint G1ConcRefinementThreads                  = 10                                        {product} {ergonomic}
   size_t G1HeapRegionSize                         = 2097152                                   {product} {ergonomic}
    uintx GCDrainStackTargetSize                   = 64                                        {product} {ergonomic}
   size_t InitialHeapSize                          = 226492416                                 {product} {ergonomic}
   size_t MarkStackSize                            = 4194304                                   {product} {ergonomic}
   size_t MaxHeapSize                              = 3623878656                                {product} {ergonomic}
   size_t MaxNewSize                               = 2172649472                                {product} {ergonomic}
   size_t MinHeapDeltaBytes                        = 2097152                                   {product} {ergonomic}
   size_t MinHeapSize                              = 8388608                                   {product} {ergonomic}
    uintx NonNMethodCodeHeapSize                   = 5839372                                {pd product} {ergonomic}
    uintx NonProfiledCodeHeapSize                  = 122909434                              {pd product} {ergonomic}
    uintx ProfiledCodeHeapSize                     = 122909434                              {pd product} {ergonomic}
    uintx ReservedCodeCacheSize                    = 251658240                              {pd product} {ergonomic}
     bool SegmentedCodeCache                       = true                                      {product} {ergonomic}
   size_t SoftMaxHeapSize                          = 3623878656                             {manageable} {ergonomic}
     bool UseCompressedClassPointers               = true                           {product lp64_product} {ergonomic}
     bool UseCompressedOops                        = true                           {product lp64_product} {ergonomic}
     bool UseG1GC                                  = true                                      {product} {ergonomic}

Logging:
Log output configuration:
 #0: stdout all=warning uptime,level,tags
 #1: stderr all=off uptime,level,tags

Environment Variables:
JAVA_HOME=/usr/lib/jvm/java-17-openjdk-amd64/bin/java
PATH=/usr/local/sbin:/usr/local/bin:/usr/sbin:/usr/bin:/sbin:/bin:/usr/games:/usr/local/games:/snap/bin:/home/rodion/.local/share/JetBrains/Toolbox/scripts
SHELL=/bin/bash
DISPLAY=:0
LANG=ru_UA.UTF-8

Active Locale:
LC_ALL=ru_UA.UTF-8
LC_COLLATE=ru_UA.UTF-8
LC_CTYPE=ru_UA.UTF-8
LC_MESSAGES=ru_UA.UTF-8
LC_MONETARY=ru_UA.UTF-8
LC_NUMERIC=ru_UA.UTF-8
LC_TIME=ru_UA.UTF-8

Signal Handlers:
   SIGSEGV: crash_handler in libjvm.so, mask=11100100010111111101111111111110, flags=SA_RESTART|SA_SIGINFO, unblocked
    SIGBUS: crash_handler in libjvm.so, mask=11100100010111111101111111111110, flags=SA_RESTART|SA_SIGINFO, unblocked
    SIGFPE: crash_handler in libjvm.so, mask=11100100010111111101111111111110, flags=SA_RESTART|SA_SIGINFO, unblocked
   SIGPIPE: javaSignalHandler in libjvm.so, mask=11100100010111111101111111111110, flags=SA_RESTART|SA_SIGINFO, blocked
   SIGXFSZ: javaSignalHandler in libjvm.so, mask=11100100010111111101111111111110, flags=SA_RESTART|SA_SIGINFO, blocked
    SIGILL: crash_handler in libjvm.so, mask=11100100010111111101111111111110, flags=SA_RESTART|SA_SIGINFO, unblocked
   SIGUSR2: SR_handler in libjvm.so, mask=00100000000000000000000000000000, flags=SA_RESTART|SA_SIGINFO, blocked
    SIGHUP: UserHandler in libjvm.so, mask=11100100010111111101111111111110, flags=SA_RESTART|SA_SIGINFO, blocked
    SIGINT: UserHandler in libjvm.so, mask=11100100010111111101111111111110, flags=SA_RESTART|SA_SIGINFO, blocked
   SIGTERM: UserHandler in libjvm.so, mask=11100100010111111101111111111110, flags=SA_RESTART|SA_SIGINFO, blocked
   SIGQUIT: UserHandler in libjvm.so, mask=11100100010111111101111111111110, flags=SA_RESTART|SA_SIGINFO, blocked
   SIGTRAP: crash_handler in libjvm.so, mask=11100100010111111101111111111110, flags=SA_RESTART|SA_SIGINFO, unblocked


Periodic native trim disabled

JNI global refs:
JNI global refs: 9, weak refs: 0

JNI global refs memory usage: 867, weak refs: 865

OOME stack traces (most recent first):
Classloader memory used:
Loader bootstrap                                                                       : 1146K
Loader jdk.internal.loader.ClassLoaders$AppClassLoader                                 : 493K
Loader jdk.internal.reflect.DelegatingClassLoader                                      : 434B


---------------  S Y S T E M  ---------------

OS:
DISTRIB_ID=Ubuntu
DISTRIB_RELEASE=23.04
DISTRIB_CODENAME=lunar
DISTRIB_DESCRIPTION="Ubuntu 23.04"
uname: Linux 6.2.0-39-generic #40-Ubuntu SMP PREEMPT_DYNAMIC Tue Nov 14 14:18:00 UTC 2023 x86_64
OS uptime: 0 days 0:06 hours
libc: glibc 2.37 NPTL 2.37 
rlimit (soft/hard): STACK 8192k/infinity , CORE 0k/infinity , NPROC 54776/54776 , NOFILE 1048576/1048576 , AS infinity/infinity , CPU infinity/infinity , DATA infinity/infinity , FSIZE infinity/infinity , MEMLOCK 1768584k/1768584k
load average: 3,99 3,23 1,54

/proc/meminfo:
MemTotal:       14148696 kB
MemFree:          682328 kB
MemAvailable:    7513784 kB
Buffers:          257092 kB
Cached:          6603924 kB
SwapCached:           28 kB
Active:          4497280 kB
Inactive:        7928012 kB
Active(anon):       2516 kB
Inactive(anon):  5584704 kB
Active(file):    4494764 kB
Inactive(file):  2343308 kB
Unevictable:         304 kB
Mlocked:             304 kB
SwapTotal:       5858300 kB
SwapFree:        5855996 kB
Zswap:                 0 kB
Zswapped:              0 kB
Dirty:            104000 kB
Writeback:             0 kB
AnonPages:       5564856 kB
Mapped:          4256004 kB
Shmem:             22944 kB
KReclaimable:     321584 kB
Slab:             484948 kB
SReclaimable:     321584 kB
SUnreclaim:       163364 kB
KernelStack:       19696 kB
PageTables:        39152 kB
SecPageTables:      5860 kB
NFS_Unstable:          0 kB
Bounce:                0 kB
WritebackTmp:          0 kB
CommitLimit:    12932648 kB
Committed_AS:   11791020 kB
VmallocTotal:   34359738367 kB
VmallocUsed:      139812 kB
VmallocChunk:          0 kB
Percpu:            12480 kB
HardwareCorrupted:     0 kB
AnonHugePages:      2048 kB
ShmemHugePages:        0 kB
ShmemPmdMapped:        0 kB
FileHugePages:         0 kB
FilePmdMapped:         0 kB
HugePages_Total:       0
HugePages_Free:        0
HugePages_Rsvd:        0
HugePages_Surp:        0
Hugepagesize:       2048 kB
Hugetlb:               0 kB
DirectMap4k:      729540 kB
DirectMap2M:    11702272 kB
DirectMap1G:     2097152 kB

/sys/kernel/mm/transparent_hugepage/enabled: always [madvise] never
/sys/kernel/mm/transparent_hugepage/defrag (defrag/compaction efforts parameter): always defer defer+madvise [madvise] never

Process Memory:
Virtual Size: 6774028K (peak: 6836616K)
Resident Set Size: 94356K (peak: 94356K) (anon: 68756K, file: 25600K, shmem: 0K)
Swapped out: 0K
C-Heap outstanding allocations: 40930K, retained: 5937K
glibc malloc tunables: (default)

/proc/sys/kernel/threads-max (system-wide limit on the number of threads): 109553
/proc/sys/vm/max_map_count (maximum number of memory map areas a process may have): 65530
/proc/sys/kernel/pid_max (system-wide limit on number of process identifiers): 4194304

container (cgroup) information:
container_type: cgroupv2
cpu_cpuset_cpus: not supported
cpu_memory_nodes: not supported
active_processor_count: 12
cpu_quota: not supported
cpu_period: not supported
cpu_shares: not supported
memory_limit_in_bytes: unlimited
memory_and_swap_limit_in_bytes: unlimited
memory_soft_limit_in_bytes: unlimited
memory_usage_in_bytes: 4524888 k
memory_max_usage_in_bytes: not supported
memory_swap_current_in_bytes: unlimited
memory_swap_max_limit_in_bytes: unlimited
maximum number of tasks: 16432
current number of tasks: 440

Steal ticks since vm start: 0
Steal ticks percentage since vm start:  0,000

CPU: total 16 (initial active 12) (12 cores per cpu, 2 threads per core) family 25 model 80 stepping 0 microcode 0xa50000c, cx8, cmov, fxsr, ht, mmx, 3dnowpref, sse, sse2, sse3, ssse3, sse4a, sse4.1, sse4.2, popcnt, lzcnt, tsc, tscinvbit, avx, avx2, aes, erms, clmul, bmi1, bmi2, adx, sha, fma, vzeroupper, clflush, clflushopt
CPU Model and flags from /proc/cpuinfo:
model name	: AMD Ryzen 5 5600H with Radeon Graphics
flags		: fpu vme de pse tsc msr pae mce cx8 apic sep mtrr pge mca cmov pat pse36 clflush mmx fxsr sse sse2 ht syscall nx mmxext fxsr_opt pdpe1gb rdtscp lm constant_tsc rep_good nopl nonstop_tsc cpuid extd_apicid aperfmperf rapl pni pclmulqdq monitor ssse3 fma cx16 sse4_1 sse4_2 movbe popcnt aes xsave avx f16c rdrand lahf_lm cmp_legacy svm extapic cr8_legacy abm sse4a misalignsse 3dnowprefetch osvw ibs skinit wdt tce topoext perfctr_core perfctr_nb bpext perfctr_llc mwaitx cpb cat_l3 cdp_l3 hw_pstate ssbd mba ibrs ibpb stibp vmmcall fsgsbase bmi1 avx2 smep bmi2 erms invpcid cqm rdt_a rdseed adx smap clflushopt clwb sha_ni xsaveopt xsavec xgetbv1 xsaves cqm_llc cqm_occup_llc cqm_mbm_total cqm_mbm_local clzero irperf xsaveerptr rdpru wbnoinvd cppc arat npt lbrv svm_lock nrip_save tsc_scale vmcb_clean flushbyasid decodeassists pausefilter pfthreshold avic v_vmsave_vmload vgif v_spec_ctrl umip pku ospke vaes vpclmulqdq rdpid overflow_recov succor smca fsrm

Online cpus: 0-11
Offline cpus: 12-15
BIOS frequency limitation: 3300000
Frequency switch latency (ns): 0
Available cpu frequencies: 3300000 1300000 1200000 
Current governor: schedutil
Core performance/turbo boost: 1

Memory: 4k page, physical 14148696k(682328k free), swap 5858300k(5855996k free)
Page Sizes: 4k

vm_info: OpenJDK 64-Bit Server VM (17.0.9+0-17.0.9b1087.7-11185874) for linux-amd64 JRE (17.0.9+0-17.0.9b1087.7-11185874), built on Dec  6 2023 18:35:35 by "androidbuild" with clang Android (8508608, based on r450784e) Clang 14.0.7 (https://android.googlesource.com/toolchain/llvm-project 4c603efb0cca074e9238af8b4106c30add4418f6)

END.
