#
# A fatal error has been detected by the Java Runtime Environment:
#
#  SIGSEGV (0xb) at pc=0x00007f0a51a17b0e, pid=16675, tid=16718
#
# JRE version: OpenJDK Runtime Environment (17.0.9) (build 17.0.9+0-17.0.9b1087.7-11185874)
# Java VM: OpenJDK 64-Bit Server VM (17.0.9+0-17.0.9b1087.7-11185874, mixed mode, tiered, compressed oops, compressed class ptrs, parallel gc, linux-amd64)
# Problematic frame:
# V  [libjvm.so+0xa17b0e]  PhaseIFG::SquareUp()+0x14e
#
# Core dump will be written. Default location: Core dumps may be processed with "/usr/share/apport/apport -p%p -s%s -c%c -d%d -P%P -u%u -g%g -- %E" (or dumping to /var/www/html/YkisPAM/core.16675)
#
# If you would like to submit a bug report, please visit:
#   https://bugreport.java.com/bugreport/crash.jsp
#

---------------  S U M M A R Y ------------

Command Line: -XX:+HeapDumpOnOutOfMemoryError -XX:+UseParallelGC -XX:MaxMetaspaceSize=1g --add-opens=java.base/java.util=ALL-UNNAMED --add-opens=java.base/java.lang=ALL-UNNAMED --add-opens=java.base/java.lang.invoke=ALL-UNNAMED --add-opens=java.prefs/java.util.prefs=ALL-UNNAMED --add-opens=java.base/java.nio.charset=ALL-UNNAMED --add-opens=java.base/java.net=ALL-UNNAMED --add-opens=java.base/java.util.concurrent.atomic=ALL-UNNAMED -Xmx4608m -Dfile.encoding=UTF-8 -Duser.country=UA -Duser.language=ru -Duser.variant -javaagent:/home/rodion/.gradle/wrapper/dists/gradle-8.4-bin/1w5dpkrfk8irigvoxmyhowfim/gradle-8.4/lib/agents/gradle-instrumentation-agent-8.4.jar org.gradle.launcher.daemon.bootstrap.GradleDaemon 8.4

Host: AMD Ryzen 5 5600H with Radeon Graphics, 16 cores, 13G, Ubuntu 23.04
Time: Sat Jan 20 23:56:42 2024 EET elapsed time: 1.277123 seconds (0d 0h 0m 1s)

---------------  T H R E A D  ---------------

Current thread (0x00007f0a0052f520):  JavaThread "C2 CompilerThread2" daemon [_thread_in_native, id=16718, stack(0x00007f09ee41f000,0x00007f09ee51f000)]


Current CompileTask:
C2:   1277 2070       4       java.net.URLClassLoader$1::run (5 bytes)

Stack: [0x00007f09ee41f000,0x00007f09ee51f000],  sp=0x00007f09ee51a7c0,  free space=1005k
Native frames: (J=compiled Java code, j=interpreted, Vv=VM code, C=native code)
V  [libjvm.so+0xa17b0e]  PhaseIFG::SquareUp()+0x14e
V  [libjvm.so+0x7bf6ae]  PhaseChaitin::Register_Allocate()+0x8ae
V  [libjvm.so+0x83dfe9]  Compile::Code_Gen()+0x519
V  [libjvm.so+0x83ae5c]  Compile::Compile(ciEnv*, ciMethod*, int, bool, bool, bool, bool, bool, DirectiveSet*)+0x10bc
V  [libjvm.so+0x79d1ee]  C2Compiler::compile_method(ciEnv*, ciMethod*, int, bool, DirectiveSet*)+0xde
V  [libjvm.so+0x84d4d8]  CompileBroker::invoke_compiler_on_method(CompileTask*)+0x8f8
V  [libjvm.so+0x84c9f0]  CompileBroker::compiler_thread_loop()+0x430
V  [libjvm.so+0x100f619]  JavaThread::thread_main_inner()+0x159
V  [libjvm.so+0x100dbff]  Thread::call_run()+0xbf
V  [libjvm.so+0xe12ce9]  thread_native_entry(Thread*)+0x119


siginfo: si_signo: 11 (SIGSEGV), si_code: 128 (SI_KERNEL), si_addr: 0x0000000000000000

Registers:
RAX=0x0040000100000000, RBX=0x00007f098c796560, RCX=0x00007f098c5d2ee0, RDX=0x0000000000000000
RSP=0x00007f09ee51a7c0, RBP=0x00007f09ee51a820, RSI=0x0000000000002d00, RDI=0x00007f09ee51a7c0
R8 =0x00007f09ee51a9e0, R9 =0x0000000000000000, R10=0x00007f098c749500, R11=0x0000000000065a30
R12=0x0000000000000023, R13=0x0000000000000002, R14=0x0000000000002393, R15=0x0000000000080000
RIP=0x00007f0a51a17b0e, EFLAGS=0x0000000000010212, CSGSFS=0x002b000000000033, ERR=0x0000000000000000
  TRAPNO=0x000000000000000d


Register to memory mapping:

RAX=0x0040000100000000 is an unknown value
RBX=0x00007f098c796560 points into unknown readable memory: 0x0000000200000002 | 02 00 00 00 02 00 00 00
RCX=0x00007f098c5d2ee0 points into unknown readable memory: 0x0000000000000000 | 00 00 00 00 00 00 00 00
RDX=0x0 is NULL
RSP=0x00007f09ee51a7c0 is pointing into the stack for thread: 0x00007f0a0052f520
RBP=0x00007f09ee51a820 is pointing into the stack for thread: 0x00007f0a0052f520
RSI=0x0000000000002d00 is an unknown value
RDI=0x00007f09ee51a7c0 is pointing into the stack for thread: 0x00007f0a0052f520
R8 =0x00007f09ee51a9e0 is pointing into the stack for thread: 0x00007f0a0052f520
R9 =0x0 is NULL
R10=0x00007f098c749500 points into unknown readable memory: 0x0000000000000000 | 00 00 00 00 00 00 00 00
R11=0x0000000000065a30 is an unknown value
R12=0x0000000000000023 is an unknown value
R13=0x0000000000000002 is an unknown value
R14=0x0000000000002393 is an unknown value
R15=524288 is a compressed pointer to class: 0x0000000800080000
jdk.internal.util.jar.JarIndex {0x0000000800080000}
 - instance size:     3
 - klass size:        77
 - access:            public synchronized 
 - state:             fully_initialized
 - name:              'jdk/internal/util/jar/JarIndex'
 - super:             'java/lang/Object'
 - sub:               
 - arrays:            NULL
 - methods:           Array<T>(0x00007f0a275d6008)
 - method ordering:   Array<T>(0x00007f0a27000018)
 - default_methods:   Array<T>(0x0000000000000000)
 - local interfaces:  Array<T>(0x00007f0a27000058)
 - trans. interfaces: Array<T>(0x00007f0a27000058)
 - constants:         constant pool [339] {0x00007f0a275d5408} for 'jdk/internal/util/jar/JarIndex' cache=0x00007f0a275d6ff8
 - class loader data:  loader data: 0x00007f0a4c02a4e0 of 'bootstrap'
 - source file:       'JarIndex.java'
 - class annotations:       Array<T>(0x0000000000000000)
 - class type annotations:  Array<T>(0x0000000000000000)
 - field annotations:       Array<T>(0x0000000000000000)
 - field type annotations:  Array<T>(0x0000000000000000)
 - inner classes:     Array<T>(0x00007f0a275d6fe0)
 - nest members:     Array<T>(0x00007f0a27000028)
 - permitted subclasses:     Array<T>(0x00007f0a27000028)
 - java mirror:       a 'java/lang/Class'{0x00000006e059b4a0} = 'jdk/internal/util/jar/JarIndex'
 - vtable length      11  (start addr: 0x00000008000801f8)
 - itable length      2 (start addr: 0x0000000800080250)
 - ---- static fields (1 words):
 - public static final 'INDEX_NAME' 'Ljava/lang/String;' @112 
 - private static final 'metaInfFilenames' 'Z' @116 
 - ---- non-static fields (3 words):
 - private 'indexMap' 'Ljava/util/HashMap;' @12 
 - private 'jarMap' 'Ljava/util/HashMap;' @16 
 - private 'jarFiles' '[Ljava/lang/String;' @20 
 - non-static oop maps: 12-20 


Top of Stack: (sp=0x00007f09ee51a7c0)
0x00007f09ee51a7c0:   0000000000000000 0000000100002d24
0x00007f09ee51a7d0:   800000000000002e 00007f09e802b040
0x00007f09ee51a7e0:   00007f0a0cc208a0 00007f098c736ac0
0x00007f09ee51a7f0:   00007f09ee51a9e0 00007f09ee51a830
0x00007f09ee51a800:   00007f0a003fc180 00007f09ee51c240
0x00007f09ee51a810:   00007f09ee51aa48 00007f09ee51a8f0
0x00007f09ee51a820:   00007f09ee51aab0 00007f0a517bf6ae
0x00007f09ee51a830:   00007f0a0000000a 00007f09ee51d038
0x00007f09ee51a840:   00007f098c1aa120 0000000000000000
0x00007f09ee51a850:   00007f098c8d26a0 00007f0a001bb1d0
0x00007f09ee51a860:   00007f0a001bdd00 00007f098c25e9a0
0x00007f09ee51a870:   00007f09ee51c1a0 00007f09ee51c340
0x00007f09ee51a880:   00007f0a00002570 00007f09ee51aa48
0x00007f09ee51a890:   00007f098c193900 00007f0a521a0000
0x00007f09ee51a8a0:   0000000000000000 00007f09ee51d038
0x00007f09ee51a8b0:   00007f09ee51c200 00007f0a00002500
0x00007f09ee51a8c0:   00007f0a5126bbc0 0000000000000000
0x00007f09ee51a8d0:   00007f09ee51d038 0000000000000000
0x00007f09ee51a8e0:   00007f0a5126bbc0 0000000000009400
0x00007f09ee51a8f0:   00007f0a521a0000 0000000000000000
0x00007f09ee51a900:   00007f09ee51d038 00007f09ee51c200
0x00007f09ee51a910:   0000002500000005 00007f0a512a9e9b
0x00007f09ee51a920:   0000000000000000 00007f09ee51d038
0x00007f09ee51a930:   0000000000000000 00007f0a512a9e9b
0x00007f09ee51a940:   0000000000000000 00007f0a51e0e872
0x00007f09ee51a950:   00007f09ee51e6c0 00007f0a52016753
0x00007f09ee51a960:   00007f09f4ba8a00 00007f0a520167c6
0x00007f09ee51a970:   00007f09ee51a9c0 00007f0a51678763
0x00007f09ee51a980:   0000000000000000 0000000000000000
0x00007f09ee51a990:   0000000000000000 0000000000000000
0x00007f09ee51a9a0:   00007f0a00000025 00007f09f4ba0e00
0x00007f09ee51a9b0:   0000000000000006 00007f098c001400 

Instructions: (pc=0x00007f0a51a17b0e)
0x00007f0a51a17a0e:   4b 8d 14 b6 48 c1 e2 05 83 3c 11 00 74 db 48 8d
0x00007f0a51a17a1e:   04 11 48 c7 45 a0 00 00 00 00 48 be 00 00 00 00
0x00007f0a51a17a2e:   04 00 00 00 48 89 75 a8 c7 45 b0 00 00 00 00 83
0x00007f0a51a17a3e:   38 00 74 0e 8b 74 11 04 eb 0a 0f 1f 84 00 00 00
0x00007f0a51a17a4e:   00 00 31 f6 89 75 b4 48 c7 45 b8 00 00 00 00 48
0x00007f0a51a17a5e:   8b 4c 11 08 48 89 4d c0 48 89 45 c8 41 bf 01 00
0x00007f0a51a17a6e:   00 00 44 89 f1 49 d3 e7 4d 85 f6 0f 84 d1 00 00
0x00007f0a51a17a7e:   00 45 89 f4 41 c1 ec 08 45 89 f5 41 c1 ed 06 41
0x00007f0a51a17a8e:   83 e5 03 31 c0 eb 0f 66 2e 0f 1f 84 00 00 00 00
0x00007f0a51a17a9e:   00 90 48 8b 45 a0 48 85 c0 74 27 48 0f bc c8 48
0x00007f0a51a17aae:   d3 e8 48 83 c0 ff 48 89 45 a0 8b 45 a8 01 c8 89
0x00007f0a51a17abe:   45 a8 85 c0 75 2f e9 27 ff ff ff 0f 1f 80 00 00
0x00007f0a51a17ace:   00 00 83 7d ac 04 72 0c 8b 45 b0 3b 45 b4 0f 83
0x00007f0a51a17ade:   0e ff ff ff 48 8d 7d a0 e8 f5 9f 00 00 85 c0 0f
0x00007f0a51a17aee:   84 fd fe ff ff 48 8b 4d d0 48 8b 49 10 89 c0 48
0x00007f0a51a17afe:   8d 04 80 48 c1 e0 05 48 8d 1c 01 48 8b 44 01 08
0x00007f0a51a17b0e:   4a 8b 04 e0 48 3b 05 b7 8a 7b 00 75 0b 48 89 df
0x00007f0a51a17b1e:   44 89 f6 e8 fa 94 00 00 4a 8b 0c e8 48 89 ca 4c
0x00007f0a51a17b2e:   09 fa 4a 89 14 e8 4c 85 f9 0f 85 63 ff ff ff 83
0x00007f0a51a17b3e:   03 01 e9 5b ff ff ff 66 2e 0f 1f 84 00 00 00 00
0x00007f0a51a17b4e:   00 90 31 c0 48 85 c0 74 29 66 0f 1f 84 00 00 00
0x00007f0a51a17b5e:   00 00 48 0f bc c8 48 d3 e8 48 83 c0 ff 48 89 45
0x00007f0a51a17b6e:   a0 8b 45 a8 01 c8 89 45 a8 85 c0 75 28 e9 70 fe
0x00007f0a51a17b7e:   ff ff 83 7d ac 04 72 0c 8b 45 b0 3b 45 b4 0f 83
0x00007f0a51a17b8e:   5e fe ff ff 48 8d 7d a0 e8 45 9f 00 00 85 c0 0f
0x00007f0a51a17b9e:   84 4d fe ff ff 48 8b 45 a0 48 85 c0 75 b4 eb d2
0x00007f0a51a17bae:   48 8b 45 d0 c6 40 18 01 48 83 c4 38 5b 41 5c 41
0x00007f0a51a17bbe:   5d 41 5e 41 5f 5d c3 66 2e 0f 1f 84 00 00 00 00
0x00007f0a51a17bce:   00 90 55 48 89 e5 41 57 41 56 41 54 53 83 7f 28
0x00007f0a51a17bde:   00 74 35 49 89 fe 41 bf 34 00 00 00 31 db 0f 1f
0x00007f0a51a17bee:   40 00 4d 8b 66 20 4c 89 f7 89 de e8 22 00 00 00
0x00007f0a51a17bfe:   43 89 04 3c 48 83 c3 01 41 8b 46 28 49 81 c7 a8 


Stack slot to memory mapping:
stack at sp + 0 slots: 0x0 is NULL
stack at sp + 1 slots: 0x0000000100002d24 is an unknown value
stack at sp + 2 slots: 0x800000000000002e is an unknown value
stack at sp + 3 slots: 0x00007f09e802b040 points into unknown readable memory: 0x0000001000000000 | 00 00 00 00 10 00 00 00
stack at sp + 4 slots: 0x00007f0a0cc208a0 points into unknown readable memory: 0x00007f0a52211b00 | 00 1b 21 52 0a 7f 00 00
stack at sp + 5 slots: 0x00007f098c736ac0 points into unknown readable memory: 0x8000000000000004 | 04 00 00 00 00 00 00 80
stack at sp + 6 slots: 0x00007f09ee51a9e0 is pointing into the stack for thread: 0x00007f0a0052f520
stack at sp + 7 slots: 0x00007f09ee51a830 is pointing into the stack for thread: 0x00007f0a0052f520


---------------  P R O C E S S  ---------------

Threads class SMR info:
_java_thread_list=0x00007f09bcaf3da0, length=28, elements={
0x00007f0a4c028170, 0x00007f0a4c237210, 0x00007f0a4c238840, 0x00007f0a4c268600,
0x00007f0a4c269990, 0x00007f0a4c26ad80, 0x00007f0a4c25d880, 0x00007f0a4c25ed40,
0x00007f0a4c260140, 0x00007f0a4c2fda30, 0x00007f0a4c3e6d70, 0x00007f0a000ef050,
0x00007f0a4d45fa50, 0x00007f0a4d596170, 0x00007f0a4d5db9d0, 0x00007f09d8016c10,
0x00007f09d00015d0, 0x00007f09d0005fc0, 0x00007f09d0007bd0, 0x00007f09bc003ee0,
0x00007f09bc00b710, 0x00007f09bc00e700, 0x00007f09bc18f6c0, 0x00007f09bc1984c0,
0x00007f09bc393d80, 0x00007f0a0052f520, 0x00007f09bcae9ec0, 0x00007f09bcaf2f50
}

Java Threads: ( => current thread )
  0x00007f0a4c028170 JavaThread "main" [_thread_blocked, id=16678, stack(0x00007f0a50f00000,0x00007f0a51000000)]
  0x00007f0a4c237210 JavaThread "Reference Handler" daemon [_thread_blocked, id=16681, stack(0x00007f0a257e9000,0x00007f0a258e9000)]
  0x00007f0a4c238840 JavaThread "Finalizer" daemon [_thread_blocked, id=16682, stack(0x00007f0a256e9000,0x00007f0a257e9000)]
  0x00007f0a4c268600 JavaThread "Signal Dispatcher" daemon [_thread_blocked, id=16683, stack(0x00007f0a255e9000,0x00007f0a256e9000)]
  0x00007f0a4c269990 JavaThread "Service Thread" daemon [_thread_blocked, id=16684, stack(0x00007f0a24f00000,0x00007f0a25000000)]
  0x00007f0a4c26ad80 JavaThread "Monitor Deflation Thread" daemon [_thread_blocked, id=16685, stack(0x00007f0a24e00000,0x00007f0a24f00000)]
  0x00007f0a4c25d880 JavaThread "C2 CompilerThread0" daemon [_thread_in_native, id=16686, stack(0x00007f0a24d00000,0x00007f0a24e00000)]
  0x00007f0a4c25ed40 JavaThread "C1 CompilerThread0" daemon [_thread_blocked, id=16687, stack(0x00007f0a24c00000,0x00007f0a24d00000)]
  0x00007f0a4c260140 JavaThread "Sweeper thread" daemon [_thread_blocked, id=16688, stack(0x00007f0a24b00000,0x00007f0a24c00000)]
  0x00007f0a4c2fda30 JavaThread "Common-Cleaner" daemon [_thread_blocked, id=16689, stack(0x00007f0a24a00000,0x00007f0a24b00000)]
  0x00007f0a4c3e6d70 JavaThread "Notification Thread" daemon [_thread_blocked, id=16690, stack(0x00007f0a24900000,0x00007f0a24a00000)]
  0x00007f0a000ef050 JavaThread "C2 CompilerThread1" daemon [_thread_in_native, id=16692, stack(0x00007f0a246ff000,0x00007f0a247ff000)]
  0x00007f0a4d45fa50 JavaThread "Daemon health stats" [_thread_blocked, id=16697, stack(0x00007f09efb00000,0x00007f09efc00000)]
  0x00007f0a4d596170 JavaThread "Incoming local TCP Connector on port 33843" [_thread_in_native, id=16698, stack(0x00007f09ef700000,0x00007f09ef800000)]
  0x00007f0a4d5db9d0 JavaThread "Daemon periodic checks" [_thread_blocked, id=16699, stack(0x00007f09ef600000,0x00007f09ef700000)]
  0x00007f09d8016c10 JavaThread "Daemon" [_thread_blocked, id=16700, stack(0x00007f09ef500000,0x00007f09ef600000)]
  0x00007f09d00015d0 JavaThread "Handler for socket connection from /127.0.0.1:33843 to /127.0.0.1:53356" [_thread_in_native, id=16701, stack(0x00007f09ef400000,0x00007f09ef500000)]
  0x00007f09d0005fc0 JavaThread "Cancel handler" [_thread_blocked, id=16702, stack(0x00007f09ef300000,0x00007f09ef400000)]
  0x00007f09d0007bd0 JavaThread "Daemon worker" [_thread_in_vm, id=16703, stack(0x00007f09ef200000,0x00007f09ef300000)]
  0x00007f09bc003ee0 JavaThread "Asynchronous log dispatcher for DefaultDaemonConnection: socket connection from /127.0.0.1:33843 to /127.0.0.1:53356" [_thread_blocked, id=16706, stack(0x00007f09ef100000,0x00007f09ef200000)]
  0x00007f09bc00b710 JavaThread "Stdin handler" [_thread_blocked, id=16707, stack(0x00007f09ef000000,0x00007f09ef100000)]
  0x00007f09bc00e700 JavaThread "Daemon client event forwarder" [_thread_blocked, id=16708, stack(0x00007f09eef00000,0x00007f09ef000000)]
  0x00007f09bc18f6c0 JavaThread "Cache worker for journal cache (/home/rodion/.gradle/caches/journal-1)" [_thread_blocked, id=16715, stack(0x00007f0a245ff000,0x00007f0a246ff000)]
  0x00007f09bc1984c0 JavaThread "File lock request listener" [_thread_in_native, id=16716, stack(0x00007f09ee7fa000,0x00007f09ee8fa000)]
  0x00007f09bc393d80 JavaThread "Cache worker for file hash cache (/home/rodion/.gradle/caches/8.4/fileHashes)" [_thread_blocked, id=16717, stack(0x00007f09ee6fa000,0x00007f09ee7fa000)]
=>0x00007f0a0052f520 JavaThread "C2 CompilerThread2" daemon [_thread_in_native, id=16718, stack(0x00007f09ee41f000,0x00007f09ee51f000)]
  0x00007f09bcae9ec0 JavaThread "File watcher server" daemon [_thread_in_native, id=16719, stack(0x00007f09ee5fa000,0x00007f09ee6fa000)]
  0x00007f09bcaf2f50 JavaThread "File watcher consumer" daemon [_thread_blocked, id=16720, stack(0x00007f09ee31f000,0x00007f09ee41f000)]

Other Threads:
  0x00007f0a4c2275c0 VMThread "VM Thread" [stack: 0x00007f0a258ea000,0x00007f0a259ea000] [id=16680]
  0x00007f0a4c07b140 WatcherThread [stack: 0x00007f0a24800000,0x00007f0a24900000] [id=16691]
  0x00007f0a4c03fb10 GCTaskThread "GC Thread#0" [stack: 0x00007f0a50329000,0x00007f0a50429000] [id=16679]
  0x00007f0a20001250 GCTaskThread "GC Thread#1" [stack: 0x00007f0a244ff000,0x00007f0a245ff000] [id=16694]
  0x00007f0a20001c70 GCTaskThread "GC Thread#2" [stack: 0x00007f0a24100000,0x00007f0a24200000] [id=16695]
  0x00007f0a20002a80 GCTaskThread "GC Thread#3" [stack: 0x00007f09eff00000,0x00007f09f0000000] [id=16696]
  0x00007f0a20004920 GCTaskThread "GC Thread#4" [stack: 0x00007f09eee00000,0x00007f09eef00000] [id=16709]
  0x00007f0a20005340 GCTaskThread "GC Thread#5" [stack: 0x00007f09eecff000,0x00007f09eedff000] [id=16710]
  0x00007f0a20005d60 GCTaskThread "GC Thread#6" [stack: 0x00007f09eebfe000,0x00007f09eecfe000] [id=16711]
  0x00007f0a20006780 GCTaskThread "GC Thread#7" [stack: 0x00007f09eeafd000,0x00007f09eebfd000] [id=16712]
  0x00007f0a200071a0 GCTaskThread "GC Thread#8" [stack: 0x00007f09ee9fc000,0x00007f09eeafc000] [id=16713]
  0x00007f0a20007bc0 GCTaskThread "GC Thread#9" [stack: 0x00007f09ee8fb000,0x00007f09ee9fb000] [id=16714]

Threads with active compile tasks:
C2 CompilerThread0     1288 2069   !   4       java.net.URLClassLoader::findClass (47 bytes)
C2 CompilerThread1     1288 2071   !   4       java.net.URLClassLoader$1::run (81 bytes)
C2 CompilerThread2     1288 2070       4       java.net.URLClassLoader$1::run (5 bytes)

VM state: not at safepoint (normal execution)

VM Mutex/Monitor currently owned by a thread: None

Heap address: 0x00000006e0000000, size: 4608 MB, Compressed Oops mode: Zero based, Oop shift amount: 3

CDS archive(s) not mapped
Compressed class space mapped at: 0x0000000800000000-0x0000000834000000, reserved size: 872415232
Narrow klass base: 0x0000000800000000, Narrow klass shift: 0, Narrow klass range: 0x34000000

GC Precious Log:
 CPUs: 16 total, 12 available
 Memory: 13817M
 Large Page Support: Disabled
 NUMA Support: Disabled
 Compressed Oops: Enabled (Zero based)
 Alignments: Space 512K, Generation 512K, Heap 2M
 Heap Min Capacity: 8M
 Heap Initial Capacity: 216M
 Heap Max Capacity: 4608M
 Pre-touch: Disabled
 Parallel Workers: 10

Heap:
 PSYoungGen      total 119808K, used 68951K [0x00000007a0000000, 0x00000007a7e00000, 0x0000000800000000)
  eden space 110592K, 62% used [0x00000007a0000000,0x00000007a4355fe0,0x00000007a6c00000)
  from space 9216K, 0% used [0x00000007a7500000,0x00000007a7500000,0x00000007a7e00000)
  to   space 9216K, 0% used [0x00000007a6c00000,0x00000007a6c00000,0x00000007a7500000)
 ParOldGen       total 147456K, used 16893K [0x00000006e0000000, 0x00000006e9000000, 0x00000007a0000000)
  object space 147456K, 11% used [0x00000006e0000000,0x00000006e107f770,0x00000006e9000000)
 Metaspace       used 30728K, committed 30976K, reserved 917504K
  class space    used 4149K, committed 4288K, reserved 851968K

Card table byte_map: [0x00007f0a50429000,0x00007f0a50d2a000] _byte_map_base: 0x00007f0a4cd29000

Marking Bits: (ParMarkBitMap*) 0x00007f0a5222b6f0
 Begin Bits: [0x00007f0a2b000000, 0x00007f0a2f800000)
 End Bits:   [0x00007f0a2f800000, 0x00007f0a34000000)

Polling page: 0x00007f0a52624000

Metaspace:

Usage:
  Non-class:     25,96 MB used.
      Class:      4,05 MB used.
       Both:     30,01 MB used.

Virtual space:
  Non-class space:       64,00 MB reserved,      26,06 MB ( 41%) committed,  1 nodes.
      Class space:      832,00 MB reserved,       4,19 MB ( <1%) committed,  1 nodes.
             Both:      896,00 MB reserved,      30,25 MB (  3%) committed. 

Chunk freelists:
   Non-Class:  5,88 MB
       Class:  11,84 MB
        Both:  17,72 MB

MaxMetaspaceSize: 1,00 GB
CompressedClassSpaceSize: 832,00 MB
Initial GC threshold: 21,00 MB
Current GC threshold: 35,00 MB
CDS: off
MetaspaceReclaimPolicy: balanced
 - commit_granule_bytes: 65536.
 - commit_granule_words: 8192.
 - virtual_space_node_default_size: 8388608.
 - enlarge_chunks_in_place: 1.
 - new_chunks_are_fully_committed: 0.
 - uncommit_free_chunks: 1.
 - use_allocation_guard: 0.
 - handle_deallocations: 1.


Internal statistics:

num_allocs_failed_limit: 3.
num_arena_births: 220.
num_arena_deaths: 0.
num_vsnodes_births: 2.
num_vsnodes_deaths: 0.
num_space_committed: 484.
num_space_uncommitted: 0.
num_chunks_returned_to_freelist: 3.
num_chunks_taken_from_freelist: 983.
num_chunk_merges: 3.
num_chunk_splits: 671.
num_chunks_enlarged: 497.
num_inconsistent_stats: 0.

CodeHeap 'non-profiled nmethods': size=120028Kb used=1119Kb max_used=1119Kb free=118908Kb
 bounds [0x00007f0a414c9000, 0x00007f0a41739000, 0x00007f0a48a00000]
CodeHeap 'profiled nmethods': size=120028Kb used=4660Kb max_used=4660Kb free=115367Kb
 bounds [0x00007f0a39a00000, 0x00007f0a39e90000, 0x00007f0a40f37000]
CodeHeap 'non-nmethods': size=5704Kb used=1228Kb max_used=1267Kb free=4475Kb
 bounds [0x00007f0a40f37000, 0x00007f0a411a7000, 0x00007f0a414c9000]
 total_blobs=2891 nmethods=2351 adapters=455
 compilation: enabled
              stopped_count=0, restarted_count=0
 full_count=0

Compilation events (20 events):
Event: 1,266 Thread 0x00007f0a4c25ed40 2349       3       org.gradle.internal.instantiation.generator.AbstractClassGenerator$PropertyMetadata::isReadable (13 bytes)
Event: 1,266 Thread 0x00007f0a4c25ed40 nmethod 2349 0x00007f0a39e80190 code [0x00007f0a39e80320, 0x00007f0a39e80490]
Event: 1,266 Thread 0x00007f0a4c25ed40 2348       3       org.gradle.internal.instantiation.generator.AbstractClassGenerator$MethodMetadata::getReturnType (8 bytes)
Event: 1,266 Thread 0x00007f0a4c25ed40 nmethod 2348 0x00007f0a39e80510 code [0x00007f0a39e806a0, 0x00007f0a39e807d0]
Event: 1,266 Thread 0x00007f0a4c25ed40 2344       3       com.google.common.collect.RegularImmutableSet::iterator (8 bytes)
Event: 1,266 Thread 0x00007f0a4c25ed40 nmethod 2344 0x00007f0a39e80890 code [0x00007f0a39e80a40, 0x00007f0a39e80be0]
Event: 1,266 Thread 0x00007f0a4c25ed40 2345       3       com.google.common.collect.Iterators::forArray (9 bytes)
Event: 1,266 Thread 0x00007f0a4c25ed40 nmethod 2345 0x00007f0a39e80d10 code [0x00007f0a39e80ec0, 0x00007f0a39e80fe0]
Event: 1,266 Thread 0x00007f0a4c25ed40 2351       1       java.util.stream.MatchOps$BooleanTerminalSink::getAndClearState (5 bytes)
Event: 1,266 Thread 0x00007f0a4c25ed40 nmethod 2351 0x00007f0a415e0290 code [0x00007f0a415e0420, 0x00007f0a415e04f0]
Event: 1,266 Thread 0x00007f0a4c25ed40 2347       3       java.lang.reflect.Proxy::getProxyConstructor (92 bytes)
Event: 1,267 Thread 0x00007f0a4c25ed40 nmethod 2347 0x00007f0a39e81090 code [0x00007f0a39e81380, 0x00007f0a39e82820]
Event: 1,267 Thread 0x00007f0a4c25ed40 2350       1       org.gradle.internal.reflect.MutablePropertyDetails::getName (5 bytes)
Event: 1,267 Thread 0x00007f0a4c25ed40 nmethod 2350 0x00007f0a415e0590 code [0x00007f0a415e0720, 0x00007f0a415e07f0]
Event: 1,267 Thread 0x00007f0a4c25ed40 2352       1       org.gradle.internal.instantiation.generator.AbstractClassGenerator$PropertyMetadata::access$2000 (5 bytes)
Event: 1,267 Thread 0x00007f0a4c25ed40 nmethod 2352 0x00007f0a415e0890 code [0x00007f0a415e0a20, 0x00007f0a415e0ad0]
Event: 1,268 Thread 0x00007f0a4c25ed40 2353       3       java.util.Collections$EmptyList::iterator (4 bytes)
Event: 1,268 Thread 0x00007f0a4c25ed40 nmethod 2353 0x00007f0a39e82d90 code [0x00007f0a39e82f40, 0x00007f0a39e830b0]
Event: 1,268 Thread 0x00007f0a4c25ed40 2354       3       java.lang.reflect.Method::acquireMethodAccessor (44 bytes)
Event: 1,268 Thread 0x00007f0a4c25ed40 nmethod 2354 0x00007f0a39e83190 code [0x00007f0a39e83380, 0x00007f0a39e837d0]

GC Heap History (6 events):
Event: 0,415 GC heap before
{Heap before GC invocations=1 (full 0):
 PSYoungGen      total 64512K, used 55296K [0x00000007a0000000, 0x00000007a4800000, 0x0000000800000000)
  eden space 55296K, 100% used [0x00000007a0000000,0x00000007a3600000,0x00000007a3600000)
  from space 9216K, 0% used [0x00000007a3f00000,0x00000007a3f00000,0x00000007a4800000)
  to   space 9216K, 0% used [0x00000007a3600000,0x00000007a3600000,0x00000007a3f00000)
 ParOldGen       total 147456K, used 0K [0x00000006e0000000, 0x00000006e9000000, 0x00000007a0000000)
  object space 147456K, 0% used [0x00000006e0000000,0x00000006e0000000,0x00000006e9000000)
 Metaspace       used 11492K, committed 11648K, reserved 917504K
  class space    used 1207K, committed 1280K, reserved 851968K
}
Event: 0,421 GC heap after
{Heap after GC invocations=1 (full 0):
 PSYoungGen      total 64512K, used 9208K [0x00000007a0000000, 0x00000007a7e00000, 0x0000000800000000)
  eden space 55296K, 0% used [0x00000007a0000000,0x00000007a0000000,0x00000007a3600000)
  from space 9216K, 99% used [0x00000007a3600000,0x00000007a3efe028,0x00000007a3f00000)
  to   space 9216K, 0% used [0x00000007a7500000,0x00000007a7500000,0x00000007a7e00000)
 ParOldGen       total 147456K, used 4713K [0x00000006e0000000, 0x00000006e9000000, 0x00000007a0000000)
  object space 147456K, 3% used [0x00000006e0000000,0x00000006e049a5a8,0x00000006e9000000)
 Metaspace       used 11492K, committed 11648K, reserved 917504K
  class space    used 1207K, committed 1280K, reserved 851968K
}
Event: 0,776 GC heap before
{Heap before GC invocations=2 (full 0):
 PSYoungGen      total 64512K, used 47295K [0x00000007a0000000, 0x00000007a7e00000, 0x0000000800000000)
  eden space 55296K, 68% used [0x00000007a0000000,0x00000007a2531de0,0x00000007a3600000)
  from space 9216K, 99% used [0x00000007a3600000,0x00000007a3efe028,0x00000007a3f00000)
  to   space 9216K, 0% used [0x00000007a7500000,0x00000007a7500000,0x00000007a7e00000)
 ParOldGen       total 147456K, used 4713K [0x00000006e0000000, 0x00000006e9000000, 0x00000007a0000000)
  object space 147456K, 3% used [0x00000006e0000000,0x00000006e049a5a8,0x00000006e9000000)
 Metaspace       used 21314K, committed 21504K, reserved 917504K
  class space    used 2541K, committed 2624K, reserved 851968K
}
Event: 0,780 GC heap after
{Heap after GC invocations=2 (full 0):
 PSYoungGen      total 119808K, used 9205K [0x00000007a0000000, 0x00000007a7e00000, 0x0000000800000000)
  eden space 110592K, 0% used [0x00000007a0000000,0x00000007a0000000,0x00000007a6c00000)
  from space 9216K, 99% used [0x00000007a7500000,0x00000007a7dfd7c8,0x00000007a7e00000)
  to   space 9216K, 0% used [0x00000007a6c00000,0x00000007a6c00000,0x00000007a7500000)
 ParOldGen       total 147456K, used 8038K [0x00000006e0000000, 0x00000006e9000000, 0x00000007a0000000)
  object space 147456K, 5% used [0x00000006e0000000,0x00000006e07d9b80,0x00000006e9000000)
 Metaspace       used 21314K, committed 21504K, reserved 917504K
  class space    used 2541K, committed 2624K, reserved 851968K
}
Event: 0,780 GC heap before
{Heap before GC invocations=3 (full 1):
 PSYoungGen      total 119808K, used 9205K [0x00000007a0000000, 0x00000007a7e00000, 0x0000000800000000)
  eden space 110592K, 0% used [0x00000007a0000000,0x00000007a0000000,0x00000007a6c00000)
  from space 9216K, 99% used [0x00000007a7500000,0x00000007a7dfd7c8,0x00000007a7e00000)
  to   space 9216K, 0% used [0x00000007a6c00000,0x00000007a6c00000,0x00000007a7500000)
 ParOldGen       total 147456K, used 8038K [0x00000006e0000000, 0x00000006e9000000, 0x00000007a0000000)
  object space 147456K, 5% used [0x00000006e0000000,0x00000006e07d9b80,0x00000006e9000000)
 Metaspace       used 21314K, committed 21504K, reserved 917504K
  class space    used 2541K, committed 2624K, reserved 851968K
}
Event: 0,789 GC heap after
{Heap after GC invocations=3 (full 1):
 PSYoungGen      total 119808K, used 0K [0x00000007a0000000, 0x00000007a7e00000, 0x0000000800000000)
  eden space 110592K, 0% used [0x00000007a0000000,0x00000007a0000000,0x00000007a6c00000)
  from space 9216K, 0% used [0x00000007a7500000,0x00000007a7500000,0x00000007a7e00000)
  to   space 9216K, 0% used [0x00000007a6c00000,0x00000007a6c00000,0x00000007a7500000)
 ParOldGen       total 147456K, used 16893K [0x00000006e0000000, 0x00000006e9000000, 0x00000007a0000000)
  object space 147456K, 11% used [0x00000006e0000000,0x00000006e107f770,0x00000006e9000000)
 Metaspace       used 21314K, committed 21504K, reserved 917504K
  class space    used 2541K, committed 2624K, reserved 851968K
}

Dll operation events (13 events):
Event: 0,001 Loaded shared library /home/rodion/.local/share/JetBrains/Toolbox/apps/android-studio-2/jbr/lib/libjava.so
Event: 0,074 Loaded shared library /home/rodion/.local/share/JetBrains/Toolbox/apps/android-studio-2/jbr/lib/libzip.so
Event: 0,075 Loaded shared library /home/rodion/.local/share/JetBrains/Toolbox/apps/android-studio-2/jbr/lib/libinstrument.so
Event: 0,080 Loaded shared library /home/rodion/.local/share/JetBrains/Toolbox/apps/android-studio-2/jbr/lib/libnio.so
Event: 0,086 Loaded shared library /home/rodion/.local/share/JetBrains/Toolbox/apps/android-studio-2/jbr/lib/libzip.so
Event: 0,147 Loaded shared library /home/rodion/.local/share/JetBrains/Toolbox/apps/android-studio-2/jbr/lib/libjimage.so
Event: 0,177 Loaded shared library /home/rodion/.local/share/JetBrains/Toolbox/apps/android-studio-2/jbr/lib/libverify.so
Event: 0,250 Loaded shared library /home/rodion/.local/share/JetBrains/Toolbox/apps/android-studio-2/jbr/lib/libnet.so
Event: 0,252 Loaded shared library /home/rodion/.gradle/native/c067742578af261105cb4f569cf0c3c89f3d7b1fecec35dd04571415982c5e48/linux-amd64/libnative-platform.so
Event: 0,254 Loaded shared library /home/rodion/.gradle/native/38dada09dfb8b06ba9b0570ebf7e218e3eb74d4ef43ca46872605cf95ebc2f47/linux-amd64/libnative-platform-file-events.so
Event: 0,543 Loaded shared library /home/rodion/.local/share/JetBrains/Toolbox/apps/android-studio-2/jbr/lib/libmanagement.so
Event: 0,544 Loaded shared library /home/rodion/.local/share/JetBrains/Toolbox/apps/android-studio-2/jbr/lib/libmanagement_ext.so
Event: 0,629 Loaded shared library /home/rodion/.local/share/JetBrains/Toolbox/apps/android-studio-2/jbr/lib/libextnet.so

Deoptimization events (20 events):
Event: 0,906 Thread 0x00007f09d0007bd0 Uncommon trap: trap_request=0xffffff45 fr.pc=0x00007f0a4152bf58 relative=0x0000000000000518
Event: 0,906 Thread 0x00007f09d0007bd0 Uncommon trap: reason=unstable_if action=reinterpret pc=0x00007f0a4152bf58 method=java.io.File.getName()Ljava/lang/String; @ 16 c2
Event: 0,906 Thread 0x00007f09d0007bd0 DEOPT PACKING pc=0x00007f0a4152bf58 sp=0x00007f09ef2fc780
Event: 0,906 Thread 0x00007f09d0007bd0 DEOPT UNPACKING pc=0x00007f0a40f8d399 sp=0x00007f09ef2fc750 mode 2
Event: 1,013 Thread 0x00007f09d0007bd0 DEOPT PACKING pc=0x00007f0a39d86577 sp=0x00007f09ef2fb5e0
Event: 1,013 Thread 0x00007f09d0007bd0 DEOPT UNPACKING pc=0x00007f0a40f8db2f sp=0x00007f09ef2fab10 mode 0
Event: 1,016 Thread 0x00007f09d0007bd0 DEOPT PACKING pc=0x00007f0a39d86556 sp=0x00007f09ef2fb990
Event: 1,016 Thread 0x00007f09d0007bd0 DEOPT UNPACKING pc=0x00007f0a40f8db2f sp=0x00007f09ef2faec0 mode 0
Event: 1,020 Thread 0x00007f09d0007bd0 DEOPT PACKING pc=0x00007f0a39d86577 sp=0x00007f09ef2f8ce0
Event: 1,020 Thread 0x00007f09d0007bd0 DEOPT UNPACKING pc=0x00007f0a40f8db2f sp=0x00007f09ef2f8210 mode 0
Event: 1,079 Thread 0x00007f09d0007bd0 Uncommon trap: trap_request=0xffffff45 fr.pc=0x00007f0a415a97a8 relative=0x00000000000003e8
Event: 1,079 Thread 0x00007f09d0007bd0 Uncommon trap: reason=unstable_if action=reinterpret pc=0x00007f0a415a97a8 method=java.util.HashMap.getNode(Ljava/lang/Object;)Ljava/util/HashMap$Node; @ 131 c2
Event: 1,079 Thread 0x00007f09d0007bd0 DEOPT PACKING pc=0x00007f0a415a97a8 sp=0x00007f09ef2faab0
Event: 1,079 Thread 0x00007f09d0007bd0 DEOPT UNPACKING pc=0x00007f0a40f8d399 sp=0x00007f09ef2fa9f0 mode 2
Event: 1,200 Thread 0x00007f09d0007bd0 DEOPT PACKING pc=0x00007f0a39d86556 sp=0x00007f09ef2fc040
Event: 1,200 Thread 0x00007f09d0007bd0 DEOPT UNPACKING pc=0x00007f0a40f8db2f sp=0x00007f09ef2fb570 mode 0
Event: 1,241 Thread 0x00007f09d0007bd0 Uncommon trap: trap_request=0xffffff45 fr.pc=0x00007f0a4158aa28 relative=0x0000000000000508
Event: 1,241 Thread 0x00007f09d0007bd0 Uncommon trap: reason=unstable_if action=reinterpret pc=0x00007f0a4158aa28 method=java.util.Properties$LineReader.readLine()I @ 95 c2
Event: 1,241 Thread 0x00007f09d0007bd0 DEOPT PACKING pc=0x00007f0a4158aa28 sp=0x00007f09ef2fa940
Event: 1,241 Thread 0x00007f09d0007bd0 DEOPT UNPACKING pc=0x00007f0a40f8d399 sp=0x00007f09ef2fa8e0 mode 2

Classes unloaded (0 events):
No events

Classes redefined (0 events):
No events

Internal exceptions (20 events):
Event: 0,824 Thread 0x00007f09d0007bd0 Exception <a 'java/lang/NoSuchMethodError'{0x00000007a0443980}: 'java.lang.Object java.lang.invoke.Invokers$Holder.invoker(java.lang.Object, java.lang.Object, java.lang.Object, java.lang.Object, java.lang.Object, java.lang.Object, java.lang.Object, java.lang.Object, java.lang.Object, java.lang.Object)'> (0x00000007a0443980) 
thrown [src/hotspot/share/interpreter/linkResolver.cpp, line 771]
Event: 0,824 Thread 0x00007f09d0007bd0 Exception <a 'java/lang/NoSuchMethodError'{0x00000007a0449588}: 'java.lang.Object java.lang.invoke.DirectMethodHandle$Holder.invokeSpecial(java.lang.Object, java.lang.Object, java.lang.Object, java.lang.Object, java.lang.Object, java.lang.Object, java.lang.Object, java.lang.Object, java.lang.Object, java.lang.Object, java.lang.Object)'> (0x00000007a0449588) 
thrown [src/hotspot/share/interpreter/linkResolver.cpp, line 771]
Event: 0,872 Thread 0x00007f09d0007bd0 Exception <a 'java/lang/NoSuchMethodError'{0x00000007a0a22520}: 'void java.lang.invoke.DirectMethodHandle$Holder.invokeStaticInit(java.lang.Object)'> (0x00000007a0a22520) 
thrown [src/hotspot/share/interpreter/linkResolver.cpp, line 771]
Event: 0,878 Thread 0x00007f09d0007bd0 Exception <a 'java/lang/NoSuchMethodError'{0x00000007a0ad5240}: 'java.lang.Object java.lang.invoke.DirectMethodHandle$Holder.newInvokeSpecial(java.lang.Object, java.lang.Object, java.lang.Object, int)'> (0x00000007a0ad5240) 
thrown [src/hotspot/share/interpreter/linkResolver.cpp, line 771]
Event: 0,878 Thread 0x00007f09d0007bd0 Exception <a 'java/lang/NoSuchMethodError'{0x00000007a0ad9b70}: 'java.lang.Object java.lang.invoke.DirectMethodHandle$Holder.invokeSpecial(java.lang.Object, java.lang.Object, java.lang.Object, java.lang.Object, int)'> (0x00000007a0ad9b70) 
thrown [src/hotspot/share/interpreter/linkResolver.cpp, line 771]
Event: 0,878 Thread 0x00007f09d0007bd0 Exception <a 'java/lang/NoSuchMethodError'{0x00000007a0addc88}: 'java.lang.Object java.lang.invoke.Invokers$Holder.linkToTargetMethod(java.lang.Object, java.lang.Object, int, java.lang.Object)'> (0x00000007a0addc88) 
thrown [src/hotspot/share/interpreter/linkResolver.cpp, line 771]
Event: 0,993 Thread 0x00007f09d0007bd0 Exception <a 'java/lang/NoSuchMethodError'{0x00000007a1be0858}: 'int java.lang.invoke.DirectMethodHandle$Holder.invokeSpecialIFC(java.lang.Object, java.lang.Object, java.lang.Object, java.lang.Object)'> (0x00000007a1be0858) 
thrown [src/hotspot/share/interpreter/linkResolver.cpp, line 771]
Event: 0,994 Thread 0x00007f09d0007bd0 Exception <a 'java/lang/NoSuchMethodError'{0x00000007a1befb58}: 'java.lang.Object java.lang.invoke.DirectMethodHandle$Holder.invokeInterface(java.lang.Object, java.lang.Object, java.lang.Object)'> (0x00000007a1befb58) 
thrown [src/hotspot/share/interpreter/linkResolver.cpp, line 771]
Event: 0,994 Thread 0x00007f09d0007bd0 Exception <a 'java/lang/IncompatibleClassChangeError'{0x00000007a1bf3a18}: Found class java.lang.Object, but interface was expected> (0x00000007a1bf3a18) 
thrown [src/hotspot/share/interpreter/linkResolver.cpp, line 838]
Event: 1,014 Thread 0x00007f09d0007bd0 Exception <a 'java/lang/NoSuchMethodError'{0x00000007a1e1bcf0}: 'int java.lang.invoke.DirectMethodHandle$Holder.invokeStatic(java.lang.Object, java.lang.Object, java.lang.Object, java.lang.Object)'> (0x00000007a1e1bcf0) 
thrown [src/hotspot/share/interpreter/linkResolver.cpp, line 771]
Event: 1,015 Thread 0x00007f09d0007bd0 Exception <a 'java/lang/NoSuchMethodError'{0x00000007a1e1f918}: 'java.lang.Object java.lang.invoke.Invokers$Holder.invokeExact_MT(java.lang.Object, java.lang.Object, java.lang.Object, java.lang.Object, java.lang.Object, java.lang.Object)'> (0x00000007a1e1f918) 
thrown [src/hotspot/share/interpreter/linkResolver.cpp, line 771]
Event: 1,040 Thread 0x00007f09d0007bd0 Exception <a 'java/lang/NoSuchMethodError'{0x00000007a21fd7e8}: 'java.lang.Object java.lang.invoke.DirectMethodHandle$Holder.invokeSpecial(java.lang.Object, java.lang.Object, java.lang.Object, java.lang.Object, java.lang.Object, java.lang.Object, java.lang.Object, java.lang.Object, java.lang.Object)'> (0x00000007a21fd7e8) 
thrown [src/hotspot/share/interpreter/linkResolver.cpp, line 771]
Event: 1,072 Thread 0x00007f09d0007bd0 Exception <a 'java/lang/NoSuchMethodError'{0x00000007a275efd8}: 'java.lang.Object java.lang.invoke.DirectMethodHandle$Holder.invokeVirtual(java.lang.Object, java.lang.Object, java.lang.Object, java.lang.Object)'> (0x00000007a275efd8) 
thrown [src/hotspot/share/interpreter/linkResolver.cpp, line 771]
Event: 1,085 Thread 0x00007f09d0007bd0 Exception <a 'java/lang/NoSuchMethodError'{0x00000007a28a5728}: 'java.lang.Object java.lang.invoke.DirectMethodHandle$Holder.newInvokeSpecial(java.lang.Object, java.lang.Object, java.lang.Object, java.lang.Object, java.lang.Object, java.lang.Object, java.lang.Object)'> (0x00000007a28a5728) 
thrown [src/hotspot/share/interpreter/linkResolver.cpp, line 771]
Event: 1,085 Thread 0x00007f09d0007bd0 Exception <a 'java/lang/NoSuchMethodError'{0x00000007a28aa3f8}: 'java.lang.Object java.lang.invoke.Invokers$Holder.linkToTargetMethod(java.lang.Object, java.lang.Object, java.lang.Object, java.lang.Object, java.lang.Object, java.lang.Object, java.lang.Object)'> (0x00000007a28aa3f8) 
thrown [src/hotspot/share/interpreter/linkResolver.cpp, line 771]
Event: 1,097 Thread 0x00007f09d0007bd0 Exception <a 'java/lang/NoSuchMethodError'{0x00000007a29fbde8}: 'java.lang.Object java.lang.invoke.DirectMethodHandle$Holder.invokeVirtual(java.lang.Object, java.lang.Object, java.lang.Object, java.lang.Object, java.lang.Object, java.lang.Object, java.lang.Object, java.lang.Object, java.lang.Object, java.lang.Object, java.lang.Object, java.lang.Object, java.lang.Object, java.lang.Object, java.lang.Object, java.lang.Object, java.lang.Object, java.lang.Object, java.lang.Object, java.lang.Object, java.lang.Ob
Event: 1,220 Thread 0x00007f09d0007bd0 Exception <a 'java/lang/NoSuchMethodError'{0x00000007a38fd328}: 'void java.lang.invoke.DirectMethodHandle$Holder.invokeStatic(java.lang.Object, java.lang.Object, java.lang.Object, java.lang.Object)'> (0x00000007a38fd328) 
thrown [src/hotspot/share/interpreter/linkResolver.cpp, line 771]
Event: 1,221 Thread 0x00007f09d0007bd0 Exception <a 'java/lang/NoSuchMethodError'{0x00000007a39f0430}: 'int java.lang.invoke.DirectMethodHandle$Holder.invokeVirtual(java.lang.Object, java.lang.Object)'> (0x00000007a39f0430) 
thrown [src/hotspot/share/interpreter/linkResolver.cpp, line 771]
Event: 1,222 Thread 0x00007f09d0007bd0 Exception <a 'java/lang/NoSuchMethodError'{0x00000007a3a02d08}: 'java.lang.Object java.lang.invoke.DirectMethodHandle$Holder.invokeStaticInit(java.lang.Object, java.lang.Object, java.lang.Object)'> (0x00000007a3a02d08) 
thrown [src/hotspot/share/interpreter/linkResolver.cpp, line 771]
Event: 1,223 Thread 0x00007f09d0007bd0 Exception <a 'java/lang/NoSuchMethodError'{0x00000007a3a25b90}: 'int java.lang.invoke.DirectMethodHandle$Holder.invokeVirtual(java.lang.Object, java.lang.Object, java.lang.Object)'> (0x00000007a3a25b90) 
thrown [src/hotspot/share/interpreter/linkResolver.cpp, line 771]

VM Operations (20 events):
Event: 0,537 Executing VM operation: HandshakeAllThreads
Event: 0,537 Executing VM operation: HandshakeAllThreads done
Event: 0,552 Executing VM operation: HandshakeAllThreads
Event: 0,552 Executing VM operation: HandshakeAllThreads done
Event: 0,585 Executing VM operation: HandshakeAllThreads
Event: 0,585 Executing VM operation: HandshakeAllThreads done
Event: 0,775 Executing VM operation: CollectForMetadataAllocation
Event: 0,789 Executing VM operation: CollectForMetadataAllocation done
Event: 0,810 Executing VM operation: HandshakeAllThreads
Event: 0,810 Executing VM operation: HandshakeAllThreads done
Event: 0,920 Executing VM operation: HandshakeAllThreads
Event: 0,920 Executing VM operation: HandshakeAllThreads done
Event: 0,920 Executing VM operation: HandshakeAllThreads
Event: 0,920 Executing VM operation: HandshakeAllThreads done
Event: 1,188 Executing VM operation: ICBufferFull
Event: 1,188 Executing VM operation: ICBufferFull done
Event: 1,242 Executing VM operation: HandshakeAllThreads
Event: 1,242 Executing VM operation: HandshakeAllThreads done
Event: 1,243 Executing VM operation: HandshakeAllThreads
Event: 1,243 Executing VM operation: HandshakeAllThreads done

Events (20 events):
Event: 1,060 loading class org/xml/sax/ErrorHandler
Event: 1,060 loading class org/xml/sax/ErrorHandler done
Event: 1,084 Thread 0x00007f0a0052f520 Thread added: 0x00007f0a0052f520
Event: 1,084 Protecting memory [0x00007f09ee41f000,0x00007f09ee423000] with protection modes 0
Event: 1,199 loading class java/util/function/UnaryOperator
Event: 1,199 loading class java/util/function/UnaryOperator done
Event: 1,203 loading class java/util/concurrent/CancellationException
Event: 1,203 loading class java/util/concurrent/CancellationException done
Event: 1,204 loading class java/util/concurrent/TimeoutException
Event: 1,204 loading class java/util/concurrent/TimeoutException done
Event: 1,216 Thread 0x00007f09bcae9ec0 Thread added: 0x00007f09bcae9ec0
Event: 1,216 loading class java/util/concurrent/locks/AbstractQueuedSynchronizer$SharedNode
Event: 1,216 Protecting memory [0x00007f09ee5fa000,0x00007f09ee5fe000] with protection modes 0
Event: 1,216 loading class java/util/concurrent/locks/AbstractQueuedSynchronizer$SharedNode done
Event: 1,219 loading class java/io/InterruptedIOException
Event: 1,219 loading class java/io/InterruptedIOException done
Event: 1,220 Thread 0x00007f09bcaf2f50 Thread added: 0x00007f09bcaf2f50
Event: 1,221 Protecting memory [0x00007f09ee31f000,0x00007f09ee323000] with protection modes 0
Event: 1,224 loading class java/util/ArrayDeque$DeqSpliterator
Event: 1,224 loading class java/util/ArrayDeque$DeqSpliterator done


Dynamic libraries:
00200000-00201000 r--p 00000000 103:04 3162972                           /home/rodion/.local/share/JetBrains/Toolbox/apps/android-studio-2/jbr/bin/java
00201000-00202000 r-xp 00000000 103:04 3162972                           /home/rodion/.local/share/JetBrains/Toolbox/apps/android-studio-2/jbr/bin/java
00202000-00203000 r--p 00000000 103:04 3162972                           /home/rodion/.local/share/JetBrains/Toolbox/apps/android-studio-2/jbr/bin/java
00203000-00204000 rw-p 00000000 103:04 3162972                           /home/rodion/.local/share/JetBrains/Toolbox/apps/android-studio-2/jbr/bin/java
0094f000-00997000 rw-p 00000000 00:00 0                                  [heap]
6e0000000-6e9000000 rw-p 00000000 00:00 0 
6e9000000-7a0000000 ---p 00000000 00:00 0 
7a0000000-7a7e00000 rw-p 00000000 00:00 0 
7a7e00000-800000000 ---p 00000000 00:00 0 
800000000-800010000 rw-p 00000000 00:00 0 
800010000-800030000 rw-p 00000000 00:00 0 
800030000-8000b0000 rw-p 00000000 00:00 0 
8000b0000-800130000 rw-p 00000000 00:00 0 
800130000-8001b0000 rw-p 00000000 00:00 0 
8001b0000-8001f0000 rw-p 00000000 00:00 0 
8001f0000-800430000 rw-p 00000000 00:00 0 
800430000-834000000 ---p 00000000 00:00 0 
7f0984000000-7f0984021000 rw-p 00000000 00:00 0 
7f0984021000-7f0988000000 ---p 00000000 00:00 0 
7f098c000000-7f098ca2a000 rw-p 00000000 00:00 0 
7f098ca2a000-7f0990000000 ---p 00000000 00:00 0 
7f0990000000-7f0990021000 rw-p 00000000 00:00 0 
7f0990021000-7f0994000000 ---p 00000000 00:00 0 
7f0994000000-7f0994021000 rw-p 00000000 00:00 0 
7f0994021000-7f0998000000 ---p 00000000 00:00 0 
7f0998000000-7f0998021000 rw-p 00000000 00:00 0 
7f0998021000-7f099c000000 ---p 00000000 00:00 0 
7f099c000000-7f099c021000 rw-p 00000000 00:00 0 
7f099c021000-7f09a0000000 ---p 00000000 00:00 0 
7f09a0000000-7f09a0021000 rw-p 00000000 00:00 0 
7f09a0021000-7f09a4000000 ---p 00000000 00:00 0 
7f09a4000000-7f09a4021000 rw-p 00000000 00:00 0 
7f09a4021000-7f09a8000000 ---p 00000000 00:00 0 
7f09a8000000-7f09a8021000 rw-p 00000000 00:00 0 
7f09a8021000-7f09ac000000 ---p 00000000 00:00 0 
7f09ac000000-7f09ac021000 rw-p 00000000 00:00 0 
7f09ac021000-7f09b0000000 ---p 00000000 00:00 0 
7f09b0000000-7f09b0021000 rw-p 00000000 00:00 0 
7f09b0021000-7f09b4000000 ---p 00000000 00:00 0 
7f09b4000000-7f09b4021000 rw-p 00000000 00:00 0 
7f09b4021000-7f09b8000000 ---p 00000000 00:00 0 
7f09b8000000-7f09b8021000 rw-p 00000000 00:00 0 
7f09b8021000-7f09bc000000 ---p 00000000 00:00 0 
7f09bc000000-7f09bcd78000 rw-p 00000000 00:00 0 
7f09bcd78000-7f09c0000000 ---p 00000000 00:00 0 
7f09c0000000-7f09c0021000 rw-p 00000000 00:00 0 
7f09c0021000-7f09c4000000 ---p 00000000 00:00 0 
7f09c4000000-7f09c4021000 rw-p 00000000 00:00 0 
7f09c4021000-7f09c8000000 ---p 00000000 00:00 0 
7f09c8000000-7f09c8021000 rw-p 00000000 00:00 0 
7f09c8021000-7f09cc000000 ---p 00000000 00:00 0 
7f09cc000000-7f09cc021000 rw-p 00000000 00:00 0 
7f09cc021000-7f09d0000000 ---p 00000000 00:00 0 
7f09d0000000-7f09d0021000 rw-p 00000000 00:00 0 
7f09d0021000-7f09d4000000 ---p 00000000 00:00 0 
7f09d4000000-7f09d4023000 rw-p 00000000 00:00 0 
7f09d4023000-7f09d8000000 ---p 00000000 00:00 0 
7f09d8000000-7f09d8054000 rw-p 00000000 00:00 0 
7f09d8054000-7f09dc000000 ---p 00000000 00:00 0 
7f09dc000000-7f09dc021000 rw-p 00000000 00:00 0 
7f09dc021000-7f09e0000000 ---p 00000000 00:00 0 
7f09e0000000-7f09e0021000 rw-p 00000000 00:00 0 
7f09e0021000-7f09e4000000 ---p 00000000 00:00 0 
7f09e4000000-7f09e4021000 rw-p 00000000 00:00 0 
7f09e4021000-7f09e8000000 ---p 00000000 00:00 0 
7f09e8000000-7f09e84e9000 rw-p 00000000 00:00 0 
7f09e84e9000-7f09ec000000 ---p 00000000 00:00 0 
7f09ee082000-7f09ee31f000 rw-p 00000000 00:00 0 
7f09ee31f000-7f09ee323000 ---p 00000000 00:00 0 
7f09ee323000-7f09ee41f000 rw-p 00000000 00:00 0 
7f09ee41f000-7f09ee423000 ---p 00000000 00:00 0 
7f09ee423000-7f09ee51f000 rw-p 00000000 00:00 0 
7f09ee5fa000-7f09ee5fe000 ---p 00000000 00:00 0 
7f09ee5fe000-7f09ee6fa000 rw-p 00000000 00:00 0 
7f09ee6fa000-7f09ee6fe000 ---p 00000000 00:00 0 
7f09ee6fe000-7f09ee7fa000 rw-p 00000000 00:00 0 
7f09ee7fa000-7f09ee7fe000 ---p 00000000 00:00 0 
7f09ee7fe000-7f09ee8fa000 rw-p 00000000 00:00 0 
7f09ee8fa000-7f09ee8fb000 ---p 00000000 00:00 0 
7f09ee8fb000-7f09ee9fb000 rw-p 00000000 00:00 0 
7f09ee9fb000-7f09ee9fc000 ---p 00000000 00:00 0 
7f09ee9fc000-7f09eeafc000 rw-p 00000000 00:00 0 
7f09eeafc000-7f09eeafd000 ---p 00000000 00:00 0 
7f09eeafd000-7f09eebfd000 rw-p 00000000 00:00 0 
7f09eebfd000-7f09eebfe000 ---p 00000000 00:00 0 
7f09eebfe000-7f09eecfe000 rw-p 00000000 00:00 0 
7f09eecfe000-7f09eecff000 ---p 00000000 00:00 0 
7f09eecff000-7f09eedff000 rw-p 00000000 00:00 0 
7f09eedff000-7f09eee00000 ---p 00000000 00:00 0 
7f09eee00000-7f09eef00000 rw-p 00000000 00:00 0 
7f09eef00000-7f09eef04000 ---p 00000000 00:00 0 
7f09eef04000-7f09ef000000 rw-p 00000000 00:00 0 
7f09ef000000-7f09ef004000 ---p 00000000 00:00 0 
7f09ef004000-7f09ef100000 rw-p 00000000 00:00 0 
7f09ef100000-7f09ef104000 ---p 00000000 00:00 0 
7f09ef104000-7f09ef200000 rw-p 00000000 00:00 0 
7f09ef200000-7f09ef204000 ---p 00000000 00:00 0 
7f09ef204000-7f09ef300000 rw-p 00000000 00:00 0 
7f09ef300000-7f09ef304000 ---p 00000000 00:00 0 
7f09ef304000-7f09ef400000 rw-p 00000000 00:00 0 
7f09ef400000-7f09ef404000 ---p 00000000 00:00 0 
7f09ef404000-7f09ef500000 rw-p 00000000 00:00 0 
7f09ef500000-7f09ef504000 ---p 00000000 00:00 0 
7f09ef504000-7f09ef600000 rw-p 00000000 00:00 0 
7f09ef600000-7f09ef604000 ---p 00000000 00:00 0 
7f09ef604000-7f09ef700000 rw-p 00000000 00:00 0 
7f09ef700000-7f09ef704000 ---p 00000000 00:00 0 
7f09ef704000-7f09ef800000 rw-p 00000000 00:00 0 
7f09ef800000-7f09ef89c000 r--p 00000000 103:04 1968521                   /usr/lib/x86_64-linux-gnu/libstdc++.so.6.0.32
7f09ef89c000-7f09ef9cd000 r-xp 0009c000 103:04 1968521                   /usr/lib/x86_64-linux-gnu/libstdc++.so.6.0.32
7f09ef9cd000-7f09efa5a000 r--p 001cd000 103:04 1968521                   /usr/lib/x86_64-linux-gnu/libstdc++.so.6.0.32
7f09efa5a000-7f09efa65000 r--p 0025a000 103:04 1968521                   /usr/lib/x86_64-linux-gnu/libstdc++.so.6.0.32
7f09efa65000-7f09efa68000 rw-p 00265000 103:04 1968521                   /usr/lib/x86_64-linux-gnu/libstdc++.so.6.0.32
7f09efa68000-7f09efa6c000 rw-p 00000000 00:00 0 
7f09efb00000-7f09efb04000 ---p 00000000 00:00 0 
7f09efb04000-7f09efc00000 rw-p 00000000 00:00 0 
7f09efc00000-7f09efc53000 r-xp 00000000 103:04 2789371                   /home/rodion/.gradle/native/38dada09dfb8b06ba9b0570ebf7e218e3eb74d4ef43ca46872605cf95ebc2f47/linux-amd64/libnative-platform-file-events.so
7f09efc53000-7f09efe52000 ---p 00053000 103:04 2789371                   /home/rodion/.gradle/native/38dada09dfb8b06ba9b0570ebf7e218e3eb74d4ef43ca46872605cf95ebc2f47/linux-amd64/libnative-platform-file-events.so
7f09efe52000-7f09efe53000 r--p 00052000 103:04 2789371                   /home/rodion/.gradle/native/38dada09dfb8b06ba9b0570ebf7e218e3eb74d4ef43ca46872605cf95ebc2f47/linux-amd64/libnative-platform-file-events.so
7f09efe53000-7f09efe55000 rw-p 00053000 103:04 2789371                   /home/rodion/.gradle/native/38dada09dfb8b06ba9b0570ebf7e218e3eb74d4ef43ca46872605cf95ebc2f47/linux-amd64/libnative-platform-file-events.so
7f09efeff000-7f09eff00000 ---p 00000000 00:00 0 
7f09eff00000-7f09f0021000 rw-p 00000000 00:00 0 
7f09f0021000-7f09f4000000 ---p 00000000 00:00 0 
7f09f4000000-7f09f4fa8000 rw-p 00000000 00:00 0 
7f09f4fa8000-7f09f8000000 ---p 00000000 00:00 0 
7f09f8000000-7f09f8021000 rw-p 00000000 00:00 0 
7f09f8021000-7f09fc000000 ---p 00000000 00:00 0 
7f09fc000000-7f09fc021000 rw-p 00000000 00:00 0 
7f09fc021000-7f0a00000000 ---p 00000000 00:00 0 
7f0a00000000-7f0a006e2000 rw-p 00000000 00:00 0 
7f0a006e2000-7f0a04000000 ---p 00000000 00:00 0 
7f0a04000000-7f0a04021000 rw-p 00000000 00:00 0 
7f0a04021000-7f0a08000000 ---p 00000000 00:00 0 
7f0a08000000-7f0a08021000 rw-p 00000000 00:00 0 
7f0a08021000-7f0a0c000000 ---p 00000000 00:00 0 
7f0a0c000000-7f0a0d6dc000 rw-p 00000000 00:00 0 
7f0a0d6dc000-7f0a10000000 ---p 00000000 00:00 0 
7f0a10000000-7f0a10021000 rw-p 00000000 00:00 0 
7f0a10021000-7f0a14000000 ---p 00000000 00:00 0 
7f0a14000000-7f0a14021000 rw-p 00000000 00:00 0 
7f0a14021000-7f0a18000000 ---p 00000000 00:00 0 
7f0a18000000-7f0a18021000 rw-p 00000000 00:00 0 
7f0a18021000-7f0a1c000000 ---p 00000000 00:00 0 
7f0a1c000000-7f0a1c021000 rw-p 00000000 00:00 0 
7f0a1c021000-7f0a20000000 ---p 00000000 00:00 0 
7f0a20000000-7f0a20021000 rw-p 00000000 00:00 0 
7f0a20021000-7f0a24000000 ---p 00000000 00:00 0 
7f0a240ff000-7f0a24100000 ---p 00000000 00:00 0 
7f0a24100000-7f0a24200000 rw-p 00000000 00:00 0 
7f0a24200000-7f0a24205000 r-xp 00000000 103:04 2787315                   /home/rodion/.gradle/native/c067742578af261105cb4f569cf0c3c89f3d7b1fecec35dd04571415982c5e48/linux-amd64/libnative-platform.so
7f0a24205000-7f0a24405000 ---p 00005000 103:04 2787315                   /home/rodion/.gradle/native/c067742578af261105cb4f569cf0c3c89f3d7b1fecec35dd04571415982c5e48/linux-amd64/libnative-platform.so
7f0a24405000-7f0a24406000 r--p 00005000 103:04 2787315                   /home/rodion/.gradle/native/c067742578af261105cb4f569cf0c3c89f3d7b1fecec35dd04571415982c5e48/linux-amd64/libnative-platform.so
7f0a24406000-7f0a24407000 rw-p 00006000 103:04 2787315                   /home/rodion/.gradle/native/c067742578af261105cb4f569cf0c3c89f3d7b1fecec35dd04571415982c5e48/linux-amd64/libnative-platform.so
7f0a244fe000-7f0a244ff000 ---p 00000000 00:00 0 
7f0a244ff000-7f0a245ff000 rw-p 00000000 00:00 0 
7f0a245ff000-7f0a24603000 ---p 00000000 00:00 0 
7f0a24603000-7f0a246ff000 rw-p 00000000 00:00 0 
7f0a246ff000-7f0a24703000 ---p 00000000 00:00 0 
7f0a24703000-7f0a247ff000 rw-p 00000000 00:00 0 
7f0a247ff000-7f0a24800000 ---p 00000000 00:00 0 
7f0a24800000-7f0a24900000 rw-p 00000000 00:00 0 
7f0a24900000-7f0a24904000 ---p 00000000 00:00 0 
7f0a24904000-7f0a24a00000 rw-p 00000000 00:00 0 
7f0a24a00000-7f0a24a04000 ---p 00000000 00:00 0 
7f0a24a04000-7f0a24b00000 rw-p 00000000 00:00 0 
7f0a24b00000-7f0a24b04000 ---p 00000000 00:00 0 
7f0a24b04000-7f0a24c00000 rw-p 00000000 00:00 0 
7f0a24c00000-7f0a24c04000 ---p 00000000 00:00 0 
7f0a24c04000-7f0a24d00000 rw-p 00000000 00:00 0 
7f0a24d00000-7f0a24d04000 ---p 00000000 00:00 0 
7f0a24d04000-7f0a24e00000 rw-p 00000000 00:00 0 
7f0a24e00000-7f0a24e04000 ---p 00000000 00:00 0 
7f0a24e04000-7f0a24f00000 rw-p 00000000 00:00 0 
7f0a24f00000-7f0a24f04000 ---p 00000000 00:00 0 
7f0a24f04000-7f0a25000000 rw-p 00000000 00:00 0 
7f0a25000000-7f0a25575000 r--p 00000000 103:04 1995264                   /usr/lib/locale/locale-archive
7f0a255e9000-7f0a255ed000 ---p 00000000 00:00 0 
7f0a255ed000-7f0a256e9000 rw-p 00000000 00:00 0 
7f0a256e9000-7f0a256ed000 ---p 00000000 00:00 0 
7f0a256ed000-7f0a257e9000 rw-p 00000000 00:00 0 
7f0a257e9000-7f0a257ed000 ---p 00000000 00:00 0 
7f0a257ed000-7f0a258e9000 rw-p 00000000 00:00 0 
7f0a258e9000-7f0a258ea000 ---p 00000000 00:00 0 
7f0a258ea000-7f0a274f0000 rw-p 00000000 00:00 0 
7f0a274f0000-7f0a27530000 rw-p 00000000 00:00 0 
7f0a27530000-7f0a27570000 rw-p 00000000 00:00 0 
7f0a27570000-7f0a276f0000 rw-p 00000000 00:00 0 
7f0a276f0000-7f0a27770000 rw-p 00000000 00:00 0 
7f0a27770000-7f0a277f0000 rw-p 00000000 00:00 0 
7f0a277f0000-7f0a278f0000 rw-p 00000000 00:00 0 
7f0a278f0000-7f0a279f0000 rw-p 00000000 00:00 0 
7f0a279f0000-7f0a27af0000 rw-p 00000000 00:00 0 
7f0a27af0000-7f0a27bf0000 rw-p 00000000 00:00 0 
7f0a27bf0000-7f0a27cf0000 rw-p 00000000 00:00 0 
7f0a27cf0000-7f0a27ef0000 rw-p 00000000 00:00 0 
7f0a27ef0000-7f0a27f70000 rw-p 00000000 00:00 0 
7f0a27f70000-7f0a280f0000 rw-p 00000000 00:00 0 
7f0a280f0000-7f0a281f0000 rw-p 00000000 00:00 0 
7f0a281f0000-7f0a28200000 ---p 00000000 00:00 0 
7f0a28200000-7f0a28a30000 rw-p 00000000 00:00 0 
7f0a28a30000-7f0a2b000000 ---p 00000000 00:00 0 
7f0a2b000000-7f0a34021000 rw-p 00000000 00:00 0 
7f0a34021000-7f0a38000000 ---p 00000000 00:00 0 
7f0a380f6000-7f0a39448000 rw-p 00000000 00:00 0 
7f0a39448000-7f0a39a00000 ---p 00000000 00:00 0 
7f0a39a00000-7f0a39e90000 rwxp 00000000 00:00 0 
7f0a39e90000-7f0a40f37000 ---p 00000000 00:00 0 
7f0a40f37000-7f0a411a7000 rwxp 00000000 00:00 0 
7f0a411a7000-7f0a414c9000 ---p 00000000 00:00 0 
7f0a414c9000-7f0a41739000 rwxp 00000000 00:00 0 
7f0a41739000-7f0a48a00000 ---p 00000000 00:00 0 
7f0a48a00000-7f0a4bee6000 r--s 00000000 103:04 3162885                   /home/rodion/.local/share/JetBrains/Toolbox/apps/android-studio-2/jbr/lib/modules
7f0a4beff000-7f0a4d5f5000 rw-p 00000000 00:00 0 
7f0a4d5f5000-7f0a50000000 ---p 00000000 00:00 0 
7f0a50040000-7f0a50043000 r--p 00000000 103:04 1968519                   /usr/lib/x86_64-linux-gnu/libgcc_s.so.1
7f0a50043000-7f0a5005e000 r-xp 00003000 103:04 1968519                   /usr/lib/x86_64-linux-gnu/libgcc_s.so.1
7f0a5005e000-7f0a50062000 r--p 0001e000 103:04 1968519                   /usr/lib/x86_64-linux-gnu/libgcc_s.so.1
7f0a50062000-7f0a50063000 r--p 00021000 103:04 1968519                   /usr/lib/x86_64-linux-gnu/libgcc_s.so.1
7f0a50063000-7f0a50064000 rw-p 00022000 103:04 1968519                   /usr/lib/x86_64-linux-gnu/libgcc_s.so.1
7f0a50064000-7f0a5006b000 r--s 00000000 103:04 1968884                   /usr/lib/x86_64-linux-gnu/gconv/gconv-modules.cache
7f0a5006b000-7f0a5006e000 r--p 00000000 103:04 3162931                   /home/rodion/.local/share/JetBrains/Toolbox/apps/android-studio-2/jbr/lib/libmanagement_ext.so
7f0a5006e000-7f0a50071000 r-xp 00002000 103:04 3162931                   /home/rodion/.local/share/JetBrains/Toolbox/apps/android-studio-2/jbr/lib/libmanagement_ext.so
7f0a50071000-7f0a50072000 r--p 00004000 103:04 3162931                   /home/rodion/.local/share/JetBrains/Toolbox/apps/android-studio-2/jbr/lib/libmanagement_ext.so
7f0a50072000-7f0a50073000 rw-p 00004000 103:04 3162931                   /home/rodion/.local/share/JetBrains/Toolbox/apps/android-studio-2/jbr/lib/libmanagement_ext.so
7f0a50073000-7f0a50076000 r--p 00000000 103:04 3162924                   /home/rodion/.local/share/JetBrains/Toolbox/apps/android-studio-2/jbr/lib/libmanagement.so
7f0a50076000-7f0a50078000 r-xp 00002000 103:04 3162924                   /home/rodion/.local/share/JetBrains/Toolbox/apps/android-studio-2/jbr/lib/libmanagement.so
7f0a50078000-7f0a50079000 r--p 00003000 103:04 3162924                   /home/rodion/.local/share/JetBrains/Toolbox/apps/android-studio-2/jbr/lib/libmanagement.so
7f0a50079000-7f0a5007a000 rw-p 00003000 103:04 3162924                   /home/rodion/.local/share/JetBrains/Toolbox/apps/android-studio-2/jbr/lib/libmanagement.so
7f0a5007a000-7f0a50080000 r--p 00000000 103:04 3162922                   /home/rodion/.local/share/JetBrains/Toolbox/apps/android-studio-2/jbr/lib/libverify.so
7f0a50080000-7f0a50088000 r-xp 00005000 103:04 3162922                   /home/rodion/.local/share/JetBrains/Toolbox/apps/android-studio-2/jbr/lib/libverify.so
7f0a50088000-7f0a5008a000 r--p 0000c000 103:04 3162922                   /home/rodion/.local/share/JetBrains/Toolbox/apps/android-studio-2/jbr/lib/libverify.so
7f0a5008a000-7f0a5008b000 rw-p 0000d000 103:04 3162922                   /home/rodion/.local/share/JetBrains/Toolbox/apps/android-studio-2/jbr/lib/libverify.so
7f0a5008b000-7f0a50092000 r--p 00000000 103:04 3162897                   /home/rodion/.local/share/JetBrains/Toolbox/apps/android-studio-2/jbr/lib/libnet.so
7f0a50092000-7f0a5009f000 r-xp 00006000 103:04 3162897                   /home/rodion/.local/share/JetBrains/Toolbox/apps/android-studio-2/jbr/lib/libnet.so
7f0a5009f000-7f0a500a0000 r--p 00012000 103:04 3162897                   /home/rodion/.local/share/JetBrains/Toolbox/apps/android-studio-2/jbr/lib/libnet.so
7f0a500a0000-7f0a500a2000 rw-p 00012000 103:04 3162897                   /home/rodion/.local/share/JetBrains/Toolbox/apps/android-studio-2/jbr/lib/libnet.so
7f0a500a2000-7f0a500ad000 r--p 00000000 103:04 3162917                   /home/rodion/.local/share/JetBrains/Toolbox/apps/android-studio-2/jbr/lib/libnio.so
7f0a500ad000-7f0a500b5000 r-xp 0000a000 103:04 3162917                   /home/rodion/.local/share/JetBrains/Toolbox/apps/android-studio-2/jbr/lib/libnio.so
7f0a500b5000-7f0a500b6000 r--p 00011000 103:04 3162917                   /home/rodion/.local/share/JetBrains/Toolbox/apps/android-studio-2/jbr/lib/libnio.so
7f0a500b6000-7f0a500b7000 rw-p 00011000 103:04 3162917                   /home/rodion/.local/share/JetBrains/Toolbox/apps/android-studio-2/jbr/lib/libnio.so
7f0a500b7000-7f0a500c0000 r--p 00000000 103:04 3162891                   /home/rodion/.local/share/JetBrains/Toolbox/apps/android-studio-2/jbr/lib/libzip.so
7f0a500c0000-7f0a500d5000 r-xp 00008000 103:04 3162891                   /home/rodion/.local/share/JetBrains/Toolbox/apps/android-studio-2/jbr/lib/libzip.so
7f0a500d5000-7f0a500d7000 r--p 0001c000 103:04 3162891                   /home/rodion/.local/share/JetBrains/Toolbox/apps/android-studio-2/jbr/lib/libzip.so
7f0a500d7000-7f0a500d8000 rw-p 0001d000 103:04 3162891                   /home/rodion/.local/share/JetBrains/Toolbox/apps/android-studio-2/jbr/lib/libzip.so
7f0a501f2000-7f0a50328000 rw-p 00000000 00:00 0 
7f0a50328000-7f0a50329000 ---p 00000000 00:00 0 
7f0a50329000-7f0a50471000 rw-p 00000000 00:00 0 
7f0a50471000-7f0a50a29000 ---p 00000000 00:00 0 
7f0a50a29000-7f0a50a68000 rw-p 00000000 00:00 0 
7f0a50a68000-7f0a50d29000 ---p 00000000 00:00 0 
7f0a50d29000-7f0a50d2f000 rw-p 00000000 00:00 0 
7f0a50d2f000-7f0a50e15000 ---p 00000000 00:00 0 
7f0a50e15000-7f0a50e1f000 rw-p 00000000 00:00 0 
7f0a50e1f000-7f0a50f00000 ---p 00000000 00:00 0 
7f0a50f00000-7f0a50f04000 ---p 00000000 00:00 0 
7f0a50f04000-7f0a51000000 rw-p 00000000 00:00 0 
7f0a51000000-7f0a51537000 r--p 00000000 103:04 3162900                   /home/rodion/.local/share/JetBrains/Toolbox/apps/android-studio-2/jbr/lib/server/libjvm.so
7f0a51537000-7f0a5210f000 r-xp 00536000 103:04 3162900                   /home/rodion/.local/share/JetBrains/Toolbox/apps/android-studio-2/jbr/lib/server/libjvm.so
7f0a5210f000-7f0a521d1000 r--p 0110d000 103:04 3162900                   /home/rodion/.local/share/JetBrains/Toolbox/apps/android-studio-2/jbr/lib/server/libjvm.so
7f0a521d1000-7f0a521fa000 rw-p 011ce000 103:04 3162900                   /home/rodion/.local/share/JetBrains/Toolbox/apps/android-studio-2/jbr/lib/server/libjvm.so
7f0a521fa000-7f0a5226e000 rw-p 00000000 00:00 0 
7f0a52273000-7f0a522b9000 rw-p 00000000 00:00 0 
7f0a522b9000-7f0a522c0000 ---p 00000000 00:00 0 
7f0a522c0000-7f0a522c8000 rw-s 00000000 103:04 1441815                   /tmp/hsperfdata_rodion/16675
7f0a522c8000-7f0a522da000 r--p 00000000 103:04 3162925                   /home/rodion/.local/share/JetBrains/Toolbox/apps/android-studio-2/jbr/lib/libjava.so
7f0a522da000-7f0a522ec000 r-xp 00011000 103:04 3162925                   /home/rodion/.local/share/JetBrains/Toolbox/apps/android-studio-2/jbr/lib/libjava.so
7f0a522ec000-7f0a522ed000 r--p 00022000 103:04 3162925                   /home/rodion/.local/share/JetBrains/Toolbox/apps/android-studio-2/jbr/lib/libjava.so
7f0a522ed000-7f0a522ef000 rw-p 00022000 103:04 3162925                   /home/rodion/.local/share/JetBrains/Toolbox/apps/android-studio-2/jbr/lib/libjava.so
7f0a522ef000-7f0a522fa000 r--p 00000000 103:04 3162933                   /home/rodion/.local/share/JetBrains/Toolbox/apps/android-studio-2/jbr/lib/libjimage.so
7f0a522fa000-7f0a5230f000 r-xp 0000a000 103:04 3162933                   /home/rodion/.local/share/JetBrains/Toolbox/apps/android-studio-2/jbr/lib/libjimage.so
7f0a5230f000-7f0a52311000 r--p 0001e000 103:04 3162933                   /home/rodion/.local/share/JetBrains/Toolbox/apps/android-studio-2/jbr/lib/libjimage.so
7f0a52311000-7f0a52312000 rw-p 0001f000 103:04 3162933                   /home/rodion/.local/share/JetBrains/Toolbox/apps/android-studio-2/jbr/lib/libjimage.so
7f0a52312000-7f0a52313000 r--p 00000000 103:04 1968582                   /usr/lib/x86_64-linux-gnu/librt.so.1
7f0a52313000-7f0a52314000 r-xp 00001000 103:04 1968582                   /usr/lib/x86_64-linux-gnu/librt.so.1
7f0a52314000-7f0a52315000 r--p 00002000 103:04 1968582                   /usr/lib/x86_64-linux-gnu/librt.so.1
7f0a52315000-7f0a52316000 r--p 00002000 103:04 1968582                   /usr/lib/x86_64-linux-gnu/librt.so.1
7f0a52316000-7f0a52317000 rw-p 00003000 103:04 1968582                   /usr/lib/x86_64-linux-gnu/librt.so.1
7f0a52317000-7f0a52325000 r--p 00000000 103:04 1968538                   /usr/lib/x86_64-linux-gnu/libm.so.6
7f0a52325000-7f0a523a3000 r-xp 0000e000 103:04 1968538                   /usr/lib/x86_64-linux-gnu/libm.so.6
7f0a523a3000-7f0a523fe000 r--p 0008c000 103:04 1968538                   /usr/lib/x86_64-linux-gnu/libm.so.6
7f0a523fe000-7f0a523ff000 r--p 000e6000 103:04 1968538                   /usr/lib/x86_64-linux-gnu/libm.so.6
7f0a523ff000-7f0a52400000 rw-p 000e7000 103:04 1968538                   /usr/lib/x86_64-linux-gnu/libm.so.6
7f0a52400000-7f0a52422000 r--p 00000000 103:04 1968528                   /usr/lib/x86_64-linux-gnu/libc.so.6
7f0a52422000-7f0a5259a000 r-xp 00022000 103:04 1968528                   /usr/lib/x86_64-linux-gnu/libc.so.6
7f0a5259a000-7f0a525f2000 r--p 0019a000 103:04 1968528                   /usr/lib/x86_64-linux-gnu/libc.so.6
7f0a525f2000-7f0a525f6000 r--p 001f1000 103:04 1968528                   /usr/lib/x86_64-linux-gnu/libc.so.6
7f0a525f6000-7f0a525f8000 rw-p 001f5000 103:04 1968528                   /usr/lib/x86_64-linux-gnu/libc.so.6
7f0a525f8000-7f0a52607000 rw-p 00000000 00:00 0 
7f0a52607000-7f0a52608000 r--p 00000000 103:04 1968531                   /usr/lib/x86_64-linux-gnu/libdl.so.2
7f0a52608000-7f0a52609000 r-xp 00001000 103:04 1968531                   /usr/lib/x86_64-linux-gnu/libdl.so.2
7f0a52609000-7f0a5260a000 r--p 00002000 103:04 1968531                   /usr/lib/x86_64-linux-gnu/libdl.so.2
7f0a5260a000-7f0a5260b000 r--p 00002000 103:04 1968531                   /usr/lib/x86_64-linux-gnu/libdl.so.2
7f0a5260b000-7f0a5260c000 rw-p 00003000 103:04 1968531                   /usr/lib/x86_64-linux-gnu/libdl.so.2
7f0a5260c000-7f0a5260d000 r--p 00000000 103:04 1968576                   /usr/lib/x86_64-linux-gnu/libpthread.so.0
7f0a5260d000-7f0a5260e000 r-xp 00001000 103:04 1968576                   /usr/lib/x86_64-linux-gnu/libpthread.so.0
7f0a5260e000-7f0a5260f000 r--p 00002000 103:04 1968576                   /usr/lib/x86_64-linux-gnu/libpthread.so.0
7f0a5260f000-7f0a52610000 r--p 00002000 103:04 1968576                   /usr/lib/x86_64-linux-gnu/libpthread.so.0
7f0a52610000-7f0a52611000 rw-p 00003000 103:04 1968576                   /usr/lib/x86_64-linux-gnu/libpthread.so.0
7f0a52612000-7f0a52613000 r--p 00000000 103:04 3162905                   /home/rodion/.local/share/JetBrains/Toolbox/apps/android-studio-2/jbr/lib/libextnet.so
7f0a52613000-7f0a52615000 r-xp 00000000 103:04 3162905                   /home/rodion/.local/share/JetBrains/Toolbox/apps/android-studio-2/jbr/lib/libextnet.so
7f0a52615000-7f0a52616000 r--p 00001000 103:04 3162905                   /home/rodion/.local/share/JetBrains/Toolbox/apps/android-studio-2/jbr/lib/libextnet.so
7f0a52616000-7f0a52617000 rw-p 00001000 103:04 3162905                   /home/rodion/.local/share/JetBrains/Toolbox/apps/android-studio-2/jbr/lib/libextnet.so
7f0a52617000-7f0a5261b000 r--p 00000000 103:04 3162937                   /home/rodion/.local/share/JetBrains/Toolbox/apps/android-studio-2/jbr/lib/libinstrument.so
7f0a5261b000-7f0a52622000 r-xp 00003000 103:04 3162937                   /home/rodion/.local/share/JetBrains/Toolbox/apps/android-studio-2/jbr/lib/libinstrument.so
7f0a52622000-7f0a52623000 r--p 00009000 103:04 3162937                   /home/rodion/.local/share/JetBrains/Toolbox/apps/android-studio-2/jbr/lib/libinstrument.so
7f0a52623000-7f0a52624000 rw-p 00009000 103:04 3162937                   /home/rodion/.local/share/JetBrains/Toolbox/apps/android-studio-2/jbr/lib/libinstrument.so
7f0a52624000-7f0a52625000 ---p 00000000 00:00 0 
7f0a52625000-7f0a52626000 r--p 00000000 00:00 0 
7f0a52626000-7f0a52627000 ---p 00000000 00:00 0 
7f0a52627000-7f0a52630000 r--p 00000000 103:04 3162906                   /home/rodion/.local/share/JetBrains/Toolbox/apps/android-studio-2/jbr/lib/libjli.so
7f0a52630000-7f0a5263f000 r-xp 00008000 103:04 3162906                   /home/rodion/.local/share/JetBrains/Toolbox/apps/android-studio-2/jbr/lib/libjli.so
7f0a5263f000-7f0a52640000 r--p 00016000 103:04 3162906                   /home/rodion/.local/share/JetBrains/Toolbox/apps/android-studio-2/jbr/lib/libjli.so
7f0a52640000-7f0a52641000 rw-p 00016000 103:04 3162906                   /home/rodion/.local/share/JetBrains/Toolbox/apps/android-studio-2/jbr/lib/libjli.so
7f0a52641000-7f0a52643000 rw-p 00000000 00:00 0 
7f0a52643000-7f0a52644000 r--p 00000000 103:04 1968525                   /usr/lib/x86_64-linux-gnu/ld-linux-x86-64.so.2
7f0a52644000-7f0a5266c000 r-xp 00001000 103:04 1968525                   /usr/lib/x86_64-linux-gnu/ld-linux-x86-64.so.2
7f0a5266c000-7f0a52676000 r--p 00029000 103:04 1968525                   /usr/lib/x86_64-linux-gnu/ld-linux-x86-64.so.2
7f0a52676000-7f0a52678000 r--p 00033000 103:04 1968525                   /usr/lib/x86_64-linux-gnu/ld-linux-x86-64.so.2
7f0a52678000-7f0a5267a000 rw-p 00035000 103:04 1968525                   /usr/lib/x86_64-linux-gnu/ld-linux-x86-64.so.2
7ffe4f947000-7ffe4f968000 rw-p 00000000 00:00 0                          [stack]
7ffe4f996000-7ffe4f99a000 r--p 00000000 00:00 0                          [vvar]
7ffe4f99a000-7ffe4f99c000 r-xp 00000000 00:00 0                          [vdso]
ffffffffff600000-ffffffffff601000 --xp 00000000 00:00 0                  [vsyscall]


VM Arguments:
jvm_args: -XX:+HeapDumpOnOutOfMemoryError -XX:+UseParallelGC -XX:MaxMetaspaceSize=1g --add-opens=java.base/java.util=ALL-UNNAMED --add-opens=java.base/java.lang=ALL-UNNAMED --add-opens=java.base/java.lang.invoke=ALL-UNNAMED --add-opens=java.prefs/java.util.prefs=ALL-UNNAMED --add-opens=java.base/java.nio.charset=ALL-UNNAMED --add-opens=java.base/java.net=ALL-UNNAMED --add-opens=java.base/java.util.concurrent.atomic=ALL-UNNAMED -Xmx4608m -Dfile.encoding=UTF-8 -Duser.country=UA -Duser.language=ru -Duser.variant -javaagent:/home/rodion/.gradle/wrapper/dists/gradle-8.4-bin/1w5dpkrfk8irigvoxmyhowfim/gradle-8.4/lib/agents/gradle-instrumentation-agent-8.4.jar 
java_command: org.gradle.launcher.daemon.bootstrap.GradleDaemon 8.4
java_class_path (initial): /home/rodion/.gradle/wrapper/dists/gradle-8.4-bin/1w5dpkrfk8irigvoxmyhowfim/gradle-8.4/lib/gradle-launcher-8.4.jar
Launcher Type: SUN_STANDARD

[Global flags]
     intx CICompilerCount                          = 4                                         {product} {ergonomic}
   size_t CompressedClassSpaceSize                 = 872415232                                 {product} {ergonomic}
     bool HeapDumpOnOutOfMemoryError               = true                                   {manageable} {command line}
   size_t InitialHeapSize                          = 226492416                                 {product} {ergonomic}
   size_t MaxHeapSize                              = 4831838208                                {product} {command line}
   size_t MaxMetaspaceSize                         = 1073741824                                {product} {command line}
   size_t MaxNewSize                               = 1610612736                                {product} {ergonomic}
   size_t MinHeapDeltaBytes                        = 524288                                    {product} {ergonomic}
   size_t MinHeapSize                              = 8388608                                   {product} {ergonomic}
   size_t NewSize                                  = 75497472                                  {product} {ergonomic}
    uintx NonNMethodCodeHeapSize                   = 5839372                                {pd product} {ergonomic}
    uintx NonProfiledCodeHeapSize                  = 122909434                              {pd product} {ergonomic}
   size_t OldSize                                  = 150994944                                 {product} {ergonomic}
    uintx ProfiledCodeHeapSize                     = 122909434                              {pd product} {ergonomic}
    uintx ReservedCodeCacheSize                    = 251658240                              {pd product} {ergonomic}
     bool SegmentedCodeCache                       = true                                      {product} {ergonomic}
   size_t SoftMaxHeapSize                          = 4831838208                             {manageable} {ergonomic}
     bool UseCompressedClassPointers               = true                           {product lp64_product} {ergonomic}
     bool UseCompressedOops                        = true                           {product lp64_product} {ergonomic}
     bool UseParallelGC                            = true                                      {product} {command line}

Logging:
Log output configuration:
 #0: stdout all=warning uptime,level,tags
 #1: stderr all=off uptime,level,tags

Environment Variables:
JAVA_HOME=/usr/lib/jvm/java-17-openjdk-amd64/bin/java
PATH=/usr/local/sbin:/usr/local/bin:/usr/sbin:/usr/bin:/sbin:/bin:/usr/games:/usr/local/games:/snap/bin:/home/rodion/.local/share/JetBrains/Toolbox/scripts
SHELL=/bin/bash
DISPLAY=:0
LANG=ru_UA.UTF-8

Active Locale:
LC_ALL=ru_UA.UTF-8
LC_COLLATE=ru_UA.UTF-8
LC_CTYPE=ru_UA.UTF-8
LC_MESSAGES=ru_UA.UTF-8
LC_MONETARY=ru_UA.UTF-8
LC_NUMERIC=ru_UA.UTF-8
LC_TIME=ru_UA.UTF-8

Signal Handlers:
   SIGSEGV: crash_handler in libjvm.so, mask=11100100010111111101111111111110, flags=SA_RESTART|SA_SIGINFO, unblocked
    SIGBUS: crash_handler in libjvm.so, mask=11100100010111111101111111111110, flags=SA_RESTART|SA_SIGINFO, unblocked
    SIGFPE: crash_handler in libjvm.so, mask=11100100010111111101111111111110, flags=SA_RESTART|SA_SIGINFO, unblocked
   SIGPIPE: javaSignalHandler in libjvm.so, mask=11100100010111111101111111111110, flags=SA_RESTART|SA_SIGINFO, blocked
   SIGXFSZ: javaSignalHandler in libjvm.so, mask=11100100010111111101111111111110, flags=SA_RESTART|SA_SIGINFO, blocked
    SIGILL: crash_handler in libjvm.so, mask=11100100010111111101111111111110, flags=SA_RESTART|SA_SIGINFO, unblocked
   SIGUSR2: SR_handler in libjvm.so, mask=00100000000000000000000000000000, flags=SA_RESTART|SA_SIGINFO, blocked
    SIGHUP: UserHandler in libjvm.so, mask=11100100010111111101111111111110, flags=SA_RESTART|SA_SIGINFO, blocked
    SIGINT: UserHandler in libjvm.so, mask=11100100010111111101111111111110, flags=SA_RESTART|SA_SIGINFO, blocked
   SIGTERM: UserHandler in libjvm.so, mask=11100100010111111101111111111110, flags=SA_RESTART|SA_SIGINFO, blocked
   SIGQUIT: UserHandler in libjvm.so, mask=11100100010111111101111111111110, flags=SA_RESTART|SA_SIGINFO, blocked
   SIGTRAP: crash_handler in libjvm.so, mask=11100100010111111101111111111110, flags=SA_RESTART|SA_SIGINFO, unblocked


Periodic native trim disabled

JNI global refs:
JNI global refs: 23, weak refs: 3

JNI global refs memory usage: 867, weak refs: 865

OOME stack traces (most recent first):
Classloader memory used:
Loader bootstrap                                                                       : 1866K
Loader org.gradle.internal.classloader.VisitableURLClassLoader                         : 1685K
Loader org.gradle.initialization.MixInLegacyTypesClassLoader                           : 276K
Loader jdk.internal.loader.ClassLoaders$AppClassLoader                                 : 28177B
Loader jdk.internal.loader.ClassLoaders$PlatformClassLoader                            : 3243B
Loader jdk.internal.reflect.DelegatingClassLoader                                      : 2580B

Classes loaded by more than one classloader:
Class org.gradle.internal.installation.GradleInstallation                             : loaded 2 times (x 74B)
Class org.gradle.internal.classpath.ClassPath                                         : loaded 2 times (x 69B)
Class org.gradle.api.internal.classpath.DefaultModuleRegistry                         : loaded 2 times (x 85B)
Class org.gradle.api.Action                                                           : loaded 2 times (x 69B)
Class org.gradle.api.internal.DefaultClassPathProvider                                : loaded 2 times (x 75B)
Class org.gradle.internal.installation.GradleInstallation$1                           : loaded 2 times (x 74B)
Class org.gradle.internal.classloader.FilteringClassLoader                            : loaded 2 times (x 104B)
Class org.gradle.internal.classpath.DefaultClassPath$ImmutableUniqueList$Builder      : loaded 2 times (x 74B)
Class org.gradle.internal.classloader.ClassLoaderVisitor                              : loaded 2 times (x 75B)
Class org.gradle.internal.service.DefaultServiceLocator                               : loaded 2 times (x 82B)
Class org.gradle.internal.service.UnknownServiceException                             : loaded 2 times (x 82B)
Class org.gradle.internal.classloader.DefaultClassLoaderFactory                       : loaded 2 times (x 81B)
Class org.gradle.internal.classloader.VisitableURLClassLoader$Spec                    : loaded 2 times (x 73B)
Class org.gradle.api.GradleException                                                  : loaded 2 times (x 81B)
Class org.gradle.api.internal.classpath.ModuleRegistry                                : loaded 2 times (x 69B)
Class org.gradle.api.internal.ClassPathProvider                                       : loaded 2 times (x 69B)
Class org.gradle.internal.classloader.ClasspathUtil$1                                 : loaded 2 times (x 75B)
Class org.gradle.internal.classloader.ClassLoaderFactory                              : loaded 2 times (x 69B)
Class org.gradle.api.internal.classpath.ManifestUtil                                  : loaded 2 times (x 70B)
Class org.gradle.api.specs.Spec                                                       : loaded 2 times (x 69B)
Class org.gradle.internal.IoActions                                                   : loaded 2 times (x 70B)
Class org.gradle.api.internal.classpath.EffectiveClassPath                            : loaded 2 times (x 89B)
Class org.gradle.internal.installation.CurrentGradleInstallation                      : loaded 2 times (x 72B)
Class org.gradle.internal.agents.InstrumentingClassLoader                             : loaded 2 times (x 69B)
Class org.gradle.internal.installation.CurrentGradleInstallationLocator               : loaded 2 times (x 70B)
Class org.gradle.api.internal.classpath.Module                                        : loaded 2 times (x 69B)
Class org.gradle.internal.service.CachingServiceLocator                               : loaded 2 times (x 81B)
Class org.gradle.internal.classpath.DefaultClassPath                                  : loaded 2 times (x 89B)
Class org.gradle.internal.classloader.SystemClassLoaderSpec                           : loaded 2 times (x 70B)
Class org.gradle.api.UncheckedIOException                                             : loaded 2 times (x 81B)
Class org.gradle.internal.classloader.ClasspathUtil                                   : loaded 2 times (x 70B)
Class org.gradle.api.internal.DefaultClassPathRegistry                                : loaded 2 times (x 75B)
Class org.gradle.api.internal.classpath.DefaultModuleRegistry$DefaultModule           : loaded 2 times (x 85B)
Class org.gradle.api.internal.classpath.UnknownModuleException                        : loaded 2 times (x 81B)
Class org.gradle.internal.service.ServiceLookupException                              : loaded 2 times (x 81B)
Class org.gradle.cache.GlobalCache                                                    : loaded 2 times (x 69B)
Class [Lorg.gradle.api.internal.ClassPathProvider;                                    : loaded 2 times (x 68B)
Class org.gradle.util.internal.GUtil                                                  : loaded 2 times (x 70B)
Class org.gradle.internal.classloader.ClassLoaderSpec                                 : loaded 2 times (x 70B)
Class org.gradle.internal.classloader.VisitableURLClassLoader                         : loaded 2 times (x 116B)
Class org.gradle.internal.Cast                                                        : loaded 2 times (x 70B)
Class org.gradle.api.internal.ClassPathRegistry                                       : loaded 2 times (x 69B)
Class org.gradle.internal.classloader.VisitableURLClassLoader$InstrumentingVisitableURLClassLoader: loaded 2 times (x 122B)
Class org.gradle.internal.classloader.ClassLoaderHierarchy                            : loaded 2 times (x 69B)
Class org.gradle.internal.InternalTransformer                                         : loaded 2 times (x 69B)
Class org.gradle.internal.service.ServiceLocator                                      : loaded 2 times (x 69B)
Class org.gradle.internal.classpath.DefaultClassPath$ImmutableUniqueList              : loaded 2 times (x 160B)
Class org.gradle.internal.classpath.TransformedClassPath                              : loaded 2 times (x 95B)


---------------  S Y S T E M  ---------------

OS:
DISTRIB_ID=Ubuntu
DISTRIB_RELEASE=23.04
DISTRIB_CODENAME=lunar
DISTRIB_DESCRIPTION="Ubuntu 23.04"
uname: Linux 6.2.0-39-generic #40-Ubuntu SMP PREEMPT_DYNAMIC Tue Nov 14 14:18:00 UTC 2023 x86_64
OS uptime: 0 days 1:38 hours
libc: glibc 2.37 NPTL 2.37 
rlimit (soft/hard): STACK 8192k/infinity , CORE 0k/infinity , NPROC 54776/54776 , NOFILE 1048576/1048576 , AS infinity/infinity , CPU infinity/infinity , DATA infinity/infinity , FSIZE infinity/infinity , MEMLOCK 1768584k/1768584k
load average: 1,54 1,02 0,83

/proc/meminfo:
MemTotal:       14148696 kB
MemFree:         1069540 kB
MemAvailable:    5408392 kB
Buffers:          346312 kB
Cached:          4132904 kB
SwapCached:       325384 kB
Active:          3788964 kB
Inactive:        8363056 kB
Active(anon):    1133432 kB
Inactive(anon):  6592560 kB
Active(file):    2655532 kB
Inactive(file):  1770496 kB
Unevictable:          32 kB
Mlocked:              32 kB
SwapTotal:       5858300 kB
SwapFree:        4127996 kB
Zswap:                 0 kB
Zswapped:              0 kB
Dirty:             63628 kB
Writeback:             0 kB
AnonPages:       7556640 kB
Mapped:           653380 kB
Shmem:             53188 kB
KReclaimable:     241024 kB
Slab:             398520 kB
SReclaimable:     241024 kB
SUnreclaim:       157496 kB
KernelStack:       20368 kB
PageTables:        55712 kB
SecPageTables:         0 kB
NFS_Unstable:          0 kB
Bounce:                0 kB
WritebackTmp:          0 kB
CommitLimit:    12932648 kB
Committed_AS:   17990200 kB
VmallocTotal:   34359738367 kB
VmallocUsed:      135700 kB
VmallocChunk:          0 kB
Percpu:            12608 kB
HardwareCorrupted:     0 kB
AnonHugePages:         0 kB
ShmemHugePages:        0 kB
ShmemPmdMapped:        0 kB
FileHugePages:         0 kB
FilePmdMapped:         0 kB
HugePages_Total:       0
HugePages_Free:        0
HugePages_Rsvd:        0
HugePages_Surp:        0
Hugepagesize:       2048 kB
Hugetlb:               0 kB
DirectMap4k:     1053124 kB
DirectMap2M:    13475840 kB
DirectMap1G:           0 kB

/sys/kernel/mm/transparent_hugepage/enabled: always [madvise] never
/sys/kernel/mm/transparent_hugepage/defrag (defrag/compaction efforts parameter): always defer defer+madvise [madvise] never

Process Memory:
Virtual Size: 8846820K (peak: 8910808K)
Resident Set Size: 267160K (peak: 267160K) (anon: 236952K, file: 30208K, shmem: 0K)
Swapped out: 0K
C-Heap outstanding allocations: 134775K, retained: 8740K
glibc malloc tunables: (default)

/proc/sys/kernel/threads-max (system-wide limit on the number of threads): 109553
/proc/sys/vm/max_map_count (maximum number of memory map areas a process may have): 65530
/proc/sys/kernel/pid_max (system-wide limit on number of process identifiers): 4194304

container (cgroup) information:
container_type: cgroupv2
cpu_cpuset_cpus: not supported
cpu_memory_nodes: not supported
active_processor_count: 12
cpu_quota: not supported
cpu_period: not supported
cpu_shares: not supported
memory_limit_in_bytes: unlimited
memory_and_swap_limit_in_bytes: unlimited
memory_soft_limit_in_bytes: unlimited
memory_usage_in_bytes: 9174880 k
memory_max_usage_in_bytes: not supported
memory_swap_current_in_bytes: 1276844 k
memory_swap_max_limit_in_bytes: unlimited
maximum number of tasks: 16432
current number of tasks: 347

Steal ticks since vm start: 0
Steal ticks percentage since vm start:  0,000

CPU: total 16 (initial active 12) (12 cores per cpu, 2 threads per core) family 25 model 80 stepping 0 microcode 0xa50000c, cx8, cmov, fxsr, ht, mmx, 3dnowpref, sse, sse2, sse3, ssse3, sse4a, sse4.1, sse4.2, popcnt, lzcnt, tsc, tscinvbit, avx, avx2, aes, erms, clmul, bmi1, bmi2, adx, sha, fma, vzeroupper, clflush, clflushopt
CPU Model and flags from /proc/cpuinfo:
model name	: AMD Ryzen 5 5600H with Radeon Graphics
flags		: fpu vme de pse tsc msr pae mce cx8 apic sep mtrr pge mca cmov pat pse36 clflush mmx fxsr sse sse2 ht syscall nx mmxext fxsr_opt pdpe1gb rdtscp lm constant_tsc rep_good nopl nonstop_tsc cpuid extd_apicid aperfmperf rapl pni pclmulqdq monitor ssse3 fma cx16 sse4_1 sse4_2 movbe popcnt aes xsave avx f16c rdrand lahf_lm cmp_legacy svm extapic cr8_legacy abm sse4a misalignsse 3dnowprefetch osvw ibs skinit wdt tce topoext perfctr_core perfctr_nb bpext perfctr_llc mwaitx cpb cat_l3 cdp_l3 hw_pstate ssbd mba ibrs ibpb stibp vmmcall fsgsbase bmi1 avx2 smep bmi2 erms invpcid cqm rdt_a rdseed adx smap clflushopt clwb sha_ni xsaveopt xsavec xgetbv1 xsaves cqm_llc cqm_occup_llc cqm_mbm_total cqm_mbm_local clzero irperf xsaveerptr rdpru wbnoinvd cppc arat npt lbrv svm_lock nrip_save tsc_scale vmcb_clean flushbyasid decodeassists pausefilter pfthreshold avic v_vmsave_vmload vgif v_spec_ctrl umip pku ospke vaes vpclmulqdq rdpid overflow_recov succor smca fsrm

Online cpus: 0-11
Offline cpus: 12-15
BIOS frequency limitation: 3300000
Frequency switch latency (ns): 0
Available cpu frequencies: 3300000 1300000 1200000 
Current governor: schedutil
Core performance/turbo boost: 1

Memory: 4k page, physical 14148696k(1069036k free), swap 5858300k(4127996k free)
Page Sizes: 4k

vm_info: OpenJDK 64-Bit Server VM (17.0.9+0-17.0.9b1087.7-11185874) for linux-amd64 JRE (17.0.9+0-17.0.9b1087.7-11185874), built on Dec  6 2023 18:35:35 by "androidbuild" with clang Android (8508608, based on r450784e) Clang 14.0.7 (https://android.googlesource.com/toolchain/llvm-project 4c603efb0cca074e9238af8b4106c30add4418f6)

END.
