#
# A fatal error has been detected by the Java Runtime Environment:
#
#  SIGSEGV (0xb) at pc=0x00007f64bd9737a4, pid=64932, tid=64957
#
# JRE version: OpenJDK Runtime Environment (17.0.9) (build 17.0.9+0-17.0.9b1087.7-11185874)
# Java VM: OpenJDK 64-Bit Server VM (17.0.9+0-17.0.9b1087.7-11185874, mixed mode, tiered, compressed oops, compressed class ptrs, g1 gc, linux-amd64)
# Problematic frame:
# V  [libjvm.so+0x9737a4]  G1ParScanThreadState::trim_queue_to_threshold(unsigned int)+0x764
#
# Core dump will be written. Default location: Core dumps may be processed with "/usr/share/apport/apport -p%p -s%s -c%c -d%d -P%P -u%u -g%g -- %E" (or dumping to /var/www/html/YkisPAM/core.64932)
#
# If you would like to submit a bug report, please visit:
#   https://bugreport.java.com/bugreport/crash.jsp
#

---------------  S U M M A R Y ------------

Command Line: org.jetbrains.kotlin.cli.jvm.K2JVMCompiler @/var/www/html/YkisPAM/app/build/20240125_16421489734105795018.compiler.options

Host: AMD Ryzen 5 5600H with Radeon Graphics, 16 cores, 13G, Ubuntu 23.04
Time: Thu Jan 25 14:23:09 2024 EET elapsed time: 2.186720 seconds (0d 0h 0m 2s)

---------------  T H R E A D  ---------------

Current thread (0x00007f647c0083b0):  GCTaskThread "GC Thread#4" [stack: 0x00007f648d1fd000,0x00007f648d2fd000] [id=64957]

Stack: [0x00007f648d1fd000,0x00007f648d2fd000],  sp=0x00007f648d2fba70,  free space=1018k
Native frames: (J=compiled Java code, j=interpreted, Vv=VM code, C=native code)
V  [libjvm.so+0x9737a4]  G1ParScanThreadState::trim_queue_to_threshold(unsigned int)+0x764
V  [libjvm.so+0x981be8]  G1ScanHRForRegionClosure::scan_memregion(unsigned int, MemRegion)+0x698
V  [libjvm.so+0x9812a6]  G1ScanHRForRegionClosure::scan_heap_roots(HeapRegion*)+0x586
V  [libjvm.so+0x980d03]  G1ScanHRForRegionClosure::do_heap_region(HeapRegion*)+0x53
V  [libjvm.so+0x97efa9]  G1RemSet::scan_heap_roots(G1ParScanThreadState*, unsigned int, G1GCPhaseTimes::GCParPhases, G1GCPhaseTimes::GCParPhases, bool)+0xe9
V  [libjvm.so+0x9370c8]  G1EvacuateRegionsTask::scan_roots(G1ParScanThreadState*, unsigned int)+0x48
V  [libjvm.so+0x936f83]  G1EvacuateRegionsBaseTask::work(unsigned int)+0x83
V  [libjvm.so+0x10bbbec]  GangWorker::run()+0x5c
V  [libjvm.so+0x100dbff]  Thread::call_run()+0xbf
V  [libjvm.so+0xe12ce9]  thread_native_entry(Thread*)+0x119


siginfo: si_signo: 11 (SIGSEGV), si_code: 1 (SEGV_MAPERR), si_addr: 0x0000000329116c78

Registers:
RAX=0x0000000000000003, RBX=0x000000072a3f5e30, RCX=0x00007f64b807f580, RDX=0x0000000000000000
RSP=0x00007f648d2fba70, RBP=0x00007f648d2fbb00, RSI=0x00007f64b8038b50, RDI=0x0000000000001948
R8 =0x00007f64980013e0, R9 =0x0000000000000000, R10=0x00007f64980017b0, R11=0x0000000000000000
R12=0x000000072a3f5eec, R13=0x0000000329116c78, R14=0x0000000000000000, R15=0x000000072a3f5e30
RIP=0x00007f64bd9737a4, EFLAGS=0x0000000000010213, CSGSFS=0x002b000000000033, ERR=0x0000000000000004
  TRAPNO=0x000000000000000e


Register to memory mapping:

RAX=0x0000000000000003 is an unknown value
RBX=0x000000072a3f5e30 is an oop: org.jetbrains.kotlin.com.intellij.psi.impl.source.tree.CompositeElement 
{0x000000072a3f5e30} - klass: 'org/jetbrains/kotlin/com/intellij/psi/impl/source/tree/CompositeElement'
 - ---- fields (total size 7 words):
 - private volatile 'value' 'Ljava/lang/Object;' @12  a 'org/jetbrains/kotlin/com/intellij/util/keyFMap/EmptyFMap'{0x0000000728e11510} (e51c22a2)
 - private volatile 'myStartOffsetInParent' 'I' @16  -1 (ffffffff)
 - private 'myNextSibling' 'Lorg/jetbrains/kotlin/com/intellij/psi/impl/source/tree/TreeElement;' @20  NULL (0)
 - private 'myPrevSibling' 'Lorg/jetbrains/kotlin/com/intellij/psi/impl/source/tree/TreeElement;' @24  a 'org/jetbrains/kotlin/com/intellij/psi/impl/source/tree/CompositeElement'{0x000000072a3f5df8} (e547ebbf)
 - private 'myParent' 'Lorg/jetbrains/kotlin/com/intellij/psi/impl/source/tree/CompositeElement;' @28  a 'org/jetbrains/kotlin/com/intellij/psi/impl/source/tree/CompositeElement'{0x000000072a3f5a00} (e547eb40)
 - private final 'myType' 'Lorg/jetbrains/kotlin/com/intellij/psi/tree/IElementType;' @32  a 'org/jetbrains/kotlin/psi/stubs/elements/KtValueArgumentListElementType'{0x0000000728f34388} (e51e6871)
 - private volatile 'myCachedLength' 'I' @36  23 (17)
 - private volatile 'myHC' 'I' @40  -1 (ffffffff)
 - private 'firstChild' 'Lorg/jetbrains/kotlin/com/intellij/psi/impl/source/tree/TreeElement;' @44  a 'org/jetbrains/kotlin/com/intellij/psi/impl/source/tree/LeafPsiElement'{0x000000072a3f5e68} (e547ebcd)
 - private 'lastChild' 'Lorg/jetbrains/kotlin/com/intellij/psi/impl/source/tree/TreeElement;' @48  a 'org/jetbrains/kotlin/com/intellij/psi/impl/source/tree/LeafPsiElement'{0x000000072a3f5ec8} (e547ebd9)
 - private volatile 'myWrapper' 'Lorg/jetbrains/kotlin/com/intellij/psi/PsiElement;' @52  NULL (0)
RCX=0x00007f64b807f580 points into unknown readable memory: 0x0000000000000000 | 00 00 00 00 00 00 00 00
RDX=0x0 is NULL
RSP=0x00007f648d2fba70 points into unknown readable memory: 0x00007f64980013f8 | f8 13 00 98 64 7f 00 00
RBP=0x00007f648d2fbb00 points into unknown readable memory: 0x00007f648d2fbb80 | 80 bb 2f 8d 64 7f 00 00
RSI=0x00007f64b8038b50 points into unknown readable memory: 0x00007f64be1ae020 | 20 e0 1a be 64 7f 00 00
RDI=0x0000000000001948 is an unknown value
R8 =0x00007f64980013e0 points into unknown readable memory: 0x00007f64be1afe68 | 68 fe 1a be 64 7f 00 00
R9 =0x0 is NULL
R10=0x00007f64980017b0 points into unknown readable memory: 0x00007f64b8038b50 | 50 8b 03 b8 64 7f 00 00
R11=0x0 is NULL
R12=0x000000072a3f5eec is pointing into object: org.jetbrains.kotlin.com.intellij.psi.impl.source.tree.LeafPsiElement 
{0x000000072a3f5ec8} - klass: 'org/jetbrains/kotlin/com/intellij/psi/impl/source/tree/LeafPsiElement'
 - ---- fields (total size 5 words):
 - private volatile 'value' 'Ljava/lang/Object;' @12  a 'org/jetbrains/kotlin/com/intellij/util/keyFMap/EmptyFMap'{0x0000000728e11510} (e51c22a2)
 - private volatile 'myStartOffsetInParent' 'I' @16  -1 (ffffffff)
 - private 'myNextSibling' 'Lorg/jetbrains/kotlin/com/intellij/psi/impl/source/tree/TreeElement;' @20  NULL (0)
 - private 'myPrevSibling' 'Lorg/jetbrains/kotlin/com/intellij/psi/impl/source/tree/TreeElement;' @24  a 'org/jetbrains/kotlin/com/intellij/psi/impl/source/tree/CompositeElement'{0x000000072a3f5e90} (e547ebd2)
 - private 'myParent' 'Lorg/jetbrains/kotlin/com/intellij/psi/impl/source/tree/CompositeElement;' @28  a 'org/jetbrains/kotlin/com/intellij/psi/impl/source/tree/CompositeElement'{0x000000072a3f5e30} (e547ebc6)
 - private final 'myType' 'Lorg/jetbrains/kotlin/com/intellij/psi/tree/IElementType;' @32  a 'org/jetbrains/kotlin/lexer/KtSingleValueToken'{0x000000072979df20} (e52f3be4)
 - private final 'myText' 'Ljava/lang/CharSequence;' @36  
[error occurred during error reporting (printing register info), id 0xb, SIGSEGV (0xb) at pc=0x00007f64bda4a395]

Top of Stack: (sp=0x00007f648d2fba70)
0x00007f648d2fba70:   00007f64980013f8 00007f64980015d8
0x00007f648d2fba80:   00000040ea1bc82c 0000000000000001
0x00007f648d2fba90:   0000000000000000 0000000000000001
0x00007f648d2fbaa0:   0000000000000005 00007f6498001560
0x00007f648d2fbab0:   00000008001aaef0 00007f64b80e0b90
0x00007f648d2fbac0:   0000000000000009 0000000000000100
0x00007f648d2fbad0:   00007f64980013e0 0000000728e4a648
0x00007f648d2fbae0:   0000000000000000 00007f64b8088950
0x00007f648d2fbaf0:   00007f64980013e0 00000000816df919
0x00007f648d2fbb00:   00007f648d2fbb80 00007f64bd981be8
0x00007f648d2fbb10:   000000000000000e 00007f64be1b0178
0x00007f648d2fbb20:   0000000000000000 00007f64b8038b50
0x00007f648d2fbb30:   00007f64980013e0 00007f648d2fbcc8
0x00007f648d2fbb40:   0000000728e49800 00000000000001c0
0x00007f648d2fbb50:   00007f64b80cbb30 00007f64a4c87253
0x00007f648d2fbb60:   0000000728e49800 0000000000000013
0x00007f648d2fbb70:   00007f64b8065f10 0000000000000007
0x00007f648d2fbb80:   00007f648d2fbc50 00007f64bd9812a6
0x00007f648d2fbb90:   0000000000000001 000000000000001c
0x00007f648d2fbba0:   0000000000007240 00007f6444001fd0
0x00007f648d2fbbb0:   00007f6444002100 00007f647c008670
0x00007f648d2fbbc0:   0000000000000006 00007f64440023b8
0x00007f648d2fbbd0:   00000000000003d8 ffff809b5b378dbf
0x00007f648d2fbbe0:   0000000000000000 0000000000000000
0x00007f648d2fbbf0:   00007f6400000000 00007f64bde13939
0x00007f648d2fbc00:   00007f648d2fbc20 00007f64be02023b
0x00007f648d2fbc10:   0000000000000007 00007f648d2fbcc8
0x00007f648d2fbc20:   00007f64a4c87280 00007f648d2fbcc8
0x00007f648d2fbc30:   00007f64b8065f10 0000000000000000
0x00007f648d2fbc40:   00007f64b80cbb30 00007f648d2fbc68
0x00007f648d2fbc50:   00007f648d2fbcb0 00007f64bd980d03
0x00007f648d2fbc60:   00007f64be1af748 00007f64980013e0 

Instructions: (pc=0x00007f64bd9737a4)
0x00007f64bd9736a4:   88 c0 01 00 00 4c 89 f2 48 d3 ea 48 8b 80 b0 01
0x00007f64bd9736b4:   00 00 48 8b 04 d0 8b 80 c0 00 00 00 d1 e8 83 e0
0x00007f64bd9736c4:   01 41 89 80 a0 01 00 00 49 63 80 ec 01 00 00 49
0x00007f64bd9736d4:   63 cf 48 01 c8 31 f6 48 8d 15 7f ca 89 00 80 3a
0x00007f64bd9736e4:   00 40 0f 94 c6 48 8d 15 70 ca 89 00 80 3a 00 48
0x00007f64bd9736f4:   8d 14 b5 0c 00 00 00 49 8d 5c f6 10 0f 84 89 01
0x00007f64bd973704:   00 00 48 8d 0c 8b 48 8d 04 83 49 63 14 16 4c 8d
0x00007f64bd973714:   34 93 48 39 cb 48 0f 42 d9 49 39 c6 4c 0f 47 f0
0x00007f64bd973724:   4c 39 f3 4c 8b 7d a8 0f 83 7f fd ff ff 66 2e 0f
0x00007f64bd973734:   1f 84 00 00 00 00 00 0f 1f 44 00 00 4c 89 ff 48
0x00007f64bd973744:   89 de e8 a5 3a 00 00 48 83 c3 04 4c 39 f3 72 ec
0x00007f64bd973754:   e9 57 fd ff ff 0f 1f 80 00 00 00 00 45 8b 6c 24
0x00007f64bd973764:   ff 48 8d 15 04 23 86 00 8b 42 08 89 c1 49 d3 e5
0x00007f64bd973774:   48 8b 12 49 01 d5 49 8b 70 08 8a 8e 90 05 00 00
0x00007f64bd973784:   4c 89 ef 48 d3 ef 48 8b 8e 80 05 00 00 44 0f b7
0x00007f64bd973794:   34 79 66 45 85 f6 0f 88 10 fd ff ff 49 83 c4 ff
0x00007f64bd9737a4:   49 8b 5d 00 89 d9 f7 d1 f6 c1 03 0f 85 8d 00 00
0x00007f64bd9737b4:   00 89 d9 83 e1 07 48 83 e3 fc 83 f9 05 41 bf 00
0x00007f64bd9737c4:   00 00 00 4c 0f 45 fb 48 8d 0d f7 ca 89 00 80 39
0x00007f64bd9737d4:   00 4c 0f 44 fb e9 c2 05 00 00 4d 8b 14 24 49 8b
0x00007f64bd9737e4:   40 08 8a 88 90 05 00 00 4c 89 d2 48 d3 ea 48 8b
0x00007f64bd9737f4:   80 80 05 00 00 0f b7 1c 50 66 85 db 0f 88 aa fc
0x00007f64bd973804:   ff ff 4d 8b 3a 44 89 f8 f7 d0 a8 03 0f 85 c3 00
0x00007f64bd973814:   00 00 44 89 f8 83 e0 07 49 83 e7 fc 83 f8 05 4d
0x00007f64bd973824:   89 fd b8 00 00 00 00 4c 0f 44 e8 48 8d 05 93 ca
0x00007f64bd973834:   89 00 80 38 00 4d 0f 44 ef e9 36 0a 00 00 48 89
0x00007f64bd973844:   5d c0 48 8d 05 14 c9 89 00 8a 00 84 c0 0f 84 c3
0x00007f64bd973854:   00 00 00 41 8b 7d 08 48 8d 15 1e 22 86 00 8a 4a
0x00007f64bd973864:   08 48 d3 e7 48 03 3a 44 8b 7f 08 45 85 ff 48 89
0x00007f64bd973874:   7d b0 0f 8e b3 00 00 00 41 f6 c7 01 0f 85 ae 00
0x00007f64bd973884:   00 00 41 c1 ef 03 e9 24 01 00 00 4c 8d 24 cb 45
0x00007f64bd973894:   85 ff 4c 0f 4e e3 41 8b 0c 16 39 c1 0f 4f c8 48 


Stack slot to memory mapping:
stack at sp + 0 slots: 0x00007f64980013f8 points into unknown readable memory: 0x00007f64be1b0070 | 70 00 1b be 64 7f 00 00
stack at sp + 1 slots: 0x00007f64980015d8 points into unknown readable memory: 0x0000000000000000 | 00 00 00 00 00 00 00 00
stack at sp + 2 slots: 0x00000040ea1bc82c is an unknown value
stack at sp + 3 slots: 0x0000000000000001 is an unknown value
stack at sp + 4 slots: 0x0 is NULL
stack at sp + 5 slots: 0x0000000000000001 is an unknown value
stack at sp + 6 slots: 0x0000000000000005 is an unknown value
stack at sp + 7 slots: 0x00007f6498001560 points into unknown readable memory: 0x00007f64be1aff28 | 28 ff 1a be 64 7f 00 00


---------------  P R O C E S S  ---------------

Threads class SMR info:
_java_thread_list=0x00007f64b92e9420, length=14, elements={
0x00007f64b8026360, 0x00007f64b81d7770, 0x00007f64b81d8dd0, 0x00007f64b8208fc0,
0x00007f64b820a380, 0x00007f64b820b7a0, 0x00007f64b81fe290, 0x00007f64b81ff780,
0x00007f64b8200c00, 0x00007f64b8296a10, 0x00007f64b82a2340, 0x00007f64680662d0,
0x00007f645c1b26c0, 0x00007f64b92e86e0
}

Java Threads: ( => current thread )
  0x00007f64b8026360 JavaThread "main" [_thread_blocked, id=64934, stack(0x00007f64bcf00000,0x00007f64bd000000)]
  0x00007f64b81d7770 JavaThread "Reference Handler" daemon [_thread_blocked, id=64941, stack(0x00007f649ca7d000,0x00007f649cb7d000)]
  0x00007f64b81d8dd0 JavaThread "Finalizer" daemon [_thread_blocked, id=64942, stack(0x00007f649c97d000,0x00007f649ca7d000)]
  0x00007f64b8208fc0 JavaThread "Signal Dispatcher" daemon [_thread_blocked, id=64943, stack(0x00007f649c300000,0x00007f649c400000)]
  0x00007f64b820a380 JavaThread "Service Thread" daemon [_thread_blocked, id=64944, stack(0x00007f649c200000,0x00007f649c300000)]
  0x00007f64b820b7a0 JavaThread "Monitor Deflation Thread" daemon [_thread_blocked, id=64945, stack(0x00007f649c100000,0x00007f649c200000)]
  0x00007f64b81fe290 JavaThread "C2 CompilerThread0" daemon [_thread_blocked, id=64946, stack(0x00007f649c000000,0x00007f649c100000)]
  0x00007f64b81ff780 JavaThread "C1 CompilerThread0" daemon [_thread_blocked, id=64947, stack(0x00007f648df00000,0x00007f648e000000)]
  0x00007f64b8200c00 JavaThread "Sweeper thread" daemon [_thread_blocked, id=64948, stack(0x00007f648de00000,0x00007f648df00000)]
  0x00007f64b8296a10 JavaThread "Notification Thread" daemon [_thread_blocked, id=64949, stack(0x00007f648dd00000,0x00007f648de00000)]
  0x00007f64b82a2340 JavaThread "Common-Cleaner" daemon [_thread_blocked, id=64951, stack(0x00007f648daff000,0x00007f648dbff000)]
  0x00007f64680662d0 JavaThread "C2 CompilerThread1" daemon [_thread_blocked, id=64952, stack(0x00007f648d9ce000,0x00007f648dace000)]
  0x00007f645c1b26c0 JavaThread "C2 CompilerThread2" daemon [_thread_blocked, id=64953, stack(0x00007f648d8ce000,0x00007f648d9ce000)]
  0x00007f64b92e86e0 JavaThread "DirectBufferWrapper allocation thread" daemon [_thread_blocked, id=64976, stack(0x00007f648c9f5000,0x00007f648caf5000)]

Other Threads:
  0x00007f64b81c7ae0 VMThread "VM Thread" [stack: 0x00007f649cb7e000,0x00007f649cc7e000] [id=64940]
  0x00007f64b81876b0 WatcherThread [stack: 0x00007f648dc00000,0x00007f648dd00000] [id=64950]
  0x00007f64b8087e80 GCTaskThread "GC Thread#0" [stack: 0x00007f64bc220000,0x00007f64bc320000] [id=64935]
  0x00007f647c006580 GCTaskThread "GC Thread#1" [stack: 0x00007f648d500000,0x00007f648d600000] [id=64954]
  0x00007f647c006f90 GCTaskThread "GC Thread#2" [stack: 0x00007f648d3ff000,0x00007f648d4ff000] [id=64955]
  0x00007f647c0079a0 GCTaskThread "GC Thread#3" [stack: 0x00007f648d2fe000,0x00007f648d3fe000] [id=64956]
=>0x00007f647c0083b0 GCTaskThread "GC Thread#4" [stack: 0x00007f648d1fd000,0x00007f648d2fd000] [id=64957]
  0x00007f647c00db20 GCTaskThread "GC Thread#5" [stack: 0x00007f648d0fc000,0x00007f648d1fc000] [id=64958]
  0x00007f647c00c650 GCTaskThread "GC Thread#6" [stack: 0x00007f648cffb000,0x00007f648d0fb000] [id=64959]
  0x00007f647c00cdf0 GCTaskThread "GC Thread#7" [stack: 0x00007f648cefa000,0x00007f648cffa000] [id=64960]
  0x00007f647c00ff30 GCTaskThread "GC Thread#8" [stack: 0x00007f648cdf9000,0x00007f648cef9000] [id=64961]
  0x00007f647c00fad0 GCTaskThread "GC Thread#9" [stack: 0x00007f648caf6000,0x00007f648cbf6000] [id=64964]
  0x00007f64b8096c20 ConcurrentGCThread "G1 Main Marker" [stack: 0x00007f64bc11f000,0x00007f64bc21f000] [id=64936]
  0x00007f64b8097b90 ConcurrentGCThread "G1 Conc#0" [stack: 0x00007f64bc01e000,0x00007f64bc11e000] [id=64937]
  0x00007f6490000eb0 ConcurrentGCThread "G1 Conc#1" [stack: 0x00007f648ccf8000,0x00007f648cdf8000] [id=64962]
  0x00007f6490001900 ConcurrentGCThread "G1 Conc#2" [stack: 0x00007f648cbf7000,0x00007f648ccf7000] [id=64963]
  0x00007f64b8141b40 ConcurrentGCThread "G1 Refine#0" [stack: 0x00007f649cfb7000,0x00007f649d0b7000] [id=64938]
  0x00007f64b8142a40 ConcurrentGCThread "G1 Service" [stack: 0x00007f649ceb6000,0x00007f649cfb6000] [id=64939]

Threads with active compile tasks:
C2 CompilerThread0     2207 3778   !   4       jdk.internal.loader.BuiltinClassLoader::findClassOnClassPathOrNull (64 bytes)
C2 CompilerThread1     2207 3782       4       org.jetbrains.kotlin.com.intellij.psi.impl.source.CharTableImpl::intern (71 bytes)
C2 CompilerThread2     2207 3783       4       org.jetbrains.kotlin.com.intellij.psi.impl.source.CharTableImpl$StringHashToCharSequencesMap::access$100 (10 bytes)

VM state: at safepoint (normal execution)

VM Mutex/Monitor currently owned by a thread:  ([mutex/lock_event])
[0x00007f64b80232e0] Threads_lock - owner thread: 0x00007f64b81c7ae0
[0x00007f64b8023b50] Heap_lock - owner thread: 0x00007f64b8026360

Heap address: 0x0000000728000000, size: 3456 MB, Compressed Oops mode: Zero based, Oop shift amount: 3

CDS archive(s) not mapped
Compressed class space mapped at: 0x0000000800000000-0x0000000840000000, reserved size: 1073741824
Narrow klass base: 0x0000000800000000, Narrow klass shift: 0, Narrow klass range: 0x40000000

GC Precious Log:
 CPUs: 16 total, 12 available
 Memory: 13817M
 Large Page Support: Disabled
 NUMA Support: Disabled
 Compressed Oops: Enabled (Zero based)
 Heap Region Size: 2M
 Heap Min Capacity: 8M
 Heap Initial Capacity: 216M
 Heap Max Capacity: 3456M
 Pre-touch: Disabled
 Parallel Workers: 10
 Concurrent Workers: 3
 Concurrent Refinement Workers: 10
 Periodic GC: Disabled

Heap:
 garbage-first heap   total 90112K, used 64037K [0x0000000728000000, 0x0000000800000000)
  region size 2048K, 15 young (30720K), 2 survivors (4096K)
 Metaspace       used 47506K, committed 47744K, reserved 1114112K
  class space    used 5697K, committed 5824K, reserved 1048576K

Heap Regions: E=young(eden), S=young(survivor), O=old, HS=humongous(starts), HC=humongous(continues), CS=collection set, F=free, OA=open archive, CA=closed archive, TAMS=top-at-mark-start (previous, next)
|   0|0x0000000728000000, 0x0000000728200000, 0x0000000728200000|100%|HS|  |TAMS 0x0000000728200000, 0x0000000728000000| Complete 
|   1|0x0000000728200000, 0x0000000728400000, 0x0000000728400000|100%|HC|  |TAMS 0x0000000728400000, 0x0000000728200000| Complete 
|   2|0x0000000728400000, 0x0000000728600000, 0x0000000728600000|100%| O|  |TAMS 0x0000000728600000, 0x0000000728400000| Untracked 
|   3|0x0000000728600000, 0x0000000728800000, 0x0000000728800000|100%| O|  |TAMS 0x0000000728800000, 0x0000000728600000| Untracked 
|   4|0x0000000728800000, 0x0000000728a00000, 0x0000000728a00000|100%| O|  |TAMS 0x0000000728a00000, 0x0000000728800000| Untracked 
|   5|0x0000000728a00000, 0x0000000728c00000, 0x0000000728c00000|100%| O|  |TAMS 0x0000000728c00000, 0x0000000728a00000| Complete 
|   6|0x0000000728c00000, 0x0000000728e00000, 0x0000000728e00000|100%| O|  |TAMS 0x0000000728c00000, 0x0000000728c00000| Untracked 
|   7|0x0000000728e00000, 0x0000000729000000, 0x0000000729000000|100%| O|  |TAMS 0x0000000729000000, 0x0000000728e00000| Untracked 
|   8|0x0000000729000000, 0x0000000729200000, 0x0000000729200000|100%| O|  |TAMS 0x0000000729200000, 0x0000000729000000| Untracked 
|   9|0x0000000729200000, 0x0000000729400000, 0x0000000729400000|100%| O|  |TAMS 0x0000000729400000, 0x0000000729200000| Untracked 
|  10|0x0000000729400000, 0x0000000729600000, 0x0000000729600000|100%| O|  |TAMS 0x0000000729600000, 0x0000000729400000| Untracked 
|  11|0x0000000729600000, 0x0000000729800000, 0x0000000729800000|100%| O|  |TAMS 0x0000000729800000, 0x0000000729600000| Untracked 
|  12|0x0000000729800000, 0x0000000729a00000, 0x0000000729a00000|100%| O|  |TAMS 0x0000000729a00000, 0x0000000729800000| Untracked 
|  13|0x0000000729a00000, 0x0000000729c00000, 0x0000000729c00000|100%| O|  |TAMS 0x0000000729ae7c00, 0x0000000729a00000| Untracked 
|  14|0x0000000729c00000, 0x0000000729e00000, 0x0000000729e00000|100%| O|  |TAMS 0x0000000729c00000, 0x0000000729c00000| Untracked 
|  15|0x0000000729e00000, 0x000000072a000000, 0x000000072a000000|100%|HS|  |TAMS 0x0000000729e00000, 0x0000000729e00000| Complete 
|  16|0x000000072a000000, 0x000000072a200000, 0x000000072a200000|100%| O|  |TAMS 0x000000072a000000, 0x000000072a000000| Untracked 
|  17|0x000000072a200000, 0x000000072a400000, 0x000000072a400000|100%| O|  |TAMS 0x000000072a200000, 0x000000072a200000| Untracked 
|  18|0x000000072a400000, 0x000000072a492a10, 0x000000072a600000| 28%| O|  |TAMS 0x000000072a400000, 0x000000072a400000| Untracked 
|  19|0x000000072a600000, 0x000000072a600000, 0x000000072a800000|  0%| F|  |TAMS 0x000000072a600000, 0x000000072a600000| Untracked 
|  20|0x000000072a800000, 0x000000072a800000, 0x000000072aa00000|  0%| F|  |TAMS 0x000000072a800000, 0x000000072a800000| Untracked 
|  21|0x000000072aa00000, 0x000000072aa00000, 0x000000072ac00000|  0%| F|  |TAMS 0x000000072aa00000, 0x000000072aa00000| Untracked 
|  22|0x000000072ac00000, 0x000000072ac00000, 0x000000072ae00000|  0%| F|  |TAMS 0x000000072ac00000, 0x000000072ac00000| Untracked 
|  23|0x000000072ae00000, 0x000000072ae00000, 0x000000072b000000|  0%| F|  |TAMS 0x000000072ae00000, 0x000000072ae00000| Untracked 
|  24|0x000000072b000000, 0x000000072b000000, 0x000000072b200000|  0%| F|  |TAMS 0x000000072b000000, 0x000000072b000000| Untracked 
|  25|0x000000072b200000, 0x000000072b400000, 0x000000072b400000|100%| E|CS|TAMS 0x000000072b200000, 0x000000072b200000| Complete 
|  26|0x000000072b400000, 0x000000072b400000, 0x000000072b600000|  0%| F|  |TAMS 0x000000072b400000, 0x000000072b400000| Untracked 
|  27|0x000000072b600000, 0x000000072b7f78c0, 0x000000072b800000| 98%| S|  |TAMS 0x000000072b600000, 0x000000072b600000| Complete 
|  28|0x000000072b800000, 0x000000072ba00000, 0x000000072ba00000|100%| E|CS|TAMS 0x000000072b800000, 0x000000072b800000| Complete 
|  29|0x000000072ba00000, 0x000000072bc00000, 0x000000072bc00000|100%| E|CS|TAMS 0x000000072ba00000, 0x000000072ba00000| Complete 
|  30|0x000000072bc00000, 0x000000072be00000, 0x000000072be00000|100%| S|  |TAMS 0x000000072bc00000, 0x000000072bc00000| Complete 
|  31|0x000000072be00000, 0x000000072c000000, 0x000000072c000000|100%| E|CS|TAMS 0x000000072be00000, 0x000000072be00000| Complete 
|  32|0x000000072c000000, 0x000000072c200000, 0x000000072c200000|100%| E|CS|TAMS 0x000000072c000000, 0x000000072c000000| Complete 
|  33|0x000000072c200000, 0x000000072c400000, 0x000000072c400000|100%| E|CS|TAMS 0x000000072c200000, 0x000000072c200000| Complete 
|  34|0x000000072c400000, 0x000000072c600000, 0x000000072c600000|100%| E|CS|TAMS 0x000000072c400000, 0x000000072c400000| Complete 
|  35|0x000000072c600000, 0x000000072c800000, 0x000000072c800000|100%| E|CS|TAMS 0x000000072c600000, 0x000000072c600000| Complete 
|  36|0x000000072c800000, 0x000000072ca00000, 0x000000072ca00000|100%| E|CS|TAMS 0x000000072c800000, 0x000000072c800000| Complete 
|  37|0x000000072ca00000, 0x000000072cc00000, 0x000000072cc00000|100%| E|CS|TAMS 0x000000072ca00000, 0x000000072ca00000| Complete 
|  38|0x000000072cc00000, 0x000000072ce00000, 0x000000072ce00000|100%| E|CS|TAMS 0x000000072cc00000, 0x000000072cc00000| Complete 
|  39|0x000000072ce00000, 0x000000072d000000, 0x000000072d000000|100%| E|CS|TAMS 0x000000072ce00000, 0x000000072ce00000| Complete 
|  40|0x000000072d000000, 0x000000072d200000, 0x000000072d200000|100%| E|CS|TAMS 0x000000072d000000, 0x000000072d000000| Complete 
|  41|0x000000072d200000, 0x000000072d400000, 0x000000072d400000|100%| E|CS|TAMS 0x000000072d200000, 0x000000072d200000| Complete 
|  90|0x0000000733400000, 0x0000000733600000, 0x0000000733600000|100%| E|CS|TAMS 0x0000000733400000, 0x0000000733400000| Complete 
| 107|0x0000000735600000, 0x0000000735800000, 0x0000000735800000|100%| E|CS|TAMS 0x0000000735600000, 0x0000000735600000| Complete 

Card table byte_map: [0x00007f64a4c80000,0x00007f64a5340000] _byte_map_base: 0x00007f64a1340000

Marking Bits (Prev, Next): (CMBitMap*) 0x00007f64b8088950, (CMBitMap*) 0x00007f64b8088910
 Prev Bits: [0x00007f649d9c0000, 0x00007f64a0fc0000)
 Next Bits: [0x00007f64a0fc0000, 0x00007f64a45c0000)

Polling page: 0x00007f64be69a000

Metaspace:

Usage:
  Non-class:     40,83 MB used.
      Class:      5,56 MB used.
       Both:     46,39 MB used.

Virtual space:
  Non-class space:       64,00 MB reserved,      40,94 MB ( 64%) committed,  1 nodes.
      Class space:        1,00 GB reserved,       5,69 MB ( <1%) committed,  1 nodes.
             Both:        1,06 GB reserved,      46,62 MB (  4%) committed. 

Chunk freelists:
   Non-Class:  7,08 MB
       Class:  10,17 MB
        Both:  17,25 MB

MaxMetaspaceSize: unlimited
CompressedClassSpaceSize: 1,00 GB
Initial GC threshold: 21,00 MB
Current GC threshold: 70,12 MB
CDS: off
MetaspaceReclaimPolicy: balanced
 - commit_granule_bytes: 65536.
 - commit_granule_words: 8192.
 - virtual_space_node_default_size: 8388608.
 - enlarge_chunks_in_place: 1.
 - new_chunks_are_fully_committed: 0.
 - uncommit_free_chunks: 1.
 - use_allocation_guard: 0.
 - handle_deallocations: 1.


Internal statistics:

num_allocs_failed_limit: 6.
num_arena_births: 198.
num_arena_deaths: 0.
num_vsnodes_births: 2.
num_vsnodes_deaths: 0.
num_space_committed: 744.
num_space_uncommitted: 0.
num_chunks_returned_to_freelist: 6.
num_chunks_taken_from_freelist: 1570.
num_chunk_merges: 6.
num_chunk_splits: 1275.
num_chunks_enlarged: 1115.
num_inconsistent_stats: 0.

CodeHeap 'non-profiled nmethods': size=120028Kb used=2059Kb max_used=2059Kb free=117968Kb
 bounds [0x00007f64ad4c9000, 0x00007f64ad739000, 0x00007f64b4a00000]
CodeHeap 'profiled nmethods': size=120028Kb used=7557Kb max_used=7557Kb free=112470Kb
 bounds [0x00007f64a5a00000, 0x00007f64a6170000, 0x00007f64acf37000]
CodeHeap 'non-nmethods': size=5704Kb used=1278Kb max_used=1318Kb free=4425Kb
 bounds [0x00007f64acf37000, 0x00007f64ad1a7000, 0x00007f64ad4c9000]
 total_blobs=4426 nmethods=3833 adapters=505
 compilation: enabled
              stopped_count=0, restarted_count=0
 full_count=0

Compilation events (20 events):
Event: 2,164 Thread 0x00007f64b81ff780 3841       3       org.jetbrains.kotlin.cli.jvm.index.JvmDependenciesIndexImpl::getRootCache (15 bytes)
Event: 2,164 Thread 0x00007f64b81ff780 nmethod 3841 0x00007f64a6161010 code [0x00007f64a61611c0, 0x00007f64a6161480]
Event: 2,164 Thread 0x00007f64b81ff780 3844       1       org.jetbrains.kotlin.load.java.typeEnhancement.AbstractSignatureParts$TypeAndDefaultQualifiers::getTypeParameterForArgument (5 bytes)
Event: 2,164 Thread 0x00007f64b81ff780 nmethod 3844 0x00007f64ad6ca290 code [0x00007f64ad6ca420, 0x00007f64ad6ca4f0]
Event: 2,164 Thread 0x00007f64b81ff780 3849       1       org.jetbrains.kotlin.types.FlexibleType::getLowerBound (5 bytes)
Event: 2,164 Thread 0x00007f64b81ff780 nmethod 3849 0x00007f64ad6ca590 code [0x00007f64ad6ca720, 0x00007f64ad6ca7f0]
Event: 2,164 Thread 0x00007f64b81ff780 3851       1       org.jetbrains.kotlin.types.DelegatingSimpleTypeImpl::getDelegate (5 bytes)
Event: 2,164 Thread 0x00007f64b81ff780 nmethod 3851 0x00007f64ad6ca890 code [0x00007f64ad6caa20, 0x00007f64ad6caaf0]
Event: 2,164 Thread 0x00007f64b81ff780 3847       1       org.jetbrains.kotlin.load.java.lazy.descriptors.LazyJavaClassMemberScope::getOwnerDescriptor (5 bytes)
Event: 2,164 Thread 0x00007f64b81ff780 nmethod 3847 0x00007f64ad6cab90 code [0x00007f64ad6cad20, 0x00007f64ad6cadf0]
Event: 2,164 Thread 0x00007f64b81ff780 3848       1       org.jetbrains.kotlin.load.java.lazy.JavaResolverComponents::getLookupTracker (5 bytes)
Event: 2,164 Thread 0x00007f64b81ff780 nmethod 3848 0x00007f64ad6cae90 code [0x00007f64ad6cb020, 0x00007f64ad6cb0f0]
Event: 2,164 Thread 0x00007f64b81ff780 3845       1       org.jetbrains.kotlin.load.java.typeEnhancement.SignatureParts::getContainerApplicabilityType (5 bytes)
Event: 2,165 Thread 0x00007f64b81ff780 nmethod 3845 0x00007f64ad6cb190 code [0x00007f64ad6cb320, 0x00007f64ad6cb3f0]
Event: 2,165 Thread 0x00007f64b81ff780 3843       1       org.jetbrains.kotlin.load.java.lazy.JavaResolverComponents::getFinder (5 bytes)
Event: 2,165 Thread 0x00007f64b81ff780 nmethod 3843 0x00007f64ad6cb490 code [0x00007f64ad6cb620, 0x00007f64ad6cb6f0]
Event: 2,165 Thread 0x00007f64b81ff780 3852       1       org.jetbrains.kotlin.utils.SmartSet::getSize (5 bytes)
Event: 2,165 Thread 0x00007f64b81ff780 nmethod 3852 0x00007f64ad6cb790 code [0x00007f64ad6cb920, 0x00007f64ad6cb9f0]
Event: 2,165 Thread 0x00007f64b81ff780 3850       1       org.jetbrains.kotlin.load.java.structure.impl.classFiles.BinaryJavaClass::getLightClassOriginKind (2 bytes)
Event: 2,165 Thread 0x00007f64b81ff780 nmethod 3850 0x00007f64ad6cba90 code [0x00007f64ad6cbc20, 0x00007f64ad6cbcf0]

GC Heap History (20 events):
Event: 0,601 GC heap after
{Heap after GC invocations=2 (full 0):
 garbage-first heap   total 221184K, used 8145K [0x0000000728000000, 0x0000000800000000)
  region size 2048K, 2 young (4096K), 2 survivors (4096K)
 Metaspace       used 21390K, committed 21504K, reserved 1114112K
  class space    used 2308K, committed 2368K, reserved 1048576K
}
Event: 0,728 GC heap before
{Heap before GC invocations=3 (full 0):
 garbage-first heap   total 34816K, used 24529K [0x0000000728000000, 0x0000000800000000)
  region size 2048K, 10 young (20480K), 2 survivors (4096K)
 Metaspace       used 24118K, committed 24384K, reserved 1114112K
  class space    used 2915K, committed 3008K, reserved 1048576K
}
Event: 0,733 GC heap after
{Heap after GC invocations=4 (full 0):
 garbage-first heap   total 34816K, used 13943K [0x0000000728000000, 0x0000000800000000)
  region size 2048K, 4 young (8192K), 4 survivors (8192K)
 Metaspace       used 24118K, committed 24384K, reserved 1114112K
  class space    used 2915K, committed 3008K, reserved 1048576K
}
Event: 0,758 GC heap before
{Heap before GC invocations=4 (full 0):
 garbage-first heap   total 34816K, used 22135K [0x0000000728000000, 0x0000000800000000)
  region size 2048K, 8 young (16384K), 4 survivors (8192K)
 Metaspace       used 24152K, committed 24384K, reserved 1114112K
  class space    used 2915K, committed 3008K, reserved 1048576K
}
Event: 0,764 GC heap after
{Heap after GC invocations=5 (full 0):
 garbage-first heap   total 34816K, used 13220K [0x0000000728000000, 0x0000000800000000)
  region size 2048K, 1 young (2048K), 1 survivors (2048K)
 Metaspace       used 24152K, committed 24384K, reserved 1114112K
  class space    used 2915K, committed 3008K, reserved 1048576K
}
Event: 0,796 GC heap before
{Heap before GC invocations=5 (full 0):
 garbage-first heap   total 34816K, used 23460K [0x0000000728000000, 0x0000000800000000)
  region size 2048K, 6 young (12288K), 1 survivors (2048K)
 Metaspace       used 24281K, committed 24512K, reserved 1114112K
  class space    used 2915K, committed 3008K, reserved 1048576K
}
Event: 0,800 GC heap after
{Heap after GC invocations=6 (full 0):
 garbage-first heap   total 34816K, used 15963K [0x0000000728000000, 0x0000000800000000)
  region size 2048K, 1 young (2048K), 1 survivors (2048K)
 Metaspace       used 24281K, committed 24512K, reserved 1114112K
  class space    used 2915K, committed 3008K, reserved 1048576K
}
Event: 0,822 GC heap before
{Heap before GC invocations=6 (full 0):
 garbage-first heap   total 34816K, used 26203K [0x0000000728000000, 0x0000000800000000)
  region size 2048K, 5 young (10240K), 1 survivors (2048K)
 Metaspace       used 24422K, committed 24576K, reserved 1114112K
  class space    used 2939K, committed 3008K, reserved 1048576K
}
Event: 0,826 GC heap after
{Heap after GC invocations=7 (full 0):
 garbage-first heap   total 34816K, used 20778K [0x0000000728000000, 0x0000000800000000)
  region size 2048K, 1 young (2048K), 1 survivors (2048K)
 Metaspace       used 24422K, committed 24576K, reserved 1114112K
  class space    used 2939K, committed 3008K, reserved 1048576K
}
Event: 0,889 GC heap before
{Heap before GC invocations=7 (full 0):
 garbage-first heap   total 34816K, used 24874K [0x0000000728000000, 0x0000000800000000)
  region size 2048K, 3 young (6144K), 1 survivors (2048K)
 Metaspace       used 25218K, committed 25408K, reserved 1114112K
  class space    used 3089K, committed 3200K, reserved 1048576K
}
Event: 0,892 GC heap after
{Heap after GC invocations=8 (full 0):
 garbage-first heap   total 129024K, used 22396K [0x0000000728000000, 0x0000000800000000)
  region size 2048K, 1 young (2048K), 1 survivors (2048K)
 Metaspace       used 25218K, committed 25408K, reserved 1114112K
  class space    used 3089K, committed 3200K, reserved 1048576K
}
Event: 1,246 GC heap before
{Heap before GC invocations=9 (full 0):
 garbage-first heap   total 90112K, used 65404K [0x0000000728000000, 0x0000000800000000)
  region size 2048K, 23 young (47104K), 1 survivors (2048K)
 Metaspace       used 33214K, committed 33408K, reserved 1114112K
  class space    used 4111K, committed 4224K, reserved 1048576K
}
Event: 1,252 GC heap after
{Heap after GC invocations=10 (full 0):
 garbage-first heap   total 90112K, used 26149K [0x0000000728000000, 0x0000000800000000)
  region size 2048K, 4 young (8192K), 4 survivors (8192K)
 Metaspace       used 33214K, committed 33408K, reserved 1114112K
  class space    used 4111K, committed 4224K, reserved 1048576K
}
Event: 1,264 GC heap before
{Heap before GC invocations=10 (full 0):
 garbage-first heap   total 90112K, used 28197K [0x0000000728000000, 0x0000000800000000)
  region size 2048K, 5 young (10240K), 4 survivors (8192K)
 Metaspace       used 33609K, committed 33792K, reserved 1114112K
  class space    used 4147K, committed 4224K, reserved 1048576K
}
Event: 1,268 GC heap after
{Heap after GC invocations=11 (full 0):
 garbage-first heap   total 90112K, used 26484K [0x0000000728000000, 0x0000000800000000)
  region size 2048K, 1 young (2048K), 1 survivors (2048K)
 Metaspace       used 33609K, committed 33792K, reserved 1114112K
  class space    used 4147K, committed 4224K, reserved 1048576K
}
Event: 1,549 GC heap before
{Heap before GC invocations=11 (full 0):
 garbage-first heap   total 90112K, used 57204K [0x0000000728000000, 0x0000000800000000)
  region size 2048K, 16 young (32768K), 1 survivors (2048K)
 Metaspace       used 40560K, committed 40832K, reserved 1114112K
  class space    used 4869K, committed 4992K, reserved 1048576K
}
Event: 1,551 GC heap after
{Heap after GC invocations=12 (full 0):
 garbage-first heap   total 90112K, used 27816K [0x0000000728000000, 0x0000000800000000)
  region size 2048K, 2 young (4096K), 2 survivors (4096K)
 Metaspace       used 40560K, committed 40832K, reserved 1114112K
  class space    used 4869K, committed 4992K, reserved 1048576K
}
Event: 1,892 GC heap before
{Heap before GC invocations=12 (full 0):
 garbage-first heap   total 90112K, used 54440K [0x0000000728000000, 0x0000000800000000)
  region size 2048K, 16 young (32768K), 2 survivors (4096K)
 Metaspace       used 42626K, committed 42816K, reserved 1114112K
  class space    used 5047K, committed 5120K, reserved 1048576K
}
Event: 1,901 GC heap after
{Heap after GC invocations=13 (full 0):
 garbage-first heap   total 90112K, used 35365K [0x0000000728000000, 0x0000000800000000)
  region size 2048K, 3 young (6144K), 3 survivors (6144K)
 Metaspace       used 42626K, committed 42816K, reserved 1114112K
  class space    used 5047K, committed 5120K, reserved 1048576K
}
Event: 2,165 GC heap before
{Heap before GC invocations=14 (full 0):
 garbage-first heap   total 90112K, used 64037K [0x0000000728000000, 0x0000000800000000)
  region size 2048K, 16 young (32768K), 3 survivors (6144K)
 Metaspace       used 47506K, committed 47744K, reserved 1114112K
  class space    used 5697K, committed 5824K, reserved 1048576K
}

Dll operation events (7 events):
Event: 0,001 Loaded shared library /home/rodion/.local/share/JetBrains/Toolbox/apps/android-studio-2/jbr/lib/libjava.so
Event: 0,051 Loaded shared library /home/rodion/.local/share/JetBrains/Toolbox/apps/android-studio-2/jbr/lib/libnio.so
Event: 0,069 Loaded shared library /home/rodion/.local/share/JetBrains/Toolbox/apps/android-studio-2/jbr/lib/libzip.so
Event: 0,084 Loaded shared library /home/rodion/.local/share/JetBrains/Toolbox/apps/android-studio-2/jbr/lib/libjimage.so
Event: 0,116 Loaded shared library /home/rodion/.local/share/JetBrains/Toolbox/apps/android-studio-2/jbr/lib/libverify.so
Event: 0,146 Loaded shared library /tmp/libjansi-1.9.21-release-633-15876605330912373031.so
Event: 1,505 Loaded shared library /home/rodion/.local/share/JetBrains/Toolbox/apps/android-studio-2/jbr/lib/libnet.so

Deoptimization events (20 events):
Event: 2,124 Thread 0x00007f64b8026360 Uncommon trap: trap_request=0xffffffde fr.pc=0x00007f64ad61cf48 relative=0x0000000000000288
Event: 2,124 Thread 0x00007f64b8026360 Uncommon trap: reason=class_check action=maybe_recompile pc=0x00007f64ad61cf48 method=org.jetbrains.kotlin.com.intellij.psi.impl.source.tree.SharedImplUtil.findFileElement(Lorg/jetbrains/kotlin/com/intellij/lang/ASTNode;)Lorg/jetbrains/kotlin/com/intellij
Event: 2,124 Thread 0x00007f64b8026360 DEOPT PACKING pc=0x00007f64ad61cf48 sp=0x00007f64bcffbd10
Event: 2,124 Thread 0x00007f64b8026360 DEOPT UNPACKING pc=0x00007f64acf8d699 sp=0x00007f64bcffbc08 mode 2
Event: 2,150 Thread 0x00007f64b8026360 Uncommon trap: trap_request=0xffffffc6 fr.pc=0x00007f64ad596fbc relative=0x000000000000009c
Event: 2,150 Thread 0x00007f64b8026360 Uncommon trap: reason=bimorphic_or_optimized_type_check action=maybe_recompile pc=0x00007f64ad596fbc method=java.util.AbstractList$Itr.hasNext()Z @ 8 c2
Event: 2,150 Thread 0x00007f64b8026360 DEOPT PACKING pc=0x00007f64ad596fbc sp=0x00007f64bcffa750
Event: 2,150 Thread 0x00007f64b8026360 DEOPT UNPACKING pc=0x00007f64acf8d699 sp=0x00007f64bcffa708 mode 2
Event: 2,150 Thread 0x00007f64b8026360 Uncommon trap: trap_request=0xffffffc6 fr.pc=0x00007f64ad596fbc relative=0x000000000000009c
Event: 2,150 Thread 0x00007f64b8026360 Uncommon trap: reason=bimorphic_or_optimized_type_check action=maybe_recompile pc=0x00007f64ad596fbc method=java.util.AbstractList$Itr.hasNext()Z @ 8 c2
Event: 2,150 Thread 0x00007f64b8026360 DEOPT PACKING pc=0x00007f64ad596fbc sp=0x00007f64bcffa750
Event: 2,150 Thread 0x00007f64b8026360 DEOPT UNPACKING pc=0x00007f64acf8d699 sp=0x00007f64bcffa708 mode 2
Event: 2,150 Thread 0x00007f64b8026360 Uncommon trap: trap_request=0xffffffc6 fr.pc=0x00007f64ad596fbc relative=0x000000000000009c
Event: 2,150 Thread 0x00007f64b8026360 Uncommon trap: reason=bimorphic_or_optimized_type_check action=maybe_recompile pc=0x00007f64ad596fbc method=java.util.AbstractList$Itr.hasNext()Z @ 8 c2
Event: 2,150 Thread 0x00007f64b8026360 DEOPT PACKING pc=0x00007f64ad596fbc sp=0x00007f64bcffa750
Event: 2,150 Thread 0x00007f64b8026360 DEOPT UNPACKING pc=0x00007f64acf8d699 sp=0x00007f64bcffa708 mode 2
Event: 2,150 Thread 0x00007f64b8026360 Uncommon trap: trap_request=0xffffffc6 fr.pc=0x00007f64ad596fbc relative=0x000000000000009c
Event: 2,150 Thread 0x00007f64b8026360 Uncommon trap: reason=bimorphic_or_optimized_type_check action=maybe_recompile pc=0x00007f64ad596fbc method=java.util.AbstractList$Itr.hasNext()Z @ 8 c2
Event: 2,150 Thread 0x00007f64b8026360 DEOPT PACKING pc=0x00007f64ad596fbc sp=0x00007f64bcffa900
Event: 2,150 Thread 0x00007f64b8026360 DEOPT UNPACKING pc=0x00007f64acf8d699 sp=0x00007f64bcffa8b8 mode 2

Classes unloaded (0 events):
No events

Classes redefined (0 events):
No events

Internal exceptions (20 events):
Event: 0,591 Thread 0x00007f64b8026360 Exception <a 'java/lang/NoSuchMethodError'{0x00000007338392e8}: 'int java.lang.invoke.DirectMethodHandle$Holder.invokeVirtual(java.lang.Object, java.lang.Object)'> (0x00000007338392e8) 
thrown [src/hotspot/share/interpreter/linkResolver.cpp, line 771]
Event: 0,604 Thread 0x00007f64b8026360 Exception <a 'java/lang/NoSuchMethodError'{0x0000000735615c70}: 'java.lang.Object java.lang.invoke.Invokers$Holder.invokeExact_MT(java.lang.Object, java.lang.Object, java.lang.Object, java.lang.Object, java.lang.Object, java.lang.Object)'> (0x0000000735615c70) 
thrown [src/hotspot/share/interpreter/linkResolver.cpp, line 771]
Event: 0,938 Thread 0x00007f64b8026360 Implicit null exception at 0x00007f64ad4f2ed4 to 0x00007f64ad4f34a4
Event: 1,012 Thread 0x00007f64b8026360 Implicit null exception at 0x00007f64ad4f3ad4 to 0x00007f64ad4f4094
Event: 1,046 Thread 0x00007f64b8026360 Exception <a 'java/lang/NoSuchMethodError'{0x000000072c6f8068}: 'java.lang.Object java.lang.invoke.DirectMethodHandle$Holder.invokeVirtual(java.lang.Object, java.lang.Object, java.lang.Object)'> (0x000000072c6f8068) 
thrown [src/hotspot/share/interpreter/linkResolver.cpp, line 771]
Event: 1,153 Thread 0x00007f64b8026360 Implicit null exception at 0x00007f64ad564372 to 0x00007f64ad5643d4
Event: 1,446 Thread 0x00007f64b8026360 Exception <a 'java/lang/NoSuchMethodError'{0x000000072c199c90}: 'java.lang.Object java.lang.invoke.DirectMethodHandle$Holder.newInvokeSpecial(java.lang.Object, java.lang.Object, int)'> (0x000000072c199c90) 
thrown [src/hotspot/share/interpreter/linkResolver.cpp, line 771]
Event: 1,510 Thread 0x00007f64b8026360 Exception <a 'java/lang/NoSuchMethodError'{0x000000072bd87d00}: 'java.lang.Object java.lang.invoke.DirectMethodHandle$Holder.newInvokeSpecial(java.lang.Object, java.lang.Object, int, int)'> (0x000000072bd87d00) 
thrown [src/hotspot/share/interpreter/linkResolver.cpp, line 771]
Event: 1,513 Thread 0x00007f64b92e86e0 Exception <a 'java/lang/NoSuchMethodError'{0x000000072bde4138}: 'java.lang.Object java.lang.invoke.DirectMethodHandle$Holder.invokeStatic(java.lang.Object, java.lang.Object, int, int)'> (0x000000072bde4138) 
thrown [src/hotspot/share/interpreter/linkResolver.cpp, line 771]
Event: 1,514 Thread 0x00007f64b92e86e0 Exception <a 'java/lang/NoSuchMethodError'{0x000000072bdf5980}: 'java.lang.Object java.lang.invoke.DirectMethodHandle$Holder.invokeStatic(java.lang.Object, java.lang.Object, long, java.lang.Object)'> (0x000000072bdf5980) 
thrown [src/hotspot/share/interpreter/linkResolver.cpp, line 771]
Event: 1,514 Thread 0x00007f64b92e86e0 Exception <a 'java/lang/NoSuchMethodError'{0x000000072bdfc870}: 'java.lang.Object java.lang.invoke.DirectMethodHandle$Holder.newInvokeSpecial(java.lang.Object, java.lang.Object, long)'> (0x000000072bdfc870) 
thrown [src/hotspot/share/interpreter/linkResolver.cpp, line 771]
Event: 1,515 Thread 0x00007f64b92e86e0 Exception <a 'java/lang/NoSuchMethodError'{0x000000072ba00248}: 'java.lang.Object java.lang.invoke.Invokers$Holder.linkToTargetMethod(java.lang.Object, long, java.lang.Object)'> (0x000000072ba00248) 
thrown [src/hotspot/share/interpreter/linkResolver.cpp, line 771]
Event: 1,521 Thread 0x00007f64b8026360 Exception <a 'java/lang/NoSuchMethodError'{0x000000072babfe68}: 'java.lang.Object java.lang.invoke.DirectMethodHandle$Holder.newInvokeSpecial(java.lang.Object, java.lang.Object, java.lang.Object, int, int)'> (0x000000072babfe68) 
thrown [src/hotspot/share/interpreter/linkResolver.cpp, line 771]
Event: 1,521 Thread 0x00007f64b8026360 Exception <a 'java/lang/NoSuchMethodError'{0x000000072bac76e0}: 'java.lang.Object java.lang.invoke.Invokers$Holder.linkToTargetMethod(java.lang.Object, java.lang.Object, int, int, java.lang.Object)'> (0x000000072bac76e0) 
thrown [src/hotspot/share/interpreter/linkResolver.cpp, line 771]
Event: 1,531 Thread 0x00007f64b8026360 Exception <a 'java/lang/NoSuchMethodError'{0x000000072bb33f58}: 'void java.lang.invoke.DirectMethodHandle$Holder.invokeStaticInit(java.lang.Object)'> (0x000000072bb33f58) 
thrown [src/hotspot/share/interpreter/linkResolver.cpp, line 771]
Event: 1,586 Thread 0x00007f64b8026360 Implicit null exception at 0x00007f64ad5ed84c to 0x00007f64ad5ed934
Event: 1,590 Thread 0x00007f64b8026360 Implicit null exception at 0x00007f64ad60f06d to 0x00007f64ad60fa0c
Event: 1,977 Thread 0x00007f64b8026360 Exception <a 'java/lang/NoSuchMethodError'{0x000000072d10b078}: 'java.lang.Object java.lang.invoke.DirectMethodHandle$Holder.newInvokeSpecial(java.lang.Object, java.lang.Object, java.lang.Object, int)'> (0x000000072d10b078) 
thrown [src/hotspot/share/interpreter/linkResolver.cpp, line 771]
Event: 1,977 Thread 0x00007f64b8026360 Exception <a 'java/lang/NoSuchMethodError'{0x000000072d10f700}: 'java.lang.Object java.lang.invoke.DirectMethodHandle$Holder.invokeSpecial(java.lang.Object, java.lang.Object, java.lang.Object, java.lang.Object, int)'> (0x000000072d10f700) 
thrown [src/hotspot/share/interpreter/linkResolver.cpp, line 771]
Event: 1,977 Thread 0x00007f64b8026360 Exception <a 'java/lang/NoSuchMethodError'{0x000000072d113570}: 'java.lang.Object java.lang.invoke.Invokers$Holder.linkToTargetMethod(java.lang.Object, java.lang.Object, int, java.lang.Object)'> (0x000000072d113570) 
thrown [src/hotspot/share/interpreter/linkResolver.cpp, line 771]

VM Operations (20 events):
Event: 1,901 Executing VM operation: CollectForMetadataAllocation done
Event: 1,912 Executing VM operation: G1PauseRemark
Event: 1,914 Executing VM operation: G1PauseRemark done
Event: 1,918 Executing VM operation: G1PauseCleanup
Event: 1,918 Executing VM operation: G1PauseCleanup done
Event: 1,938 Executing VM operation: HandshakeAllThreads
Event: 1,938 Executing VM operation: HandshakeAllThreads done
Event: 1,961 Executing VM operation: HandshakeAllThreads
Event: 1,961 Executing VM operation: HandshakeAllThreads done
Event: 1,968 Executing VM operation: HandshakeAllThreads
Event: 1,968 Executing VM operation: HandshakeAllThreads done
Event: 1,990 Executing VM operation: HandshakeAllThreads
Event: 1,990 Executing VM operation: HandshakeAllThreads done
Event: 2,002 Executing VM operation: HandshakeAllThreads
Event: 2,002 Executing VM operation: HandshakeAllThreads done
Event: 2,074 Executing VM operation: HandshakeAllThreads
Event: 2,074 Executing VM operation: HandshakeAllThreads done
Event: 2,123 Executing VM operation: ICBufferFull
Event: 2,123 Executing VM operation: ICBufferFull done
Event: 2,165 Executing VM operation: G1CollectForAllocation

Events (20 events):
Event: 2,113 loading class java/util/stream/IntStream
Event: 2,113 loading class java/util/stream/IntStream done
Event: 2,113 loading class java/util/stream/IntPipeline$Head
Event: 2,113 loading class java/util/stream/IntPipeline
Event: 2,113 loading class java/util/stream/IntPipeline done
Event: 2,113 loading class java/util/stream/IntPipeline$Head done
Event: 2,114 loading class java/util/stream/IntPipeline$1
Event: 2,114 loading class java/util/stream/IntPipeline$1 done
Event: 2,114 loading class java/util/stream/ReferencePipeline$2
Event: 2,114 loading class java/util/stream/ReferencePipeline$2 done
Event: 2,114 loading class java/util/stream/ReferencePipeline$2$1
Event: 2,115 loading class java/util/stream/ReferencePipeline$2$1 done
Event: 2,115 loading class java/util/stream/IntPipeline$1$1
Event: 2,115 loading class java/util/stream/Sink$ChainedInt
Event: 2,115 loading class java/util/stream/Sink$OfInt
Event: 2,115 loading class java/util/function/IntConsumer
Event: 2,115 loading class java/util/function/IntConsumer done
Event: 2,115 loading class java/util/stream/Sink$OfInt done
Event: 2,115 loading class java/util/stream/Sink$ChainedInt done
Event: 2,115 loading class java/util/stream/IntPipeline$1$1 done


Dynamic libraries:
00200000-00201000 r--p 00000000 103:04 2686830                           /home/rodion/.local/share/JetBrains/Toolbox/apps/android-studio-2/jbr/bin/java
00201000-00202000 r-xp 00000000 103:04 2686830                           /home/rodion/.local/share/JetBrains/Toolbox/apps/android-studio-2/jbr/bin/java
00202000-00203000 r--p 00000000 103:04 2686830                           /home/rodion/.local/share/JetBrains/Toolbox/apps/android-studio-2/jbr/bin/java
00203000-00204000 rw-p 00000000 103:04 2686830                           /home/rodion/.local/share/JetBrains/Toolbox/apps/android-studio-2/jbr/bin/java
0045e000-004a6000 rw-p 00000000 00:00 0                                  [heap]
728000000-72d400000 rw-p 00000000 00:00 0 
72d400000-733400000 ---p 00000000 00:00 0 
733400000-733600000 rw-p 00000000 00:00 0 
733600000-735600000 ---p 00000000 00:00 0 
735600000-735800000 rw-p 00000000 00:00 0 
735800000-800000000 ---p 00000000 00:00 0 
800000000-800030000 rw-p 00000000 00:00 0 
800030000-8000b0000 rw-p 00000000 00:00 0 
8000b0000-8000d0000 rw-p 00000000 00:00 0 
8000d0000-8000f0000 rw-p 00000000 00:00 0 
8000f0000-800170000 rw-p 00000000 00:00 0 
800170000-8004d0000 rw-p 00000000 00:00 0 
8004d0000-800500000 ---p 00000000 00:00 0 
800500000-8005e0000 rw-p 00000000 00:00 0 
8005e0000-840000000 ---p 00000000 00:00 0 
7f6414000000-7f641404a000 rw-p 00000000 00:00 0 
7f641404a000-7f6418000000 ---p 00000000 00:00 0 
7f641c000000-7f641c021000 rw-p 00000000 00:00 0 
7f641c021000-7f6420000000 ---p 00000000 00:00 0 
7f6420000000-7f6420029000 rw-p 00000000 00:00 0 
7f6420029000-7f6424000000 ---p 00000000 00:00 0 
7f6424000000-7f6424021000 rw-p 00000000 00:00 0 
7f6424021000-7f6428000000 ---p 00000000 00:00 0 
7f6428000000-7f6428021000 rw-p 00000000 00:00 0 
7f6428021000-7f642c000000 ---p 00000000 00:00 0 
7f642c000000-7f642c021000 rw-p 00000000 00:00 0 
7f642c021000-7f6430000000 ---p 00000000 00:00 0 
7f6430000000-7f6430021000 rw-p 00000000 00:00 0 
7f6430021000-7f6434000000 ---p 00000000 00:00 0 
7f6434000000-7f64341c9000 rw-p 00000000 00:00 0 
7f64341c9000-7f6438000000 ---p 00000000 00:00 0 
7f6438000000-7f6438021000 rw-p 00000000 00:00 0 
7f6438021000-7f643c000000 ---p 00000000 00:00 0 
7f643c000000-7f643c021000 rw-p 00000000 00:00 0 
7f643c021000-7f6440000000 ---p 00000000 00:00 0 
7f6440000000-7f6440021000 rw-p 00000000 00:00 0 
7f6440021000-7f6444000000 ---p 00000000 00:00 0 
7f6444000000-7f64454a7000 rw-p 00000000 00:00 0 
7f64454a7000-7f6448000000 ---p 00000000 00:00 0 
7f6448000000-7f6448021000 rw-p 00000000 00:00 0 
7f6448021000-7f644c000000 ---p 00000000 00:00 0 
7f644c000000-7f644c021000 rw-p 00000000 00:00 0 
7f644c021000-7f6450000000 ---p 00000000 00:00 0 
7f6450000000-7f6451346000 rw-p 00000000 00:00 0 
7f6451346000-7f6454000000 ---p 00000000 00:00 0 
7f6454000000-7f6454021000 rw-p 00000000 00:00 0 
7f6454021000-7f6458000000 ---p 00000000 00:00 0 
7f6458000000-7f6458021000 rw-p 00000000 00:00 0 
7f6458021000-7f645c000000 ---p 00000000 00:00 0 
7f645c000000-7f645cbab000 rw-p 00000000 00:00 0 
7f645cbab000-7f6460000000 ---p 00000000 00:00 0 
7f6460000000-7f6460021000 rw-p 00000000 00:00 0 
7f6460021000-7f6464000000 ---p 00000000 00:00 0 
7f6464000000-7f6464021000 rw-p 00000000 00:00 0 
7f6464021000-7f6468000000 ---p 00000000 00:00 0 
7f6468000000-7f64696a9000 rw-p 00000000 00:00 0 
7f64696a9000-7f646c000000 ---p 00000000 00:00 0 
7f646c000000-7f646c021000 rw-p 00000000 00:00 0 
7f646c021000-7f6470000000 ---p 00000000 00:00 0 
7f6470000000-7f6470021000 rw-p 00000000 00:00 0 
7f6470021000-7f6474000000 ---p 00000000 00:00 0 
7f6474000000-7f6474021000 rw-p 00000000 00:00 0 
7f6474021000-7f6478000000 ---p 00000000 00:00 0 
7f6478000000-7f6478021000 rw-p 00000000 00:00 0 
7f6478021000-7f647c000000 ---p 00000000 00:00 0 
7f647c000000-7f647c021000 rw-p 00000000 00:00 0 
7f647c021000-7f6480000000 ---p 00000000 00:00 0 
7f6480000000-7f6480021000 rw-p 00000000 00:00 0 
7f6480021000-7f6484000000 ---p 00000000 00:00 0 
7f6484000000-7f64844f0000 rw-p 00000000 00:00 0 
7f64844f0000-7f6484570000 rw-p 00000000 00:00 0 
7f6484570000-7f64845f0000 rw-p 00000000 00:00 0 
7f64845f0000-7f6484670000 rw-p 00000000 00:00 0 
7f6484670000-7f64846f0000 rw-p 00000000 00:00 0 
7f64846f0000-7f64848f0000 rw-p 00000000 00:00 0 
7f64848f0000-7f64849f0000 rw-p 00000000 00:00 0 
7f64849f0000-7f6484af0000 rw-p 00000000 00:00 0 
7f6484af0000-7f6484bf0000 rw-p 00000000 00:00 0 
7f6484bf0000-7f6485770000 rw-p 00000000 00:00 0 
7f6485770000-7f64857f0000 rw-p 00000000 00:00 0 
7f64857f0000-7f6486170000 rw-p 00000000 00:00 0 
7f6486170000-7f64861f0000 rw-p 00000000 00:00 0 
7f64861f0000-7f64863d0000 rw-p 00000000 00:00 0 
7f64863d0000-7f64863f0000 rw-p 00000000 00:00 0 
7f64863f0000-7f64868f0000 rw-p 00000000 00:00 0 
7f64868f0000-7f6488000000 ---p 00000000 00:00 0 
7f6488000000-7f6488021000 rw-p 00000000 00:00 0 
7f6488021000-7f648c000000 ---p 00000000 00:00 0 
7f648c758000-7f648c9f5000 rw-p 00000000 00:00 0 
7f648c9f5000-7f648c9f9000 ---p 00000000 00:00 0 
7f648c9f9000-7f648caf5000 rw-p 00000000 00:00 0 
7f648caf5000-7f648caf6000 ---p 00000000 00:00 0 
7f648caf6000-7f648cbf6000 rw-p 00000000 00:00 0 
7f648cbf6000-7f648cbf7000 ---p 00000000 00:00 0 
7f648cbf7000-7f648ccf7000 rw-p 00000000 00:00 0 
7f648ccf7000-7f648ccf8000 ---p 00000000 00:00 0 
7f648ccf8000-7f648cdf8000 rw-p 00000000 00:00 0 
7f648cdf8000-7f648cdf9000 ---p 00000000 00:00 0 
7f648cdf9000-7f648cef9000 rw-p 00000000 00:00 0 
7f648cef9000-7f648cefa000 ---p 00000000 00:00 0 
7f648cefa000-7f648cffa000 rw-p 00000000 00:00 0 
7f648cffa000-7f648cffb000 ---p 00000000 00:00 0 
7f648cffb000-7f648d0fb000 rw-p 00000000 00:00 0 
7f648d0fb000-7f648d0fc000 ---p 00000000 00:00 0 
7f648d0fc000-7f648d1fc000 rw-p 00000000 00:00 0 
7f648d1fc000-7f648d1fd000 ---p 00000000 00:00 0 
7f648d1fd000-7f648d2fd000 rw-p 00000000 00:00 0 
7f648d2fd000-7f648d2fe000 ---p 00000000 00:00 0 
7f648d2fe000-7f648d3fe000 rw-p 00000000 00:00 0 
7f648d3fe000-7f648d3ff000 ---p 00000000 00:00 0 
7f648d3ff000-7f648d4ff000 rw-p 00000000 00:00 0 
7f648d4ff000-7f648d500000 ---p 00000000 00:00 0 
7f648d500000-7f648d600000 rw-p 00000000 00:00 0 
7f648d600000-7f648d603000 r-xp 00000000 103:04 1445098                   /tmp/libjansi-1.9.21-release-633-15876605330912373031.so
7f648d603000-7f648d802000 ---p 00003000 103:04 1445098                   /tmp/libjansi-1.9.21-release-633-15876605330912373031.so
7f648d802000-7f648d803000 rw-p 00002000 103:04 1445098                   /tmp/libjansi-1.9.21-release-633-15876605330912373031.so
7f648d8ce000-7f648d8d2000 ---p 00000000 00:00 0 
7f648d8d2000-7f648d9ce000 rw-p 00000000 00:00 0 
7f648d9ce000-7f648d9d2000 ---p 00000000 00:00 0 
7f648d9d2000-7f648daff000 rw-p 00000000 00:00 0 
7f648daff000-7f648db03000 ---p 00000000 00:00 0 
7f648db03000-7f648dbff000 rw-p 00000000 00:00 0 
7f648dbff000-7f648dc00000 ---p 00000000 00:00 0 
7f648dc00000-7f648dd00000 rw-p 00000000 00:00 0 
7f648dd00000-7f648dd04000 ---p 00000000 00:00 0 
7f648dd04000-7f648de00000 rw-p 00000000 00:00 0 
7f648de00000-7f648de04000 ---p 00000000 00:00 0 
7f648de04000-7f648df00000 rw-p 00000000 00:00 0 
7f648df00000-7f648df04000 ---p 00000000 00:00 0 
7f648df04000-7f6490021000 rw-p 00000000 00:00 0 
7f6490021000-7f6494000000 ---p 00000000 00:00 0 
7f6494000000-7f6494021000 rw-p 00000000 00:00 0 
7f6494021000-7f6498000000 ---p 00000000 00:00 0 
7f6498000000-7f6498021000 rw-p 00000000 00:00 0 
7f6498021000-7f649c000000 ---p 00000000 00:00 0 
7f649c000000-7f649c004000 ---p 00000000 00:00 0 
7f649c004000-7f649c100000 rw-p 00000000 00:00 0 
7f649c100000-7f649c104000 ---p 00000000 00:00 0 
7f649c104000-7f649c200000 rw-p 00000000 00:00 0 
7f649c200000-7f649c204000 ---p 00000000 00:00 0 
7f649c204000-7f649c300000 rw-p 00000000 00:00 0 
7f649c300000-7f649c304000 ---p 00000000 00:00 0 
7f649c304000-7f649c400000 rw-p 00000000 00:00 0 
7f649c400000-7f649c975000 r--p 00000000 103:04 1995264                   /usr/lib/locale/locale-archive
7f649c97d000-7f649c981000 ---p 00000000 00:00 0 
7f649c981000-7f649ca7d000 rw-p 00000000 00:00 0 
7f649ca7d000-7f649ca81000 ---p 00000000 00:00 0 
7f649ca81000-7f649cb7d000 rw-p 00000000 00:00 0 
7f649cb7d000-7f649cb7e000 ---p 00000000 00:00 0 
7f649cb7e000-7f649cc7e000 rw-p 00000000 00:00 0 
7f649cd98000-7f649ceb5000 rw-p 00000000 00:00 0 
7f649ceb5000-7f649ceb6000 ---p 00000000 00:00 0 
7f649ceb6000-7f649cfb6000 rw-p 00000000 00:00 0 
7f649cfb6000-7f649cfb7000 ---p 00000000 00:00 0 
7f649cfb7000-7f649db10000 rw-p 00000000 00:00 0 
7f649db10000-7f649dc90000 ---p 00000000 00:00 0 
7f649dc90000-7f649dc98000 rw-p 00000000 00:00 0 
7f649dc98000-7f649dd18000 ---p 00000000 00:00 0 
7f649dd18000-7f649dd20000 rw-p 00000000 00:00 0 
7f649dd20000-7f64a0fc0000 ---p 00000000 00:00 0 
7f64a0fc0000-7f64a1110000 rw-p 00000000 00:00 0 
7f64a1110000-7f64a1290000 ---p 00000000 00:00 0 
7f64a1290000-7f64a1298000 rw-p 00000000 00:00 0 
7f64a1298000-7f64a1318000 ---p 00000000 00:00 0 
7f64a1318000-7f64a1320000 rw-p 00000000 00:00 0 
7f64a1320000-7f64a45c0000 ---p 00000000 00:00 0 
7f64a45c0000-7f64a45ea000 rw-p 00000000 00:00 0 
7f64a45ea000-7f64a461a000 ---p 00000000 00:00 0 
7f64a461a000-7f64a461b000 rw-p 00000000 00:00 0 
7f64a461b000-7f64a462b000 ---p 00000000 00:00 0 
7f64a462b000-7f64a462c000 rw-p 00000000 00:00 0 
7f64a462c000-7f64a4c80000 ---p 00000000 00:00 0 
7f64a4c80000-7f64a4caa000 rw-p 00000000 00:00 0 
7f64a4caa000-7f64a4cda000 ---p 00000000 00:00 0 
7f64a4cda000-7f64a4cdb000 rw-p 00000000 00:00 0 
7f64a4cdb000-7f64a4ceb000 ---p 00000000 00:00 0 
7f64a4ceb000-7f64a4cec000 rw-p 00000000 00:00 0 
7f64a4cec000-7f64a5340000 ---p 00000000 00:00 0 
7f64a5340000-7f64a536a000 rw-p 00000000 00:00 0 
7f64a536a000-7f64a539a000 ---p 00000000 00:00 0 
7f64a539a000-7f64a539b000 rw-p 00000000 00:00 0 
7f64a539b000-7f64a53ab000 ---p 00000000 00:00 0 
7f64a53ab000-7f64a53ac000 rw-p 00000000 00:00 0 
7f64a53ac000-7f64a5a00000 ---p 00000000 00:00 0 
7f64a5a00000-7f64a6170000 rwxp 00000000 00:00 0 
7f64a6170000-7f64acf37000 ---p 00000000 00:00 0 
7f64acf37000-7f64ad1a7000 rwxp 00000000 00:00 0 
7f64ad1a7000-7f64ad4c9000 ---p 00000000 00:00 0 
7f64ad4c9000-7f64ad739000 rwxp 00000000 00:00 0 
7f64ad739000-7f64b4a00000 ---p 00000000 00:00 0 
7f64b4a00000-7f64b7ee6000 r--s 00000000 103:04 2686930                   /home/rodion/.local/share/JetBrains/Toolbox/apps/android-studio-2/jbr/lib/modules
7f64b7eff000-7f64b9514000 rw-p 00000000 00:00 0 
7f64b9514000-7f64bc000000 ---p 00000000 00:00 0 
7f64bc00c000-7f64bc012000 r--p 00000000 103:04 2686927                   /home/rodion/.local/share/JetBrains/Toolbox/apps/android-studio-2/jbr/lib/libverify.so
7f64bc012000-7f64bc01a000 r-xp 00005000 103:04 2686927                   /home/rodion/.local/share/JetBrains/Toolbox/apps/android-studio-2/jbr/lib/libverify.so
7f64bc01a000-7f64bc01c000 r--p 0000c000 103:04 2686927                   /home/rodion/.local/share/JetBrains/Toolbox/apps/android-studio-2/jbr/lib/libverify.so
7f64bc01c000-7f64bc01d000 rw-p 0000d000 103:04 2686927                   /home/rodion/.local/share/JetBrains/Toolbox/apps/android-studio-2/jbr/lib/libverify.so
7f64bc01d000-7f64bc01e000 ---p 00000000 00:00 0 
7f64bc01e000-7f64bc11e000 rw-p 00000000 00:00 0 
7f64bc11e000-7f64bc11f000 ---p 00000000 00:00 0 
7f64bc11f000-7f64bc21f000 rw-p 00000000 00:00 0 
7f64bc21f000-7f64bc220000 ---p 00000000 00:00 0 
7f64bc220000-7f64bcd2f000 rw-p 00000000 00:00 0 
7f64bcd2f000-7f64bce15000 ---p 00000000 00:00 0 
7f64bce15000-7f64bce24000 rw-p 00000000 00:00 0 
7f64bce24000-7f64bcf00000 ---p 00000000 00:00 0 
7f64bcf00000-7f64bcf04000 ---p 00000000 00:00 0 
7f64bcf04000-7f64bd000000 rw-p 00000000 00:00 0 
7f64bd000000-7f64bd537000 r--p 00000000 103:04 2686942                   /home/rodion/.local/share/JetBrains/Toolbox/apps/android-studio-2/jbr/lib/server/libjvm.so
7f64bd537000-7f64be10f000 r-xp 00536000 103:04 2686942                   /home/rodion/.local/share/JetBrains/Toolbox/apps/android-studio-2/jbr/lib/server/libjvm.so
7f64be10f000-7f64be1d1000 r--p 0110d000 103:04 2686942                   /home/rodion/.local/share/JetBrains/Toolbox/apps/android-studio-2/jbr/lib/server/libjvm.so
7f64be1d1000-7f64be1fa000 rw-p 011ce000 103:04 2686942                   /home/rodion/.local/share/JetBrains/Toolbox/apps/android-studio-2/jbr/lib/server/libjvm.so
7f64be1fa000-7f64be26e000 rw-p 00000000 00:00 0 
7f64be274000-7f64be27b000 r--s 00000000 103:04 1968884                   /usr/lib/x86_64-linux-gnu/gconv/gconv-modules.cache
7f64be27b000-7f64be282000 r--p 00000000 103:04 2686939                   /home/rodion/.local/share/JetBrains/Toolbox/apps/android-studio-2/jbr/lib/libnet.so
7f64be282000-7f64be28f000 r-xp 00006000 103:04 2686939                   /home/rodion/.local/share/JetBrains/Toolbox/apps/android-studio-2/jbr/lib/libnet.so
7f64be28f000-7f64be290000 r--p 00012000 103:04 2686939                   /home/rodion/.local/share/JetBrains/Toolbox/apps/android-studio-2/jbr/lib/libnet.so
7f64be290000-7f64be292000 rw-p 00012000 103:04 2686939                   /home/rodion/.local/share/JetBrains/Toolbox/apps/android-studio-2/jbr/lib/libnet.so
7f64be292000-7f64be29d000 r--p 00000000 103:04 2686866                   /home/rodion/.local/share/JetBrains/Toolbox/apps/android-studio-2/jbr/lib/libnio.so
7f64be29d000-7f64be2a5000 r-xp 0000a000 103:04 2686866                   /home/rodion/.local/share/JetBrains/Toolbox/apps/android-studio-2/jbr/lib/libnio.so
7f64be2a5000-7f64be2a6000 r--p 00011000 103:04 2686866                   /home/rodion/.local/share/JetBrains/Toolbox/apps/android-studio-2/jbr/lib/libnio.so
7f64be2a6000-7f64be2a7000 rw-p 00011000 103:04 2686866                   /home/rodion/.local/share/JetBrains/Toolbox/apps/android-studio-2/jbr/lib/libnio.so
7f64be2a7000-7f64be317000 rw-p 00000000 00:00 0 
7f64be317000-7f64be325000 r--p 00000000 103:04 1968538                   /usr/lib/x86_64-linux-gnu/libm.so.6
7f64be325000-7f64be3a3000 r-xp 0000e000 103:04 1968538                   /usr/lib/x86_64-linux-gnu/libm.so.6
7f64be3a3000-7f64be3fe000 r--p 0008c000 103:04 1968538                   /usr/lib/x86_64-linux-gnu/libm.so.6
7f64be3fe000-7f64be3ff000 r--p 000e6000 103:04 1968538                   /usr/lib/x86_64-linux-gnu/libm.so.6
7f64be3ff000-7f64be400000 rw-p 000e7000 103:04 1968538                   /usr/lib/x86_64-linux-gnu/libm.so.6
7f64be400000-7f64be422000 r--p 00000000 103:04 1968528                   /usr/lib/x86_64-linux-gnu/libc.so.6
7f64be422000-7f64be59a000 r-xp 00022000 103:04 1968528                   /usr/lib/x86_64-linux-gnu/libc.so.6
7f64be59a000-7f64be5f2000 r--p 0019a000 103:04 1968528                   /usr/lib/x86_64-linux-gnu/libc.so.6
7f64be5f2000-7f64be5f6000 r--p 001f1000 103:04 1968528                   /usr/lib/x86_64-linux-gnu/libc.so.6
7f64be5f6000-7f64be5f8000 rw-p 001f5000 103:04 1968528                   /usr/lib/x86_64-linux-gnu/libc.so.6
7f64be5f8000-7f64be605000 rw-p 00000000 00:00 0 
7f64be605000-7f64be606000 r--p 00000000 103:04 1968587                   /usr/lib/x86_64-linux-gnu/libutil.so.1
7f64be606000-7f64be607000 r-xp 00001000 103:04 1968587                   /usr/lib/x86_64-linux-gnu/libutil.so.1
7f64be607000-7f64be608000 r--p 00002000 103:04 1968587                   /usr/lib/x86_64-linux-gnu/libutil.so.1
7f64be608000-7f64be609000 r--p 00002000 103:04 1968587                   /usr/lib/x86_64-linux-gnu/libutil.so.1
7f64be609000-7f64be60a000 rw-p 00003000 103:04 1968587                   /usr/lib/x86_64-linux-gnu/libutil.so.1
7f64be60a000-7f64be613000 r--p 00000000 103:04 2686922                   /home/rodion/.local/share/JetBrains/Toolbox/apps/android-studio-2/jbr/lib/libzip.so
7f64be613000-7f64be628000 r-xp 00008000 103:04 2686922                   /home/rodion/.local/share/JetBrains/Toolbox/apps/android-studio-2/jbr/lib/libzip.so
7f64be628000-7f64be62a000 r--p 0001c000 103:04 2686922                   /home/rodion/.local/share/JetBrains/Toolbox/apps/android-studio-2/jbr/lib/libzip.so
7f64be62a000-7f64be62b000 rw-p 0001d000 103:04 2686922                   /home/rodion/.local/share/JetBrains/Toolbox/apps/android-studio-2/jbr/lib/libzip.so
7f64be62b000-7f64be63d000 r--p 00000000 103:04 2686925                   /home/rodion/.local/share/JetBrains/Toolbox/apps/android-studio-2/jbr/lib/libjava.so
7f64be63d000-7f64be64f000 r-xp 00011000 103:04 2686925                   /home/rodion/.local/share/JetBrains/Toolbox/apps/android-studio-2/jbr/lib/libjava.so
7f64be64f000-7f64be650000 r--p 00022000 103:04 2686925                   /home/rodion/.local/share/JetBrains/Toolbox/apps/android-studio-2/jbr/lib/libjava.so
7f64be650000-7f64be652000 rw-p 00022000 103:04 2686925                   /home/rodion/.local/share/JetBrains/Toolbox/apps/android-studio-2/jbr/lib/libjava.so
7f64be652000-7f64be65d000 r--p 00000000 103:04 2686914                   /home/rodion/.local/share/JetBrains/Toolbox/apps/android-studio-2/jbr/lib/libjimage.so
7f64be65d000-7f64be672000 r-xp 0000a000 103:04 2686914                   /home/rodion/.local/share/JetBrains/Toolbox/apps/android-studio-2/jbr/lib/libjimage.so
7f64be672000-7f64be674000 r--p 0001e000 103:04 2686914                   /home/rodion/.local/share/JetBrains/Toolbox/apps/android-studio-2/jbr/lib/libjimage.so
7f64be674000-7f64be675000 rw-p 0001f000 103:04 2686914                   /home/rodion/.local/share/JetBrains/Toolbox/apps/android-studio-2/jbr/lib/libjimage.so
7f64be675000-7f64be676000 r--p 00000000 103:04 1968582                   /usr/lib/x86_64-linux-gnu/librt.so.1
7f64be676000-7f64be677000 r-xp 00001000 103:04 1968582                   /usr/lib/x86_64-linux-gnu/librt.so.1
7f64be677000-7f64be678000 r--p 00002000 103:04 1968582                   /usr/lib/x86_64-linux-gnu/librt.so.1
7f64be678000-7f64be679000 r--p 00002000 103:04 1968582                   /usr/lib/x86_64-linux-gnu/librt.so.1
7f64be679000-7f64be67a000 rw-p 00003000 103:04 1968582                   /usr/lib/x86_64-linux-gnu/librt.so.1
7f64be67a000-7f64be67c000 rw-p 00000000 00:00 0 
7f64be67c000-7f64be67d000 r--p 00000000 103:04 1968531                   /usr/lib/x86_64-linux-gnu/libdl.so.2
7f64be67d000-7f64be67e000 r-xp 00001000 103:04 1968531                   /usr/lib/x86_64-linux-gnu/libdl.so.2
7f64be67e000-7f64be67f000 r--p 00002000 103:04 1968531                   /usr/lib/x86_64-linux-gnu/libdl.so.2
7f64be67f000-7f64be680000 r--p 00002000 103:04 1968531                   /usr/lib/x86_64-linux-gnu/libdl.so.2
7f64be680000-7f64be681000 rw-p 00003000 103:04 1968531                   /usr/lib/x86_64-linux-gnu/libdl.so.2
7f64be681000-7f64be682000 r--p 00000000 103:04 1968576                   /usr/lib/x86_64-linux-gnu/libpthread.so.0
7f64be682000-7f64be683000 r-xp 00001000 103:04 1968576                   /usr/lib/x86_64-linux-gnu/libpthread.so.0
7f64be683000-7f64be684000 r--p 00002000 103:04 1968576                   /usr/lib/x86_64-linux-gnu/libpthread.so.0
7f64be684000-7f64be685000 r--p 00002000 103:04 1968576                   /usr/lib/x86_64-linux-gnu/libpthread.so.0
7f64be685000-7f64be686000 rw-p 00003000 103:04 1968576                   /usr/lib/x86_64-linux-gnu/libpthread.so.0
7f64be686000-7f64be68b000 rw-p 00000000 00:00 0 
7f64be68b000-7f64be692000 ---p 00000000 00:00 0 
7f64be692000-7f64be69a000 rw-s 00000000 103:04 1442082                   /tmp/hsperfdata_rodion/64932
7f64be69a000-7f64be69b000 ---p 00000000 00:00 0 
7f64be69b000-7f64be69c000 r--p 00000000 00:00 0 
7f64be69c000-7f64be69d000 ---p 00000000 00:00 0 
7f64be69d000-7f64be6a6000 r--p 00000000 103:04 2686860                   /home/rodion/.local/share/JetBrains/Toolbox/apps/android-studio-2/jbr/lib/libjli.so
7f64be6a6000-7f64be6b5000 r-xp 00008000 103:04 2686860                   /home/rodion/.local/share/JetBrains/Toolbox/apps/android-studio-2/jbr/lib/libjli.so
7f64be6b5000-7f64be6b6000 r--p 00016000 103:04 2686860                   /home/rodion/.local/share/JetBrains/Toolbox/apps/android-studio-2/jbr/lib/libjli.so
7f64be6b6000-7f64be6b7000 rw-p 00016000 103:04 2686860                   /home/rodion/.local/share/JetBrains/Toolbox/apps/android-studio-2/jbr/lib/libjli.so
7f64be6b7000-7f64be6b9000 rw-p 00000000 00:00 0 
7f64be6b9000-7f64be6ba000 r--p 00000000 103:04 1968525                   /usr/lib/x86_64-linux-gnu/ld-linux-x86-64.so.2
7f64be6ba000-7f64be6e2000 r-xp 00001000 103:04 1968525                   /usr/lib/x86_64-linux-gnu/ld-linux-x86-64.so.2
7f64be6e2000-7f64be6ec000 r--p 00029000 103:04 1968525                   /usr/lib/x86_64-linux-gnu/ld-linux-x86-64.so.2
7f64be6ec000-7f64be6ee000 r--p 00033000 103:04 1968525                   /usr/lib/x86_64-linux-gnu/ld-linux-x86-64.so.2
7f64be6ee000-7f64be6f0000 rw-p 00035000 103:04 1968525                   /usr/lib/x86_64-linux-gnu/ld-linux-x86-64.so.2
7ffeea18c000-7ffeea1ad000 rw-p 00000000 00:00 0                          [stack]
7ffeea1b8000-7ffeea1bc000 r--p 00000000 00:00 0                          [vvar]
7ffeea1bc000-7ffeea1be000 r-xp 00000000 00:00 0                          [vdso]
ffffffffff600000-ffffffffff601000 --xp 00000000 00:00 0                  [vsyscall]


VM Arguments:
java_command: org.jetbrains.kotlin.cli.jvm.K2JVMCompiler @/var/www/html/YkisPAM/app/build/20240125_16421489734105795018.compiler.options
java_class_path (initial): /home/rodion/.gradle/caches/modules-2/files-2.1/org.jetbrains.kotlin/kotlin-compiler-embeddable/1.9.21/a8f2d2fed3fc195beef3fab4a7fd1a844e101f0e/kotlin-compiler-embeddable-1.9.21.jar:/home/rodion/.gradle/caches/modules-2/files-2.1/org.jetbrains.kotlin/kotlin-stdlib/1.9.21/17ee3e873d439566c7d8354403b5f3d9744c4c9c/kotlin-stdlib-1.9.21.jar:/home/rodion/.gradle/caches/modules-2/files-2.1/org.jetbrains.kotlin/kotlin-script-runtime/1.9.21/f5ff679bd666f7f2376209fff998b775b7b701c7/kotlin-script-runtime-1.9.21.jar:/home/rodion/.gradle/caches/modules-2/files-2.1/org.jetbrains.kotlin/kotlin-reflect/1.6.10/1cbe9c92c12a94eea200d23c2bbaedaf3daf5132/kotlin-reflect-1.6.10.jar:/home/rodion/.gradle/caches/modules-2/files-2.1/org.jetbrains.kotlin/kotlin-daemon-embeddable/1.9.21/e21e55f41ec5f254aec366097b902709b5843234/kotlin-daemon-embeddable-1.9.21.jar:/home/rodion/.gradle/caches/modules-2/files-2.1/org.jetbrains.intellij.deps/trove4j/1.0.20200330/3afb14d5f9ceb459d724e907a21145e8ff394f02/trove4j-1.0.20200330.jar:/home/rodion/.gradle/caches/modules-2/files-2.1/org.jetbrains/annotations/13.0/919f0dfe192fb4e063e7dacadee7f8bb9a2672a9/annotations-13.0.jar
Launcher Type: SUN_STANDARD

[Global flags]
     intx CICompilerCount                          = 4                                         {product} {ergonomic}
     uint ConcGCThreads                            = 3                                         {product} {ergonomic}
     uint G1ConcRefinementThreads                  = 10                                        {product} {ergonomic}
   size_t G1HeapRegionSize                         = 2097152                                   {product} {ergonomic}
    uintx GCDrainStackTargetSize                   = 64                                        {product} {ergonomic}
   size_t InitialHeapSize                          = 226492416                                 {product} {ergonomic}
   size_t MarkStackSize                            = 4194304                                   {product} {ergonomic}
   size_t MaxHeapSize                              = 3623878656                                {product} {ergonomic}
   size_t MaxNewSize                               = 2172649472                                {product} {ergonomic}
   size_t MinHeapDeltaBytes                        = 2097152                                   {product} {ergonomic}
   size_t MinHeapSize                              = 8388608                                   {product} {ergonomic}
    uintx NonNMethodCodeHeapSize                   = 5839372                                {pd product} {ergonomic}
    uintx NonProfiledCodeHeapSize                  = 122909434                              {pd product} {ergonomic}
    uintx ProfiledCodeHeapSize                     = 122909434                              {pd product} {ergonomic}
    uintx ReservedCodeCacheSize                    = 251658240                              {pd product} {ergonomic}
     bool SegmentedCodeCache                       = true                                      {product} {ergonomic}
   size_t SoftMaxHeapSize                          = 3623878656                             {manageable} {ergonomic}
     bool UseCompressedClassPointers               = true                           {product lp64_product} {ergonomic}
     bool UseCompressedOops                        = true                           {product lp64_product} {ergonomic}
     bool UseG1GC                                  = true                                      {product} {ergonomic}

Logging:
Log output configuration:
 #0: stdout all=warning uptime,level,tags
 #1: stderr all=off uptime,level,tags

Environment Variables:
JAVA_HOME=/usr/lib/jvm/java-17-openjdk-amd64/bin/java
PATH=/usr/local/sbin:/usr/local/bin:/usr/sbin:/usr/bin:/sbin:/bin:/usr/games:/usr/local/games:/snap/bin:/home/rodion/.local/share/JetBrains/Toolbox/scripts
SHELL=/bin/bash
DISPLAY=:0
LANG=ru_UA.UTF-8

Active Locale:
LC_ALL=ru_UA.UTF-8
LC_COLLATE=ru_UA.UTF-8
LC_CTYPE=ru_UA.UTF-8
LC_MESSAGES=ru_UA.UTF-8
LC_MONETARY=ru_UA.UTF-8
LC_NUMERIC=ru_UA.UTF-8
LC_TIME=ru_UA.UTF-8

Signal Handlers:
   SIGSEGV: crash_handler in libjvm.so, mask=11100100010111111101111111111110, flags=SA_RESTART|SA_SIGINFO, unblocked
    SIGBUS: crash_handler in libjvm.so, mask=11100100010111111101111111111110, flags=SA_RESTART|SA_SIGINFO, unblocked
    SIGFPE: crash_handler in libjvm.so, mask=11100100010111111101111111111110, flags=SA_RESTART|SA_SIGINFO, unblocked
   SIGPIPE: javaSignalHandler in libjvm.so, mask=11100100010111111101111111111110, flags=SA_RESTART|SA_SIGINFO, blocked
   SIGXFSZ: javaSignalHandler in libjvm.so, mask=11100100010111111101111111111110, flags=SA_RESTART|SA_SIGINFO, blocked
    SIGILL: crash_handler in libjvm.so, mask=11100100010111111101111111111110, flags=SA_RESTART|SA_SIGINFO, unblocked
   SIGUSR2: SR_handler in libjvm.so, mask=00100000000000000000000000000000, flags=SA_RESTART|SA_SIGINFO, blocked
    SIGHUP: UserHandler in libjvm.so, mask=11100100010111111101111111111110, flags=SA_RESTART|SA_SIGINFO, blocked
    SIGINT: UserHandler in libjvm.so, mask=11100100010111111101111111111110, flags=SA_RESTART|SA_SIGINFO, blocked
   SIGTERM: UserHandler in libjvm.so, mask=11100100010111111101111111111110, flags=SA_RESTART|SA_SIGINFO, blocked
   SIGQUIT: UserHandler in libjvm.so, mask=11100100010111111101111111111110, flags=SA_RESTART|SA_SIGINFO, blocked
   SIGTRAP: crash_handler in libjvm.so, mask=11100100010111111101111111111110, flags=SA_RESTART|SA_SIGINFO, unblocked


Periodic native trim disabled

JNI global refs:
JNI global refs: 11, weak refs: 4

JNI global refs memory usage: 867, weak refs: 1497

OOME stack traces (most recent first):
Classloader memory used:
Loader jdk.internal.loader.ClassLoaders$AppClassLoader                                 : 4369K
Loader bootstrap                                                                       : 1443K
Loader java.net.URLClassLoader                                                         : 120K
Loader jdk.internal.reflect.DelegatingClassLoader                                      : 5883B


---------------  S Y S T E M  ---------------

OS:
DISTRIB_ID=Ubuntu
DISTRIB_RELEASE=23.04
DISTRIB_CODENAME=lunar
DISTRIB_DESCRIPTION="Ubuntu 23.04"
uname: Linux 6.2.0-39-generic #40-Ubuntu SMP PREEMPT_DYNAMIC Tue Nov 14 14:18:00 UTC 2023 x86_64
OS uptime: 0 days 5:12 hours
libc: glibc 2.37 NPTL 2.37 
rlimit (soft/hard): STACK 8192k/infinity , CORE 0k/infinity , NPROC 54776/54776 , NOFILE 1048576/1048576 , AS infinity/infinity , CPU infinity/infinity , DATA infinity/infinity , FSIZE infinity/infinity , MEMLOCK 1768584k/1768584k
load average: 1,18 1,20 1,35

/proc/meminfo:
MemTotal:       14148696 kB
MemFree:         1230668 kB
MemAvailable:    3247548 kB
Buffers:          158288 kB
Cached:          2071332 kB
SwapCached:        22012 kB
Active:          3415356 kB
Inactive:        8556028 kB
Active(anon):    1907476 kB
Inactive(anon):  7940000 kB
Active(file):    1507880 kB
Inactive(file):   616028 kB
Unevictable:          32 kB
Mlocked:              32 kB
SwapTotal:       5858300 kB
SwapFree:        5113340 kB
Zswap:                 0 kB
Zswapped:              0 kB
Dirty:             12384 kB
Writeback:             0 kB
AnonPages:       9729904 kB
Mapped:           795440 kB
Shmem:            105712 kB
KReclaimable:     221172 kB
Slab:             383544 kB
SReclaimable:     221172 kB
SUnreclaim:       162372 kB
KernelStack:       22400 kB
PageTables:        61852 kB
SecPageTables:         0 kB
NFS_Unstable:          0 kB
Bounce:                0 kB
WritebackTmp:          0 kB
CommitLimit:    12932648 kB
Committed_AS:   20090560 kB
VmallocTotal:   34359738367 kB
VmallocUsed:      137828 kB
VmallocChunk:          0 kB
Percpu:            12928 kB
HardwareCorrupted:     0 kB
AnonHugePages:         0 kB
ShmemHugePages:        0 kB
ShmemPmdMapped:        0 kB
FileHugePages:         0 kB
FilePmdMapped:         0 kB
HugePages_Total:       0
HugePages_Free:        0
HugePages_Rsvd:        0
HugePages_Surp:        0
Hugepagesize:       2048 kB
Hugetlb:               0 kB
DirectMap4k:     1171908 kB
DirectMap2M:    13357056 kB
DirectMap1G:           0 kB

/sys/kernel/mm/transparent_hugepage/enabled: always [madvise] never
/sys/kernel/mm/transparent_hugepage/defrag (defrag/compaction efforts parameter): always defer defer+madvise [madvise] never

Process Memory:
Virtual Size: 7305164K (peak: 7369124K)
Resident Set Size: 279016K (peak: 279016K) (anon: 252776K, file: 26240K, shmem: 0K)
Swapped out: 0K
C-Heap outstanding allocations: 101855K, retained: 22768K
glibc malloc tunables: (default)

/proc/sys/kernel/threads-max (system-wide limit on the number of threads): 109553
/proc/sys/vm/max_map_count (maximum number of memory map areas a process may have): 65530
/proc/sys/kernel/pid_max (system-wide limit on number of process identifiers): 4194304

container (cgroup) information:
container_type: cgroupv2
cpu_cpuset_cpus: not supported
cpu_memory_nodes: not supported
active_processor_count: 12
cpu_quota: not supported
cpu_period: not supported
cpu_shares: not supported
memory_limit_in_bytes: unlimited
memory_and_swap_limit_in_bytes: unlimited
memory_soft_limit_in_bytes: unlimited
memory_usage_in_bytes: 7869140 k
memory_max_usage_in_bytes: not supported
memory_swap_current_in_bytes: 487776 k
memory_swap_max_limit_in_bytes: unlimited
maximum number of tasks: 16432
current number of tasks: 436

Steal ticks since vm start: 0
Steal ticks percentage since vm start:  0,000

CPU: total 16 (initial active 12) (12 cores per cpu, 2 threads per core) family 25 model 80 stepping 0 microcode 0xa50000c, cx8, cmov, fxsr, ht, mmx, 3dnowpref, sse, sse2, sse3, ssse3, sse4a, sse4.1, sse4.2, popcnt, lzcnt, tsc, tscinvbit, avx, avx2, aes, erms, clmul, bmi1, bmi2, adx, sha, fma, vzeroupper, clflush, clflushopt
CPU Model and flags from /proc/cpuinfo:
model name	: AMD Ryzen 5 5600H with Radeon Graphics
flags		: fpu vme de pse tsc msr pae mce cx8 apic sep mtrr pge mca cmov pat pse36 clflush mmx fxsr sse sse2 ht syscall nx mmxext fxsr_opt pdpe1gb rdtscp lm constant_tsc rep_good nopl nonstop_tsc cpuid extd_apicid aperfmperf rapl pni pclmulqdq monitor ssse3 fma cx16 sse4_1 sse4_2 movbe popcnt aes xsave avx f16c rdrand lahf_lm cmp_legacy svm extapic cr8_legacy abm sse4a misalignsse 3dnowprefetch osvw ibs skinit wdt tce topoext perfctr_core perfctr_nb bpext perfctr_llc mwaitx cpb cat_l3 cdp_l3 hw_pstate ssbd mba ibrs ibpb stibp vmmcall fsgsbase bmi1 avx2 smep bmi2 erms invpcid cqm rdt_a rdseed adx smap clflushopt clwb sha_ni xsaveopt xsavec xgetbv1 xsaves cqm_llc cqm_occup_llc cqm_mbm_total cqm_mbm_local clzero irperf xsaveerptr rdpru wbnoinvd cppc arat npt lbrv svm_lock nrip_save tsc_scale vmcb_clean flushbyasid decodeassists pausefilter pfthreshold avic v_vmsave_vmload vgif v_spec_ctrl umip pku ospke vaes vpclmulqdq rdpid overflow_recov succor smca fsrm

Online cpus: 0-11
Offline cpus: 12-15
BIOS frequency limitation: 3300000
Frequency switch latency (ns): 0
Available cpu frequencies: 3300000 1300000 1200000 
Current governor: schedutil
Core performance/turbo boost: 1

Memory: 4k page, physical 14148696k(1230668k free), swap 5858300k(5113340k free)
Page Sizes: 4k

vm_info: OpenJDK 64-Bit Server VM (17.0.9+0-17.0.9b1087.7-11185874) for linux-amd64 JRE (17.0.9+0-17.0.9b1087.7-11185874), built on Dec  6 2023 18:35:35 by "androidbuild" with clang Android (8508608, based on r450784e) Clang 14.0.7 (https://android.googlesource.com/toolchain/llvm-project 4c603efb0cca074e9238af8b4106c30add4418f6)

END.
