#
# A fatal error has been detected by the Java Runtime Environment:
#
#  SIGSEGV (0xb) at pc=0x00007f2930b71dca, pid=4809, tid=4842
#
# JRE version: OpenJDK Runtime Environment (17.0.9) (build 17.0.9+0-17.0.9b1087.7-11185874)
# Java VM: OpenJDK 64-Bit Server VM (17.0.9+0-17.0.9b1087.7-11185874, mixed mode, tiered, compressed oops, compressed class ptrs, g1 gc, linux-amd64)
# Problematic frame:
# C  [libc.so.6+0x171dca]
#
# Core dump will be written. Default location: Core dumps may be processed with "/usr/share/apport/apport -p%p -s%s -c%c -d%d -P%P -u%u -g%g -- %E" (or dumping to /var/www/html/YkisPAM/core.4809)
#
# If you would like to submit a bug report, please visit:
#   https://bugreport.java.com/bugreport/crash.jsp
#

---------------  S U M M A R Y ------------

Command Line: --add-opens=java.base/java.util=ALL-UNNAMED --add-opens=java.base/java.lang=ALL-UNNAMED --add-opens=java.base/java.lang.invoke=ALL-UNNAMED --add-opens=java.prefs/java.util.prefs=ALL-UNNAMED --add-opens=java.base/java.nio.charset=ALL-UNNAMED --add-opens=java.base/java.net=ALL-UNNAMED --add-opens=java.base/java.util.concurrent.atomic=ALL-UNNAMED -Xmx4608m -Dfile.encoding=UTF-8 -Duser.country=UA -Duser.language=ru -Duser.variant -javaagent:/home/rodion/.gradle/wrapper/dists/gradle-8.4-bin/1w5dpkrfk8irigvoxmyhowfim/gradle-8.4/lib/agents/gradle-instrumentation-agent-8.4.jar org.gradle.launcher.daemon.bootstrap.GradleDaemon 8.4

Host: AMD Ryzen 5 5600H with Radeon Graphics, 16 cores, 13G, Ubuntu 23.04
Time: Mon Jan 22 10:34:44 2024 EET elapsed time: 1.932317 seconds (0d 0h 0m 1s)

---------------  T H R E A D  ---------------

Current thread (0x00007f28ec0083e0):  GCTaskThread "GC Thread#4" [stack: 0x00007f28fc5ff000,0x00007f28fc6ff000] [id=4842]

Stack: [0x00007f28fc5ff000,0x00007f28fc6ff000],  sp=0x00007f28fc6fdab8,  free space=1018k
Native frames: (J=compiled Java code, j=interpreted, Vv=VM code, C=native code)
C  [libc.so.6+0x171dca]
V  [libjvm.so+0x981cee]  G1ScanHRForRegionClosure::scan_memregion(unsigned int, MemRegion)+0x79e
V  [libjvm.so+0x9812a6]  G1ScanHRForRegionClosure::scan_heap_roots(HeapRegion*)+0x586
V  [libjvm.so+0x980d03]  G1ScanHRForRegionClosure::do_heap_region(HeapRegion*)+0x53
V  [libjvm.so+0x97efa9]  G1RemSet::scan_heap_roots(G1ParScanThreadState*, unsigned int, G1GCPhaseTimes::GCParPhases, G1GCPhaseTimes::GCParPhases, bool)+0xe9
V  [libjvm.so+0x9370c8]  G1EvacuateRegionsTask::scan_roots(G1ParScanThreadState*, unsigned int)+0x48
V  [libjvm.so+0x936f83]  G1EvacuateRegionsBaseTask::work(unsigned int)+0x83
V  [libjvm.so+0x10bbbec]  GangWorker::run()+0x5c
V  [libjvm.so+0x100dbff]  Thread::call_run()+0xbf
V  [libjvm.so+0xe12ce9]  thread_native_entry(Thread*)+0x119


siginfo: si_signo: 11 (SIGSEGV), si_code: 2 (SEGV_ACCERR), si_addr: 0x00007f292e042000

Registers:
RAX=0x0000000000000044, RBX=0x00000006e5454698, RCX=0x00000000000082a4, RDX=0x00007f292e03a2a4
RSP=0x00007f28fc6fdab8, RBP=0x00007f28fc6fdb00, RSI=0x0000000000000044, RDI=0x00007f292e042000
R8 =0x00007f2928097940, R9 =0x00000006e1455e00, R10=0x00007f29307d5a80, R11=0x00007f2930810161
R12=0x00000006e1454678, R13=0x000000000002a2a3, R14=0x0000000000a8a8c0, R15=0x00007f29280d5920
RIP=0x00007f2930b71dca, EFLAGS=0x0000000000010206, CSGSFS=0x002b000000000033, ERR=0x0000000000000006
  TRAPNO=0x000000000000000e


Register to memory mapping:

RAX=0x0000000000000044 is an unknown value
RBX=0x00000006e5454698 is an unallocated location in the heap
RCX=0x00000000000082a4 is an unknown value
RDX=0x00007f292e03a2a4 points into unknown readable memory: 44 44 44 44
RSP=0x00007f28fc6fdab8 points into unknown readable memory: 0x00007f292ff2597e | 7e 59 f2 2f 29 7f 00 00
RBP=0x00007f28fc6fdb00 points into unknown readable memory: 0x00007f28fc6fdb80 | 80 db 6f fc 28 7f 00 00
RSI=0x0000000000000044 is an unknown value
RDI=0x00007f292e042000 is an unknown value
R8 =0x00007f2928097940 points into unknown readable memory: 0x00000006e0000000 | 00 00 00 e0 06 00 00 00
R9 =0x00000006e1455e00 is pointing into object: [B 
{0x00000006e1454678} - klass: {type array byte}
 - length: 67108873
R10=0x00007f29307d5a80: <offset 0x00000000011d5a80> in /home/rodion/.local/share/JetBrains/Toolbox/apps/android-studio-2/jbr/lib/server/libjvm.so at 0x00007f292f600000
R11=0x00007f2930810161: <offset 0x0000000001210161> in /home/rodion/.local/share/JetBrains/Toolbox/apps/android-studio-2/jbr/lib/server/libjvm.so at 0x00007f292f600000
R12=0x00000006e1454678 is an oop: [B 
{0x00000006e1454678} - klass: {type array byte}
 - length: 67108873
R13=0x000000000002a2a3 is an unknown value
R14=0x0000000000a8a8c0 is an unknown value
R15=0x00007f29280d5920 points into unknown readable memory: 0x00000006e17a0200 | 00 02 7a e1 06 00 00 00


Top of Stack: (sp=0x00007f28fc6fdab8)
0x00007f28fc6fdab8:   00007f292ff2597e 00007f28fc6fdb00
0x00007f28fc6fdac8:   00007f29280d5920 00000006e1455e00
0x00007f28fc6fdad8:   00007f292803a980 00007f28fc6fdcc8
0x00007f28fc6fdae8:   0000000000000030 00000006e1445dc8
0x00007f28fc6fdaf8:   00000006e1455e00 00007f28fc6fdb80
0x00007f28fc6fdb08:   00007f292ff81cee 0000000000000007
0x00007f28fc6fdb18:   00007f29307b0178 0000000000000000
0x00007f28fc6fdb28:   00007f292803a980 00007f28a4004f80
0x00007f28fc6fdb38:   00007f28fc6fdcc8 00000006e1446000
0x00007f28fc6fdb48:   0000000000000040 00007f29280d5900
0x00007f28fc6fdb58:   00007f292d72a2b0 00000006e1455e00
0x00007f28fc6fdb68:   0000000000000030 00007f292806fdc0
0x00007f28fc6fdb78:   0000000000000001 00007f28fc6fdc50
0x00007f28fc6fdb88:   00007f292ff812a6 0000000000000001
0x00007f28fc6fdb98:   0000000000000014 000000000000a280
0x00007f28fc6fdba8:   00007f28ec0086e0 00007f28ec0086f0
0x00007f28fc6fdbb8:   00007f28ec0086a0 0000000000000006
0x00007f28fc6fdbc8:   00007f28ec008ac8 00000000000003d8
0x00007f28fc6fdbd8:   ffff80d6d28d5d7f 0000000000000000
0x00007f28fc6fdbe8:   0000000000000000 00007f2800000000
0x00007f28fc6fdbf8:   00007f2930413939 00007f28fc6fdc20
0x00007f28fc6fdc08:   00007f293062023b 0000000000000005
0x00007f28fc6fdc18:   00007f28fc6fdcc8 00007f292d72a2c0
0x00007f28fc6fdc28:   00007f28fc6fdcc8 00007f292806fdc0
0x00007f28fc6fdc38:   0000000000000000 00007f29280d5900
0x00007f28fc6fdc48:   00007f28fc6fdc68 00007f28fc6fdcb0
0x00007f28fc6fdc58:   00007f292ff80d03 00007f29307af748
0x00007f28fc6fdc68:   00007f28a4004f80 0000000072d3cadb
0x00007f28fc6fdc78:   0000000000000000 00007f28fc6fdd20
0x00007f28fc6fdc88:   00007f28fc6fdd30 0000000000000000
0x00007f28fc6fdc98:   0000000000000000 00007f292803a980
0x00007f28fc6fdca8:   00007f28fc6fdcc8 00007f28fc6fdd90 

Instructions: (pc=0x00007f2930b71dca)
0x00007f2930b71cca:   00 00 00 0f 1f 00 f3 0f 1e fa 48 39 d1 0f 82 73
0x00007f2930b71cda:   bc fb ff 66 66 2e 0f 1f 84 00 00 00 00 00 66 66
0x00007f2930b71cea:   2e 0f 1f 84 00 00 00 00 00 66 66 2e 0f 1f 84 00
0x00007f2930b71cfa:   00 00 00 00 66 90 f3 0f 1e fa c5 f9 6e c6 48 89
0x00007f2930b71d0a:   f8 48 83 fa 20 0f 82 cb 00 00 00 c4 e2 7d 78 c0
0x00007f2930b71d1a:   48 83 fa 40 77 20 c5 fe 7f 07 c5 fe 7f 44 17 e0
0x00007f2930b71d2a:   c5 f8 77 c3 66 90 c5 fe 7f 47 c0 c5 fe 7f 47 e0
0x00007f2930b71d3a:   c5 f8 77 c3 66 90 48 3b 15 a9 46 08 00 77 77 c5
0x00007f2930b71d4a:   fe 7f 07 c5 fe 7f 47 20 48 01 d7 48 81 fa 80 00
0x00007f2930b71d5a:   00 00 76 d2 c5 fe 7f 40 40 c5 fe 7f 40 60 48 83
0x00007f2930b71d6a:   c7 80 48 81 fa 00 01 00 00 76 2b 48 8d 90 80 00
0x00007f2930b71d7a:   00 00 48 83 e2 c0 c5 fd 7f 02 c5 fd 7f 42 20 c5
0x00007f2930b71d8a:   fd 7f 42 40 c5 fd 7f 42 60 48 83 ea 80 48 39 fa
0x00007f2930b71d9a:   72 e4 0f 1f 40 00 c5 fe 7f 07 c5 fe 7f 47 20 c5
0x00007f2930b71daa:   fe 7f 47 40 c5 fe 7f 47 60 c5 f8 77 c3 66 0f 1f
0x00007f2930b71dba:   84 00 00 00 00 00 40 0f b6 c6 48 89 d1 48 89 fa
0x00007f2930b71dca:   f3 aa 48 89 d0 c5 f8 77 c3 66 66 2e 0f 1f 84 00
0x00007f2930b71dda:   00 00 00 00 66 90 c4 e2 79 78 c0 83 fa 10 7d 16
0x00007f2930b71dea:   83 fa 08 7d 21 83 fa 04 7d 2c 83 fa 01 7f 37 7c
0x00007f2930b71dfa:   03 40 88 37 c3 90 c5 fa 7f 07 c5 fa 7f 44 17 f0
0x00007f2930b71e0a:   c3 0f 1f 44 00 00 c5 f9 d6 07 c5 f9 d6 44 17 f8
0x00007f2930b71e1a:   c3 0f 1f 44 00 00 c5 f9 7e 07 c5 f9 7e 44 17 fc
0x00007f2930b71e2a:   c3 0f 1f 44 00 00 40 88 37 40 88 77 01 40 88 74
0x00007f2930b71e3a:   17 ff c3 0f 1f 00 f3 0f 1e fa c5 f9 6e c6 c4 e2
0x00007f2930b71e4a:   7d 78 c0 89 f8 25 ff 0f 00 00 3d e0 0f 00 00 0f
0x00007f2930b71e5a:   87 21 01 00 00 c5 fd 74 0f c5 fd d7 c1 85 c0 74
0x00007f2930b71e6a:   55 0f bc c0 48 01 f8 c5 f8 77 c3 0f bc c0 48 ff
0x00007f2930b71e7a:   c7 48 01 f8 c5 f8 77 c3 66 66 2e 0f 1f 84 00 00
0x00007f2930b71e8a:   00 00 00 0f 1f 00 f3 0f bc c0 48 83 c7 21 48 01
0x00007f2930b71e9a:   f8 c5 f8 77 c3 90 f3 0f bc c0 48 83 c7 41 48 01
0x00007f2930b71eaa:   f8 c5 f8 77 c3 90 f3 0f bc c0 48 83 c7 61 48 01
0x00007f2930b71eba:   f8 c5 f8 77 c3 90 48 83 cf 1f c5 fd 74 4f 01 c5 


Stack slot to memory mapping:
stack at sp + 0 slots: 0x00007f292ff2597e: <offset 0x000000000092597e> in /home/rodion/.local/share/JetBrains/Toolbox/apps/android-studio-2/jbr/lib/server/libjvm.so at 0x00007f292f600000
stack at sp + 1 slots: 0x00007f28fc6fdb00 points into unknown readable memory: 0x00007f28fc6fdb80 | 80 db 6f fc 28 7f 00 00
stack at sp + 2 slots: 0x00007f29280d5920 points into unknown readable memory: 0x00000006e17a0200 | 00 02 7a e1 06 00 00 00
stack at sp + 3 slots: 0x00000006e1455e00 is pointing into object: [B 
{0x00000006e1454678} - klass: {type array byte}
 - length: 67108873
stack at sp + 4 slots: 0x00007f292803a980 points into unknown readable memory: 0x00007f29307ae020 | 20 e0 7a 30 29 7f 00 00
stack at sp + 5 slots: 0x00007f28fc6fdcc8 points into unknown readable memory: 0x00007f29307b0160 | 60 01 7b 30 29 7f 00 00
stack at sp + 6 slots: 0x0000000000000030 is an unknown value
stack at sp + 7 slots: 0x00000006e1445dc8 is an oop: [Ljava.util.HashMap$Node; 
{0x00000006e1445dc8} - klass: 'java/util/HashMap$Node'[]
 - length: 16


---------------  P R O C E S S  ---------------

Threads class SMR info:
_java_thread_list=0x00007f28848e39f0, length=34, elements={
0x00007f29280287a0, 0x00007f29281a18f0, 0x00007f29281a2f50, 0x00007f29281d3150,
0x00007f29281d4510, 0x00007f29281d5930, 0x00007f29281c8420, 0x00007f29281c9910,
0x00007f29281cad90, 0x00007f2928270720, 0x00007f2928369640, 0x00007f28cc100220,
0x00007f29296c0380, 0x00007f29296ca950, 0x00007f2929787010, 0x00007f289c017080,
0x00007f28940015d0, 0x00007f2894006dd0, 0x00007f2894008450, 0x00007f28840046a0,
0x00007f288400bc30, 0x00007f288400ec50, 0x00007f2884191230, 0x00007f2884199d20,
0x00007f2884276310, 0x00007f28cc67b690, 0x00007f28846aa6e0, 0x00007f288470f740,
0x00007f288480a3e0, 0x00007f288481de90, 0x00007f28848339e0, 0x00007f2884842bf0,
0x00007f28848a2e60, 0x00007f28848e2ba0
}

Java Threads: ( => current thread )
  0x00007f29280287a0 JavaThread "main" [_thread_blocked, id=4812, stack(0x00007f292f500000,0x00007f292f600000)]
  0x00007f29281a18f0 JavaThread "Reference Handler" daemon [_thread_blocked, id=4826, stack(0x00007f290c5e8000,0x00007f290c6e8000)]
  0x00007f29281a2f50 JavaThread "Finalizer" daemon [_thread_blocked, id=4827, stack(0x00007f290c4e8000,0x00007f290c5e8000)]
  0x00007f29281d3150 JavaThread "Signal Dispatcher" daemon [_thread_blocked, id=4828, stack(0x00007f290c3e8000,0x00007f290c4e8000)]
  0x00007f29281d4510 JavaThread "Service Thread" daemon [_thread_blocked, id=4829, stack(0x00007f290c2e8000,0x00007f290c3e8000)]
  0x00007f29281d5930 JavaThread "Monitor Deflation Thread" daemon [_thread_blocked, id=4830, stack(0x00007f290c1e8000,0x00007f290c2e8000)]
  0x00007f29281c8420 JavaThread "C2 CompilerThread0" daemon [_thread_in_native, id=4831, stack(0x00007f290c0e8000,0x00007f290c1e8000)]
  0x00007f29281c9910 JavaThread "C1 CompilerThread0" daemon [_thread_blocked, id=4832, stack(0x00007f28fd900000,0x00007f28fda00000)]
  0x00007f29281cad90 JavaThread "Sweeper thread" daemon [_thread_blocked, id=4833, stack(0x00007f28fd800000,0x00007f28fd900000)]
  0x00007f2928270720 JavaThread "Common-Cleaner" daemon [_thread_blocked, id=4834, stack(0x00007f28fd700000,0x00007f28fd800000)]
  0x00007f2928369640 JavaThread "Notification Thread" daemon [_thread_blocked, id=4835, stack(0x00007f28fd600000,0x00007f28fd700000)]
  0x00007f28cc100220 JavaThread "C2 CompilerThread1" daemon [_thread_blocked, id=4837, stack(0x00007f28fd3ff000,0x00007f28fd4ff000)]
  0x00007f29296c0380 JavaThread "Daemon health stats" [_thread_blocked, id=4843, stack(0x00007f28fc4fe000,0x00007f28fc5fe000)]
  0x00007f29296ca950 JavaThread "Incoming local TCP Connector on port 38945" [_thread_in_native, id=4844, stack(0x00007f28fc3fe000,0x00007f28fc4fe000)]
  0x00007f2929787010 JavaThread "Daemon periodic checks" [_thread_blocked, id=4845, stack(0x00007f28fc2fe000,0x00007f28fc3fe000)]
  0x00007f289c017080 JavaThread "Daemon" [_thread_blocked, id=4846, stack(0x00007f28fc1fe000,0x00007f28fc2fe000)]
  0x00007f28940015d0 JavaThread "Handler for socket connection from /127.0.0.1:38945 to /127.0.0.1:41924" [_thread_in_native, id=4847, stack(0x00007f28fc0fe000,0x00007f28fc1fe000)]
  0x00007f2894006dd0 JavaThread "Cancel handler" [_thread_blocked, id=4848, stack(0x00007f2893f00000,0x00007f2894000000)]
  0x00007f2894008450 JavaThread "Daemon worker" [_thread_blocked, id=4849, stack(0x00007f2893e00000,0x00007f2893f00000)]
  0x00007f28840046a0 JavaThread "Asynchronous log dispatcher for DefaultDaemonConnection: socket connection from /127.0.0.1:38945 to /127.0.0.1:41924" [_thread_blocked, id=4852, stack(0x00007f2893d00000,0x00007f2893e00000)]
  0x00007f288400bc30 JavaThread "Stdin handler" [_thread_blocked, id=4853, stack(0x00007f2893c00000,0x00007f2893d00000)]
  0x00007f288400ec50 JavaThread "Daemon client event forwarder" [_thread_blocked, id=4854, stack(0x00007f2893b00000,0x00007f2893c00000)]
  0x00007f2884191230 JavaThread "Cache worker for journal cache (/home/rodion/.gradle/caches/journal-1)" [_thread_blocked, id=4862, stack(0x00007f28fd2ff000,0x00007f28fd3ff000)]
  0x00007f2884199d20 JavaThread "File lock request listener" [_thread_in_native, id=4863, stack(0x00007f28932f9000,0x00007f28933f9000)]
  0x00007f2884276310 JavaThread "Cache worker for file hash cache (/home/rodion/.gradle/caches/8.4/fileHashes)" [_thread_blocked, id=4864, stack(0x00007f28931f9000,0x00007f28932f9000)]
  0x00007f28cc67b690 JavaThread "C2 CompilerThread2" daemon [_thread_blocked, id=4865, stack(0x00007f28930f9000,0x00007f28931f9000)]
  0x00007f28846aa6e0 JavaThread "File watcher server" daemon [_thread_in_native, id=4866, stack(0x00007f2892ff9000,0x00007f28930f9000)]
  0x00007f288470f740 JavaThread "File watcher consumer" daemon [_thread_blocked, id=4867, stack(0x00007f2892ef9000,0x00007f2892ff9000)]
  0x00007f288480a3e0 JavaThread "Cache worker for checksums cache (/var/www/html/YkisPAM/.gradle/8.4/checksums)" [_thread_blocked, id=4868, stack(0x00007f2892df9000,0x00007f2892ef9000)]
  0x00007f288481de90 JavaThread "Cache worker for file hash cache (/var/www/html/YkisPAM/.gradle/8.4/fileHashes)" [_thread_blocked, id=4869, stack(0x00007f2892cf9000,0x00007f2892df9000)]
  0x00007f28848339e0 JavaThread "Cache worker for cache directory md-supplier (/home/rodion/.gradle/caches/8.4/md-supplier)" [_thread_blocked, id=4870, stack(0x00007f2892bf9000,0x00007f2892cf9000)]
  0x00007f2884842bf0 JavaThread "Cache worker for file content cache (/home/rodion/.gradle/caches/8.4/fileContent)" [_thread_blocked, id=4871, stack(0x00007f2892af9000,0x00007f2892bf9000)]
  0x00007f28848a2e60 JavaThread "Cache worker for cache directory md-rule (/home/rodion/.gradle/caches/8.4/md-rule)" [_thread_blocked, id=4872, stack(0x00007f28929f9000,0x00007f2892af9000)]
  0x00007f28848e2ba0 JavaThread "Cache worker for execution history cache (/home/rodion/.gradle/caches/8.4/executionHistory)" [_thread_blocked, id=4873, stack(0x00007f28928f9000,0x00007f28929f9000)]

Other Threads:
  0x00007f2928191c60 VMThread "VM Thread" [stack: 0x00007f290c6e9000,0x00007f290c7e9000] [id=4825]
  0x00007f2928151830 WatcherThread [stack: 0x00007f28fd500000,0x00007f28fd600000] [id=4836]
  0x00007f2928098930 GCTaskThread "GC Thread#0" [stack: 0x00007f292cd20000,0x00007f292ce20000] [id=4813]
  0x00007f28ec006580 GCTaskThread "GC Thread#1" [stack: 0x00007f28fcf00000,0x00007f28fd000000] [id=4839]
  0x00007f28ec006fa0 GCTaskThread "GC Thread#2" [stack: 0x00007f28fcb00000,0x00007f28fcc00000] [id=4840]
  0x00007f28ec0079c0 GCTaskThread "GC Thread#3" [stack: 0x00007f28fc700000,0x00007f28fc800000] [id=4841]
=>0x00007f28ec0083e0 GCTaskThread "GC Thread#4" [stack: 0x00007f28fc5ff000,0x00007f28fc6ff000] [id=4842]
  0x00007f28ec009970 GCTaskThread "GC Thread#5" [stack: 0x00007f2893a00000,0x00007f2893b00000] [id=4855]
  0x00007f28ec00a1e0 GCTaskThread "GC Thread#6" [stack: 0x00007f28938ff000,0x00007f28939ff000] [id=4856]
  0x00007f28ec00ac00 GCTaskThread "GC Thread#7" [stack: 0x00007f28937fe000,0x00007f28938fe000] [id=4857]
  0x00007f28ec00b620 GCTaskThread "GC Thread#8" [stack: 0x00007f28936fd000,0x00007f28937fd000] [id=4858]
  0x00007f28ec00c350 GCTaskThread "GC Thread#9" [stack: 0x00007f28935fc000,0x00007f28936fc000] [id=4859]
  0x00007f29280a2f50 ConcurrentGCThread "G1 Main Marker" [stack: 0x00007f292cc1f000,0x00007f292cd1f000] [id=4815]
  0x00007f29280a3ec0 ConcurrentGCThread "G1 Conc#0" [stack: 0x00007f292cb1e000,0x00007f292cc1e000] [id=4817]
  0x00007f2900000eb0 ConcurrentGCThread "G1 Conc#1" [stack: 0x00007f28934fb000,0x00007f28935fb000] [id=4860]
  0x00007f2900001910 ConcurrentGCThread "G1 Conc#2" [stack: 0x00007f28933fa000,0x00007f28934fa000] [id=4861]
  0x00007f292810ed50 ConcurrentGCThread "G1 Refine#0" [stack: 0x00007f292c013000,0x00007f292c113000] [id=4823]
  0x00007f292810fc50 ConcurrentGCThread "G1 Service" [stack: 0x00007f2927f00000,0x00007f2928000000] [id=4824]

Threads with active compile tasks:
C2 CompilerThread0     1942 2695       4       org.objectweb.asm.Frame::execute (2318 bytes)
C1 CompilerThread0     1942 2722       3       org.codehaus.groovy.util.LockableObject::<init> (5 bytes)
C2 CompilerThread1     1942 2708       4       java.net.URLStreamHandler::toExternalForm (156 bytes)

VM state: at safepoint (normal execution)

VM Mutex/Monitor currently owned by a thread:  ([mutex/lock_event])
[0x00007f29280253f0] Threads_lock - owner thread: 0x00007f2928191c60
[0x00007f2928025c60] Heap_lock - owner thread: 0x00007f29281c9910
[0x00007f29280264b0] MethodData_lock - owner thread: 0x00007f29281c9910

Heap address: 0x00000006e0000000, size: 4608 MB, Compressed Oops mode: Zero based, Oop shift amount: 3

CDS archive(s) not mapped
Compressed class space mapped at: 0x0000000800000000-0x0000000840000000, reserved size: 1073741824
Narrow klass base: 0x0000000800000000, Narrow klass shift: 0, Narrow klass range: 0x40000000

GC Precious Log:
 CPUs: 16 total, 12 available
 Memory: 13817M
 Large Page Support: Disabled
 NUMA Support: Disabled
 Compressed Oops: Enabled (Zero based)
 Heap Region Size: 4M
 Heap Min Capacity: 8M
 Heap Initial Capacity: 216M
 Heap Max Capacity: 4608M
 Pre-touch: Disabled
 Parallel Workers: 10
 Concurrent Workers: 3
 Concurrent Refinement Workers: 10
 Periodic GC: Disabled

Heap:
 garbage-first heap   total 81920K, used 48173K [0x00000006e0000000, 0x0000000800000000)
  region size 4096K, 8 young (32768K), 1 survivors (4096K)
 Metaspace       used 35719K, committed 35968K, reserved 1114112K
  class space    used 4929K, committed 5056K, reserved 1048576K

Heap Regions: E=young(eden), S=young(survivor), O=old, HS=humongous(starts), HC=humongous(continues), CS=collection set, F=free, OA=open archive, CA=closed archive, TAMS=top-at-mark-start (previous, next)
|   0|0x00000006e0000000, 0x00000006e0400000, 0x00000006e0400000|100%|HS|  |TAMS 0x00000006e0400000, 0x00000006e0400000| Complete 
|   1|0x00000006e0400000, 0x00000006e0800000, 0x00000006e0800000|100%| O|  |TAMS 0x00000006e0800000, 0x00000006e0800000| Untracked 
|   2|0x00000006e0800000, 0x00000006e0800000, 0x00000006e0c00000|  0%| F|  |TAMS 0x00000006e0800000, 0x00000006e0800000| Untracked 
|   3|0x00000006e0c00000, 0x00000006e1000000, 0x00000006e1000000|100%| O|  |TAMS 0x00000006e0c00000, 0x00000006e1000000| Untracked 
|   4|0x00000006e1000000, 0x00000006e1400000, 0x00000006e1400000|100%| O|  |TAMS 0x00000006e1000000, 0x00000006e1400000| Untracked 
|   5|0x00000006e1400000, 0x00000006e17a0200, 0x00000006e1800000| 90%| O|  |TAMS 0x00000006e1400000, 0x00000006e17a0200| Untracked 
|   6|0x00000006e1800000, 0x00000006e1800000, 0x00000006e1c00000|  0%| F|  |TAMS 0x00000006e1800000, 0x00000006e1800000| Untracked 
|   7|0x00000006e1c00000, 0x00000006e1c00000, 0x00000006e2000000|  0%| F|  |TAMS 0x00000006e1c00000, 0x00000006e1c00000| Untracked 
|   8|0x00000006e2000000, 0x00000006e2000000, 0x00000006e2400000|  0%| F|  |TAMS 0x00000006e2000000, 0x00000006e2000000| Untracked 
|   9|0x00000006e2400000, 0x00000006e2400000, 0x00000006e2800000|  0%| F|  |TAMS 0x00000006e2400000, 0x00000006e2400000| Untracked 
|  10|0x00000006e2800000, 0x00000006e29e52d8, 0x00000006e2c00000| 47%| E|CS|TAMS 0x00000006e2800000, 0x00000006e29e52d8| Complete 
|  11|0x00000006e2c00000, 0x00000006e2c00000, 0x00000006e3000000|  0%| F|  |TAMS 0x00000006e2c00000, 0x00000006e2c00000| Untracked 
|  12|0x00000006e3000000, 0x00000006e32b40c0, 0x00000006e3400000| 67%| S|  |TAMS 0x00000006e3000000, 0x00000006e3000000| Complete 
|  13|0x00000006e3400000, 0x00000006e3586058, 0x00000006e3800000| 38%| E|CS|TAMS 0x00000006e3400000, 0x00000006e3586058| Complete 
|  14|0x00000006e3800000, 0x00000006e3c00000, 0x00000006e3c00000|100%| E|CS|TAMS 0x00000006e3800000, 0x00000006e3c00000| Complete 
|  15|0x00000006e3c00000, 0x00000006e4000000, 0x00000006e4000000|100%| E|CS|TAMS 0x00000006e3c00000, 0x00000006e4000000| Complete 
|  16|0x00000006e4000000, 0x00000006e4400000, 0x00000006e4400000|100%| E|CS|TAMS 0x00000006e4000000, 0x00000006e4400000| Complete 
|  38|0x00000006e9800000, 0x00000006e9c00000, 0x00000006e9c00000|100%| E|CS|TAMS 0x00000006e9800000, 0x00000006e9c00000| Complete 
|  39|0x00000006e9c00000, 0x00000006ea000000, 0x00000006ea000000|100%| E|CS|TAMS 0x00000006e9c00000, 0x00000006ea000000| Complete 
|  53|0x00000006ed400000, 0x00000006ed800000, 0x00000006ed800000|100%| E|CS|TAMS 0x00000006ed400000, 0x00000006ed800000| Complete 

Card table byte_map: [0x00007f292d720000,0x00007f292e020000] _byte_map_base: 0x00007f292a020000

Marking Bits (Prev, Next): (CMBitMap*) 0x00007f2928099400, (CMBitMap*) 0x00007f29280993c0
 Prev Bits: [0x00007f290ca00000, 0x00007f2911200000)
 Next Bits: [0x00007f2911200000, 0x00007f2915a00000)

Polling page: 0x00007f2930c7f000

Metaspace:

Usage:
  Non-class:     30,07 MB used.
      Class:      4,81 MB used.
       Both:     34,88 MB used.

Virtual space:
  Non-class space:       64,00 MB reserved,      30,19 MB ( 47%) committed,  1 nodes.
      Class space:        1,00 GB reserved,       4,94 MB ( <1%) committed,  1 nodes.
             Both:        1,06 GB reserved,      35,12 MB (  3%) committed. 

Chunk freelists:
   Non-Class:  1,50 MB
       Class:  11,08 MB
        Both:  12,58 MB

MaxMetaspaceSize: unlimited
CompressedClassSpaceSize: 1,00 GB
Initial GC threshold: 21,00 MB
Current GC threshold: 35,12 MB
CDS: off
MetaspaceReclaimPolicy: balanced
 - commit_granule_bytes: 65536.
 - commit_granule_words: 8192.
 - virtual_space_node_default_size: 8388608.
 - enlarge_chunks_in_place: 1.
 - new_chunks_are_fully_committed: 0.
 - uncommit_free_chunks: 1.
 - use_allocation_guard: 0.
 - handle_deallocations: 1.


Internal statistics:

num_allocs_failed_limit: 6.
num_arena_births: 258.
num_arena_deaths: 0.
num_vsnodes_births: 2.
num_vsnodes_deaths: 0.
num_space_committed: 562.
num_space_uncommitted: 0.
num_chunks_returned_to_freelist: 6.
num_chunks_taken_from_freelist: 1260.
num_chunk_merges: 6.
num_chunk_splits: 850.
num_chunks_enlarged: 599.
num_inconsistent_stats: 0.

CodeHeap 'non-profiled nmethods': size=120028Kb used=1617Kb max_used=1617Kb free=118410Kb
 bounds [0x00007f291d4c9000, 0x00007f291d739000, 0x00007f2924a00000]
CodeHeap 'profiled nmethods': size=120028Kb used=5548Kb max_used=5548Kb free=114479Kb
 bounds [0x00007f2915a00000, 0x00007f2915f70000, 0x00007f291cf37000]
CodeHeap 'non-nmethods': size=5704Kb used=1260Kb max_used=1298Kb free=4443Kb
 bounds [0x00007f291cf37000, 0x00007f291d1a7000, 0x00007f291d4c9000]
 total_blobs=3271 nmethods=2719 adapters=463
 compilation: enabled
              stopped_count=0, restarted_count=0
 full_count=0

Compilation events (20 events):
Event: 1,912 Thread 0x00007f29281c9910 2713       3       org.codehaus.groovy.reflection.GeneratedMetaMethod$DgmMethodRecord::<init> (5 bytes)
Event: 1,913 Thread 0x00007f29281c9910 nmethod 2713 0x00007f2915f65d10 code [0x00007f2915f65ec0, 0x00007f2915f66010]
Event: 1,913 Thread 0x00007f29281c9910 2715       2       java.io.DataInputStream::readUTF (501 bytes)
Event: 1,914 Thread 0x00007f29281c9910 nmethod 2715 0x00007f2915f66110 code [0x00007f2915f66460, 0x00007f2915f67520]
Event: 1,915 Thread 0x00007f28cc67b690 nmethod 2712 0x00007f291d65ca10 code [0x00007f291d65cba0, 0x00007f291d65ce78]
Event: 1,915 Thread 0x00007f28cc67b690 2714       4       java.lang.Integer::valueOf (32 bytes)
Event: 1,915 Thread 0x00007f28cc67b690 nmethod 2714 0x00007f291d65d090 code [0x00007f291d65d220, 0x00007f291d65d2f8]
Event: 1,915 Thread 0x00007f28cc67b690 2716       4       java.lang.Integer::hashCode (8 bytes)
Event: 1,915 Thread 0x00007f28cc67b690 nmethod 2716 0x00007f291d65d390 code [0x00007f291d65d500, 0x00007f291d65d578]
Event: 1,925 Thread 0x00007f29281c9910 2717       3       java.lang.PublicMethods$MethodList::merge (192 bytes)
Event: 1,925 Thread 0x00007f29281c9910 nmethod 2717 0x00007f2915f67e90 code [0x00007f2915f68100, 0x00007f2915f68c20]
Event: 1,925 Thread 0x00007f29281c9910 2718       3       java.lang.PublicMethods$MethodList::length (24 bytes)
Event: 1,925 Thread 0x00007f29281c9910 nmethod 2718 0x00007f2915f69010 code [0x00007f2915f691c0, 0x00007f2915f69390]
Event: 1,925 Thread 0x00007f29281c9910 2720       3       java.lang.ref.SoftReference::<init> (14 bytes)
Event: 1,925 Thread 0x00007f29281c9910 nmethod 2720 0x00007f2915f69490 code [0x00007f2915f69640, 0x00007f2915f69930]
Event: 1,925 Thread 0x00007f29281c9910 2719       3       java.lang.PublicMethods::merge (81 bytes)
Event: 1,926 Thread 0x00007f29281c9910 nmethod 2719 0x00007f2915f69a10 code [0x00007f2915f69c60, 0x00007f2915f6a6c0]
Event: 1,926 Thread 0x00007f29281c9910 2721       3       org.codehaus.groovy.util.LazyReference::get (44 bytes)
Event: 1,926 Thread 0x00007f29281c9910 nmethod 2721 0x00007f2915f6ab10 code [0x00007f2915f6ad00, 0x00007f2915f6b100]
Event: 1,926 Thread 0x00007f29281c9910 2722       3       org.codehaus.groovy.util.LockableObject::<init> (5 bytes)

GC Heap History (13 events):
Event: 0,322 GC heap before
{Heap before GC invocations=0 (full 0):
 garbage-first heap   total 221184K, used 20480K [0x00000006e0000000, 0x0000000800000000)
  region size 4096K, 5 young (20480K), 0 survivors (0K)
 Metaspace       used 9796K, committed 9920K, reserved 1114112K
  class space    used 976K, committed 1024K, reserved 1048576K
}
Event: 0,325 GC heap after
{Heap after GC invocations=1 (full 0):
 garbage-first heap   total 221184K, used 9948K [0x00000006e0000000, 0x0000000800000000)
  region size 4096K, 1 young (4096K), 1 survivors (4096K)
 Metaspace       used 9796K, committed 9920K, reserved 1114112K
  class space    used 976K, committed 1024K, reserved 1048576K
}
Event: 0,472 GC heap before
{Heap before GC invocations=1 (full 0):
 garbage-first heap   total 221184K, used 26332K [0x00000006e0000000, 0x0000000800000000)
  region size 4096K, 5 young (20480K), 1 survivors (4096K)
 Metaspace       used 11403K, committed 11584K, reserved 1114112K
  class space    used 1205K, committed 1280K, reserved 1048576K
}
Event: 0,475 GC heap after
{Heap after GC invocations=2 (full 0):
 garbage-first heap   total 221184K, used 10865K [0x00000006e0000000, 0x0000000800000000)
  region size 4096K, 1 young (4096K), 1 survivors (4096K)
 Metaspace       used 11403K, committed 11584K, reserved 1114112K
  class space    used 1205K, committed 1280K, reserved 1048576K
}
Event: 0,982 GC heap before
{Heap before GC invocations=2 (full 0):
 garbage-first heap   total 221184K, used 60017K [0x00000006e0000000, 0x0000000800000000)
  region size 4096K, 14 young (57344K), 1 survivors (4096K)
 Metaspace       used 21305K, committed 21504K, reserved 1114112K
  class space    used 2542K, committed 2624K, reserved 1048576K
}
Event: 0,985 GC heap after
{Heap after GC invocations=3 (full 0):
 garbage-first heap   total 221184K, used 18003K [0x00000006e0000000, 0x0000000800000000)
  region size 4096K, 2 young (8192K), 2 survivors (8192K)
 Metaspace       used 21305K, committed 21504K, reserved 1114112K
  class space    used 2542K, committed 2624K, reserved 1048576K
}
Event: 1,357 GC heap before
{Heap before GC invocations=4 (full 0):
 garbage-first heap   total 81920K, used 54867K [0x00000006e0000000, 0x0000000800000000)
  region size 4096K, 12 young (49152K), 2 survivors (8192K)
 Metaspace       used 27018K, committed 27328K, reserved 1114112K
  class space    used 3560K, committed 3712K, reserved 1048576K
}
Event: 1,361 GC heap after
{Heap after GC invocations=5 (full 0):
 garbage-first heap   total 81920K, used 20387K [0x00000006e0000000, 0x0000000800000000)
  region size 4096K, 1 young (4096K), 1 survivors (4096K)
 Metaspace       used 27018K, committed 27328K, reserved 1114112K
  class space    used 3560K, committed 3712K, reserved 1048576K
}
Event: 1,401 GC heap before
{Heap before GC invocations=5 (full 0):
 garbage-first heap   total 81920K, used 24483K [0x00000006e0000000, 0x0000000800000000)
  region size 4096K, 2 young (8192K), 1 survivors (4096K)
 Metaspace       used 27468K, committed 27776K, reserved 1114112K
  class space    used 3633K, committed 3776K, reserved 1048576K
}
Event: 1,404 GC heap after
{Heap after GC invocations=6 (full 0):
 garbage-first heap   total 81920K, used 20656K [0x00000006e0000000, 0x0000000800000000)
  region size 4096K, 1 young (4096K), 1 survivors (4096K)
 Metaspace       used 27468K, committed 27776K, reserved 1114112K
  class space    used 3633K, committed 3776K, reserved 1048576K
}
Event: 1,707 GC heap before
{Heap before GC invocations=6 (full 0):
 garbage-first heap   total 81920K, used 49328K [0x00000006e0000000, 0x0000000800000000)
  region size 4096K, 9 young (36864K), 1 survivors (4096K)
 Metaspace       used 31887K, committed 32192K, reserved 1114112K
  class space    used 4356K, committed 4480K, reserved 1048576K
}
Event: 1,709 GC heap after
{Heap after GC invocations=7 (full 0):
 garbage-first heap   total 81920K, used 22037K [0x00000006e0000000, 0x0000000800000000)
  region size 4096K, 1 young (4096K), 1 survivors (4096K)
 Metaspace       used 31887K, committed 32192K, reserved 1114112K
  class space    used 4356K, committed 4480K, reserved 1048576K
}
Event: 1,926 GC heap before
{Heap before GC invocations=7 (full 0):
 garbage-first heap   total 81920K, used 46613K [0x00000006e0000000, 0x0000000800000000)
  region size 4096K, 8 young (32768K), 1 survivors (4096K)
 Metaspace       used 35719K, committed 35968K, reserved 1114112K
  class space    used 4929K, committed 5056K, reserved 1048576K
}

Dll operation events (13 events):
Event: 0,002 Loaded shared library /home/rodion/.local/share/JetBrains/Toolbox/apps/android-studio-2/jbr/lib/libjava.so
Event: 0,097 Loaded shared library /home/rodion/.local/share/JetBrains/Toolbox/apps/android-studio-2/jbr/lib/libzip.so
Event: 0,098 Loaded shared library /home/rodion/.local/share/JetBrains/Toolbox/apps/android-studio-2/jbr/lib/libinstrument.so
Event: 0,103 Loaded shared library /home/rodion/.local/share/JetBrains/Toolbox/apps/android-studio-2/jbr/lib/libnio.so
Event: 0,110 Loaded shared library /home/rodion/.local/share/JetBrains/Toolbox/apps/android-studio-2/jbr/lib/libzip.so
Event: 0,171 Loaded shared library /home/rodion/.local/share/JetBrains/Toolbox/apps/android-studio-2/jbr/lib/libjimage.so
Event: 0,206 Loaded shared library /home/rodion/.local/share/JetBrains/Toolbox/apps/android-studio-2/jbr/lib/libverify.so
Event: 0,296 Loaded shared library /home/rodion/.local/share/JetBrains/Toolbox/apps/android-studio-2/jbr/lib/libnet.so
Event: 0,298 Loaded shared library /home/rodion/.gradle/native/c067742578af261105cb4f569cf0c3c89f3d7b1fecec35dd04571415982c5e48/linux-amd64/libnative-platform.so
Event: 0,301 Loaded shared library /home/rodion/.gradle/native/38dada09dfb8b06ba9b0570ebf7e218e3eb74d4ef43ca46872605cf95ebc2f47/linux-amd64/libnative-platform-file-events.so
Event: 0,691 Loaded shared library /home/rodion/.local/share/JetBrains/Toolbox/apps/android-studio-2/jbr/lib/libmanagement.so
Event: 0,692 Loaded shared library /home/rodion/.local/share/JetBrains/Toolbox/apps/android-studio-2/jbr/lib/libmanagement_ext.so
Event: 0,802 Loaded shared library /home/rodion/.local/share/JetBrains/Toolbox/apps/android-studio-2/jbr/lib/libextnet.so

Deoptimization events (20 events):
Event: 1,873 Thread 0x00007f2894008450 Uncommon trap: trap_request=0xffffff45 fr.pc=0x00007f291d6347d8 relative=0x00000000000004b8
Event: 1,873 Thread 0x00007f2894008450 Uncommon trap: reason=unstable_if action=reinterpret pc=0x00007f291d6347d8 method=java.util.HashMap.putVal(ILjava/lang/Object;Ljava/lang/Object;ZZ)Ljava/lang/Object; @ 162 c2
Event: 1,873 Thread 0x00007f2894008450 DEOPT PACKING pc=0x00007f291d6347d8 sp=0x00007f2893ef99d0
Event: 1,873 Thread 0x00007f2894008450 DEOPT UNPACKING pc=0x00007f291cf8d699 sp=0x00007f2893ef9980 mode 2
Event: 1,912 Thread 0x00007f2894008450 Uncommon trap: trap_request=0xffffffde fr.pc=0x00007f291d5a885c relative=0x0000000000001ddc
Event: 1,912 Thread 0x00007f2894008450 Uncommon trap: reason=class_check action=maybe_recompile pc=0x00007f291d5a885c method=java.io.BufferedInputStream.read([BII)I @ 101 c2
Event: 1,912 Thread 0x00007f2894008450 DEOPT PACKING pc=0x00007f291d5a885c sp=0x00007f2893ef8fb0
Event: 1,912 Thread 0x00007f2894008450 DEOPT UNPACKING pc=0x00007f291cf8d699 sp=0x00007f2893ef8e60 mode 2
Event: 1,912 Thread 0x00007f2894008450 Uncommon trap: trap_request=0xffffffde fr.pc=0x00007f291d5a885c relative=0x0000000000001ddc
Event: 1,912 Thread 0x00007f2894008450 Uncommon trap: reason=class_check action=maybe_recompile pc=0x00007f291d5a885c method=java.io.BufferedInputStream.read([BII)I @ 101 c2
Event: 1,912 Thread 0x00007f2894008450 DEOPT PACKING pc=0x00007f291d5a885c sp=0x00007f2893ef8fb0
Event: 1,912 Thread 0x00007f2894008450 DEOPT UNPACKING pc=0x00007f291cf8d699 sp=0x00007f2893ef8e60 mode 2
Event: 1,913 Thread 0x00007f2894008450 Uncommon trap: trap_request=0xffffffde fr.pc=0x00007f291d5a885c relative=0x0000000000001ddc
Event: 1,913 Thread 0x00007f2894008450 Uncommon trap: reason=class_check action=maybe_recompile pc=0x00007f291d5a885c method=java.io.BufferedInputStream.read([BII)I @ 101 c2
Event: 1,913 Thread 0x00007f2894008450 DEOPT PACKING pc=0x00007f291d5a885c sp=0x00007f2893ef8fb0
Event: 1,913 Thread 0x00007f2894008450 DEOPT UNPACKING pc=0x00007f291cf8d699 sp=0x00007f2893ef8e60 mode 2
Event: 1,913 Thread 0x00007f2894008450 Uncommon trap: trap_request=0xffffffde fr.pc=0x00007f291d5a885c relative=0x0000000000001ddc
Event: 1,913 Thread 0x00007f2894008450 Uncommon trap: reason=class_check action=maybe_recompile pc=0x00007f291d5a885c method=java.io.BufferedInputStream.read([BII)I @ 101 c2
Event: 1,913 Thread 0x00007f2894008450 DEOPT PACKING pc=0x00007f291d5a885c sp=0x00007f2893ef8fb0
Event: 1,913 Thread 0x00007f2894008450 DEOPT UNPACKING pc=0x00007f291cf8d699 sp=0x00007f2893ef8e60 mode 2

Classes unloaded (0 events):
No events

Classes redefined (0 events):
No events

Internal exceptions (20 events):
Event: 1,369 Thread 0x00007f2894008450 Exception <a 'java/lang/NoSuchMethodError'{0x00000006ed489ec8}: 'java.lang.Object java.lang.invoke.DirectMethodHandle$Holder.newInvokeSpecial(java.lang.Object, java.lang.Object, java.lang.Object, java.lang.Object, java.lang.Object, java.lang.Object, java.lang.Object)'> (0x00000006ed489ec8) 
thrown [src/hotspot/share/interpreter/linkResolver.cpp, line 771]
Event: 1,369 Thread 0x00007f2894008450 Exception <a 'java/lang/NoSuchMethodError'{0x00000006ed48eb98}: 'java.lang.Object java.lang.invoke.Invokers$Holder.linkToTargetMethod(java.lang.Object, java.lang.Object, java.lang.Object, java.lang.Object, java.lang.Object, java.lang.Object, java.lang.Object)'> (0x00000006ed48eb98) 
thrown [src/hotspot/share/interpreter/linkResolver.cpp, line 771]
Event: 1,384 Thread 0x00007f2894008450 Exception <a 'java/lang/NoSuchMethodError'{0x00000006ed5e5710}: 'java.lang.Object java.lang.invoke.DirectMethodHandle$Holder.invokeVirtual(java.lang.Object, java.lang.Object, java.lang.Object, java.lang.Object, java.lang.Object, java.lang.Object, java.lang.Object, java.lang.Object, java.lang.Object, java.lang.Object, java.lang.Object, java.lang.Object, java.lang.Object, java.lang.Object, java.lang.Object, java.lang.Object, java.lang.Object, java.lang.Object, java.lang.Object, java.lang.Object, java.lang.Ob
Event: 1,414 Thread 0x00007f2894008450 Implicit null exception at 0x00007f291d546558 to 0x00007f291d5465ea
Event: 1,545 Thread 0x00007f2894008450 Exception <a 'java/lang/NoSuchMethodError'{0x00000006e3d2c6e8}: 'void java.lang.invoke.DirectMethodHandle$Holder.invokeStatic(java.lang.Object, java.lang.Object, java.lang.Object, java.lang.Object)'> (0x00000006e3d2c6e8) 
thrown [src/hotspot/share/interpreter/linkResolver.cpp, line 771]
Event: 1,547 Thread 0x00007f2894008450 Exception <a 'java/lang/NoSuchMethodError'{0x00000006e3d41be8}: 'int java.lang.invoke.DirectMethodHandle$Holder.invokeVirtual(java.lang.Object, java.lang.Object)'> (0x00000006e3d41be8) 
thrown [src/hotspot/share/interpreter/linkResolver.cpp, line 771]
Event: 1,548 Thread 0x00007f2894008450 Exception <a 'java/lang/NoSuchMethodError'{0x00000006e3d544c0}: 'java.lang.Object java.lang.invoke.DirectMethodHandle$Holder.invokeStaticInit(java.lang.Object, java.lang.Object, java.lang.Object)'> (0x00000006e3d544c0) 
thrown [src/hotspot/share/interpreter/linkResolver.cpp, line 771]
Event: 1,550 Thread 0x00007f2894008450 Exception <a 'java/lang/NoSuchMethodError'{0x00000006e3d771a0}: 'int java.lang.invoke.DirectMethodHandle$Holder.invokeVirtual(java.lang.Object, java.lang.Object, java.lang.Object)'> (0x00000006e3d771a0) 
thrown [src/hotspot/share/interpreter/linkResolver.cpp, line 771]
Event: 1,654 Thread 0x00007f2894008450 Exception <a 'java/lang/NoSuchMethodError'{0x00000006e3120730}: 'java.lang.Object java.lang.invoke.DirectMethodHandle$Holder.invokeSpecialIFC(java.lang.Object, java.lang.Object, java.lang.Object, java.lang.Object)'> (0x00000006e3120730) 
thrown [src/hotspot/share/interpreter/linkResolver.cpp, line 771]
Event: 1,659 Thread 0x00007f2894008450 Exception <a 'java/lang/NoSuchMethodError'{0x00000006e31a39a8}: 'java.lang.Object java.lang.invoke.DirectMethodHandle$Holder.newInvokeSpecial(java.lang.Object, java.lang.Object, java.lang.Object, java.lang.Object, java.lang.Object, java.lang.Object, java.lang.Object, java.lang.Object, java.lang.Object, java.lang.Object)'> (0x00000006e31a39a8) 
thrown [src/hotspot/share/interpreter/linkResolver.cpp, line 771]
Event: 1,659 Thread 0x00007f2894008450 Exception <a 'java/lang/NoSuchMethodError'{0x00000006e31a8890}: 'java.lang.Object java.lang.invoke.Invokers$Holder.linkToTargetMethod(java.lang.Object, java.lang.Object, java.lang.Object, java.lang.Object, java.lang.Object, java.lang.Object, java.lang.Object, java.lang.Object, java.lang.Object, java.lang.Object)'> (0x00000006e31a8890) 
thrown [src/hotspot/share/interpreter/linkResolver.cpp, line 771]
Event: 1,663 Thread 0x00007f2894008450 Exception <a 'java/lang/NoSuchMethodError'{0x00000006e3220720}: 'java.lang.Object java.lang.invoke.DirectMethodHandle$Holder.newInvokeSpecial(java.lang.Object, java.lang.Object, java.lang.Object, java.lang.Object, java.lang.Object, java.lang.Object, java.lang.Object, java.lang.Object, java.lang.Object, java.lang.Object, java.lang.Object)'> (0x00000006e3220720) 
thrown [src/hotspot/share/interpreter/linkResolver.cpp, line 771]
Event: 1,663 Thread 0x00007f2894008450 Exception <a 'java/lang/NoSuchMethodError'{0x00000006e3226258}: 'java.lang.Object java.lang.invoke.DirectMethodHandle$Holder.invokeSpecial(java.lang.Object, java.lang.Object, java.lang.Object, java.lang.Object, java.lang.Object, java.lang.Object, java.lang.Object, java.lang.Object, java.lang.Object, java.lang.Object, java.lang.Object, java.lang.Object)'> (0x00000006e3226258) 
thrown [src/hotspot/share/interpreter/linkResolver.cpp, line 771]
Event: 1,663 Thread 0x00007f2894008450 Exception <a 'java/lang/NoSuchMethodError'{0x00000006e322b8f0}: 'java.lang.Object java.lang.invoke.Invokers$Holder.linkToTargetMethod(java.lang.Object, java.lang.Object, java.lang.Object, java.lang.Object, java.lang.Object, java.lang.Object, java.lang.Object, java.lang.Object, java.lang.Object, java.lang.Object, java.lang.Object)'> (0x00000006e322b8f0) 
thrown [src/hotspot/share/interpreter/linkResolver.cpp, line 771]
Event: 1,669 Thread 0x00007f2894008450 Exception <a 'java/lang/NoSuchMethodError'{0x00000006e32bb970}: 'java.lang.Object java.lang.invoke.DirectMethodHandle$Holder.invokeStaticInit(java.lang.Object, java.lang.Object, java.lang.Object, java.lang.Object)'> (0x00000006e32bb970) 
thrown [src/hotspot/share/interpreter/linkResolver.cpp, line 771]
Event: 1,714 Thread 0x00007f2894008450 Implicit null exception at 0x00007f291d51508d to 0x00007f291d51560c
Event: 1,815 Thread 0x00007f2894008450 Exception <a 'java/lang/NoSuchMethodError'{0x00000006e40d22a8}: 'java.lang.Object java.lang.invoke.DirectMethodHandle$Holder.newInvokeSpecial(java.lang.Object, java.lang.Object, java.lang.Object, java.lang.Object, java.lang.Object, java.lang.Object, java.lang.Object, java.lang.Object)'> (0x00000006e40d22a8) 
thrown [src/hotspot/share/interpreter/linkResolver.cpp, line 771]
Event: 1,815 Thread 0x00007f2894008450 Exception <a 'java/lang/NoSuchMethodError'{0x00000006e40d7fc8}: 'java.lang.Object java.lang.invoke.Invokers$Holder.linkToTargetMethod(java.lang.Object, java.lang.Object, java.lang.Object, java.lang.Object, java.lang.Object, java.lang.Object, java.lang.Object, java.lang.Object)'> (0x00000006e40d7fc8) 
thrown [src/hotspot/share/interpreter/linkResolver.cpp, line 771]
Event: 1,820 Thread 0x00007f2894008450 Exception <a 'java/lang/IncompatibleClassChangeError'{0x00000006e4146c28}: Found class java.lang.Object, but interface was expected> (0x00000006e4146c28) 
thrown [src/hotspot/share/interpreter/linkResolver.cpp, line 838]
Event: 1,882 Thread 0x00007f2894008450 Exception <a 'java/lang/NoSuchMethodError'{0x00000006e3837e30}: 'java.lang.Object java.lang.invoke.DirectMethodHandle$Holder.newInvokeSpecial(java.lang.Object, java.lang.Object, int, int)'> (0x00000006e3837e30) 
thrown [src/hotspot/share/interpreter/linkResolver.cpp, line 771]

VM Operations (20 events):
Event: 1,153 Executing VM operation: HandshakeAllThreads done
Event: 1,153 Executing VM operation: HandshakeAllThreads
Event: 1,153 Executing VM operation: HandshakeAllThreads done
Event: 1,356 Executing VM operation: G1CollectForAllocation
Event: 1,361 Executing VM operation: G1CollectForAllocation done
Event: 1,401 Executing VM operation: G1CollectForAllocation
Event: 1,404 Executing VM operation: G1CollectForAllocation done
Event: 1,576 Executing VM operation: HandshakeAllThreads
Event: 1,576 Executing VM operation: HandshakeAllThreads done
Event: 1,576 Executing VM operation: HandshakeAllThreads
Event: 1,576 Executing VM operation: HandshakeAllThreads done
Event: 1,707 Executing VM operation: G1CollectForAllocation
Event: 1,709 Executing VM operation: G1CollectForAllocation done
Event: 1,716 Executing VM operation: HandshakeAllThreads
Event: 1,716 Executing VM operation: HandshakeAllThreads done
Event: 1,810 Executing VM operation: HandshakeAllThreads
Event: 1,811 Executing VM operation: HandshakeAllThreads done
Event: 1,922 Executing VM operation: HandshakeAllThreads
Event: 1,922 Executing VM operation: HandshakeAllThreads done
Event: 1,926 Executing VM operation: CollectForMetadataAllocation

Events (20 events):
Event: 1,742 loading class java/util/regex/Pattern$GroupCurly
Event: 1,742 loading class java/util/regex/Pattern$GroupCurly done
Event: 1,749 Thread 0x00007f28848a2e60 Thread added: 0x00007f28848a2e60
Event: 1,749 Protecting memory [0x00007f28929f9000,0x00007f28929fd000] with protection modes 0
Event: 1,795 Thread 0x00007f28848e2ba0 Thread added: 0x00007f28848e2ba0
Event: 1,795 Protecting memory [0x00007f28928f9000,0x00007f28928fd000] with protection modes 0
Event: 1,884 loading class jdk/internal/reflect/UnsafeStaticIntegerFieldAccessorImpl
Event: 1,884 loading class jdk/internal/reflect/UnsafeStaticIntegerFieldAccessorImpl done
Event: 1,895 loading class java/beans/PropertyDescriptor
Event: 1,896 loading class java/beans/PropertyDescriptor done
Event: 1,906 loading class java/util/EventListener
Event: 1,906 loading class java/util/EventListener done
Event: 1,910 loading class java/util/BitSet
Event: 1,910 loading class java/util/BitSet done
Event: 1,911 loading class java/util/TimerTask
Event: 1,911 loading class java/util/TimerTask done
Event: 1,911 loading class java/util/Timer
Event: 1,911 loading class java/util/Timer done
Event: 1,922 loading class java/security/AccessControlException
Event: 1,922 loading class java/security/AccessControlException done


Dynamic libraries:
00200000-00201000 r--p 00000000 103:04 2686830                           /home/rodion/.local/share/JetBrains/Toolbox/apps/android-studio-2/jbr/bin/java
00201000-00202000 r-xp 00000000 103:04 2686830                           /home/rodion/.local/share/JetBrains/Toolbox/apps/android-studio-2/jbr/bin/java
00202000-00203000 r--p 00000000 103:04 2686830                           /home/rodion/.local/share/JetBrains/Toolbox/apps/android-studio-2/jbr/bin/java
00203000-00204000 rw-p 00000000 103:04 2686830                           /home/rodion/.local/share/JetBrains/Toolbox/apps/android-studio-2/jbr/bin/java
004b4000-004fc000 rw-p 00000000 00:00 0                                  [heap]
6e0000000-6e4400000 rw-p 00000000 00:00 0 
6e4400000-6e9800000 ---p 00000000 00:00 0 
6e9800000-6ea000000 rw-p 00000000 00:00 0 
6ea000000-6ed400000 ---p 00000000 00:00 0 
6ed400000-6ed800000 rw-p 00000000 00:00 0 
6ed800000-800000000 ---p 00000000 00:00 0 
800000000-800010000 rw-p 00000000 00:00 0 
800010000-800030000 rw-p 00000000 00:00 0 
800030000-8000b0000 rw-p 00000000 00:00 0 
8000b0000-800130000 rw-p 00000000 00:00 0 
800130000-8001b0000 rw-p 00000000 00:00 0 
8001b0000-8001f0000 rw-p 00000000 00:00 0 
8001f0000-8004f0000 rw-p 00000000 00:00 0 
8004f0000-840000000 ---p 00000000 00:00 0 
7f2834000000-7f2834021000 rw-p 00000000 00:00 0 
7f2834021000-7f2838000000 ---p 00000000 00:00 0 
7f2838000000-7f2838021000 rw-p 00000000 00:00 0 
7f2838021000-7f283c000000 ---p 00000000 00:00 0 
7f283c000000-7f283c021000 rw-p 00000000 00:00 0 
7f283c021000-7f2840000000 ---p 00000000 00:00 0 
7f2840000000-7f2840021000 rw-p 00000000 00:00 0 
7f2840021000-7f2844000000 ---p 00000000 00:00 0 
7f2844000000-7f2844021000 rw-p 00000000 00:00 0 
7f2844021000-7f2848000000 ---p 00000000 00:00 0 
7f2848000000-7f2848021000 rw-p 00000000 00:00 0 
7f2848021000-7f284c000000 ---p 00000000 00:00 0 
7f284c000000-7f284c021000 rw-p 00000000 00:00 0 
7f284c021000-7f2850000000 ---p 00000000 00:00 0 
7f2850000000-7f2850021000 rw-p 00000000 00:00 0 
7f2850021000-7f2854000000 ---p 00000000 00:00 0 
7f2854000000-7f2854021000 rw-p 00000000 00:00 0 
7f2854021000-7f2858000000 ---p 00000000 00:00 0 
7f2858000000-7f2858a06000 rw-p 00000000 00:00 0 
7f2858a06000-7f285c000000 ---p 00000000 00:00 0 
7f285c000000-7f285c021000 rw-p 00000000 00:00 0 
7f285c021000-7f2860000000 ---p 00000000 00:00 0 
7f2860000000-7f2860021000 rw-p 00000000 00:00 0 
7f2860021000-7f2864000000 ---p 00000000 00:00 0 
7f2864000000-7f2864021000 rw-p 00000000 00:00 0 
7f2864021000-7f2868000000 ---p 00000000 00:00 0 
7f2868000000-7f2868021000 rw-p 00000000 00:00 0 
7f2868021000-7f286c000000 ---p 00000000 00:00 0 
7f286c000000-7f286c021000 rw-p 00000000 00:00 0 
7f286c021000-7f2870000000 ---p 00000000 00:00 0 
7f2870000000-7f2870021000 rw-p 00000000 00:00 0 
7f2870021000-7f2874000000 ---p 00000000 00:00 0 
7f2874000000-7f2874021000 rw-p 00000000 00:00 0 
7f2874021000-7f2878000000 ---p 00000000 00:00 0 
7f2878000000-7f2878021000 rw-p 00000000 00:00 0 
7f2878021000-7f287c000000 ---p 00000000 00:00 0 
7f287c000000-7f287c021000 rw-p 00000000 00:00 0 
7f287c021000-7f2880000000 ---p 00000000 00:00 0 
7f2880000000-7f2880021000 rw-p 00000000 00:00 0 
7f2880021000-7f2884000000 ---p 00000000 00:00 0 
7f2884000000-7f28849d2000 rw-p 00000000 00:00 0 
7f28849d2000-7f2888000000 ---p 00000000 00:00 0 
7f2888000000-7f2888021000 rw-p 00000000 00:00 0 
7f2888021000-7f288c000000 ---p 00000000 00:00 0 
7f288c000000-7f288c021000 rw-p 00000000 00:00 0 
7f288c021000-7f2890000000 ---p 00000000 00:00 0 
7f289265c000-7f28928f9000 rw-p 00000000 00:00 0 
7f28928f9000-7f28928fd000 ---p 00000000 00:00 0 
7f28928fd000-7f28929f9000 rw-p 00000000 00:00 0 
7f28929f9000-7f28929fd000 ---p 00000000 00:00 0 
7f28929fd000-7f2892af9000 rw-p 00000000 00:00 0 
7f2892af9000-7f2892afd000 ---p 00000000 00:00 0 
7f2892afd000-7f2892bf9000 rw-p 00000000 00:00 0 
7f2892bf9000-7f2892bfd000 ---p 00000000 00:00 0 
7f2892bfd000-7f2892cf9000 rw-p 00000000 00:00 0 
7f2892cf9000-7f2892cfd000 ---p 00000000 00:00 0 
7f2892cfd000-7f2892df9000 rw-p 00000000 00:00 0 
7f2892df9000-7f2892dfd000 ---p 00000000 00:00 0 
7f2892dfd000-7f2892ef9000 rw-p 00000000 00:00 0 
7f2892ef9000-7f2892efd000 ---p 00000000 00:00 0 
7f2892efd000-7f2892ff9000 rw-p 00000000 00:00 0 
7f2892ff9000-7f2892ffd000 ---p 00000000 00:00 0 
7f2892ffd000-7f28930f9000 rw-p 00000000 00:00 0 
7f28930f9000-7f28930fd000 ---p 00000000 00:00 0 
7f28930fd000-7f28931f9000 rw-p 00000000 00:00 0 
7f28931f9000-7f28931fd000 ---p 00000000 00:00 0 
7f28931fd000-7f28932f9000 rw-p 00000000 00:00 0 
7f28932f9000-7f28932fd000 ---p 00000000 00:00 0 
7f28932fd000-7f28933f9000 rw-p 00000000 00:00 0 
7f28933f9000-7f28933fa000 ---p 00000000 00:00 0 
7f28933fa000-7f28934fa000 rw-p 00000000 00:00 0 
7f28934fa000-7f28934fb000 ---p 00000000 00:00 0 
7f28934fb000-7f28935fb000 rw-p 00000000 00:00 0 
7f28935fb000-7f28935fc000 ---p 00000000 00:00 0 
7f28935fc000-7f28936fc000 rw-p 00000000 00:00 0 
7f28936fc000-7f28936fd000 ---p 00000000 00:00 0 
7f28936fd000-7f28937fd000 rw-p 00000000 00:00 0 
7f28937fd000-7f28937fe000 ---p 00000000 00:00 0 
7f28937fe000-7f28938fe000 rw-p 00000000 00:00 0 
7f28938fe000-7f28938ff000 ---p 00000000 00:00 0 
7f28938ff000-7f28939ff000 rw-p 00000000 00:00 0 
7f28939ff000-7f2893a00000 ---p 00000000 00:00 0 
7f2893a00000-7f2893b00000 rw-p 00000000 00:00 0 
7f2893b00000-7f2893b04000 ---p 00000000 00:00 0 
7f2893b04000-7f2893c00000 rw-p 00000000 00:00 0 
7f2893c00000-7f2893c04000 ---p 00000000 00:00 0 
7f2893c04000-7f2893d00000 rw-p 00000000 00:00 0 
7f2893d00000-7f2893d04000 ---p 00000000 00:00 0 
7f2893d04000-7f2893e00000 rw-p 00000000 00:00 0 
7f2893e00000-7f2893e04000 ---p 00000000 00:00 0 
7f2893e04000-7f2893f00000 rw-p 00000000 00:00 0 
7f2893f00000-7f2893f04000 ---p 00000000 00:00 0 
7f2893f04000-7f2894021000 rw-p 00000000 00:00 0 
7f2894021000-7f2898000000 ---p 00000000 00:00 0 
7f2898000000-7f2898022000 rw-p 00000000 00:00 0 
7f2898022000-7f289c000000 ---p 00000000 00:00 0 
7f289c000000-7f289c055000 rw-p 00000000 00:00 0 
7f289c055000-7f28a0000000 ---p 00000000 00:00 0 
7f28a0000000-7f28a0021000 rw-p 00000000 00:00 0 
7f28a0021000-7f28a4000000 ---p 00000000 00:00 0 
7f28a4000000-7f28a41c1000 rw-p 00000000 00:00 0 
7f28a41c1000-7f28a8000000 ---p 00000000 00:00 0 
7f28a8000000-7f28a8023000 rw-p 00000000 00:00 0 
7f28a8023000-7f28ac000000 ---p 00000000 00:00 0 
7f28ac000000-7f28ac021000 rw-p 00000000 00:00 0 
7f28ac021000-7f28b0000000 ---p 00000000 00:00 0 
7f28b0000000-7f28b0021000 rw-p 00000000 00:00 0 
7f28b0021000-7f28b4000000 ---p 00000000 00:00 0 
7f28b4000000-7f28b4f60000 rw-p 00000000 00:00 0 
7f28b4f60000-7f28b8000000 ---p 00000000 00:00 0 
7f28b8000000-7f28b8021000 rw-p 00000000 00:00 0 
7f28b8021000-7f28bc000000 ---p 00000000 00:00 0 
7f28bc000000-7f28bc021000 rw-p 00000000 00:00 0 
7f28bc021000-7f28c0000000 ---p 00000000 00:00 0 
7f28c0000000-7f28c0f7e000 rw-p 00000000 00:00 0 
7f28c0f7e000-7f28c4000000 ---p 00000000 00:00 0 
7f28c4000000-7f28c4021000 rw-p 00000000 00:00 0 
7f28c4021000-7f28c8000000 ---p 00000000 00:00 0 
7f28c8000000-7f28c8021000 rw-p 00000000 00:00 0 
7f28c8021000-7f28cc000000 ---p 00000000 00:00 0 
7f28cc000000-7f28cc73b000 rw-p 00000000 00:00 0 
7f28cc73b000-7f28d0000000 ---p 00000000 00:00 0 
7f28d0000000-7f28d0021000 rw-p 00000000 00:00 0 
7f28d0021000-7f28d4000000 ---p 00000000 00:00 0 
7f28d4000000-7f28d4021000 rw-p 00000000 00:00 0 
7f28d4021000-7f28d8000000 ---p 00000000 00:00 0 
7f28d8000000-7f28d922f000 rw-p 00000000 00:00 0 
7f28d922f000-7f28dc000000 ---p 00000000 00:00 0 
7f28dc000000-7f28dc021000 rw-p 00000000 00:00 0 
7f28dc021000-7f28e0000000 ---p 00000000 00:00 0 
7f28e0000000-7f28e0021000 rw-p 00000000 00:00 0 
7f28e0021000-7f28e4000000 ---p 00000000 00:00 0 
7f28e4000000-7f28e4021000 rw-p 00000000 00:00 0 
7f28e4021000-7f28e8000000 ---p 00000000 00:00 0 
7f28e8000000-7f28e8021000 rw-p 00000000 00:00 0 
7f28e8021000-7f28ec000000 ---p 00000000 00:00 0 
7f28ec000000-7f28ec021000 rw-p 00000000 00:00 0 
7f28ec021000-7f28f0000000 ---p 00000000 00:00 0 
7f28f0000000-7f28f0021000 rw-p 00000000 00:00 0 
7f28f0021000-7f28f4000000 ---p 00000000 00:00 0 
7f28f4000000-7f28f44f0000 rw-p 00000000 00:00 0 
7f28f44f0000-7f28f4530000 rw-p 00000000 00:00 0 
7f28f4530000-7f28f4570000 rw-p 00000000 00:00 0 
7f28f4570000-7f28f46f0000 rw-p 00000000 00:00 0 
7f28f46f0000-7f28f4770000 rw-p 00000000 00:00 0 
7f28f4770000-7f28f47f0000 rw-p 00000000 00:00 0 
7f28f47f0000-7f28f48f0000 rw-p 00000000 00:00 0 
7f28f48f0000-7f28f49f0000 rw-p 00000000 00:00 0 
7f28f49f0000-7f28f4af0000 rw-p 00000000 00:00 0 
7f28f4af0000-7f28f4bf0000 rw-p 00000000 00:00 0 
7f28f4bf0000-7f28f4cf0000 rw-p 00000000 00:00 0 
7f28f4cf0000-7f28f4ef0000 rw-p 00000000 00:00 0 
7f28f4ef0000-7f28f4f70000 rw-p 00000000 00:00 0 
7f28f4f70000-7f28f50f0000 rw-p 00000000 00:00 0 
7f28f50f0000-7f28f51f0000 rw-p 00000000 00:00 0 
7f28f51f0000-7f28f5b70000 rw-p 00000000 00:00 0 
7f28f5b70000-7f28f5bb0000 rw-p 00000000 00:00 0 
7f28f5bb0000-7f28f5c00000 ---p 00000000 00:00 0 
7f28f5c00000-7f28f5e80000 rw-p 00000000 00:00 0 
7f28f5e80000-7f28f8000000 ---p 00000000 00:00 0 
7f28f8000000-7f28f8021000 rw-p 00000000 00:00 0 
7f28f8021000-7f28fc000000 ---p 00000000 00:00 0 
7f28fc0fe000-7f28fc102000 ---p 00000000 00:00 0 
7f28fc102000-7f28fc1fe000 rw-p 00000000 00:00 0 
7f28fc1fe000-7f28fc202000 ---p 00000000 00:00 0 
7f28fc202000-7f28fc2fe000 rw-p 00000000 00:00 0 
7f28fc2fe000-7f28fc302000 ---p 00000000 00:00 0 
7f28fc302000-7f28fc3fe000 rw-p 00000000 00:00 0 
7f28fc3fe000-7f28fc402000 ---p 00000000 00:00 0 
7f28fc402000-7f28fc4fe000 rw-p 00000000 00:00 0 
7f28fc4fe000-7f28fc502000 ---p 00000000 00:00 0 
7f28fc502000-7f28fc5fe000 rw-p 00000000 00:00 0 
7f28fc5fe000-7f28fc5ff000 ---p 00000000 00:00 0 
7f28fc5ff000-7f28fc6ff000 rw-p 00000000 00:00 0 
7f28fc6ff000-7f28fc700000 ---p 00000000 00:00 0 
7f28fc700000-7f28fc800000 rw-p 00000000 00:00 0 
7f28fc800000-7f28fc89c000 r--p 00000000 103:04 1968521                   /usr/lib/x86_64-linux-gnu/libstdc++.so.6.0.32
7f28fc89c000-7f28fc9cd000 r-xp 0009c000 103:04 1968521                   /usr/lib/x86_64-linux-gnu/libstdc++.so.6.0.32
7f28fc9cd000-7f28fca5a000 r--p 001cd000 103:04 1968521                   /usr/lib/x86_64-linux-gnu/libstdc++.so.6.0.32
7f28fca5a000-7f28fca65000 r--p 0025a000 103:04 1968521                   /usr/lib/x86_64-linux-gnu/libstdc++.so.6.0.32
7f28fca65000-7f28fca68000 rw-p 00265000 103:04 1968521                   /usr/lib/x86_64-linux-gnu/libstdc++.so.6.0.32
7f28fca68000-7f28fca6c000 rw-p 00000000 00:00 0 
7f28fcaff000-7f28fcb00000 ---p 00000000 00:00 0 
7f28fcb00000-7f28fcc00000 rw-p 00000000 00:00 0 
7f28fcc00000-7f28fcc53000 r-xp 00000000 103:04 2789371                   /home/rodion/.gradle/native/38dada09dfb8b06ba9b0570ebf7e218e3eb74d4ef43ca46872605cf95ebc2f47/linux-amd64/libnative-platform-file-events.so
7f28fcc53000-7f28fce52000 ---p 00053000 103:04 2789371                   /home/rodion/.gradle/native/38dada09dfb8b06ba9b0570ebf7e218e3eb74d4ef43ca46872605cf95ebc2f47/linux-amd64/libnative-platform-file-events.so
7f28fce52000-7f28fce53000 r--p 00052000 103:04 2789371                   /home/rodion/.gradle/native/38dada09dfb8b06ba9b0570ebf7e218e3eb74d4ef43ca46872605cf95ebc2f47/linux-amd64/libnative-platform-file-events.so
7f28fce53000-7f28fce55000 rw-p 00053000 103:04 2789371                   /home/rodion/.gradle/native/38dada09dfb8b06ba9b0570ebf7e218e3eb74d4ef43ca46872605cf95ebc2f47/linux-amd64/libnative-platform-file-events.so
7f28fceff000-7f28fcf00000 ---p 00000000 00:00 0 
7f28fcf00000-7f28fd000000 rw-p 00000000 00:00 0 
7f28fd000000-7f28fd005000 r-xp 00000000 103:04 2787315                   /home/rodion/.gradle/native/c067742578af261105cb4f569cf0c3c89f3d7b1fecec35dd04571415982c5e48/linux-amd64/libnative-platform.so
7f28fd005000-7f28fd205000 ---p 00005000 103:04 2787315                   /home/rodion/.gradle/native/c067742578af261105cb4f569cf0c3c89f3d7b1fecec35dd04571415982c5e48/linux-amd64/libnative-platform.so
7f28fd205000-7f28fd206000 r--p 00005000 103:04 2787315                   /home/rodion/.gradle/native/c067742578af261105cb4f569cf0c3c89f3d7b1fecec35dd04571415982c5e48/linux-amd64/libnative-platform.so
7f28fd206000-7f28fd207000 rw-p 00006000 103:04 2787315                   /home/rodion/.gradle/native/c067742578af261105cb4f569cf0c3c89f3d7b1fecec35dd04571415982c5e48/linux-amd64/libnative-platform.so
7f28fd2ff000-7f28fd303000 ---p 00000000 00:00 0 
7f28fd303000-7f28fd3ff000 rw-p 00000000 00:00 0 
7f28fd3ff000-7f28fd403000 ---p 00000000 00:00 0 
7f28fd403000-7f28fd4ff000 rw-p 00000000 00:00 0 
7f28fd4ff000-7f28fd500000 ---p 00000000 00:00 0 
7f28fd500000-7f28fd600000 rw-p 00000000 00:00 0 
7f28fd600000-7f28fd604000 ---p 00000000 00:00 0 
7f28fd604000-7f28fd700000 rw-p 00000000 00:00 0 
7f28fd700000-7f28fd704000 ---p 00000000 00:00 0 
7f28fd704000-7f28fd800000 rw-p 00000000 00:00 0 
7f28fd800000-7f28fd804000 ---p 00000000 00:00 0 
7f28fd804000-7f28fd900000 rw-p 00000000 00:00 0 
7f28fd900000-7f28fd904000 ---p 00000000 00:00 0 
7f28fd904000-7f28fda00000 rw-p 00000000 00:00 0 
7f28fda00000-7f28fdf75000 r--p 00000000 103:04 1995264                   /usr/lib/locale/locale-archive
7f28fe000000-7f2900021000 rw-p 00000000 00:00 0 
7f2900021000-7f2904000000 ---p 00000000 00:00 0 
7f2904000000-7f2904021000 rw-p 00000000 00:00 0 
7f2904021000-7f2908000000 ---p 00000000 00:00 0 
7f2908000000-7f2908021000 rw-p 00000000 00:00 0 
7f2908021000-7f290c000000 ---p 00000000 00:00 0 
7f290c097000-7f290c09a000 r--p 00000000 103:04 1968519                   /usr/lib/x86_64-linux-gnu/libgcc_s.so.1
7f290c09a000-7f290c0b5000 r-xp 00003000 103:04 1968519                   /usr/lib/x86_64-linux-gnu/libgcc_s.so.1
7f290c0b5000-7f290c0b9000 r--p 0001e000 103:04 1968519                   /usr/lib/x86_64-linux-gnu/libgcc_s.so.1
7f290c0b9000-7f290c0ba000 r--p 00021000 103:04 1968519                   /usr/lib/x86_64-linux-gnu/libgcc_s.so.1
7f290c0ba000-7f290c0bb000 rw-p 00022000 103:04 1968519                   /usr/lib/x86_64-linux-gnu/libgcc_s.so.1
7f290c0ca000-7f290c0d1000 r--s 00000000 103:04 1968884                   /usr/lib/x86_64-linux-gnu/gconv/gconv-modules.cache
7f290c0d1000-7f290c0d8000 r--p 00000000 103:04 2686939                   /home/rodion/.local/share/JetBrains/Toolbox/apps/android-studio-2/jbr/lib/libnet.so
7f290c0d8000-7f290c0e5000 r-xp 00006000 103:04 2686939                   /home/rodion/.local/share/JetBrains/Toolbox/apps/android-studio-2/jbr/lib/libnet.so
7f290c0e5000-7f290c0e6000 r--p 00012000 103:04 2686939                   /home/rodion/.local/share/JetBrains/Toolbox/apps/android-studio-2/jbr/lib/libnet.so
7f290c0e6000-7f290c0e8000 rw-p 00012000 103:04 2686939                   /home/rodion/.local/share/JetBrains/Toolbox/apps/android-studio-2/jbr/lib/libnet.so
7f290c0e8000-7f290c0ec000 ---p 00000000 00:00 0 
7f290c0ec000-7f290c1e8000 rw-p 00000000 00:00 0 
7f290c1e8000-7f290c1ec000 ---p 00000000 00:00 0 
7f290c1ec000-7f290c2e8000 rw-p 00000000 00:00 0 
7f290c2e8000-7f290c2ec000 ---p 00000000 00:00 0 
7f290c2ec000-7f290c3e8000 rw-p 00000000 00:00 0 
7f290c3e8000-7f290c3ec000 ---p 00000000 00:00 0 
7f290c3ec000-7f290c4e8000 rw-p 00000000 00:00 0 
7f290c4e8000-7f290c4ec000 ---p 00000000 00:00 0 
7f290c4ec000-7f290c5e8000 rw-p 00000000 00:00 0 
7f290c5e8000-7f290c5ec000 ---p 00000000 00:00 0 
7f290c5ec000-7f290c6e8000 rw-p 00000000 00:00 0 
7f290c6e8000-7f290c6e9000 ---p 00000000 00:00 0 
7f290c6e9000-7f290c7e9000 rw-p 00000000 00:00 0 
7f290c7e9000-7f290c7f2000 r--p 00000000 103:04 2686922                   /home/rodion/.local/share/JetBrains/Toolbox/apps/android-studio-2/jbr/lib/libzip.so
7f290c7f2000-7f290c807000 r-xp 00008000 103:04 2686922                   /home/rodion/.local/share/JetBrains/Toolbox/apps/android-studio-2/jbr/lib/libzip.so
7f290c807000-7f290c809000 r--p 0001c000 103:04 2686922                   /home/rodion/.local/share/JetBrains/Toolbox/apps/android-studio-2/jbr/lib/libzip.so
7f290c809000-7f290c80a000 rw-p 0001d000 103:04 2686922                   /home/rodion/.local/share/JetBrains/Toolbox/apps/android-studio-2/jbr/lib/libzip.so
7f290c924000-7f290cb10000 rw-p 00000000 00:00 0 
7f290cb10000-7f290cc60000 ---p 00000000 00:00 0 
7f290cc60000-7f290cc80000 rw-p 00000000 00:00 0 
7f290cc80000-7f290cd50000 ---p 00000000 00:00 0 
7f290cd50000-7f290cd60000 rw-p 00000000 00:00 0 
7f290cd60000-7f2911200000 ---p 00000000 00:00 0 
7f2911200000-7f2911310000 rw-p 00000000 00:00 0 
7f2911310000-7f2911460000 ---p 00000000 00:00 0 
7f2911460000-7f2911480000 rw-p 00000000 00:00 0 
7f2911480000-7f2911550000 ---p 00000000 00:00 0 
7f2911550000-7f2911560000 rw-p 00000000 00:00 0 
7f2911560000-7f2915a00000 ---p 00000000 00:00 0 
7f2915a00000-7f2915f70000 rwxp 00000000 00:00 0 
7f2915f70000-7f291cf37000 ---p 00000000 00:00 0 
7f291cf37000-7f291d1a7000 rwxp 00000000 00:00 0 
7f291d1a7000-7f291d4c9000 ---p 00000000 00:00 0 
7f291d4c9000-7f291d739000 rwxp 00000000 00:00 0 
7f291d739000-7f2924a00000 ---p 00000000 00:00 0 
7f2924a00000-7f2927ee6000 r--s 00000000 103:04 2686930                   /home/rodion/.local/share/JetBrains/Toolbox/apps/android-studio-2/jbr/lib/modules
7f2927eea000-7f2927ef5000 r--p 00000000 103:04 2686866                   /home/rodion/.local/share/JetBrains/Toolbox/apps/android-studio-2/jbr/lib/libnio.so
7f2927ef5000-7f2927efd000 r-xp 0000a000 103:04 2686866                   /home/rodion/.local/share/JetBrains/Toolbox/apps/android-studio-2/jbr/lib/libnio.so
7f2927efd000-7f2927efe000 r--p 00011000 103:04 2686866                   /home/rodion/.local/share/JetBrains/Toolbox/apps/android-studio-2/jbr/lib/libnio.so
7f2927efe000-7f2927eff000 rw-p 00011000 103:04 2686866                   /home/rodion/.local/share/JetBrains/Toolbox/apps/android-studio-2/jbr/lib/libnio.so
7f2927eff000-7f2927f00000 ---p 00000000 00:00 0 
7f2927f00000-7f29297a0000 rw-p 00000000 00:00 0 
7f29297a0000-7f292c000000 ---p 00000000 00:00 0 
7f292c003000-7f292c006000 r--p 00000000 103:04 2686918                   /home/rodion/.local/share/JetBrains/Toolbox/apps/android-studio-2/jbr/lib/libmanagement_ext.so
7f292c006000-7f292c009000 r-xp 00002000 103:04 2686918                   /home/rodion/.local/share/JetBrains/Toolbox/apps/android-studio-2/jbr/lib/libmanagement_ext.so
7f292c009000-7f292c00a000 r--p 00004000 103:04 2686918                   /home/rodion/.local/share/JetBrains/Toolbox/apps/android-studio-2/jbr/lib/libmanagement_ext.so
7f292c00a000-7f292c00b000 rw-p 00004000 103:04 2686918                   /home/rodion/.local/share/JetBrains/Toolbox/apps/android-studio-2/jbr/lib/libmanagement_ext.so
7f292c00b000-7f292c00e000 r--p 00000000 103:04 2686854                   /home/rodion/.local/share/JetBrains/Toolbox/apps/android-studio-2/jbr/lib/libmanagement.so
7f292c00e000-7f292c010000 r-xp 00002000 103:04 2686854                   /home/rodion/.local/share/JetBrains/Toolbox/apps/android-studio-2/jbr/lib/libmanagement.so
7f292c010000-7f292c011000 r--p 00003000 103:04 2686854                   /home/rodion/.local/share/JetBrains/Toolbox/apps/android-studio-2/jbr/lib/libmanagement.so
7f292c011000-7f292c012000 rw-p 00003000 103:04 2686854                   /home/rodion/.local/share/JetBrains/Toolbox/apps/android-studio-2/jbr/lib/libmanagement.so
7f292c012000-7f292c013000 ---p 00000000 00:00 0 
7f292c013000-7f292cb1d000 rw-p 00000000 00:00 0 
7f292cb1d000-7f292cb1e000 ---p 00000000 00:00 0 
7f292cb1e000-7f292cc1e000 rw-p 00000000 00:00 0 
7f292cc1e000-7f292cc1f000 ---p 00000000 00:00 0 
7f292cc1f000-7f292cd1f000 rw-p 00000000 00:00 0 
7f292cd1f000-7f292cd20000 ---p 00000000 00:00 0 
7f292cd20000-7f292ce42000 rw-p 00000000 00:00 0 
7f292ce42000-7f292ce6c000 ---p 00000000 00:00 0 
7f292ce6c000-7f292ce70000 rw-p 00000000 00:00 0 
7f292ce70000-7f292ce8a000 ---p 00000000 00:00 0 
7f292ce8a000-7f292ce8c000 rw-p 00000000 00:00 0 
7f292ce8c000-7f292d720000 ---p 00000000 00:00 0 
7f292d720000-7f292d742000 rw-p 00000000 00:00 0 
7f292d742000-7f292d76c000 ---p 00000000 00:00 0 
7f292d76c000-7f292d770000 rw-p 00000000 00:00 0 
7f292d770000-7f292d78a000 ---p 00000000 00:00 0 
7f292d78a000-7f292d78c000 rw-p 00000000 00:00 0 
7f292d78c000-7f292e020000 ---p 00000000 00:00 0 
7f292e020000-7f292e042000 rw-p 00000000 00:00 0 
7f292e042000-7f292e06c000 ---p 00000000 00:00 0 
7f292e06c000-7f292e070000 rw-p 00000000 00:00 0 
7f292e070000-7f292e08a000 ---p 00000000 00:00 0 
7f292e08a000-7f292e08c000 rw-p 00000000 00:00 0 
7f292e08c000-7f292e920000 ---p 00000000 00:00 0 
7f292e920000-7f292f32f000 rw-p 00000000 00:00 0 
7f292f32f000-7f292f415000 ---p 00000000 00:00 0 
7f292f415000-7f292f420000 rw-p 00000000 00:00 0 
7f292f420000-7f292f500000 ---p 00000000 00:00 0 
7f292f500000-7f292f504000 ---p 00000000 00:00 0 
7f292f504000-7f292f600000 rw-p 00000000 00:00 0 
7f292f600000-7f292fb37000 r--p 00000000 103:04 2686942                   /home/rodion/.local/share/JetBrains/Toolbox/apps/android-studio-2/jbr/lib/server/libjvm.so
7f292fb37000-7f293070f000 r-xp 00536000 103:04 2686942                   /home/rodion/.local/share/JetBrains/Toolbox/apps/android-studio-2/jbr/lib/server/libjvm.so
7f293070f000-7f29307d1000 r--p 0110d000 103:04 2686942                   /home/rodion/.local/share/JetBrains/Toolbox/apps/android-studio-2/jbr/lib/server/libjvm.so
7f29307d1000-7f29307fa000 rw-p 011ce000 103:04 2686942                   /home/rodion/.local/share/JetBrains/Toolbox/apps/android-studio-2/jbr/lib/server/libjvm.so
7f29307fa000-7f293086e000 rw-p 00000000 00:00 0 
7f293086e000-7f2930874000 r--p 00000000 103:04 2686927                   /home/rodion/.local/share/JetBrains/Toolbox/apps/android-studio-2/jbr/lib/libverify.so
7f2930874000-7f293087c000 r-xp 00005000 103:04 2686927                   /home/rodion/.local/share/JetBrains/Toolbox/apps/android-studio-2/jbr/lib/libverify.so
7f293087c000-7f293087e000 r--p 0000c000 103:04 2686927                   /home/rodion/.local/share/JetBrains/Toolbox/apps/android-studio-2/jbr/lib/libverify.so
7f293087e000-7f293087f000 rw-p 0000d000 103:04 2686927                   /home/rodion/.local/share/JetBrains/Toolbox/apps/android-studio-2/jbr/lib/libverify.so
7f293087f000-7f2930910000 rw-p 00000000 00:00 0 
7f2930910000-7f2930917000 ---p 00000000 00:00 0 
7f2930917000-7f2930925000 r--p 00000000 103:04 1968538                   /usr/lib/x86_64-linux-gnu/libm.so.6
7f2930925000-7f29309a3000 r-xp 0000e000 103:04 1968538                   /usr/lib/x86_64-linux-gnu/libm.so.6
7f29309a3000-7f29309fe000 r--p 0008c000 103:04 1968538                   /usr/lib/x86_64-linux-gnu/libm.so.6
7f29309fe000-7f29309ff000 r--p 000e6000 103:04 1968538                   /usr/lib/x86_64-linux-gnu/libm.so.6
7f29309ff000-7f2930a00000 rw-p 000e7000 103:04 1968538                   /usr/lib/x86_64-linux-gnu/libm.so.6
7f2930a00000-7f2930a22000 r--p 00000000 103:04 1968528                   /usr/lib/x86_64-linux-gnu/libc.so.6
7f2930a22000-7f2930b9a000 r-xp 00022000 103:04 1968528                   /usr/lib/x86_64-linux-gnu/libc.so.6
7f2930b9a000-7f2930bf2000 r--p 0019a000 103:04 1968528                   /usr/lib/x86_64-linux-gnu/libc.so.6
7f2930bf2000-7f2930bf6000 r--p 001f1000 103:04 1968528                   /usr/lib/x86_64-linux-gnu/libc.so.6
7f2930bf6000-7f2930bf8000 rw-p 001f5000 103:04 1968528                   /usr/lib/x86_64-linux-gnu/libc.so.6
7f2930bf8000-7f2930c05000 rw-p 00000000 00:00 0 
7f2930c09000-7f2930c11000 rw-s 00000000 103:04 1441829                   /tmp/hsperfdata_rodion/4809
7f2930c11000-7f2930c23000 r--p 00000000 103:04 2686925                   /home/rodion/.local/share/JetBrains/Toolbox/apps/android-studio-2/jbr/lib/libjava.so
7f2930c23000-7f2930c35000 r-xp 00011000 103:04 2686925                   /home/rodion/.local/share/JetBrains/Toolbox/apps/android-studio-2/jbr/lib/libjava.so
7f2930c35000-7f2930c36000 r--p 00022000 103:04 2686925                   /home/rodion/.local/share/JetBrains/Toolbox/apps/android-studio-2/jbr/lib/libjava.so
7f2930c36000-7f2930c38000 rw-p 00022000 103:04 2686925                   /home/rodion/.local/share/JetBrains/Toolbox/apps/android-studio-2/jbr/lib/libjava.so
7f2930c38000-7f2930c43000 r--p 00000000 103:04 2686914                   /home/rodion/.local/share/JetBrains/Toolbox/apps/android-studio-2/jbr/lib/libjimage.so
7f2930c43000-7f2930c58000 r-xp 0000a000 103:04 2686914                   /home/rodion/.local/share/JetBrains/Toolbox/apps/android-studio-2/jbr/lib/libjimage.so
7f2930c58000-7f2930c5a000 r--p 0001e000 103:04 2686914                   /home/rodion/.local/share/JetBrains/Toolbox/apps/android-studio-2/jbr/lib/libjimage.so
7f2930c5a000-7f2930c5b000 rw-p 0001f000 103:04 2686914                   /home/rodion/.local/share/JetBrains/Toolbox/apps/android-studio-2/jbr/lib/libjimage.so
7f2930c5b000-7f2930c5c000 r--p 00000000 103:04 1968582                   /usr/lib/x86_64-linux-gnu/librt.so.1
7f2930c5c000-7f2930c5d000 r-xp 00001000 103:04 1968582                   /usr/lib/x86_64-linux-gnu/librt.so.1
7f2930c5d000-7f2930c5e000 r--p 00002000 103:04 1968582                   /usr/lib/x86_64-linux-gnu/librt.so.1
7f2930c5e000-7f2930c5f000 r--p 00002000 103:04 1968582                   /usr/lib/x86_64-linux-gnu/librt.so.1
7f2930c5f000-7f2930c60000 rw-p 00003000 103:04 1968582                   /usr/lib/x86_64-linux-gnu/librt.so.1
7f2930c60000-7f2930c62000 rw-p 00000000 00:00 0 
7f2930c62000-7f2930c63000 r--p 00000000 103:04 1968531                   /usr/lib/x86_64-linux-gnu/libdl.so.2
7f2930c63000-7f2930c64000 r-xp 00001000 103:04 1968531                   /usr/lib/x86_64-linux-gnu/libdl.so.2
7f2930c64000-7f2930c65000 r--p 00002000 103:04 1968531                   /usr/lib/x86_64-linux-gnu/libdl.so.2
7f2930c65000-7f2930c66000 r--p 00002000 103:04 1968531                   /usr/lib/x86_64-linux-gnu/libdl.so.2
7f2930c66000-7f2930c67000 rw-p 00003000 103:04 1968531                   /usr/lib/x86_64-linux-gnu/libdl.so.2
7f2930c67000-7f2930c68000 r--p 00000000 103:04 1968576                   /usr/lib/x86_64-linux-gnu/libpthread.so.0
7f2930c68000-7f2930c69000 r-xp 00001000 103:04 1968576                   /usr/lib/x86_64-linux-gnu/libpthread.so.0
7f2930c69000-7f2930c6a000 r--p 00002000 103:04 1968576                   /usr/lib/x86_64-linux-gnu/libpthread.so.0
7f2930c6a000-7f2930c6b000 r--p 00002000 103:04 1968576                   /usr/lib/x86_64-linux-gnu/libpthread.so.0
7f2930c6b000-7f2930c6c000 rw-p 00003000 103:04 1968576                   /usr/lib/x86_64-linux-gnu/libpthread.so.0
7f2930c6d000-7f2930c6e000 r--p 00000000 103:04 2686941                   /home/rodion/.local/share/JetBrains/Toolbox/apps/android-studio-2/jbr/lib/libextnet.so
7f2930c6e000-7f2930c70000 r-xp 00000000 103:04 2686941                   /home/rodion/.local/share/JetBrains/Toolbox/apps/android-studio-2/jbr/lib/libextnet.so
7f2930c70000-7f2930c71000 r--p 00001000 103:04 2686941                   /home/rodion/.local/share/JetBrains/Toolbox/apps/android-studio-2/jbr/lib/libextnet.so
7f2930c71000-7f2930c72000 rw-p 00001000 103:04 2686941                   /home/rodion/.local/share/JetBrains/Toolbox/apps/android-studio-2/jbr/lib/libextnet.so
7f2930c72000-7f2930c76000 r--p 00000000 103:04 2686920                   /home/rodion/.local/share/JetBrains/Toolbox/apps/android-studio-2/jbr/lib/libinstrument.so
7f2930c76000-7f2930c7d000 r-xp 00003000 103:04 2686920                   /home/rodion/.local/share/JetBrains/Toolbox/apps/android-studio-2/jbr/lib/libinstrument.so
7f2930c7d000-7f2930c7e000 r--p 00009000 103:04 2686920                   /home/rodion/.local/share/JetBrains/Toolbox/apps/android-studio-2/jbr/lib/libinstrument.so
7f2930c7e000-7f2930c7f000 rw-p 00009000 103:04 2686920                   /home/rodion/.local/share/JetBrains/Toolbox/apps/android-studio-2/jbr/lib/libinstrument.so
7f2930c7f000-7f2930c80000 ---p 00000000 00:00 0 
7f2930c80000-7f2930c81000 r--p 00000000 00:00 0 
7f2930c81000-7f2930c82000 ---p 00000000 00:00 0 
7f2930c82000-7f2930c8b000 r--p 00000000 103:04 2686860                   /home/rodion/.local/share/JetBrains/Toolbox/apps/android-studio-2/jbr/lib/libjli.so
7f2930c8b000-7f2930c9a000 r-xp 00008000 103:04 2686860                   /home/rodion/.local/share/JetBrains/Toolbox/apps/android-studio-2/jbr/lib/libjli.so
7f2930c9a000-7f2930c9b000 r--p 00016000 103:04 2686860                   /home/rodion/.local/share/JetBrains/Toolbox/apps/android-studio-2/jbr/lib/libjli.so
7f2930c9b000-7f2930c9c000 rw-p 00016000 103:04 2686860                   /home/rodion/.local/share/JetBrains/Toolbox/apps/android-studio-2/jbr/lib/libjli.so
7f2930c9c000-7f2930c9e000 rw-p 00000000 00:00 0 
7f2930c9e000-7f2930c9f000 r--p 00000000 103:04 1968525                   /usr/lib/x86_64-linux-gnu/ld-linux-x86-64.so.2
7f2930c9f000-7f2930cc7000 r-xp 00001000 103:04 1968525                   /usr/lib/x86_64-linux-gnu/ld-linux-x86-64.so.2
7f2930cc7000-7f2930cd1000 r--p 00029000 103:04 1968525                   /usr/lib/x86_64-linux-gnu/ld-linux-x86-64.so.2
7f2930cd1000-7f2930cd3000 r--p 00033000 103:04 1968525                   /usr/lib/x86_64-linux-gnu/ld-linux-x86-64.so.2
7f2930cd3000-7f2930cd5000 rw-p 00035000 103:04 1968525                   /usr/lib/x86_64-linux-gnu/ld-linux-x86-64.so.2
7ffc6934f000-7ffc69370000 rw-p 00000000 00:00 0                          [stack]
7ffc693af000-7ffc693b3000 r--p 00000000 00:00 0                          [vvar]
7ffc693b3000-7ffc693b5000 r-xp 00000000 00:00 0                          [vdso]
ffffffffff600000-ffffffffff601000 --xp 00000000 00:00 0                  [vsyscall]


VM Arguments:
jvm_args: --add-opens=java.base/java.util=ALL-UNNAMED --add-opens=java.base/java.lang=ALL-UNNAMED --add-opens=java.base/java.lang.invoke=ALL-UNNAMED --add-opens=java.prefs/java.util.prefs=ALL-UNNAMED --add-opens=java.base/java.nio.charset=ALL-UNNAMED --add-opens=java.base/java.net=ALL-UNNAMED --add-opens=java.base/java.util.concurrent.atomic=ALL-UNNAMED -Xmx4608m -Dfile.encoding=UTF-8 -Duser.country=UA -Duser.language=ru -Duser.variant -javaagent:/home/rodion/.gradle/wrapper/dists/gradle-8.4-bin/1w5dpkrfk8irigvoxmyhowfim/gradle-8.4/lib/agents/gradle-instrumentation-agent-8.4.jar 
java_command: org.gradle.launcher.daemon.bootstrap.GradleDaemon 8.4
java_class_path (initial): /home/rodion/.gradle/wrapper/dists/gradle-8.4-bin/1w5dpkrfk8irigvoxmyhowfim/gradle-8.4/lib/gradle-launcher-8.4.jar
Launcher Type: SUN_STANDARD

[Global flags]
     intx CICompilerCount                          = 4                                         {product} {ergonomic}
     uint ConcGCThreads                            = 3                                         {product} {ergonomic}
     uint G1ConcRefinementThreads                  = 10                                        {product} {ergonomic}
   size_t G1HeapRegionSize                         = 4194304                                   {product} {ergonomic}
    uintx GCDrainStackTargetSize                   = 64                                        {product} {ergonomic}
   size_t InitialHeapSize                          = 226492416                                 {product} {ergonomic}
   size_t MarkStackSize                            = 4194304                                   {product} {ergonomic}
   size_t MaxHeapSize                              = 4831838208                                {product} {command line}
   size_t MaxNewSize                               = 2898264064                                {product} {ergonomic}
   size_t MinHeapDeltaBytes                        = 4194304                                   {product} {ergonomic}
   size_t MinHeapSize                              = 8388608                                   {product} {ergonomic}
    uintx NonNMethodCodeHeapSize                   = 5839372                                {pd product} {ergonomic}
    uintx NonProfiledCodeHeapSize                  = 122909434                              {pd product} {ergonomic}
    uintx ProfiledCodeHeapSize                     = 122909434                              {pd product} {ergonomic}
    uintx ReservedCodeCacheSize                    = 251658240                              {pd product} {ergonomic}
     bool SegmentedCodeCache                       = true                                      {product} {ergonomic}
   size_t SoftMaxHeapSize                          = 4831838208                             {manageable} {ergonomic}
     bool UseCompressedClassPointers               = true                           {product lp64_product} {ergonomic}
     bool UseCompressedOops                        = true                           {product lp64_product} {ergonomic}
     bool UseG1GC                                  = true                                      {product} {ergonomic}

Logging:
Log output configuration:
 #0: stdout all=warning uptime,level,tags
 #1: stderr all=off uptime,level,tags

Environment Variables:
JAVA_HOME=/usr/lib/jvm/java-17-openjdk-amd64/bin/java
PATH=/usr/local/sbin:/usr/local/bin:/usr/sbin:/usr/bin:/sbin:/bin:/usr/games:/usr/local/games:/snap/bin:/home/rodion/.local/share/JetBrains/Toolbox/scripts
SHELL=/bin/bash
DISPLAY=:0
LANG=ru_UA.UTF-8

Active Locale:
LC_ALL=ru_UA.UTF-8
LC_COLLATE=ru_UA.UTF-8
LC_CTYPE=ru_UA.UTF-8
LC_MESSAGES=ru_UA.UTF-8
LC_MONETARY=ru_UA.UTF-8
LC_NUMERIC=ru_UA.UTF-8
LC_TIME=ru_UA.UTF-8

Signal Handlers:
   SIGSEGV: crash_handler in libjvm.so, mask=11100100010111111101111111111110, flags=SA_RESTART|SA_SIGINFO, unblocked
    SIGBUS: crash_handler in libjvm.so, mask=11100100010111111101111111111110, flags=SA_RESTART|SA_SIGINFO, unblocked
    SIGFPE: crash_handler in libjvm.so, mask=11100100010111111101111111111110, flags=SA_RESTART|SA_SIGINFO, unblocked
   SIGPIPE: javaSignalHandler in libjvm.so, mask=11100100010111111101111111111110, flags=SA_RESTART|SA_SIGINFO, blocked
   SIGXFSZ: javaSignalHandler in libjvm.so, mask=11100100010111111101111111111110, flags=SA_RESTART|SA_SIGINFO, blocked
    SIGILL: crash_handler in libjvm.so, mask=11100100010111111101111111111110, flags=SA_RESTART|SA_SIGINFO, unblocked
   SIGUSR2: SR_handler in libjvm.so, mask=00100000000000000000000000000000, flags=SA_RESTART|SA_SIGINFO, blocked
    SIGHUP: UserHandler in libjvm.so, mask=11100100010111111101111111111110, flags=SA_RESTART|SA_SIGINFO, blocked
    SIGINT: UserHandler in libjvm.so, mask=11100100010111111101111111111110, flags=SA_RESTART|SA_SIGINFO, blocked
   SIGTERM: UserHandler in libjvm.so, mask=11100100010111111101111111111110, flags=SA_RESTART|SA_SIGINFO, blocked
   SIGQUIT: UserHandler in libjvm.so, mask=11100100010111111101111111111110, flags=SA_RESTART|SA_SIGINFO, blocked
   SIGTRAP: crash_handler in libjvm.so, mask=11100100010111111101111111111110, flags=SA_RESTART|SA_SIGINFO, unblocked


Periodic native trim disabled

JNI global refs:
JNI global refs: 25, weak refs: 1

JNI global refs memory usage: 867, weak refs: 865

OOME stack traces (most recent first):
Classloader memory used:
Loader org.gradle.internal.classloader.VisitableURLClassLoader                         : 2087K
Loader bootstrap                                                                       : 1902K
Loader org.gradle.initialization.MixInLegacyTypesClassLoader                           : 440K
Loader jdk.internal.loader.ClassLoaders$AppClassLoader                                 : 28182B
Loader jdk.internal.reflect.DelegatingClassLoader                                      : 3441B
Loader jdk.internal.loader.ClassLoaders$PlatformClassLoader                            : 3243B

Classes loaded by more than one classloader:
Class org.gradle.internal.installation.GradleInstallation                             : loaded 2 times (x 74B)
Class org.gradle.internal.classpath.ClassPath                                         : loaded 2 times (x 69B)
Class org.gradle.api.internal.classpath.DefaultModuleRegistry                         : loaded 2 times (x 85B)
Class org.gradle.api.Action                                                           : loaded 2 times (x 69B)
Class org.gradle.api.internal.DefaultClassPathProvider                                : loaded 2 times (x 75B)
Class org.gradle.internal.installation.GradleInstallation$1                           : loaded 2 times (x 74B)
Class org.gradle.internal.classloader.FilteringClassLoader                            : loaded 2 times (x 104B)
Class org.gradle.internal.classpath.DefaultClassPath$ImmutableUniqueList$Builder      : loaded 2 times (x 74B)
Class org.gradle.internal.classloader.ClassLoaderVisitor                              : loaded 2 times (x 75B)
Class org.gradle.internal.service.DefaultServiceLocator                               : loaded 2 times (x 82B)
Class org.gradle.internal.service.UnknownServiceException                             : loaded 2 times (x 82B)
Class org.gradle.internal.classloader.DefaultClassLoaderFactory                       : loaded 2 times (x 81B)
Class org.gradle.internal.classloader.VisitableURLClassLoader$Spec                    : loaded 2 times (x 73B)
Class org.gradle.api.GradleException                                                  : loaded 2 times (x 81B)
Class org.gradle.api.internal.classpath.ModuleRegistry                                : loaded 2 times (x 69B)
Class org.gradle.api.internal.ClassPathProvider                                       : loaded 2 times (x 69B)
Class org.gradle.internal.classloader.ClasspathUtil$1                                 : loaded 2 times (x 75B)
Class org.gradle.internal.classloader.ClassLoaderFactory                              : loaded 2 times (x 69B)
Class org.gradle.api.internal.classpath.ManifestUtil                                  : loaded 2 times (x 70B)
Class org.gradle.api.specs.Spec                                                       : loaded 2 times (x 69B)
Class org.gradle.internal.IoActions                                                   : loaded 2 times (x 70B)
Class org.gradle.api.internal.classpath.EffectiveClassPath                            : loaded 2 times (x 89B)
Class org.gradle.internal.installation.CurrentGradleInstallation                      : loaded 2 times (x 72B)
Class org.gradle.internal.agents.InstrumentingClassLoader                             : loaded 2 times (x 69B)
Class org.gradle.internal.installation.CurrentGradleInstallationLocator               : loaded 2 times (x 70B)
Class org.gradle.api.internal.classpath.Module                                        : loaded 2 times (x 69B)
Class org.gradle.internal.service.CachingServiceLocator                               : loaded 2 times (x 81B)
Class org.gradle.internal.classpath.DefaultClassPath                                  : loaded 2 times (x 89B)
Class org.gradle.internal.classloader.SystemClassLoaderSpec                           : loaded 2 times (x 70B)
Class org.gradle.api.UncheckedIOException                                             : loaded 2 times (x 81B)
Class org.gradle.internal.classloader.ClasspathUtil                                   : loaded 2 times (x 70B)
Class org.gradle.api.internal.DefaultClassPathRegistry                                : loaded 2 times (x 75B)
Class org.gradle.api.internal.classpath.DefaultModuleRegistry$DefaultModule           : loaded 2 times (x 85B)
Class org.gradle.api.internal.classpath.UnknownModuleException                        : loaded 2 times (x 81B)
Class org.gradle.internal.service.ServiceLookupException                              : loaded 2 times (x 81B)
Class org.gradle.cache.GlobalCache                                                    : loaded 2 times (x 69B)
Class [Lorg.gradle.api.internal.ClassPathProvider;                                    : loaded 2 times (x 68B)
Class org.gradle.util.internal.GUtil                                                  : loaded 2 times (x 70B)
Class org.gradle.internal.classloader.ClassLoaderSpec                                 : loaded 2 times (x 70B)
Class org.gradle.internal.classloader.VisitableURLClassLoader                         : loaded 2 times (x 116B)
Class org.gradle.internal.Cast                                                        : loaded 2 times (x 70B)
Class org.gradle.api.internal.ClassPathRegistry                                       : loaded 2 times (x 69B)
Class org.gradle.internal.classloader.VisitableURLClassLoader$InstrumentingVisitableURLClassLoader: loaded 2 times (x 122B)
Class org.gradle.internal.classloader.ClassLoaderHierarchy                            : loaded 2 times (x 69B)
Class org.gradle.internal.InternalTransformer                                         : loaded 2 times (x 69B)
Class org.gradle.internal.service.ServiceLocator                                      : loaded 2 times (x 69B)
Class org.gradle.internal.classpath.DefaultClassPath$ImmutableUniqueList              : loaded 2 times (x 160B)
Class org.gradle.internal.classpath.TransformedClassPath                              : loaded 2 times (x 95B)


---------------  S Y S T E M  ---------------

OS:
DISTRIB_ID=Ubuntu
DISTRIB_RELEASE=23.04
DISTRIB_CODENAME=lunar
DISTRIB_DESCRIPTION="Ubuntu 23.04"
uname: Linux 6.2.0-39-generic #40-Ubuntu SMP PREEMPT_DYNAMIC Tue Nov 14 14:18:00 UTC 2023 x86_64
OS uptime: 0 days 0:19 hours
libc: glibc 2.37 NPTL 2.37 
rlimit (soft/hard): STACK 8192k/infinity , CORE 0k/infinity , NPROC 54776/54776 , NOFILE 1048576/1048576 , AS infinity/infinity , CPU infinity/infinity , DATA infinity/infinity , FSIZE infinity/infinity , MEMLOCK 1768584k/1768584k
load average: 1,99 1,19 0,96

/proc/meminfo:
MemTotal:       14148696 kB
MemFree:         2055160 kB
MemAvailable:    6094400 kB
Buffers:          287984 kB
Cached:          3882764 kB
SwapCached:          112 kB
Active:          1558652 kB
Inactive:        9580776 kB
Active(anon):       5864 kB
Inactive(anon):  7040024 kB
Active(file):    1552788 kB
Inactive(file):  2540752 kB
Unevictable:          32 kB
Mlocked:              32 kB
SwapTotal:       5858300 kB
SwapFree:        5856764 kB
Zswap:                 0 kB
Zswapped:              0 kB
Dirty:              9872 kB
Writeback:             0 kB
AnonPages:       6968612 kB
Mapped:          1501384 kB
Shmem:             77208 kB
KReclaimable:     273900 kB
Slab:             420124 kB
SReclaimable:     273900 kB
SUnreclaim:       146224 kB
KernelStack:       17888 kB
PageTables:        47084 kB
SecPageTables:         0 kB
NFS_Unstable:          0 kB
Bounce:                0 kB
WritebackTmp:          0 kB
CommitLimit:    12932648 kB
Committed_AS:   14758696 kB
VmallocTotal:   34359738367 kB
VmallocUsed:      133148 kB
VmallocChunk:          0 kB
Percpu:            12672 kB
HardwareCorrupted:     0 kB
AnonHugePages:         0 kB
ShmemHugePages:        0 kB
ShmemPmdMapped:        0 kB
FileHugePages:         0 kB
FilePmdMapped:         0 kB
HugePages_Total:       0
HugePages_Free:        0
HugePages_Rsvd:        0
HugePages_Surp:        0
Hugepagesize:       2048 kB
Hugetlb:               0 kB
DirectMap4k:      670148 kB
DirectMap2M:    11761664 kB
DirectMap1G:     2097152 kB

/sys/kernel/mm/transparent_hugepage/enabled: always [madvise] never
/sys/kernel/mm/transparent_hugepage/defrag (defrag/compaction efforts parameter): always defer defer+madvise [madvise] never

Process Memory:
Virtual Size: 9864584K (peak: 9864584K)
Resident Set Size: 246256K (peak: 246256K) (anon: 215792K, file: 30464K, shmem: 0K)
Swapped out: 0K
C-Heap outstanding allocations: 98781K, retained: 29866K
glibc malloc tunables: (default)

/proc/sys/kernel/threads-max (system-wide limit on the number of threads): 109553
/proc/sys/vm/max_map_count (maximum number of memory map areas a process may have): 65530
/proc/sys/kernel/pid_max (system-wide limit on number of process identifiers): 4194304

container (cgroup) information:
container_type: cgroupv2
cpu_cpuset_cpus: not supported
cpu_memory_nodes: not supported
active_processor_count: 12
cpu_quota: not supported
cpu_period: not supported
cpu_shares: not supported
memory_limit_in_bytes: unlimited
memory_and_swap_limit_in_bytes: unlimited
memory_soft_limit_in_bytes: unlimited
memory_usage_in_bytes: 7525844 k
memory_max_usage_in_bytes: not supported
memory_swap_current_in_bytes: unlimited
memory_swap_max_limit_in_bytes: unlimited
maximum number of tasks: 16432
current number of tasks: 259

Steal ticks since vm start: 0
Steal ticks percentage since vm start:  0,000

CPU: total 16 (initial active 12) (12 cores per cpu, 2 threads per core) family 25 model 80 stepping 0 microcode 0xa50000c, cx8, cmov, fxsr, ht, mmx, 3dnowpref, sse, sse2, sse3, ssse3, sse4a, sse4.1, sse4.2, popcnt, lzcnt, tsc, tscinvbit, avx, avx2, aes, erms, clmul, bmi1, bmi2, adx, sha, fma, vzeroupper, clflush, clflushopt
CPU Model and flags from /proc/cpuinfo:
model name	: AMD Ryzen 5 5600H with Radeon Graphics
flags		: fpu vme de pse tsc msr pae mce cx8 apic sep mtrr pge mca cmov pat pse36 clflush mmx fxsr sse sse2 ht syscall nx mmxext fxsr_opt pdpe1gb rdtscp lm constant_tsc rep_good nopl nonstop_tsc cpuid extd_apicid aperfmperf rapl pni pclmulqdq monitor ssse3 fma cx16 sse4_1 sse4_2 movbe popcnt aes xsave avx f16c rdrand lahf_lm cmp_legacy svm extapic cr8_legacy abm sse4a misalignsse 3dnowprefetch osvw ibs skinit wdt tce topoext perfctr_core perfctr_nb bpext perfctr_llc mwaitx cpb cat_l3 cdp_l3 hw_pstate ssbd mba ibrs ibpb stibp vmmcall fsgsbase bmi1 avx2 smep bmi2 erms invpcid cqm rdt_a rdseed adx smap clflushopt clwb sha_ni xsaveopt xsavec xgetbv1 xsaves cqm_llc cqm_occup_llc cqm_mbm_total cqm_mbm_local clzero irperf xsaveerptr rdpru wbnoinvd cppc arat npt lbrv svm_lock nrip_save tsc_scale vmcb_clean flushbyasid decodeassists pausefilter pfthreshold avic v_vmsave_vmload vgif v_spec_ctrl umip pku ospke vaes vpclmulqdq rdpid overflow_recov succor smca fsrm

Online cpus: 0-11
Offline cpus: 12-15
BIOS frequency limitation: 3300000
Frequency switch latency (ns): 0
Available cpu frequencies: 3300000 1300000 1200000 
Current governor: schedutil
Core performance/turbo boost: 1

Memory: 4k page, physical 14148696k(2055160k free), swap 5858300k(5856764k free)
Page Sizes: 4k

vm_info: OpenJDK 64-Bit Server VM (17.0.9+0-17.0.9b1087.7-11185874) for linux-amd64 JRE (17.0.9+0-17.0.9b1087.7-11185874), built on Dec  6 2023 18:35:35 by "androidbuild" with clang Android (8508608, based on r450784e) Clang 14.0.7 (https://android.googlesource.com/toolchain/llvm-project 4c603efb0cca074e9238af8b4106c30add4418f6)

END.
