#
# A fatal error has been detected by the Java Runtime Environment:
#
#  SIGSEGV (0xb) at pc=0x00007f1f2aa1a96c, pid=16762, tid=16779
#
# JRE version: OpenJDK Runtime Environment (17.0.9) (build 17.0.9+0-17.0.9b1087.7-11185874)
# Java VM: OpenJDK 64-Bit Server VM (17.0.9+0-17.0.9b1087.7-11185874, mixed mode, tiered, compressed oops, compressed class ptrs, parallel gc, linux-amd64)
# Problematic frame:
# V  [libjvm.so+0xa1a96c]  PhaseChaitin::build_ifg_physical(ResourceArea*)+0xd9c
#
# Core dump will be written. Default location: Core dumps may be processed with "/usr/share/apport/apport -p%p -s%s -c%c -d%d -P%P -u%u -g%g -- %E" (or dumping to /var/www/html/YkisPAM/core.16762)
#
# If you would like to submit a bug report, please visit:
#   https://bugreport.java.com/bugreport/crash.jsp
#

---------------  S U M M A R Y ------------

Command Line: -XX:+HeapDumpOnOutOfMemoryError -XX:+UseParallelGC -XX:MaxMetaspaceSize=1g --add-opens=java.base/java.util=ALL-UNNAMED --add-opens=java.base/java.lang=ALL-UNNAMED --add-opens=java.base/java.lang.invoke=ALL-UNNAMED --add-opens=java.prefs/java.util.prefs=ALL-UNNAMED --add-opens=java.base/java.nio.charset=ALL-UNNAMED --add-opens=java.base/java.net=ALL-UNNAMED --add-opens=java.base/java.util.concurrent.atomic=ALL-UNNAMED -Xmx4608m -Dfile.encoding=UTF-8 -Duser.country=UA -Duser.language=ru -Duser.variant -javaagent:/home/rodion/.gradle/wrapper/dists/gradle-8.4-bin/1w5dpkrfk8irigvoxmyhowfim/gradle-8.4/lib/agents/gradle-instrumentation-agent-8.4.jar org.gradle.launcher.daemon.bootstrap.GradleDaemon 8.4

Host: AMD Ryzen 5 5600H with Radeon Graphics, 16 cores, 13G, Ubuntu 23.04
Time: Sat Jan 20 23:57:17 2024 EET elapsed time: 1.066552 seconds (0d 0h 0m 1s)

---------------  T H R E A D  ---------------

Current thread (0x00007f1ed810f370):  JavaThread "C2 CompilerThread1" daemon [_thread_in_native, id=16779, stack(0x00007f1efd7ff000,0x00007f1efd8ff000)]


Current CompileTask:
C2:   1066 1959   !   4       java.lang.ClassLoader::loadClass (121 bytes)

Stack: [0x00007f1efd7ff000,0x00007f1efd8ff000],  sp=0x00007f1efd8fa5f0,  free space=1005k
Native frames: (J=compiled Java code, j=interpreted, Vv=VM code, C=native code)
V  [libjvm.so+0xa1a96c]  PhaseChaitin::build_ifg_physical(ResourceArea*)+0xd9c
V  [libjvm.so+0x7bf6a5]  PhaseChaitin::Register_Allocate()+0x8a5
V  [libjvm.so+0x83dfe9]  Compile::Code_Gen()+0x519
V  [libjvm.so+0x83ae5c]  Compile::Compile(ciEnv*, ciMethod*, int, bool, bool, bool, bool, bool, DirectiveSet*)+0x10bc
V  [libjvm.so+0x79d1ee]  C2Compiler::compile_method(ciEnv*, ciMethod*, int, bool, DirectiveSet*)+0xde
V  [libjvm.so+0x84d4d8]  CompileBroker::invoke_compiler_on_method(CompileTask*)+0x8f8
V  [libjvm.so+0x84c9f0]  CompileBroker::compiler_thread_loop()+0x430
V  [libjvm.so+0x100f619]  JavaThread::thread_main_inner()+0x159
V  [libjvm.so+0x100dbff]  Thread::call_run()+0xbf
V  [libjvm.so+0xe12ce9]  thread_native_entry(Thread*)+0x119


siginfo: si_signo: 11 (SIGSEGV), si_code: 128 (SI_KERNEL), si_addr: 0x0000000000000000

Registers:
RAX=0x0c007f1f2b211b00, RBX=0x0000000000000389, RCX=0x0000000000000002, RDX=0x00007f1e8f6006e8
RSP=0x00007f1efd8fa5f0, RBP=0x00007f1efd8fa820, RSI=0x000000000ffffcff, RDI=0x0000000000000001
R8 =0x00007f1efd8fa9e0, R9 =0x00000000000016b5, R10=0x00007f1e8f512020, R11=0x00000000000251e8
R12=0x00007f1e8f60077c, R13=0x00000000000ee6c8, R14=0x00007f1eccf11430, R15=0x00007f1e8f512020
RIP=0x00007f1f2aa1a96c, EFLAGS=0x0000000000010202, CSGSFS=0x002b000000000033, ERR=0x0000000000000000
  TRAPNO=0x000000000000000d


Register to memory mapping:

RAX=0x0c007f1f2b211b00 is an unknown value
RBX=0x0000000000000389 is an unknown value
RCX=0x0000000000000002 is an unknown value
RDX=0x00007f1e8f6006e8 points into unknown readable memory: 0x3fc8fa0ec1743d78 | 78 3d 74 c1 0e fa c8 3f
RSP=0x00007f1efd8fa5f0 is pointing into the stack for thread: 0x00007f1ed810f370
RBP=0x00007f1efd8fa820 is pointing into the stack for thread: 0x00007f1ed810f370
RSI=0x000000000ffffcff is an unknown value
RDI=0x0000000000000001 is an unknown value
R8 =0x00007f1efd8fa9e0 is pointing into the stack for thread: 0x00007f1ed810f370
R9 =0x00000000000016b5 is an unknown value
R10=0x00007f1e8f512020 points into unknown readable memory: 0x0000000000000000 | 00 00 00 00 00 00 00 00
R11=152040 is a compressed pointer to class: 0x00000008000251e8
java.util.Spliterators$EmptySpliterator$OfDouble {0x00000008000251e8}
 - instance size:     2
 - klass size:        112
 - access:            final synchronized 
 - state:             fully_initialized
 - name:              'java/util/Spliterators$EmptySpliterator$OfDouble'
 - super:             'java/util/Spliterators$EmptySpliterator'
 - sub:               
 - arrays:            NULL
 - methods:           Array<T>(0x00007f1eff314958)
 - method ordering:   Array<T>(0x00007f1eff000018)
 - default_methods:   Array<T>(0x00007f1eff314d68)
 - default vtable indices:   Array<T>(0x00007f1eff314d98)
 - local interfaces:  Array<T>(0x00007f1eff313728)
 - trans. interfaces: Array<T>(0x00007f1eff314d48)
 - constants:         constant pool [47] {0x00007f1eff313530} for 'java/util/Spliterators$EmptySpliterator$OfDouble' cache=0x00007f1eff314f70
 - class loader data:  loader data: 0x00007f1f2402a4e0 of 'bootstrap'
 - source file:       'Spliterators.java'
 - class annotations:       Array<T>(0x0000000000000000)
 - class type annotations:  Array<T>(0x0000000000000000)
 - field annotations:       Array<T>(0x0000000000000000)
 - field type annotations:  Array<T>(0x0000000000000000)
 - generic signature: 'Ljava/util/Spliterators$EmptySpliterator<Ljava/lang/Double;Ljava/util/Spliterator$OfDouble;Ljava/util/function/DoubleConsumer;>;Ljava/util/Spliterator$OfDouble;'
 - inner classes:     Array<T>(0x00007f1eff314d18)
 - nest members:     Array<T>(0x00007f1eff000028)
 - permitted subclasses:     Array<T>(0x00007f1eff000028)
 - java mirror:       a 'java/lang/Class'{0x00000006e0608e38} = 'java/util/Spliterators$EmptySpliterator$OfDouble'
 - vtable length      15  (start addr: 0x00000008000253e0)
 - itable length      34 (start addr: 0x0000000800025458)
 - ---- static fields (0 words):
 - ---- non-static fields (0 words):
 - non-static oop maps: 
R12=0x00007f1e8f60077c points into unknown readable memory: 00 00 00 00
R13=0x00000000000ee6c8 is an unknown value
R14=0x00007f1eccf11430 points into unknown readable memory: 0x0000000000000000 | 00 00 00 00 00 00 00 00
R15=0x00007f1e8f512020 points into unknown readable memory: 0x0000000000000000 | 00 00 00 00 00 00 00 00


Top of Stack: (sp=0x00007f1efd8fa5f0)
0x00007f1efd8fa5f0:   00007f1efd8f0000 0000000000000000
0x00007f1efd8fa600:   0000000000000002 0000000000000000
0x00007f1efd8fa610:   0000000000000002 00007f1f2a2b8649
0x00007f1efd8fa620:   0000000000000000 0000000000000000
0x00007f1efd8fa630:   0000000000000000 00007f1f2a2b8649
0x00007f1efd8fa640:   0000000000000000 0000002400000013
0x00007f1efd8fa650:   00007f1ec04635b8 0000000000020000
0x00007f1efd8fa660:   00007f1efd8fa6a0 b31932d8a8049d00
0x00007f1efd8fa670:   0000000000000461 ffffffffffffff88
0x00007f1efd8fa680:   0000000000000000 0000000000000000
0x00007f1efd8fa690:   00007f1eccbf56d8 00007f1efd8fa700
0x00007f1efd8fa6a0:   00007f1f2b211b00 00007f1f2b49fca3
0x00007f1efd8fa6b0:   00007f1efd8fe6c0 00007f1f2b016753
0x00007f1efd8fa6c0:   0000000000007fd8 00007f1f2b0167c6
0x00007f1efd8fa6d0:   00007f1efd8fa720 00007f1f0000002f
0x00007f1efd8fa6e0:   00007f1eccbf56d8 00007f1e98383f58
0x00007f1efd8fa6f0:   0000000000000000 0000000300000389
0x00007f1efd8fa700:   0000002400000004 00007f1ec0463040
0x00007f1efd8fa710:   00007f1ec04635b8 00007f1efd8fa648
0x00007f1efd8fa720:   0000000000000000 0000000000000000
0x00007f1efd8fa730:   0000000000000000 0000000000000000
0x00007f1efd8fa740:   0000000000000000 0000000400000000
0x00007f1efd8fa750:   00000009d810f930 0000000000000224
0x00007f1efd8fa760:   00000000d8385530 00000000000016b5
0x00007f1efd8fa770:   0000000000000018 00007f1e8f6006e8
0x00007f1efd8fa780:   3ffc195099a2c527 0000000000000000
0x00007f1efd8fa790:   00000000001d02e0 00007f1efd8fc240
0x00007f1efd8fa7a0:   0000000000000009 000000000000000f
0x00007f1efd8fa7b0:   0000001900000005 0000000d00000006
0x00007f1efd8fa7c0:   00007f1e00000000 0000001900000000
0x00007f1efd8fa7d0:   0000000e00000000 0000001100000000
0x00007f1efd8fa7e0:   00007f1e98383f48 00007f1e8f512020 

Instructions: (pc=0x00007f1f2aa1a96c)
0x00007f1f2aa1a86c:   00 00 00 90 83 bd dc fe ff ff 04 72 12 8b 85 e0
0x00007f1f2aa1a87c:   fe ff ff 3b 85 e4 fe ff ff 0f 83 05 01 00 00 48
0x00007f1f2aa1a88c:   8d bd d0 fe ff ff e8 49 72 00 00 85 c0 0f 84 f1
0x00007f1f2aa1a89c:   00 00 00 48 8b 8d 78 ff ff ff 4c 8b 41 70 4d 8b
0x00007f1f2aa1a8ac:   50 20 41 89 c1 41 8b 0c 24 4d 69 d9 a8 00 00 00
0x00007f1f2aa1a8bc:   43 8b bc 1a 90 00 00 00 43 8b 9c 1a 94 00 00 00
0x00007f1f2aa1a8cc:   39 d9 0f 42 d9 41 8b 4c 24 fc 39 f9 0f 47 f9 39
0x00007f1f2aa1a8dc:   df 0f 87 4d ff ff ff 31 c9 66 2e 0f 1f 84 00 00
0x00007f1f2aa1a8ec:   00 00 00 90 89 f8 4b 8d 14 2f 4b 8d 34 1a 48 8b
0x00007f1f2aa1a8fc:   74 c6 38 48 23 74 c2 38 48 09 f1 83 c7 01 39 df
0x00007f1f2aa1a90c:   76 e2 48 85 c9 0f 84 19 ff ff ff 48 8b 85 48 ff
0x00007f1f2aa1a91c:   ff ff 41 39 c1 44 89 cb 0f 47 d8 44 0f 46 c8 85
0x00007f1f2aa1a92c:   db 0f 84 fd fe ff ff 49 8b 40 10 4b 8d 0c 89 48
0x00007f1f2aa1a93c:   c1 e1 05 4c 8d 34 08 48 8b 44 08 08 89 d9 c1 e9
0x00007f1f2aa1a94c:   08 48 8b 04 c8 48 3b 05 78 5c 7b 00 75 0a 4c 89
0x00007f1f2aa1a95c:   f7 89 de e8 bc 66 00 00 89 d9 c1 e9 06 83 e1 03
0x00007f1f2aa1a96c:   48 8b 14 c8 48 89 d6 48 0f ab de 48 89 34 c8 48
0x00007f1f2aa1a97c:   0f a3 da 0f 82 ab fe ff ff 41 83 06 01 e9 a2 fe
0x00007f1f2aa1a98c:   ff ff 66 90 4c 8b a5 78 ff ff ff 4c 8b 7d d0 48
0x00007f1f2aa1a99c:   8b 45 80 8d 58 ff 66 0f 57 c9 83 f8 02 4c 8b 6d
0x00007f1f2aa1a9ac:   c0 7c 0d 0f 57 c9 f2 0f 2a cb f2 41 0f 59 4d 08
0x00007f1f2aa1a9bc:   41 8b 47 2c 83 e0 0f 83 f8 0c 0f 84 04 f5 ff ff
0x00007f1f2aa1a9cc:   66 0f 29 8d 60 ff ff ff 49 8b 07 4c 89 ff ff 90
0x00007f1f2aa1a9dc:   88 00 00 00 48 85 c0 74 0d 48 89 c7 e8 93 9a d8
0x00007f1f2aa1a9ec:   ff 41 89 c5 eb 06 41 bd 3f 42 0f 00 49 8b 07 4c
0x00007f1f2aa1a9fc:   89 ff ff 10 31 c9 3d 1f 01 00 00 0f 95 c1 41 39
0x00007f1f2aa1aa0c:   4f 18 0f 86 8c 02 00 00 89 9d 34 ff ff ff 45 31
0x00007f1f2aa1aa1c:   f6 3d 1f 01 00 00 41 0f 95 c6 8b 45 a8 89 45 80
0x00007f1f2aa1aa2c:   8b 45 b0 89 45 c8 8b 45 90 89 85 58 ff ff ff 8b
0x00007f1f2aa1aa3c:   45 98 89 85 48 ff ff ff 66 0f 28 8d 60 ff ff ff
0x00007f1f2aa1aa4c:   eb 37 41 0f b7 84 1f a4 00 00 00 8b 4d 80 01 c1
0x00007f1f2aa1aa5c:   8b 45 c8 39 c1 89 4d 80 0f 47 c1 89 45 c8 66 0f 


Stack slot to memory mapping:
stack at sp + 0 slots: 0x00007f1efd8f0000 is pointing into the stack for thread: 0x00007f1ed810f370
stack at sp + 1 slots: 0x0 is NULL
stack at sp + 2 slots: 0x0000000000000002 is an unknown value
stack at sp + 3 slots: 0x0 is NULL
stack at sp + 4 slots: 0x0000000000000002 is an unknown value
stack at sp + 5 slots: 0x00007f1f2a2b8649: <offset 0x00000000002b8649> in /home/rodion/.local/share/JetBrains/Toolbox/apps/android-studio-2/jbr/lib/server/libjvm.so at 0x00007f1f2a000000
stack at sp + 6 slots: 0x0 is NULL
stack at sp + 7 slots: 0x0 is NULL


---------------  P R O C E S S  ---------------

Threads class SMR info:
_java_thread_list=0x00007f1e985b4830, length=26, elements={
0x00007f1f24028170, 0x00007f1f24237210, 0x00007f1f24238840, 0x00007f1f24268600,
0x00007f1f24269990, 0x00007f1f2426ad80, 0x00007f1f2425d880, 0x00007f1f2425ed40,
0x00007f1f24260140, 0x00007f1f2430da10, 0x00007f1f243f6a80, 0x00007f1ed810f370,
0x00007f1ed814b970, 0x00007f1f2552df00, 0x00007f1f255ae500, 0x00007f1f255f3b10,
0x00007f1eb4016c10, 0x00007f1eac0015d0, 0x00007f1eac006240, 0x00007f1eac007e50,
0x00007f1e98003ee0, 0x00007f1e9800b430, 0x00007f1e9800e420, 0x00007f1e9818efb0,
0x00007f1e981980f0, 0x00007f1e985b3950
}

Java Threads: ( => current thread )
  0x00007f1f24028170 JavaThread "main" [_thread_blocked, id=16765, stack(0x00007f1f2b300000,0x00007f1f2b400000)]
  0x00007f1f24237210 JavaThread "Reference Handler" daemon [_thread_blocked, id=16768, stack(0x00007f1efe8fa000,0x00007f1efe9fa000)]
  0x00007f1f24238840 JavaThread "Finalizer" daemon [_thread_blocked, id=16769, stack(0x00007f1efe7fa000,0x00007f1efe8fa000)]
  0x00007f1f24268600 JavaThread "Signal Dispatcher" daemon [_thread_blocked, id=16770, stack(0x00007f1efe100000,0x00007f1efe200000)]
  0x00007f1f24269990 JavaThread "Service Thread" daemon [_thread_blocked, id=16771, stack(0x00007f1efe000000,0x00007f1efe100000)]
  0x00007f1f2426ad80 JavaThread "Monitor Deflation Thread" daemon [_thread_blocked, id=16772, stack(0x00007f1efdf00000,0x00007f1efe000000)]
  0x00007f1f2425d880 JavaThread "C2 CompilerThread0" daemon [_thread_in_native, id=16773, stack(0x00007f1efde00000,0x00007f1efdf00000)]
  0x00007f1f2425ed40 JavaThread "C1 CompilerThread0" daemon [_thread_in_vm, id=16774, stack(0x00007f1efdd00000,0x00007f1efde00000)]
  0x00007f1f24260140 JavaThread "Sweeper thread" daemon [_thread_blocked, id=16775, stack(0x00007f1efdc00000,0x00007f1efdd00000)]
  0x00007f1f2430da10 JavaThread "Common-Cleaner" daemon [_thread_blocked, id=16776, stack(0x00007f1efdb00000,0x00007f1efdc00000)]
  0x00007f1f243f6a80 JavaThread "Notification Thread" daemon [_thread_blocked, id=16777, stack(0x00007f1efda00000,0x00007f1efdb00000)]
=>0x00007f1ed810f370 JavaThread "C2 CompilerThread1" daemon [_thread_in_native, id=16779, stack(0x00007f1efd7ff000,0x00007f1efd8ff000)]
  0x00007f1ed814b970 JavaThread "C2 CompilerThread2" daemon [_thread_in_native, id=16780, stack(0x00007f1efd6ff000,0x00007f1efd7ff000)]
  0x00007f1f2552df00 JavaThread "Daemon health stats" [_thread_blocked, id=16784, stack(0x00007f1efc9ff000,0x00007f1efcaff000)]
  0x00007f1f255ae500 JavaThread "Incoming local TCP Connector on port 43353" [_thread_in_native, id=16785, stack(0x00007f1efc8ff000,0x00007f1efc9ff000)]
  0x00007f1f255f3b10 JavaThread "Daemon periodic checks" [_thread_blocked, id=16786, stack(0x00007f1efc7ff000,0x00007f1efc8ff000)]
  0x00007f1eb4016c10 JavaThread "Daemon" [_thread_blocked, id=16787, stack(0x00007f1efc6ff000,0x00007f1efc7ff000)]
  0x00007f1eac0015d0 JavaThread "Handler for socket connection from /127.0.0.1:43353 to /127.0.0.1:60924" [_thread_in_native, id=16788, stack(0x00007f1efc5ff000,0x00007f1efc6ff000)]
  0x00007f1eac006240 JavaThread "Cancel handler" [_thread_blocked, id=16789, stack(0x00007f1efc4ff000,0x00007f1efc5ff000)]
  0x00007f1eac007e50 JavaThread "Daemon worker" [_thread_in_native_trans, id=16790, stack(0x00007f1efc3ff000,0x00007f1efc4ff000)]
  0x00007f1e98003ee0 JavaThread "Asynchronous log dispatcher for DefaultDaemonConnection: socket connection from /127.0.0.1:43353 to /127.0.0.1:60924" [_thread_blocked, id=16793, stack(0x00007f1efc2ff000,0x00007f1efc3ff000)]
  0x00007f1e9800b430 JavaThread "Stdin handler" [_thread_blocked, id=16794, stack(0x00007f1efc1ff000,0x00007f1efc2ff000)]
  0x00007f1e9800e420 JavaThread "Daemon client event forwarder" [_thread_blocked, id=16795, stack(0x00007f1efc0ff000,0x00007f1efc1ff000)]
  0x00007f1e9818efb0 JavaThread "Cache worker for journal cache (/home/rodion/.gradle/caches/journal-1)" [_thread_blocked, id=16802, stack(0x00007f1e8f8fa000,0x00007f1e8f9fa000)]
  0x00007f1e981980f0 JavaThread "File lock request listener" [_thread_in_native, id=16803, stack(0x00007f1e8f7fa000,0x00007f1e8f8fa000)]
  0x00007f1e985b3950 JavaThread "Cache worker for file hash cache (/home/rodion/.gradle/caches/8.4/fileHashes)" [_thread_blocked, id=16804, stack(0x00007f1e8f6fa000,0x00007f1e8f7fa000)]

Other Threads:
  0x00007f1f242275c0 VMThread "VM Thread" [stack: 0x00007f1efe9fb000,0x00007f1efeafb000] [id=16767]
  0x00007f1f2407b140 WatcherThread [stack: 0x00007f1efd900000,0x00007f1efda00000] [id=16778]
  0x00007f1f2403fb10 GCTaskThread "GC Thread#0" [stack: 0x00007f1f29429000,0x00007f1f29529000] [id=16766]
  0x00007f1ef8001250 GCTaskThread "GC Thread#1" [stack: 0x00007f1efd300000,0x00007f1efd400000] [id=16781]
  0x00007f1ef8001c70 GCTaskThread "GC Thread#2" [stack: 0x00007f1efcf00000,0x00007f1efd000000] [id=16782]
  0x00007f1ef8002690 GCTaskThread "GC Thread#3" [stack: 0x00007f1efcb00000,0x00007f1efcc00000] [id=16783]
  0x00007f1ef8004140 GCTaskThread "GC Thread#4" [stack: 0x00007f1e8ff00000,0x00007f1e90000000] [id=16796]
  0x00007f1ef8004b60 GCTaskThread "GC Thread#5" [stack: 0x00007f1e8fdff000,0x00007f1e8feff000] [id=16797]
  0x00007f1ef8005580 GCTaskThread "GC Thread#6" [stack: 0x00007f1e8fcfe000,0x00007f1e8fdfe000] [id=16798]
  0x00007f1ef8005fa0 GCTaskThread "GC Thread#7" [stack: 0x00007f1e8fbfd000,0x00007f1e8fcfd000] [id=16799]
  0x00007f1ef80069c0 GCTaskThread "GC Thread#8" [stack: 0x00007f1e8fafc000,0x00007f1e8fbfc000] [id=16800]
  0x00007f1ef80073e0 GCTaskThread "GC Thread#9" [stack: 0x00007f1e8f9fb000,0x00007f1e8fafb000] [id=16801]

Threads with active compile tasks:
C2 CompilerThread0     1078 1998       4       java.net.URLClassLoader$1::run (5 bytes)
C1 CompilerThread0     1078 2159       3       jdk.internal.org.objectweb.asm.FieldWriter::putFieldInfo (269 bytes)
C2 CompilerThread1     1078 1959   !   4       java.lang.ClassLoader::loadClass (121 bytes)
C2 CompilerThread2     1078 1997   !   4       java.net.URLClassLoader::findClass (47 bytes)

VM state: not at safepoint (normal execution)

VM Mutex/Monitor currently owned by a thread:  ([mutex/lock_event])
[0x00007f1f24023ad0] CodeCache_lock - owner thread: 0x00007f1f2425ed40
[0x00007f1f24025dd0] Compile_lock - owner thread: 0x0000000000000000

Heap address: 0x00000006e0000000, size: 4608 MB, Compressed Oops mode: Zero based, Oop shift amount: 3

CDS archive(s) not mapped
Compressed class space mapped at: 0x0000000800000000-0x0000000834000000, reserved size: 872415232
Narrow klass base: 0x0000000800000000, Narrow klass shift: 0, Narrow klass range: 0x34000000

GC Precious Log:
 CPUs: 16 total, 12 available
 Memory: 13817M
 Large Page Support: Disabled
 NUMA Support: Disabled
 Compressed Oops: Enabled (Zero based)
 Alignments: Space 512K, Generation 512K, Heap 2M
 Heap Min Capacity: 8M
 Heap Initial Capacity: 216M
 Heap Max Capacity: 4608M
 Pre-touch: Disabled
 Parallel Workers: 10

Heap:
 PSYoungGen      total 119808K, used 45394K [0x00000007a0000000, 0x00000007a7e00000, 0x0000000800000000)
  eden space 110592K, 41% used [0x00000007a0000000,0x00000007a2c548e8,0x00000007a6c00000)
  from space 9216K, 0% used [0x00000007a7500000,0x00000007a7500000,0x00000007a7e00000)
  to   space 9216K, 0% used [0x00000007a6c00000,0x00000007a6c00000,0x00000007a7500000)
 ParOldGen       total 147456K, used 16912K [0x00000006e0000000, 0x00000006e9000000, 0x00000007a0000000)
  object space 147456K, 11% used [0x00000006e0000000,0x00000006e1084318,0x00000006e9000000)
 Metaspace       used 27466K, committed 27776K, reserved 917504K
  class space    used 3633K, committed 3776K, reserved 851968K

Card table byte_map: [0x00007f1f29529000,0x00007f1f29e2a000] _byte_map_base: 0x00007f1f25e29000

Marking Bits: (ParMarkBitMap*) 0x00007f1f2b22b6f0
 Begin Bits: [0x00007f1f03000000, 0x00007f1f07800000)
 End Bits:   [0x00007f1f07800000, 0x00007f1f0c000000)

Polling page: 0x00007f1f2b74b000

Metaspace:

Usage:
  Non-class:     23,28 MB used.
      Class:      3,55 MB used.
       Both:     26,83 MB used.

Virtual space:
  Non-class space:       64,00 MB reserved,      23,44 MB ( 37%) committed,  1 nodes.
      Class space:      832,00 MB reserved,       3,69 MB ( <1%) committed,  1 nodes.
             Both:      896,00 MB reserved,      27,12 MB (  3%) committed. 

Chunk freelists:
   Non-Class:  8,48 MB
       Class:  12,33 MB
        Both:  20,81 MB

MaxMetaspaceSize: 1,00 GB
CompressedClassSpaceSize: 832,00 MB
Initial GC threshold: 21,00 MB
Current GC threshold: 35,00 MB
CDS: off
MetaspaceReclaimPolicy: balanced
 - commit_granule_bytes: 65536.
 - commit_granule_words: 8192.
 - virtual_space_node_default_size: 8388608.
 - enlarge_chunks_in_place: 1.
 - new_chunks_are_fully_committed: 0.
 - uncommit_free_chunks: 1.
 - use_allocation_guard: 0.
 - handle_deallocations: 1.


Internal statistics:

num_allocs_failed_limit: 3.
num_arena_births: 212.
num_arena_deaths: 0.
num_vsnodes_births: 2.
num_vsnodes_deaths: 0.
num_space_committed: 434.
num_space_uncommitted: 0.
num_chunks_returned_to_freelist: 3.
num_chunks_taken_from_freelist: 858.
num_chunk_merges: 3.
num_chunk_splits: 569.
num_chunks_enlarged: 411.
num_inconsistent_stats: 0.

CodeHeap 'non-profiled nmethods': size=120028Kb used=992Kb max_used=992Kb free=119036Kb
 bounds [0x00007f1f194c9000, 0x00007f1f19739000, 0x00007f1f20a00000]
CodeHeap 'profiled nmethods': size=120028Kb used=4146Kb max_used=4146Kb free=115882Kb
 bounds [0x00007f1f11a00000, 0x00007f1f11e10000, 0x00007f1f18f37000]
CodeHeap 'non-nmethods': size=5704Kb used=1222Kb max_used=1261Kb free=4481Kb
 bounds [0x00007f1f18f37000, 0x00007f1f191a7000, 0x00007f1f194c9000]
 total_blobs=2684 nmethods=2151 adapters=448
 compilation: enabled
              stopped_count=0, restarted_count=0
 full_count=0

Compilation events (20 events):
Event: 1,055 Thread 0x00007f1f2425ed40 2144       3       org.objectweb.asm.SymbolTable::addConstantMemberReference (147 bytes)
Event: 1,056 Thread 0x00007f1f2425ed40 nmethod 2144 0x00007f1f11e02210 code [0x00007f1f11e024a0, 0x00007f1f11e02d80]
Event: 1,056 Thread 0x00007f1f2425ed40 2143       3       org.objectweb.asm.MethodVisitor::visitVarInsn (17 bytes)
Event: 1,056 Thread 0x00007f1f2425ed40 nmethod 2143 0x00007f1f11e03290 code [0x00007f1f11e03440, 0x00007f1f11e03640]
Event: 1,056 Thread 0x00007f1f2425ed40 2141       3       org.objectweb.asm.Frame::pop (44 bytes)
Event: 1,056 Thread 0x00007f1f2425ed40 nmethod 2141 0x00007f1f11e03710 code [0x00007f1f11e038c0, 0x00007f1f11e03a50]
Event: 1,056 Thread 0x00007f1f2425ed40 2145       3       org.objectweb.asm.Frame::merge (322 bytes)
Event: 1,056 Thread 0x00007f1f2425ed40 nmethod 2145 0x00007f1f11e03b10 code [0x00007f1f11e03d40, 0x00007f1f11e046c0]
Event: 1,056 Thread 0x00007f1f2425ed40 2136       3       org.objectweb.asm.Frame::push (59 bytes)
Event: 1,057 Thread 0x00007f1f2425ed40 nmethod 2136 0x00007f1f11e04910 code [0x00007f1f11e04b60, 0x00007f1f11e052d0]
Event: 1,057 Thread 0x00007f1f2425ed40 2147       3       org.objectweb.asm.Handler::getExceptionTableLength (21 bytes)
Event: 1,057 Thread 0x00007f1f2425ed40 nmethod 2147 0x00007f1f11e05610 code [0x00007f1f11e057c0, 0x00007f1f11e05950]
Event: 1,057 Thread 0x00007f1f2425ed40 2139       1       org.gradle.internal.instantiation.generator.AsmBackedClassGenerator$ClassBuilderImpl::access$500 (5 bytes)
Event: 1,057 Thread 0x00007f1f2425ed40 nmethod 2139 0x00007f1f195c0710 code [0x00007f1f195c08a0, 0x00007f1f195c0950]
Event: 1,057 Thread 0x00007f1f2425ed40 2148       1       org.objectweb.asm.MethodWriter::hasAsmInstructions (5 bytes)
Event: 1,057 Thread 0x00007f1f2425ed40 nmethod 2148 0x00007f1f195c0a10 code [0x00007f1f195c0ba0, 0x00007f1f195c0c70]
Event: 1,057 Thread 0x00007f1f2425ed40 2146       3       org.objectweb.asm.Frame::pop (53 bytes)
Event: 1,057 Thread 0x00007f1f2425ed40 nmethod 2146 0x00007f1f11e05a90 code [0x00007f1f11e05ce0, 0x00007f1f11e06450]
Event: 1,060 Thread 0x00007f1f2425ed40 2149       3       jdk.internal.org.objectweb.asm.MethodVisitor::visitVarInsn (17 bytes)
Event: 1,060 Thread 0x00007f1f2425ed40 nmethod 2149 0x00007f1f11e06710 code [0x00007f1f11e068c0, 0x00007f1f11e06ac0]

GC Heap History (6 events):
Event: 0,402 GC heap before
{Heap before GC invocations=1 (full 0):
 PSYoungGen      total 64512K, used 55296K [0x00000007a0000000, 0x00000007a4800000, 0x0000000800000000)
  eden space 55296K, 100% used [0x00000007a0000000,0x00000007a3600000,0x00000007a3600000)
  from space 9216K, 0% used [0x00000007a3f00000,0x00000007a3f00000,0x00000007a4800000)
  to   space 9216K, 0% used [0x00000007a3600000,0x00000007a3600000,0x00000007a3f00000)
 ParOldGen       total 147456K, used 0K [0x00000006e0000000, 0x00000006e9000000, 0x00000007a0000000)
  object space 147456K, 0% used [0x00000006e0000000,0x00000006e0000000,0x00000006e9000000)
 Metaspace       used 11489K, committed 11648K, reserved 917504K
  class space    used 1207K, committed 1280K, reserved 851968K
}
Event: 0,407 GC heap after
{Heap after GC invocations=1 (full 0):
 PSYoungGen      total 64512K, used 9207K [0x00000007a0000000, 0x00000007a7e00000, 0x0000000800000000)
  eden space 55296K, 0% used [0x00000007a0000000,0x00000007a0000000,0x00000007a3600000)
  from space 9216K, 99% used [0x00000007a3600000,0x00000007a3efde80,0x00000007a3f00000)
  to   space 9216K, 0% used [0x00000007a7500000,0x00000007a7500000,0x00000007a7e00000)
 ParOldGen       total 147456K, used 4597K [0x00000006e0000000, 0x00000006e9000000, 0x00000007a0000000)
  object space 147456K, 3% used [0x00000006e0000000,0x00000006e047d4b8,0x00000006e9000000)
 Metaspace       used 11489K, committed 11648K, reserved 917504K
  class space    used 1207K, committed 1280K, reserved 851968K
}
Event: 0,743 GC heap before
{Heap before GC invocations=2 (full 0):
 PSYoungGen      total 64512K, used 48406K [0x00000007a0000000, 0x00000007a7e00000, 0x0000000800000000)
  eden space 55296K, 70% used [0x00000007a0000000,0x00000007a2647ca0,0x00000007a3600000)
  from space 9216K, 99% used [0x00000007a3600000,0x00000007a3efde80,0x00000007a3f00000)
  to   space 9216K, 0% used [0x00000007a7500000,0x00000007a7500000,0x00000007a7e00000)
 ParOldGen       total 147456K, used 4597K [0x00000006e0000000, 0x00000006e9000000, 0x00000007a0000000)
  object space 147456K, 3% used [0x00000006e0000000,0x00000006e047d4b8,0x00000006e9000000)
 Metaspace       used 21320K, committed 21504K, reserved 917504K
  class space    used 2543K, committed 2624K, reserved 851968K
}
Event: 0,747 GC heap after
{Heap after GC invocations=2 (full 0):
 PSYoungGen      total 119808K, used 9212K [0x00000007a0000000, 0x00000007a7e00000, 0x0000000800000000)
  eden space 110592K, 0% used [0x00000007a0000000,0x00000007a0000000,0x00000007a6c00000)
  from space 9216K, 99% used [0x00000007a7500000,0x00000007a7dff3a0,0x00000007a7e00000)
  to   space 9216K, 0% used [0x00000007a6c00000,0x00000007a6c00000,0x00000007a7500000)
 ParOldGen       total 147456K, used 7996K [0x00000006e0000000, 0x00000006e9000000, 0x00000007a0000000)
  object space 147456K, 5% used [0x00000006e0000000,0x00000006e07cf3b8,0x00000006e9000000)
 Metaspace       used 21320K, committed 21504K, reserved 917504K
  class space    used 2543K, committed 2624K, reserved 851968K
}
Event: 0,747 GC heap before
{Heap before GC invocations=3 (full 1):
 PSYoungGen      total 119808K, used 9212K [0x00000007a0000000, 0x00000007a7e00000, 0x0000000800000000)
  eden space 110592K, 0% used [0x00000007a0000000,0x00000007a0000000,0x00000007a6c00000)
  from space 9216K, 99% used [0x00000007a7500000,0x00000007a7dff3a0,0x00000007a7e00000)
  to   space 9216K, 0% used [0x00000007a6c00000,0x00000007a6c00000,0x00000007a7500000)
 ParOldGen       total 147456K, used 7996K [0x00000006e0000000, 0x00000006e9000000, 0x00000007a0000000)
  object space 147456K, 5% used [0x00000006e0000000,0x00000006e07cf3b8,0x00000006e9000000)
 Metaspace       used 21320K, committed 21504K, reserved 917504K
  class space    used 2543K, committed 2624K, reserved 851968K
}
Event: 0,755 GC heap after
{Heap after GC invocations=3 (full 1):
 PSYoungGen      total 119808K, used 0K [0x00000007a0000000, 0x00000007a7e00000, 0x0000000800000000)
  eden space 110592K, 0% used [0x00000007a0000000,0x00000007a0000000,0x00000007a6c00000)
  from space 9216K, 0% used [0x00000007a7500000,0x00000007a7500000,0x00000007a7e00000)
  to   space 9216K, 0% used [0x00000007a6c00000,0x00000007a6c00000,0x00000007a7500000)
 ParOldGen       total 147456K, used 16912K [0x00000006e0000000, 0x00000006e9000000, 0x00000007a0000000)
  object space 147456K, 11% used [0x00000006e0000000,0x00000006e1084318,0x00000006e9000000)
 Metaspace       used 21320K, committed 21504K, reserved 917504K
  class space    used 2543K, committed 2624K, reserved 851968K
}

Dll operation events (13 events):
Event: 0,002 Loaded shared library /home/rodion/.local/share/JetBrains/Toolbox/apps/android-studio-2/jbr/lib/libjava.so
Event: 0,072 Loaded shared library /home/rodion/.local/share/JetBrains/Toolbox/apps/android-studio-2/jbr/lib/libzip.so
Event: 0,073 Loaded shared library /home/rodion/.local/share/JetBrains/Toolbox/apps/android-studio-2/jbr/lib/libinstrument.so
Event: 0,077 Loaded shared library /home/rodion/.local/share/JetBrains/Toolbox/apps/android-studio-2/jbr/lib/libnio.so
Event: 0,083 Loaded shared library /home/rodion/.local/share/JetBrains/Toolbox/apps/android-studio-2/jbr/lib/libzip.so
Event: 0,136 Loaded shared library /home/rodion/.local/share/JetBrains/Toolbox/apps/android-studio-2/jbr/lib/libjimage.so
Event: 0,165 Loaded shared library /home/rodion/.local/share/JetBrains/Toolbox/apps/android-studio-2/jbr/lib/libverify.so
Event: 0,236 Loaded shared library /home/rodion/.local/share/JetBrains/Toolbox/apps/android-studio-2/jbr/lib/libnet.so
Event: 0,237 Loaded shared library /home/rodion/.gradle/native/c067742578af261105cb4f569cf0c3c89f3d7b1fecec35dd04571415982c5e48/linux-amd64/libnative-platform.so
Event: 0,239 Loaded shared library /home/rodion/.gradle/native/38dada09dfb8b06ba9b0570ebf7e218e3eb74d4ef43ca46872605cf95ebc2f47/linux-amd64/libnative-platform-file-events.so
Event: 0,528 Loaded shared library /home/rodion/.local/share/JetBrains/Toolbox/apps/android-studio-2/jbr/lib/libmanagement.so
Event: 0,529 Loaded shared library /home/rodion/.local/share/JetBrains/Toolbox/apps/android-studio-2/jbr/lib/libmanagement_ext.so
Event: 0,607 Loaded shared library /home/rodion/.local/share/JetBrains/Toolbox/apps/android-studio-2/jbr/lib/libextnet.so

Deoptimization events (20 events):
Event: 0,864 Thread 0x00007f1eac007e50 DEOPT PACKING pc=0x00007f1f19536fa8 sp=0x00007f1efc4fb100
Event: 0,864 Thread 0x00007f1eac007e50 DEOPT UNPACKING pc=0x00007f1f18f8d399 sp=0x00007f1efc4fb0b8 mode 2
Event: 0,864 Thread 0x00007f1eac007e50 Uncommon trap: trap_request=0xffffffc6 fr.pc=0x00007f1f195373cc relative=0x000000000000012c
Event: 0,864 Thread 0x00007f1eac007e50 Uncommon trap: reason=bimorphic_or_optimized_type_check action=maybe_recompile pc=0x00007f1f195373cc method=java.util.AbstractList$Itr.next()Ljava/lang/Object; @ 14 c2
Event: 0,864 Thread 0x00007f1eac007e50 DEOPT PACKING pc=0x00007f1f195373cc sp=0x00007f1efc4fb0f0
Event: 0,864 Thread 0x00007f1eac007e50 DEOPT UNPACKING pc=0x00007f1f18f8d399 sp=0x00007f1efc4fb0a8 mode 2
Event: 0,864 Thread 0x00007f1eac007e50 Uncommon trap: trap_request=0xffffff45 fr.pc=0x00007f1f1952ca58 relative=0x0000000000000518
Event: 0,864 Thread 0x00007f1eac007e50 Uncommon trap: reason=unstable_if action=reinterpret pc=0x00007f1f1952ca58 method=java.io.File.getName()Ljava/lang/String; @ 16 c2
Event: 0,864 Thread 0x00007f1eac007e50 DEOPT PACKING pc=0x00007f1f1952ca58 sp=0x00007f1efc4fb750
Event: 0,864 Thread 0x00007f1eac007e50 DEOPT UNPACKING pc=0x00007f1f18f8d399 sp=0x00007f1efc4fb720 mode 2
Event: 0,975 Thread 0x00007f1eac007e50 DEOPT PACKING pc=0x00007f1f11d8bcd6 sp=0x00007f1efc4fa660
Event: 0,975 Thread 0x00007f1eac007e50 DEOPT UNPACKING pc=0x00007f1f18f8db2f sp=0x00007f1efc4f9b90 mode 0
Event: 0,980 Thread 0x00007f1eac007e50 DEOPT PACKING pc=0x00007f1f11d8bcd6 sp=0x00007f1efc4faa40
Event: 0,980 Thread 0x00007f1eac007e50 DEOPT UNPACKING pc=0x00007f1f18f8db2f sp=0x00007f1efc4f9f70 mode 0
Event: 0,984 Thread 0x00007f1eac007e50 DEOPT PACKING pc=0x00007f1f11d8bcf7 sp=0x00007f1efc4f7d90
Event: 0,984 Thread 0x00007f1eac007e50 DEOPT UNPACKING pc=0x00007f1f18f8db2f sp=0x00007f1efc4f72c0 mode 0
Event: 1,045 Thread 0x00007f1eac007e50 Uncommon trap: trap_request=0xffffff45 fr.pc=0x00007f1f195a18a8 relative=0x00000000000003e8
Event: 1,045 Thread 0x00007f1eac007e50 Uncommon trap: reason=unstable_if action=reinterpret pc=0x00007f1f195a18a8 method=java.util.HashMap.getNode(Ljava/lang/Object;)Ljava/util/HashMap$Node; @ 131 c2
Event: 1,045 Thread 0x00007f1eac007e50 DEOPT PACKING pc=0x00007f1f195a18a8 sp=0x00007f1efc4f9a50
Event: 1,045 Thread 0x00007f1eac007e50 DEOPT UNPACKING pc=0x00007f1f18f8d399 sp=0x00007f1efc4f9990 mode 2

Classes unloaded (0 events):
No events

Classes redefined (0 events):
No events

Internal exceptions (20 events):
Event: 0,758 Thread 0x00007f1eac007e50 Exception <a 'java/lang/NoSuchMethodError'{0x00000007a00a69e0}: 'void java.lang.invoke.DirectMethodHandle$Holder.invokeSpecial(java.lang.Object, java.lang.Object, java.lang.Object, java.lang.Object, java.lang.Object)'> (0x00000007a00a69e0) 
thrown [src/hotspot/share/interpreter/linkResolver.cpp, line 771]
Event: 0,759 Thread 0x00007f1eac007e50 Exception <a 'java/lang/NoSuchMethodError'{0x00000007a00ba868}: 'void java.lang.invoke.DirectMethodHandle$Holder.invokeStaticInit(java.lang.Object, java.lang.Object)'> (0x00000007a00ba868) 
thrown [src/hotspot/share/interpreter/linkResolver.cpp, line 771]
Event: 0,769 Thread 0x00007f1eac007e50 Exception <a 'java/lang/NoSuchMethodError'{0x00000007a0274788}: 'java.lang.Object java.lang.invoke.DirectMethodHandle$Holder.newInvokeSpecial(java.lang.Object, java.lang.Object, java.lang.Object, int, java.lang.Object, java.lang.Object)'> (0x00000007a0274788) 
thrown [src/hotspot/share/interpreter/linkResolver.cpp, line 771]
Event: 0,784 Thread 0x00007f1eac007e50 Exception <a 'java/lang/NoSuchMethodError'{0x00000007a0431a00}: 'void java.lang.invoke.DelegatingMethodHandle$Holder.reinvoke_L(java.lang.Object, java.lang.Object, java.lang.Object, java.lang.Object, java.lang.Object, java.lang.Object, java.lang.Object, java.lang.Object, java.lang.Object, java.lang.Object)'> (0x00000007a0431a00) 
thrown [src/hotspot/share/interpreter/linkResolver.cpp, line 771]
Event: 0,785 Thread 0x00007f1eac007e50 Exception <a 'java/lang/NoSuchMethodError'{0x00000007a0439fb0}: 'java.lang.Object java.lang.invoke.DirectMethodHandle$Holder.invokeSpecial(java.lang.Object, java.lang.Object, java.lang.Object, java.lang.Object, java.lang.Object, java.lang.Object, java.lang.Object, java.lang.Object, java.lang.Object, java.lang.Object)'> (0x00000007a0439fb0) 
thrown [src/hotspot/share/interpreter/linkResolver.cpp, line 771]
Event: 0,785 Thread 0x00007f1eac007e50 Exception <a 'java/lang/NoSuchMethodError'{0x00000007a043e880}: 'java.lang.Object java.lang.invoke.Invokers$Holder.invoker(java.lang.Object, java.lang.Object, java.lang.Object, java.lang.Object, java.lang.Object, java.lang.Object, java.lang.Object, java.lang.Object, java.lang.Object, java.lang.Object)'> (0x00000007a043e880) 
thrown [src/hotspot/share/interpreter/linkResolver.cpp, line 771]
Event: 0,785 Thread 0x00007f1eac007e50 Exception <a 'java/lang/NoSuchMethodError'{0x00000007a0444488}: 'java.lang.Object java.lang.invoke.DirectMethodHandle$Holder.invokeSpecial(java.lang.Object, java.lang.Object, java.lang.Object, java.lang.Object, java.lang.Object, java.lang.Object, java.lang.Object, java.lang.Object, java.lang.Object, java.lang.Object, java.lang.Object)'> (0x00000007a0444488) 
thrown [src/hotspot/share/interpreter/linkResolver.cpp, line 771]
Event: 0,829 Thread 0x00007f1eac007e50 Exception <a 'java/lang/NoSuchMethodError'{0x00000007a0a1bc60}: 'void java.lang.invoke.DirectMethodHandle$Holder.invokeStaticInit(java.lang.Object)'> (0x00000007a0a1bc60) 
thrown [src/hotspot/share/interpreter/linkResolver.cpp, line 771]
Event: 0,835 Thread 0x00007f1eac007e50 Exception <a 'java/lang/NoSuchMethodError'{0x00000007a0acf2d8}: 'java.lang.Object java.lang.invoke.DirectMethodHandle$Holder.newInvokeSpecial(java.lang.Object, java.lang.Object, java.lang.Object, int)'> (0x00000007a0acf2d8) 
thrown [src/hotspot/share/interpreter/linkResolver.cpp, line 771]
Event: 0,835 Thread 0x00007f1eac007e50 Exception <a 'java/lang/NoSuchMethodError'{0x00000007a0ad3c08}: 'java.lang.Object java.lang.invoke.DirectMethodHandle$Holder.invokeSpecial(java.lang.Object, java.lang.Object, java.lang.Object, java.lang.Object, int)'> (0x00000007a0ad3c08) 
thrown [src/hotspot/share/interpreter/linkResolver.cpp, line 771]
Event: 0,835 Thread 0x00007f1eac007e50 Exception <a 'java/lang/NoSuchMethodError'{0x00000007a0ad7d20}: 'java.lang.Object java.lang.invoke.Invokers$Holder.linkToTargetMethod(java.lang.Object, java.lang.Object, int, java.lang.Object)'> (0x00000007a0ad7d20) 
thrown [src/hotspot/share/interpreter/linkResolver.cpp, line 771]
Event: 0,955 Thread 0x00007f1eac007e50 Exception <a 'java/lang/NoSuchMethodError'{0x00000007a1bdbb88}: 'int java.lang.invoke.DirectMethodHandle$Holder.invokeSpecialIFC(java.lang.Object, java.lang.Object, java.lang.Object, java.lang.Object)'> (0x00000007a1bdbb88) 
thrown [src/hotspot/share/interpreter/linkResolver.cpp, line 771]
Event: 0,956 Thread 0x00007f1eac007e50 Exception <a 'java/lang/NoSuchMethodError'{0x00000007a1beae88}: 'java.lang.Object java.lang.invoke.DirectMethodHandle$Holder.invokeInterface(java.lang.Object, java.lang.Object, java.lang.Object)'> (0x00000007a1beae88) 
thrown [src/hotspot/share/interpreter/linkResolver.cpp, line 771]
Event: 0,956 Thread 0x00007f1eac007e50 Exception <a 'java/lang/IncompatibleClassChangeError'{0x00000007a1beed48}: Found class java.lang.Object, but interface was expected> (0x00000007a1beed48) 
thrown [src/hotspot/share/interpreter/linkResolver.cpp, line 838]
Event: 0,978 Thread 0x00007f1eac007e50 Exception <a 'java/lang/NoSuchMethodError'{0x00000007a1e17bb8}: 'int java.lang.invoke.DirectMethodHandle$Holder.invokeStatic(java.lang.Object, java.lang.Object, java.lang.Object, java.lang.Object)'> (0x00000007a1e17bb8) 
thrown [src/hotspot/share/interpreter/linkResolver.cpp, line 771]
Event: 0,978 Thread 0x00007f1eac007e50 Exception <a 'java/lang/NoSuchMethodError'{0x00000007a1e1b7e0}: 'java.lang.Object java.lang.invoke.Invokers$Holder.invokeExact_MT(java.lang.Object, java.lang.Object, java.lang.Object, java.lang.Object, java.lang.Object, java.lang.Object)'> (0x00000007a1e1b7e0) 
thrown [src/hotspot/share/interpreter/linkResolver.cpp, line 771]
Event: 1,003 Thread 0x00007f1eac007e50 Exception <a 'java/lang/NoSuchMethodError'{0x00000007a21f8e60}: 'java.lang.Object java.lang.invoke.DirectMethodHandle$Holder.invokeSpecial(java.lang.Object, java.lang.Object, java.lang.Object, java.lang.Object, java.lang.Object, java.lang.Object, java.lang.Object, java.lang.Object, java.lang.Object)'> (0x00000007a21f8e60) 
thrown [src/hotspot/share/interpreter/linkResolver.cpp, line 771]
Event: 1,037 Thread 0x00007f1eac007e50 Exception <a 'java/lang/NoSuchMethodError'{0x00000007a275fc18}: 'java.lang.Object java.lang.invoke.DirectMethodHandle$Holder.invokeVirtual(java.lang.Object, java.lang.Object, java.lang.Object, java.lang.Object)'> (0x00000007a275fc18) 
thrown [src/hotspot/share/interpreter/linkResolver.cpp, line 771]
Event: 1,051 Thread 0x00007f1eac007e50 Exception <a 'java/lang/NoSuchMethodError'{0x00000007a28a6290}: 'java.lang.Object java.lang.invoke.DirectMethodHandle$Holder.newInvokeSpecial(java.lang.Object, java.lang.Object, java.lang.Object, java.lang.Object, java.lang.Object, java.lang.Object, java.lang.Object)'> (0x00000007a28a6290) 
thrown [src/hotspot/share/interpreter/linkResolver.cpp, line 771]
Event: 1,051 Thread 0x00007f1eac007e50 Exception <a 'java/lang/NoSuchMethodError'{0x00000007a28aaf60}: 'java.lang.Object java.lang.invoke.Invokers$Holder.linkToTargetMethod(java.lang.Object, java.lang.Object, java.lang.Object, java.lang.Object, java.lang.Object, java.lang.Object, java.lang.Object)'> (0x00000007a28aaf60) 
thrown [src/hotspot/share/interpreter/linkResolver.cpp, line 771]

VM Operations (20 events):
Event: 0,477 Executing VM operation: HandshakeAllThreads
Event: 0,477 Executing VM operation: HandshakeAllThreads done
Event: 0,493 Executing VM operation: HandshakeAllThreads
Event: 0,493 Executing VM operation: HandshakeAllThreads done
Event: 0,497 Executing VM operation: HandshakeAllThreads
Event: 0,497 Executing VM operation: HandshakeAllThreads done
Event: 0,522 Executing VM operation: HandshakeAllThreads
Event: 0,522 Executing VM operation: HandshakeAllThreads done
Event: 0,536 Executing VM operation: HandshakeAllThreads
Event: 0,536 Executing VM operation: HandshakeAllThreads done
Event: 0,568 Executing VM operation: HandshakeAllThreads
Event: 0,568 Executing VM operation: HandshakeAllThreads done
Event: 0,743 Executing VM operation: CollectForMetadataAllocation
Event: 0,755 Executing VM operation: CollectForMetadataAllocation done
Event: 0,773 Executing VM operation: HandshakeAllThreads
Event: 0,773 Executing VM operation: HandshakeAllThreads done
Event: 0,879 Executing VM operation: HandshakeAllThreads
Event: 0,879 Executing VM operation: HandshakeAllThreads done
Event: 0,879 Executing VM operation: HandshakeAllThreads
Event: 0,879 Executing VM operation: HandshakeAllThreads done

Events (20 events):
Event: 0,970 loading class java/io/ObjectOutputStream
Event: 0,970 loading class java/io/ObjectOutput
Event: 0,970 loading class java/io/ObjectOutput done
Event: 0,970 loading class java/io/ObjectStreamConstants
Event: 0,970 loading class java/io/ObjectStreamConstants done
Event: 0,970 loading class java/io/ObjectOutputStream done
Event: 0,971 loading class java/io/ObjectInputStream
Event: 0,971 loading class java/io/ObjectInput
Event: 0,971 loading class java/io/ObjectInput done
Event: 0,971 loading class java/io/ObjectInputStream done
Event: 1,024 loading class javax/xml/parsers/ParserConfigurationException
Event: 1,024 loading class javax/xml/parsers/ParserConfigurationException done
Event: 1,024 loading class org/xml/sax/SAXException
Event: 1,024 loading class org/xml/sax/SAXException done
Event: 1,024 loading class javax/xml/xpath/XPathExpressionException
Event: 1,024 loading class javax/xml/xpath/XPathException
Event: 1,024 loading class javax/xml/xpath/XPathException done
Event: 1,024 loading class javax/xml/xpath/XPathExpressionException done
Event: 1,024 loading class org/xml/sax/ErrorHandler
Event: 1,024 loading class org/xml/sax/ErrorHandler done


Dynamic libraries:
00200000-00201000 r--p 00000000 103:04 3162972                           /home/rodion/.local/share/JetBrains/Toolbox/apps/android-studio-2/jbr/bin/java
00201000-00202000 r-xp 00000000 103:04 3162972                           /home/rodion/.local/share/JetBrains/Toolbox/apps/android-studio-2/jbr/bin/java
00202000-00203000 r--p 00000000 103:04 3162972                           /home/rodion/.local/share/JetBrains/Toolbox/apps/android-studio-2/jbr/bin/java
00203000-00204000 rw-p 00000000 103:04 3162972                           /home/rodion/.local/share/JetBrains/Toolbox/apps/android-studio-2/jbr/bin/java
0126d000-012b5000 rw-p 00000000 00:00 0                                  [heap]
6e0000000-6e9000000 rw-p 00000000 00:00 0 
6e9000000-7a0000000 ---p 00000000 00:00 0 
7a0000000-7a7e00000 rw-p 00000000 00:00 0 
7a7e00000-800000000 ---p 00000000 00:00 0 
800000000-800010000 rw-p 00000000 00:00 0 
800010000-800030000 rw-p 00000000 00:00 0 
800030000-8000b0000 rw-p 00000000 00:00 0 
8000b0000-800130000 rw-p 00000000 00:00 0 
800130000-8001b0000 rw-p 00000000 00:00 0 
8001b0000-8001f0000 rw-p 00000000 00:00 0 
8001f0000-8003b0000 rw-p 00000000 00:00 0 
8003b0000-834000000 ---p 00000000 00:00 0 
7f1e68000000-7f1e68021000 rw-p 00000000 00:00 0 
7f1e68021000-7f1e6c000000 ---p 00000000 00:00 0 
7f1e6c000000-7f1e6c021000 rw-p 00000000 00:00 0 
7f1e6c021000-7f1e70000000 ---p 00000000 00:00 0 
7f1e70000000-7f1e70021000 rw-p 00000000 00:00 0 
7f1e70021000-7f1e74000000 ---p 00000000 00:00 0 
7f1e74000000-7f1e74021000 rw-p 00000000 00:00 0 
7f1e74021000-7f1e78000000 ---p 00000000 00:00 0 
7f1e78000000-7f1e78021000 rw-p 00000000 00:00 0 
7f1e78021000-7f1e7c000000 ---p 00000000 00:00 0 
7f1e7c000000-7f1e7c021000 rw-p 00000000 00:00 0 
7f1e7c021000-7f1e80000000 ---p 00000000 00:00 0 
7f1e80000000-7f1e80021000 rw-p 00000000 00:00 0 
7f1e80021000-7f1e84000000 ---p 00000000 00:00 0 
7f1e84000000-7f1e84021000 rw-p 00000000 00:00 0 
7f1e84021000-7f1e88000000 ---p 00000000 00:00 0 
7f1e88000000-7f1e88021000 rw-p 00000000 00:00 0 
7f1e88021000-7f1e8c000000 ---p 00000000 00:00 0 
7f1e8f275000-7f1e8f6fa000 rw-p 00000000 00:00 0 
7f1e8f6fa000-7f1e8f6fe000 ---p 00000000 00:00 0 
7f1e8f6fe000-7f1e8f7fa000 rw-p 00000000 00:00 0 
7f1e8f7fa000-7f1e8f7fe000 ---p 00000000 00:00 0 
7f1e8f7fe000-7f1e8f8fa000 rw-p 00000000 00:00 0 
7f1e8f8fa000-7f1e8f8fe000 ---p 00000000 00:00 0 
7f1e8f8fe000-7f1e8f9fa000 rw-p 00000000 00:00 0 
7f1e8f9fa000-7f1e8f9fb000 ---p 00000000 00:00 0 
7f1e8f9fb000-7f1e8fafb000 rw-p 00000000 00:00 0 
7f1e8fafb000-7f1e8fafc000 ---p 00000000 00:00 0 
7f1e8fafc000-7f1e8fbfc000 rw-p 00000000 00:00 0 
7f1e8fbfc000-7f1e8fbfd000 ---p 00000000 00:00 0 
7f1e8fbfd000-7f1e8fcfd000 rw-p 00000000 00:00 0 
7f1e8fcfd000-7f1e8fcfe000 ---p 00000000 00:00 0 
7f1e8fcfe000-7f1e8fdfe000 rw-p 00000000 00:00 0 
7f1e8fdfe000-7f1e8fdff000 ---p 00000000 00:00 0 
7f1e8fdff000-7f1e8feff000 rw-p 00000000 00:00 0 
7f1e8feff000-7f1e8ff00000 ---p 00000000 00:00 0 
7f1e8ff00000-7f1e90021000 rw-p 00000000 00:00 0 
7f1e90021000-7f1e94000000 ---p 00000000 00:00 0 
7f1e94000000-7f1e94021000 rw-p 00000000 00:00 0 
7f1e94021000-7f1e98000000 ---p 00000000 00:00 0 
7f1e98000000-7f1e98ae8000 rw-p 00000000 00:00 0 
7f1e98ae8000-7f1e9c000000 ---p 00000000 00:00 0 
7f1e9c000000-7f1e9c021000 rw-p 00000000 00:00 0 
7f1e9c021000-7f1ea0000000 ---p 00000000 00:00 0 
7f1ea0000000-7f1ea0021000 rw-p 00000000 00:00 0 
7f1ea0021000-7f1ea4000000 ---p 00000000 00:00 0 
7f1ea4000000-7f1ea4021000 rw-p 00000000 00:00 0 
7f1ea4021000-7f1ea8000000 ---p 00000000 00:00 0 
7f1ea8000000-7f1ea8021000 rw-p 00000000 00:00 0 
7f1ea8021000-7f1eac000000 ---p 00000000 00:00 0 
7f1eac000000-7f1eac021000 rw-p 00000000 00:00 0 
7f1eac021000-7f1eb0000000 ---p 00000000 00:00 0 
7f1eb0000000-7f1eb0023000 rw-p 00000000 00:00 0 
7f1eb0023000-7f1eb4000000 ---p 00000000 00:00 0 
7f1eb4000000-7f1eb4054000 rw-p 00000000 00:00 0 
7f1eb4054000-7f1eb8000000 ---p 00000000 00:00 0 
7f1eb8000000-7f1eb8021000 rw-p 00000000 00:00 0 
7f1eb8021000-7f1ebc000000 ---p 00000000 00:00 0 
7f1ebc000000-7f1ebc021000 rw-p 00000000 00:00 0 
7f1ebc021000-7f1ec0000000 ---p 00000000 00:00 0 
7f1ec0000000-7f1ec1234000 rw-p 00000000 00:00 0 
7f1ec1234000-7f1ec4000000 ---p 00000000 00:00 0 
7f1ec4000000-7f1ec4021000 rw-p 00000000 00:00 0 
7f1ec4021000-7f1ec8000000 ---p 00000000 00:00 0 
7f1ec8000000-7f1ec8021000 rw-p 00000000 00:00 0 
7f1ec8021000-7f1ecc000000 ---p 00000000 00:00 0 
7f1ecc000000-7f1ecd12d000 rw-p 00000000 00:00 0 
7f1ecd12d000-7f1ed0000000 ---p 00000000 00:00 0 
7f1ed0000000-7f1ed0021000 rw-p 00000000 00:00 0 
7f1ed0021000-7f1ed4000000 ---p 00000000 00:00 0 
7f1ed4000000-7f1ed4021000 rw-p 00000000 00:00 0 
7f1ed4021000-7f1ed8000000 ---p 00000000 00:00 0 
7f1ed8000000-7f1ed862c000 rw-p 00000000 00:00 0 
7f1ed862c000-7f1edc000000 ---p 00000000 00:00 0 
7f1edc000000-7f1edc021000 rw-p 00000000 00:00 0 
7f1edc021000-7f1ee0000000 ---p 00000000 00:00 0 
7f1ee0000000-7f1ee0021000 rw-p 00000000 00:00 0 
7f1ee0021000-7f1ee4000000 ---p 00000000 00:00 0 
7f1ee4000000-7f1ee510d000 rw-p 00000000 00:00 0 
7f1ee510d000-7f1ee8000000 ---p 00000000 00:00 0 
7f1ee8000000-7f1ee8021000 rw-p 00000000 00:00 0 
7f1ee8021000-7f1eec000000 ---p 00000000 00:00 0 
7f1eec000000-7f1eec021000 rw-p 00000000 00:00 0 
7f1eec021000-7f1ef0000000 ---p 00000000 00:00 0 
7f1ef0000000-7f1ef0021000 rw-p 00000000 00:00 0 
7f1ef0021000-7f1ef4000000 ---p 00000000 00:00 0 
7f1ef4000000-7f1ef4021000 rw-p 00000000 00:00 0 
7f1ef4021000-7f1ef8000000 ---p 00000000 00:00 0 
7f1ef8000000-7f1ef8021000 rw-p 00000000 00:00 0 
7f1ef8021000-7f1efc000000 ---p 00000000 00:00 0 
7f1efc0ff000-7f1efc103000 ---p 00000000 00:00 0 
7f1efc103000-7f1efc1ff000 rw-p 00000000 00:00 0 
7f1efc1ff000-7f1efc203000 ---p 00000000 00:00 0 
7f1efc203000-7f1efc2ff000 rw-p 00000000 00:00 0 
7f1efc2ff000-7f1efc303000 ---p 00000000 00:00 0 
7f1efc303000-7f1efc3ff000 rw-p 00000000 00:00 0 
7f1efc3ff000-7f1efc403000 ---p 00000000 00:00 0 
7f1efc403000-7f1efc4ff000 rw-p 00000000 00:00 0 
7f1efc4ff000-7f1efc503000 ---p 00000000 00:00 0 
7f1efc503000-7f1efc5ff000 rw-p 00000000 00:00 0 
7f1efc5ff000-7f1efc603000 ---p 00000000 00:00 0 
7f1efc603000-7f1efc6ff000 rw-p 00000000 00:00 0 
7f1efc6ff000-7f1efc703000 ---p 00000000 00:00 0 
7f1efc703000-7f1efc7ff000 rw-p 00000000 00:00 0 
7f1efc7ff000-7f1efc803000 ---p 00000000 00:00 0 
7f1efc803000-7f1efc8ff000 rw-p 00000000 00:00 0 
7f1efc8ff000-7f1efc903000 ---p 00000000 00:00 0 
7f1efc903000-7f1efc9ff000 rw-p 00000000 00:00 0 
7f1efc9ff000-7f1efca03000 ---p 00000000 00:00 0 
7f1efca03000-7f1efcaff000 rw-p 00000000 00:00 0 
7f1efcaff000-7f1efcb00000 ---p 00000000 00:00 0 
7f1efcb00000-7f1efcc00000 rw-p 00000000 00:00 0 
7f1efcc00000-7f1efcc9c000 r--p 00000000 103:04 1968521                   /usr/lib/x86_64-linux-gnu/libstdc++.so.6.0.32
7f1efcc9c000-7f1efcdcd000 r-xp 0009c000 103:04 1968521                   /usr/lib/x86_64-linux-gnu/libstdc++.so.6.0.32
7f1efcdcd000-7f1efce5a000 r--p 001cd000 103:04 1968521                   /usr/lib/x86_64-linux-gnu/libstdc++.so.6.0.32
7f1efce5a000-7f1efce65000 r--p 0025a000 103:04 1968521                   /usr/lib/x86_64-linux-gnu/libstdc++.so.6.0.32
7f1efce65000-7f1efce68000 rw-p 00265000 103:04 1968521                   /usr/lib/x86_64-linux-gnu/libstdc++.so.6.0.32
7f1efce68000-7f1efce6c000 rw-p 00000000 00:00 0 
7f1efceff000-7f1efcf00000 ---p 00000000 00:00 0 
7f1efcf00000-7f1efd000000 rw-p 00000000 00:00 0 
7f1efd000000-7f1efd053000 r-xp 00000000 103:04 2789371                   /home/rodion/.gradle/native/38dada09dfb8b06ba9b0570ebf7e218e3eb74d4ef43ca46872605cf95ebc2f47/linux-amd64/libnative-platform-file-events.so
7f1efd053000-7f1efd252000 ---p 00053000 103:04 2789371                   /home/rodion/.gradle/native/38dada09dfb8b06ba9b0570ebf7e218e3eb74d4ef43ca46872605cf95ebc2f47/linux-amd64/libnative-platform-file-events.so
7f1efd252000-7f1efd253000 r--p 00052000 103:04 2789371                   /home/rodion/.gradle/native/38dada09dfb8b06ba9b0570ebf7e218e3eb74d4ef43ca46872605cf95ebc2f47/linux-amd64/libnative-platform-file-events.so
7f1efd253000-7f1efd255000 rw-p 00053000 103:04 2789371                   /home/rodion/.gradle/native/38dada09dfb8b06ba9b0570ebf7e218e3eb74d4ef43ca46872605cf95ebc2f47/linux-amd64/libnative-platform-file-events.so
7f1efd2ff000-7f1efd300000 ---p 00000000 00:00 0 
7f1efd300000-7f1efd400000 rw-p 00000000 00:00 0 
7f1efd400000-7f1efd405000 r-xp 00000000 103:04 2787315                   /home/rodion/.gradle/native/c067742578af261105cb4f569cf0c3c89f3d7b1fecec35dd04571415982c5e48/linux-amd64/libnative-platform.so
7f1efd405000-7f1efd605000 ---p 00005000 103:04 2787315                   /home/rodion/.gradle/native/c067742578af261105cb4f569cf0c3c89f3d7b1fecec35dd04571415982c5e48/linux-amd64/libnative-platform.so
7f1efd605000-7f1efd606000 r--p 00005000 103:04 2787315                   /home/rodion/.gradle/native/c067742578af261105cb4f569cf0c3c89f3d7b1fecec35dd04571415982c5e48/linux-amd64/libnative-platform.so
7f1efd606000-7f1efd607000 rw-p 00006000 103:04 2787315                   /home/rodion/.gradle/native/c067742578af261105cb4f569cf0c3c89f3d7b1fecec35dd04571415982c5e48/linux-amd64/libnative-platform.so
7f1efd6ff000-7f1efd703000 ---p 00000000 00:00 0 
7f1efd703000-7f1efd7ff000 rw-p 00000000 00:00 0 
7f1efd7ff000-7f1efd803000 ---p 00000000 00:00 0 
7f1efd803000-7f1efd8ff000 rw-p 00000000 00:00 0 
7f1efd8ff000-7f1efd900000 ---p 00000000 00:00 0 
7f1efd900000-7f1efda00000 rw-p 00000000 00:00 0 
7f1efda00000-7f1efda04000 ---p 00000000 00:00 0 
7f1efda04000-7f1efdb00000 rw-p 00000000 00:00 0 
7f1efdb00000-7f1efdb04000 ---p 00000000 00:00 0 
7f1efdb04000-7f1efdc00000 rw-p 00000000 00:00 0 
7f1efdc00000-7f1efdc04000 ---p 00000000 00:00 0 
7f1efdc04000-7f1efdd00000 rw-p 00000000 00:00 0 
7f1efdd00000-7f1efdd04000 ---p 00000000 00:00 0 
7f1efdd04000-7f1efde00000 rw-p 00000000 00:00 0 
7f1efde00000-7f1efde04000 ---p 00000000 00:00 0 
7f1efde04000-7f1efdf00000 rw-p 00000000 00:00 0 
7f1efdf00000-7f1efdf04000 ---p 00000000 00:00 0 
7f1efdf04000-7f1efe000000 rw-p 00000000 00:00 0 
7f1efe000000-7f1efe004000 ---p 00000000 00:00 0 
7f1efe004000-7f1efe100000 rw-p 00000000 00:00 0 
7f1efe100000-7f1efe104000 ---p 00000000 00:00 0 
7f1efe104000-7f1efe200000 rw-p 00000000 00:00 0 
7f1efe200000-7f1efe775000 r--p 00000000 103:04 1995264                   /usr/lib/locale/locale-archive
7f1efe7fa000-7f1efe7fe000 ---p 00000000 00:00 0 
7f1efe7fe000-7f1efe8fa000 rw-p 00000000 00:00 0 
7f1efe8fa000-7f1efe8fe000 ---p 00000000 00:00 0 
7f1efe8fe000-7f1efe9fa000 rw-p 00000000 00:00 0 
7f1efe9fa000-7f1efe9fb000 ---p 00000000 00:00 0 
7f1efe9fb000-7f1eff4f0000 rw-p 00000000 00:00 0 
7f1eff4f0000-7f1eff530000 rw-p 00000000 00:00 0 
7f1eff530000-7f1eff570000 rw-p 00000000 00:00 0 
7f1eff570000-7f1eff6f0000 rw-p 00000000 00:00 0 
7f1eff6f0000-7f1eff770000 rw-p 00000000 00:00 0 
7f1eff770000-7f1eff7f0000 rw-p 00000000 00:00 0 
7f1eff7f0000-7f1eff8f0000 rw-p 00000000 00:00 0 
7f1eff8f0000-7f1eff9f0000 rw-p 00000000 00:00 0 
7f1eff9f0000-7f1effaf0000 rw-p 00000000 00:00 0 
7f1effaf0000-7f1effbf0000 rw-p 00000000 00:00 0 
7f1effbf0000-7f1effcf0000 rw-p 00000000 00:00 0 
7f1effcf0000-7f1effef0000 rw-p 00000000 00:00 0 
7f1effef0000-7f1efff70000 rw-p 00000000 00:00 0 
7f1efff70000-7f1f000f0000 rw-p 00000000 00:00 0 
7f1f000f0000-7f1f001e0000 rw-p 00000000 00:00 0 
7f1f001e0000-7f1f00200000 ---p 00000000 00:00 0 
7f1f00200000-7f1f00790000 rw-p 00000000 00:00 0 
7f1f00790000-7f1f03000000 ---p 00000000 00:00 0 
7f1f03000000-7f1f0c021000 rw-p 00000000 00:00 0 
7f1f0c021000-7f1f10000000 ---p 00000000 00:00 0 
7f1f100e7000-7f1f11a00000 rw-p 00000000 00:00 0 
7f1f11a00000-7f1f11e20000 rwxp 00000000 00:00 0 
7f1f11e20000-7f1f18f37000 ---p 00000000 00:00 0 
7f1f18f37000-7f1f191a7000 rwxp 00000000 00:00 0 
7f1f191a7000-7f1f194c9000 ---p 00000000 00:00 0 
7f1f194c9000-7f1f19739000 rwxp 00000000 00:00 0 
7f1f19739000-7f1f20a00000 ---p 00000000 00:00 0 
7f1f20a00000-7f1f23ee6000 r--s 00000000 103:04 3162885                   /home/rodion/.local/share/JetBrains/Toolbox/apps/android-studio-2/jbr/lib/modules
7f1f23eff000-7f1f2560d000 rw-p 00000000 00:00 0 
7f1f2560d000-7f1f28000000 ---p 00000000 00:00 0 
7f1f28068000-7f1f2806b000 r--p 00000000 103:04 1968519                   /usr/lib/x86_64-linux-gnu/libgcc_s.so.1
7f1f2806b000-7f1f28086000 r-xp 00003000 103:04 1968519                   /usr/lib/x86_64-linux-gnu/libgcc_s.so.1
7f1f28086000-7f1f2808a000 r--p 0001e000 103:04 1968519                   /usr/lib/x86_64-linux-gnu/libgcc_s.so.1
7f1f2808a000-7f1f2808b000 r--p 00021000 103:04 1968519                   /usr/lib/x86_64-linux-gnu/libgcc_s.so.1
7f1f2808b000-7f1f2808c000 rw-p 00022000 103:04 1968519                   /usr/lib/x86_64-linux-gnu/libgcc_s.so.1
7f1f2808c000-7f1f28093000 r--s 00000000 103:04 1968884                   /usr/lib/x86_64-linux-gnu/gconv/gconv-modules.cache
7f1f28093000-7f1f28096000 r--p 00000000 103:04 3162931                   /home/rodion/.local/share/JetBrains/Toolbox/apps/android-studio-2/jbr/lib/libmanagement_ext.so
7f1f28096000-7f1f28099000 r-xp 00002000 103:04 3162931                   /home/rodion/.local/share/JetBrains/Toolbox/apps/android-studio-2/jbr/lib/libmanagement_ext.so
7f1f28099000-7f1f2809a000 r--p 00004000 103:04 3162931                   /home/rodion/.local/share/JetBrains/Toolbox/apps/android-studio-2/jbr/lib/libmanagement_ext.so
7f1f2809a000-7f1f2809b000 rw-p 00004000 103:04 3162931                   /home/rodion/.local/share/JetBrains/Toolbox/apps/android-studio-2/jbr/lib/libmanagement_ext.so
7f1f2809b000-7f1f2809e000 r--p 00000000 103:04 3162924                   /home/rodion/.local/share/JetBrains/Toolbox/apps/android-studio-2/jbr/lib/libmanagement.so
7f1f2809e000-7f1f280a0000 r-xp 00002000 103:04 3162924                   /home/rodion/.local/share/JetBrains/Toolbox/apps/android-studio-2/jbr/lib/libmanagement.so
7f1f280a0000-7f1f280a1000 r--p 00003000 103:04 3162924                   /home/rodion/.local/share/JetBrains/Toolbox/apps/android-studio-2/jbr/lib/libmanagement.so
7f1f280a1000-7f1f280a2000 rw-p 00003000 103:04 3162924                   /home/rodion/.local/share/JetBrains/Toolbox/apps/android-studio-2/jbr/lib/libmanagement.so
7f1f280a2000-7f1f280a9000 r--p 00000000 103:04 3162897                   /home/rodion/.local/share/JetBrains/Toolbox/apps/android-studio-2/jbr/lib/libnet.so
7f1f280a9000-7f1f280b6000 r-xp 00006000 103:04 3162897                   /home/rodion/.local/share/JetBrains/Toolbox/apps/android-studio-2/jbr/lib/libnet.so
7f1f280b6000-7f1f280b7000 r--p 00012000 103:04 3162897                   /home/rodion/.local/share/JetBrains/Toolbox/apps/android-studio-2/jbr/lib/libnet.so
7f1f280b7000-7f1f280b9000 rw-p 00012000 103:04 3162897                   /home/rodion/.local/share/JetBrains/Toolbox/apps/android-studio-2/jbr/lib/libnet.so
7f1f280b9000-7f1f280c4000 r--p 00000000 103:04 3162917                   /home/rodion/.local/share/JetBrains/Toolbox/apps/android-studio-2/jbr/lib/libnio.so
7f1f280c4000-7f1f280cc000 r-xp 0000a000 103:04 3162917                   /home/rodion/.local/share/JetBrains/Toolbox/apps/android-studio-2/jbr/lib/libnio.so
7f1f280cc000-7f1f280cd000 r--p 00011000 103:04 3162917                   /home/rodion/.local/share/JetBrains/Toolbox/apps/android-studio-2/jbr/lib/libnio.so
7f1f280cd000-7f1f280ce000 rw-p 00011000 103:04 3162917                   /home/rodion/.local/share/JetBrains/Toolbox/apps/android-studio-2/jbr/lib/libnio.so
7f1f280ce000-7f1f282d0000 rw-p 00000000 00:00 0 
7f1f282d0000-7f1f282d9000 r--p 00000000 103:04 3162891                   /home/rodion/.local/share/JetBrains/Toolbox/apps/android-studio-2/jbr/lib/libzip.so
7f1f282d9000-7f1f282ee000 r-xp 00008000 103:04 3162891                   /home/rodion/.local/share/JetBrains/Toolbox/apps/android-studio-2/jbr/lib/libzip.so
7f1f282ee000-7f1f282f0000 r--p 0001c000 103:04 3162891                   /home/rodion/.local/share/JetBrains/Toolbox/apps/android-studio-2/jbr/lib/libzip.so
7f1f282f0000-7f1f282f1000 rw-p 0001d000 103:04 3162891                   /home/rodion/.local/share/JetBrains/Toolbox/apps/android-studio-2/jbr/lib/libzip.so
7f1f2840b000-7f1f28e70000 rw-p 00000000 00:00 0 
7f1f28e70000-7f1f29428000 ---p 00000000 00:00 0 
7f1f29428000-7f1f29429000 ---p 00000000 00:00 0 
7f1f29429000-7f1f29571000 rw-p 00000000 00:00 0 
7f1f29571000-7f1f29b29000 ---p 00000000 00:00 0 
7f1f29b29000-7f1f29b68000 rw-p 00000000 00:00 0 
7f1f29b68000-7f1f29e29000 ---p 00000000 00:00 0 
7f1f29e29000-7f1f29e2f000 rw-p 00000000 00:00 0 
7f1f29e2f000-7f1f29f15000 ---p 00000000 00:00 0 
7f1f29f15000-7f1f29f1e000 rw-p 00000000 00:00 0 
7f1f29f1e000-7f1f2a000000 ---p 00000000 00:00 0 
7f1f2a000000-7f1f2a537000 r--p 00000000 103:04 3162900                   /home/rodion/.local/share/JetBrains/Toolbox/apps/android-studio-2/jbr/lib/server/libjvm.so
7f1f2a537000-7f1f2b10f000 r-xp 00536000 103:04 3162900                   /home/rodion/.local/share/JetBrains/Toolbox/apps/android-studio-2/jbr/lib/server/libjvm.so
7f1f2b10f000-7f1f2b1d1000 r--p 0110d000 103:04 3162900                   /home/rodion/.local/share/JetBrains/Toolbox/apps/android-studio-2/jbr/lib/server/libjvm.so
7f1f2b1d1000-7f1f2b1fa000 rw-p 011ce000 103:04 3162900                   /home/rodion/.local/share/JetBrains/Toolbox/apps/android-studio-2/jbr/lib/server/libjvm.so
7f1f2b1fa000-7f1f2b26e000 rw-p 00000000 00:00 0 
7f1f2b26e000-7f1f2b274000 r--p 00000000 103:04 3162922                   /home/rodion/.local/share/JetBrains/Toolbox/apps/android-studio-2/jbr/lib/libverify.so
7f1f2b274000-7f1f2b27c000 r-xp 00005000 103:04 3162922                   /home/rodion/.local/share/JetBrains/Toolbox/apps/android-studio-2/jbr/lib/libverify.so
7f1f2b27c000-7f1f2b27e000 r--p 0000c000 103:04 3162922                   /home/rodion/.local/share/JetBrains/Toolbox/apps/android-studio-2/jbr/lib/libverify.so
7f1f2b27e000-7f1f2b27f000 rw-p 0000d000 103:04 3162922                   /home/rodion/.local/share/JetBrains/Toolbox/apps/android-studio-2/jbr/lib/libverify.so
7f1f2b27f000-7f1f2b2d9000 rw-p 00000000 00:00 0 
7f1f2b2d9000-7f1f2b2eb000 r--p 00000000 103:04 3162925                   /home/rodion/.local/share/JetBrains/Toolbox/apps/android-studio-2/jbr/lib/libjava.so
7f1f2b2eb000-7f1f2b2fd000 r-xp 00011000 103:04 3162925                   /home/rodion/.local/share/JetBrains/Toolbox/apps/android-studio-2/jbr/lib/libjava.so
7f1f2b2fd000-7f1f2b2fe000 r--p 00022000 103:04 3162925                   /home/rodion/.local/share/JetBrains/Toolbox/apps/android-studio-2/jbr/lib/libjava.so
7f1f2b2fe000-7f1f2b300000 rw-p 00022000 103:04 3162925                   /home/rodion/.local/share/JetBrains/Toolbox/apps/android-studio-2/jbr/lib/libjava.so
7f1f2b300000-7f1f2b304000 ---p 00000000 00:00 0 
7f1f2b304000-7f1f2b400000 rw-p 00000000 00:00 0 
7f1f2b400000-7f1f2b422000 r--p 00000000 103:04 1968528                   /usr/lib/x86_64-linux-gnu/libc.so.6
7f1f2b422000-7f1f2b59a000 r-xp 00022000 103:04 1968528                   /usr/lib/x86_64-linux-gnu/libc.so.6
7f1f2b59a000-7f1f2b5f2000 r--p 0019a000 103:04 1968528                   /usr/lib/x86_64-linux-gnu/libc.so.6
7f1f2b5f2000-7f1f2b5f6000 r--p 001f1000 103:04 1968528                   /usr/lib/x86_64-linux-gnu/libc.so.6
7f1f2b5f6000-7f1f2b5f8000 rw-p 001f5000 103:04 1968528                   /usr/lib/x86_64-linux-gnu/libc.so.6
7f1f2b5f8000-7f1f2b605000 rw-p 00000000 00:00 0 
7f1f2b607000-7f1f2b60c000 rw-p 00000000 00:00 0 
7f1f2b60c000-7f1f2b613000 ---p 00000000 00:00 0 
7f1f2b613000-7f1f2b61b000 rw-s 00000000 103:04 1442055                   /tmp/hsperfdata_rodion/16762
7f1f2b61b000-7f1f2b626000 r--p 00000000 103:04 3162933                   /home/rodion/.local/share/JetBrains/Toolbox/apps/android-studio-2/jbr/lib/libjimage.so
7f1f2b626000-7f1f2b63b000 r-xp 0000a000 103:04 3162933                   /home/rodion/.local/share/JetBrains/Toolbox/apps/android-studio-2/jbr/lib/libjimage.so
7f1f2b63b000-7f1f2b63d000 r--p 0001e000 103:04 3162933                   /home/rodion/.local/share/JetBrains/Toolbox/apps/android-studio-2/jbr/lib/libjimage.so
7f1f2b63d000-7f1f2b63e000 rw-p 0001f000 103:04 3162933                   /home/rodion/.local/share/JetBrains/Toolbox/apps/android-studio-2/jbr/lib/libjimage.so
7f1f2b63e000-7f1f2b63f000 r--p 00000000 103:04 1968582                   /usr/lib/x86_64-linux-gnu/librt.so.1
7f1f2b63f000-7f1f2b640000 r-xp 00001000 103:04 1968582                   /usr/lib/x86_64-linux-gnu/librt.so.1
7f1f2b640000-7f1f2b641000 r--p 00002000 103:04 1968582                   /usr/lib/x86_64-linux-gnu/librt.so.1
7f1f2b641000-7f1f2b642000 r--p 00002000 103:04 1968582                   /usr/lib/x86_64-linux-gnu/librt.so.1
7f1f2b642000-7f1f2b643000 rw-p 00003000 103:04 1968582                   /usr/lib/x86_64-linux-gnu/librt.so.1
7f1f2b643000-7f1f2b651000 r--p 00000000 103:04 1968538                   /usr/lib/x86_64-linux-gnu/libm.so.6
7f1f2b651000-7f1f2b6cf000 r-xp 0000e000 103:04 1968538                   /usr/lib/x86_64-linux-gnu/libm.so.6
7f1f2b6cf000-7f1f2b72a000 r--p 0008c000 103:04 1968538                   /usr/lib/x86_64-linux-gnu/libm.so.6
7f1f2b72a000-7f1f2b72b000 r--p 000e6000 103:04 1968538                   /usr/lib/x86_64-linux-gnu/libm.so.6
7f1f2b72b000-7f1f2b72c000 rw-p 000e7000 103:04 1968538                   /usr/lib/x86_64-linux-gnu/libm.so.6
7f1f2b72c000-7f1f2b72e000 rw-p 00000000 00:00 0 
7f1f2b72e000-7f1f2b72f000 r--p 00000000 103:04 1968531                   /usr/lib/x86_64-linux-gnu/libdl.so.2
7f1f2b72f000-7f1f2b730000 r-xp 00001000 103:04 1968531                   /usr/lib/x86_64-linux-gnu/libdl.so.2
7f1f2b730000-7f1f2b731000 r--p 00002000 103:04 1968531                   /usr/lib/x86_64-linux-gnu/libdl.so.2
7f1f2b731000-7f1f2b732000 r--p 00002000 103:04 1968531                   /usr/lib/x86_64-linux-gnu/libdl.so.2
7f1f2b732000-7f1f2b733000 rw-p 00003000 103:04 1968531                   /usr/lib/x86_64-linux-gnu/libdl.so.2
7f1f2b733000-7f1f2b734000 r--p 00000000 103:04 1968576                   /usr/lib/x86_64-linux-gnu/libpthread.so.0
7f1f2b734000-7f1f2b735000 r-xp 00001000 103:04 1968576                   /usr/lib/x86_64-linux-gnu/libpthread.so.0
7f1f2b735000-7f1f2b736000 r--p 00002000 103:04 1968576                   /usr/lib/x86_64-linux-gnu/libpthread.so.0
7f1f2b736000-7f1f2b737000 r--p 00002000 103:04 1968576                   /usr/lib/x86_64-linux-gnu/libpthread.so.0
7f1f2b737000-7f1f2b738000 rw-p 00003000 103:04 1968576                   /usr/lib/x86_64-linux-gnu/libpthread.so.0
7f1f2b739000-7f1f2b73a000 r--p 00000000 103:04 3162905                   /home/rodion/.local/share/JetBrains/Toolbox/apps/android-studio-2/jbr/lib/libextnet.so
7f1f2b73a000-7f1f2b73c000 r-xp 00000000 103:04 3162905                   /home/rodion/.local/share/JetBrains/Toolbox/apps/android-studio-2/jbr/lib/libextnet.so
7f1f2b73c000-7f1f2b73d000 r--p 00001000 103:04 3162905                   /home/rodion/.local/share/JetBrains/Toolbox/apps/android-studio-2/jbr/lib/libextnet.so
7f1f2b73d000-7f1f2b73e000 rw-p 00001000 103:04 3162905                   /home/rodion/.local/share/JetBrains/Toolbox/apps/android-studio-2/jbr/lib/libextnet.so
7f1f2b73e000-7f1f2b742000 r--p 00000000 103:04 3162937                   /home/rodion/.local/share/JetBrains/Toolbox/apps/android-studio-2/jbr/lib/libinstrument.so
7f1f2b742000-7f1f2b749000 r-xp 00003000 103:04 3162937                   /home/rodion/.local/share/JetBrains/Toolbox/apps/android-studio-2/jbr/lib/libinstrument.so
7f1f2b749000-7f1f2b74a000 r--p 00009000 103:04 3162937                   /home/rodion/.local/share/JetBrains/Toolbox/apps/android-studio-2/jbr/lib/libinstrument.so
7f1f2b74a000-7f1f2b74b000 rw-p 00009000 103:04 3162937                   /home/rodion/.local/share/JetBrains/Toolbox/apps/android-studio-2/jbr/lib/libinstrument.so
7f1f2b74b000-7f1f2b74c000 ---p 00000000 00:00 0 
7f1f2b74c000-7f1f2b74d000 r--p 00000000 00:00 0 
7f1f2b74d000-7f1f2b74e000 ---p 00000000 00:00 0 
7f1f2b74e000-7f1f2b757000 r--p 00000000 103:04 3162906                   /home/rodion/.local/share/JetBrains/Toolbox/apps/android-studio-2/jbr/lib/libjli.so
7f1f2b757000-7f1f2b766000 r-xp 00008000 103:04 3162906                   /home/rodion/.local/share/JetBrains/Toolbox/apps/android-studio-2/jbr/lib/libjli.so
7f1f2b766000-7f1f2b767000 r--p 00016000 103:04 3162906                   /home/rodion/.local/share/JetBrains/Toolbox/apps/android-studio-2/jbr/lib/libjli.so
7f1f2b767000-7f1f2b768000 rw-p 00016000 103:04 3162906                   /home/rodion/.local/share/JetBrains/Toolbox/apps/android-studio-2/jbr/lib/libjli.so
7f1f2b768000-7f1f2b76a000 rw-p 00000000 00:00 0 
7f1f2b76a000-7f1f2b76b000 r--p 00000000 103:04 1968525                   /usr/lib/x86_64-linux-gnu/ld-linux-x86-64.so.2
7f1f2b76b000-7f1f2b793000 r-xp 00001000 103:04 1968525                   /usr/lib/x86_64-linux-gnu/ld-linux-x86-64.so.2
7f1f2b793000-7f1f2b79d000 r--p 00029000 103:04 1968525                   /usr/lib/x86_64-linux-gnu/ld-linux-x86-64.so.2
7f1f2b79d000-7f1f2b79f000 r--p 00033000 103:04 1968525                   /usr/lib/x86_64-linux-gnu/ld-linux-x86-64.so.2
7f1f2b79f000-7f1f2b7a1000 rw-p 00035000 103:04 1968525                   /usr/lib/x86_64-linux-gnu/ld-linux-x86-64.so.2
7ffd02df1000-7ffd02e12000 rw-p 00000000 00:00 0                          [stack]
7ffd02f11000-7ffd02f15000 r--p 00000000 00:00 0                          [vvar]
7ffd02f15000-7ffd02f17000 r-xp 00000000 00:00 0                          [vdso]
ffffffffff600000-ffffffffff601000 --xp 00000000 00:00 0                  [vsyscall]


VM Arguments:
jvm_args: -XX:+HeapDumpOnOutOfMemoryError -XX:+UseParallelGC -XX:MaxMetaspaceSize=1g --add-opens=java.base/java.util=ALL-UNNAMED --add-opens=java.base/java.lang=ALL-UNNAMED --add-opens=java.base/java.lang.invoke=ALL-UNNAMED --add-opens=java.prefs/java.util.prefs=ALL-UNNAMED --add-opens=java.base/java.nio.charset=ALL-UNNAMED --add-opens=java.base/java.net=ALL-UNNAMED --add-opens=java.base/java.util.concurrent.atomic=ALL-UNNAMED -Xmx4608m -Dfile.encoding=UTF-8 -Duser.country=UA -Duser.language=ru -Duser.variant -javaagent:/home/rodion/.gradle/wrapper/dists/gradle-8.4-bin/1w5dpkrfk8irigvoxmyhowfim/gradle-8.4/lib/agents/gradle-instrumentation-agent-8.4.jar 
java_command: org.gradle.launcher.daemon.bootstrap.GradleDaemon 8.4
java_class_path (initial): /home/rodion/.gradle/wrapper/dists/gradle-8.4-bin/1w5dpkrfk8irigvoxmyhowfim/gradle-8.4/lib/gradle-launcher-8.4.jar
Launcher Type: SUN_STANDARD

[Global flags]
     intx CICompilerCount                          = 4                                         {product} {ergonomic}
   size_t CompressedClassSpaceSize                 = 872415232                                 {product} {ergonomic}
     bool HeapDumpOnOutOfMemoryError               = true                                   {manageable} {command line}
   size_t InitialHeapSize                          = 226492416                                 {product} {ergonomic}
   size_t MaxHeapSize                              = 4831838208                                {product} {command line}
   size_t MaxMetaspaceSize                         = 1073741824                                {product} {command line}
   size_t MaxNewSize                               = 1610612736                                {product} {ergonomic}
   size_t MinHeapDeltaBytes                        = 524288                                    {product} {ergonomic}
   size_t MinHeapSize                              = 8388608                                   {product} {ergonomic}
   size_t NewSize                                  = 75497472                                  {product} {ergonomic}
    uintx NonNMethodCodeHeapSize                   = 5839372                                {pd product} {ergonomic}
    uintx NonProfiledCodeHeapSize                  = 122909434                              {pd product} {ergonomic}
   size_t OldSize                                  = 150994944                                 {product} {ergonomic}
    uintx ProfiledCodeHeapSize                     = 122909434                              {pd product} {ergonomic}
    uintx ReservedCodeCacheSize                    = 251658240                              {pd product} {ergonomic}
     bool SegmentedCodeCache                       = true                                      {product} {ergonomic}
   size_t SoftMaxHeapSize                          = 4831838208                             {manageable} {ergonomic}
     bool UseCompressedClassPointers               = true                           {product lp64_product} {ergonomic}
     bool UseCompressedOops                        = true                           {product lp64_product} {ergonomic}
     bool UseParallelGC                            = true                                      {product} {command line}

Logging:
Log output configuration:
 #0: stdout all=warning uptime,level,tags
 #1: stderr all=off uptime,level,tags

Environment Variables:
JAVA_HOME=/usr/lib/jvm/java-17-openjdk-amd64/bin/java
PATH=/usr/local/sbin:/usr/local/bin:/usr/sbin:/usr/bin:/sbin:/bin:/usr/games:/usr/local/games:/snap/bin:/home/rodion/.local/share/JetBrains/Toolbox/scripts
SHELL=/bin/bash
DISPLAY=:0
LANG=ru_UA.UTF-8

Active Locale:
LC_ALL=ru_UA.UTF-8
LC_COLLATE=ru_UA.UTF-8
LC_CTYPE=ru_UA.UTF-8
LC_MESSAGES=ru_UA.UTF-8
LC_MONETARY=ru_UA.UTF-8
LC_NUMERIC=ru_UA.UTF-8
LC_TIME=ru_UA.UTF-8

Signal Handlers:
   SIGSEGV: crash_handler in libjvm.so, mask=11100100010111111101111111111110, flags=SA_RESTART|SA_SIGINFO, unblocked
    SIGBUS: crash_handler in libjvm.so, mask=11100100010111111101111111111110, flags=SA_RESTART|SA_SIGINFO, unblocked
    SIGFPE: crash_handler in libjvm.so, mask=11100100010111111101111111111110, flags=SA_RESTART|SA_SIGINFO, unblocked
   SIGPIPE: javaSignalHandler in libjvm.so, mask=11100100010111111101111111111110, flags=SA_RESTART|SA_SIGINFO, blocked
   SIGXFSZ: javaSignalHandler in libjvm.so, mask=11100100010111111101111111111110, flags=SA_RESTART|SA_SIGINFO, blocked
    SIGILL: crash_handler in libjvm.so, mask=11100100010111111101111111111110, flags=SA_RESTART|SA_SIGINFO, unblocked
   SIGUSR2: SR_handler in libjvm.so, mask=00100000000000000000000000000000, flags=SA_RESTART|SA_SIGINFO, blocked
    SIGHUP: UserHandler in libjvm.so, mask=11100100010111111101111111111110, flags=SA_RESTART|SA_SIGINFO, blocked
    SIGINT: UserHandler in libjvm.so, mask=11100100010111111101111111111110, flags=SA_RESTART|SA_SIGINFO, blocked
   SIGTERM: UserHandler in libjvm.so, mask=11100100010111111101111111111110, flags=SA_RESTART|SA_SIGINFO, blocked
   SIGQUIT: UserHandler in libjvm.so, mask=11100100010111111101111111111110, flags=SA_RESTART|SA_SIGINFO, blocked
   SIGTRAP: crash_handler in libjvm.so, mask=11100100010111111101111111111110, flags=SA_RESTART|SA_SIGINFO, unblocked


Periodic native trim disabled

JNI global refs:
JNI global refs: 22, weak refs: 0

JNI global refs memory usage: 867, weak refs: 865

OOME stack traces (most recent first):
Classloader memory used:
Loader bootstrap                                                                       : 1856K
Loader org.gradle.internal.classloader.VisitableURLClassLoader                         : 1356K
Loader org.gradle.initialization.MixInLegacyTypesClassLoader                           : 203K
Loader jdk.internal.loader.ClassLoaders$AppClassLoader                                 : 28177B
Loader jdk.internal.loader.ClassLoaders$PlatformClassLoader                            : 3243B
Loader jdk.internal.reflect.DelegatingClassLoader                                      : 2580B

Classes loaded by more than one classloader:
Class org.gradle.internal.installation.GradleInstallation                             : loaded 2 times (x 74B)
Class org.gradle.internal.classpath.ClassPath                                         : loaded 2 times (x 69B)
Class org.gradle.api.internal.classpath.DefaultModuleRegistry                         : loaded 2 times (x 85B)
Class org.gradle.api.Action                                                           : loaded 2 times (x 69B)
Class org.gradle.api.internal.DefaultClassPathProvider                                : loaded 2 times (x 75B)
Class org.gradle.internal.installation.GradleInstallation$1                           : loaded 2 times (x 74B)
Class org.gradle.internal.classloader.FilteringClassLoader                            : loaded 2 times (x 104B)
Class org.gradle.internal.classpath.DefaultClassPath$ImmutableUniqueList$Builder      : loaded 2 times (x 74B)
Class org.gradle.internal.classloader.ClassLoaderVisitor                              : loaded 2 times (x 75B)
Class org.gradle.internal.service.DefaultServiceLocator                               : loaded 2 times (x 82B)
Class org.gradle.internal.service.UnknownServiceException                             : loaded 2 times (x 82B)
Class org.gradle.internal.classloader.DefaultClassLoaderFactory                       : loaded 2 times (x 81B)
Class org.gradle.internal.classloader.VisitableURLClassLoader$Spec                    : loaded 2 times (x 73B)
Class org.gradle.api.GradleException                                                  : loaded 2 times (x 81B)
Class org.gradle.api.internal.classpath.ModuleRegistry                                : loaded 2 times (x 69B)
Class org.gradle.api.internal.ClassPathProvider                                       : loaded 2 times (x 69B)
Class org.gradle.internal.classloader.ClasspathUtil$1                                 : loaded 2 times (x 75B)
Class org.gradle.internal.classloader.ClassLoaderFactory                              : loaded 2 times (x 69B)
Class org.gradle.api.internal.classpath.ManifestUtil                                  : loaded 2 times (x 70B)
Class org.gradle.api.specs.Spec                                                       : loaded 2 times (x 69B)
Class org.gradle.internal.IoActions                                                   : loaded 2 times (x 70B)
Class org.gradle.api.internal.classpath.EffectiveClassPath                            : loaded 2 times (x 89B)
Class org.gradle.internal.installation.CurrentGradleInstallation                      : loaded 2 times (x 72B)
Class org.gradle.internal.agents.InstrumentingClassLoader                             : loaded 2 times (x 69B)
Class org.gradle.internal.installation.CurrentGradleInstallationLocator               : loaded 2 times (x 70B)
Class org.gradle.api.internal.classpath.Module                                        : loaded 2 times (x 69B)
Class org.gradle.internal.service.CachingServiceLocator                               : loaded 2 times (x 81B)
Class org.gradle.internal.classpath.DefaultClassPath                                  : loaded 2 times (x 89B)
Class org.gradle.internal.classloader.SystemClassLoaderSpec                           : loaded 2 times (x 70B)
Class org.gradle.api.UncheckedIOException                                             : loaded 2 times (x 81B)
Class org.gradle.internal.classloader.ClasspathUtil                                   : loaded 2 times (x 70B)
Class org.gradle.api.internal.DefaultClassPathRegistry                                : loaded 2 times (x 75B)
Class org.gradle.api.internal.classpath.DefaultModuleRegistry$DefaultModule           : loaded 2 times (x 85B)
Class org.gradle.api.internal.classpath.UnknownModuleException                        : loaded 2 times (x 81B)
Class org.gradle.internal.service.ServiceLookupException                              : loaded 2 times (x 81B)
Class org.gradle.cache.GlobalCache                                                    : loaded 2 times (x 69B)
Class [Lorg.gradle.api.internal.ClassPathProvider;                                    : loaded 2 times (x 68B)
Class org.gradle.util.internal.GUtil                                                  : loaded 2 times (x 70B)
Class org.gradle.internal.classloader.ClassLoaderSpec                                 : loaded 2 times (x 70B)
Class org.gradle.internal.classloader.VisitableURLClassLoader                         : loaded 2 times (x 116B)
Class org.gradle.internal.Cast                                                        : loaded 2 times (x 70B)
Class org.gradle.api.internal.ClassPathRegistry                                       : loaded 2 times (x 69B)
Class org.gradle.internal.classloader.VisitableURLClassLoader$InstrumentingVisitableURLClassLoader: loaded 2 times (x 122B)
Class org.gradle.internal.classloader.ClassLoaderHierarchy                            : loaded 2 times (x 69B)
Class org.gradle.internal.InternalTransformer                                         : loaded 2 times (x 69B)
Class org.gradle.internal.service.ServiceLocator                                      : loaded 2 times (x 69B)
Class org.gradle.internal.classpath.DefaultClassPath$ImmutableUniqueList              : loaded 2 times (x 160B)
Class org.gradle.internal.classpath.TransformedClassPath                              : loaded 2 times (x 95B)


---------------  S Y S T E M  ---------------

OS:
DISTRIB_ID=Ubuntu
DISTRIB_RELEASE=23.04
DISTRIB_CODENAME=lunar
DISTRIB_DESCRIPTION="Ubuntu 23.04"
uname: Linux 6.2.0-39-generic #40-Ubuntu SMP PREEMPT_DYNAMIC Tue Nov 14 14:18:00 UTC 2023 x86_64
OS uptime: 0 days 1:39 hours
libc: glibc 2.37 NPTL 2.37 
rlimit (soft/hard): STACK 8192k/infinity , CORE 0k/infinity , NPROC 54776/54776 , NOFILE 1048576/1048576 , AS infinity/infinity , CPU infinity/infinity , DATA infinity/infinity , FSIZE infinity/infinity , MEMLOCK 1768584k/1768584k
load average: 1,41 1,05 0,85

/proc/meminfo:
MemTotal:       14148696 kB
MemFree:         2041064 kB
MemAvailable:    6394972 kB
Buffers:          347464 kB
Cached:          4146184 kB
SwapCached:       328964 kB
Active:          3792624 kB
Inactive:        7383552 kB
Active(anon):    1133652 kB
Inactive(anon):  5602368 kB
Active(file):    2658972 kB
Inactive(file):  1781184 kB
Unevictable:          32 kB
Mlocked:              32 kB
SwapTotal:       5858300 kB
SwapFree:        4129020 kB
Zswap:                 0 kB
Zswapped:              0 kB
Dirty:             47384 kB
Writeback:             0 kB
AnonPages:       6565132 kB
Mapped:           657460 kB
Shmem:             53492 kB
KReclaimable:     241952 kB
Slab:             399296 kB
SReclaimable:     241952 kB
SUnreclaim:       157344 kB
KernelStack:       18608 kB
PageTables:        52232 kB
SecPageTables:         0 kB
NFS_Unstable:          0 kB
Bounce:                0 kB
WritebackTmp:          0 kB
CommitLimit:    12932648 kB
Committed_AS:   16610428 kB
VmallocTotal:   34359738367 kB
VmallocUsed:      134004 kB
VmallocChunk:          0 kB
Percpu:            12608 kB
HardwareCorrupted:     0 kB
AnonHugePages:         0 kB
ShmemHugePages:        0 kB
ShmemPmdMapped:        0 kB
FileHugePages:         0 kB
FilePmdMapped:         0 kB
HugePages_Total:       0
HugePages_Free:        0
HugePages_Rsvd:        0
HugePages_Surp:        0
Hugepagesize:       2048 kB
Hugetlb:               0 kB
DirectMap4k:     1053124 kB
DirectMap2M:    13475840 kB
DirectMap1G:           0 kB

/sys/kernel/mm/transparent_hugepage/enabled: always [madvise] never
/sys/kernel/mm/transparent_hugepage/defrag (defrag/compaction efforts parameter): always defer defer+madvise [madvise] never

Process Memory:
Virtual Size: 8715652K (peak: 8716780K)
Resident Set Size: 254284K (peak: 254284K) (anon: 224204K, file: 30080K, shmem: 0K)
Swapped out: 0K
C-Heap outstanding allocations: 126207K, retained: 12148K
glibc malloc tunables: (default)

/proc/sys/kernel/threads-max (system-wide limit on the number of threads): 109553
/proc/sys/vm/max_map_count (maximum number of memory map areas a process may have): 65530
/proc/sys/kernel/pid_max (system-wide limit on number of process identifiers): 4194304

container (cgroup) information:
container_type: cgroupv2
cpu_cpuset_cpus: not supported
cpu_memory_nodes: not supported
active_processor_count: 12
cpu_quota: not supported
cpu_period: not supported
cpu_shares: not supported
memory_limit_in_bytes: unlimited
memory_and_swap_limit_in_bytes: unlimited
memory_soft_limit_in_bytes: unlimited
memory_usage_in_bytes: 8190340 k
memory_max_usage_in_bytes: not supported
memory_swap_current_in_bytes: 1275876 k
memory_swap_max_limit_in_bytes: unlimited
maximum number of tasks: 16432
current number of tasks: 246

Steal ticks since vm start: 0
Steal ticks percentage since vm start:  0,000

CPU: total 16 (initial active 12) (12 cores per cpu, 2 threads per core) family 25 model 80 stepping 0 microcode 0xa50000c, cx8, cmov, fxsr, ht, mmx, 3dnowpref, sse, sse2, sse3, ssse3, sse4a, sse4.1, sse4.2, popcnt, lzcnt, tsc, tscinvbit, avx, avx2, aes, erms, clmul, bmi1, bmi2, adx, sha, fma, vzeroupper, clflush, clflushopt
CPU Model and flags from /proc/cpuinfo:
model name	: AMD Ryzen 5 5600H with Radeon Graphics
flags		: fpu vme de pse tsc msr pae mce cx8 apic sep mtrr pge mca cmov pat pse36 clflush mmx fxsr sse sse2 ht syscall nx mmxext fxsr_opt pdpe1gb rdtscp lm constant_tsc rep_good nopl nonstop_tsc cpuid extd_apicid aperfmperf rapl pni pclmulqdq monitor ssse3 fma cx16 sse4_1 sse4_2 movbe popcnt aes xsave avx f16c rdrand lahf_lm cmp_legacy svm extapic cr8_legacy abm sse4a misalignsse 3dnowprefetch osvw ibs skinit wdt tce topoext perfctr_core perfctr_nb bpext perfctr_llc mwaitx cpb cat_l3 cdp_l3 hw_pstate ssbd mba ibrs ibpb stibp vmmcall fsgsbase bmi1 avx2 smep bmi2 erms invpcid cqm rdt_a rdseed adx smap clflushopt clwb sha_ni xsaveopt xsavec xgetbv1 xsaves cqm_llc cqm_occup_llc cqm_mbm_total cqm_mbm_local clzero irperf xsaveerptr rdpru wbnoinvd cppc arat npt lbrv svm_lock nrip_save tsc_scale vmcb_clean flushbyasid decodeassists pausefilter pfthreshold avic v_vmsave_vmload vgif v_spec_ctrl umip pku ospke vaes vpclmulqdq rdpid overflow_recov succor smca fsrm

Online cpus: 0-11
Offline cpus: 12-15
BIOS frequency limitation: 3300000
Frequency switch latency (ns): 0
Available cpu frequencies: 3300000 1300000 1200000 
Current governor: schedutil
Core performance/turbo boost: 1

Memory: 4k page, physical 14148696k(2041064k free), swap 5858300k(4129020k free)
Page Sizes: 4k

vm_info: OpenJDK 64-Bit Server VM (17.0.9+0-17.0.9b1087.7-11185874) for linux-amd64 JRE (17.0.9+0-17.0.9b1087.7-11185874), built on Dec  6 2023 18:35:35 by "androidbuild" with clang Android (8508608, based on r450784e) Clang 14.0.7 (https://android.googlesource.com/toolchain/llvm-project 4c603efb0cca074e9238af8b4106c30add4418f6)

END.
