#
# A fatal error has been detected by the Java Runtime Environment:
#
#  SIGSEGV (0xb) at pc=0x00007f2bdd3737a4, pid=16279, tid=16301
#
# JRE version: OpenJDK Runtime Environment (17.0.9) (build 17.0.9+0-17.0.9b1087.7-11185874)
# Java VM: OpenJDK 64-Bit Server VM (17.0.9+0-17.0.9b1087.7-11185874, mixed mode, tiered, compressed oops, compressed class ptrs, g1 gc, linux-amd64)
# Problematic frame:
# V  [libjvm.so+0x9737a4]  G1ParScanThreadState::trim_queue_to_threshold(unsigned int)+0x764
#
# Core dump will be written. Default location: Core dumps may be processed with "/usr/share/apport/apport -p%p -s%s -c%c -d%d -P%P -u%u -g%g -- %E" (or dumping to /var/www/html/YkisPAM/core.16279)
#
# If you would like to submit a bug report, please visit:
#   https://bugreport.java.com/bugreport/crash.jsp
#

---------------  S U M M A R Y ------------

Command Line: org.jetbrains.kotlin.cli.jvm.K2JVMCompiler @/var/www/html/YkisPAM/app/build/20240120_6030246922946917682.compiler.options

Host: AMD Ryzen 5 5600H with Radeon Graphics, 16 cores, 13G, Ubuntu 23.04
Time: Sat Jan 20 23:54:22 2024 EET elapsed time: 0.800509 seconds (0d 0h 0m 0s)

---------------  T H R E A D  ---------------

Current thread (0x00007f2b9c006f70):  GCTaskThread "GC Thread#2" [stack: 0x00007f2baceff000,0x00007f2bacfff000] [id=16301]

Stack: [0x00007f2baceff000,0x00007f2bacfff000],  sp=0x00007f2bacffdbf0,  free space=1018k
Native frames: (J=compiled Java code, j=interpreted, Vv=VM code, C=native code)
V  [libjvm.so+0x9737a4]  G1ParScanThreadState::trim_queue_to_threshold(unsigned int)+0x764
V  [libjvm.so+0x933071]  G1ParEvacuateFollowersClosure::do_void()+0x61
V  [libjvm.so+0x937181]  G1EvacuateRegionsTask::evacuate_live_objects(G1ParScanThreadState*, unsigned int)+0x81
V  [libjvm.so+0x936f92]  G1EvacuateRegionsBaseTask::work(unsigned int)+0x92
V  [libjvm.so+0x10bbbec]  GangWorker::run()+0x5c
V  [libjvm.so+0x100dbff]  Thread::call_run()+0xbf
V  [libjvm.so+0xe12ce9]  thread_native_entry(Thread*)+0x119


siginfo: si_signo: 11 (SIGSEGV), si_code: 1 (SEGV_MAPERR), si_addr: 0x00000006a88b0a48

Registers:
RAX=0x0000000000000003, RBX=0x0000000000000001, RCX=0x00007f2bd807f800, RDX=0x0000000000000000
RSP=0x00007f2bacffdbf0, RBP=0x00007f2bacffdc80, RSI=0x00007f2bd8038e00, RDI=0x0000000000003544
R8 =0x00007f2b64000d70, R9 =0x0000000000000000, R10=0x00007f2b64001120, R11=0x0000000000000246
R12=0x00000007292769d4, R13=0x00000006a88b0a48, R14=0x0000000000000000, R15=0x00000007292769c0
RIP=0x00007f2bdd3737a4, EFLAGS=0x0000000000010217, CSGSFS=0x002b000000000033, ERR=0x0000000000000004
  TRAPNO=0x000000000000000e


Register to memory mapping:

RAX=0x0000000000000003 is an unknown value
RBX=0x0000000000000001 is an unknown value
RCX=0x00007f2bd807f800 points into unknown readable memory: 0x0000000000000000 | 00 00 00 00 00 00 00 00
RDX=0x0 is NULL
RSP=0x00007f2bacffdbf0 points into unknown readable memory: 0x00007f2b64000d88 | 88 0d 00 64 2b 7f 00 00
RBP=0x00007f2bacffdc80 points into unknown readable memory: 0x00007f2bacffdd30 | 30 dd ff ac 2b 7f 00 00
RSI=0x00007f2bd8038e00 points into unknown readable memory: 0x00007f2bddbae020 | 20 e0 ba dd 2b 7f 00 00
RDI=0x0000000000003544 is an unknown value
R8 =0x00007f2b64000d70 points into unknown readable memory: 0x00007f2bddbafe68 | 68 fe ba dd 2b 7f 00 00
R9 =0x0 is NULL
R10=0x00007f2b64001120 points into unknown readable memory: 0x00007f2bd8038e00 | 00 8e 03 d8 2b 7f 00 00
R11=0x0000000000000246 is an unknown value
R12=0x00000007292769d4 is pointing into object: java.lang.String 
{0x00000007292769c0} - klass: 'java/lang/String'

[error occurred during error reporting (printing register info), id 0xb, SIGSEGV (0xb) at pc=0x00007f2bdd42b9e0]

Top of Stack: (sp=0x00007f2bacffdbf0)
0x00007f2bacffdbf0:   00007f2b64000d88 00007f2b64000f68
0x00007f2bacffdc00:   00000000acffdc50 0000000000000001
0x00007f2bacffdc10:   0000000000000000 0000000000000001
0x00007f2bacffdc20:   0000000000000005 00007f2b64000ef0
0x00007f2bacffdc30:   0000000800041df8 00007f2bd80c8600
0x00007f2bacffdc40:   0000000000000009 0000000000000100
0x00007f2bacffdc50:   00007f2b64000d70 00007f2b64000d70
0x00007f2bacffdc60:   00007f2bacffdd48 000000002f406fcf
0x00007f2bacffdc70:   0000000000000000 0000000000000000
0x00007f2bacffdc80:   00007f2bacffdd30 00007f2bdd333071
0x00007f2bacffdc90:   00007f2bacffdce0 00007f2bdd33815c
0x00007f2bacffdca0:   0000000000000000 0000000000000000
0x00007f2bacffdcb0:   00007ffd00000000 00007f2bbc707280
0x00007f2bacffdcc0:   00007f2b9c001230 00007f2b64000d70
0x00007f2bacffdcd0:   00007f2bacffdd00 00007f2bddedcd3d
0x00007f2bacffdce0:   0000000000000000 00007f2bdd820036
0x00007f2bacffdcf0:   0000000000001688 000000001f7fb4f0
0x00007f2bacffdd00:   00007f2bacffdd10 00007f2bbc7072b0
0x00007f2bacffdd10:   00007f2b9c001230 000000002f406fcf
0x00007f2bacffdd20:   0000000000000000 00007f2b64000d70
0x00007f2bacffdd30:   00007f2bacffddc0 00007f2bdd337181
0x00007f2bacffdd40:   0000000000000000 00007f2bddbae258
0x00007f2bacffdd50:   0000000000000000 0000000000000000
0x00007f2bacffdd60:   0000000000000000 00007f2bd8038e00
0x00007f2bacffdd70:   00007f2b64000d70 00007f2bd80412f0
0x00007f2bacffdd80:   00007f2bbc7072b0 0000000000000013
0x00007f2bacffdd90:   0000000000000000 00007f2bbc707280
0x00007f2bacffdda0:   00007f2b70001010 00007f2b64000d70
0x00007f2bacffddb0:   0000000000000000 00007f2b9c007230
0x00007f2bacffddc0:   00007f2bacffde10 00007f2bdd336f92
0x00007f2bacffddd0:   00007f2b70001020 00007f2b700013f8
0x00007f2bacffdde0:   00000000000003d8 00007f2bbc707280 

Instructions: (pc=0x00007f2bdd3737a4)
0x00007f2bdd3736a4:   88 c0 01 00 00 4c 89 f2 48 d3 ea 48 8b 80 b0 01
0x00007f2bdd3736b4:   00 00 48 8b 04 d0 8b 80 c0 00 00 00 d1 e8 83 e0
0x00007f2bdd3736c4:   01 41 89 80 a0 01 00 00 49 63 80 ec 01 00 00 49
0x00007f2bdd3736d4:   63 cf 48 01 c8 31 f6 48 8d 15 7f ca 89 00 80 3a
0x00007f2bdd3736e4:   00 40 0f 94 c6 48 8d 15 70 ca 89 00 80 3a 00 48
0x00007f2bdd3736f4:   8d 14 b5 0c 00 00 00 49 8d 5c f6 10 0f 84 89 01
0x00007f2bdd373704:   00 00 48 8d 0c 8b 48 8d 04 83 49 63 14 16 4c 8d
0x00007f2bdd373714:   34 93 48 39 cb 48 0f 42 d9 49 39 c6 4c 0f 47 f0
0x00007f2bdd373724:   4c 39 f3 4c 8b 7d a8 0f 83 7f fd ff ff 66 2e 0f
0x00007f2bdd373734:   1f 84 00 00 00 00 00 0f 1f 44 00 00 4c 89 ff 48
0x00007f2bdd373744:   89 de e8 a5 3a 00 00 48 83 c3 04 4c 39 f3 72 ec
0x00007f2bdd373754:   e9 57 fd ff ff 0f 1f 80 00 00 00 00 45 8b 6c 24
0x00007f2bdd373764:   ff 48 8d 15 04 23 86 00 8b 42 08 89 c1 49 d3 e5
0x00007f2bdd373774:   48 8b 12 49 01 d5 49 8b 70 08 8a 8e 90 05 00 00
0x00007f2bdd373784:   4c 89 ef 48 d3 ef 48 8b 8e 80 05 00 00 44 0f b7
0x00007f2bdd373794:   34 79 66 45 85 f6 0f 88 10 fd ff ff 49 83 c4 ff
0x00007f2bdd3737a4:   49 8b 5d 00 89 d9 f7 d1 f6 c1 03 0f 85 8d 00 00
0x00007f2bdd3737b4:   00 89 d9 83 e1 07 48 83 e3 fc 83 f9 05 41 bf 00
0x00007f2bdd3737c4:   00 00 00 4c 0f 45 fb 48 8d 0d f7 ca 89 00 80 39
0x00007f2bdd3737d4:   00 4c 0f 44 fb e9 c2 05 00 00 4d 8b 14 24 49 8b
0x00007f2bdd3737e4:   40 08 8a 88 90 05 00 00 4c 89 d2 48 d3 ea 48 8b
0x00007f2bdd3737f4:   80 80 05 00 00 0f b7 1c 50 66 85 db 0f 88 aa fc
0x00007f2bdd373804:   ff ff 4d 8b 3a 44 89 f8 f7 d0 a8 03 0f 85 c3 00
0x00007f2bdd373814:   00 00 44 89 f8 83 e0 07 49 83 e7 fc 83 f8 05 4d
0x00007f2bdd373824:   89 fd b8 00 00 00 00 4c 0f 44 e8 48 8d 05 93 ca
0x00007f2bdd373834:   89 00 80 38 00 4d 0f 44 ef e9 36 0a 00 00 48 89
0x00007f2bdd373844:   5d c0 48 8d 05 14 c9 89 00 8a 00 84 c0 0f 84 c3
0x00007f2bdd373854:   00 00 00 41 8b 7d 08 48 8d 15 1e 22 86 00 8a 4a
0x00007f2bdd373864:   08 48 d3 e7 48 03 3a 44 8b 7f 08 45 85 ff 48 89
0x00007f2bdd373874:   7d b0 0f 8e b3 00 00 00 41 f6 c7 01 0f 85 ae 00
0x00007f2bdd373884:   00 00 41 c1 ef 03 e9 24 01 00 00 4c 8d 24 cb 45
0x00007f2bdd373894:   85 ff 4c 0f 4e e3 41 8b 0c 16 39 c1 0f 4f c8 48 


Stack slot to memory mapping:
stack at sp + 0 slots: 0x00007f2b64000d88 points into unknown readable memory: 0x00007f2bddbb0070 | 70 00 bb dd 2b 7f 00 00
stack at sp + 1 slots: 0x00007f2b64000f68 points into unknown readable memory: 0x0000000000000000 | 00 00 00 00 00 00 00 00
stack at sp + 2 slots: 0x00000000acffdc50 is an unknown value
stack at sp + 3 slots: 0x0000000000000001 is an unknown value
stack at sp + 4 slots: 0x0 is NULL
stack at sp + 5 slots: 0x0000000000000001 is an unknown value
stack at sp + 6 slots: 0x0000000000000005 is an unknown value
stack at sp + 7 slots: 0x00007f2b64000ef0 points into unknown readable memory: 0x00007f2bddbaff28 | 28 ff ba dd 2b 7f 00 00


---------------  P R O C E S S  ---------------

Threads class SMR info:
_java_thread_list=0x00007f2b88077b30, length=12, elements={
0x00007f2bd8026610, 0x00007f2bd81d79c0, 0x00007f2bd81d9020, 0x00007f2bd8209210,
0x00007f2bd820a5d0, 0x00007f2bd820b9f0, 0x00007f2bd81fe4e0, 0x00007f2bd81ff9d0,
0x00007f2bd8200e50, 0x00007f2bd829eeb0, 0x00007f2bd82aa7b0, 0x00007f2b88076b50
}

Java Threads: ( => current thread )
  0x00007f2bd8026610 JavaThread "main" [_thread_blocked, id=16281, stack(0x00007f2bddd00000,0x00007f2bdde00000)]
  0x00007f2bd81d79c0 JavaThread "Reference Handler" daemon [_thread_blocked, id=16288, stack(0x00007f2bbc508000,0x00007f2bbc608000)]
  0x00007f2bd81d9020 JavaThread "Finalizer" daemon [_thread_blocked, id=16289, stack(0x00007f2bbc408000,0x00007f2bbc508000)]
  0x00007f2bd8209210 JavaThread "Signal Dispatcher" daemon [_thread_blocked, id=16290, stack(0x00007f2bbc308000,0x00007f2bbc408000)]
  0x00007f2bd820a5d0 JavaThread "Service Thread" daemon [_thread_blocked, id=16291, stack(0x00007f2bbc208000,0x00007f2bbc308000)]
  0x00007f2bd820b9f0 JavaThread "Monitor Deflation Thread" daemon [_thread_blocked, id=16292, stack(0x00007f2bbc108000,0x00007f2bbc208000)]
  0x00007f2bd81fe4e0 JavaThread "C2 CompilerThread0" daemon [_thread_blocked, id=16293, stack(0x00007f2bbc008000,0x00007f2bbc108000)]
  0x00007f2bd81ff9d0 JavaThread "C1 CompilerThread0" daemon [_thread_blocked, id=16294, stack(0x00007f2bad900000,0x00007f2bada00000)]
  0x00007f2bd8200e50 JavaThread "Sweeper thread" daemon [_thread_blocked, id=16295, stack(0x00007f2bad800000,0x00007f2bad900000)]
  0x00007f2bd829eeb0 JavaThread "Notification Thread" daemon [_thread_blocked, id=16296, stack(0x00007f2bad700000,0x00007f2bad800000)]
  0x00007f2bd82aa7b0 JavaThread "Common-Cleaner" daemon [_thread_blocked, id=16298, stack(0x00007f2bad4ff000,0x00007f2bad5ff000)]
  0x00007f2b88076b50 JavaThread "C2 CompilerThread1" daemon [_thread_blocked, id=16299, stack(0x00007f2bad100000,0x00007f2bad200000)]

Other Threads:
  0x00007f2bd81c7d30 VMThread "VM Thread" [stack: 0x00007f2bbc609000,0x00007f2bbc709000] [id=16287]
  0x00007f2bd8187900 WatcherThread [stack: 0x00007f2bad600000,0x00007f2bad700000] [id=16297]
  0x00007f2bd80880e0 GCTaskThread "GC Thread#0" [stack: 0x00007f2bbd74f000,0x00007f2bbd84f000] [id=16282]
  0x00007f2b9c006560 GCTaskThread "GC Thread#1" [stack: 0x00007f2bad000000,0x00007f2bad100000] [id=16300]
=>0x00007f2b9c006f70 GCTaskThread "GC Thread#2" [stack: 0x00007f2baceff000,0x00007f2bacfff000] [id=16301]
  0x00007f2b9c007980 GCTaskThread "GC Thread#3" [stack: 0x00007f2bacdfe000,0x00007f2bacefe000] [id=16302]
  0x00007f2b9c008390 GCTaskThread "GC Thread#4" [stack: 0x00007f2baccfd000,0x00007f2bacdfd000] [id=16303]
  0x00007f2b9c00db00 GCTaskThread "GC Thread#5" [stack: 0x00007f2bacbfc000,0x00007f2baccfc000] [id=16304]
  0x00007f2b9c00c6e0 GCTaskThread "GC Thread#6" [stack: 0x00007f2bacafb000,0x00007f2bacbfb000] [id=16305]
  0x00007f2b9c00ce80 GCTaskThread "GC Thread#7" [stack: 0x00007f2bac9fa000,0x00007f2bacafa000] [id=16306]
  0x00007f2b9c00ff30 GCTaskThread "GC Thread#8" [stack: 0x00007f2bac8f9000,0x00007f2bac9f9000] [id=16307]
  0x00007f2b9c00fc00 GCTaskThread "GC Thread#9" [stack: 0x00007f2bac5f6000,0x00007f2bac6f6000] [id=16310]
  0x00007f2bd8096f00 ConcurrentGCThread "G1 Main Marker" [stack: 0x00007f2bbd64e000,0x00007f2bbd74e000] [id=16283]
  0x00007f2bd8097e70 ConcurrentGCThread "G1 Conc#0" [stack: 0x00007f2bbd54d000,0x00007f2bbd64d000] [id=16284]
  0x00007f2bb0000eb0 ConcurrentGCThread "G1 Conc#1" [stack: 0x00007f2bac7f8000,0x00007f2bac8f8000] [id=16308]
  0x00007f2bb0001900 ConcurrentGCThread "G1 Conc#2" [stack: 0x00007f2bac6f7000,0x00007f2bac7f7000] [id=16309]
  0x00007f2bd8141e20 ConcurrentGCThread "G1 Refine#0" [stack: 0x00007f2bbca42000,0x00007f2bbcb42000] [id=16285]
  0x00007f2bd8142d20 ConcurrentGCThread "G1 Service" [stack: 0x00007f2bbc941000,0x00007f2bbca41000] [id=16286]

Threads with active compile tasks:
C2 CompilerThread0      812 1316       4       org.jetbrains.kotlin.com.intellij.openapi.vfs.impl.ArchiveHandler::processEntry (225 bytes)
C2 CompilerThread1      812 1298       4       org.jetbrains.kotlin.com.intellij.openapi.vfs.impl.ArchiveHandler::directoryEntry (144 bytes)

VM state: at safepoint (normal execution)

VM Mutex/Monitor currently owned by a thread:  ([mutex/lock_event])
[0x00007f2bd80235f0] Threads_lock - owner thread: 0x00007f2bd81c7d30
[0x00007f2bd8023e60] Heap_lock - owner thread: 0x00007f2bd8026610

Heap address: 0x0000000728000000, size: 3456 MB, Compressed Oops mode: Zero based, Oop shift amount: 3

CDS archive(s) not mapped
Compressed class space mapped at: 0x0000000800000000-0x0000000840000000, reserved size: 1073741824
Narrow klass base: 0x0000000800000000, Narrow klass shift: 0, Narrow klass range: 0x40000000

GC Precious Log:
 CPUs: 16 total, 12 available
 Memory: 13817M
 Large Page Support: Disabled
 NUMA Support: Disabled
 Compressed Oops: Enabled (Zero based)
 Heap Region Size: 2M
 Heap Min Capacity: 8M
 Heap Initial Capacity: 216M
 Heap Max Capacity: 3456M
 Pre-touch: Disabled
 Parallel Workers: 10
 Concurrent Workers: 3
 Concurrent Refinement Workers: 10
 Periodic GC: Disabled

Heap:
 garbage-first heap   total 43008K, used 24746K [0x0000000728000000, 0x0000000800000000)
  region size 2048K, 8 young (16384K), 2 survivors (4096K)
 Metaspace       used 24505K, committed 24704K, reserved 1114112K
  class space    used 2948K, committed 3008K, reserved 1048576K

Heap Regions: E=young(eden), S=young(survivor), O=old, HS=humongous(starts), HC=humongous(continues), CS=collection set, F=free, OA=open archive, CA=closed archive, TAMS=top-at-mark-start (previous, next)
|   0|0x0000000728000000, 0x0000000728200000, 0x0000000728200000|100%|HS|  |TAMS 0x0000000728200000, 0x0000000728000000| Complete 
|   1|0x0000000728200000, 0x0000000728400000, 0x0000000728400000|100%|HC|  |TAMS 0x0000000728400000, 0x0000000728200000| Complete 
|   2|0x0000000728400000, 0x0000000728600000, 0x0000000728600000|100%| O|  |TAMS 0x0000000728400000, 0x0000000728400000| Untracked 
|   3|0x0000000728600000, 0x0000000728800000, 0x0000000728800000|100%| E|CS|TAMS 0x0000000728600000, 0x0000000728600000| Complete 
|   4|0x0000000728800000, 0x0000000728a00000, 0x0000000728a00000|100%| E|CS|TAMS 0x0000000728800000, 0x0000000728800000| Complete 
|   5|0x0000000728a00000, 0x0000000728c00000, 0x0000000728c00000|100%| E|CS|TAMS 0x0000000728a00000, 0x0000000728a00000| Complete 
|   6|0x0000000728c00000, 0x0000000728e00000, 0x0000000728e00000|100%| E|CS|TAMS 0x0000000728c00000, 0x0000000728c00000| Complete 
|   7|0x0000000728e00000, 0x0000000729000000, 0x0000000729000000|100%| O|  |TAMS 0x0000000728e00000, 0x0000000728e00000| Untracked 
|   8|0x0000000729000000, 0x0000000729200000, 0x0000000729200000|100%| O|  |TAMS 0x0000000729000000, 0x0000000729000000| Untracked 
|   9|0x0000000729200000, 0x0000000729400000, 0x0000000729400000|100%| O|  |TAMS 0x0000000729200000, 0x0000000729200000| Untracked 
|  10|0x0000000729400000, 0x00000007294d4b20, 0x0000000729600000| 41%| O|  |TAMS 0x0000000729400000, 0x0000000729400000| Untracked 
|  11|0x0000000729600000, 0x0000000729600000, 0x0000000729800000|  0%| F|  |TAMS 0x0000000729600000, 0x0000000729600000| Untracked 
|  12|0x0000000729800000, 0x00000007299bec40, 0x0000000729a00000| 87%| S|  |TAMS 0x0000000729800000, 0x0000000729800000| Complete 
|  13|0x0000000729a00000, 0x0000000729c00000, 0x0000000729c00000|100%| S|  |TAMS 0x0000000729a00000, 0x0000000729a00000| Complete 
|  14|0x0000000729c00000, 0x0000000729e00000, 0x0000000729e00000|100%| E|CS|TAMS 0x0000000729c00000, 0x0000000729c00000| Complete 
|  15|0x0000000729e00000, 0x000000072a000000, 0x000000072a000000|100%| E|CS|TAMS 0x0000000729e00000, 0x0000000729e00000| Complete 
|  16|0x000000072a000000, 0x000000072a02abd0, 0x000000072a200000|  8%| E|CS|TAMS 0x000000072a000000, 0x000000072a000000| Complete 
|  87|0x0000000732e00000, 0x0000000733000000, 0x0000000733000000|100%| E|CS|TAMS 0x0000000732e00000, 0x0000000732e00000| Complete 
|  88|0x0000000733000000, 0x0000000733200000, 0x0000000733200000|100%| E|CS|TAMS 0x0000000733000000, 0x0000000733000000| Complete 
|  89|0x0000000733200000, 0x0000000733400000, 0x0000000733400000|100%| E|CS|TAMS 0x0000000733200000, 0x0000000733200000| Complete 
| 107|0x0000000735600000, 0x0000000735800000, 0x0000000735800000|100%| E|CS|TAMS 0x0000000735600000, 0x0000000735600000| Complete 

Card table byte_map: [0x00007f2bc4b7f000,0x00007f2bc523f000] _byte_map_base: 0x00007f2bc123f000

Marking Bits (Prev, Next): (CMBitMap*) 0x00007f2bd8088bb0, (CMBitMap*) 0x00007f2bd8088b70
 Prev Bits: [0x00007f2bbd8bf000, 0x00007f2bc0ebf000)
 Next Bits: [0x00007f2bc0ebf000, 0x00007f2bc44bf000)

Polling page: 0x00007f2bde11d000

Metaspace:

Usage:
  Non-class:     21,05 MB used.
      Class:      2,88 MB used.
       Both:     23,93 MB used.

Virtual space:
  Non-class space:       64,00 MB reserved,      21,19 MB ( 33%) committed,  1 nodes.
      Class space:        1,00 GB reserved,       2,94 MB ( <1%) committed,  1 nodes.
             Both:        1,06 GB reserved,      24,12 MB (  2%) committed. 

Chunk freelists:
   Non-Class:  10,72 MB
       Class:  13,02 MB
        Both:  23,73 MB

MaxMetaspaceSize: unlimited
CompressedClassSpaceSize: 1,00 GB
Initial GC threshold: 21,00 MB
Current GC threshold: 35,12 MB
CDS: off
MetaspaceReclaimPolicy: balanced
 - commit_granule_bytes: 65536.
 - commit_granule_words: 8192.
 - virtual_space_node_default_size: 8388608.
 - enlarge_chunks_in_place: 1.
 - new_chunks_are_fully_committed: 0.
 - uncommit_free_chunks: 1.
 - use_allocation_guard: 0.
 - handle_deallocations: 1.


Internal statistics:

num_allocs_failed_limit: 3.
num_arena_births: 112.
num_arena_deaths: 0.
num_vsnodes_births: 2.
num_vsnodes_deaths: 0.
num_space_committed: 384.
num_space_uncommitted: 0.
num_chunks_returned_to_freelist: 3.
num_chunks_taken_from_freelist: 680.
num_chunk_merges: 3.
num_chunk_splits: 532.
num_chunks_enlarged: 464.
num_inconsistent_stats: 0.

CodeHeap 'non-profiled nmethods': size=120028Kb used=576Kb max_used=576Kb free=119452Kb
 bounds [0x00007f2bcd4c9000, 0x00007f2bcd739000, 0x00007f2bd4a00000]
CodeHeap 'profiled nmethods': size=120028Kb used=2324Kb max_used=2324Kb free=117703Kb
 bounds [0x00007f2bc5a00000, 0x00007f2bc5c70000, 0x00007f2bccf37000]
CodeHeap 'non-nmethods': size=5704Kb used=1189Kb max_used=1226Kb free=4515Kb
 bounds [0x00007f2bccf37000, 0x00007f2bcd1a7000, 0x00007f2bcd4c9000]
 total_blobs=1885 nmethods=1394 adapters=405
 compilation: enabled
              stopped_count=0, restarted_count=0
 full_count=0

Compilation events (20 events):
Event: 0,783 Thread 0x00007f2bd81ff9d0 1411       2       sun.nio.fs.UnixFileSystem::normalizeNativePath (2 bytes)
Event: 0,783 Thread 0x00007f2bd81ff9d0 nmethod 1411 0x00007f2bc5c40910 code [0x00007f2bc5c40aa0, 0x00007f2bc5c40bb0]
Event: 0,783 Thread 0x00007f2bd81ff9d0 1412       2       sun.nio.fs.Util::jnuEncoding (4 bytes)
Event: 0,783 Thread 0x00007f2bd81ff9d0 nmethod 1412 0x00007f2bc5c40c10 code [0x00007f2bc5c40da0, 0x00007f2bc5c40e90]
Event: 0,783 Thread 0x00007f2bd81ff9d0 1413       2       java.lang.System$2::getBytesNoRepl (6 bytes)
Event: 0,784 Thread 0x00007f2bd81ff9d0 nmethod 1413 0x00007f2bc5c40f10 code [0x00007f2bc5c410e0, 0x00007f2bc5c414c0]
Event: 0,784 Thread 0x00007f2bd81ff9d0 1416       2       sun.nio.fs.UnixFileSystemProvider::getFileAttributeView (71 bytes)
Event: 0,784 Thread 0x00007f2bd81ff9d0 nmethod 1416 0x00007f2bc5c41690 code [0x00007f2bc5c418c0, 0x00007f2bc5c42020]
Event: 0,784 Thread 0x00007f2bd81ff9d0 1417       2       sun.nio.fs.Util::followLinks (66 bytes)
Event: 0,784 Thread 0x00007f2bd81ff9d0 nmethod 1417 0x00007f2bc5c42310 code [0x00007f2bc5c424e0, 0x00007f2bc5c42850]
Event: 0,784 Thread 0x00007f2bd81ff9d0 1418       2       sun.nio.fs.UnixFileAttributeViews$Basic::<init> (15 bytes)
Event: 0,784 Thread 0x00007f2bd81ff9d0 nmethod 1418 0x00007f2bc5c42a10 code [0x00007f2bc5c42ba0, 0x00007f2bc5c42cf0]
Event: 0,784 Thread 0x00007f2bd81ff9d0 1419       2       sun.nio.fs.AbstractBasicFileAttributeView::<init> (5 bytes)
Event: 0,784 Thread 0x00007f2bd81ff9d0 nmethod 1419 0x00007f2bc5c42d90 code [0x00007f2bc5c42f20, 0x00007f2bc5c43010]
Event: 0,784 Thread 0x00007f2bd81ff9d0 1422       2       sun.nio.fs.NativeBuffers::releaseNativeBuffer (97 bytes)
Event: 0,784 Thread 0x00007f2bd81ff9d0 nmethod 1422 0x00007f2bc5c43090 code [0x00007f2bc5c43300, 0x00007f2bc5c43b70]
Event: 0,784 Thread 0x00007f2bd81ff9d0 1421       2       sun.nio.fs.LinuxFileSystemProvider::getFileAttributeView (52 bytes)
Event: 0,785 Thread 0x00007f2bd81ff9d0 nmethod 1421 0x00007f2bc5c44010 code [0x00007f2bc5c44260, 0x00007f2bc5c44860]
Event: 0,785 Thread 0x00007f2bd81ff9d0 1420       2       sun.nio.fs.UnixFileSystemProvider::readAttributes (63 bytes)
Event: 0,785 Thread 0x00007f2bd81ff9d0 nmethod 1420 0x00007f2bc5c44b90 code [0x00007f2bc5c44d80, 0x00007f2bc5c450d0]

GC Heap History (7 events):
Event: 0,275 GC heap before
{Heap before GC invocations=0 (full 0):
 garbage-first heap   total 221184K, used 26624K [0x0000000728000000, 0x0000000800000000)
  region size 2048K, 11 young (22528K), 0 survivors (0K)
 Metaspace       used 11910K, committed 12032K, reserved 1114112K
  class space    used 1033K, committed 1088K, reserved 1048576K
}
Event: 0,277 GC heap after
{Heap after GC invocations=1 (full 0):
 garbage-first heap   total 221184K, used 6592K [0x0000000728000000, 0x0000000800000000)
  region size 2048K, 2 young (4096K), 2 survivors (4096K)
 Metaspace       used 11910K, committed 12032K, reserved 1114112K
  class space    used 1033K, committed 1088K, reserved 1048576K
}
Event: 0,572 GC heap before
{Heap before GC invocations=1 (full 0):
 garbage-first heap   total 221184K, used 37312K [0x0000000728000000, 0x0000000800000000)
  region size 2048K, 18 young (36864K), 2 survivors (4096K)
 Metaspace       used 21399K, committed 21504K, reserved 1114112K
  class space    used 2314K, committed 2368K, reserved 1048576K
}
Event: 0,575 GC heap after
{Heap after GC invocations=2 (full 0):
 garbage-first heap   total 221184K, used 8325K [0x0000000728000000, 0x0000000800000000)
  region size 2048K, 3 young (6144K), 3 survivors (6144K)
 Metaspace       used 21399K, committed 21504K, reserved 1114112K
  class space    used 2314K, committed 2368K, reserved 1048576K
}
Event: 0,744 GC heap before
{Heap before GC invocations=3 (full 0):
 garbage-first heap   total 40960K, used 28805K [0x0000000728000000, 0x0000000800000000)
  region size 2048K, 13 young (26624K), 3 survivors (6144K)
 Metaspace       used 24368K, committed 24576K, reserved 1114112K
  class space    used 2948K, committed 3008K, reserved 1048576K
}
Event: 0,750 GC heap after
{Heap after GC invocations=4 (full 0):
 garbage-first heap   total 43008K, used 12458K [0x0000000728000000, 0x0000000800000000)
  region size 2048K, 5 young (10240K), 5 survivors (10240K)
 Metaspace       used 24368K, committed 24576K, reserved 1114112K
  class space    used 2948K, committed 3008K, reserved 1048576K
}
Event: 0,786 GC heap before
{Heap before GC invocations=4 (full 0):
 garbage-first heap   total 43008K, used 24746K [0x0000000728000000, 0x0000000800000000)
  region size 2048K, 11 young (22528K), 5 survivors (10240K)
 Metaspace       used 24505K, committed 24704K, reserved 1114112K
  class space    used 2948K, committed 3008K, reserved 1048576K
}

Dll operation events (6 events):
Event: 0,001 Loaded shared library /home/rodion/.local/share/JetBrains/Toolbox/apps/android-studio-2/jbr/lib/libjava.so
Event: 0,050 Loaded shared library /home/rodion/.local/share/JetBrains/Toolbox/apps/android-studio-2/jbr/lib/libnio.so
Event: 0,066 Loaded shared library /home/rodion/.local/share/JetBrains/Toolbox/apps/android-studio-2/jbr/lib/libzip.so
Event: 0,082 Loaded shared library /home/rodion/.local/share/JetBrains/Toolbox/apps/android-studio-2/jbr/lib/libjimage.so
Event: 0,113 Loaded shared library /home/rodion/.local/share/JetBrains/Toolbox/apps/android-studio-2/jbr/lib/libverify.so
Event: 0,143 Loaded shared library /tmp/libjansi-1.9.21-release-633-18393863275938138357.so

Deoptimization events (20 events):
Event: 0,432 Thread 0x00007f2bd8026610 Uncommon trap: trap_request=0xffffffde fr.pc=0x00007f2bcd51e328 relative=0x0000000000000108
Event: 0,432 Thread 0x00007f2bd8026610 Uncommon trap: reason=class_check action=maybe_recompile pc=0x00007f2bcd51e328 method=jdk.internal.misc.Unsafe.allocateUninitializedArray(Ljava/lang/Class;I)Ljava/lang/Object; @ 51 c2
Event: 0,432 Thread 0x00007f2bd8026610 DEOPT PACKING pc=0x00007f2bcd51e328 sp=0x00007f2bdddf9fd0
Event: 0,432 Thread 0x00007f2bd8026610 DEOPT UNPACKING pc=0x00007f2bccf8d699 sp=0x00007f2bdddf9f78 mode 2
Event: 0,457 Thread 0x00007f2bd8026610 Uncommon trap: trap_request=0xffffff45 fr.pc=0x00007f2bcd4f1f7c relative=0x000000000000067c
Event: 0,457 Thread 0x00007f2bd8026610 Uncommon trap: reason=unstable_if action=reinterpret pc=0x00007f2bcd4f1f7c method=sun.reflect.annotation.AnnotationInvocationHandler.invoke(Ljava/lang/Object;Ljava/lang/reflect/Method;[Ljava/lang/Object;)Ljava/lang/Object; @ 91 c2
Event: 0,457 Thread 0x00007f2bd8026610 DEOPT PACKING pc=0x00007f2bcd4f1f7c sp=0x00007f2bdddfd680
Event: 0,457 Thread 0x00007f2bd8026610 DEOPT UNPACKING pc=0x00007f2bccf8d699 sp=0x00007f2bdddfd640 mode 2
Event: 0,718 Thread 0x00007f2bd8026610 Uncommon trap: trap_request=0xffffff45 fr.pc=0x00007f2bcd545514 relative=0x00000000000004b4
Event: 0,718 Thread 0x00007f2bd8026610 Uncommon trap: reason=unstable_if action=reinterpret pc=0x00007f2bcd545514 method=org.jetbrains.kotlin.com.intellij.openapi.vfs.impl.ZipEntryMap.isTheOne(Lorg/jetbrains/kotlin/com/intellij/openapi/vfs/impl/ArchiveHandler$EntryInfo;Ljava/lang/CharSequence;
Event: 0,718 Thread 0x00007f2bd8026610 DEOPT PACKING pc=0x00007f2bcd545514 sp=0x00007f2bdddfd6d0
Event: 0,718 Thread 0x00007f2bd8026610 DEOPT UNPACKING pc=0x00007f2bccf8d699 sp=0x00007f2bdddfd6a0 mode 2
Event: 0,776 Thread 0x00007f2bd8026610 Uncommon trap: trap_request=0xffffff45 fr.pc=0x00007f2bcd54c2f8 relative=0x0000000000001278
Event: 0,776 Thread 0x00007f2bd8026610 Uncommon trap: reason=unstable_if action=reinterpret pc=0x00007f2bcd54c2f8 method=java.util.zip.ZipFile$Source.checkAndAddEntry(II)I @ 128 c2
Event: 0,776 Thread 0x00007f2bd8026610 DEOPT PACKING pc=0x00007f2bcd54c2f8 sp=0x00007f2bdddfd160
Event: 0,776 Thread 0x00007f2bd8026610 DEOPT UNPACKING pc=0x00007f2bccf8d699 sp=0x00007f2bdddfd118 mode 2
Event: 0,776 Thread 0x00007f2bd8026610 Uncommon trap: trap_request=0xffffff45 fr.pc=0x00007f2bcd555a10 relative=0x0000000000000b30
Event: 0,776 Thread 0x00007f2bd8026610 Uncommon trap: reason=unstable_if action=reinterpret pc=0x00007f2bcd555a10 method=java.util.zip.ZipFile.getZipEntry(Ljava/lang/String;I)Ljava/util/zip/ZipEntry; @ 243 c2
Event: 0,776 Thread 0x00007f2bd8026610 DEOPT PACKING pc=0x00007f2bcd555a10 sp=0x00007f2bdddfd6e0
Event: 0,776 Thread 0x00007f2bd8026610 DEOPT UNPACKING pc=0x00007f2bccf8d699 sp=0x00007f2bdddfd6a0 mode 2

Classes unloaded (0 events):
No events

Classes redefined (0 events):
No events

Internal exceptions (20 events):
Event: 0,392 Thread 0x00007f2bd8026610 Exception <a 'java/lang/NoSuchMethodError'{0x0000000734a4b260}: 'long java.lang.invoke.DirectMethodHandle$Holder.invokeStaticInit(java.lang.Object)'> (0x0000000734a4b260) 
thrown [src/hotspot/share/interpreter/linkResolver.cpp, line 771]
Event: 0,410 Thread 0x00007f2bd8026610 Exception <a 'java/lang/NoSuchMethodError'{0x000000073480a9d8}: 'int java.lang.invoke.DirectMethodHandle$Holder.invokeStaticInit(java.lang.Object, java.lang.Object, java.lang.Object, java.lang.Object)'> (0x000000073480a9d8) 
thrown [src/hotspot/share/interpreter/linkResolver.cpp, line 771]
Event: 0,421 Thread 0x00007f2bd8026610 Exception <a 'java/lang/NoSuchMethodError'{0x00000007349ce198}: 'long java.lang.invoke.Invokers$Holder.invoke_MT(java.lang.Object, java.lang.Object, java.lang.Object, java.lang.Object)'> (0x00000007349ce198) 
thrown [src/hotspot/share/interpreter/linkResolver.cpp, line 771]
Event: 0,422 Thread 0x00007f2bd8026610 Exception <a 'java/lang/NoSuchMethodError'{0x00000007349d97c8}: 'int java.lang.invoke.DirectMethodHandle$Holder.invokeSpecial(java.lang.Object, java.lang.Object, java.lang.Object)'> (0x00000007349d97c8) 
thrown [src/hotspot/share/interpreter/linkResolver.cpp, line 771]
Event: 0,422 Thread 0x00007f2bd8026610 Exception <a 'java/lang/NoSuchMethodError'{0x00000007349dd4b8}: 'int java.lang.invoke.DirectMethodHandle$Holder.invokeSpecial(java.lang.Object, java.lang.Object, java.lang.Object, java.lang.Object)'> (0x00000007349dd4b8) 
thrown [src/hotspot/share/interpreter/linkResolver.cpp, line 771]
Event: 0,423 Thread 0x00007f2bd8026610 Exception <a 'java/lang/NoSuchMethodError'{0x00000007349e0b20}: 'int java.lang.invoke.Invokers$Holder.invoke_MT(java.lang.Object, java.lang.Object, java.lang.Object, java.lang.Object)'> (0x00000007349e0b20) 
thrown [src/hotspot/share/interpreter/linkResolver.cpp, line 771]
Event: 0,424 Thread 0x00007f2bd8026610 Exception <a 'java/lang/NoSuchMethodError'{0x00000007349f01d0}: 'void java.lang.invoke.DelegatingMethodHandle$Holder.reinvoke_L(java.lang.Object, java.lang.Object, java.lang.Object, long, java.lang.Object)'> (0x00000007349f01d0) 
thrown [src/hotspot/share/interpreter/linkResolver.cpp, line 771]
Event: 0,424 Thread 0x00007f2bd8026610 Exception <a 'java/lang/NoSuchMethodError'{0x00000007349f8068}: 'java.lang.Object java.lang.invoke.DirectMethodHandle$Holder.invokeSpecial(java.lang.Object, java.lang.Object, java.lang.Object, java.lang.Object, long)'> (0x00000007349f8068) 
thrown [src/hotspot/share/interpreter/linkResolver.cpp, line 771]
Event: 0,425 Thread 0x00007f2bd8026610 Exception <a 'java/lang/NoSuchMethodError'{0x00000007346078c0}: 'int java.lang.invoke.DelegatingMethodHandle$Holder.reinvoke_L(java.lang.Object, java.lang.Object, java.lang.Object, long, java.lang.Object, java.lang.Object)'> (0x00000007346078c0) 
thrown [src/hotspot/share/interpreter/linkResolver.cpp, line 771]
Event: 0,426 Thread 0x00007f2bd8026610 Exception <a 'java/lang/NoSuchMethodError'{0x0000000734616450}: 'int java.lang.invoke.DelegatingMethodHandle$Holder.reinvoke_L(java.lang.Object, java.lang.Object, java.lang.Object, long, int, int)'> (0x0000000734616450) 
thrown [src/hotspot/share/interpreter/linkResolver.cpp, line 771]
Event: 0,427 Thread 0x00007f2bd8026610 Exception <a 'java/lang/NoSuchMethodError'{0x0000000734624d88}: 'int java.lang.invoke.DelegatingMethodHandle$Holder.reinvoke_L(java.lang.Object, java.lang.Object, java.lang.Object, long, long, long)'> (0x0000000734624d88) 
thrown [src/hotspot/share/interpreter/linkResolver.cpp, line 771]
Event: 0,428 Thread 0x00007f2bd8026610 Exception <a 'java/lang/NoSuchMethodError'{0x00000007346333a0}: 'int java.lang.invoke.DelegatingMethodHandle$Holder.reinvoke_L(java.lang.Object, java.lang.Object, java.lang.Object, long, int)'> (0x00000007346333a0) 
thrown [src/hotspot/share/interpreter/linkResolver.cpp, line 771]
Event: 0,435 Thread 0x00007f2bd8026610 Exception <a 'java/lang/NoSuchMethodError'{0x00000007346da750}: 'int java.lang.invoke.DirectMethodHandle$Holder.invokeStaticInit(java.lang.Object, java.lang.Object, java.lang.Object)'> (0x00000007346da750) 
thrown [src/hotspot/share/interpreter/linkResolver.cpp, line 771]
Event: 0,437 Thread 0x00007f2bd8026610 Exception <a 'java/lang/NoSuchMethodError'{0x0000000734702518}: 'int java.lang.invoke.DirectMethodHandle$Holder.invokeStaticInit(java.lang.Object, java.lang.Object)'> (0x0000000734702518) 
thrown [src/hotspot/share/interpreter/linkResolver.cpp, line 771]
Event: 0,446 Thread 0x00007f2bd8026610 Exception <a 'java/lang/NoSuchMethodError'{0x00000007347e1250}: 'void java.lang.invoke.DirectMethodHandle$Holder.invokeSpecial(java.lang.Object, java.lang.Object, java.lang.Object)'> (0x00000007347e1250) 
thrown [src/hotspot/share/interpreter/linkResolver.cpp, line 771]
Event: 0,478 Thread 0x00007f2bd8026610 Exception <a 'java/lang/NoSuchMethodError'{0x0000000734306c70}: 'void java.lang.invoke.DirectMethodHandle$Holder.invokeStatic(java.lang.Object, java.lang.Object, java.lang.Object, java.lang.Object)'> (0x0000000734306c70) 
thrown [src/hotspot/share/interpreter/linkResolver.cpp, line 771]
Event: 0,510 Thread 0x00007f2bd8026610 Exception <a 'java/lang/NoSuchMethodError'{0x0000000733accb08}: 'void java.lang.invoke.DirectMethodHandle$Holder.invokeStaticInit(java.lang.Object, java.lang.Object)'> (0x0000000733accb08) 
thrown [src/hotspot/share/interpreter/linkResolver.cpp, line 771]
Event: 0,566 Thread 0x00007f2bd8026610 Exception <a 'java/lang/NoSuchMethodError'{0x00000007334c0ea0}: 'void java.lang.invoke.DirectMethodHandle$Holder.invokeVirtual(java.lang.Object, java.lang.Object)'> (0x00000007334c0ea0) 
thrown [src/hotspot/share/interpreter/linkResolver.cpp, line 771]
Event: 0,570 Thread 0x00007f2bd8026610 Exception <a 'java/lang/NoSuchMethodError'{0x00000007335145f0}: 'int java.lang.invoke.DirectMethodHandle$Holder.invokeVirtual(java.lang.Object, java.lang.Object)'> (0x00000007335145f0) 
thrown [src/hotspot/share/interpreter/linkResolver.cpp, line 771]
Event: 0,584 Thread 0x00007f2bd8026610 Exception <a 'java/lang/NoSuchMethodError'{0x0000000735696a78}: 'java.lang.Object java.lang.invoke.Invokers$Holder.invokeExact_MT(java.lang.Object, java.lang.Object, java.lang.Object, java.lang.Object, java.lang.Object, java.lang.Object)'> (0x0000000735696a78) 
thrown [src/hotspot/share/interpreter/linkResolver.cpp, line 771]

VM Operations (20 events):
Event: 0,067 Executing VM operation: HandshakeAllThreads done
Event: 0,268 Executing VM operation: HandshakeAllThreads
Event: 0,268 Executing VM operation: HandshakeAllThreads done
Event: 0,275 Executing VM operation: G1CollectForAllocation
Event: 0,277 Executing VM operation: G1CollectForAllocation done
Event: 0,306 Executing VM operation: HandshakeAllThreads
Event: 0,306 Executing VM operation: HandshakeAllThreads done
Event: 0,322 Executing VM operation: HandshakeAllThreads
Event: 0,322 Executing VM operation: HandshakeAllThreads done
Event: 0,374 Executing VM operation: HandshakeAllThreads
Event: 0,374 Executing VM operation: HandshakeAllThreads done
Event: 0,572 Executing VM operation: CollectForMetadataAllocation
Event: 0,575 Executing VM operation: CollectForMetadataAllocation done
Event: 0,577 Executing VM operation: G1PauseRemark
Event: 0,578 Executing VM operation: G1PauseRemark done
Event: 0,578 Executing VM operation: G1PauseCleanup
Event: 0,578 Executing VM operation: G1PauseCleanup done
Event: 0,744 Executing VM operation: G1CollectForAllocation
Event: 0,750 Executing VM operation: G1CollectForAllocation done
Event: 0,786 Executing VM operation: G1CollectForAllocation

Events (20 events):
Event: 0,543 loading class jdk/internal/reflect/UnsafeStaticIntegerFieldAccessorImpl
Event: 0,543 loading class jdk/internal/reflect/UnsafeStaticIntegerFieldAccessorImpl done
Event: 0,549 loading class java/util/Collections$UnmodifiableList
Event: 0,549 loading class java/util/Collections$UnmodifiableList done
Event: 0,549 loading class java/util/Collections$UnmodifiableRandomAccessList
Event: 0,549 loading class java/util/Collections$UnmodifiableRandomAccessList done
Event: 0,550 loading class java/util/Collections$UnmodifiableCollection$1
Event: 0,550 loading class java/util/Collections$UnmodifiableCollection$1 done
Event: 0,569 loading class java/lang/invoke/MethodHandle$1
Event: 0,569 loading class java/lang/invoke/MethodHandle$1 done
Event: 0,580 loading class java/util/function/UnaryOperator
Event: 0,580 loading class java/util/function/UnaryOperator done
Event: 0,664 loading class java/nio/file/InvalidPathException
Event: 0,664 loading class java/nio/file/InvalidPathException done
Event: 0,676 loading class java/util/DualPivotQuicksort
Event: 0,677 loading class java/util/DualPivotQuicksort done
Event: 0,678 loading class java/util/zip/ZipFile$ZipEntryIterator
Event: 0,679 loading class java/util/zip/ZipFile$ZipEntryIterator done
Event: 0,692 loading class java/util/AbstractMap$SimpleEntry
Event: 0,692 loading class java/util/AbstractMap$SimpleEntry done


Dynamic libraries:
00200000-00201000 r--p 00000000 103:04 3162972                           /home/rodion/.local/share/JetBrains/Toolbox/apps/android-studio-2/jbr/bin/java
00201000-00202000 r-xp 00000000 103:04 3162972                           /home/rodion/.local/share/JetBrains/Toolbox/apps/android-studio-2/jbr/bin/java
00202000-00203000 r--p 00000000 103:04 3162972                           /home/rodion/.local/share/JetBrains/Toolbox/apps/android-studio-2/jbr/bin/java
00203000-00204000 rw-p 00000000 103:04 3162972                           /home/rodion/.local/share/JetBrains/Toolbox/apps/android-studio-2/jbr/bin/java
01cba000-01d02000 rw-p 00000000 00:00 0                                  [heap]
728000000-72a200000 rw-p 00000000 00:00 0 
72a200000-732e00000 ---p 00000000 00:00 0 
732e00000-733400000 rw-p 00000000 00:00 0 
733400000-735600000 ---p 00000000 00:00 0 
735600000-735800000 rw-p 00000000 00:00 0 
735800000-800000000 ---p 00000000 00:00 0 
800000000-800030000 rw-p 00000000 00:00 0 
800030000-8000b0000 rw-p 00000000 00:00 0 
8000b0000-8000d0000 rw-p 00000000 00:00 0 
8000d0000-8000f0000 rw-p 00000000 00:00 0 
8000f0000-800170000 rw-p 00000000 00:00 0 
800170000-800180000 ---p 00000000 00:00 0 
800180000-800300000 rw-p 00000000 00:00 0 
800300000-840000000 ---p 00000000 00:00 0 
7f2b3c000000-7f2b3c021000 rw-p 00000000 00:00 0 
7f2b3c021000-7f2b40000000 ---p 00000000 00:00 0 
7f2b44000000-7f2b44021000 rw-p 00000000 00:00 0 
7f2b44021000-7f2b48000000 ---p 00000000 00:00 0 
7f2b48000000-7f2b48021000 rw-p 00000000 00:00 0 
7f2b48021000-7f2b4c000000 ---p 00000000 00:00 0 
7f2b4c000000-7f2b4c021000 rw-p 00000000 00:00 0 
7f2b4c021000-7f2b50000000 ---p 00000000 00:00 0 
7f2b50000000-7f2b50021000 rw-p 00000000 00:00 0 
7f2b50021000-7f2b54000000 ---p 00000000 00:00 0 
7f2b54000000-7f2b54021000 rw-p 00000000 00:00 0 
7f2b54021000-7f2b58000000 ---p 00000000 00:00 0 
7f2b58000000-7f2b58021000 rw-p 00000000 00:00 0 
7f2b58021000-7f2b5c000000 ---p 00000000 00:00 0 
7f2b5c000000-7f2b5c021000 rw-p 00000000 00:00 0 
7f2b5c021000-7f2b60000000 ---p 00000000 00:00 0 
7f2b60000000-7f2b60021000 rw-p 00000000 00:00 0 
7f2b60021000-7f2b64000000 ---p 00000000 00:00 0 
7f2b64000000-7f2b64021000 rw-p 00000000 00:00 0 
7f2b64021000-7f2b68000000 ---p 00000000 00:00 0 
7f2b68000000-7f2b68077000 rw-p 00000000 00:00 0 
7f2b68077000-7f2b6c000000 ---p 00000000 00:00 0 
7f2b6c000000-7f2b6c021000 rw-p 00000000 00:00 0 
7f2b6c021000-7f2b70000000 ---p 00000000 00:00 0 
7f2b70000000-7f2b7037a000 rw-p 00000000 00:00 0 
7f2b7037a000-7f2b74000000 ---p 00000000 00:00 0 
7f2b74000000-7f2b74021000 rw-p 00000000 00:00 0 
7f2b74021000-7f2b78000000 ---p 00000000 00:00 0 
7f2b78000000-7f2b78021000 rw-p 00000000 00:00 0 
7f2b78021000-7f2b7c000000 ---p 00000000 00:00 0 
7f2b7c000000-7f2b7c358000 rw-p 00000000 00:00 0 
7f2b7c358000-7f2b80000000 ---p 00000000 00:00 0 
7f2b80000000-7f2b80021000 rw-p 00000000 00:00 0 
7f2b80021000-7f2b84000000 ---p 00000000 00:00 0 
7f2b84000000-7f2b84021000 rw-p 00000000 00:00 0 
7f2b84021000-7f2b88000000 ---p 00000000 00:00 0 
7f2b88000000-7f2b88702000 rw-p 00000000 00:00 0 
7f2b88702000-7f2b8c000000 ---p 00000000 00:00 0 
7f2b8c000000-7f2b8c021000 rw-p 00000000 00:00 0 
7f2b8c021000-7f2b90000000 ---p 00000000 00:00 0 
7f2b90000000-7f2b90021000 rw-p 00000000 00:00 0 
7f2b90021000-7f2b94000000 ---p 00000000 00:00 0 
7f2b94000000-7f2b94021000 rw-p 00000000 00:00 0 
7f2b94021000-7f2b98000000 ---p 00000000 00:00 0 
7f2b98000000-7f2b98021000 rw-p 00000000 00:00 0 
7f2b98021000-7f2b9c000000 ---p 00000000 00:00 0 
7f2b9c000000-7f2b9c021000 rw-p 00000000 00:00 0 
7f2b9c021000-7f2ba0000000 ---p 00000000 00:00 0 
7f2ba0000000-7f2ba0021000 rw-p 00000000 00:00 0 
7f2ba0021000-7f2ba4000000 ---p 00000000 00:00 0 
7f2ba4000000-7f2ba44f0000 rw-p 00000000 00:00 0 
7f2ba44f0000-7f2ba4570000 rw-p 00000000 00:00 0 
7f2ba4570000-7f2ba45f0000 rw-p 00000000 00:00 0 
7f2ba45f0000-7f2ba4670000 rw-p 00000000 00:00 0 
7f2ba4670000-7f2ba46f0000 rw-p 00000000 00:00 0 
7f2ba46f0000-7f2ba48f0000 rw-p 00000000 00:00 0 
7f2ba48f0000-7f2ba49f0000 rw-p 00000000 00:00 0 
7f2ba49f0000-7f2ba4af0000 rw-p 00000000 00:00 0 
7f2ba4af0000-7f2ba4be0000 rw-p 00000000 00:00 0 
7f2ba4be0000-7f2ba4c00000 ---p 00000000 00:00 0 
7f2ba4c00000-7f2ba5530000 rw-p 00000000 00:00 0 
7f2ba5530000-7f2ba5540000 ---p 00000000 00:00 0 
7f2ba5540000-7f2ba5560000 rw-p 00000000 00:00 0 
7f2ba5560000-7f2ba8000000 ---p 00000000 00:00 0 
7f2ba8000000-7f2ba8021000 rw-p 00000000 00:00 0 
7f2ba8021000-7f2bac000000 ---p 00000000 00:00 0 
7f2bac201000-7f2bac5f5000 rw-p 00000000 00:00 0 
7f2bac5f5000-7f2bac5f6000 ---p 00000000 00:00 0 
7f2bac5f6000-7f2bac6f6000 rw-p 00000000 00:00 0 
7f2bac6f6000-7f2bac6f7000 ---p 00000000 00:00 0 
7f2bac6f7000-7f2bac7f7000 rw-p 00000000 00:00 0 
7f2bac7f7000-7f2bac7f8000 ---p 00000000 00:00 0 
7f2bac7f8000-7f2bac8f8000 rw-p 00000000 00:00 0 
7f2bac8f8000-7f2bac8f9000 ---p 00000000 00:00 0 
7f2bac8f9000-7f2bac9f9000 rw-p 00000000 00:00 0 
7f2bac9f9000-7f2bac9fa000 ---p 00000000 00:00 0 
7f2bac9fa000-7f2bacafa000 rw-p 00000000 00:00 0 
7f2bacafa000-7f2bacafb000 ---p 00000000 00:00 0 
7f2bacafb000-7f2bacbfb000 rw-p 00000000 00:00 0 
7f2bacbfb000-7f2bacbfc000 ---p 00000000 00:00 0 
7f2bacbfc000-7f2baccfc000 rw-p 00000000 00:00 0 
7f2baccfc000-7f2baccfd000 ---p 00000000 00:00 0 
7f2baccfd000-7f2bacdfd000 rw-p 00000000 00:00 0 
7f2bacdfd000-7f2bacdfe000 ---p 00000000 00:00 0 
7f2bacdfe000-7f2bacefe000 rw-p 00000000 00:00 0 
7f2bacefe000-7f2baceff000 ---p 00000000 00:00 0 
7f2baceff000-7f2bacfff000 rw-p 00000000 00:00 0 
7f2bacfff000-7f2bad000000 ---p 00000000 00:00 0 
7f2bad000000-7f2bad100000 rw-p 00000000 00:00 0 
7f2bad100000-7f2bad104000 ---p 00000000 00:00 0 
7f2bad104000-7f2bad200000 rw-p 00000000 00:00 0 
7f2bad200000-7f2bad203000 r-xp 00000000 103:04 1442097                   /tmp/libjansi-1.9.21-release-633-18393863275938138357.so
7f2bad203000-7f2bad402000 ---p 00003000 103:04 1442097                   /tmp/libjansi-1.9.21-release-633-18393863275938138357.so
7f2bad402000-7f2bad403000 rw-p 00002000 103:04 1442097                   /tmp/libjansi-1.9.21-release-633-18393863275938138357.so
7f2bad4ff000-7f2bad503000 ---p 00000000 00:00 0 
7f2bad503000-7f2bad5ff000 rw-p 00000000 00:00 0 
7f2bad5ff000-7f2bad600000 ---p 00000000 00:00 0 
7f2bad600000-7f2bad700000 rw-p 00000000 00:00 0 
7f2bad700000-7f2bad704000 ---p 00000000 00:00 0 
7f2bad704000-7f2bad800000 rw-p 00000000 00:00 0 
7f2bad800000-7f2bad804000 ---p 00000000 00:00 0 
7f2bad804000-7f2bad900000 rw-p 00000000 00:00 0 
7f2bad900000-7f2bad904000 ---p 00000000 00:00 0 
7f2bad904000-7f2bada00000 rw-p 00000000 00:00 0 
7f2bada00000-7f2badf75000 r--p 00000000 103:04 1995264                   /usr/lib/locale/locale-archive
7f2badfcf000-7f2bb0021000 rw-p 00000000 00:00 0 
7f2bb0021000-7f2bb4000000 ---p 00000000 00:00 0 
7f2bb4000000-7f2bb4021000 rw-p 00000000 00:00 0 
7f2bb4021000-7f2bb8000000 ---p 00000000 00:00 0 
7f2bb8000000-7f2bb8021000 rw-p 00000000 00:00 0 
7f2bb8021000-7f2bbc000000 ---p 00000000 00:00 0 
7f2bbc008000-7f2bbc00c000 ---p 00000000 00:00 0 
7f2bbc00c000-7f2bbc108000 rw-p 00000000 00:00 0 
7f2bbc108000-7f2bbc10c000 ---p 00000000 00:00 0 
7f2bbc10c000-7f2bbc208000 rw-p 00000000 00:00 0 
7f2bbc208000-7f2bbc20c000 ---p 00000000 00:00 0 
7f2bbc20c000-7f2bbc308000 rw-p 00000000 00:00 0 
7f2bbc308000-7f2bbc30c000 ---p 00000000 00:00 0 
7f2bbc30c000-7f2bbc408000 rw-p 00000000 00:00 0 
7f2bbc408000-7f2bbc40c000 ---p 00000000 00:00 0 
7f2bbc40c000-7f2bbc508000 rw-p 00000000 00:00 0 
7f2bbc508000-7f2bbc50c000 ---p 00000000 00:00 0 
7f2bbc50c000-7f2bbc608000 rw-p 00000000 00:00 0 
7f2bbc608000-7f2bbc609000 ---p 00000000 00:00 0 
7f2bbc609000-7f2bbc709000 rw-p 00000000 00:00 0 
7f2bbc823000-7f2bbc940000 rw-p 00000000 00:00 0 
7f2bbc940000-7f2bbc941000 ---p 00000000 00:00 0 
7f2bbc941000-7f2bbca41000 rw-p 00000000 00:00 0 
7f2bbca41000-7f2bbca42000 ---p 00000000 00:00 0 
7f2bbca42000-7f2bbd54c000 rw-p 00000000 00:00 0 
7f2bbd54c000-7f2bbd54d000 ---p 00000000 00:00 0 
7f2bbd54d000-7f2bbd64d000 rw-p 00000000 00:00 0 
7f2bbd64d000-7f2bbd64e000 ---p 00000000 00:00 0 
7f2bbd64e000-7f2bbd74e000 rw-p 00000000 00:00 0 
7f2bbd74e000-7f2bbd74f000 ---p 00000000 00:00 0 
7f2bbd74f000-7f2bbd947000 rw-p 00000000 00:00 0 
7f2bbd947000-7f2bbdb77000 ---p 00000000 00:00 0 
7f2bbdb77000-7f2bbdb8f000 rw-p 00000000 00:00 0 
7f2bbdb8f000-7f2bbdc17000 ---p 00000000 00:00 0 
7f2bbdc17000-7f2bbdc1f000 rw-p 00000000 00:00 0 
7f2bbdc1f000-7f2bc0ebf000 ---p 00000000 00:00 0 
7f2bc0ebf000-7f2bc0f47000 rw-p 00000000 00:00 0 
7f2bc0f47000-7f2bc1177000 ---p 00000000 00:00 0 
7f2bc1177000-7f2bc118f000 rw-p 00000000 00:00 0 
7f2bc118f000-7f2bc1217000 ---p 00000000 00:00 0 
7f2bc1217000-7f2bc121f000 rw-p 00000000 00:00 0 
7f2bc121f000-7f2bc44bf000 ---p 00000000 00:00 0 
7f2bc44bf000-7f2bc44d0000 rw-p 00000000 00:00 0 
7f2bc44d0000-7f2bc4516000 ---p 00000000 00:00 0 
7f2bc4516000-7f2bc4519000 rw-p 00000000 00:00 0 
7f2bc4519000-7f2bc452a000 ---p 00000000 00:00 0 
7f2bc452a000-7f2bc452b000 rw-p 00000000 00:00 0 
7f2bc452b000-7f2bc4b7f000 ---p 00000000 00:00 0 
7f2bc4b7f000-7f2bc4b90000 rw-p 00000000 00:00 0 
7f2bc4b90000-7f2bc4bd6000 ---p 00000000 00:00 0 
7f2bc4bd6000-7f2bc4bd9000 rw-p 00000000 00:00 0 
7f2bc4bd9000-7f2bc4bea000 ---p 00000000 00:00 0 
7f2bc4bea000-7f2bc4beb000 rw-p 00000000 00:00 0 
7f2bc4beb000-7f2bc523f000 ---p 00000000 00:00 0 
7f2bc523f000-7f2bc5250000 rw-p 00000000 00:00 0 
7f2bc5250000-7f2bc5296000 ---p 00000000 00:00 0 
7f2bc5296000-7f2bc5299000 rw-p 00000000 00:00 0 
7f2bc5299000-7f2bc52aa000 ---p 00000000 00:00 0 
7f2bc52aa000-7f2bc52ab000 rw-p 00000000 00:00 0 
7f2bc52ab000-7f2bc58ff000 ---p 00000000 00:00 0 
7f2bc58ff000-7f2bc5a00000 rw-p 00000000 00:00 0 
7f2bc5a00000-7f2bc5c70000 rwxp 00000000 00:00 0 
7f2bc5c70000-7f2bccf37000 ---p 00000000 00:00 0 
7f2bccf37000-7f2bcd1a7000 rwxp 00000000 00:00 0 
7f2bcd1a7000-7f2bcd4c9000 ---p 00000000 00:00 0 
7f2bcd4c9000-7f2bcd739000 rwxp 00000000 00:00 0 
7f2bcd739000-7f2bd4a00000 ---p 00000000 00:00 0 
7f2bd4a00000-7f2bd7ee6000 r--s 00000000 103:04 3162885                   /home/rodion/.local/share/JetBrains/Toolbox/apps/android-studio-2/jbr/lib/modules
7f2bd7eee000-7f2bd7ef4000 r--p 00000000 103:04 3162922                   /home/rodion/.local/share/JetBrains/Toolbox/apps/android-studio-2/jbr/lib/libverify.so
7f2bd7ef4000-7f2bd7efc000 r-xp 00005000 103:04 3162922                   /home/rodion/.local/share/JetBrains/Toolbox/apps/android-studio-2/jbr/lib/libverify.so
7f2bd7efc000-7f2bd7efe000 r--p 0000c000 103:04 3162922                   /home/rodion/.local/share/JetBrains/Toolbox/apps/android-studio-2/jbr/lib/libverify.so
7f2bd7efe000-7f2bd7eff000 rw-p 0000d000 103:04 3162922                   /home/rodion/.local/share/JetBrains/Toolbox/apps/android-studio-2/jbr/lib/libverify.so
7f2bd7eff000-7f2bd8bc6000 rw-p 00000000 00:00 0 
7f2bd8bc6000-7f2bdc000000 ---p 00000000 00:00 0 
7f2bdc00b000-7f2bdc012000 r--p 00000000 103:04 3162897                   /home/rodion/.local/share/JetBrains/Toolbox/apps/android-studio-2/jbr/lib/libnet.so
7f2bdc012000-7f2bdc01f000 r-xp 00006000 103:04 3162897                   /home/rodion/.local/share/JetBrains/Toolbox/apps/android-studio-2/jbr/lib/libnet.so
7f2bdc01f000-7f2bdc020000 r--p 00012000 103:04 3162897                   /home/rodion/.local/share/JetBrains/Toolbox/apps/android-studio-2/jbr/lib/libnet.so
7f2bdc020000-7f2bdc022000 rw-p 00012000 103:04 3162897                   /home/rodion/.local/share/JetBrains/Toolbox/apps/android-studio-2/jbr/lib/libnet.so
7f2bdc022000-7f2bdc82f000 rw-p 00000000 00:00 0 
7f2bdc82f000-7f2bdc915000 ---p 00000000 00:00 0 
7f2bdc915000-7f2bdc91a000 rw-p 00000000 00:00 0 
7f2bdc91a000-7f2bdca00000 ---p 00000000 00:00 0 
7f2bdca00000-7f2bdcf37000 r--p 00000000 103:04 3162900                   /home/rodion/.local/share/JetBrains/Toolbox/apps/android-studio-2/jbr/lib/server/libjvm.so
7f2bdcf37000-7f2bddb0f000 r-xp 00536000 103:04 3162900                   /home/rodion/.local/share/JetBrains/Toolbox/apps/android-studio-2/jbr/lib/server/libjvm.so
7f2bddb0f000-7f2bddbd1000 r--p 0110d000 103:04 3162900                   /home/rodion/.local/share/JetBrains/Toolbox/apps/android-studio-2/jbr/lib/server/libjvm.so
7f2bddbd1000-7f2bddbfa000 rw-p 011ce000 103:04 3162900                   /home/rodion/.local/share/JetBrains/Toolbox/apps/android-studio-2/jbr/lib/server/libjvm.so
7f2bddbfa000-7f2bddc6e000 rw-p 00000000 00:00 0 
7f2bddc74000-7f2bddc7f000 r--p 00000000 103:04 3162917                   /home/rodion/.local/share/JetBrains/Toolbox/apps/android-studio-2/jbr/lib/libnio.so
7f2bddc7f000-7f2bddc87000 r-xp 0000a000 103:04 3162917                   /home/rodion/.local/share/JetBrains/Toolbox/apps/android-studio-2/jbr/lib/libnio.so
7f2bddc87000-7f2bddc88000 r--p 00011000 103:04 3162917                   /home/rodion/.local/share/JetBrains/Toolbox/apps/android-studio-2/jbr/lib/libnio.so
7f2bddc88000-7f2bddc89000 rw-p 00011000 103:04 3162917                   /home/rodion/.local/share/JetBrains/Toolbox/apps/android-studio-2/jbr/lib/libnio.so
7f2bddc89000-7f2bddc92000 r--p 00000000 103:04 3162891                   /home/rodion/.local/share/JetBrains/Toolbox/apps/android-studio-2/jbr/lib/libzip.so
7f2bddc92000-7f2bddca7000 r-xp 00008000 103:04 3162891                   /home/rodion/.local/share/JetBrains/Toolbox/apps/android-studio-2/jbr/lib/libzip.so
7f2bddca7000-7f2bddca9000 r--p 0001c000 103:04 3162891                   /home/rodion/.local/share/JetBrains/Toolbox/apps/android-studio-2/jbr/lib/libzip.so
7f2bddca9000-7f2bddcaa000 rw-p 0001d000 103:04 3162891                   /home/rodion/.local/share/JetBrains/Toolbox/apps/android-studio-2/jbr/lib/libzip.so
7f2bddcaa000-7f2bddcaf000 rw-p 00000000 00:00 0 
7f2bddcaf000-7f2bddcb6000 ---p 00000000 00:00 0 
7f2bddcb6000-7f2bddcc8000 r--p 00000000 103:04 3162925                   /home/rodion/.local/share/JetBrains/Toolbox/apps/android-studio-2/jbr/lib/libjava.so
7f2bddcc8000-7f2bddcda000 r-xp 00011000 103:04 3162925                   /home/rodion/.local/share/JetBrains/Toolbox/apps/android-studio-2/jbr/lib/libjava.so
7f2bddcda000-7f2bddcdb000 r--p 00022000 103:04 3162925                   /home/rodion/.local/share/JetBrains/Toolbox/apps/android-studio-2/jbr/lib/libjava.so
7f2bddcdb000-7f2bddcdd000 rw-p 00022000 103:04 3162925                   /home/rodion/.local/share/JetBrains/Toolbox/apps/android-studio-2/jbr/lib/libjava.so
7f2bddcdd000-7f2bddce8000 r--p 00000000 103:04 3162933                   /home/rodion/.local/share/JetBrains/Toolbox/apps/android-studio-2/jbr/lib/libjimage.so
7f2bddce8000-7f2bddcfd000 r-xp 0000a000 103:04 3162933                   /home/rodion/.local/share/JetBrains/Toolbox/apps/android-studio-2/jbr/lib/libjimage.so
7f2bddcfd000-7f2bddcff000 r--p 0001e000 103:04 3162933                   /home/rodion/.local/share/JetBrains/Toolbox/apps/android-studio-2/jbr/lib/libjimage.so
7f2bddcff000-7f2bddd00000 rw-p 0001f000 103:04 3162933                   /home/rodion/.local/share/JetBrains/Toolbox/apps/android-studio-2/jbr/lib/libjimage.so
7f2bddd00000-7f2bddd04000 ---p 00000000 00:00 0 
7f2bddd04000-7f2bdde00000 rw-p 00000000 00:00 0 
7f2bdde00000-7f2bdde22000 r--p 00000000 103:04 1968528                   /usr/lib/x86_64-linux-gnu/libc.so.6
7f2bdde22000-7f2bddf9a000 r-xp 00022000 103:04 1968528                   /usr/lib/x86_64-linux-gnu/libc.so.6
7f2bddf9a000-7f2bddff2000 r--p 0019a000 103:04 1968528                   /usr/lib/x86_64-linux-gnu/libc.so.6
7f2bddff2000-7f2bddff6000 r--p 001f1000 103:04 1968528                   /usr/lib/x86_64-linux-gnu/libc.so.6
7f2bddff6000-7f2bddff8000 rw-p 001f5000 103:04 1968528                   /usr/lib/x86_64-linux-gnu/libc.so.6
7f2bddff8000-7f2bde005000 rw-p 00000000 00:00 0 
7f2bde009000-7f2bde010000 r--s 00000000 103:04 1968884                   /usr/lib/x86_64-linux-gnu/gconv/gconv-modules.cache
7f2bde010000-7f2bde011000 r--p 00000000 103:04 1968582                   /usr/lib/x86_64-linux-gnu/librt.so.1
7f2bde011000-7f2bde012000 r-xp 00001000 103:04 1968582                   /usr/lib/x86_64-linux-gnu/librt.so.1
7f2bde012000-7f2bde013000 r--p 00002000 103:04 1968582                   /usr/lib/x86_64-linux-gnu/librt.so.1
7f2bde013000-7f2bde014000 r--p 00002000 103:04 1968582                   /usr/lib/x86_64-linux-gnu/librt.so.1
7f2bde014000-7f2bde015000 rw-p 00003000 103:04 1968582                   /usr/lib/x86_64-linux-gnu/librt.so.1
7f2bde015000-7f2bde023000 r--p 00000000 103:04 1968538                   /usr/lib/x86_64-linux-gnu/libm.so.6
7f2bde023000-7f2bde0a1000 r-xp 0000e000 103:04 1968538                   /usr/lib/x86_64-linux-gnu/libm.so.6
7f2bde0a1000-7f2bde0fc000 r--p 0008c000 103:04 1968538                   /usr/lib/x86_64-linux-gnu/libm.so.6
7f2bde0fc000-7f2bde0fd000 r--p 000e6000 103:04 1968538                   /usr/lib/x86_64-linux-gnu/libm.so.6
7f2bde0fd000-7f2bde0fe000 rw-p 000e7000 103:04 1968538                   /usr/lib/x86_64-linux-gnu/libm.so.6
7f2bde0fe000-7f2bde100000 rw-p 00000000 00:00 0 
7f2bde100000-7f2bde101000 r--p 00000000 103:04 1968531                   /usr/lib/x86_64-linux-gnu/libdl.so.2
7f2bde101000-7f2bde102000 r-xp 00001000 103:04 1968531                   /usr/lib/x86_64-linux-gnu/libdl.so.2
7f2bde102000-7f2bde103000 r--p 00002000 103:04 1968531                   /usr/lib/x86_64-linux-gnu/libdl.so.2
7f2bde103000-7f2bde104000 r--p 00002000 103:04 1968531                   /usr/lib/x86_64-linux-gnu/libdl.so.2
7f2bde104000-7f2bde105000 rw-p 00003000 103:04 1968531                   /usr/lib/x86_64-linux-gnu/libdl.so.2
7f2bde105000-7f2bde106000 r--p 00000000 103:04 1968576                   /usr/lib/x86_64-linux-gnu/libpthread.so.0
7f2bde106000-7f2bde107000 r-xp 00001000 103:04 1968576                   /usr/lib/x86_64-linux-gnu/libpthread.so.0
7f2bde107000-7f2bde108000 r--p 00002000 103:04 1968576                   /usr/lib/x86_64-linux-gnu/libpthread.so.0
7f2bde108000-7f2bde109000 r--p 00002000 103:04 1968576                   /usr/lib/x86_64-linux-gnu/libpthread.so.0
7f2bde109000-7f2bde10a000 rw-p 00003000 103:04 1968576                   /usr/lib/x86_64-linux-gnu/libpthread.so.0
7f2bde110000-7f2bde111000 r--p 00000000 103:04 1968587                   /usr/lib/x86_64-linux-gnu/libutil.so.1
7f2bde111000-7f2bde112000 r-xp 00001000 103:04 1968587                   /usr/lib/x86_64-linux-gnu/libutil.so.1
7f2bde112000-7f2bde113000 r--p 00002000 103:04 1968587                   /usr/lib/x86_64-linux-gnu/libutil.so.1
7f2bde113000-7f2bde114000 r--p 00002000 103:04 1968587                   /usr/lib/x86_64-linux-gnu/libutil.so.1
7f2bde114000-7f2bde115000 rw-p 00003000 103:04 1968587                   /usr/lib/x86_64-linux-gnu/libutil.so.1
7f2bde115000-7f2bde11d000 rw-s 00000000 103:04 1442087                   /tmp/hsperfdata_rodion/16279
7f2bde11d000-7f2bde11e000 ---p 00000000 00:00 0 
7f2bde11e000-7f2bde11f000 r--p 00000000 00:00 0 
7f2bde11f000-7f2bde120000 ---p 00000000 00:00 0 
7f2bde120000-7f2bde129000 r--p 00000000 103:04 3162906                   /home/rodion/.local/share/JetBrains/Toolbox/apps/android-studio-2/jbr/lib/libjli.so
7f2bde129000-7f2bde138000 r-xp 00008000 103:04 3162906                   /home/rodion/.local/share/JetBrains/Toolbox/apps/android-studio-2/jbr/lib/libjli.so
7f2bde138000-7f2bde139000 r--p 00016000 103:04 3162906                   /home/rodion/.local/share/JetBrains/Toolbox/apps/android-studio-2/jbr/lib/libjli.so
7f2bde139000-7f2bde13a000 rw-p 00016000 103:04 3162906                   /home/rodion/.local/share/JetBrains/Toolbox/apps/android-studio-2/jbr/lib/libjli.so
7f2bde13a000-7f2bde13c000 rw-p 00000000 00:00 0 
7f2bde13c000-7f2bde13d000 r--p 00000000 103:04 1968525                   /usr/lib/x86_64-linux-gnu/ld-linux-x86-64.so.2
7f2bde13d000-7f2bde165000 r-xp 00001000 103:04 1968525                   /usr/lib/x86_64-linux-gnu/ld-linux-x86-64.so.2
7f2bde165000-7f2bde16f000 r--p 00029000 103:04 1968525                   /usr/lib/x86_64-linux-gnu/ld-linux-x86-64.so.2
7f2bde16f000-7f2bde171000 r--p 00033000 103:04 1968525                   /usr/lib/x86_64-linux-gnu/ld-linux-x86-64.so.2
7f2bde171000-7f2bde173000 rw-p 00035000 103:04 1968525                   /usr/lib/x86_64-linux-gnu/ld-linux-x86-64.so.2
7ffd4d4e0000-7ffd4d501000 rw-p 00000000 00:00 0                          [stack]
7ffd4d517000-7ffd4d51b000 r--p 00000000 00:00 0                          [vvar]
7ffd4d51b000-7ffd4d51d000 r-xp 00000000 00:00 0                          [vdso]
ffffffffff600000-ffffffffff601000 --xp 00000000 00:00 0                  [vsyscall]


VM Arguments:
java_command: org.jetbrains.kotlin.cli.jvm.K2JVMCompiler @/var/www/html/YkisPAM/app/build/20240120_6030246922946917682.compiler.options
java_class_path (initial): /home/rodion/.gradle/caches/modules-2/files-2.1/org.jetbrains.kotlin/kotlin-compiler-embeddable/1.9.21/a8f2d2fed3fc195beef3fab4a7fd1a844e101f0e/kotlin-compiler-embeddable-1.9.21.jar:/home/rodion/.gradle/caches/modules-2/files-2.1/org.jetbrains.kotlin/kotlin-stdlib/1.9.21/17ee3e873d439566c7d8354403b5f3d9744c4c9c/kotlin-stdlib-1.9.21.jar:/home/rodion/.gradle/caches/modules-2/files-2.1/org.jetbrains.kotlin/kotlin-script-runtime/1.9.21/f5ff679bd666f7f2376209fff998b775b7b701c7/kotlin-script-runtime-1.9.21.jar:/home/rodion/.gradle/caches/modules-2/files-2.1/org.jetbrains.kotlin/kotlin-reflect/1.6.10/1cbe9c92c12a94eea200d23c2bbaedaf3daf5132/kotlin-reflect-1.6.10.jar:/home/rodion/.gradle/caches/modules-2/files-2.1/org.jetbrains.kotlin/kotlin-daemon-embeddable/1.9.21/e21e55f41ec5f254aec366097b902709b5843234/kotlin-daemon-embeddable-1.9.21.jar:/home/rodion/.gradle/caches/modules-2/files-2.1/org.jetbrains.intellij.deps/trove4j/1.0.20200330/3afb14d5f9ceb459d724e907a21145e8ff394f02/trove4j-1.0.20200330.jar:/home/rodion/.gradle/caches/modules-2/files-2.1/org.jetbrains/annotations/13.0/919f0dfe192fb4e063e7dacadee7f8bb9a2672a9/annotations-13.0.jar
Launcher Type: SUN_STANDARD

[Global flags]
     intx CICompilerCount                          = 4                                         {product} {ergonomic}
     uint ConcGCThreads                            = 3                                         {product} {ergonomic}
     uint G1ConcRefinementThreads                  = 10                                        {product} {ergonomic}
   size_t G1HeapRegionSize                         = 2097152                                   {product} {ergonomic}
    uintx GCDrainStackTargetSize                   = 64                                        {product} {ergonomic}
   size_t InitialHeapSize                          = 226492416                                 {product} {ergonomic}
   size_t MarkStackSize                            = 4194304                                   {product} {ergonomic}
   size_t MaxHeapSize                              = 3623878656                                {product} {ergonomic}
   size_t MaxNewSize                               = 2172649472                                {product} {ergonomic}
   size_t MinHeapDeltaBytes                        = 2097152                                   {product} {ergonomic}
   size_t MinHeapSize                              = 8388608                                   {product} {ergonomic}
    uintx NonNMethodCodeHeapSize                   = 5839372                                {pd product} {ergonomic}
    uintx NonProfiledCodeHeapSize                  = 122909434                              {pd product} {ergonomic}
    uintx ProfiledCodeHeapSize                     = 122909434                              {pd product} {ergonomic}
    uintx ReservedCodeCacheSize                    = 251658240                              {pd product} {ergonomic}
     bool SegmentedCodeCache                       = true                                      {product} {ergonomic}
   size_t SoftMaxHeapSize                          = 3623878656                             {manageable} {ergonomic}
     bool UseCompressedClassPointers               = true                           {product lp64_product} {ergonomic}
     bool UseCompressedOops                        = true                           {product lp64_product} {ergonomic}
     bool UseG1GC                                  = true                                      {product} {ergonomic}

Logging:
Log output configuration:
 #0: stdout all=warning uptime,level,tags
 #1: stderr all=off uptime,level,tags

Environment Variables:
JAVA_HOME=/usr/lib/jvm/java-17-openjdk-amd64/bin/java
PATH=/usr/local/sbin:/usr/local/bin:/usr/sbin:/usr/bin:/sbin:/bin:/usr/games:/usr/local/games:/snap/bin:/home/rodion/.local/share/JetBrains/Toolbox/scripts
SHELL=/bin/bash
DISPLAY=:0
LANG=ru_UA.UTF-8

Active Locale:
LC_ALL=ru_UA.UTF-8
LC_COLLATE=ru_UA.UTF-8
LC_CTYPE=ru_UA.UTF-8
LC_MESSAGES=ru_UA.UTF-8
LC_MONETARY=ru_UA.UTF-8
LC_NUMERIC=ru_UA.UTF-8
LC_TIME=ru_UA.UTF-8

Signal Handlers:
   SIGSEGV: crash_handler in libjvm.so, mask=11100100010111111101111111111110, flags=SA_RESTART|SA_SIGINFO, unblocked
    SIGBUS: crash_handler in libjvm.so, mask=11100100010111111101111111111110, flags=SA_RESTART|SA_SIGINFO, unblocked
    SIGFPE: crash_handler in libjvm.so, mask=11100100010111111101111111111110, flags=SA_RESTART|SA_SIGINFO, unblocked
   SIGPIPE: javaSignalHandler in libjvm.so, mask=11100100010111111101111111111110, flags=SA_RESTART|SA_SIGINFO, blocked
   SIGXFSZ: javaSignalHandler in libjvm.so, mask=11100100010111111101111111111110, flags=SA_RESTART|SA_SIGINFO, blocked
    SIGILL: crash_handler in libjvm.so, mask=11100100010111111101111111111110, flags=SA_RESTART|SA_SIGINFO, unblocked
   SIGUSR2: SR_handler in libjvm.so, mask=00100000000000000000000000000000, flags=SA_RESTART|SA_SIGINFO, blocked
    SIGHUP: UserHandler in libjvm.so, mask=11100100010111111101111111111110, flags=SA_RESTART|SA_SIGINFO, blocked
    SIGINT: UserHandler in libjvm.so, mask=11100100010111111101111111111110, flags=SA_RESTART|SA_SIGINFO, blocked
   SIGTERM: UserHandler in libjvm.so, mask=11100100010111111101111111111110, flags=SA_RESTART|SA_SIGINFO, blocked
   SIGQUIT: UserHandler in libjvm.so, mask=11100100010111111101111111111110, flags=SA_RESTART|SA_SIGINFO, blocked
   SIGTRAP: crash_handler in libjvm.so, mask=11100100010111111101111111111110, flags=SA_RESTART|SA_SIGINFO, unblocked


Periodic native trim disabled

JNI global refs:
JNI global refs: 11, weak refs: 9

JNI global refs memory usage: 867, weak refs: 865

OOME stack traces (most recent first):
Classloader memory used:
Loader jdk.internal.loader.ClassLoaders$AppClassLoader                                 : 1778K
Loader bootstrap                                                                       : 1260K
Loader java.net.URLClassLoader                                                         : 24312B
Loader jdk.internal.reflect.DelegatingClassLoader                                      : 434B


---------------  S Y S T E M  ---------------

OS:
DISTRIB_ID=Ubuntu
DISTRIB_RELEASE=23.04
DISTRIB_CODENAME=lunar
DISTRIB_DESCRIPTION="Ubuntu 23.04"
uname: Linux 6.2.0-39-generic #40-Ubuntu SMP PREEMPT_DYNAMIC Tue Nov 14 14:18:00 UTC 2023 x86_64
OS uptime: 0 days 1:36 hours
libc: glibc 2.37 NPTL 2.37 
rlimit (soft/hard): STACK 8192k/infinity , CORE 0k/infinity , NPROC 54776/54776 , NOFILE 1048576/1048576 , AS infinity/infinity , CPU infinity/infinity , DATA infinity/infinity , FSIZE infinity/infinity , MEMLOCK 1768584k/1768584k
load average: 1,38 0,74 0,73

/proc/meminfo:
MemTotal:       14148696 kB
MemFree:          421044 kB
MemAvailable:    4568504 kB
Buffers:          328992 kB
Cached:          3965056 kB
SwapCached:       324260 kB
Active:          3722448 kB
Inactive:        9092856 kB
Active(anon):    1132980 kB
Inactive(anon):  7441452 kB
Active(file):    2589468 kB
Inactive(file):  1651404 kB
Unevictable:          32 kB
Mlocked:              32 kB
SwapTotal:       5858300 kB
SwapFree:        4127740 kB
Zswap:                 0 kB
Zswapped:              0 kB
Dirty:               348 kB
Writeback:             0 kB
AnonPages:       8404956 kB
Mapped:           658340 kB
Shmem:             53172 kB
KReclaimable:     234788 kB
Slab:             392396 kB
SReclaimable:     234788 kB
SUnreclaim:       157608 kB
KernelStack:       23408 kB
PageTables:        57528 kB
SecPageTables:         0 kB
NFS_Unstable:          0 kB
Bounce:                0 kB
WritebackTmp:          0 kB
CommitLimit:    12932648 kB
Committed_AS:   18959436 kB
VmallocTotal:   34359738367 kB
VmallocUsed:      138804 kB
VmallocChunk:          0 kB
Percpu:            12608 kB
HardwareCorrupted:     0 kB
AnonHugePages:         0 kB
ShmemHugePages:        0 kB
ShmemPmdMapped:        0 kB
FileHugePages:         0 kB
FilePmdMapped:         0 kB
HugePages_Total:       0
HugePages_Free:        0
HugePages_Rsvd:        0
HugePages_Surp:        0
Hugepagesize:       2048 kB
Hugetlb:               0 kB
DirectMap4k:     1049028 kB
DirectMap2M:    13479936 kB
DirectMap1G:           0 kB

/sys/kernel/mm/transparent_hugepage/enabled: always [madvise] never
/sys/kernel/mm/transparent_hugepage/defrag (defrag/compaction efforts parameter): always defer defer+madvise [madvise] never

Process Memory:
Virtual Size: 7173416K (peak: 7236004K)
Resident Set Size: 129420K (peak: 129420K) (anon: 103308K, file: 26112K, shmem: 0K)
Swapped out: 0K
C-Heap outstanding allocations: 49892K, retained: 6335K
glibc malloc tunables: (default)

/proc/sys/kernel/threads-max (system-wide limit on the number of threads): 109553
/proc/sys/vm/max_map_count (maximum number of memory map areas a process may have): 65530
/proc/sys/kernel/pid_max (system-wide limit on number of process identifiers): 4194304

container (cgroup) information:
container_type: cgroupv2
cpu_cpuset_cpus: not supported
cpu_memory_nodes: not supported
active_processor_count: 12
cpu_quota: not supported
cpu_period: not supported
cpu_shares: not supported
memory_limit_in_bytes: unlimited
memory_and_swap_limit_in_bytes: unlimited
memory_soft_limit_in_bytes: unlimited
memory_usage_in_bytes: 9856980 k
memory_max_usage_in_bytes: not supported
memory_swap_current_in_bytes: 1277092 k
memory_swap_max_limit_in_bytes: unlimited
maximum number of tasks: 16432
current number of tasks: 544

Steal ticks since vm start: 0
Steal ticks percentage since vm start:  0,000

CPU: total 16 (initial active 12) (12 cores per cpu, 2 threads per core) family 25 model 80 stepping 0 microcode 0xa50000c, cx8, cmov, fxsr, ht, mmx, 3dnowpref, sse, sse2, sse3, ssse3, sse4a, sse4.1, sse4.2, popcnt, lzcnt, tsc, tscinvbit, avx, avx2, aes, erms, clmul, bmi1, bmi2, adx, sha, fma, vzeroupper, clflush, clflushopt
CPU Model and flags from /proc/cpuinfo:
model name	: AMD Ryzen 5 5600H with Radeon Graphics
flags		: fpu vme de pse tsc msr pae mce cx8 apic sep mtrr pge mca cmov pat pse36 clflush mmx fxsr sse sse2 ht syscall nx mmxext fxsr_opt pdpe1gb rdtscp lm constant_tsc rep_good nopl nonstop_tsc cpuid extd_apicid aperfmperf rapl pni pclmulqdq monitor ssse3 fma cx16 sse4_1 sse4_2 movbe popcnt aes xsave avx f16c rdrand lahf_lm cmp_legacy svm extapic cr8_legacy abm sse4a misalignsse 3dnowprefetch osvw ibs skinit wdt tce topoext perfctr_core perfctr_nb bpext perfctr_llc mwaitx cpb cat_l3 cdp_l3 hw_pstate ssbd mba ibrs ibpb stibp vmmcall fsgsbase bmi1 avx2 smep bmi2 erms invpcid cqm rdt_a rdseed adx smap clflushopt clwb sha_ni xsaveopt xsavec xgetbv1 xsaves cqm_llc cqm_occup_llc cqm_mbm_total cqm_mbm_local clzero irperf xsaveerptr rdpru wbnoinvd cppc arat npt lbrv svm_lock nrip_save tsc_scale vmcb_clean flushbyasid decodeassists pausefilter pfthreshold avic v_vmsave_vmload vgif v_spec_ctrl umip pku ospke vaes vpclmulqdq rdpid overflow_recov succor smca fsrm

Online cpus: 0-11
Offline cpus: 12-15
BIOS frequency limitation: 3300000
Frequency switch latency (ns): 0
Available cpu frequencies: 3300000 1300000 1200000 
Current governor: schedutil
Core performance/turbo boost: 1

Memory: 4k page, physical 14148696k(421044k free), swap 5858300k(4127740k free)
Page Sizes: 4k

vm_info: OpenJDK 64-Bit Server VM (17.0.9+0-17.0.9b1087.7-11185874) for linux-amd64 JRE (17.0.9+0-17.0.9b1087.7-11185874), built on Dec  6 2023 18:35:35 by "androidbuild" with clang Android (8508608, based on r450784e) Clang 14.0.7 (https://android.googlesource.com/toolchain/llvm-project 4c603efb0cca074e9238af8b4106c30add4418f6)

END.
