#
# A fatal error has been detected by the Java Runtime Environment:
#
#  SIGSEGV (0xb) at pc=0x00007f836ef71898, pid=14326, tid=14360
#
# JRE version: OpenJDK Runtime Environment (17.0.9) (build 17.0.9+0-17.0.9b1087.7-11185874)
# Java VM: OpenJDK 64-Bit Server VM (17.0.9+0-17.0.9b1087.7-11185874, mixed mode, tiered, compressed oops, compressed class ptrs, parallel gc, linux-amd64)
# Problematic frame:
# C  [libc.so.6+0x171898]
#
# Core dump will be written. Default location: Core dumps may be processed with "/usr/share/apport/apport -p%p -s%s -c%c -d%d -P%P -u%u -g%g -- %E" (or dumping to /var/www/html/YkisPAM/core.14326)
#
# If you would like to submit a bug report, please visit:
#   https://bugreport.java.com/bugreport/crash.jsp
#

---------------  S U M M A R Y ------------

Command Line: -XX:+HeapDumpOnOutOfMemoryError -XX:+UseParallelGC -XX:MaxMetaspaceSize=1g --add-opens=java.base/java.util=ALL-UNNAMED --add-opens=java.base/java.lang=ALL-UNNAMED --add-opens=java.base/java.lang.invoke=ALL-UNNAMED --add-opens=java.prefs/java.util.prefs=ALL-UNNAMED --add-opens=java.base/java.nio.charset=ALL-UNNAMED --add-opens=java.base/java.net=ALL-UNNAMED --add-opens=java.base/java.util.concurrent.atomic=ALL-UNNAMED -Xmx4608m -Dfile.encoding=UTF-8 -Duser.country=UA -Duser.language=ru -Duser.variant -javaagent:/home/rodion/.gradle/wrapper/dists/gradle-8.4-bin/1w5dpkrfk8irigvoxmyhowfim/gradle-8.4/lib/agents/gradle-instrumentation-agent-8.4.jar org.gradle.launcher.daemon.bootstrap.GradleDaemon 8.4

Host: AMD Ryzen 5 5600H with Radeon Graphics, 16 cores, 13G, Ubuntu 23.04
Time: Sun Jan 28 14:17:11 2024 EET elapsed time: 3.079940 seconds (0d 0h 0m 3s)

---------------  T H R E A D  ---------------

Current thread (0x00007f833c004160):  GCTaskThread "GC Thread#4" [stack: 0x00007f82eba00000,0x00007f82ebb00000] [id=14360]

Stack: [0x00007f82eba00000,0x00007f82ebb00000],  sp=0x00007f82ebafebc8,  free space=1018k
Native frames: (J=compiled Java code, j=interpreted, Vv=VM code, C=native code)
C  [libc.so.6+0x171898]
V  [libjvm.so+0xe7415e]  PSPromotionManager::drain_stacks_depth(bool)+0x1de
V  [libjvm.so+0xe5dea4]  PSCardTable::scavenge_contents_parallel(ObjectStartArray*, MutableSpace*, HeapWordImpl**, PSPromotionManager*, unsigned int, unsigned int)+0xed4
V  [libjvm.so+0xe78e60]  ScavengeRootsTask::work(unsigned int)+0xb0
V  [libjvm.so+0x10bbbec]  GangWorker::run()+0x5c
V  [libjvm.so+0x100dbff]  Thread::call_run()+0xbf
V  [libjvm.so+0xe12ce9]  thread_native_entry(Thread*)+0x119


siginfo: si_signo: 11 (SIGSEGV), si_code: 2 (SEGV_ACCERR), si_addr: 0x00000007a9d80000

Registers:
RAX=0x00000006e2a93798, RBX=0x00000007a03d0ab8, RCX=0x0000000000000016, RDX=0x0000000000000018
RSP=0x00007f82ebafebc8, RBP=0x00007f82ebafec40, RSI=0x00000007a9d7cfe0, RDI=0x00000006ec43fcc0
R8 =0xffffffffffffffd8, R9 =0x0000000000000001, R10=0x0000000000001995, R11=0x000000000c000000
R12=0x00007f8368220700, R13=0x000000006ec2ba01, R14=0x00000007a8bb4ecc, R15=0x00000006e2a93798
RIP=0x00007f836ef71898, EFLAGS=0x0000000000010203, CSGSFS=0x002b000000000033, ERR=0x0000000000000004
  TRAPNO=0x000000000000000e


Register to memory mapping:

RAX=0x00000006e2a93798 is an oop: [B 
{0x00000006e2a93798} - klass: {type array byte}
 - length: 268435499
RBX=0x00000007a03d0ab8 is an oop: [B 
{0x00000007a03d0ab8} - klass: {type array byte}
 - length: 268435499
RCX=0x0000000000000016 is an unknown value
RDX=0x0000000000000018 is an unknown value
RSP=0x00007f82ebafebc8 points into unknown readable memory: 0x00007f836e87546c | 6c 54 87 6e 83 7f 00 00
RBP=0x00007f82ebafec40 points into unknown readable memory: 0x00007f82ebafec80 | 80 ec af eb 82 7f 00 00
RSI=0x00000007a9d7cfe0 points into unknown readable memory: 0x0000000000000000 | 00 00 00 00 00 00 00 00
RDI=0x00000006ec43fcc0 is pointing into object: [B 
{0x00000006e2a93798} - klass: {type array byte}
 - length: 268435499
R8 =0xffffffffffffffd8 is an unknown value
R9 =0x0000000000000001 is an unknown value
R10=0x0000000000001995 is an unknown value
R11=0x000000000c000000 is an unknown value
R12=0x00007f8368220700 points into unknown readable memory: 0x00007f836ebc30d8 | d8 30 bc 6e 83 7f 00 00
R13=0x000000006ec2ba01 is an unknown value
R14=0x00000007a8bb4ecc points into unknown readable memory: 57 a1 07 f4
R15=0x00000006e2a93798 is an oop: [B 
{0x00000006e2a93798} - klass: {type array byte}
 - length: 268435499


Top of Stack: (sp=0x00007f82ebafebc8)
0x00007f82ebafebc8:   00007f836e87546c 00007f82ebafec30
0x00007f82ebafebd8:   00007f836e9db5db 00007f836ebc2ae8
0x00007f82ebafebe8:   00007f83680b90d0 00007f8368220700
0x00007f82ebafebf8:   0000000000000001 00000007a03d0ab8
0x00007f82ebafec08:   00007f8368220700 0000000002000008
0x00007f82ebafec18:   00007f8368220700 00007f8368040f60
0x00007f82ebafec28:   00007f8368220860 00007f83682209e0
0x00007f82ebafec38:   ffffffff00000000 00007f82ebafec80
0x00007f82ebafec48:   00007f836e87415e 0000000000000119
0x00007f82ebafec58:   00007f836cf349a4 00007f8368040f60
0x00007f82ebafec68:   00000006e1734800 00000006e1734800
0x00007f82ebafec78:   0000000000000240 00007f82ebafed60
0x00007f82ebafec88:   00007f836e85dea4 00007f8368223b00
0x00007f82ebafec98:   0000000000000080 0000000000000500
0x00007f82ebafeca8:   00007f836ebc2ae8 00007f83680b90d0
0x00007f82ebafecb8:   00007f8368220700 00007f836cf34980
0x00007f82ebafecc8:   00007f836cf3e48b 00000006e2a91798
0x00007f82ebafecd8:   00000006e1740000 00007f836cf34981
0x00007f82ebafece8:   00007f836cf34a00 00007f836cf34981
0x00007f82ebafecf8:   00007f836cf3e48c 00007f8368220700
0x00007f82ebafed08:   00007f836cf34901 00000006e1734800
0x00007f82ebafed18:   00007f836cf34900 00007f8368016490
0x00007f82ebafed28:   00007f836cf34a00 00007f836cf34a01
0x00007f82ebafed38:   00007f8368220700 0000000000000001
0x00007f82ebafed48:   0000000000000002 0000000000000001
0x00007f82ebafed58:   00007f83424f3310 00007f82ebafee10
0x00007f82ebafed68:   00007f836e878e60 00007f830000000a
0x00007f82ebafed78:   000001890000000e 00007f833c004420
0x00007f82ebafed88:   00007f8300034ad0 00007f8300034ae0
0x00007f82ebafed98:   0000000300000000 00007f8300034eb8
0x00007f82ebafeda8:   00000000000003d8 00007f836ee97610
0x00007f82ebafedb8:   00007f836803f510 00007f83424f2f60 

Instructions: (pc=0x00007f836ef71898)
0x00007f836ef71798:   83 c2 80 c5 fd 7f 07 c5 fd 7f 4f 20 c5 fd 7f 57
0x00007f836ef717a8:   40 c5 fd 7f 5f 60 48 83 ef 80 81 fa 80 00 00 00
0x00007f836ef717b8:   77 ab c5 fe 6f 44 16 80 c5 fe 6f 4c 16 a0 c5 fe
0x00007f836ef717c8:   6f 54 16 c0 c5 fe 6f 5c 16 e0 c5 fe 7f 44 17 80
0x00007f836ef717d8:   c5 fe 7f 4c 17 a0 c5 fe 7f 54 17 c0 c5 fe 7f 5c
0x00007f836ef717e8:   17 e0 c5 f8 77 c3 66 90 81 e2 ff 3f 00 00 49 c1
0x00007f836ef717f8:   ea 0e 66 0f 1f 44 00 00 b9 20 00 00 00 0f 18 8e
0x00007f836ef71808:   80 00 00 00 0f 18 8e c0 00 00 00 0f 18 8e 80 10
0x00007f836ef71818:   00 00 0f 18 8e c0 10 00 00 0f 18 8e 80 20 00 00
0x00007f836ef71828:   0f 18 8e c0 20 00 00 0f 18 8e 80 30 00 00 0f 18
0x00007f836ef71838:   8e c0 30 00 00 c5 fe 6f 06 c5 fe 6f 4e 20 c5 fe
0x00007f836ef71848:   6f 56 40 c5 fe 6f 5e 60 c5 fe 6f a6 00 10 00 00
0x00007f836ef71858:   c5 fe 6f ae 20 10 00 00 c5 fe 6f b6 40 10 00 00
0x00007f836ef71868:   c5 fe 6f be 60 10 00 00 c5 7e 6f 86 00 20 00 00
0x00007f836ef71878:   c5 7e 6f 8e 20 20 00 00 c5 7e 6f 96 40 20 00 00
0x00007f836ef71888:   c5 7e 6f 9e 60 20 00 00 c5 7e 6f a6 00 30 00 00
0x00007f836ef71898:   c5 7e 6f ae 20 30 00 00 c5 7e 6f b6 40 30 00 00
0x00007f836ef718a8:   c5 7e 6f be 60 30 00 00 48 83 ee 80 c5 fd e7 07
0x00007f836ef718b8:   c5 fd e7 4f 20 c5 fd e7 57 40 c5 fd e7 5f 60 c5
0x00007f836ef718c8:   fd e7 a7 00 10 00 00 c5 fd e7 af 20 10 00 00 c5
0x00007f836ef718d8:   fd e7 b7 40 10 00 00 c5 fd e7 bf 60 10 00 00 c5
0x00007f836ef718e8:   7d e7 87 00 20 00 00 c5 7d e7 8f 20 20 00 00 c5
0x00007f836ef718f8:   7d e7 97 40 20 00 00 c5 7d e7 9f 60 20 00 00 c5
0x00007f836ef71908:   7d e7 a7 00 30 00 00 c5 7d e7 af 20 30 00 00 c5
0x00007f836ef71918:   7d e7 b7 40 30 00 00 c5 7d e7 bf 60 30 00 00 48
0x00007f836ef71928:   83 ef 80 ff c9 0f 85 d2 fe ff ff 48 81 c7 00 30
0x00007f836ef71938:   00 00 48 81 c6 00 30 00 00 49 ff ca 0f 85 b6 fe
0x00007f836ef71948:   ff ff 0f ae f8 81 fa 80 00 00 00 76 55 0f 18 8e
0x00007f836ef71958:   80 00 00 00 0f 18 8e c0 00 00 00 0f 18 8f 80 00
0x00007f836ef71968:   00 00 0f 18 8f c0 00 00 00 c5 fe 6f 06 c5 fe 6f
0x00007f836ef71978:   4e 20 c5 fe 6f 56 40 c5 fe 6f 5e 60 48 83 ee 80
0x00007f836ef71988:   83 c2 80 c5 fd 7f 07 c5 fd 7f 4f 20 c5 fd 7f 57 


Stack slot to memory mapping:
stack at sp + 0 slots: 0x00007f836e87546c: <offset 0x0000000000e7546c> in /home/rodion/.local/share/JetBrains/Toolbox/apps/android-studio-2/jbr/lib/server/libjvm.so at 0x00007f836da00000
stack at sp + 1 slots: 0x00007f82ebafec30 points into unknown readable memory: 0x00007f83682209e0 | e0 09 22 68 83 7f 00 00
stack at sp + 2 slots: 0x00007f836e9db5db: <offset 0x0000000000fdb5db> in /home/rodion/.local/share/JetBrains/Toolbox/apps/android-studio-2/jbr/lib/server/libjvm.so at 0x00007f836da00000
stack at sp + 3 slots: 0x00007f836ebc2ae8: <offset 0x00000000011c2ae8> in /home/rodion/.local/share/JetBrains/Toolbox/apps/android-studio-2/jbr/lib/server/libjvm.so at 0x00007f836da00000
stack at sp + 4 slots: 0x00007f83680b90d0 points into unknown readable memory: 0x00007f836ebc34e8 | e8 34 bc 6e 83 7f 00 00
stack at sp + 5 slots: 0x00007f8368220700 points into unknown readable memory: 0x00007f836ebc30d8 | d8 30 bc 6e 83 7f 00 00
stack at sp + 6 slots: 0x0000000000000001 is an unknown value
stack at sp + 7 slots: 0x00000007a03d0ab8 is an oop: [B 
{0x00000007a03d0ab8} - klass: {type array byte}
 - length: 268435499


---------------  P R O C E S S  ---------------

Threads class SMR info:
_java_thread_list=0x00007f82d9a1ee00, length=38, elements={
0x00007f8368027e40, 0x00007f8368236fb0, 0x00007f83682385e0, 0x00007f83682683a0,
0x00007f8368269730, 0x00007f836826ab20, 0x00007f836825d620, 0x00007f836825eae0,
0x00007f836825fee0, 0x00007f83682fd8a0, 0x00007f83683ea530, 0x00007f831c0ef960,
0x00007f831c2304a0, 0x00007f8369535cf0, 0x00007f836963e4b0, 0x00007f8369684430,
0x00007f82f8016d00, 0x00007f82f00015d0, 0x00007f82f0005fc0, 0x00007f82f0007bd0,
0x00007f82d8008d30, 0x00007f82d800d610, 0x00007f82d8010600, 0x00007f82d818edf0,
0x00007f82d8197f30, 0x00007f82d85cde90, 0x00007f82d8ad8960, 0x00007f82d8afc830,
0x00007f82d8c1b3b0, 0x00007f82d903e5d0, 0x00007f82d9045e70, 0x00007f82d90b66c0,
0x00007f82d91083a0, 0x00007f82d9140360, 0x00007f82d93bab80, 0x00007f82d9839180,
0x00007f82d98d6e10, 0x00007f82d9a1dc70
}

Java Threads: ( => current thread )
  0x00007f8368027e40 JavaThread "main" [_thread_blocked, id=14329, stack(0x00007f836ed00000,0x00007f836ee00000)]
  0x00007f8368236fb0 JavaThread "Reference Handler" daemon [_thread_blocked, id=14332, stack(0x00007f83422f4000,0x00007f83423f4000)]
  0x00007f83682385e0 JavaThread "Finalizer" daemon [_thread_blocked, id=14333, stack(0x00007f83421f4000,0x00007f83422f4000)]
  0x00007f83682683a0 JavaThread "Signal Dispatcher" daemon [_thread_blocked, id=14334, stack(0x00007f8341b00000,0x00007f8341c00000)]
  0x00007f8368269730 JavaThread "Service Thread" daemon [_thread_blocked, id=14335, stack(0x00007f8341a00000,0x00007f8341b00000)]
  0x00007f836826ab20 JavaThread "Monitor Deflation Thread" daemon [_thread_blocked, id=14336, stack(0x00007f8341900000,0x00007f8341a00000)]
  0x00007f836825d620 JavaThread "C2 CompilerThread0" daemon [_thread_blocked, id=14337, stack(0x00007f8341800000,0x00007f8341900000)]
  0x00007f836825eae0 JavaThread "C1 CompilerThread0" daemon [_thread_blocked, id=14338, stack(0x00007f8341700000,0x00007f8341800000)]
  0x00007f836825fee0 JavaThread "Sweeper thread" daemon [_thread_blocked, id=14339, stack(0x00007f8341600000,0x00007f8341700000)]
  0x00007f83682fd8a0 JavaThread "Common-Cleaner" daemon [_thread_blocked, id=14340, stack(0x00007f8341500000,0x00007f8341600000)]
  0x00007f83683ea530 JavaThread "Notification Thread" daemon [_thread_blocked, id=14341, stack(0x00007f8341400000,0x00007f8341500000)]
  0x00007f831c0ef960 JavaThread "C2 CompilerThread1" daemon [_thread_blocked, id=14343, stack(0x00007f83411ff000,0x00007f83412ff000)]
  0x00007f831c2304a0 JavaThread "C2 CompilerThread2" daemon [_thread_blocked, id=14347, stack(0x00007f8340500000,0x00007f8340600000)]
  0x00007f8369535cf0 JavaThread "Daemon health stats" [_thread_blocked, id=14348, stack(0x00007f8340400000,0x00007f8340500000)]
  0x00007f836963e4b0 JavaThread "Incoming local TCP Connector on port 41351" [_thread_in_native, id=14349, stack(0x00007f8340300000,0x00007f8340400000)]
  0x00007f8369684430 JavaThread "Daemon periodic checks" [_thread_blocked, id=14350, stack(0x00007f8340200000,0x00007f8340300000)]
  0x00007f82f8016d00 JavaThread "Daemon" [_thread_blocked, id=14351, stack(0x00007f8340100000,0x00007f8340200000)]
  0x00007f82f00015d0 JavaThread "Handler for socket connection from /127.0.0.1:41351 to /127.0.0.1:54130" [_thread_in_native, id=14352, stack(0x00007f8340000000,0x00007f8340100000)]
  0x00007f82f0005fc0 JavaThread "Cancel handler" [_thread_blocked, id=14353, stack(0x00007f82ebf00000,0x00007f82ec000000)]
  0x00007f82f0007bd0 JavaThread "Daemon worker" [_thread_blocked, id=14354, stack(0x00007f82ebe00000,0x00007f82ebf00000)]
  0x00007f82d8008d30 JavaThread "Asynchronous log dispatcher for DefaultDaemonConnection: socket connection from /127.0.0.1:41351 to /127.0.0.1:54130" [_thread_blocked, id=14357, stack(0x00007f82ebd00000,0x00007f82ebe00000)]
  0x00007f82d800d610 JavaThread "Stdin handler" [_thread_blocked, id=14358, stack(0x00007f82ebc00000,0x00007f82ebd00000)]
  0x00007f82d8010600 JavaThread "Daemon client event forwarder" [_thread_blocked, id=14359, stack(0x00007f82ebb00000,0x00007f82ebc00000)]
  0x00007f82d818edf0 JavaThread "Cache worker for journal cache (/home/rodion/.gradle/caches/journal-1)" [_thread_blocked, id=14366, stack(0x00007f82eb3fa000,0x00007f82eb4fa000)]
  0x00007f82d8197f30 JavaThread "File lock request listener" [_thread_in_native, id=14367, stack(0x00007f82eb2fa000,0x00007f82eb3fa000)]
  0x00007f82d85cde90 JavaThread "Cache worker for file hash cache (/home/rodion/.gradle/caches/8.4/fileHashes)" [_thread_blocked, id=14368, stack(0x00007f82eb1fa000,0x00007f82eb2fa000)]
  0x00007f82d8ad8960 JavaThread "Cache worker for file hash cache (/var/www/html/YkisPAM/.gradle/8.4/fileHashes)" [_thread_blocked, id=14369, stack(0x00007f82eb0fa000,0x00007f82eb1fa000)]
  0x00007f82d8afc830 JavaThread "Cache worker for checksums cache (/var/www/html/YkisPAM/.gradle/8.4/checksums)" [_thread_blocked, id=14370, stack(0x00007f82eaffa000,0x00007f82eb0fa000)]
  0x00007f82d8c1b3b0 JavaThread "Cache worker for file content cache (/home/rodion/.gradle/caches/8.4/fileContent)" [_thread_blocked, id=14371, stack(0x00007f82eaefa000,0x00007f82eaffa000)]
  0x00007f82d903e5d0 JavaThread "File watcher server" daemon [_thread_blocked, id=14372, stack(0x00007f82eadfa000,0x00007f82eaefa000)]
  0x00007f82d9045e70 JavaThread "File watcher consumer" daemon [_thread_blocked, id=14373, stack(0x00007f82eacfa000,0x00007f82eadfa000)]
  0x00007f82d90b66c0 JavaThread "Cache worker for cache directory md-supplier (/home/rodion/.gradle/caches/8.4/md-supplier)" [_thread_blocked, id=14374, stack(0x00007f82eabfa000,0x00007f82eacfa000)]
  0x00007f82d91083a0 JavaThread "Cache worker for cache directory md-rule (/home/rodion/.gradle/caches/8.4/md-rule)" [_thread_blocked, id=14375, stack(0x00007f82eaafa000,0x00007f82eabfa000)]
  0x00007f82d9140360 JavaThread "Cache worker for execution history cache (/home/rodion/.gradle/caches/8.4/executionHistory)" [_thread_blocked, id=14376, stack(0x00007f82ea9fa000,0x00007f82eaafa000)]
  0x00007f82d93bab80 JavaThread "build event listener" [_thread_blocked, id=14377, stack(0x00007f82ea8fa000,0x00007f82ea9fa000)]
  0x00007f82d9839180 JavaThread "build event listener" [_thread_blocked, id=14378, stack(0x00007f82ea7fa000,0x00007f82ea8fa000)]
  0x00007f82d98d6e10 JavaThread "Cache worker for Build Output Cleanup Cache (/var/www/html/YkisPAM/.gradle/buildOutputCleanup)" [_thread_blocked, id=14379, stack(0x00007f82ea6fa000,0x00007f82ea7fa000)]
  0x00007f82d9a1dc70 JavaThread "Memory manager" [_thread_blocked, id=14380, stack(0x00007f82ea5fa000,0x00007f82ea6fa000)]

Other Threads:
  0x00007f83682272a0 VMThread "VM Thread" [stack: 0x00007f83423f5000,0x00007f83424f5000] [id=14331]
  0x00007f836807ae20 WatcherThread [stack: 0x00007f8341300000,0x00007f8341400000] [id=14342]
  0x00007f836803f760 GCTaskThread "GC Thread#0" [stack: 0x00007f836ce29000,0x00007f836cf29000] [id=14330]
  0x00007f833c001270 GCTaskThread "GC Thread#1" [stack: 0x00007f83410ff000,0x00007f83411ff000] [id=14344]
  0x00007f833c001c50 GCTaskThread "GC Thread#2" [stack: 0x00007f8340d00000,0x00007f8340e00000] [id=14345]
  0x00007f833c002670 GCTaskThread "GC Thread#3" [stack: 0x00007f8340900000,0x00007f8340a00000] [id=14346]
=>0x00007f833c004160 GCTaskThread "GC Thread#4" [stack: 0x00007f82eba00000,0x00007f82ebb00000] [id=14360]
  0x00007f833c004b80 GCTaskThread "GC Thread#5" [stack: 0x00007f82eb8ff000,0x00007f82eb9ff000] [id=14361]
  0x00007f833c0055a0 GCTaskThread "GC Thread#6" [stack: 0x00007f82eb7fe000,0x00007f82eb8fe000] [id=14362]
  0x00007f833c005fc0 GCTaskThread "GC Thread#7" [stack: 0x00007f82eb6fd000,0x00007f82eb7fd000] [id=14363]
  0x00007f833c0069e0 GCTaskThread "GC Thread#8" [stack: 0x00007f82eb5fc000,0x00007f82eb6fc000] [id=14364]
  0x00007f833c007400 GCTaskThread "GC Thread#9" [stack: 0x00007f82eb4fb000,0x00007f82eb5fb000] [id=14365]

Threads with active compile tasks:
C2 CompilerThread0     3089 5539       4       sun.reflect.generics.parser.SignatureParser::parsePackageNameAndSimpleClassTypeSignature (119 bytes)

VM state: at safepoint (normal execution)

VM Mutex/Monitor currently owned by a thread:  ([mutex/lock_event])
[0x00007f83680249b0] Threads_lock - owner thread: 0x00007f83682272a0
[0x00007f8368025220] Heap_lock - owner thread: 0x00007f82f0007bd0

Heap address: 0x00000006e0000000, size: 4608 MB, Compressed Oops mode: Zero based, Oop shift amount: 3

CDS archive(s) not mapped
Compressed class space mapped at: 0x0000000800000000-0x0000000834000000, reserved size: 872415232
Narrow klass base: 0x0000000800000000, Narrow klass shift: 0, Narrow klass range: 0x34000000

GC Precious Log:
 CPUs: 16 total, 12 available
 Memory: 13817M
 Large Page Support: Disabled
 NUMA Support: Disabled
 Compressed Oops: Enabled (Zero based)
 Alignments: Space 512K, Generation 512K, Heap 2M
 Heap Min Capacity: 8M
 Heap Initial Capacity: 216M
 Heap Max Capacity: 4608M
 Pre-touch: Disabled
 Parallel Workers: 10

Heap:
 PSYoungGen      total 116224K, used 44242K [0x00000007a0000000, 0x00000007a9d80000, 0x0000000800000000)
  eden space 107008K, 32% used [0x00000007a0000000,0x00000007a2235ab0,0x00000007a6880000)
  from space 9216K, 99% used [0x00000007a6c00000,0x00000007a74ff078,0x00000007a7500000)
  to   space 27136K, 58% used [0x00000007a8300000,0x00000007a927f358,0x00000007a9d80000)
 ParOldGen       total 410112K, used 305741K [0x00000006e0000000, 0x00000006f9080000, 0x00000007a0000000)
  object space 410112K, 74% used [0x00000006e0000000,0x00000006f2a937d8,0x00000006f9080000)
 Metaspace       used 59225K, committed 59776K, reserved 917504K
  class space    used 7898K, committed 8128K, reserved 851968K

Card table byte_map: [0x00007f836cf29000,0x00007f836d82a000] _byte_map_base: 0x00007f8369829000

Marking Bits: (ParMarkBitMap*) 0x00007f836ec2b6f0
 Begin Bits: [0x00007f8347000000, 0x00007f834b800000)
 End Bits:   [0x00007f834b800000, 0x00007f8350000000)

Polling page: 0x00007f836f1a0000

Metaspace:

Usage:
  Non-class:     50,12 MB used.
      Class:      7,71 MB used.
       Both:     57,84 MB used.

Virtual space:
  Non-class space:       64,00 MB reserved,      50,44 MB ( 79%) committed,  1 nodes.
      Class space:      832,00 MB reserved,       7,94 MB ( <1%) committed,  1 nodes.
             Both:      896,00 MB reserved,      58,38 MB (  7%) committed. 

Chunk freelists:
   Non-Class:  13,45 MB
       Class:  7,88 MB
        Both:  21,33 MB

MaxMetaspaceSize: 1,00 GB
CompressedClassSpaceSize: 832,00 MB
Initial GC threshold: 21,00 MB
Current GC threshold: 58,38 MB
CDS: off
MetaspaceReclaimPolicy: balanced
 - commit_granule_bytes: 65536.
 - commit_granule_words: 8192.
 - virtual_space_node_default_size: 8388608.
 - enlarge_chunks_in_place: 1.
 - new_chunks_are_fully_committed: 0.
 - uncommit_free_chunks: 1.
 - use_allocation_guard: 0.
 - handle_deallocations: 1.


Internal statistics:

num_allocs_failed_limit: 9.
num_arena_births: 890.
num_arena_deaths: 0.
num_vsnodes_births: 2.
num_vsnodes_deaths: 0.
num_space_committed: 934.
num_space_uncommitted: 0.
num_chunks_returned_to_freelist: 9.
num_chunks_taken_from_freelist: 3145.
num_chunk_merges: 9.
num_chunk_splits: 1897.
num_chunks_enlarged: 1101.
num_inconsistent_stats: 0.

CodeHeap 'non-profiled nmethods': size=120028Kb used=2676Kb max_used=3016Kb free=117352Kb
 bounds [0x00007f835d4c9000, 0x00007f835d7c9000, 0x00007f8364a00000]
CodeHeap 'profiled nmethods': size=120028Kb used=9159Kb max_used=10164Kb free=110868Kb
 bounds [0x00007f8355a00000, 0x00007f83563f0000, 0x00007f835cf37000]
CodeHeap 'non-nmethods': size=5704Kb used=1602Kb max_used=1682Kb free=4101Kb
 bounds [0x00007f835cf37000, 0x00007f835d1a7000, 0x00007f835d4c9000]
 total_blobs=5439 nmethods=4762 adapters=592
 compilation: enabled
              stopped_count=0, restarted_count=0
 full_count=0

Compilation events (20 events):
Event: 2,983 Thread 0x00007f836825eae0 5535       3       java.util.WeakHashMap::containsKey (14 bytes)
Event: 2,983 Thread 0x00007f831c2304a0 nmethod 5533 0x00007f835d551a90 code [0x00007f835d551c60, 0x00007f835d552a38]
Event: 2,983 Thread 0x00007f836825eae0 nmethod 5535 0x00007f8355ad8490 code [0x00007f8355ad8640, 0x00007f8355ad8860]
Event: 2,984 Thread 0x00007f836825eae0 5537       3       java.util.Collections$SetFromMap::contains (11 bytes)
Event: 2,984 Thread 0x00007f836825eae0 nmethod 5537 0x00007f8355dee710 code [0x00007f8355dee8c0, 0x00007f8355deeaa0]
Event: 2,984 Thread 0x00007f836825eae0 5538       3       kotlin.sequences.SequencesKt___SequencesKt::toCollection (49 bytes)
Event: 2,985 Thread 0x00007f836825d620 5539       4       sun.reflect.generics.parser.SignatureParser::parsePackageNameAndSimpleClassTypeSignature (119 bytes)
Event: 2,985 Thread 0x00007f836825eae0 nmethod 5538 0x00007f8355b6f790 code [0x00007f8355b6fa60, 0x00007f8355b70870]
Event: 2,985 Thread 0x00007f836825eae0 5540       3       org.objectweb.asm.SymbolTable::addMergedType (164 bytes)
Event: 2,986 Thread 0x00007f836825eae0 nmethod 5540 0x00007f8355e58e90 code [0x00007f8355e590a0, 0x00007f8355e596d0]
Event: 2,987 Thread 0x00007f836825eae0 5541       3       jdk.internal.reflect.ClassFileAssembler::opc_sipush (16 bytes)
Event: 2,987 Thread 0x00007f836825eae0 nmethod 5541 0x00007f8355c57210 code [0x00007f8355c57420, 0x00007f8355c57980]
Event: 2,987 Thread 0x00007f836825eae0 5542       3       java.util.TreeMap::<init> (20 bytes)
Event: 2,987 Thread 0x00007f836825eae0 nmethod 5542 0x00007f8355e58a10 code [0x00007f8355e58bc0, 0x00007f8355e58db0]
Event: 2,987 Thread 0x00007f836825eae0 5543       3       org.gradle.configurationcache.serialization.codecs.jos.JavaObjectSerializationCodec$readResolveMethod$1::invoke (9 bytes)
Event: 2,987 Thread 0x00007f836825eae0 nmethod 5543 0x00007f8355f11890 code [0x00007f8355f11ae0, 0x00007f8355f12300]
Event: 2,987 Thread 0x00007f836825eae0 5544       3       org.gradle.configurationcache.serialization.codecs.jos.JavaObjectSerializationCodec$readResolveMethod$1::invoke (14 bytes)
Event: 2,988 Thread 0x00007f836825eae0 nmethod 5544 0x00007f8355ebf890 code [0x00007f8355ebfac0, 0x00007f8355ec0160]
Event: 2,988 Thread 0x00007f836825eae0 5545       3       org.gradle.api.internal.file.AbstractFileCollection::<init> (15 bytes)
Event: 2,988 Thread 0x00007f836825eae0 nmethod 5545 0x00007f8355f08110 code [0x00007f8355f082c0, 0x00007f8355f08450]

GC Heap History (15 events):
Event: 0,406 GC heap before
{Heap before GC invocations=1 (full 0):
 PSYoungGen      total 64512K, used 55296K [0x00000007a0000000, 0x00000007a4800000, 0x0000000800000000)
  eden space 55296K, 100% used [0x00000007a0000000,0x00000007a3600000,0x00000007a3600000)
  from space 9216K, 0% used [0x00000007a3f00000,0x00000007a3f00000,0x00000007a4800000)
  to   space 9216K, 0% used [0x00000007a3600000,0x00000007a3600000,0x00000007a3f00000)
 ParOldGen       total 147456K, used 0K [0x00000006e0000000, 0x00000006e9000000, 0x00000007a0000000)
  object space 147456K, 0% used [0x00000006e0000000,0x00000006e0000000,0x00000006e9000000)
 Metaspace       used 11498K, committed 11648K, reserved 917504K
  class space    used 1207K, committed 1280K, reserved 851968K
}
Event: 0,411 GC heap after
{Heap after GC invocations=1 (full 0):
 PSYoungGen      total 64512K, used 9211K [0x00000007a0000000, 0x00000007a7e00000, 0x0000000800000000)
  eden space 55296K, 0% used [0x00000007a0000000,0x00000007a0000000,0x00000007a3600000)
  from space 9216K, 99% used [0x00000007a3600000,0x00000007a3efecd0,0x00000007a3f00000)
  to   space 9216K, 0% used [0x00000007a7500000,0x00000007a7500000,0x00000007a7e00000)
 ParOldGen       total 147456K, used 4689K [0x00000006e0000000, 0x00000006e9000000, 0x00000007a0000000)
  object space 147456K, 3% used [0x00000006e0000000,0x00000006e04945c0,0x00000006e9000000)
 Metaspace       used 11498K, committed 11648K, reserved 917504K
  class space    used 1207K, committed 1280K, reserved 851968K
}
Event: 0,747 GC heap before
{Heap before GC invocations=2 (full 0):
 PSYoungGen      total 64512K, used 47290K [0x00000007a0000000, 0x00000007a7e00000, 0x0000000800000000)
  eden space 55296K, 68% used [0x00000007a0000000,0x00000007a252fe28,0x00000007a3600000)
  from space 9216K, 99% used [0x00000007a3600000,0x00000007a3efecd0,0x00000007a3f00000)
  to   space 9216K, 0% used [0x00000007a7500000,0x00000007a7500000,0x00000007a7e00000)
 ParOldGen       total 147456K, used 4689K [0x00000006e0000000, 0x00000006e9000000, 0x00000007a0000000)
  object space 147456K, 3% used [0x00000006e0000000,0x00000006e04945c0,0x00000006e9000000)
 Metaspace       used 21319K, committed 21504K, reserved 917504K
  class space    used 2538K, committed 2624K, reserved 851968K
}
Event: 0,752 GC heap after
{Heap after GC invocations=2 (full 0):
 PSYoungGen      total 119808K, used 9197K [0x00000007a0000000, 0x00000007a7e00000, 0x0000000800000000)
  eden space 110592K, 0% used [0x00000007a0000000,0x00000007a0000000,0x00000007a6c00000)
  from space 9216K, 99% used [0x00000007a7500000,0x00000007a7dfb7b0,0x00000007a7e00000)
  to   space 9216K, 0% used [0x00000007a6c00000,0x00000007a6c00000,0x00000007a7500000)
 ParOldGen       total 147456K, used 7970K [0x00000006e0000000, 0x00000006e9000000, 0x00000007a0000000)
  object space 147456K, 5% used [0x00000006e0000000,0x00000006e07c8a98,0x00000006e9000000)
 Metaspace       used 21319K, committed 21504K, reserved 917504K
  class space    used 2538K, committed 2624K, reserved 851968K
}
Event: 0,752 GC heap before
{Heap before GC invocations=3 (full 1):
 PSYoungGen      total 119808K, used 9197K [0x00000007a0000000, 0x00000007a7e00000, 0x0000000800000000)
  eden space 110592K, 0% used [0x00000007a0000000,0x00000007a0000000,0x00000007a6c00000)
  from space 9216K, 99% used [0x00000007a7500000,0x00000007a7dfb7b0,0x00000007a7e00000)
  to   space 9216K, 0% used [0x00000007a6c00000,0x00000007a6c00000,0x00000007a7500000)
 ParOldGen       total 147456K, used 7970K [0x00000006e0000000, 0x00000006e9000000, 0x00000007a0000000)
  object space 147456K, 5% used [0x00000006e0000000,0x00000006e07c8a98,0x00000006e9000000)
 Metaspace       used 21319K, committed 21504K, reserved 917504K
  class space    used 2538K, committed 2624K, reserved 851968K
}
Event: 0,760 GC heap after
{Heap after GC invocations=3 (full 1):
 PSYoungGen      total 119808K, used 0K [0x00000007a0000000, 0x00000007a7e00000, 0x0000000800000000)
  eden space 110592K, 0% used [0x00000007a0000000,0x00000007a0000000,0x00000007a6c00000)
  from space 9216K, 0% used [0x00000007a7500000,0x00000007a7500000,0x00000007a7e00000)
  to   space 9216K, 0% used [0x00000007a6c00000,0x00000007a6c00000,0x00000007a7500000)
 ParOldGen       total 147456K, used 16887K [0x00000006e0000000, 0x00000006e9000000, 0x00000007a0000000)
  object space 147456K, 11% used [0x00000006e0000000,0x00000006e107de80,0x00000006e9000000)
 Metaspace       used 21319K, committed 21504K, reserved 917504K
  class space    used 2538K, committed 2624K, reserved 851968K
}
Event: 1,455 GC heap before
{Heap before GC invocations=4 (full 1):
 PSYoungGen      total 119808K, used 96007K [0x00000007a0000000, 0x00000007a7e00000, 0x0000000800000000)
  eden space 110592K, 86% used [0x00000007a0000000,0x00000007a5dc1e28,0x00000007a6c00000)
  from space 9216K, 0% used [0x00000007a7500000,0x00000007a7500000,0x00000007a7e00000)
  to   space 9216K, 0% used [0x00000007a6c00000,0x00000007a6c00000,0x00000007a7500000)
 ParOldGen       total 147456K, used 16887K [0x00000006e0000000, 0x00000006e9000000, 0x00000007a0000000)
  object space 147456K, 11% used [0x00000006e0000000,0x00000006e107de80,0x00000006e9000000)
 Metaspace       used 35528K, committed 35840K, reserved 917504K
  class space    used 4662K, committed 4800K, reserved 851968K
}
Event: 1,458 GC heap after
{Heap after GC invocations=4 (full 1):
 PSYoungGen      total 119808K, used 4785K [0x00000007a0000000, 0x00000007a7e00000, 0x0000000800000000)
  eden space 110592K, 0% used [0x00000007a0000000,0x00000007a0000000,0x00000007a6c00000)
  from space 9216K, 51% used [0x00000007a6c00000,0x00000007a70ac590,0x00000007a7500000)
  to   space 9216K, 0% used [0x00000007a7500000,0x00000007a7500000,0x00000007a7e00000)
 ParOldGen       total 147456K, used 16895K [0x00000006e0000000, 0x00000006e9000000, 0x00000007a0000000)
  object space 147456K, 11% used [0x00000006e0000000,0x00000006e107fe80,0x00000006e9000000)
 Metaspace       used 35528K, committed 35840K, reserved 917504K
  class space    used 4662K, committed 4800K, reserved 851968K
}
Event: 1,458 GC heap before
{Heap before GC invocations=5 (full 2):
 PSYoungGen      total 119808K, used 4785K [0x00000007a0000000, 0x00000007a7e00000, 0x0000000800000000)
  eden space 110592K, 0% used [0x00000007a0000000,0x00000007a0000000,0x00000007a6c00000)
  from space 9216K, 51% used [0x00000007a6c00000,0x00000007a70ac590,0x00000007a7500000)
  to   space 9216K, 0% used [0x00000007a7500000,0x00000007a7500000,0x00000007a7e00000)
 ParOldGen       total 147456K, used 16895K [0x00000006e0000000, 0x00000006e9000000, 0x00000007a0000000)
  object space 147456K, 11% used [0x00000006e0000000,0x00000006e107fe80,0x00000006e9000000)
 Metaspace       used 35528K, committed 35840K, reserved 917504K
  class space    used 4662K, committed 4800K, reserved 851968K
}
Event: 1,471 GC heap after
{Heap after GC invocations=5 (full 2):
 PSYoungGen      total 119808K, used 0K [0x00000007a0000000, 0x00000007a7e00000, 0x0000000800000000)
  eden space 110592K, 0% used [0x00000007a0000000,0x00000007a0000000,0x00000007a6c00000)
  from space 9216K, 0% used [0x00000007a6c00000,0x00000007a6c00000,0x00000007a7500000)
  to   space 9216K, 0% used [0x00000007a7500000,0x00000007a7500000,0x00000007a7e00000)
 ParOldGen       total 147456K, used 21189K [0x00000006e0000000, 0x00000006e9000000, 0x00000007a0000000)
  object space 147456K, 14% used [0x00000006e0000000,0x00000006e14b14f8,0x00000006e9000000)
 Metaspace       used 35528K, committed 35840K, reserved 917504K
  class space    used 4662K, committed 4800K, reserved 851968K
}
Event: 2,202 GC heap before
{Heap before GC invocations=6 (full 2):
 PSYoungGen      total 119808K, used 110403K [0x00000007a0000000, 0x00000007a7e00000, 0x0000000800000000)
  eden space 110592K, 99% used [0x00000007a0000000,0x00000007a6bd0f98,0x00000007a6c00000)
  from space 9216K, 0% used [0x00000007a6c00000,0x00000007a6c00000,0x00000007a7500000)
  to   space 9216K, 0% used [0x00000007a7500000,0x00000007a7500000,0x00000007a7e00000)
 ParOldGen       total 147456K, used 21189K [0x00000006e0000000, 0x00000006e9000000, 0x00000007a0000000)
  object space 147456K, 14% used [0x00000006e0000000,0x00000006e14b14f8,0x00000006e9000000)
 Metaspace       used 48951K, committed 49408K, reserved 917504K
  class space    used 6527K, committed 6720K, reserved 851968K
}
Event: 2,207 GC heap after
{Heap after GC invocations=6 (full 2):
 PSYoungGen      total 119808K, used 9199K [0x00000007a0000000, 0x00000007a7e00000, 0x0000000800000000)
  eden space 110592K, 0% used [0x00000007a0000000,0x00000007a0000000,0x00000007a6c00000)
  from space 9216K, 99% used [0x00000007a7500000,0x00000007a7dfbff8,0x00000007a7e00000)
  to   space 9216K, 0% used [0x00000007a6c00000,0x00000007a6c00000,0x00000007a7500000)
 ParOldGen       total 147456K, used 28628K [0x00000006e0000000, 0x00000006e9000000, 0x00000007a0000000)
  object space 147456K, 19% used [0x00000006e0000000,0x00000006e1bf5208,0x00000006e9000000)
 Metaspace       used 48951K, committed 49408K, reserved 917504K
  class space    used 6527K, committed 6720K, reserved 851968K
}
Event: 2,814 GC heap before
{Heap before GC invocations=7 (full 2):
 PSYoungGen      total 119808K, used 119791K [0x00000007a0000000, 0x00000007a7e00000, 0x0000000800000000)
  eden space 110592K, 100% used [0x00000007a0000000,0x00000007a6c00000,0x00000007a6c00000)
  from space 9216K, 99% used [0x00000007a7500000,0x00000007a7dfbff8,0x00000007a7e00000)
  to   space 9216K, 0% used [0x00000007a6c00000,0x00000007a6c00000,0x00000007a7500000)
 ParOldGen       total 147456K, used 28628K [0x00000006e0000000, 0x00000006e9000000, 0x00000007a0000000)
  object space 147456K, 19% used [0x00000006e0000000,0x00000006e1bf5208,0x00000006e9000000)
 Metaspace       used 56818K, committed 57280K, reserved 917504K
  class space    used 7551K, committed 7808K, reserved 851968K
}
Event: 2,821 GC heap after
{Heap after GC invocations=7 (full 2):
 PSYoungGen      total 116224K, used 9212K [0x00000007a0000000, 0x00000007a9d80000, 0x0000000800000000)
  eden space 107008K, 0% used [0x00000007a0000000,0x00000007a0000000,0x00000007a6880000)
  from space 9216K, 99% used [0x00000007a6c00000,0x00000007a74ff078,0x00000007a7500000)
  to   space 27136K, 0% used [0x00000007a8300000,0x00000007a8300000,0x00000007a9d80000)
 ParOldGen       total 147456K, used 43589K [0x00000006e0000000, 0x00000006e9000000, 0x00000007a0000000)
  object space 147456K, 29% used [0x00000006e0000000,0x00000006e2a91798,0x00000006e9000000)
 Metaspace       used 56818K, committed 57280K, reserved 917504K
  class space    used 7551K, committed 7808K, reserved 851968K
}
Event: 2,990 GC heap before
{Heap before GC invocations=8 (full 2):
 PSYoungGen      total 116224K, used 44242K [0x00000007a0000000, 0x00000007a9d80000, 0x0000000800000000)
  eden space 107008K, 32% used [0x00000007a0000000,0x00000007a2235ab0,0x00000007a6880000)
  from space 9216K, 99% used [0x00000007a6c00000,0x00000007a74ff078,0x00000007a7500000)
  to   space 27136K, 0% used [0x00000007a8300000,0x00000007a8300000,0x00000007a9d80000)
 ParOldGen       total 147456K, used 43589K [0x00000006e0000000, 0x00000006e9000000, 0x00000007a0000000)
  object space 147456K, 29% used [0x00000006e0000000,0x00000006e2a91798,0x00000006e9000000)
 Metaspace       used 59225K, committed 59776K, reserved 917504K
  class space    used 7898K, committed 8128K, reserved 851968K
}

Dll operation events (13 events):
Event: 0,001 Loaded shared library /home/rodion/.local/share/JetBrains/Toolbox/apps/android-studio-2/jbr/lib/libjava.so
Event: 0,081 Loaded shared library /home/rodion/.local/share/JetBrains/Toolbox/apps/android-studio-2/jbr/lib/libzip.so
Event: 0,082 Loaded shared library /home/rodion/.local/share/JetBrains/Toolbox/apps/android-studio-2/jbr/lib/libinstrument.so
Event: 0,087 Loaded shared library /home/rodion/.local/share/JetBrains/Toolbox/apps/android-studio-2/jbr/lib/libnio.so
Event: 0,093 Loaded shared library /home/rodion/.local/share/JetBrains/Toolbox/apps/android-studio-2/jbr/lib/libzip.so
Event: 0,151 Loaded shared library /home/rodion/.local/share/JetBrains/Toolbox/apps/android-studio-2/jbr/lib/libjimage.so
Event: 0,179 Loaded shared library /home/rodion/.local/share/JetBrains/Toolbox/apps/android-studio-2/jbr/lib/libverify.so
Event: 0,248 Loaded shared library /home/rodion/.local/share/JetBrains/Toolbox/apps/android-studio-2/jbr/lib/libnet.so
Event: 0,249 Loaded shared library /home/rodion/.gradle/native/c067742578af261105cb4f569cf0c3c89f3d7b1fecec35dd04571415982c5e48/linux-amd64/libnative-platform.so
Event: 0,252 Loaded shared library /home/rodion/.gradle/native/38dada09dfb8b06ba9b0570ebf7e218e3eb74d4ef43ca46872605cf95ebc2f47/linux-amd64/libnative-platform-file-events.so
Event: 0,526 Loaded shared library /home/rodion/.local/share/JetBrains/Toolbox/apps/android-studio-2/jbr/lib/libmanagement.so
Event: 0,527 Loaded shared library /home/rodion/.local/share/JetBrains/Toolbox/apps/android-studio-2/jbr/lib/libmanagement_ext.so
Event: 0,608 Loaded shared library /home/rodion/.local/share/JetBrains/Toolbox/apps/android-studio-2/jbr/lib/libextnet.so

Deoptimization events (20 events):
Event: 2,916 Thread 0x00007f82f0007bd0 DEOPT PACKING pc=0x00007f835d52c50c sp=0x00007f82ebef8f50
Event: 2,916 Thread 0x00007f82f0007bd0 DEOPT UNPACKING pc=0x00007f835cf8d399 sp=0x00007f82ebef8ef8 mode 2
Event: 2,964 Thread 0x00007f82f0007bd0 DEOPT PACKING pc=0x00007f8355d37123 sp=0x00007f82ebef6c90
Event: 2,964 Thread 0x00007f82f0007bd0 DEOPT UNPACKING pc=0x00007f835cf8db2f sp=0x00007f82ebef6190 mode 0
Event: 2,965 Thread 0x00007f82f0007bd0 DEOPT PACKING pc=0x00007f8355d185a3 sp=0x00007f82ebef5da0
Event: 2,965 Thread 0x00007f82f0007bd0 DEOPT UNPACKING pc=0x00007f835cf8db2f sp=0x00007f82ebef5230 mode 0
Event: 2,973 Thread 0x00007f82f0007bd0 DEOPT PACKING pc=0x00007f8355fabdec sp=0x00007f82ebef90e0
Event: 2,973 Thread 0x00007f82f0007bd0 DEOPT UNPACKING pc=0x00007f835cf8db2f sp=0x00007f82ebef85a0 mode 0
Event: 2,988 Thread 0x00007f82f0007bd0 Uncommon trap: trap_request=0xffffffde fr.pc=0x00007f835d632974 relative=0x0000000000000c94
Event: 2,988 Thread 0x00007f82f0007bd0 Uncommon trap: reason=class_check action=maybe_recompile pc=0x00007f835d632974 method=org.gradle.configurationcache.serialization.beans.BeanPropertyReaderKt.readPropertyValue(Lorg/gradle/configurationcache/serialization/ReadContext;Lorg/gradle/configurati
Event: 2,988 Thread 0x00007f82f0007bd0 DEOPT PACKING pc=0x00007f835d632974 sp=0x00007f82ebef99e0
Event: 2,988 Thread 0x00007f82f0007bd0 DEOPT UNPACKING pc=0x00007f835cf8d399 sp=0x00007f82ebef9970 mode 2
Event: 2,989 Thread 0x00007f82f0007bd0 Uncommon trap: trap_request=0xffffffde fr.pc=0x00007f835d632974 relative=0x0000000000000c94
Event: 2,989 Thread 0x00007f82f0007bd0 Uncommon trap: reason=class_check action=maybe_recompile pc=0x00007f835d632974 method=org.gradle.configurationcache.serialization.beans.BeanPropertyReaderKt.readPropertyValue(Lorg/gradle/configurationcache/serialization/ReadContext;Lorg/gradle/configurati
Event: 2,989 Thread 0x00007f82f0007bd0 DEOPT PACKING pc=0x00007f835d632974 sp=0x00007f82ebef99e0
Event: 2,989 Thread 0x00007f82f0007bd0 DEOPT UNPACKING pc=0x00007f835cf8d399 sp=0x00007f82ebef9970 mode 2
Event: 2,990 Thread 0x00007f82f0007bd0 Uncommon trap: trap_request=0xffffffde fr.pc=0x00007f835d632974 relative=0x0000000000000c94
Event: 2,990 Thread 0x00007f82f0007bd0 Uncommon trap: reason=class_check action=maybe_recompile pc=0x00007f835d632974 method=org.gradle.configurationcache.serialization.beans.BeanPropertyReaderKt.readPropertyValue(Lorg/gradle/configurationcache/serialization/ReadContext;Lorg/gradle/configurati
Event: 2,990 Thread 0x00007f82f0007bd0 DEOPT PACKING pc=0x00007f835d632974 sp=0x00007f82ebef99e0
Event: 2,990 Thread 0x00007f82f0007bd0 DEOPT UNPACKING pc=0x00007f835cf8d399 sp=0x00007f82ebef9970 mode 2

Classes unloaded (0 events):
No events

Classes redefined (0 events):
No events

Internal exceptions (20 events):
Event: 2,566 Thread 0x00007f82f0007bd0 Exception <a 'java/lang/NoSuchMethodError'{0x00000007a454fce8}: 'java.lang.Object java.lang.invoke.DirectMethodHandle$Holder.invokeStatic(java.lang.Object, java.lang.Object, java.lang.Object, java.lang.Object, java.lang.Object, java.lang.Object, java.lang.Object, java.lang.Object, java.lang.Object, java.lang.Object, java.lang.Object, java.lang.Object, java.lang.Object, java.lang.Object, java.lang.Object, java.lang.Object, java.lang.Object, java.lang.Object, java.lang.Object, java.lang.Object)'> (0x00000007
Event: 2,567 Thread 0x00007f82f0007bd0 Exception <a 'java/lang/NoSuchMethodError'{0x00000007a457c0c8}: 'java.lang.Object java.lang.invoke.DirectMethodHandle$Holder.invokeStatic(java.lang.Object, java.lang.Object, java.lang.Object, java.lang.Object, java.lang.Object, java.lang.Object, java.lang.Object, java.lang.Object, java.lang.Object, java.lang.Object, java.lang.Object, java.lang.Object, java.lang.Object, java.lang.Object, java.lang.Object, java.lang.Object, java.lang.Object, java.lang.Object, java.lang.Object, java.lang.Object, java.lang.Obj
Event: 2,568 Thread 0x00007f82f0007bd0 Exception <a 'java/lang/NoSuchMethodError'{0x00000007a45a95d8}: 'java.lang.Object java.lang.invoke.DirectMethodHandle$Holder.invokeStatic(java.lang.Object, java.lang.Object, java.lang.Object, java.lang.Object, java.lang.Object, java.lang.Object, java.lang.Object, java.lang.Object, java.lang.Object, java.lang.Object, java.lang.Object, java.lang.Object, java.lang.Object, java.lang.Object, java.lang.Object, java.lang.Object, java.lang.Object, java.lang.Object, java.lang.Object, java.lang.Object, java.lang.Obj
Event: 2,569 Thread 0x00007f82f0007bd0 Exception <a 'java/lang/NoSuchMethodError'{0x00000007a45d7518}: 'java.lang.Object java.lang.invoke.DirectMethodHandle$Holder.invokeStatic(java.lang.Object, java.lang.Object, java.lang.Object, java.lang.Object, java.lang.Object, java.lang.Object, java.lang.Object, java.lang.Object, java.lang.Object, java.lang.Object, java.lang.Object, java.lang.Object, java.lang.Object, java.lang.Object, java.lang.Object, java.lang.Object, java.lang.Object, java.lang.Object, java.lang.Object, java.lang.Object, java.lang.Obj
Event: 2,569 Thread 0x00007f82f0007bd0 Exception <a 'java/lang/NoSuchMethodError'{0x00000007a4607060}: 'java.lang.Object java.lang.invoke.DirectMethodHandle$Holder.invokeStatic(java.lang.Object, java.lang.Object, java.lang.Object, java.lang.Object, java.lang.Object, java.lang.Object, java.lang.Object, java.lang.Object, java.lang.Object, java.lang.Object, java.lang.Object, java.lang.Object, java.lang.Object, java.lang.Object, java.lang.Object, java.lang.Object, java.lang.Object, java.lang.Object, java.lang.Object, java.lang.Object, java.lang.Obj
Event: 2,571 Thread 0x00007f82f0007bd0 Exception <a 'java/lang/NoSuchMethodError'{0x00000007a46388c8}: 'java.lang.Object java.lang.invoke.DirectMethodHandle$Holder.invokeStatic(java.lang.Object, java.lang.Object, java.lang.Object, java.lang.Object, java.lang.Object, java.lang.Object, java.lang.Object, java.lang.Object, java.lang.Object, java.lang.Object, java.lang.Object, java.lang.Object, java.lang.Object, java.lang.Object, java.lang.Object, java.lang.Object, java.lang.Object, java.lang.Object, java.lang.Object, java.lang.Object, java.lang.Obj
Event: 2,630 Thread 0x00007f82f0007bd0 Exception <a 'java/lang/ClassNotFoundException'{0x00000007a4d4d870}: org/gradle/configurationcache/serialization/codecs/ClosureCodec$BrokenObjectBeanInfo> (0x00000007a4d4d870) 
thrown [src/hotspot/share/classfile/systemDictionary.cpp, line 256]
Event: 2,630 Thread 0x00007f82f0007bd0 Exception <a 'java/lang/ClassNotFoundException'{0x00000007a4d5ae88}: org/gradle/configurationcache/serialization/codecs/ClosureCodec$BrokenObjectCustomizer> (0x00000007a4d5ae88) 
thrown [src/hotspot/share/classfile/systemDictionary.cpp, line 256]
Event: 2,632 Thread 0x00007f82f0007bd0 Exception <a 'java/lang/ClassNotFoundException'{0x00000007a4daee10}: groovy/lang/Closure$1BeanInfo> (0x00000007a4daee10) 
thrown [src/hotspot/share/classfile/systemDictionary.cpp, line 256]
Event: 2,633 Thread 0x00007f82f0007bd0 Exception <a 'java/lang/ClassNotFoundException'{0x00000007a4dc68d0}: groovy/lang/ClosureBeanInfo> (0x00000007a4dc68d0) 
thrown [src/hotspot/share/classfile/systemDictionary.cpp, line 256]
Event: 2,633 Thread 0x00007f82f0007bd0 Exception <a 'java/lang/ClassNotFoundException'{0x00000007a4dde358}: groovy/lang/ClosureCustomizer> (0x00000007a4dde358) 
thrown [src/hotspot/share/classfile/systemDictionary.cpp, line 256]
Event: 2,635 Thread 0x00007f82f0007bd0 Exception <a 'java/lang/ClassNotFoundException'{0x00000007a4e1c978}: groovy/lang/Closure$1Customizer> (0x00000007a4e1c978) 
thrown [src/hotspot/share/classfile/systemDictionary.cpp, line 256]
Event: 2,641 Thread 0x00007f82f0007bd0 Exception <a 'java/lang/ClassNotFoundException'{0x00000007a4eb2b98}: groovy/lang/ReferenceBeanInfo> (0x00000007a4eb2b98) 
thrown [src/hotspot/share/classfile/systemDictionary.cpp, line 256]
Event: 2,641 Thread 0x00007f82f0007bd0 Exception <a 'java/lang/ClassNotFoundException'{0x00000007a4eca138}: groovy/lang/ReferenceCustomizer> (0x00000007a4eca138) 
thrown [src/hotspot/share/classfile/systemDictionary.cpp, line 256]
Event: 2,692 Thread 0x00007f82f0007bd0 Implicit null exception at 0x00007f835d4fbc0f to 0x00007f835d4fbde0
Event: 2,693 Thread 0x00007f82f0007bd0 Exception <a 'java/lang/NoSuchMethodError'{0x00000007a5645fc8}: 'java.lang.Object java.lang.invoke.DirectMethodHandle$Holder.newInvokeSpecial(java.lang.Object, java.lang.Object, int, java.lang.Object)'> (0x00000007a5645fc8) 
thrown [src/hotspot/share/interpreter/linkResolver.cpp, line 771]
Event: 2,693 Thread 0x00007f82f0007bd0 Exception <a 'java/lang/NoSuchMethodError'{0x00000007a564a820}: 'java.lang.Object java.lang.invoke.DirectMethodHandle$Holder.invokeSpecial(java.lang.Object, java.lang.Object, java.lang.Object, int, java.lang.Object)'> (0x00000007a564a820) 
thrown [src/hotspot/share/interpreter/linkResolver.cpp, line 771]
Event: 2,810 Thread 0x00007f82f0007bd0 Exception <a 'java/io/FileNotFoundException'{0x00000007a6b12570}> (0x00000007a6b12570) 
thrown [src/hotspot/share/prims/jni.cpp, line 517]
Event: 2,812 Thread 0x00007f82f0007bd0 Exception <a 'java/io/IOException'{0x00000007a6b531e8}> (0x00000007a6b531e8) 
thrown [src/hotspot/share/prims/jni.cpp, line 517]
Event: 2,829 Thread 0x00007f82f0007bd0 Exception <a 'java/io/IOException'{0x00000007a01281d0}> (0x00000007a01281d0) 
thrown [src/hotspot/share/prims/jni.cpp, line 517]

VM Operations (20 events):
Event: 2,351 Executing VM operation: HandshakeAllThreads done
Event: 2,512 Executing VM operation: ICBufferFull
Event: 2,512 Executing VM operation: ICBufferFull done
Event: 2,616 Executing VM operation: ICBufferFull
Event: 2,616 Executing VM operation: ICBufferFull done
Event: 2,633 Executing VM operation: HandshakeAllThreads
Event: 2,633 Executing VM operation: HandshakeAllThreads done
Event: 2,648 Executing VM operation: HandshakeAllThreads
Event: 2,648 Executing VM operation: HandshakeAllThreads done
Event: 2,657 Executing VM operation: HandshakeAllThreads
Event: 2,657 Executing VM operation: HandshakeAllThreads done
Event: 2,689 Executing VM operation: ICBufferFull
Event: 2,689 Executing VM operation: ICBufferFull done
Event: 2,796 Executing VM operation: ICBufferFull
Event: 2,796 Executing VM operation: ICBufferFull done
Event: 2,814 Executing VM operation: ParallelGCFailedAllocation
Event: 2,821 Executing VM operation: ParallelGCFailedAllocation done
Event: 2,973 Executing VM operation: HandshakeAllThreads
Event: 2,973 Executing VM operation: HandshakeAllThreads done
Event: 2,990 Executing VM operation: CollectForMetadataAllocation

Events (20 events):
Event: 2,955 loading class javax/xml/parsers/FactoryFinder
Event: 2,955 loading class javax/xml/parsers/FactoryFinder done
Event: 2,955 loading class javax/xml/parsers/FactoryFinder$1
Event: 2,955 loading class javax/xml/parsers/FactoryFinder$1 done
Event: 2,956 loading class com/sun/org/apache/xerces/internal/jaxp/DocumentBuilderFactoryImpl
Event: 2,956 loading class com/sun/org/apache/xerces/internal/jaxp/DocumentBuilderFactoryImpl done
Event: 2,956 loading class com/sun/org/apache/xerces/internal/utils/XMLSecurityManager
Event: 2,956 loading class com/sun/org/apache/xerces/internal/utils/XMLSecurityManager done
Event: 2,956 loading class com/sun/org/apache/xerces/internal/utils/XMLSecurityManager$Limit
Event: 2,956 loading class com/sun/org/apache/xerces/internal/utils/XMLSecurityManager$Limit done
Event: 2,956 loading class com/sun/org/apache/xerces/internal/utils/XMLSecurityManager$NameMap
Event: 2,956 loading class com/sun/org/apache/xerces/internal/utils/XMLSecurityManager$NameMap done
Event: 2,956 loading class com/sun/org/apache/xerces/internal/utils/XMLSecurityPropertyManager
Event: 2,956 loading class com/sun/org/apache/xerces/internal/utils/XMLSecurityPropertyManager done
Event: 2,956 loading class com/sun/org/apache/xerces/internal/utils/XMLSecurityPropertyManager$State
Event: 2,956 loading class com/sun/org/apache/xerces/internal/utils/XMLSecurityPropertyManager$State done
Event: 2,956 loading class com/sun/org/apache/xerces/internal/utils/XMLSecurityPropertyManager$Property
Event: 2,956 loading class com/sun/org/apache/xerces/internal/utils/XMLSecurityPropertyManager$Property done
Event: 2,969 loading class java/util/regex/Pattern$SliceI
Event: 2,969 loading class java/util/regex/Pattern$SliceI done


Dynamic libraries:
00200000-00201000 r--p 00000000 103:04 2686830                           /home/rodion/.local/share/JetBrains/Toolbox/apps/android-studio-2/jbr/bin/java
00201000-00202000 r-xp 00000000 103:04 2686830                           /home/rodion/.local/share/JetBrains/Toolbox/apps/android-studio-2/jbr/bin/java
00202000-00203000 r--p 00000000 103:04 2686830                           /home/rodion/.local/share/JetBrains/Toolbox/apps/android-studio-2/jbr/bin/java
00203000-00204000 rw-p 00000000 103:04 2686830                           /home/rodion/.local/share/JetBrains/Toolbox/apps/android-studio-2/jbr/bin/java
00c96000-00cde000 rw-p 00000000 00:00 0                                  [heap]
6e0000000-6f9080000 rw-p 00000000 00:00 0 
6f9080000-7a0000000 ---p 00000000 00:00 0 
7a0000000-7a9d80000 rw-p 00000000 00:00 0 
7a9d80000-800000000 ---p 00000000 00:00 0 
800000000-800010000 rw-p 00000000 00:00 0 
800010000-800030000 rw-p 00000000 00:00 0 
800030000-8000b0000 rw-p 00000000 00:00 0 
8000b0000-800130000 rw-p 00000000 00:00 0 
800130000-8001b0000 rw-p 00000000 00:00 0 
8001b0000-8001f0000 rw-p 00000000 00:00 0 
8001f0000-800430000 rw-p 00000000 00:00 0 
800430000-800470000 rw-p 00000000 00:00 0 
800470000-8006d0000 rw-p 00000000 00:00 0 
8006d0000-800700000 ---p 00000000 00:00 0 
800700000-800820000 rw-p 00000000 00:00 0 
800820000-834000000 ---p 00000000 00:00 0 
7f8278000000-7f8278021000 rw-p 00000000 00:00 0 
7f8278021000-7f827c000000 ---p 00000000 00:00 0 
7f8280000000-7f8280021000 rw-p 00000000 00:00 0 
7f8280021000-7f8284000000 ---p 00000000 00:00 0 
7f8284000000-7f8284021000 rw-p 00000000 00:00 0 
7f8284021000-7f8288000000 ---p 00000000 00:00 0 
7f8288000000-7f8288021000 rw-p 00000000 00:00 0 
7f8288021000-7f828c000000 ---p 00000000 00:00 0 
7f828c000000-7f828c021000 rw-p 00000000 00:00 0 
7f828c021000-7f8290000000 ---p 00000000 00:00 0 
7f8290000000-7f8290021000 rw-p 00000000 00:00 0 
7f8290021000-7f8294000000 ---p 00000000 00:00 0 
7f8294000000-7f8294021000 rw-p 00000000 00:00 0 
7f8294021000-7f8298000000 ---p 00000000 00:00 0 
7f8298000000-7f8298021000 rw-p 00000000 00:00 0 
7f8298021000-7f829c000000 ---p 00000000 00:00 0 
7f829c000000-7f829c021000 rw-p 00000000 00:00 0 
7f829c021000-7f82a0000000 ---p 00000000 00:00 0 
7f82a0000000-7f82a0021000 rw-p 00000000 00:00 0 
7f82a0021000-7f82a4000000 ---p 00000000 00:00 0 
7f82a4000000-7f82a4021000 rw-p 00000000 00:00 0 
7f82a4021000-7f82a8000000 ---p 00000000 00:00 0 
7f82a8000000-7f82a8021000 rw-p 00000000 00:00 0 
7f82a8021000-7f82ac000000 ---p 00000000 00:00 0 
7f82ac000000-7f82ac021000 rw-p 00000000 00:00 0 
7f82ac021000-7f82b0000000 ---p 00000000 00:00 0 
7f82b0000000-7f82b0021000 rw-p 00000000 00:00 0 
7f82b0021000-7f82b4000000 ---p 00000000 00:00 0 
7f82b4000000-7f82b4021000 rw-p 00000000 00:00 0 
7f82b4021000-7f82b8000000 ---p 00000000 00:00 0 
7f82b8000000-7f82b8021000 rw-p 00000000 00:00 0 
7f82b8021000-7f82bc000000 ---p 00000000 00:00 0 
7f82bc000000-7f82bc021000 rw-p 00000000 00:00 0 
7f82bc021000-7f82c0000000 ---p 00000000 00:00 0 
7f82c0000000-7f82c0021000 rw-p 00000000 00:00 0 
7f82c0021000-7f82c4000000 ---p 00000000 00:00 0 
7f82c4000000-7f82c4021000 rw-p 00000000 00:00 0 
7f82c4021000-7f82c8000000 ---p 00000000 00:00 0 
7f82c8000000-7f82c81fe000 rw-p 00000000 00:00 0 
7f82c81fe000-7f82cc000000 ---p 00000000 00:00 0 
7f82cc000000-7f82cc021000 rw-p 00000000 00:00 0 
7f82cc021000-7f82d0000000 ---p 00000000 00:00 0 
7f82d0000000-7f82d0021000 rw-p 00000000 00:00 0 
7f82d0021000-7f82d4000000 ---p 00000000 00:00 0 
7f82d4000000-7f82d4021000 rw-p 00000000 00:00 0 
7f82d4021000-7f82d8000000 ---p 00000000 00:00 0 
7f82d8000000-7f82d9ba6000 rw-p 00000000 00:00 0 
7f82d9ba6000-7f82dc000000 ---p 00000000 00:00 0 
7f82dc000000-7f82dc021000 rw-p 00000000 00:00 0 
7f82dc021000-7f82e0000000 ---p 00000000 00:00 0 
7f82e0000000-7f82e0021000 rw-p 00000000 00:00 0 
7f82e0021000-7f82e4000000 ---p 00000000 00:00 0 
7f82e4000000-7f82e4021000 rw-p 00000000 00:00 0 
7f82e4021000-7f82e8000000 ---p 00000000 00:00 0 
7f82ea35d000-7f82ea5fa000 rw-p 00000000 00:00 0 
7f82ea5fa000-7f82ea5fe000 ---p 00000000 00:00 0 
7f82ea5fe000-7f82ea6fa000 rw-p 00000000 00:00 0 
7f82ea6fa000-7f82ea6fe000 ---p 00000000 00:00 0 
7f82ea6fe000-7f82ea7fa000 rw-p 00000000 00:00 0 
7f82ea7fa000-7f82ea7fe000 ---p 00000000 00:00 0 
7f82ea7fe000-7f82ea8fa000 rw-p 00000000 00:00 0 
7f82ea8fa000-7f82ea8fe000 ---p 00000000 00:00 0 
7f82ea8fe000-7f82ea9fa000 rw-p 00000000 00:00 0 
7f82ea9fa000-7f82ea9fe000 ---p 00000000 00:00 0 
7f82ea9fe000-7f82eaafa000 rw-p 00000000 00:00 0 
7f82eaafa000-7f82eaafe000 ---p 00000000 00:00 0 
7f82eaafe000-7f82eabfa000 rw-p 00000000 00:00 0 
7f82eabfa000-7f82eabfe000 ---p 00000000 00:00 0 
7f82eabfe000-7f82eacfa000 rw-p 00000000 00:00 0 
7f82eacfa000-7f82eacfe000 ---p 00000000 00:00 0 
7f82eacfe000-7f82eadfa000 rw-p 00000000 00:00 0 
7f82eadfa000-7f82eadfe000 ---p 00000000 00:00 0 
7f82eadfe000-7f82eaefa000 rw-p 00000000 00:00 0 
7f82eaefa000-7f82eaefe000 ---p 00000000 00:00 0 
7f82eaefe000-7f82eaffa000 rw-p 00000000 00:00 0 
7f82eaffa000-7f82eaffe000 ---p 00000000 00:00 0 
7f82eaffe000-7f82eb0fa000 rw-p 00000000 00:00 0 
7f82eb0fa000-7f82eb0fe000 ---p 00000000 00:00 0 
7f82eb0fe000-7f82eb1fa000 rw-p 00000000 00:00 0 
7f82eb1fa000-7f82eb1fe000 ---p 00000000 00:00 0 
7f82eb1fe000-7f82eb2fa000 rw-p 00000000 00:00 0 
7f82eb2fa000-7f82eb2fe000 ---p 00000000 00:00 0 
7f82eb2fe000-7f82eb3fa000 rw-p 00000000 00:00 0 
7f82eb3fa000-7f82eb3fe000 ---p 00000000 00:00 0 
7f82eb3fe000-7f82eb4fa000 rw-p 00000000 00:00 0 
7f82eb4fa000-7f82eb4fb000 ---p 00000000 00:00 0 
7f82eb4fb000-7f82eb5fb000 rw-p 00000000 00:00 0 
7f82eb5fb000-7f82eb5fc000 ---p 00000000 00:00 0 
7f82eb5fc000-7f82eb6fc000 rw-p 00000000 00:00 0 
7f82eb6fc000-7f82eb6fd000 ---p 00000000 00:00 0 
7f82eb6fd000-7f82eb7fd000 rw-p 00000000 00:00 0 
7f82eb7fd000-7f82eb7fe000 ---p 00000000 00:00 0 
7f82eb7fe000-7f82eb8fe000 rw-p 00000000 00:00 0 
7f82eb8fe000-7f82eb8ff000 ---p 00000000 00:00 0 
7f82eb8ff000-7f82eb9ff000 rw-p 00000000 00:00 0 
7f82eb9ff000-7f82eba00000 ---p 00000000 00:00 0 
7f82eba00000-7f82ebb00000 rw-p 00000000 00:00 0 
7f82ebb00000-7f82ebb04000 ---p 00000000 00:00 0 
7f82ebb04000-7f82ebc00000 rw-p 00000000 00:00 0 
7f82ebc00000-7f82ebc04000 ---p 00000000 00:00 0 
7f82ebc04000-7f82ebd00000 rw-p 00000000 00:00 0 
7f82ebd00000-7f82ebd04000 ---p 00000000 00:00 0 
7f82ebd04000-7f82ebe00000 rw-p 00000000 00:00 0 
7f82ebe00000-7f82ebe04000 ---p 00000000 00:00 0 
7f82ebe04000-7f82ebf00000 rw-p 00000000 00:00 0 
7f82ebf00000-7f82ebf04000 ---p 00000000 00:00 0 
7f82ebf04000-7f82ec021000 rw-p 00000000 00:00 0 
7f82ec021000-7f82f0000000 ---p 00000000 00:00 0 
7f82f0000000-7f82f0021000 rw-p 00000000 00:00 0 
7f82f0021000-7f82f4000000 ---p 00000000 00:00 0 
7f82f4000000-7f82f4023000 rw-p 00000000 00:00 0 
7f82f4023000-7f82f8000000 ---p 00000000 00:00 0 
7f82f8000000-7f82f8054000 rw-p 00000000 00:00 0 
7f82f8054000-7f82fc000000 ---p 00000000 00:00 0 
7f82fc000000-7f82fc021000 rw-p 00000000 00:00 0 
7f82fc021000-7f8300000000 ---p 00000000 00:00 0 
7f8300000000-7f8301534000 rw-p 00000000 00:00 0 
7f8301534000-7f8304000000 ---p 00000000 00:00 0 
7f8304000000-7f8304021000 rw-p 00000000 00:00 0 
7f8304021000-7f8308000000 ---p 00000000 00:00 0 
7f8308000000-7f8308021000 rw-p 00000000 00:00 0 
7f8308021000-7f830c000000 ---p 00000000 00:00 0 
7f830c000000-7f830c021000 rw-p 00000000 00:00 0 
7f830c021000-7f8310000000 ---p 00000000 00:00 0 
7f8310000000-7f83111b5000 rw-p 00000000 00:00 0 
7f83111b5000-7f8314000000 ---p 00000000 00:00 0 
7f8314000000-7f8314021000 rw-p 00000000 00:00 0 
7f8314021000-7f8318000000 ---p 00000000 00:00 0 
7f8318000000-7f8318021000 rw-p 00000000 00:00 0 
7f8318021000-7f831c000000 ---p 00000000 00:00 0 
7f831c000000-7f831c8f2000 rw-p 00000000 00:00 0 
7f831c8f2000-7f8320000000 ---p 00000000 00:00 0 
7f8320000000-7f8320021000 rw-p 00000000 00:00 0 
7f8320021000-7f8324000000 ---p 00000000 00:00 0 
7f8324000000-7f8324021000 rw-p 00000000 00:00 0 
7f8324021000-7f8328000000 ---p 00000000 00:00 0 
7f8328000000-7f8329654000 rw-p 00000000 00:00 0 
7f8329654000-7f832c000000 ---p 00000000 00:00 0 
7f832c000000-7f832c021000 rw-p 00000000 00:00 0 
7f832c021000-7f8330000000 ---p 00000000 00:00 0 
7f8330000000-7f8330021000 rw-p 00000000 00:00 0 
7f8330021000-7f8334000000 ---p 00000000 00:00 0 
7f8334000000-7f8334021000 rw-p 00000000 00:00 0 
7f8334021000-7f8338000000 ---p 00000000 00:00 0 
7f8338000000-7f8338021000 rw-p 00000000 00:00 0 
7f8338021000-7f833c000000 ---p 00000000 00:00 0 
7f833c000000-7f833c021000 rw-p 00000000 00:00 0 
7f833c021000-7f8340000000 ---p 00000000 00:00 0 
7f8340000000-7f8340004000 ---p 00000000 00:00 0 
7f8340004000-7f8340100000 rw-p 00000000 00:00 0 
7f8340100000-7f8340104000 ---p 00000000 00:00 0 
7f8340104000-7f8340200000 rw-p 00000000 00:00 0 
7f8340200000-7f8340204000 ---p 00000000 00:00 0 
7f8340204000-7f8340300000 rw-p 00000000 00:00 0 
7f8340300000-7f8340304000 ---p 00000000 00:00 0 
7f8340304000-7f8340400000 rw-p 00000000 00:00 0 
7f8340400000-7f8340404000 ---p 00000000 00:00 0 
7f8340404000-7f8340500000 rw-p 00000000 00:00 0 
7f8340500000-7f8340504000 ---p 00000000 00:00 0 
7f8340504000-7f8340600000 rw-p 00000000 00:00 0 
7f8340600000-7f834069c000 r--p 00000000 103:04 1968521                   /usr/lib/x86_64-linux-gnu/libstdc++.so.6.0.32
7f834069c000-7f83407cd000 r-xp 0009c000 103:04 1968521                   /usr/lib/x86_64-linux-gnu/libstdc++.so.6.0.32
7f83407cd000-7f834085a000 r--p 001cd000 103:04 1968521                   /usr/lib/x86_64-linux-gnu/libstdc++.so.6.0.32
7f834085a000-7f8340865000 r--p 0025a000 103:04 1968521                   /usr/lib/x86_64-linux-gnu/libstdc++.so.6.0.32
7f8340865000-7f8340868000 rw-p 00265000 103:04 1968521                   /usr/lib/x86_64-linux-gnu/libstdc++.so.6.0.32
7f8340868000-7f834086c000 rw-p 00000000 00:00 0 
7f83408ff000-7f8340900000 ---p 00000000 00:00 0 
7f8340900000-7f8340a00000 rw-p 00000000 00:00 0 
7f8340a00000-7f8340a53000 r-xp 00000000 103:04 2789371                   /home/rodion/.gradle/native/38dada09dfb8b06ba9b0570ebf7e218e3eb74d4ef43ca46872605cf95ebc2f47/linux-amd64/libnative-platform-file-events.so
7f8340a53000-7f8340c52000 ---p 00053000 103:04 2789371                   /home/rodion/.gradle/native/38dada09dfb8b06ba9b0570ebf7e218e3eb74d4ef43ca46872605cf95ebc2f47/linux-amd64/libnative-platform-file-events.so
7f8340c52000-7f8340c53000 r--p 00052000 103:04 2789371                   /home/rodion/.gradle/native/38dada09dfb8b06ba9b0570ebf7e218e3eb74d4ef43ca46872605cf95ebc2f47/linux-amd64/libnative-platform-file-events.so
7f8340c53000-7f8340c55000 rw-p 00053000 103:04 2789371                   /home/rodion/.gradle/native/38dada09dfb8b06ba9b0570ebf7e218e3eb74d4ef43ca46872605cf95ebc2f47/linux-amd64/libnative-platform-file-events.so
7f8340cff000-7f8340d00000 ---p 00000000 00:00 0 
7f8340d00000-7f8340e00000 rw-p 00000000 00:00 0 
7f8340e00000-7f8340e05000 r-xp 00000000 103:04 2787315                   /home/rodion/.gradle/native/c067742578af261105cb4f569cf0c3c89f3d7b1fecec35dd04571415982c5e48/linux-amd64/libnative-platform.so
7f8340e05000-7f8341005000 ---p 00005000 103:04 2787315                   /home/rodion/.gradle/native/c067742578af261105cb4f569cf0c3c89f3d7b1fecec35dd04571415982c5e48/linux-amd64/libnative-platform.so
7f8341005000-7f8341006000 r--p 00005000 103:04 2787315                   /home/rodion/.gradle/native/c067742578af261105cb4f569cf0c3c89f3d7b1fecec35dd04571415982c5e48/linux-amd64/libnative-platform.so
7f8341006000-7f8341007000 rw-p 00006000 103:04 2787315                   /home/rodion/.gradle/native/c067742578af261105cb4f569cf0c3c89f3d7b1fecec35dd04571415982c5e48/linux-amd64/libnative-platform.so
7f83410fe000-7f83410ff000 ---p 00000000 00:00 0 
7f83410ff000-7f83411ff000 rw-p 00000000 00:00 0 
7f83411ff000-7f8341203000 ---p 00000000 00:00 0 
7f8341203000-7f83412ff000 rw-p 00000000 00:00 0 
7f83412ff000-7f8341300000 ---p 00000000 00:00 0 
7f8341300000-7f8341400000 rw-p 00000000 00:00 0 
7f8341400000-7f8341404000 ---p 00000000 00:00 0 
7f8341404000-7f8341500000 rw-p 00000000 00:00 0 
7f8341500000-7f8341504000 ---p 00000000 00:00 0 
7f8341504000-7f8341600000 rw-p 00000000 00:00 0 
7f8341600000-7f8341604000 ---p 00000000 00:00 0 
7f8341604000-7f8341700000 rw-p 00000000 00:00 0 
7f8341700000-7f8341704000 ---p 00000000 00:00 0 
7f8341704000-7f8341800000 rw-p 00000000 00:00 0 
7f8341800000-7f8341804000 ---p 00000000 00:00 0 
7f8341804000-7f8341900000 rw-p 00000000 00:00 0 
7f8341900000-7f8341904000 ---p 00000000 00:00 0 
7f8341904000-7f8341a00000 rw-p 00000000 00:00 0 
7f8341a00000-7f8341a04000 ---p 00000000 00:00 0 
7f8341a04000-7f8341b00000 rw-p 00000000 00:00 0 
7f8341b00000-7f8341b04000 ---p 00000000 00:00 0 
7f8341b04000-7f8341c00000 rw-p 00000000 00:00 0 
7f8341c00000-7f8342175000 r--p 00000000 103:04 1995264                   /usr/lib/locale/locale-archive
7f83421f4000-7f83421f8000 ---p 00000000 00:00 0 
7f83421f8000-7f83422f4000 rw-p 00000000 00:00 0 
7f83422f4000-7f83422f8000 ---p 00000000 00:00 0 
7f83422f8000-7f83423f4000 rw-p 00000000 00:00 0 
7f83423f4000-7f83423f5000 ---p 00000000 00:00 0 
7f83423f5000-7f83434f0000 rw-p 00000000 00:00 0 
7f83434f0000-7f8343530000 rw-p 00000000 00:00 0 
7f8343530000-7f8343570000 rw-p 00000000 00:00 0 
7f8343570000-7f83436f0000 rw-p 00000000 00:00 0 
7f83436f0000-7f8343770000 rw-p 00000000 00:00 0 
7f8343770000-7f83437f0000 rw-p 00000000 00:00 0 
7f83437f0000-7f83438f0000 rw-p 00000000 00:00 0 
7f83438f0000-7f83439f0000 rw-p 00000000 00:00 0 
7f83439f0000-7f8343af0000 rw-p 00000000 00:00 0 
7f8343af0000-7f8343bf0000 rw-p 00000000 00:00 0 
7f8343bf0000-7f8343cf0000 rw-p 00000000 00:00 0 
7f8343cf0000-7f8343ef0000 rw-p 00000000 00:00 0 
7f8343ef0000-7f8343f70000 rw-p 00000000 00:00 0 
7f8343f70000-7f83440f0000 rw-p 00000000 00:00 0 
7f83440f0000-7f83441f0000 rw-p 00000000 00:00 0 
7f83441f0000-7f8344b30000 rw-p 00000000 00:00 0 
7f8344b30000-7f8344b70000 rw-p 00000000 00:00 0 
7f8344b70000-7f8344cf0000 rw-p 00000000 00:00 0 
7f8344cf0000-7f83457f0000 rw-p 00000000 00:00 0 
7f83457f0000-7f83458f0000 rw-p 00000000 00:00 0 
7f83458f0000-7f83459f0000 rw-p 00000000 00:00 0 
7f83459f0000-7f8345af0000 rw-p 00000000 00:00 0 
7f8345af0000-7f8345be0000 rw-p 00000000 00:00 0 
7f8345be0000-7f8345c00000 ---p 00000000 00:00 0 
7f8345c00000-7f8346290000 rw-p 00000000 00:00 0 
7f8346290000-7f8347000000 ---p 00000000 00:00 0 
7f8347000000-7f8350021000 rw-p 00000000 00:00 0 
7f8350021000-7f8354000000 ---p 00000000 00:00 0 
7f83540f0000-7f8355a00000 rw-p 00000000 00:00 0 
7f8355a00000-7f83563f0000 rwxp 00000000 00:00 0 
7f83563f0000-7f835cf37000 ---p 00000000 00:00 0 
7f835cf37000-7f835d1a7000 rwxp 00000000 00:00 0 
7f835d1a7000-7f835d4c9000 ---p 00000000 00:00 0 
7f835d4c9000-7f835d7c9000 rwxp 00000000 00:00 0 
7f835d7c9000-7f8364a00000 ---p 00000000 00:00 0 
7f8364a00000-7f8367ee6000 r--s 00000000 103:04 2686930                   /home/rodion/.local/share/JetBrains/Toolbox/apps/android-studio-2/jbr/lib/modules
7f8367eff000-7f836969d000 rw-p 00000000 00:00 0 
7f836969d000-7f836c000000 ---p 00000000 00:00 0 
7f836c0a0000-7f836c0a3000 r--p 00000000 103:04 1968519                   /usr/lib/x86_64-linux-gnu/libgcc_s.so.1
7f836c0a3000-7f836c0be000 r-xp 00003000 103:04 1968519                   /usr/lib/x86_64-linux-gnu/libgcc_s.so.1
7f836c0be000-7f836c0c2000 r--p 0001e000 103:04 1968519                   /usr/lib/x86_64-linux-gnu/libgcc_s.so.1
7f836c0c2000-7f836c0c3000 r--p 00021000 103:04 1968519                   /usr/lib/x86_64-linux-gnu/libgcc_s.so.1
7f836c0c3000-7f836c0c4000 rw-p 00022000 103:04 1968519                   /usr/lib/x86_64-linux-gnu/libgcc_s.so.1
7f836c0db000-7f836c0e1000 r--p 00000000 103:04 2686927                   /home/rodion/.local/share/JetBrains/Toolbox/apps/android-studio-2/jbr/lib/libverify.so
7f836c0e1000-7f836c0e9000 r-xp 00005000 103:04 2686927                   /home/rodion/.local/share/JetBrains/Toolbox/apps/android-studio-2/jbr/lib/libverify.so
7f836c0e9000-7f836c0eb000 r--p 0000c000 103:04 2686927                   /home/rodion/.local/share/JetBrains/Toolbox/apps/android-studio-2/jbr/lib/libverify.so
7f836c0eb000-7f836c0ec000 rw-p 0000d000 103:04 2686927                   /home/rodion/.local/share/JetBrains/Toolbox/apps/android-studio-2/jbr/lib/libverify.so
7f836c0ec000-7f836c5f1000 rw-p 00000000 00:00 0 
7f836c70b000-7f836c8f1000 rw-p 00000000 00:00 0 
7f836c8f1000-7f836ce28000 ---p 00000000 00:00 0 
7f836ce28000-7f836ce29000 ---p 00000000 00:00 0 
7f836ce29000-7f836cff2000 rw-p 00000000 00:00 0 
7f836cff2000-7f836d529000 ---p 00000000 00:00 0 
7f836d529000-7f836d578000 rw-p 00000000 00:00 0 
7f836d578000-7f836d829000 ---p 00000000 00:00 0 
7f836d829000-7f836d830000 rw-p 00000000 00:00 0 
7f836d830000-7f836d915000 ---p 00000000 00:00 0 
7f836d915000-7f836d929000 rw-p 00000000 00:00 0 
7f836d929000-7f836da00000 ---p 00000000 00:00 0 
7f836da00000-7f836df37000 r--p 00000000 103:04 2686942                   /home/rodion/.local/share/JetBrains/Toolbox/apps/android-studio-2/jbr/lib/server/libjvm.so
7f836df37000-7f836eb0f000 r-xp 00536000 103:04 2686942                   /home/rodion/.local/share/JetBrains/Toolbox/apps/android-studio-2/jbr/lib/server/libjvm.so
7f836eb0f000-7f836ebd1000 r--p 0110d000 103:04 2686942                   /home/rodion/.local/share/JetBrains/Toolbox/apps/android-studio-2/jbr/lib/server/libjvm.so
7f836ebd1000-7f836ebfa000 rw-p 011ce000 103:04 2686942                   /home/rodion/.local/share/JetBrains/Toolbox/apps/android-studio-2/jbr/lib/server/libjvm.so
7f836ebfa000-7f836ec6e000 rw-p 00000000 00:00 0 
7f836ec73000-7f836ec7a000 r--s 00000000 103:04 1968884                   /usr/lib/x86_64-linux-gnu/gconv/gconv-modules.cache
7f836ec7a000-7f836ec81000 r--p 00000000 103:04 2686939                   /home/rodion/.local/share/JetBrains/Toolbox/apps/android-studio-2/jbr/lib/libnet.so
7f836ec81000-7f836ec8e000 r-xp 00006000 103:04 2686939                   /home/rodion/.local/share/JetBrains/Toolbox/apps/android-studio-2/jbr/lib/libnet.so
7f836ec8e000-7f836ec8f000 r--p 00012000 103:04 2686939                   /home/rodion/.local/share/JetBrains/Toolbox/apps/android-studio-2/jbr/lib/libnet.so
7f836ec8f000-7f836ec91000 rw-p 00012000 103:04 2686939                   /home/rodion/.local/share/JetBrains/Toolbox/apps/android-studio-2/jbr/lib/libnet.so
7f836ec91000-7f836ec9c000 r--p 00000000 103:04 2686866                   /home/rodion/.local/share/JetBrains/Toolbox/apps/android-studio-2/jbr/lib/libnio.so
7f836ec9c000-7f836eca4000 r-xp 0000a000 103:04 2686866                   /home/rodion/.local/share/JetBrains/Toolbox/apps/android-studio-2/jbr/lib/libnio.so
7f836eca4000-7f836eca5000 r--p 00011000 103:04 2686866                   /home/rodion/.local/share/JetBrains/Toolbox/apps/android-studio-2/jbr/lib/libnio.so
7f836eca5000-7f836eca6000 rw-p 00011000 103:04 2686866                   /home/rodion/.local/share/JetBrains/Toolbox/apps/android-studio-2/jbr/lib/libnio.so
7f836eca6000-7f836ed00000 rw-p 00000000 00:00 0 
7f836ed00000-7f836ed04000 ---p 00000000 00:00 0 
7f836ed04000-7f836ee00000 rw-p 00000000 00:00 0 
7f836ee00000-7f836ee22000 r--p 00000000 103:04 1968528                   /usr/lib/x86_64-linux-gnu/libc.so.6
7f836ee22000-7f836ef9a000 r-xp 00022000 103:04 1968528                   /usr/lib/x86_64-linux-gnu/libc.so.6
7f836ef9a000-7f836eff2000 r--p 0019a000 103:04 1968528                   /usr/lib/x86_64-linux-gnu/libc.so.6
7f836eff2000-7f836eff6000 r--p 001f1000 103:04 1968528                   /usr/lib/x86_64-linux-gnu/libc.so.6
7f836eff6000-7f836eff8000 rw-p 001f5000 103:04 1968528                   /usr/lib/x86_64-linux-gnu/libc.so.6
7f836eff8000-7f836f005000 rw-p 00000000 00:00 0 
7f836f006000-7f836f007000 r--p 00000000 103:04 2686941                   /home/rodion/.local/share/JetBrains/Toolbox/apps/android-studio-2/jbr/lib/libextnet.so
7f836f007000-7f836f009000 r-xp 00000000 103:04 2686941                   /home/rodion/.local/share/JetBrains/Toolbox/apps/android-studio-2/jbr/lib/libextnet.so
7f836f009000-7f836f00a000 r--p 00001000 103:04 2686941                   /home/rodion/.local/share/JetBrains/Toolbox/apps/android-studio-2/jbr/lib/libextnet.so
7f836f00a000-7f836f00b000 rw-p 00001000 103:04 2686941                   /home/rodion/.local/share/JetBrains/Toolbox/apps/android-studio-2/jbr/lib/libextnet.so
7f836f00b000-7f836f00e000 r--p 00000000 103:04 2686918                   /home/rodion/.local/share/JetBrains/Toolbox/apps/android-studio-2/jbr/lib/libmanagement_ext.so
7f836f00e000-7f836f011000 r-xp 00002000 103:04 2686918                   /home/rodion/.local/share/JetBrains/Toolbox/apps/android-studio-2/jbr/lib/libmanagement_ext.so
7f836f011000-7f836f012000 r--p 00004000 103:04 2686918                   /home/rodion/.local/share/JetBrains/Toolbox/apps/android-studio-2/jbr/lib/libmanagement_ext.so
7f836f012000-7f836f013000 rw-p 00004000 103:04 2686918                   /home/rodion/.local/share/JetBrains/Toolbox/apps/android-studio-2/jbr/lib/libmanagement_ext.so
7f836f013000-7f836f01c000 r--p 00000000 103:04 2686922                   /home/rodion/.local/share/JetBrains/Toolbox/apps/android-studio-2/jbr/lib/libzip.so
7f836f01c000-7f836f031000 r-xp 00008000 103:04 2686922                   /home/rodion/.local/share/JetBrains/Toolbox/apps/android-studio-2/jbr/lib/libzip.so
7f836f031000-7f836f033000 r--p 0001c000 103:04 2686922                   /home/rodion/.local/share/JetBrains/Toolbox/apps/android-studio-2/jbr/lib/libzip.so
7f836f033000-7f836f034000 rw-p 0001d000 103:04 2686922                   /home/rodion/.local/share/JetBrains/Toolbox/apps/android-studio-2/jbr/lib/libzip.so
7f836f034000-7f836f039000 rw-p 00000000 00:00 0 
7f836f039000-7f836f040000 ---p 00000000 00:00 0 
7f836f040000-7f836f048000 rw-s 00000000 103:04 1441858                   /tmp/hsperfdata_rodion/14326
7f836f048000-7f836f05a000 r--p 00000000 103:04 2686925                   /home/rodion/.local/share/JetBrains/Toolbox/apps/android-studio-2/jbr/lib/libjava.so
7f836f05a000-7f836f06c000 r-xp 00011000 103:04 2686925                   /home/rodion/.local/share/JetBrains/Toolbox/apps/android-studio-2/jbr/lib/libjava.so
7f836f06c000-7f836f06d000 r--p 00022000 103:04 2686925                   /home/rodion/.local/share/JetBrains/Toolbox/apps/android-studio-2/jbr/lib/libjava.so
7f836f06d000-7f836f06f000 rw-p 00022000 103:04 2686925                   /home/rodion/.local/share/JetBrains/Toolbox/apps/android-studio-2/jbr/lib/libjava.so
7f836f06f000-7f836f07a000 r--p 00000000 103:04 2686914                   /home/rodion/.local/share/JetBrains/Toolbox/apps/android-studio-2/jbr/lib/libjimage.so
7f836f07a000-7f836f08f000 r-xp 0000a000 103:04 2686914                   /home/rodion/.local/share/JetBrains/Toolbox/apps/android-studio-2/jbr/lib/libjimage.so
7f836f08f000-7f836f091000 r--p 0001e000 103:04 2686914                   /home/rodion/.local/share/JetBrains/Toolbox/apps/android-studio-2/jbr/lib/libjimage.so
7f836f091000-7f836f092000 rw-p 0001f000 103:04 2686914                   /home/rodion/.local/share/JetBrains/Toolbox/apps/android-studio-2/jbr/lib/libjimage.so
7f836f092000-7f836f093000 r--p 00000000 103:04 1968582                   /usr/lib/x86_64-linux-gnu/librt.so.1
7f836f093000-7f836f094000 r-xp 00001000 103:04 1968582                   /usr/lib/x86_64-linux-gnu/librt.so.1
7f836f094000-7f836f095000 r--p 00002000 103:04 1968582                   /usr/lib/x86_64-linux-gnu/librt.so.1
7f836f095000-7f836f096000 r--p 00002000 103:04 1968582                   /usr/lib/x86_64-linux-gnu/librt.so.1
7f836f096000-7f836f097000 rw-p 00003000 103:04 1968582                   /usr/lib/x86_64-linux-gnu/librt.so.1
7f836f097000-7f836f0a5000 r--p 00000000 103:04 1968538                   /usr/lib/x86_64-linux-gnu/libm.so.6
7f836f0a5000-7f836f123000 r-xp 0000e000 103:04 1968538                   /usr/lib/x86_64-linux-gnu/libm.so.6
7f836f123000-7f836f17e000 r--p 0008c000 103:04 1968538                   /usr/lib/x86_64-linux-gnu/libm.so.6
7f836f17e000-7f836f17f000 r--p 000e6000 103:04 1968538                   /usr/lib/x86_64-linux-gnu/libm.so.6
7f836f17f000-7f836f180000 rw-p 000e7000 103:04 1968538                   /usr/lib/x86_64-linux-gnu/libm.so.6
7f836f180000-7f836f182000 rw-p 00000000 00:00 0 
7f836f182000-7f836f183000 r--p 00000000 103:04 1968531                   /usr/lib/x86_64-linux-gnu/libdl.so.2
7f836f183000-7f836f184000 r-xp 00001000 103:04 1968531                   /usr/lib/x86_64-linux-gnu/libdl.so.2
7f836f184000-7f836f185000 r--p 00002000 103:04 1968531                   /usr/lib/x86_64-linux-gnu/libdl.so.2
7f836f185000-7f836f186000 r--p 00002000 103:04 1968531                   /usr/lib/x86_64-linux-gnu/libdl.so.2
7f836f186000-7f836f187000 rw-p 00003000 103:04 1968531                   /usr/lib/x86_64-linux-gnu/libdl.so.2
7f836f187000-7f836f188000 r--p 00000000 103:04 1968576                   /usr/lib/x86_64-linux-gnu/libpthread.so.0
7f836f188000-7f836f189000 r-xp 00001000 103:04 1968576                   /usr/lib/x86_64-linux-gnu/libpthread.so.0
7f836f189000-7f836f18a000 r--p 00002000 103:04 1968576                   /usr/lib/x86_64-linux-gnu/libpthread.so.0
7f836f18a000-7f836f18b000 r--p 00002000 103:04 1968576                   /usr/lib/x86_64-linux-gnu/libpthread.so.0
7f836f18b000-7f836f18c000 rw-p 00003000 103:04 1968576                   /usr/lib/x86_64-linux-gnu/libpthread.so.0
7f836f18c000-7f836f18f000 r--p 00000000 103:04 2686854                   /home/rodion/.local/share/JetBrains/Toolbox/apps/android-studio-2/jbr/lib/libmanagement.so
7f836f18f000-7f836f191000 r-xp 00002000 103:04 2686854                   /home/rodion/.local/share/JetBrains/Toolbox/apps/android-studio-2/jbr/lib/libmanagement.so
7f836f191000-7f836f192000 r--p 00003000 103:04 2686854                   /home/rodion/.local/share/JetBrains/Toolbox/apps/android-studio-2/jbr/lib/libmanagement.so
7f836f192000-7f836f193000 rw-p 00003000 103:04 2686854                   /home/rodion/.local/share/JetBrains/Toolbox/apps/android-studio-2/jbr/lib/libmanagement.so
7f836f193000-7f836f197000 r--p 00000000 103:04 2686920                   /home/rodion/.local/share/JetBrains/Toolbox/apps/android-studio-2/jbr/lib/libinstrument.so
7f836f197000-7f836f19e000 r-xp 00003000 103:04 2686920                   /home/rodion/.local/share/JetBrains/Toolbox/apps/android-studio-2/jbr/lib/libinstrument.so
7f836f19e000-7f836f19f000 r--p 00009000 103:04 2686920                   /home/rodion/.local/share/JetBrains/Toolbox/apps/android-studio-2/jbr/lib/libinstrument.so
7f836f19f000-7f836f1a0000 rw-p 00009000 103:04 2686920                   /home/rodion/.local/share/JetBrains/Toolbox/apps/android-studio-2/jbr/lib/libinstrument.so
7f836f1a0000-7f836f1a1000 ---p 00000000 00:00 0 
7f836f1a1000-7f836f1a2000 r--p 00000000 00:00 0 
7f836f1a2000-7f836f1a3000 ---p 00000000 00:00 0 
7f836f1a3000-7f836f1ac000 r--p 00000000 103:04 2686860                   /home/rodion/.local/share/JetBrains/Toolbox/apps/android-studio-2/jbr/lib/libjli.so
7f836f1ac000-7f836f1bb000 r-xp 00008000 103:04 2686860                   /home/rodion/.local/share/JetBrains/Toolbox/apps/android-studio-2/jbr/lib/libjli.so
7f836f1bb000-7f836f1bc000 r--p 00016000 103:04 2686860                   /home/rodion/.local/share/JetBrains/Toolbox/apps/android-studio-2/jbr/lib/libjli.so
7f836f1bc000-7f836f1bd000 rw-p 00016000 103:04 2686860                   /home/rodion/.local/share/JetBrains/Toolbox/apps/android-studio-2/jbr/lib/libjli.so
7f836f1bd000-7f836f1bf000 rw-p 00000000 00:00 0 
7f836f1bf000-7f836f1c0000 r--p 00000000 103:04 1968525                   /usr/lib/x86_64-linux-gnu/ld-linux-x86-64.so.2
7f836f1c0000-7f836f1e8000 r-xp 00001000 103:04 1968525                   /usr/lib/x86_64-linux-gnu/ld-linux-x86-64.so.2
7f836f1e8000-7f836f1f2000 r--p 00029000 103:04 1968525                   /usr/lib/x86_64-linux-gnu/ld-linux-x86-64.so.2
7f836f1f2000-7f836f1f4000 r--p 00033000 103:04 1968525                   /usr/lib/x86_64-linux-gnu/ld-linux-x86-64.so.2
7f836f1f4000-7f836f1f6000 rw-p 00035000 103:04 1968525                   /usr/lib/x86_64-linux-gnu/ld-linux-x86-64.so.2
7ffe946ea000-7ffe9470b000 rw-p 00000000 00:00 0                          [stack]
7ffe94734000-7ffe94738000 r--p 00000000 00:00 0                          [vvar]
7ffe94738000-7ffe9473a000 r-xp 00000000 00:00 0                          [vdso]
ffffffffff600000-ffffffffff601000 --xp 00000000 00:00 0                  [vsyscall]


VM Arguments:
jvm_args: -XX:+HeapDumpOnOutOfMemoryError -XX:+UseParallelGC -XX:MaxMetaspaceSize=1g --add-opens=java.base/java.util=ALL-UNNAMED --add-opens=java.base/java.lang=ALL-UNNAMED --add-opens=java.base/java.lang.invoke=ALL-UNNAMED --add-opens=java.prefs/java.util.prefs=ALL-UNNAMED --add-opens=java.base/java.nio.charset=ALL-UNNAMED --add-opens=java.base/java.net=ALL-UNNAMED --add-opens=java.base/java.util.concurrent.atomic=ALL-UNNAMED -Xmx4608m -Dfile.encoding=UTF-8 -Duser.country=UA -Duser.language=ru -Duser.variant -javaagent:/home/rodion/.gradle/wrapper/dists/gradle-8.4-bin/1w5dpkrfk8irigvoxmyhowfim/gradle-8.4/lib/agents/gradle-instrumentation-agent-8.4.jar 
java_command: org.gradle.launcher.daemon.bootstrap.GradleDaemon 8.4
java_class_path (initial): /home/rodion/.gradle/wrapper/dists/gradle-8.4-bin/1w5dpkrfk8irigvoxmyhowfim/gradle-8.4/lib/gradle-launcher-8.4.jar
Launcher Type: SUN_STANDARD

[Global flags]
     intx CICompilerCount                          = 4                                         {product} {ergonomic}
   size_t CompressedClassSpaceSize                 = 872415232                                 {product} {ergonomic}
     bool HeapDumpOnOutOfMemoryError               = true                                   {manageable} {command line}
   size_t InitialHeapSize                          = 226492416                                 {product} {ergonomic}
   size_t MaxHeapSize                              = 4831838208                                {product} {command line}
   size_t MaxMetaspaceSize                         = 1073741824                                {product} {command line}
   size_t MaxNewSize                               = 1610612736                                {product} {ergonomic}
   size_t MinHeapDeltaBytes                        = 524288                                    {product} {ergonomic}
   size_t MinHeapSize                              = 8388608                                   {product} {ergonomic}
   size_t NewSize                                  = 75497472                                  {product} {ergonomic}
    uintx NonNMethodCodeHeapSize                   = 5839372                                {pd product} {ergonomic}
    uintx NonProfiledCodeHeapSize                  = 122909434                              {pd product} {ergonomic}
   size_t OldSize                                  = 150994944                                 {product} {ergonomic}
    uintx ProfiledCodeHeapSize                     = 122909434                              {pd product} {ergonomic}
    uintx ReservedCodeCacheSize                    = 251658240                              {pd product} {ergonomic}
     bool SegmentedCodeCache                       = true                                      {product} {ergonomic}
   size_t SoftMaxHeapSize                          = 4831838208                             {manageable} {ergonomic}
     bool UseCompressedClassPointers               = true                           {product lp64_product} {ergonomic}
     bool UseCompressedOops                        = true                           {product lp64_product} {ergonomic}
     bool UseParallelGC                            = true                                      {product} {command line}

Logging:
Log output configuration:
 #0: stdout all=warning uptime,level,tags
 #1: stderr all=off uptime,level,tags

Environment Variables:
JAVA_HOME=/usr/lib/jvm/java-17-openjdk-amd64/bin/java
PATH=/usr/local/sbin:/usr/local/bin:/usr/sbin:/usr/bin:/sbin:/bin:/usr/games:/usr/local/games:/snap/bin:/home/rodion/.local/share/JetBrains/Toolbox/scripts
SHELL=/bin/bash
DISPLAY=:0
LANG=ru_UA.UTF-8

Active Locale:
LC_ALL=ru_UA.UTF-8
LC_COLLATE=ru_UA.UTF-8
LC_CTYPE=ru_UA.UTF-8
LC_MESSAGES=ru_UA.UTF-8
LC_MONETARY=ru_UA.UTF-8
LC_NUMERIC=ru_UA.UTF-8
LC_TIME=ru_UA.UTF-8

Signal Handlers:
   SIGSEGV: crash_handler in libjvm.so, mask=11100100010111111101111111111110, flags=SA_RESTART|SA_SIGINFO, unblocked
    SIGBUS: crash_handler in libjvm.so, mask=11100100010111111101111111111110, flags=SA_RESTART|SA_SIGINFO, unblocked
    SIGFPE: crash_handler in libjvm.so, mask=11100100010111111101111111111110, flags=SA_RESTART|SA_SIGINFO, unblocked
   SIGPIPE: javaSignalHandler in libjvm.so, mask=11100100010111111101111111111110, flags=SA_RESTART|SA_SIGINFO, blocked
   SIGXFSZ: javaSignalHandler in libjvm.so, mask=11100100010111111101111111111110, flags=SA_RESTART|SA_SIGINFO, blocked
    SIGILL: crash_handler in libjvm.so, mask=11100100010111111101111111111110, flags=SA_RESTART|SA_SIGINFO, unblocked
   SIGUSR2: SR_handler in libjvm.so, mask=00100000000000000000000000000000, flags=SA_RESTART|SA_SIGINFO, blocked
    SIGHUP: UserHandler in libjvm.so, mask=11100100010111111101111111111110, flags=SA_RESTART|SA_SIGINFO, blocked
    SIGINT: UserHandler in libjvm.so, mask=11100100010111111101111111111110, flags=SA_RESTART|SA_SIGINFO, blocked
   SIGTERM: UserHandler in libjvm.so, mask=11100100010111111101111111111110, flags=SA_RESTART|SA_SIGINFO, blocked
   SIGQUIT: UserHandler in libjvm.so, mask=11100100010111111101111111111110, flags=SA_RESTART|SA_SIGINFO, blocked
   SIGTRAP: crash_handler in libjvm.so, mask=11100100010111111101111111111110, flags=SA_RESTART|SA_SIGINFO, unblocked


Periodic native trim disabled

JNI global refs:
JNI global refs: 24, weak refs: 0

JNI global refs memory usage: 867, weak refs: 865

OOME stack traces (most recent first):
Classloader memory used:
Loader org.gradle.internal.classloader.VisitableURLClassLoader                         : 3194K
Loader bootstrap                                                                       : 2491K
Loader org.gradle.initialization.MixInLegacyTypesClassLoader                           : 934K
Loader org.gradle.internal.classloader.VisitableURLClassLoader$InstrumentingVisitableURLClassLoader: 602K
Loader jdk.internal.reflect.DelegatingClassLoader                                      : 99080B
Loader jdk.internal.loader.ClassLoaders$PlatformClassLoader                            : 58263B
Loader jdk.internal.loader.ClassLoaders$AppClassLoader                                 : 28177B

Classes loaded by more than one classloader:
Class org.gradle.internal.installation.GradleInstallation                             : loaded 2 times (x 74B)
Class org.gradle.internal.classpath.ClassPath                                         : loaded 2 times (x 69B)
Class org.gradle.api.internal.classpath.DefaultModuleRegistry                         : loaded 2 times (x 85B)
Class org.gradle.api.Action                                                           : loaded 2 times (x 69B)
Class org.gradle.api.internal.DefaultClassPathProvider                                : loaded 2 times (x 75B)
Class org.gradle.internal.installation.GradleInstallation$1                           : loaded 2 times (x 74B)
Class org.gradle.internal.classloader.FilteringClassLoader                            : loaded 2 times (x 104B)
Class com.google.common.collect.RegularImmutableSet                                   : loaded 2 times (x 147B)
Class org.gradle.internal.classpath.DefaultClassPath$ImmutableUniqueList$Builder      : loaded 2 times (x 74B)
Class org.gradle.internal.classloader.ClassLoaderVisitor                              : loaded 2 times (x 75B)
Class org.gradle.internal.service.DefaultServiceLocator                               : loaded 2 times (x 82B)
Class org.gradle.internal.service.UnknownServiceException                             : loaded 2 times (x 82B)
Class org.gradle.internal.classloader.DefaultClassLoaderFactory                       : loaded 2 times (x 81B)
Class org.gradle.internal.classloader.VisitableURLClassLoader$Spec                    : loaded 2 times (x 73B)
Class org.gradle.api.GradleException                                                  : loaded 2 times (x 81B)
Class org.gradle.api.internal.classpath.ModuleRegistry                                : loaded 2 times (x 69B)
Class com.google.common.collect.ImmutableCollection                                   : loaded 2 times (x 124B)
Class org.gradle.api.internal.ClassPathProvider                                       : loaded 2 times (x 69B)
Class org.gradle.internal.classloader.ClasspathUtil$1                                 : loaded 2 times (x 75B)
Class org.gradle.internal.classloader.ClassLoaderFactory                              : loaded 2 times (x 69B)
Class com.google.common.collect.ImmutableList                                         : loaded 2 times (x 167B)
Class org.gradle.api.internal.classpath.ManifestUtil                                  : loaded 2 times (x 70B)
Class org.gradle.api.specs.Spec                                                       : loaded 2 times (x 69B)
Class com.google.common.base.Preconditions                                            : loaded 2 times (x 70B)
Class org.gradle.internal.IoActions                                                   : loaded 2 times (x 70B)
Class org.gradle.api.internal.classpath.EffectiveClassPath                            : loaded 2 times (x 89B)
Class org.gradle.internal.installation.CurrentGradleInstallation                      : loaded 2 times (x 72B)
Class org.gradle.internal.agents.InstrumentingClassLoader                             : loaded 2 times (x 69B)
Class org.gradle.internal.installation.CurrentGradleInstallationLocator               : loaded 2 times (x 70B)
Class org.gradle.api.internal.classpath.Module                                        : loaded 2 times (x 69B)
Class com.google.common.collect.ImmutableSet$RegularSetBuilderImpl                    : loaded 2 times (x 76B)
Class org.gradle.internal.service.CachingServiceLocator                               : loaded 2 times (x 81B)
Class org.gradle.internal.classpath.DefaultClassPath                                  : loaded 2 times (x 89B)
Class com.google.common.collect.RegularImmutableAsList                                : loaded 2 times (x 177B)
Class org.gradle.internal.classloader.SystemClassLoaderSpec                           : loaded 2 times (x 70B)
Class com.google.common.collect.SingletonImmutableSet                                 : loaded 2 times (x 145B)
Class org.gradle.api.UncheckedIOException                                             : loaded 2 times (x 81B)
Class org.gradle.internal.classloader.ClasspathUtil                                   : loaded 2 times (x 70B)
Class org.gradle.api.internal.DefaultClassPathRegistry                                : loaded 2 times (x 75B)
Class com.google.common.collect.ImmutableSet$SetBuilderImpl                           : loaded 2 times (x 75B)
Class org.gradle.api.internal.classpath.DefaultModuleRegistry$DefaultModule           : loaded 2 times (x 85B)
Class org.gradle.api.internal.classpath.UnknownModuleException                        : loaded 2 times (x 81B)
Class org.gradle.internal.service.ServiceLookupException                              : loaded 2 times (x 81B)
Class org.gradle.cache.GlobalCache                                                    : loaded 2 times (x 69B)
Class [Lorg.gradle.api.internal.ClassPathProvider;                                    : loaded 2 times (x 68B)
Class org.gradle.util.internal.GUtil                                                  : loaded 2 times (x 70B)
Class org.gradle.internal.classloader.ClassLoaderSpec                                 : loaded 2 times (x 70B)
Class org.gradle.internal.classloader.VisitableURLClassLoader                         : loaded 2 times (x 116B)
Class org.gradle.internal.Cast                                                        : loaded 2 times (x 70B)
Class org.gradle.api.internal.ClassPathRegistry                                       : loaded 2 times (x 69B)
Class com.google.common.collect.ImmutableSet                                          : loaded 2 times (x 144B)
Class org.gradle.internal.classloader.VisitableURLClassLoader$InstrumentingVisitableURLClassLoader: loaded 2 times (x 122B)
Class org.gradle.internal.classloader.ClassLoaderHierarchy                            : loaded 2 times (x 69B)
Class org.gradle.internal.InternalTransformer                                         : loaded 2 times (x 69B)
Class org.gradle.internal.service.ServiceLocator                                      : loaded 2 times (x 69B)
Class org.gradle.internal.classpath.DefaultClassPath$ImmutableUniqueList              : loaded 2 times (x 160B)
Class org.gradle.internal.classpath.TransformedClassPath                              : loaded 2 times (x 95B)
Class com.google.common.collect.ImmutableAsList                                       : loaded 2 times (x 170B)
Class com.google.common.collect.ImmutableSet$CachingAsList                            : loaded 2 times (x 146B)


---------------  S Y S T E M  ---------------

OS:
DISTRIB_ID=Ubuntu
DISTRIB_RELEASE=23.04
DISTRIB_CODENAME=lunar
DISTRIB_DESCRIPTION="Ubuntu 23.04"
uname: Linux 6.2.0-39-generic #40-Ubuntu SMP PREEMPT_DYNAMIC Tue Nov 14 14:18:00 UTC 2023 x86_64
OS uptime: 0 days 1:04 hours
libc: glibc 2.37 NPTL 2.37 
rlimit (soft/hard): STACK 8192k/infinity , CORE 0k/infinity , NPROC 54776/54776 , NOFILE 1048576/1048576 , AS infinity/infinity , CPU infinity/infinity , DATA infinity/infinity , FSIZE infinity/infinity , MEMLOCK 1768588k/1768588k
load average: 2,37 3,72 3,16

/proc/meminfo:
MemTotal:       14148704 kB
MemFree:         1016444 kB
MemAvailable:    7231488 kB
Buffers:          151448 kB
Cached:          6146368 kB
SwapCached:         8556 kB
Active:          5449572 kB
Inactive:        6606412 kB
Active(anon):     208824 kB
Inactive(anon):  5575060 kB
Active(file):    5240748 kB
Inactive(file):  1031352 kB
Unevictable:         304 kB
Mlocked:             304 kB
SwapTotal:       5858300 kB
SwapFree:        5718012 kB
Zswap:                 0 kB
Zswapped:              0 kB
Dirty:            179736 kB
Writeback:             0 kB
AnonPages:       5750288 kB
Mapped:          3431480 kB
Shmem:             25716 kB
KReclaimable:     271144 kB
Slab:             442452 kB
SReclaimable:     271144 kB
SUnreclaim:       171308 kB
KernelStack:       19808 kB
PageTables:        49644 kB
SecPageTables:      5928 kB
NFS_Unstable:          0 kB
Bounce:                0 kB
WritebackTmp:          0 kB
CommitLimit:    12932652 kB
Committed_AS:   14122428 kB
VmallocTotal:   34359738367 kB
VmallocUsed:      139492 kB
VmallocChunk:          0 kB
Percpu:            12544 kB
HardwareCorrupted:     0 kB
AnonHugePages:      2048 kB
ShmemHugePages:        0 kB
ShmemPmdMapped:        0 kB
FileHugePages:         0 kB
FilePmdMapped:         0 kB
HugePages_Total:       0
HugePages_Free:        0
HugePages_Rsvd:        0
HugePages_Surp:        0
Hugepagesize:       2048 kB
Hugetlb:               0 kB
DirectMap4k:     1489348 kB
DirectMap2M:    13039616 kB
DirectMap1G:           0 kB

/sys/kernel/mm/transparent_hugepage/enabled: always [madvise] never
/sys/kernel/mm/transparent_hugepage/defrag (defrag/compaction efforts parameter): always defer defer+madvise [madvise] never

Process Memory:
Virtual Size: 9512420K (peak: 9576408K)
Resident Set Size: 576080K (peak: 576080K) (anon: 541648K, file: 34432K, shmem: 0K)
Swapped out: 0K
C-Heap outstanding allocations: 131949K, retained: 33990K
glibc malloc tunables: (default)

/proc/sys/kernel/threads-max (system-wide limit on the number of threads): 109553
/proc/sys/vm/max_map_count (maximum number of memory map areas a process may have): 65530
/proc/sys/kernel/pid_max (system-wide limit on number of process identifiers): 4194304

container (cgroup) information:
container_type: cgroupv2
cpu_cpuset_cpus: not supported
cpu_memory_nodes: not supported
active_processor_count: 12
cpu_quota: not supported
cpu_period: not supported
cpu_shares: not supported
memory_limit_in_bytes: unlimited
memory_and_swap_limit_in_bytes: unlimited
memory_soft_limit_in_bytes: unlimited
memory_usage_in_bytes: 10219080 k
memory_max_usage_in_bytes: not supported
memory_swap_current_in_bytes: 85088 k
memory_swap_max_limit_in_bytes: unlimited
maximum number of tasks: 16432
current number of tasks: 488

Steal ticks since vm start: 0
Steal ticks percentage since vm start:  0,000

CPU: total 16 (initial active 12) (12 cores per cpu, 2 threads per core) family 25 model 80 stepping 0 microcode 0xa50000c, cx8, cmov, fxsr, ht, mmx, 3dnowpref, sse, sse2, sse3, ssse3, sse4a, sse4.1, sse4.2, popcnt, lzcnt, tsc, tscinvbit, avx, avx2, aes, erms, clmul, bmi1, bmi2, adx, sha, fma, vzeroupper, clflush, clflushopt
CPU Model and flags from /proc/cpuinfo:
model name	: AMD Ryzen 5 5600H with Radeon Graphics
flags		: fpu vme de pse tsc msr pae mce cx8 apic sep mtrr pge mca cmov pat pse36 clflush mmx fxsr sse sse2 ht syscall nx mmxext fxsr_opt pdpe1gb rdtscp lm constant_tsc rep_good nopl nonstop_tsc cpuid extd_apicid aperfmperf rapl pni pclmulqdq monitor ssse3 fma cx16 sse4_1 sse4_2 movbe popcnt aes xsave avx f16c rdrand lahf_lm cmp_legacy svm extapic cr8_legacy abm sse4a misalignsse 3dnowprefetch osvw ibs skinit wdt tce topoext perfctr_core perfctr_nb bpext perfctr_llc mwaitx cpb cat_l3 cdp_l3 hw_pstate ssbd mba ibrs ibpb stibp vmmcall fsgsbase bmi1 avx2 smep bmi2 erms invpcid cqm rdt_a rdseed adx smap clflushopt clwb sha_ni xsaveopt xsavec xgetbv1 xsaves cqm_llc cqm_occup_llc cqm_mbm_total cqm_mbm_local clzero irperf xsaveerptr rdpru wbnoinvd cppc arat npt lbrv svm_lock nrip_save tsc_scale vmcb_clean flushbyasid decodeassists pausefilter pfthreshold avic v_vmsave_vmload vgif v_spec_ctrl umip pku ospke vaes vpclmulqdq rdpid overflow_recov succor smca fsrm

Online cpus: 0-11
Offline cpus: 12-15
BIOS frequency limitation: 3300000
Frequency switch latency (ns): 0
Available cpu frequencies: 3300000 1300000 1200000 
Current governor: schedutil
Core performance/turbo boost: 1

Memory: 4k page, physical 14148704k(1016444k free), swap 5858300k(5718012k free)
Page Sizes: 4k

vm_info: OpenJDK 64-Bit Server VM (17.0.9+0-17.0.9b1087.7-11185874) for linux-amd64 JRE (17.0.9+0-17.0.9b1087.7-11185874), built on Dec  6 2023 18:35:35 by "androidbuild" with clang Android (8508608, based on r450784e) Clang 14.0.7 (https://android.googlesource.com/toolchain/llvm-project 4c603efb0cca074e9238af8b4106c30add4418f6)

END.
