#
# A fatal error has been detected by the Java Runtime Environment:
#
#  SIGSEGV (0xb) at pc=0x00007f07e672790e, pid=13838, tid=13881
#
# JRE version: OpenJDK Runtime Environment (17.0.9) (build 17.0.9+0-17.0.9b1087.7-11185874)
# Java VM: OpenJDK 64-Bit Server VM (17.0.9+0-17.0.9b1087.7-11185874, mixed mode, tiered, compressed oops, compressed class ptrs, g1 gc, linux-amd64)
# Problematic frame:
# V  [libjvm.so+0x92790e]  void OopOopIterateDispatch<G1CMOopClosure>::Table::oop_oop_iterate<InstanceRefKlass, narrowOop>(G1CMOopClosure*, oopDesc*, Klass*)+0x11e
#
# Core dump will be written. Default location: Core dumps may be processed with "/usr/share/apport/apport -p%p -s%s -c%c -d%d -P%P -u%u -g%g -- %E" (or dumping to /var/www/html/YkisPAM/core.13838)
#
# If you would like to submit a bug report, please visit:
#   https://bugreport.java.com/bugreport/crash.jsp
#

---------------  S U M M A R Y ------------

Command Line: --add-opens=java.base/java.util=ALL-UNNAMED --add-opens=java.base/java.lang=ALL-UNNAMED --add-opens=java.base/java.lang.invoke=ALL-UNNAMED --add-opens=java.prefs/java.util.prefs=ALL-UNNAMED --add-opens=java.base/java.nio.charset=ALL-UNNAMED --add-opens=java.base/java.net=ALL-UNNAMED --add-opens=java.base/java.util.concurrent.atomic=ALL-UNNAMED -Xmx4608m -Dfile.encoding=UTF-8 -Duser.country=UA -Duser.language=ru -Duser.variant -javaagent:/home/rodion/.gradle/wrapper/dists/gradle-8.4-bin/1w5dpkrfk8irigvoxmyhowfim/gradle-8.4/lib/agents/gradle-instrumentation-agent-8.4.jar org.gradle.launcher.daemon.bootstrap.GradleDaemon 8.4

Host: AMD Ryzen 5 5600H with Radeon Graphics, 16 cores, 13G, Ubuntu 23.04
Time: Mon Jan 15 11:09:43 2024 EET elapsed time: 1.646628 seconds (0d 0h 0m 1s)

---------------  T H R E A D  ---------------

Current thread (0x00007f07b4000eb0):  ConcurrentGCThread "G1 Conc#1" [stack: 0x00007f077df2e000,0x00007f077e02e000] [id=13881]

Stack: [0x00007f077df2e000,0x00007f077e02e000],  sp=0x00007f077e02ac30,  free space=1011k
Native frames: (J=compiled Java code, j=interpreted, Vv=VM code, C=native code)
V  [libjvm.so+0x92790e]  void OopOopIterateDispatch<G1CMOopClosure>::Table::oop_oop_iterate<InstanceRefKlass, narrowOop>(G1CMOopClosure*, oopDesc*, Klass*)+0x11e
V  [libjvm.so+0x93a4dd]  G1CMTask::drain_local_queue(bool)+0x2cd
V  [libjvm.so+0x93a164]  G1CMBitMapClosure::do_addr(HeapWordImpl**)+0x284
V  [libjvm.so+0x940876]  G1CMTask::do_marking_step(double, bool, bool)+0x4b6
V  [libjvm.so+0x9429c4]  G1CMConcurrentMarkingTask::work(unsigned int)+0xc4
V  [libjvm.so+0x10bbbec]  GangWorker::run()+0x5c
V  [libjvm.so+0x100dbff]  Thread::call_run()+0xbf
V  [libjvm.so+0xe12ce9]  thread_native_entry(Thread*)+0x119


siginfo: si_signo: 11 (SIGSEGV), si_code: 1 (SEGV_MAPERR), si_addr: 0x00000002e0c2e9e0

Registers:
RAX=0x00000002e0c2e9e0, RBX=0x00000006e0c2ea38, RCX=0x00007f07e6fd5703, RDX=0x000000005c185d3c
RSP=0x00007f077e02ac30, RBP=0x00007f077e02ac70, RSI=0x00007f07e6fd5a70, RDI=0x00000006e0c2ea44
R8 =0x0000000000000006, R9 =0x0000000000000003, R10=0x00007f07e7010160, R11=0x00007f07e7010161
R12=0x00007f07e018f8b0, R13=0x00007f077e02cd00, R14=0x00000006e0c2ea64, R15=0x0000000000000005
RIP=0x00007f07e672790e, EFLAGS=0x0000000000010202, CSGSFS=0x002b000000000033, ERR=0x0000000000000004
  TRAPNO=0x000000000000000e


Register to memory mapping:

RAX=0x00000002e0c2e9e0 is an unknown value
RBX=0x00000006e0c2ea38 is an oop: jdk.internal.ref.CleanerImpl$PhantomCleanableRef 
{0x00000006e0c2ea38} - klass: 'jdk/internal/ref/CleanerImpl$PhantomCleanableRef'
 - ---- fields (total size 6 words):
 - private 'referent' 'Ljava/lang/Object;' @12  
[error occurred during error reporting (printing register info), id 0xb, SIGSEGV (0xb) at pc=0x00007f07e684a395]

Top of Stack: (sp=0x00007f077e02ac30)
0x00007f077e02ac30:   00007f077e02ac70 000000080003c958
0x00007f077e02ac40:   00000006e0c2ea38 00007f07e00a9510
0x00007f077e02ac50:   000000080003c958 0000000000000040
0x00007f077e02ac60:   0000000000000006 00000006e0c2ea38
0x00007f077e02ac70:   00007f077e02acb0 00007f07e673a4dd
0x00007f077e02ac80:   00007f07e00a9518 00000006e1183190
0x00007f077e02ac90:   00007f07e00a9510 000000000000000a
0x00007f077e02aca0:   00007f077e02cd28 0000000800009e38
0x00007f077e02acb0:   00007f077e02acf0 00007f07e673a164
0x00007f077e02acc0:   0000000000221110 0000000000230632
0x00007f077e02acd0:   00000006e1183190 00007f07e70118c0
0x00007f077e02ace0:   00007f07e00a9510 00007f07e00a9598
0x00007f077e02acf0:   00007f077e02cda0 00007f07e6740876
0x00007f077e02ad00:   0000000000000000 0000000000000000
0x00007f077e02ad10:   0000000000000000 0000000000000000
0x00007f077e02ad20:   0000000000000000 0000000000000000
0x00007f077e02ad30:   0000000000000000 0000000000000000
0x00007f077e02ad40:   0000000000000000 0000000000000000
0x00007f077e02ad50:   0000000000000000 0000000000000000
0x00007f077e02ad60:   0000000000000000 0000000000000000
0x00007f077e02ad70:   0000000000000000 0000000000000000
0x00007f077e02ad80:   0000000000000000 0000000000000000
0x00007f077e02ad90:   0000000000000000 0000000000000000
0x00007f077e02ada0:   0000000000000000 0000000000000000
0x00007f077e02adb0:   0000000000000000 0000000000000000
0x00007f077e02adc0:   0000000000000000 0000000000000000
0x00007f077e02add0:   0000000000000000 0000000000000000
0x00007f077e02ade0:   0000000000000000 0000000000000000
0x00007f077e02adf0:   0000000000000000 0000000000000000
0x00007f077e02ae00:   0000000000000000 0000000000000000
0x00007f077e02ae10:   0000000000000000 0000000000000000
0x00007f077e02ae20:   0000000000000000 0000000000000000 

Instructions: (pc=0x00007f07e672790e)
0x00007f07e672780e:   98 00 00 00 41 8b 55 10 4c 89 ee 31 c9 e8 c0 0a
0x00007f07e672781e:   ee ff 48 89 5d c8 8b 83 50 01 00 00 48 85 c0 74
0x00007f07e672782e:   77 48 8b 55 c8 48 63 8a a0 00 00 00 48 8d 0c ca
0x00007f07e672783e:   48 63 92 54 01 00 00 48 8d 34 d1 4c 8d 24 d1 49
0x00007f07e672784e:   81 c4 f8 01 00 00 4c 8d 3c c6 49 81 c7 f8 01 00
0x00007f07e672785e:   00 eb 18 66 2e 0f 1f 84 00 00 00 00 00 0f 1f 44
0x00007f07e672786e:   00 00 49 83 c4 08 4d 39 fc 73 2d 41 8b 44 24 04
0x00007f07e672787e:   48 85 c0 74 ed 49 63 1c 24 48 03 5d d0 4c 8d 34
0x00007f07e672788e:   83 90 4c 89 ef 48 89 de e8 15 f9 ff ff 48 83 c3
0x00007f07e672789e:   04 4c 39 f3 72 ec eb ca 49 8b 45 00 4c 89 ef ff
0x00007f07e67278ae:   50 10 83 f8 03 0f 87 84 00 00 00 89 c0 48 8d 0d
0x00007f07e67278be:   4a a1 9d ff 48 63 04 81 48 01 c8 ff e0 4d 8b 65
0x00007f07e67278ce:   08 4d 85 e4 48 8b 5d d0 74 56 48 8b 45 c8 44 0f
0x00007f07e67278de:   b6 b8 64 01 00 00 48 8d 05 29 ad 8e 00 48 63 38
0x00007f07e67278ee:   48 01 df 41 80 ff 05 48 8d 05 84 de 8a 00 48 8d
0x00007f07e67278fe:   0d 85 de 8a 00 48 0f 44 c8 ff 11 48 85 c0 74 20
0x00007f07e672790e:   48 8b 00 f7 d0 a8 03 74 17 49 8b 04 24 4c 89 e7
0x00007f07e672791e:   48 89 de 44 89 fa ff 10 84 c0 0f 85 b8 00 00 00
0x00007f07e672792e:   48 8d 05 df ac 8e 00 48 63 30 e9 c6 00 00 00 48
0x00007f07e672793e:   8d 05 54 e1 8a 00 48 8b 00 c6 00 58 48 8d 3d f4
0x00007f07e672794e:   1c 9a ff be 84 00 00 00 e8 a5 03 f5 ff 48 83 c4
0x00007f07e672795e:   18 5b 41 5c 41 5d 41 5e 41 5f 5d e9 22 ab 4e 00
0x00007f07e672796e:   48 8b 45 c8 44 0f b6 b8 64 01 00 00 4c 8d 35 9f
0x00007f07e672797e:   ac 8e 00 49 63 36 48 8b 5d d0 48 01 de 4c 89 ef
0x00007f07e672798e:   e8 1d f8 ff ff 4d 8b 65 08 4d 85 e4 0f 84 8a 00
0x00007f07e672799e:   00 00 48 8d 05 6d ac 8e 00 48 63 38 48 01 df 41
0x00007f07e67279ae:   80 ff 05 48 8d 05 c8 dd 8a 00 48 8d 0d c9 dd 8a
0x00007f07e67279be:   00 48 0f 44 c8 ff 11 48 85 c0 74 60 48 8b 00 f7
0x00007f07e67279ce:   d0 a8 03 74 57 49 8b 04 24 4c 89 e7 48 89 de 44
0x00007f07e67279de:   89 fa ff 10 84 c0 74 44 48 83 c4 18 5b 41 5c 41
0x00007f07e67279ee:   5d 41 5e 41 5f 5d c3 48 8d 05 18 ac 8e 00 48 63
0x00007f07e67279fe:   30 48 8b 5d d0 48 01 de 4c 89 ef e8 a2 f7 ff ff 


Stack slot to memory mapping:
stack at sp + 0 slots: 0x00007f077e02ac70 points into unknown readable memory: 0x00007f077e02acb0 | b0 ac 02 7e 07 7f 00 00
stack at sp + 1 slots: 0x000000080003c958 is a pointer to class: 
jdk.internal.ref.CleanerImpl$PhantomCleanableRef {0x000000080003c958}
 - instance size:     6
 - klass size:        85
 - access:            public final synchronized 
 - state:             fully_initialized
 - name:              'jdk/internal/ref/CleanerImpl$PhantomCleanableRef'
 - super:             'jdk/internal/ref/PhantomCleanable'
 - sub:               
 - arrays:            NULL
 - methods:           Array<T>(0x00007f07a8434540)
 - method ordering:   Array<T>(0x00007f07a8000018)
 - default_methods:   Array<T>(0x0000000000000000)
 - local interfaces:  Array<T>(0x00007f07a8000058)
 - trans. interfaces: Array<T>(0x00007f07a8434d68)
 - constants:         constant pool [51] {0x00007f07a8434318} for 'jdk/internal/ref/CleanerImpl$PhantomCleanableRef' cache=0x00007f07a8435a38
 - class loader data:  loader data: 0x00007f07e011e2e0 of 'bootstrap'
 - source file:       'CleanerImpl.java'
 - class annotations:       Array<T>(0x0000000000000000)
 - class type annotations:  Array<T>(0x0000000000000000)
 - field annotations:       Array<T>(0x0000000000000000)
 - field type annotations:  Array<T>(0x0000000000000000)
 - generic signature: 'Ljdk/internal/ref/PhantomCleanable<Ljava/lang/Object;>;'
 - inner classes:     Array<T>(0x00007f07a8434930)
 - nest members:     Array<T>(0x00007f07a8000028)
 - permitted subclasses:     Array<T>(0x00007f07a8000028)
 - java mirror:       a 'java/lang/Class'{0x00000006e047aa78} = 'jdk/internal/ref/CleanerImpl$PhantomCleanableRef'
 - vtable length      15  (start addr: 0x000000080003cb50)
 - itable length      5 (start addr: 0x000000080003cbc8)
 - ---- static fields (0 words):
 - ---- non-static fields (8 words):
 - private 'referent' 'Ljava/lang/Object;' @12 
 - volatile 'queue' 'Ljava/lang/ref/ReferenceQueue;' @16 
 - volatile 'next' 'Ljava/lang/ref/Reference;' @20 
 - private transient 'discovered' 'Ljava/lang/ref/Reference;' @24 
 - 'prev' 'Ljdk/internal/ref/PhantomCleanable;' @28 
 - 'next' 'Ljdk/internal/ref/PhantomCleanable;' @32 
 - private final 'list' 'Ljdk/internal/ref/PhantomCleanable;' @36 
 - private final 'action' 'Ljava/lang/Runnable;' @40 
 - non-static oop maps: 16-20 28-40 
stack at sp + 2 slots: 0x00000006e0c2ea38 is an oop: jdk.internal.ref.CleanerImpl$PhantomCleanableRef 
{0x00000006e0c2ea38} - klass: 'jdk/internal/ref/CleanerImpl$PhantomCleanableRef'
 - ---- fields (total size 6 words):
 - private 'referent' 'Ljava/lang/Object;' @12  
[error occurred during error reporting (inspecting top of stack), id 0xb, SIGSEGV (0xb) at pc=0x00007f07e684a395]


---------------  P R O C E S S  ---------------

Threads class SMR info:
_java_thread_list=0x00007f074097b830, length=33, elements={
0x00007f07e00287a0, 0x00007f07e01a18f0, 0x00007f07e01a2f50, 0x00007f07e01d3150,
0x00007f07e01d4510, 0x00007f07e01d5930, 0x00007f07e01c8420, 0x00007f07e01c9910,
0x00007f07e01cad90, 0x00007f07e02684c0, 0x00007f07e0359840, 0x00007f078c127b60,
0x00007f07e1548850, 0x00007f07e1601100, 0x00007f07e1647570, 0x00007f075c0171a0,
0x00007f0754003eb0, 0x00007f0754007050, 0x00007f07540086c0, 0x00007f0740003ee0,
0x00007f074000c1d0, 0x00007f074000f1f0, 0x00007f074018fca0, 0x00007f074019b4b0,
0x00007f0740464830, 0x00007f07407e2480, 0x00007f07407eab80, 0x00007f074089f720,
0x00007f07408b57b0, 0x00007f07408cb140, 0x00007f07408da9b0, 0x00007f074093ac00,
0x00007f074097a9e0
}

Java Threads: ( => current thread )
  0x00007f07e00287a0 JavaThread "main" [_thread_blocked, id=13841, stack(0x00007f07e5d00000,0x00007f07e5e00000)]
  0x00007f07e01a18f0 JavaThread "Reference Handler" daemon [_thread_blocked, id=13848, stack(0x00007f07c0de2000,0x00007f07c0ee2000)]
  0x00007f07e01a2f50 JavaThread "Finalizer" daemon [_thread_blocked, id=13849, stack(0x00007f07c0ce2000,0x00007f07c0de2000)]
  0x00007f07e01d3150 JavaThread "Signal Dispatcher" daemon [_thread_blocked, id=13850, stack(0x00007f07c0be2000,0x00007f07c0ce2000)]
  0x00007f07e01d4510 JavaThread "Service Thread" daemon [_thread_blocked, id=13851, stack(0x00007f07c0500000,0x00007f07c0600000)]
  0x00007f07e01d5930 JavaThread "Monitor Deflation Thread" daemon [_thread_blocked, id=13852, stack(0x00007f07c0400000,0x00007f07c0500000)]
  0x00007f07e01c8420 JavaThread "C2 CompilerThread0" daemon [_thread_in_native, id=13853, stack(0x00007f07c0300000,0x00007f07c0400000)]
  0x00007f07e01c9910 JavaThread "C1 CompilerThread0" daemon [_thread_blocked, id=13854, stack(0x00007f07c0200000,0x00007f07c0300000)]
  0x00007f07e01cad90 JavaThread "Sweeper thread" daemon [_thread_blocked, id=13855, stack(0x00007f07c0100000,0x00007f07c0200000)]
  0x00007f07e02684c0 JavaThread "Common-Cleaner" daemon [_thread_blocked, id=13856, stack(0x00007f07c0000000,0x00007f07c0100000)]
  0x00007f07e0359840 JavaThread "Notification Thread" daemon [_thread_blocked, id=13857, stack(0x00007f077ff00000,0x00007f0780000000)]
  0x00007f078c127b60 JavaThread "C2 CompilerThread1" daemon [_thread_in_native, id=13859, stack(0x00007f077fcff000,0x00007f077fdff000)]
  0x00007f07e1548850 JavaThread "Daemon health stats" [_thread_blocked, id=13864, stack(0x00007f077eefe000,0x00007f077effe000)]
  0x00007f07e1601100 JavaThread "Incoming local TCP Connector on port 36823" [_thread_in_native, id=13865, stack(0x00007f077edfe000,0x00007f077eefe000)]
  0x00007f07e1647570 JavaThread "Daemon periodic checks" [_thread_blocked, id=13866, stack(0x00007f077ecfe000,0x00007f077edfe000)]
  0x00007f075c0171a0 JavaThread "Daemon" [_thread_blocked, id=13867, stack(0x00007f077e833000,0x00007f077e933000)]
  0x00007f0754003eb0 JavaThread "Handler for socket connection from /127.0.0.1:36823 to /127.0.0.1:58382" [_thread_in_native, id=13868, stack(0x00007f077e733000,0x00007f077e833000)]
  0x00007f0754007050 JavaThread "Cancel handler" [_thread_blocked, id=13869, stack(0x00007f077ebfe000,0x00007f077ecfe000)]
  0x00007f07540086c0 JavaThread "Daemon worker" [_thread_blocked, id=13870, stack(0x00007f077eafe000,0x00007f077ebfe000)]
  0x00007f0740003ee0 JavaThread "Asynchronous log dispatcher for DefaultDaemonConnection: socket connection from /127.0.0.1:36823 to /127.0.0.1:58382" [_thread_blocked, id=13873, stack(0x00007f077e9fe000,0x00007f077eafe000)]
  0x00007f074000c1d0 JavaThread "Stdin handler" [_thread_blocked, id=13874, stack(0x00007f077e633000,0x00007f077e733000)]
  0x00007f074000f1f0 JavaThread "Daemon client event forwarder" [_thread_blocked, id=13875, stack(0x00007f077e533000,0x00007f077e633000)]
  0x00007f074018fca0 JavaThread "Cache worker for journal cache (/home/rodion/.gradle/caches/journal-1)" [_thread_blocked, id=13883, stack(0x00007f077dd2c000,0x00007f077de2c000)]
  0x00007f074019b4b0 JavaThread "File lock request listener" [_thread_in_native, id=13884, stack(0x00007f077dc2c000,0x00007f077dd2c000)]
  0x00007f0740464830 JavaThread "Cache worker for file hash cache (/home/rodion/.gradle/caches/8.4/fileHashes)" [_thread_blocked, id=13885, stack(0x00007f077db2c000,0x00007f077dc2c000)]
  0x00007f07407e2480 JavaThread "File watcher server" daemon [_thread_in_native, id=13886, stack(0x00007f077da2c000,0x00007f077db2c000)]
  0x00007f07407eab80 JavaThread "File watcher consumer" daemon [_thread_blocked, id=13887, stack(0x00007f077d92c000,0x00007f077da2c000)]
  0x00007f074089f720 JavaThread "Cache worker for checksums cache (/var/www/html/YkisPAM/.gradle/8.4/checksums)" [_thread_blocked, id=13888, stack(0x00007f077d82c000,0x00007f077d92c000)]
  0x00007f07408b57b0 JavaThread "Cache worker for file hash cache (/var/www/html/YkisPAM/.gradle/8.4/fileHashes)" [_thread_blocked, id=13889, stack(0x00007f077d72c000,0x00007f077d82c000)]
  0x00007f07408cb140 JavaThread "Cache worker for cache directory md-supplier (/home/rodion/.gradle/caches/8.4/md-supplier)" [_thread_blocked, id=13890, stack(0x00007f077d62c000,0x00007f077d72c000)]
  0x00007f07408da9b0 JavaThread "Cache worker for file content cache (/home/rodion/.gradle/caches/8.4/fileContent)" [_thread_blocked, id=13891, stack(0x00007f077d52c000,0x00007f077d62c000)]
  0x00007f074093ac00 JavaThread "Cache worker for cache directory md-rule (/home/rodion/.gradle/caches/8.4/md-rule)" [_thread_blocked, id=13892, stack(0x00007f077d42c000,0x00007f077d52c000)]
  0x00007f074097a9e0 JavaThread "Cache worker for execution history cache (/home/rodion/.gradle/caches/8.4/executionHistory)" [_thread_blocked, id=13893, stack(0x00007f077d32c000,0x00007f077d42c000)]

Other Threads:
  0x00007f07e0191c60 VMThread "VM Thread" [stack: 0x00007f07c0ee3000,0x00007f07c0fe3000] [id=13847]
  0x00007f07e0151830 WatcherThread [stack: 0x00007f077fe00000,0x00007f077ff00000] [id=13858]
  0x00007f07e0098930 GCTaskThread "GC Thread#0" [stack: 0x00007f07e4720000,0x00007f07e4820000] [id=13842]
  0x00007f07a0006580 GCTaskThread "GC Thread#1" [stack: 0x00007f077f868000,0x00007f077f968000] [id=13860]
  0x00007f07a0006fa0 GCTaskThread "GC Thread#2" [stack: 0x00007f077f500000,0x00007f077f600000] [id=13861]
  0x00007f07a00079c0 GCTaskThread "GC Thread#3" [stack: 0x00007f077f100000,0x00007f077f200000] [id=13862]
  0x00007f07a00087d0 GCTaskThread "GC Thread#4" [stack: 0x00007f077efff000,0x00007f077f0ff000] [id=13863]
  0x00007f07a0009d20 GCTaskThread "GC Thread#5" [stack: 0x00007f077e433000,0x00007f077e533000] [id=13876]
  0x00007f07a000a590 GCTaskThread "GC Thread#6" [stack: 0x00007f077e332000,0x00007f077e432000] [id=13877]
  0x00007f07a000afb0 GCTaskThread "GC Thread#7" [stack: 0x00007f077e231000,0x00007f077e331000] [id=13878]
  0x00007f07a000b9d0 GCTaskThread "GC Thread#8" [stack: 0x00007f077e130000,0x00007f077e230000] [id=13879]
  0x00007f07a000c760 GCTaskThread "GC Thread#9" [stack: 0x00007f077e02f000,0x00007f077e12f000] [id=13880]
  0x00007f07e00a2f50 ConcurrentGCThread "G1 Main Marker" [stack: 0x00007f07e461f000,0x00007f07e471f000] [id=13843]
  0x00007f07e00a3ec0 ConcurrentGCThread "G1 Conc#0" [stack: 0x00007f07e451e000,0x00007f07e461e000] [id=13844]
=>0x00007f07b4000eb0 ConcurrentGCThread "G1 Conc#1" [stack: 0x00007f077df2e000,0x00007f077e02e000] [id=13881]
  0x00007f07b4001d00 ConcurrentGCThread "G1 Conc#2" [stack: 0x00007f077de2d000,0x00007f077df2d000] [id=13882]
  0x00007f07e010ed50 ConcurrentGCThread "G1 Refine#0" [stack: 0x00007f07c12fc000,0x00007f07c13fc000] [id=13845]
  0x00007f07e010fc50 ConcurrentGCThread "G1 Service" [stack: 0x00007f07c11fb000,0x00007f07c12fb000] [id=13846]

Threads with active compile tasks:
C2 CompilerThread0     1655 2737  s!   4       jdk.internal.loader.URLClassPath::getLoader (194 bytes)
C2 CompilerThread1     1655 2698       4       org.objectweb.asm.Frame::execute (2318 bytes)

VM state: not at safepoint (normal execution)

VM Mutex/Monitor currently owned by a thread:  ([mutex/lock_event])
[0x00007f07e0025c60] Heap_lock - owner thread: 0x00007f07540086c0

Heap address: 0x00000006e0000000, size: 4608 MB, Compressed Oops mode: Zero based, Oop shift amount: 3

CDS archive(s) not mapped
Compressed class space mapped at: 0x0000000800000000-0x0000000840000000, reserved size: 1073741824
Narrow klass base: 0x0000000800000000, Narrow klass shift: 0, Narrow klass range: 0x40000000

GC Precious Log:
 CPUs: 16 total, 12 available
 Memory: 13817M
 Large Page Support: Disabled
 NUMA Support: Disabled
 Compressed Oops: Enabled (Zero based)
 Heap Region Size: 4M
 Heap Min Capacity: 8M
 Heap Initial Capacity: 216M
 Heap Max Capacity: 4608M
 Pre-touch: Disabled
 Parallel Workers: 10
 Concurrent Workers: 3
 Concurrent Refinement Workers: 10
 Periodic GC: Disabled

Heap:
 garbage-first heap   total 98304K, used 24433K [0x00000006e0000000, 0x0000000800000000)
  region size 4096K, 2 young (8192K), 1 survivors (4096K)
 Metaspace       used 35985K, committed 36288K, reserved 1114112K
  class space    used 4965K, committed 5120K, reserved 1048576K

Heap Regions: E=young(eden), S=young(survivor), O=old, HS=humongous(starts), HC=humongous(continues), CS=collection set, F=free, OA=open archive, CA=closed archive, TAMS=top-at-mark-start (previous, next)
|   0|0x00000006e0000000, 0x00000006e0400000, 0x00000006e0400000|100%|HS|  |TAMS 0x00000006e0400000, 0x00000006e0400000| Complete 
|   1|0x00000006e0400000, 0x00000006e0800000, 0x00000006e0800000|100%| O|  |TAMS 0x00000006e0800000, 0x00000006e0800000| Untracked 
|   2|0x00000006e0800000, 0x00000006e0800000, 0x00000006e0c00000|  0%| F|  |TAMS 0x00000006e0800000, 0x00000006e0800000| Untracked 
|   3|0x00000006e0c00000, 0x00000006e1000000, 0x00000006e1000000|100%| O|  |TAMS 0x00000006e0c00000, 0x00000006e1000000| Untracked 
|   4|0x00000006e1000000, 0x00000006e1400000, 0x00000006e1400000|100%| O|  |TAMS 0x00000006e1000000, 0x00000006e1400000| Untracked 
|   5|0x00000006e1400000, 0x00000006e1800000, 0x00000006e1800000|100%| O|  |TAMS 0x00000006e1400000, 0x00000006e1800000| Untracked 
|   6|0x00000006e1800000, 0x00000006e18a4c00, 0x00000006e1c00000| 16%| O|  |TAMS 0x00000006e1800000, 0x00000006e18a4c00| Untracked 
|   7|0x00000006e1c00000, 0x00000006e1c00000, 0x00000006e2000000|  0%| F|  |TAMS 0x00000006e1c00000, 0x00000006e1c00000| Untracked 
|   8|0x00000006e2000000, 0x00000006e2000000, 0x00000006e2400000|  0%| F|  |TAMS 0x00000006e2000000, 0x00000006e2000000| Untracked 
|   9|0x00000006e2400000, 0x00000006e2400000, 0x00000006e2800000|  0%| F|  |TAMS 0x00000006e2400000, 0x00000006e2400000| Untracked 
|  10|0x00000006e2800000, 0x00000006e2800000, 0x00000006e2c00000|  0%| F|  |TAMS 0x00000006e2800000, 0x00000006e2800000| Untracked 
|  11|0x00000006e2c00000, 0x00000006e2c00000, 0x00000006e3000000|  0%| F|  |TAMS 0x00000006e2c00000, 0x00000006e2c00000| Untracked 
|  12|0x00000006e3000000, 0x00000006e3000000, 0x00000006e3400000|  0%| F|  |TAMS 0x00000006e3000000, 0x00000006e3000000| Untracked 
|  13|0x00000006e3400000, 0x00000006e3400000, 0x00000006e3800000|  0%| F|  |TAMS 0x00000006e3400000, 0x00000006e3400000| Untracked 
|  14|0x00000006e3800000, 0x00000006e3800000, 0x00000006e3c00000|  0%| F|  |TAMS 0x00000006e3800000, 0x00000006e3800000| Untracked 
|  15|0x00000006e3c00000, 0x00000006e3f37b50, 0x00000006e4000000| 80%| S|CS|TAMS 0x00000006e3c00000, 0x00000006e3c00000| Complete 
|  16|0x00000006e4000000, 0x00000006e4000000, 0x00000006e4400000|  0%| F|  |TAMS 0x00000006e4000000, 0x00000006e4000000| Untracked 
|  17|0x00000006e4400000, 0x00000006e4400000, 0x00000006e4800000|  0%| F|  |TAMS 0x00000006e4400000, 0x00000006e4400000| Untracked 
|  18|0x00000006e4800000, 0x00000006e4800000, 0x00000006e4c00000|  0%| F|  |TAMS 0x00000006e4800000, 0x00000006e4800000| Untracked 
|  19|0x00000006e4c00000, 0x00000006e4c00000, 0x00000006e5000000|  0%| F|  |TAMS 0x00000006e4c00000, 0x00000006e4c00000| Untracked 
|  20|0x00000006e5000000, 0x00000006e5000000, 0x00000006e5400000|  0%| F|  |TAMS 0x00000006e5000000, 0x00000006e5000000| Untracked 
|  38|0x00000006e9800000, 0x00000006e9800000, 0x00000006e9c00000|  0%| F|  |TAMS 0x00000006e9800000, 0x00000006e9800000| Untracked 
|  39|0x00000006e9c00000, 0x00000006e9c00000, 0x00000006ea000000|  0%| F|  |TAMS 0x00000006e9c00000, 0x00000006e9c00000| Untracked 
|  53|0x00000006ed400000, 0x00000006ed575ba8, 0x00000006ed800000| 36%| E|  |TAMS 0x00000006ed400000, 0x00000006ed400000| Complete 

Card table byte_map: [0x00007f07cd100000,0x00007f07cda00000] _byte_map_base: 0x00007f07c9a00000

Marking Bits (Prev, Next): (CMBitMap*) 0x00007f07e0099400, (CMBitMap*) 0x00007f07e00993c0
 Prev Bits: [0x00007f07c3800000, 0x00007f07c8000000)
 Next Bits: [0x00007f07c8000000, 0x00007f07cc800000)

Polling page: 0x00007f07e748a000

Metaspace:

Usage:
  Non-class:     30,29 MB used.
      Class:      4,85 MB used.
       Both:     35,14 MB used.

Virtual space:
  Non-class space:       64,00 MB reserved,      30,44 MB ( 48%) committed,  1 nodes.
      Class space:        1,00 GB reserved,       5,00 MB ( <1%) committed,  1 nodes.
             Both:        1,06 GB reserved,      35,44 MB (  3%) committed. 

Chunk freelists:
   Non-Class:  1,31 MB
       Class:  11,05 MB
        Both:  12,36 MB

MaxMetaspaceSize: unlimited
CompressedClassSpaceSize: 1,00 GB
Initial GC threshold: 21,00 MB
Current GC threshold: 35,44 MB
CDS: off
MetaspaceReclaimPolicy: balanced
 - commit_granule_bytes: 65536.
 - commit_granule_words: 8192.
 - virtual_space_node_default_size: 8388608.
 - enlarge_chunks_in_place: 1.
 - new_chunks_are_fully_committed: 0.
 - uncommit_free_chunks: 1.
 - use_allocation_guard: 0.
 - handle_deallocations: 1.


Internal statistics:

num_allocs_failed_limit: 8.
num_arena_births: 274.
num_arena_deaths: 0.
num_vsnodes_births: 2.
num_vsnodes_deaths: 0.
num_space_committed: 567.
num_space_uncommitted: 0.
num_chunks_returned_to_freelist: 8.
num_chunks_taken_from_freelist: 1291.
num_chunk_merges: 5.
num_chunk_splits: 866.
num_chunks_enlarged: 604.
num_inconsistent_stats: 0.

CodeHeap 'non-profiled nmethods': size=120028Kb used=1479Kb max_used=1479Kb free=118548Kb
 bounds [0x00007f07d54c9000, 0x00007f07d5739000, 0x00007f07dca00000]
CodeHeap 'profiled nmethods': size=120028Kb used=5650Kb max_used=5650Kb free=114377Kb
 bounds [0x00007f07cda00000, 0x00007f07cdf90000, 0x00007f07d4f37000]
CodeHeap 'non-nmethods': size=5704Kb used=1237Kb max_used=1280Kb free=4466Kb
 bounds [0x00007f07d4f37000, 0x00007f07d51a7000, 0x00007f07d54c9000]
 total_blobs=3277 nmethods=2727 adapters=463
 compilation: enabled
              stopped_count=0, restarted_count=0
 full_count=0

Compilation events (20 events):
Event: 1,632 Thread 0x00007f07e01c9910 2727       1       org.codehaus.groovy.util.ReferenceManager::getReferenceQueue (5 bytes)
Event: 1,632 Thread 0x00007f07e01c9910 nmethod 2727 0x00007f07d5636890 code [0x00007f07d5636a20, 0x00007f07d5636af0]
Event: 1,632 Thread 0x00007f07e01c9910 2728       1       org.codehaus.groovy.util.ReferenceBundle::getType (5 bytes)
Event: 1,632 Thread 0x00007f07e01c9910 nmethod 2728 0x00007f07d5636b90 code [0x00007f07d5636d20, 0x00007f07d5636df0]
Event: 1,632 Thread 0x00007f07e01c9910 2729       1       org.codehaus.groovy.util.ReferenceBundle::getManager (5 bytes)
Event: 1,632 Thread 0x00007f07e01c9910 nmethod 2729 0x00007f07d5636e90 code [0x00007f07d5637020, 0x00007f07d56370f0]
Event: 1,635 Thread 0x00007f07e01c9910 2730       3       jdk.internal.misc.InnocuousThread::eraseThreadLocals (23 bytes)
Event: 1,635 Thread 0x00007f07e01c9910 nmethod 2730 0x00007f07cdf81590 code [0x00007f07cdf81740, 0x00007f07cdf81930]
Event: 1,635 Thread 0x00007f07e01c9910 2731       3       java.lang.invoke.LambdaForm::methodType (48 bytes)
Event: 1,636 Thread 0x00007f07e01c9910 nmethod 2731 0x00007f07cdf81990 code [0x00007f07cdf81b80, 0x00007f07cdf82170]
Event: 1,636 Thread 0x00007f07e01c9910 2732       3       java.lang.invoke.LambdaForm::useCount (61 bytes)
Event: 1,636 Thread 0x00007f07e01c9910 nmethod 2732 0x00007f07cdf82410 code [0x00007f07cdf825e0, 0x00007f07cdf82940]
Event: 1,636 Thread 0x00007f07e01c9910 2734       3       java.lang.invoke.LambdaFormBuffer::ownedCount (7 bytes)
Event: 1,636 Thread 0x00007f07e01c9910 nmethod 2734 0x00007f07cdf82b10 code [0x00007f07cdf82ca0, 0x00007f07cdf82db0]
Event: 1,636 Thread 0x00007f07e01c9910 2733       3       java.lang.invoke.LambdaFormBuffer::changeName (149 bytes)
Event: 1,636 Thread 0x00007f07e01c9910 nmethod 2733 0x00007f07cdf82e10 code [0x00007f07cdf82fe0, 0x00007f07cdf83540]
Event: 1,636 Thread 0x00007f07e01c9910 2735       3       java.util.ImmutableCollections$List12::size (16 bytes)
Event: 1,636 Thread 0x00007f07e01c9910 nmethod 2735 0x00007f07cdf83710 code [0x00007f07cdf838c0, 0x00007f07cdf83a50]
Event: 1,637 Thread 0x00007f07e01c9910 2736       3       org.codehaus.groovy.util.LazyReference::<init> (17 bytes)
Event: 1,637 Thread 0x00007f07e01c9910 nmethod 2736 0x00007f07cdf83b10 code [0x00007f07cdf83ce0, 0x00007f07cdf84030]

GC Heap History (14 events):
Event: 0,274 GC heap before
{Heap before GC invocations=0 (full 0):
 garbage-first heap   total 221184K, used 20480K [0x00000006e0000000, 0x0000000800000000)
  region size 4096K, 5 young (20480K), 0 survivors (0K)
 Metaspace       used 9796K, committed 9920K, reserved 1114112K
  class space    used 975K, committed 1024K, reserved 1048576K
}
Event: 0,278 GC heap after
{Heap after GC invocations=1 (full 0):
 garbage-first heap   total 221184K, used 10001K [0x00000006e0000000, 0x0000000800000000)
  region size 4096K, 1 young (4096K), 1 survivors (4096K)
 Metaspace       used 9796K, committed 9920K, reserved 1114112K
  class space    used 975K, committed 1024K, reserved 1048576K
}
Event: 0,383 GC heap before
{Heap before GC invocations=1 (full 0):
 garbage-first heap   total 221184K, used 26385K [0x00000006e0000000, 0x0000000800000000)
  region size 4096K, 5 young (20480K), 1 survivors (4096K)
 Metaspace       used 11414K, committed 11584K, reserved 1114112K
  class space    used 1206K, committed 1280K, reserved 1048576K
}
Event: 0,385 GC heap after
{Heap after GC invocations=2 (full 0):
 garbage-first heap   total 221184K, used 11343K [0x00000006e0000000, 0x0000000800000000)
  region size 4096K, 1 young (4096K), 1 survivors (4096K)
 Metaspace       used 11414K, committed 11584K, reserved 1114112K
  class space    used 1206K, committed 1280K, reserved 1048576K
}
Event: 0,816 GC heap before
{Heap before GC invocations=2 (full 0):
 garbage-first heap   total 221184K, used 60495K [0x00000006e0000000, 0x0000000800000000)
  region size 4096K, 14 young (57344K), 1 survivors (4096K)
 Metaspace       used 21333K, committed 21504K, reserved 1114112K
  class space    used 2543K, committed 2624K, reserved 1048576K
}
Event: 0,819 GC heap after
{Heap after GC invocations=3 (full 0):
 garbage-first heap   total 221184K, used 18515K [0x00000006e0000000, 0x0000000800000000)
  region size 4096K, 2 young (8192K), 2 survivors (8192K)
 Metaspace       used 21333K, committed 21504K, reserved 1114112K
  class space    used 2543K, committed 2624K, reserved 1048576K
}
Event: 1,141 GC heap before
{Heap before GC invocations=4 (full 0):
 garbage-first heap   total 81920K, used 55379K [0x00000006e0000000, 0x0000000800000000)
  region size 4096K, 12 young (49152K), 2 survivors (8192K)
 Metaspace       used 27021K, committed 27328K, reserved 1114112K
  class space    used 3560K, committed 3712K, reserved 1048576K
}
Event: 1,144 GC heap after
{Heap after GC invocations=5 (full 0):
 garbage-first heap   total 81920K, used 21029K [0x00000006e0000000, 0x0000000800000000)
  region size 4096K, 1 young (4096K), 1 survivors (4096K)
 Metaspace       used 27021K, committed 27328K, reserved 1114112K
  class space    used 3560K, committed 3712K, reserved 1048576K
}
Event: 1,182 GC heap before
{Heap before GC invocations=5 (full 0):
 garbage-first heap   total 81920K, used 25125K [0x00000006e0000000, 0x0000000800000000)
  region size 4096K, 2 young (8192K), 1 survivors (4096K)
 Metaspace       used 27469K, committed 27776K, reserved 1114112K
  class space    used 3633K, committed 3776K, reserved 1048576K
}
Event: 1,184 GC heap after
{Heap after GC invocations=6 (full 0):
 garbage-first heap   total 81920K, used 21595K [0x00000006e0000000, 0x0000000800000000)
  region size 4096K, 1 young (4096K), 1 survivors (4096K)
 Metaspace       used 27469K, committed 27776K, reserved 1114112K
  class space    used 3633K, committed 3776K, reserved 1048576K
}
Event: 1,408 GC heap before
{Heap before GC invocations=6 (full 0):
 garbage-first heap   total 81920K, used 50267K [0x00000006e0000000, 0x0000000800000000)
  region size 4096K, 8 young (32768K), 1 survivors (4096K)
 Metaspace       used 31355K, committed 31680K, reserved 1114112K
  class space    used 4269K, committed 4416K, reserved 1048576K
}
Event: 1,409 GC heap after
{Heap after GC invocations=7 (full 0):
 garbage-first heap   total 98304K, used 22879K [0x00000006e0000000, 0x0000000800000000)
  region size 4096K, 1 young (4096K), 1 survivors (4096K)
 Metaspace       used 31355K, committed 31680K, reserved 1114112K
  class space    used 4269K, committed 4416K, reserved 1048576K
}
Event: 1,633 GC heap before
{Heap before GC invocations=7 (full 0):
 garbage-first heap   total 98304K, used 51551K [0x00000006e0000000, 0x0000000800000000)
  region size 4096K, 9 young (36864K), 1 survivors (4096K)
 Metaspace       used 35733K, committed 35968K, reserved 1114112K
  class space    used 4929K, committed 5056K, reserved 1048576K
}
Event: 1,635 GC heap after
{Heap after GC invocations=8 (full 0):
 garbage-first heap   total 98304K, used 24433K [0x00000006e0000000, 0x0000000800000000)
  region size 4096K, 1 young (4096K), 1 survivors (4096K)
 Metaspace       used 35733K, committed 35968K, reserved 1114112K
  class space    used 4929K, committed 5056K, reserved 1048576K
}

Dll operation events (13 events):
Event: 0,002 Loaded shared library /home/rodion/.local/share/JetBrains/Toolbox/apps/android-studio-2/jbr/lib/libjava.so
Event: 0,075 Loaded shared library /home/rodion/.local/share/JetBrains/Toolbox/apps/android-studio-2/jbr/lib/libzip.so
Event: 0,075 Loaded shared library /home/rodion/.local/share/JetBrains/Toolbox/apps/android-studio-2/jbr/lib/libinstrument.so
Event: 0,080 Loaded shared library /home/rodion/.local/share/JetBrains/Toolbox/apps/android-studio-2/jbr/lib/libnio.so
Event: 0,086 Loaded shared library /home/rodion/.local/share/JetBrains/Toolbox/apps/android-studio-2/jbr/lib/libzip.so
Event: 0,140 Loaded shared library /home/rodion/.local/share/JetBrains/Toolbox/apps/android-studio-2/jbr/lib/libjimage.so
Event: 0,177 Loaded shared library /home/rodion/.local/share/JetBrains/Toolbox/apps/android-studio-2/jbr/lib/libverify.so
Event: 0,253 Loaded shared library /home/rodion/.local/share/JetBrains/Toolbox/apps/android-studio-2/jbr/lib/libnet.so
Event: 0,254 Loaded shared library /home/rodion/.gradle/native/c067742578af261105cb4f569cf0c3c89f3d7b1fecec35dd04571415982c5e48/linux-amd64/libnative-platform.so
Event: 0,256 Loaded shared library /home/rodion/.gradle/native/38dada09dfb8b06ba9b0570ebf7e218e3eb74d4ef43ca46872605cf95ebc2f47/linux-amd64/libnative-platform-file-events.so
Event: 0,547 Loaded shared library /home/rodion/.local/share/JetBrains/Toolbox/apps/android-studio-2/jbr/lib/libmanagement.so
Event: 0,548 Loaded shared library /home/rodion/.local/share/JetBrains/Toolbox/apps/android-studio-2/jbr/lib/libmanagement_ext.so
Event: 0,639 Loaded shared library /home/rodion/.local/share/JetBrains/Toolbox/apps/android-studio-2/jbr/lib/libextnet.so

Deoptimization events (20 events):
Event: 1,146 Thread 0x00007f07540086c0 Uncommon trap: trap_request=0xffffff45 fr.pc=0x00007f07d55c5f28 relative=0x00000000000003e8
Event: 1,146 Thread 0x00007f07540086c0 Uncommon trap: reason=unstable_if action=reinterpret pc=0x00007f07d55c5f28 method=java.util.HashMap.getNode(Ljava/lang/Object;)Ljava/util/HashMap$Node; @ 131 c2
Event: 1,146 Thread 0x00007f07540086c0 DEOPT PACKING pc=0x00007f07d55c5f28 sp=0x00007f077ebf8ab0
Event: 1,146 Thread 0x00007f07540086c0 DEOPT UNPACKING pc=0x00007f07d4f8d699 sp=0x00007f077ebf89f0 mode 2
Event: 1,197 Thread 0x00007f07540086c0 Uncommon trap: trap_request=0xffffff45 fr.pc=0x00007f07d5570474 relative=0x00000000000000d4
Event: 1,197 Thread 0x00007f07540086c0 Uncommon trap: reason=unstable_if action=reinterpret pc=0x00007f07d5570474 method=java.util.HashMap.hash(Ljava/lang/Object;)I @ 1 c2
Event: 1,197 Thread 0x00007f07540086c0 DEOPT PACKING pc=0x00007f07d5570474 sp=0x00007f077ebf7d70
Event: 1,197 Thread 0x00007f07540086c0 DEOPT UNPACKING pc=0x00007f07d4f8d699 sp=0x00007f077ebf7cd0 mode 2
Event: 1,292 Thread 0x00007f07540086c0 Uncommon trap: trap_request=0xffffff76 fr.pc=0x00007f07d55e1234 relative=0x0000000000000174
Event: 1,292 Thread 0x00007f07540086c0 Uncommon trap: reason=predicate action=maybe_recompile pc=0x00007f07d55e1234 method=com.google.common.base.CharMatcher.indexIn(Ljava/lang/CharSequence;I)I @ 19 c2
Event: 1,292 Thread 0x00007f07540086c0 DEOPT PACKING pc=0x00007f07d55e1234 sp=0x00007f077ebf8190
Event: 1,292 Thread 0x00007f07540086c0 DEOPT UNPACKING pc=0x00007f07d4f8d699 sp=0x00007f077ebf8140 mode 2
Event: 1,442 Thread 0x00007f07540086c0 Uncommon trap: trap_request=0xffffff45 fr.pc=0x00007f07d551a008 relative=0x00000000000005c8
Event: 1,442 Thread 0x00007f07540086c0 Uncommon trap: reason=unstable_if action=reinterpret pc=0x00007f07d551a008 method=java.util.HashMap.hash(Ljava/lang/Object;)I @ 1 c2
Event: 1,442 Thread 0x00007f07540086c0 DEOPT PACKING pc=0x00007f07d551a008 sp=0x00007f077ebf5680
Event: 1,442 Thread 0x00007f07540086c0 DEOPT UNPACKING pc=0x00007f07d4f8d699 sp=0x00007f077ebf5548 mode 2
Event: 1,588 Thread 0x00007f07540086c0 Uncommon trap: trap_request=0xffffff45 fr.pc=0x00007f07d560b850 relative=0x0000000000000330
Event: 1,588 Thread 0x00007f07540086c0 Uncommon trap: reason=unstable_if action=reinterpret pc=0x00007f07d560b850 method=java.util.HashMap.putVal(ILjava/lang/Object;Ljava/lang/Object;ZZ)Ljava/lang/Object; @ 162 c2
Event: 1,588 Thread 0x00007f07540086c0 DEOPT PACKING pc=0x00007f07d560b850 sp=0x00007f077ebf79d0
Event: 1,588 Thread 0x00007f07540086c0 DEOPT UNPACKING pc=0x00007f07d4f8d699 sp=0x00007f077ebf7980 mode 2

Classes unloaded (0 events):
No events

Classes redefined (0 events):
No events

Internal exceptions (20 events):
Event: 1,153 Thread 0x00007f07540086c0 Exception <a 'java/lang/NoSuchMethodError'{0x00000006ed489680}: 'java.lang.Object java.lang.invoke.DirectMethodHandle$Holder.newInvokeSpecial(java.lang.Object, java.lang.Object, java.lang.Object, java.lang.Object, java.lang.Object, java.lang.Object, java.lang.Object)'> (0x00000006ed489680) 
thrown [src/hotspot/share/interpreter/linkResolver.cpp, line 771]
Event: 1,153 Thread 0x00007f07540086c0 Exception <a 'java/lang/NoSuchMethodError'{0x00000006ed48e350}: 'java.lang.Object java.lang.invoke.Invokers$Holder.linkToTargetMethod(java.lang.Object, java.lang.Object, java.lang.Object, java.lang.Object, java.lang.Object, java.lang.Object, java.lang.Object)'> (0x00000006ed48e350) 
thrown [src/hotspot/share/interpreter/linkResolver.cpp, line 771]
Event: 1,168 Thread 0x00007f07540086c0 Exception <a 'java/lang/NoSuchMethodError'{0x00000006ed5e4cf8}: 'java.lang.Object java.lang.invoke.DirectMethodHandle$Holder.invokeVirtual(java.lang.Object, java.lang.Object, java.lang.Object, java.lang.Object, java.lang.Object, java.lang.Object, java.lang.Object, java.lang.Object, java.lang.Object, java.lang.Object, java.lang.Object, java.lang.Object, java.lang.Object, java.lang.Object, java.lang.Object, java.lang.Object, java.lang.Object, java.lang.Object, java.lang.Object, java.lang.Object, java.lang.Ob
Event: 1,197 Thread 0x00007f07540086c0 Implicit null exception at 0x00007f07d55703d8 to 0x00007f07d557046a
Event: 1,305 Thread 0x00007f07540086c0 Exception <a 'java/lang/NoSuchMethodError'{0x00000006e3d29130}: 'void java.lang.invoke.DirectMethodHandle$Holder.invokeStatic(java.lang.Object, java.lang.Object, java.lang.Object, java.lang.Object)'> (0x00000006e3d29130) 
thrown [src/hotspot/share/interpreter/linkResolver.cpp, line 771]
Event: 1,306 Thread 0x00007f07540086c0 Exception <a 'java/lang/NoSuchMethodError'{0x00000006e3d3e630}: 'int java.lang.invoke.DirectMethodHandle$Holder.invokeVirtual(java.lang.Object, java.lang.Object)'> (0x00000006e3d3e630) 
thrown [src/hotspot/share/interpreter/linkResolver.cpp, line 771]
Event: 1,307 Thread 0x00007f07540086c0 Exception <a 'java/lang/NoSuchMethodError'{0x00000006e3d6dc38}: 'java.lang.Object java.lang.invoke.DirectMethodHandle$Holder.invokeStaticInit(java.lang.Object, java.lang.Object, java.lang.Object)'> (0x00000006e3d6dc38) 
thrown [src/hotspot/share/interpreter/linkResolver.cpp, line 771]
Event: 1,309 Thread 0x00007f07540086c0 Exception <a 'java/lang/NoSuchMethodError'{0x00000006e3d90b40}: 'int java.lang.invoke.DirectMethodHandle$Holder.invokeVirtual(java.lang.Object, java.lang.Object, java.lang.Object)'> (0x00000006e3d90b40) 
thrown [src/hotspot/share/interpreter/linkResolver.cpp, line 771]
Event: 1,389 Thread 0x00007f07540086c0 Exception <a 'java/lang/NoSuchMethodError'{0x00000006e31132f8}: 'java.lang.Object java.lang.invoke.DirectMethodHandle$Holder.invokeSpecialIFC(java.lang.Object, java.lang.Object, java.lang.Object, java.lang.Object)'> (0x00000006e31132f8) 
thrown [src/hotspot/share/interpreter/linkResolver.cpp, line 771]
Event: 1,393 Thread 0x00007f07540086c0 Exception <a 'java/lang/NoSuchMethodError'{0x00000006e31965a0}: 'java.lang.Object java.lang.invoke.DirectMethodHandle$Holder.newInvokeSpecial(java.lang.Object, java.lang.Object, java.lang.Object, java.lang.Object, java.lang.Object, java.lang.Object, java.lang.Object, java.lang.Object, java.lang.Object, java.lang.Object)'> (0x00000006e31965a0) 
thrown [src/hotspot/share/interpreter/linkResolver.cpp, line 771]
Event: 1,393 Thread 0x00007f07540086c0 Exception <a 'java/lang/NoSuchMethodError'{0x00000006e319b488}: 'java.lang.Object java.lang.invoke.Invokers$Holder.linkToTargetMethod(java.lang.Object, java.lang.Object, java.lang.Object, java.lang.Object, java.lang.Object, java.lang.Object, java.lang.Object, java.lang.Object, java.lang.Object, java.lang.Object)'> (0x00000006e319b488) 
thrown [src/hotspot/share/interpreter/linkResolver.cpp, line 771]
Event: 1,396 Thread 0x00007f07540086c0 Exception <a 'java/lang/NoSuchMethodError'{0x00000006e3213948}: 'java.lang.Object java.lang.invoke.DirectMethodHandle$Holder.newInvokeSpecial(java.lang.Object, java.lang.Object, java.lang.Object, java.lang.Object, java.lang.Object, java.lang.Object, java.lang.Object, java.lang.Object, java.lang.Object, java.lang.Object, java.lang.Object)'> (0x00000006e3213948) 
thrown [src/hotspot/share/interpreter/linkResolver.cpp, line 771]
Event: 1,396 Thread 0x00007f07540086c0 Exception <a 'java/lang/NoSuchMethodError'{0x00000006e3219480}: 'java.lang.Object java.lang.invoke.DirectMethodHandle$Holder.invokeSpecial(java.lang.Object, java.lang.Object, java.lang.Object, java.lang.Object, java.lang.Object, java.lang.Object, java.lang.Object, java.lang.Object, java.lang.Object, java.lang.Object, java.lang.Object, java.lang.Object)'> (0x00000006e3219480) 
thrown [src/hotspot/share/interpreter/linkResolver.cpp, line 771]
Event: 1,396 Thread 0x00007f07540086c0 Exception <a 'java/lang/NoSuchMethodError'{0x00000006e321eb18}: 'java.lang.Object java.lang.invoke.Invokers$Holder.linkToTargetMethod(java.lang.Object, java.lang.Object, java.lang.Object, java.lang.Object, java.lang.Object, java.lang.Object, java.lang.Object, java.lang.Object, java.lang.Object, java.lang.Object, java.lang.Object)'> (0x00000006e321eb18) 
thrown [src/hotspot/share/interpreter/linkResolver.cpp, line 771]
Event: 1,401 Thread 0x00007f07540086c0 Exception <a 'java/lang/NoSuchMethodError'{0x00000006e32cb630}: 'java.lang.Object java.lang.invoke.DirectMethodHandle$Holder.invokeStaticInit(java.lang.Object, java.lang.Object, java.lang.Object, java.lang.Object)'> (0x00000006e32cb630) 
thrown [src/hotspot/share/interpreter/linkResolver.cpp, line 771]
Event: 1,442 Thread 0x00007f07540086c0 Implicit null exception at 0x00007f07d5519a8d to 0x00007f07d5519fe8
Event: 1,535 Thread 0x00007f07540086c0 Exception <a 'java/lang/NoSuchMethodError'{0x00000006e4ccf7e0}: 'java.lang.Object java.lang.invoke.DirectMethodHandle$Holder.newInvokeSpecial(java.lang.Object, java.lang.Object, java.lang.Object, java.lang.Object, java.lang.Object, java.lang.Object, java.lang.Object, java.lang.Object)'> (0x00000006e4ccf7e0) 
thrown [src/hotspot/share/interpreter/linkResolver.cpp, line 771]
Event: 1,535 Thread 0x00007f07540086c0 Exception <a 'java/lang/NoSuchMethodError'{0x00000006e4cd5500}: 'java.lang.Object java.lang.invoke.Invokers$Holder.linkToTargetMethod(java.lang.Object, java.lang.Object, java.lang.Object, java.lang.Object, java.lang.Object, java.lang.Object, java.lang.Object, java.lang.Object)'> (0x00000006e4cd5500) 
thrown [src/hotspot/share/interpreter/linkResolver.cpp, line 771]
Event: 1,539 Thread 0x00007f07540086c0 Exception <a 'java/lang/IncompatibleClassChangeError'{0x00000006e4d45bd0}: Found class java.lang.Object, but interface was expected> (0x00000006e4d45bd0) 
thrown [src/hotspot/share/interpreter/linkResolver.cpp, line 838]
Event: 1,596 Thread 0x00007f07540086c0 Exception <a 'java/lang/NoSuchMethodError'{0x00000006e4474fa8}: 'java.lang.Object java.lang.invoke.DirectMethodHandle$Holder.newInvokeSpecial(java.lang.Object, java.lang.Object, int, int)'> (0x00000006e4474fa8) 
thrown [src/hotspot/share/interpreter/linkResolver.cpp, line 771]

VM Operations (20 events):
Event: 0,960 Executing VM operation: HandshakeAllThreads
Event: 0,960 Executing VM operation: HandshakeAllThreads done
Event: 1,141 Executing VM operation: G1CollectForAllocation
Event: 1,144 Executing VM operation: G1CollectForAllocation done
Event: 1,182 Executing VM operation: G1CollectForAllocation
Event: 1,184 Executing VM operation: G1CollectForAllocation done
Event: 1,327 Executing VM operation: HandshakeAllThreads
Event: 1,327 Executing VM operation: HandshakeAllThreads done
Event: 1,327 Executing VM operation: HandshakeAllThreads
Event: 1,327 Executing VM operation: HandshakeAllThreads done
Event: 1,408 Executing VM operation: G1CollectForAllocation
Event: 1,409 Executing VM operation: G1CollectForAllocation done
Event: 1,443 Executing VM operation: HandshakeAllThreads
Event: 1,443 Executing VM operation: HandshakeAllThreads done
Event: 1,531 Executing VM operation: HandshakeAllThreads
Event: 1,531 Executing VM operation: HandshakeAllThreads done
Event: 1,629 Executing VM operation: HandshakeAllThreads
Event: 1,629 Executing VM operation: HandshakeAllThreads done
Event: 1,633 Executing VM operation: CollectForMetadataAllocation
Event: 1,635 Executing VM operation: CollectForMetadataAllocation done

Events (20 events):
Event: 1,598 loading class jdk/internal/reflect/UnsafeStaticIntegerFieldAccessorImpl
Event: 1,598 loading class jdk/internal/reflect/UnsafeStaticIntegerFieldAccessorImpl done
Event: 1,608 loading class java/beans/PropertyDescriptor
Event: 1,609 loading class java/beans/PropertyDescriptor done
Event: 1,617 loading class java/util/EventListener
Event: 1,617 loading class java/util/EventListener done
Event: 1,619 loading class java/util/BitSet
Event: 1,619 loading class java/util/BitSet done
Event: 1,621 loading class java/util/TimerTask
Event: 1,621 loading class java/util/TimerTask done
Event: 1,621 loading class java/util/Timer
Event: 1,621 loading class java/util/Timer done
Event: 1,628 loading class java/security/AccessControlException
Event: 1,628 loading class java/security/AccessControlException done
Event: 1,632 loading class java/lang/invoke/MethodHandleImpl$BindCaller
Event: 1,635 loading class java/lang/invoke/MethodHandleImpl$BindCaller done
Event: 1,635 loading class java/lang/invoke/MethodHandleImpl$BindCaller$1
Event: 1,635 loading class java/lang/invoke/MethodHandleImpl$BindCaller$1 done
Event: 1,636 loading class java/util/Collections$CopiesList
Event: 1,636 loading class java/util/Collections$CopiesList done


Dynamic libraries:
00200000-00201000 r--p 00000000 103:04 3162972                           /home/rodion/.local/share/JetBrains/Toolbox/apps/android-studio-2/jbr/bin/java
00201000-00202000 r-xp 00000000 103:04 3162972                           /home/rodion/.local/share/JetBrains/Toolbox/apps/android-studio-2/jbr/bin/java
00202000-00203000 r--p 00000000 103:04 3162972                           /home/rodion/.local/share/JetBrains/Toolbox/apps/android-studio-2/jbr/bin/java
00203000-00204000 rw-p 00000000 103:04 3162972                           /home/rodion/.local/share/JetBrains/Toolbox/apps/android-studio-2/jbr/bin/java
00ebc000-00f04000 rw-p 00000000 00:00 0                                  [heap]
6e0000000-6e5400000 rw-p 00000000 00:00 0 
6e5400000-6e9800000 ---p 00000000 00:00 0 
6e9800000-6ea000000 rw-p 00000000 00:00 0 
6ea000000-6ed400000 ---p 00000000 00:00 0 
6ed400000-6ed800000 rw-p 00000000 00:00 0 
6ed800000-800000000 ---p 00000000 00:00 0 
800000000-800010000 rw-p 00000000 00:00 0 
800010000-800030000 rw-p 00000000 00:00 0 
800030000-8000b0000 rw-p 00000000 00:00 0 
8000b0000-800130000 rw-p 00000000 00:00 0 
800130000-8001b0000 rw-p 00000000 00:00 0 
8001b0000-8001f0000 rw-p 00000000 00:00 0 
8001f0000-800500000 rw-p 00000000 00:00 0 
800500000-840000000 ---p 00000000 00:00 0 
7f06f0000000-7f06f0021000 rw-p 00000000 00:00 0 
7f06f0021000-7f06f4000000 ---p 00000000 00:00 0 
7f06f4000000-7f06f4021000 rw-p 00000000 00:00 0 
7f06f4021000-7f06f8000000 ---p 00000000 00:00 0 
7f06f8000000-7f06f8021000 rw-p 00000000 00:00 0 
7f06f8021000-7f06fc000000 ---p 00000000 00:00 0 
7f06fc000000-7f06fc021000 rw-p 00000000 00:00 0 
7f06fc021000-7f0700000000 ---p 00000000 00:00 0 
7f0700000000-7f0700021000 rw-p 00000000 00:00 0 
7f0700021000-7f0704000000 ---p 00000000 00:00 0 
7f0704000000-7f0704021000 rw-p 00000000 00:00 0 
7f0704021000-7f0708000000 ---p 00000000 00:00 0 
7f0708000000-7f0708021000 rw-p 00000000 00:00 0 
7f0708021000-7f070c000000 ---p 00000000 00:00 0 
7f070c000000-7f070c021000 rw-p 00000000 00:00 0 
7f070c021000-7f0710000000 ---p 00000000 00:00 0 
7f0710000000-7f0710021000 rw-p 00000000 00:00 0 
7f0710021000-7f0714000000 ---p 00000000 00:00 0 
7f0714000000-7f0714021000 rw-p 00000000 00:00 0 
7f0714021000-7f0718000000 ---p 00000000 00:00 0 
7f0718000000-7f0718021000 rw-p 00000000 00:00 0 
7f0718021000-7f071c000000 ---p 00000000 00:00 0 
7f071c000000-7f071c021000 rw-p 00000000 00:00 0 
7f071c021000-7f0720000000 ---p 00000000 00:00 0 
7f0720000000-7f0720021000 rw-p 00000000 00:00 0 
7f0720021000-7f0724000000 ---p 00000000 00:00 0 
7f0724000000-7f07241ba000 rw-p 00000000 00:00 0 
7f07241ba000-7f0728000000 ---p 00000000 00:00 0 
7f0728000000-7f0728021000 rw-p 00000000 00:00 0 
7f0728021000-7f072c000000 ---p 00000000 00:00 0 
7f072c000000-7f072c021000 rw-p 00000000 00:00 0 
7f072c021000-7f0730000000 ---p 00000000 00:00 0 
7f0730000000-7f0730021000 rw-p 00000000 00:00 0 
7f0730021000-7f0734000000 ---p 00000000 00:00 0 
7f0734000000-7f0734021000 rw-p 00000000 00:00 0 
7f0734021000-7f0738000000 ---p 00000000 00:00 0 
7f0738000000-7f0738021000 rw-p 00000000 00:00 0 
7f0738021000-7f073c000000 ---p 00000000 00:00 0 
7f073c000000-7f073c021000 rw-p 00000000 00:00 0 
7f073c021000-7f0740000000 ---p 00000000 00:00 0 
7f0740000000-7f0740aa2000 rw-p 00000000 00:00 0 
7f0740aa2000-7f0744000000 ---p 00000000 00:00 0 
7f0744000000-7f0744021000 rw-p 00000000 00:00 0 
7f0744021000-7f0748000000 ---p 00000000 00:00 0 
7f0748000000-7f0748024000 rw-p 00000000 00:00 0 
7f0748024000-7f074c000000 ---p 00000000 00:00 0 
7f074c000000-7f074c021000 rw-p 00000000 00:00 0 
7f074c021000-7f0750000000 ---p 00000000 00:00 0 
7f0750000000-7f0750021000 rw-p 00000000 00:00 0 
7f0750021000-7f0754000000 ---p 00000000 00:00 0 
7f0754000000-7f0754021000 rw-p 00000000 00:00 0 
7f0754021000-7f0758000000 ---p 00000000 00:00 0 
7f0758000000-7f0758023000 rw-p 00000000 00:00 0 
7f0758023000-7f075c000000 ---p 00000000 00:00 0 
7f075c000000-7f075c055000 rw-p 00000000 00:00 0 
7f075c055000-7f0760000000 ---p 00000000 00:00 0 
7f0760000000-7f0760021000 rw-p 00000000 00:00 0 
7f0760021000-7f0764000000 ---p 00000000 00:00 0 
7f0764000000-7f0764021000 rw-p 00000000 00:00 0 
7f0764021000-7f0768000000 ---p 00000000 00:00 0 
7f0768000000-7f0768021000 rw-p 00000000 00:00 0 
7f0768021000-7f076c000000 ---p 00000000 00:00 0 
7f076c000000-7f076c021000 rw-p 00000000 00:00 0 
7f076c021000-7f0770000000 ---p 00000000 00:00 0 
7f0770000000-7f0770021000 rw-p 00000000 00:00 0 
7f0770021000-7f0774000000 ---p 00000000 00:00 0 
7f0774000000-7f0775433000 rw-p 00000000 00:00 0 
7f0775433000-7f0778000000 ---p 00000000 00:00 0 
7f0778000000-7f0778021000 rw-p 00000000 00:00 0 
7f0778021000-7f077c000000 ---p 00000000 00:00 0 
7f077d08f000-7f077d32c000 rw-p 00000000 00:00 0 
7f077d32c000-7f077d330000 ---p 00000000 00:00 0 
7f077d330000-7f077d42c000 rw-p 00000000 00:00 0 
7f077d42c000-7f077d430000 ---p 00000000 00:00 0 
7f077d430000-7f077d52c000 rw-p 00000000 00:00 0 
7f077d52c000-7f077d530000 ---p 00000000 00:00 0 
7f077d530000-7f077d62c000 rw-p 00000000 00:00 0 
7f077d62c000-7f077d630000 ---p 00000000 00:00 0 
7f077d630000-7f077d72c000 rw-p 00000000 00:00 0 
7f077d72c000-7f077d730000 ---p 00000000 00:00 0 
7f077d730000-7f077d82c000 rw-p 00000000 00:00 0 
7f077d82c000-7f077d830000 ---p 00000000 00:00 0 
7f077d830000-7f077d92c000 rw-p 00000000 00:00 0 
7f077d92c000-7f077d930000 ---p 00000000 00:00 0 
7f077d930000-7f077da2c000 rw-p 00000000 00:00 0 
7f077da2c000-7f077da30000 ---p 00000000 00:00 0 
7f077da30000-7f077db2c000 rw-p 00000000 00:00 0 
7f077db2c000-7f077db30000 ---p 00000000 00:00 0 
7f077db30000-7f077dc2c000 rw-p 00000000 00:00 0 
7f077dc2c000-7f077dc30000 ---p 00000000 00:00 0 
7f077dc30000-7f077dd2c000 rw-p 00000000 00:00 0 
7f077dd2c000-7f077dd30000 ---p 00000000 00:00 0 
7f077dd30000-7f077de2c000 rw-p 00000000 00:00 0 
7f077de2c000-7f077de2d000 ---p 00000000 00:00 0 
7f077de2d000-7f077df2d000 rw-p 00000000 00:00 0 
7f077df2d000-7f077df2e000 ---p 00000000 00:00 0 
7f077df2e000-7f077e02e000 rw-p 00000000 00:00 0 
7f077e02e000-7f077e02f000 ---p 00000000 00:00 0 
7f077e02f000-7f077e12f000 rw-p 00000000 00:00 0 
7f077e12f000-7f077e130000 ---p 00000000 00:00 0 
7f077e130000-7f077e230000 rw-p 00000000 00:00 0 
7f077e230000-7f077e231000 ---p 00000000 00:00 0 
7f077e231000-7f077e331000 rw-p 00000000 00:00 0 
7f077e331000-7f077e332000 ---p 00000000 00:00 0 
7f077e332000-7f077e432000 rw-p 00000000 00:00 0 
7f077e432000-7f077e433000 ---p 00000000 00:00 0 
7f077e433000-7f077e533000 rw-p 00000000 00:00 0 
7f077e533000-7f077e537000 ---p 00000000 00:00 0 
7f077e537000-7f077e633000 rw-p 00000000 00:00 0 
7f077e633000-7f077e637000 ---p 00000000 00:00 0 
7f077e637000-7f077e733000 rw-p 00000000 00:00 0 
7f077e733000-7f077e737000 ---p 00000000 00:00 0 
7f077e737000-7f077e833000 rw-p 00000000 00:00 0 
7f077e833000-7f077e837000 ---p 00000000 00:00 0 
7f077e837000-7f077e933000 rw-p 00000000 00:00 0 
7f077e9fe000-7f077ea02000 ---p 00000000 00:00 0 
7f077ea02000-7f077eafe000 rw-p 00000000 00:00 0 
7f077eafe000-7f077eb02000 ---p 00000000 00:00 0 
7f077eb02000-7f077ebfe000 rw-p 00000000 00:00 0 
7f077ebfe000-7f077ec02000 ---p 00000000 00:00 0 
7f077ec02000-7f077ecfe000 rw-p 00000000 00:00 0 
7f077ecfe000-7f077ed02000 ---p 00000000 00:00 0 
7f077ed02000-7f077edfe000 rw-p 00000000 00:00 0 
7f077edfe000-7f077ee02000 ---p 00000000 00:00 0 
7f077ee02000-7f077eefe000 rw-p 00000000 00:00 0 
7f077eefe000-7f077ef02000 ---p 00000000 00:00 0 
7f077ef02000-7f077effe000 rw-p 00000000 00:00 0 
7f077effe000-7f077efff000 ---p 00000000 00:00 0 
7f077efff000-7f077f0ff000 rw-p 00000000 00:00 0 
7f077f0ff000-7f077f100000 ---p 00000000 00:00 0 
7f077f100000-7f077f200000 rw-p 00000000 00:00 0 
7f077f200000-7f077f29c000 r--p 00000000 103:04 1968521                   /usr/lib/x86_64-linux-gnu/libstdc++.so.6.0.32
7f077f29c000-7f077f3cd000 r-xp 0009c000 103:04 1968521                   /usr/lib/x86_64-linux-gnu/libstdc++.so.6.0.32
7f077f3cd000-7f077f45a000 r--p 001cd000 103:04 1968521                   /usr/lib/x86_64-linux-gnu/libstdc++.so.6.0.32
7f077f45a000-7f077f465000 r--p 0025a000 103:04 1968521                   /usr/lib/x86_64-linux-gnu/libstdc++.so.6.0.32
7f077f465000-7f077f468000 rw-p 00265000 103:04 1968521                   /usr/lib/x86_64-linux-gnu/libstdc++.so.6.0.32
7f077f468000-7f077f46c000 rw-p 00000000 00:00 0 
7f077f4ff000-7f077f500000 ---p 00000000 00:00 0 
7f077f500000-7f077f600000 rw-p 00000000 00:00 0 
7f077f600000-7f077f653000 r-xp 00000000 103:04 2789371                   /home/rodion/.gradle/native/38dada09dfb8b06ba9b0570ebf7e218e3eb74d4ef43ca46872605cf95ebc2f47/linux-amd64/libnative-platform-file-events.so
7f077f653000-7f077f852000 ---p 00053000 103:04 2789371                   /home/rodion/.gradle/native/38dada09dfb8b06ba9b0570ebf7e218e3eb74d4ef43ca46872605cf95ebc2f47/linux-amd64/libnative-platform-file-events.so
7f077f852000-7f077f853000 r--p 00052000 103:04 2789371                   /home/rodion/.gradle/native/38dada09dfb8b06ba9b0570ebf7e218e3eb74d4ef43ca46872605cf95ebc2f47/linux-amd64/libnative-platform-file-events.so
7f077f853000-7f077f855000 rw-p 00053000 103:04 2789371                   /home/rodion/.gradle/native/38dada09dfb8b06ba9b0570ebf7e218e3eb74d4ef43ca46872605cf95ebc2f47/linux-amd64/libnative-platform-file-events.so
7f077f867000-7f077f868000 ---p 00000000 00:00 0 
7f077f868000-7f077f968000 rw-p 00000000 00:00 0 
7f077fa00000-7f077fa05000 r-xp 00000000 103:04 2787315                   /home/rodion/.gradle/native/c067742578af261105cb4f569cf0c3c89f3d7b1fecec35dd04571415982c5e48/linux-amd64/libnative-platform.so
7f077fa05000-7f077fc05000 ---p 00005000 103:04 2787315                   /home/rodion/.gradle/native/c067742578af261105cb4f569cf0c3c89f3d7b1fecec35dd04571415982c5e48/linux-amd64/libnative-platform.so
7f077fc05000-7f077fc06000 r--p 00005000 103:04 2787315                   /home/rodion/.gradle/native/c067742578af261105cb4f569cf0c3c89f3d7b1fecec35dd04571415982c5e48/linux-amd64/libnative-platform.so
7f077fc06000-7f077fc07000 rw-p 00006000 103:04 2787315                   /home/rodion/.gradle/native/c067742578af261105cb4f569cf0c3c89f3d7b1fecec35dd04571415982c5e48/linux-amd64/libnative-platform.so
7f077fcff000-7f077fd03000 ---p 00000000 00:00 0 
7f077fd03000-7f077fdff000 rw-p 00000000 00:00 0 
7f077fdff000-7f077fe00000 ---p 00000000 00:00 0 
7f077fe00000-7f077ff00000 rw-p 00000000 00:00 0 
7f077ff00000-7f077ff04000 ---p 00000000 00:00 0 
7f077ff04000-7f0780021000 rw-p 00000000 00:00 0 
7f0780021000-7f0784000000 ---p 00000000 00:00 0 
7f0784000000-7f0784021000 rw-p 00000000 00:00 0 
7f0784021000-7f0788000000 ---p 00000000 00:00 0 
7f0788000000-7f07890ee000 rw-p 00000000 00:00 0 
7f07890ee000-7f078c000000 ---p 00000000 00:00 0 
7f078c000000-7f078c93f000 rw-p 00000000 00:00 0 
7f078c93f000-7f0790000000 ---p 00000000 00:00 0 
7f0790000000-7f0790021000 rw-p 00000000 00:00 0 
7f0790021000-7f0794000000 ---p 00000000 00:00 0 
7f0794000000-7f0794021000 rw-p 00000000 00:00 0 
7f0794021000-7f0798000000 ---p 00000000 00:00 0 
7f0798000000-7f0798021000 rw-p 00000000 00:00 0 
7f0798021000-7f079c000000 ---p 00000000 00:00 0 
7f079c000000-7f079c021000 rw-p 00000000 00:00 0 
7f079c021000-7f07a0000000 ---p 00000000 00:00 0 
7f07a0000000-7f07a0021000 rw-p 00000000 00:00 0 
7f07a0021000-7f07a4000000 ---p 00000000 00:00 0 
7f07a4000000-7f07a4021000 rw-p 00000000 00:00 0 
7f07a4021000-7f07a8000000 ---p 00000000 00:00 0 
7f07a8000000-7f07a84f0000 rw-p 00000000 00:00 0 
7f07a84f0000-7f07a8530000 rw-p 00000000 00:00 0 
7f07a8530000-7f07a8570000 rw-p 00000000 00:00 0 
7f07a8570000-7f07a86f0000 rw-p 00000000 00:00 0 
7f07a86f0000-7f07a8770000 rw-p 00000000 00:00 0 
7f07a8770000-7f07a87f0000 rw-p 00000000 00:00 0 
7f07a87f0000-7f07a88f0000 rw-p 00000000 00:00 0 
7f07a88f0000-7f07a89f0000 rw-p 00000000 00:00 0 
7f07a89f0000-7f07a8af0000 rw-p 00000000 00:00 0 
7f07a8af0000-7f07a8bf0000 rw-p 00000000 00:00 0 
7f07a8bf0000-7f07a8cf0000 rw-p 00000000 00:00 0 
7f07a8cf0000-7f07a8ef0000 rw-p 00000000 00:00 0 
7f07a8ef0000-7f07a8f70000 rw-p 00000000 00:00 0 
7f07a8f70000-7f07a90f0000 rw-p 00000000 00:00 0 
7f07a90f0000-7f07a91f0000 rw-p 00000000 00:00 0 
7f07a91f0000-7f07a9b70000 rw-p 00000000 00:00 0 
7f07a9b70000-7f07a9bc0000 rw-p 00000000 00:00 0 
7f07a9bc0000-7f07a9c00000 ---p 00000000 00:00 0 
7f07a9c00000-7f07a9eb0000 rw-p 00000000 00:00 0 
7f07a9eb0000-7f07ac000000 ---p 00000000 00:00 0 
7f07ac000000-7f07ac021000 rw-p 00000000 00:00 0 
7f07ac021000-7f07b0000000 ---p 00000000 00:00 0 
7f07b0000000-7f07b0021000 rw-p 00000000 00:00 0 
7f07b0021000-7f07b4000000 ---p 00000000 00:00 0 
7f07b4000000-7f07b4021000 rw-p 00000000 00:00 0 
7f07b4021000-7f07b8000000 ---p 00000000 00:00 0 
7f07b8000000-7f07b8021000 rw-p 00000000 00:00 0 
7f07b8021000-7f07bc000000 ---p 00000000 00:00 0 
7f07bc000000-7f07bc021000 rw-p 00000000 00:00 0 
7f07bc021000-7f07c0000000 ---p 00000000 00:00 0 
7f07c0000000-7f07c0004000 ---p 00000000 00:00 0 
7f07c0004000-7f07c0100000 rw-p 00000000 00:00 0 
7f07c0100000-7f07c0104000 ---p 00000000 00:00 0 
7f07c0104000-7f07c0200000 rw-p 00000000 00:00 0 
7f07c0200000-7f07c0204000 ---p 00000000 00:00 0 
7f07c0204000-7f07c0300000 rw-p 00000000 00:00 0 
7f07c0300000-7f07c0304000 ---p 00000000 00:00 0 
7f07c0304000-7f07c0400000 rw-p 00000000 00:00 0 
7f07c0400000-7f07c0404000 ---p 00000000 00:00 0 
7f07c0404000-7f07c0500000 rw-p 00000000 00:00 0 
7f07c0500000-7f07c0504000 ---p 00000000 00:00 0 
7f07c0504000-7f07c0600000 rw-p 00000000 00:00 0 
7f07c0600000-7f07c0b75000 r--p 00000000 103:04 1995264                   /usr/lib/locale/locale-archive
7f07c0ba8000-7f07c0bab000 r--p 00000000 103:04 1968519                   /usr/lib/x86_64-linux-gnu/libgcc_s.so.1
7f07c0bab000-7f07c0bc6000 r-xp 00003000 103:04 1968519                   /usr/lib/x86_64-linux-gnu/libgcc_s.so.1
7f07c0bc6000-7f07c0bca000 r--p 0001e000 103:04 1968519                   /usr/lib/x86_64-linux-gnu/libgcc_s.so.1
7f07c0bca000-7f07c0bcb000 r--p 00021000 103:04 1968519                   /usr/lib/x86_64-linux-gnu/libgcc_s.so.1
7f07c0bcb000-7f07c0bcc000 rw-p 00022000 103:04 1968519                   /usr/lib/x86_64-linux-gnu/libgcc_s.so.1
7f07c0bdb000-7f07c0be2000 r--s 00000000 103:04 1968884                   /usr/lib/x86_64-linux-gnu/gconv/gconv-modules.cache
7f07c0be2000-7f07c0be6000 ---p 00000000 00:00 0 
7f07c0be6000-7f07c0ce2000 rw-p 00000000 00:00 0 
7f07c0ce2000-7f07c0ce6000 ---p 00000000 00:00 0 
7f07c0ce6000-7f07c0de2000 rw-p 00000000 00:00 0 
7f07c0de2000-7f07c0de6000 ---p 00000000 00:00 0 
7f07c0de6000-7f07c0ee2000 rw-p 00000000 00:00 0 
7f07c0ee2000-7f07c0ee3000 ---p 00000000 00:00 0 
7f07c0ee3000-7f07c0fe3000 rw-p 00000000 00:00 0 
7f07c0fe3000-7f07c0fec000 r--p 00000000 103:04 3162891                   /home/rodion/.local/share/JetBrains/Toolbox/apps/android-studio-2/jbr/lib/libzip.so
7f07c0fec000-7f07c1001000 r-xp 00008000 103:04 3162891                   /home/rodion/.local/share/JetBrains/Toolbox/apps/android-studio-2/jbr/lib/libzip.so
7f07c1001000-7f07c1003000 r--p 0001c000 103:04 3162891                   /home/rodion/.local/share/JetBrains/Toolbox/apps/android-studio-2/jbr/lib/libzip.so
7f07c1003000-7f07c1004000 rw-p 0001d000 103:04 3162891                   /home/rodion/.local/share/JetBrains/Toolbox/apps/android-studio-2/jbr/lib/libzip.so
7f07c111e000-7f07c11fa000 rw-p 00000000 00:00 0 
7f07c11fa000-7f07c11fb000 ---p 00000000 00:00 0 
7f07c11fb000-7f07c12fb000 rw-p 00000000 00:00 0 
7f07c12fb000-7f07c12fc000 ---p 00000000 00:00 0 
7f07c12fc000-7f07c3950000 rw-p 00000000 00:00 0 
7f07c3950000-7f07c3a60000 ---p 00000000 00:00 0 
7f07c3a60000-7f07c3a80000 rw-p 00000000 00:00 0 
7f07c3a80000-7f07c3b50000 ---p 00000000 00:00 0 
7f07c3b50000-7f07c3b60000 rw-p 00000000 00:00 0 
7f07c3b60000-7f07c8000000 ---p 00000000 00:00 0 
7f07c8000000-7f07c8150000 rw-p 00000000 00:00 0 
7f07c8150000-7f07c8260000 ---p 00000000 00:00 0 
7f07c8260000-7f07c8280000 rw-p 00000000 00:00 0 
7f07c8280000-7f07c8350000 ---p 00000000 00:00 0 
7f07c8350000-7f07c8360000 rw-p 00000000 00:00 0 
7f07c8360000-7f07cc800000 ---p 00000000 00:00 0 
7f07cc800000-7f07cc82a000 rw-p 00000000 00:00 0 
7f07cc82a000-7f07cc84c000 ---p 00000000 00:00 0 
7f07cc84c000-7f07cc850000 rw-p 00000000 00:00 0 
7f07cc850000-7f07cc86a000 ---p 00000000 00:00 0 
7f07cc86a000-7f07cc86c000 rw-p 00000000 00:00 0 
7f07cc86c000-7f07cd100000 ---p 00000000 00:00 0 
7f07cd100000-7f07cd12a000 rw-p 00000000 00:00 0 
7f07cd12a000-7f07cd14c000 ---p 00000000 00:00 0 
7f07cd14c000-7f07cd150000 rw-p 00000000 00:00 0 
7f07cd150000-7f07cd16a000 ---p 00000000 00:00 0 
7f07cd16a000-7f07cd16c000 rw-p 00000000 00:00 0 
7f07cd16c000-7f07cda00000 ---p 00000000 00:00 0 
7f07cda00000-7f07cdf90000 rwxp 00000000 00:00 0 
7f07cdf90000-7f07d4f37000 ---p 00000000 00:00 0 
7f07d4f37000-7f07d51a7000 rwxp 00000000 00:00 0 
7f07d51a7000-7f07d54c9000 ---p 00000000 00:00 0 
7f07d54c9000-7f07d5739000 rwxp 00000000 00:00 0 
7f07d5739000-7f07dca00000 ---p 00000000 00:00 0 
7f07dca00000-7f07dfee6000 r--s 00000000 103:04 3162885                   /home/rodion/.local/share/JetBrains/Toolbox/apps/android-studio-2/jbr/lib/modules
7f07dfee6000-7f07dfee9000 r--p 00000000 103:04 3162931                   /home/rodion/.local/share/JetBrains/Toolbox/apps/android-studio-2/jbr/lib/libmanagement_ext.so
7f07dfee9000-7f07dfeec000 r-xp 00002000 103:04 3162931                   /home/rodion/.local/share/JetBrains/Toolbox/apps/android-studio-2/jbr/lib/libmanagement_ext.so
7f07dfeec000-7f07dfeed000 r--p 00004000 103:04 3162931                   /home/rodion/.local/share/JetBrains/Toolbox/apps/android-studio-2/jbr/lib/libmanagement_ext.so
7f07dfeed000-7f07dfeee000 rw-p 00004000 103:04 3162931                   /home/rodion/.local/share/JetBrains/Toolbox/apps/android-studio-2/jbr/lib/libmanagement_ext.so
7f07dfeee000-7f07dfef4000 r--p 00000000 103:04 3162922                   /home/rodion/.local/share/JetBrains/Toolbox/apps/android-studio-2/jbr/lib/libverify.so
7f07dfef4000-7f07dfefc000 r-xp 00005000 103:04 3162922                   /home/rodion/.local/share/JetBrains/Toolbox/apps/android-studio-2/jbr/lib/libverify.so
7f07dfefc000-7f07dfefe000 r--p 0000c000 103:04 3162922                   /home/rodion/.local/share/JetBrains/Toolbox/apps/android-studio-2/jbr/lib/libverify.so
7f07dfefe000-7f07dfeff000 rw-p 0000d000 103:04 3162922                   /home/rodion/.local/share/JetBrains/Toolbox/apps/android-studio-2/jbr/lib/libverify.so
7f07dfeff000-7f07e1660000 rw-p 00000000 00:00 0 
7f07e1660000-7f07e4000000 ---p 00000000 00:00 0 
7f07e4001000-7f07e4008000 r--p 00000000 103:04 3162897                   /home/rodion/.local/share/JetBrains/Toolbox/apps/android-studio-2/jbr/lib/libnet.so
7f07e4008000-7f07e4015000 r-xp 00006000 103:04 3162897                   /home/rodion/.local/share/JetBrains/Toolbox/apps/android-studio-2/jbr/lib/libnet.so
7f07e4015000-7f07e4016000 r--p 00012000 103:04 3162897                   /home/rodion/.local/share/JetBrains/Toolbox/apps/android-studio-2/jbr/lib/libnet.so
7f07e4016000-7f07e4018000 rw-p 00012000 103:04 3162897                   /home/rodion/.local/share/JetBrains/Toolbox/apps/android-studio-2/jbr/lib/libnet.so
7f07e4018000-7f07e451d000 rw-p 00000000 00:00 0 
7f07e451d000-7f07e451e000 ---p 00000000 00:00 0 
7f07e451e000-7f07e461e000 rw-p 00000000 00:00 0 
7f07e461e000-7f07e461f000 ---p 00000000 00:00 0 
7f07e461f000-7f07e471f000 rw-p 00000000 00:00 0 
7f07e471f000-7f07e4720000 ---p 00000000 00:00 0 
7f07e4720000-7f07e484a000 rw-p 00000000 00:00 0 
7f07e484a000-7f07e486c000 ---p 00000000 00:00 0 
7f07e486c000-7f07e4870000 rw-p 00000000 00:00 0 
7f07e4870000-7f07e488a000 ---p 00000000 00:00 0 
7f07e488a000-7f07e488c000 rw-p 00000000 00:00 0 
7f07e488c000-7f07e5120000 ---p 00000000 00:00 0 
7f07e5120000-7f07e5b2f000 rw-p 00000000 00:00 0 
7f07e5b2f000-7f07e5c15000 ---p 00000000 00:00 0 
7f07e5c15000-7f07e5c21000 rw-p 00000000 00:00 0 
7f07e5c21000-7f07e5d00000 ---p 00000000 00:00 0 
7f07e5d00000-7f07e5d04000 ---p 00000000 00:00 0 
7f07e5d04000-7f07e5e00000 rw-p 00000000 00:00 0 
7f07e5e00000-7f07e6337000 r--p 00000000 103:04 3162900                   /home/rodion/.local/share/JetBrains/Toolbox/apps/android-studio-2/jbr/lib/server/libjvm.so
7f07e6337000-7f07e6f0f000 r-xp 00536000 103:04 3162900                   /home/rodion/.local/share/JetBrains/Toolbox/apps/android-studio-2/jbr/lib/server/libjvm.so
7f07e6f0f000-7f07e6fd1000 r--p 0110d000 103:04 3162900                   /home/rodion/.local/share/JetBrains/Toolbox/apps/android-studio-2/jbr/lib/server/libjvm.so
7f07e6fd1000-7f07e6ffa000 rw-p 011ce000 103:04 3162900                   /home/rodion/.local/share/JetBrains/Toolbox/apps/android-studio-2/jbr/lib/server/libjvm.so
7f07e6ffa000-7f07e706e000 rw-p 00000000 00:00 0 
7f07e706f000-7f07e7072000 r--p 00000000 103:04 3162924                   /home/rodion/.local/share/JetBrains/Toolbox/apps/android-studio-2/jbr/lib/libmanagement.so
7f07e7072000-7f07e7074000 r-xp 00002000 103:04 3162924                   /home/rodion/.local/share/JetBrains/Toolbox/apps/android-studio-2/jbr/lib/libmanagement.so
7f07e7074000-7f07e7075000 r--p 00003000 103:04 3162924                   /home/rodion/.local/share/JetBrains/Toolbox/apps/android-studio-2/jbr/lib/libmanagement.so
7f07e7075000-7f07e7076000 rw-p 00003000 103:04 3162924                   /home/rodion/.local/share/JetBrains/Toolbox/apps/android-studio-2/jbr/lib/libmanagement.so
7f07e7076000-7f07e7081000 r--p 00000000 103:04 3162917                   /home/rodion/.local/share/JetBrains/Toolbox/apps/android-studio-2/jbr/lib/libnio.so
7f07e7081000-7f07e7089000 r-xp 0000a000 103:04 3162917                   /home/rodion/.local/share/JetBrains/Toolbox/apps/android-studio-2/jbr/lib/libnio.so
7f07e7089000-7f07e708a000 r--p 00011000 103:04 3162917                   /home/rodion/.local/share/JetBrains/Toolbox/apps/android-studio-2/jbr/lib/libnio.so
7f07e708a000-7f07e708b000 rw-p 00011000 103:04 3162917                   /home/rodion/.local/share/JetBrains/Toolbox/apps/android-studio-2/jbr/lib/libnio.so
7f07e708b000-7f07e7117000 rw-p 00000000 00:00 0 
7f07e7117000-7f07e7125000 r--p 00000000 103:04 1968538                   /usr/lib/x86_64-linux-gnu/libm.so.6
7f07e7125000-7f07e71a3000 r-xp 0000e000 103:04 1968538                   /usr/lib/x86_64-linux-gnu/libm.so.6
7f07e71a3000-7f07e71fe000 r--p 0008c000 103:04 1968538                   /usr/lib/x86_64-linux-gnu/libm.so.6
7f07e71fe000-7f07e71ff000 r--p 000e6000 103:04 1968538                   /usr/lib/x86_64-linux-gnu/libm.so.6
7f07e71ff000-7f07e7200000 rw-p 000e7000 103:04 1968538                   /usr/lib/x86_64-linux-gnu/libm.so.6
7f07e7200000-7f07e7222000 r--p 00000000 103:04 1968528                   /usr/lib/x86_64-linux-gnu/libc.so.6
7f07e7222000-7f07e739a000 r-xp 00022000 103:04 1968528                   /usr/lib/x86_64-linux-gnu/libc.so.6
7f07e739a000-7f07e73f2000 r--p 0019a000 103:04 1968528                   /usr/lib/x86_64-linux-gnu/libc.so.6
7f07e73f2000-7f07e73f6000 r--p 001f1000 103:04 1968528                   /usr/lib/x86_64-linux-gnu/libc.so.6
7f07e73f6000-7f07e73f8000 rw-p 001f5000 103:04 1968528                   /usr/lib/x86_64-linux-gnu/libc.so.6
7f07e73f8000-7f07e7405000 rw-p 00000000 00:00 0 
7f07e7408000-7f07e740d000 rw-p 00000000 00:00 0 
7f07e740d000-7f07e7414000 ---p 00000000 00:00 0 
7f07e7414000-7f07e741c000 rw-s 00000000 103:04 1441824                   /tmp/hsperfdata_rodion/13838
7f07e741c000-7f07e742e000 r--p 00000000 103:04 3162925                   /home/rodion/.local/share/JetBrains/Toolbox/apps/android-studio-2/jbr/lib/libjava.so
7f07e742e000-7f07e7440000 r-xp 00011000 103:04 3162925                   /home/rodion/.local/share/JetBrains/Toolbox/apps/android-studio-2/jbr/lib/libjava.so
7f07e7440000-7f07e7441000 r--p 00022000 103:04 3162925                   /home/rodion/.local/share/JetBrains/Toolbox/apps/android-studio-2/jbr/lib/libjava.so
7f07e7441000-7f07e7443000 rw-p 00022000 103:04 3162925                   /home/rodion/.local/share/JetBrains/Toolbox/apps/android-studio-2/jbr/lib/libjava.so
7f07e7443000-7f07e744e000 r--p 00000000 103:04 3162933                   /home/rodion/.local/share/JetBrains/Toolbox/apps/android-studio-2/jbr/lib/libjimage.so
7f07e744e000-7f07e7463000 r-xp 0000a000 103:04 3162933                   /home/rodion/.local/share/JetBrains/Toolbox/apps/android-studio-2/jbr/lib/libjimage.so
7f07e7463000-7f07e7465000 r--p 0001e000 103:04 3162933                   /home/rodion/.local/share/JetBrains/Toolbox/apps/android-studio-2/jbr/lib/libjimage.so
7f07e7465000-7f07e7466000 rw-p 0001f000 103:04 3162933                   /home/rodion/.local/share/JetBrains/Toolbox/apps/android-studio-2/jbr/lib/libjimage.so
7f07e7466000-7f07e7467000 r--p 00000000 103:04 1968582                   /usr/lib/x86_64-linux-gnu/librt.so.1
7f07e7467000-7f07e7468000 r-xp 00001000 103:04 1968582                   /usr/lib/x86_64-linux-gnu/librt.so.1
7f07e7468000-7f07e7469000 r--p 00002000 103:04 1968582                   /usr/lib/x86_64-linux-gnu/librt.so.1
7f07e7469000-7f07e746a000 r--p 00002000 103:04 1968582                   /usr/lib/x86_64-linux-gnu/librt.so.1
7f07e746a000-7f07e746b000 rw-p 00003000 103:04 1968582                   /usr/lib/x86_64-linux-gnu/librt.so.1
7f07e746b000-7f07e746d000 rw-p 00000000 00:00 0 
7f07e746d000-7f07e746e000 r--p 00000000 103:04 1968531                   /usr/lib/x86_64-linux-gnu/libdl.so.2
7f07e746e000-7f07e746f000 r-xp 00001000 103:04 1968531                   /usr/lib/x86_64-linux-gnu/libdl.so.2
7f07e746f000-7f07e7470000 r--p 00002000 103:04 1968531                   /usr/lib/x86_64-linux-gnu/libdl.so.2
7f07e7470000-7f07e7471000 r--p 00002000 103:04 1968531                   /usr/lib/x86_64-linux-gnu/libdl.so.2
7f07e7471000-7f07e7472000 rw-p 00003000 103:04 1968531                   /usr/lib/x86_64-linux-gnu/libdl.so.2
7f07e7472000-7f07e7473000 r--p 00000000 103:04 1968576                   /usr/lib/x86_64-linux-gnu/libpthread.so.0
7f07e7473000-7f07e7474000 r-xp 00001000 103:04 1968576                   /usr/lib/x86_64-linux-gnu/libpthread.so.0
7f07e7474000-7f07e7475000 r--p 00002000 103:04 1968576                   /usr/lib/x86_64-linux-gnu/libpthread.so.0
7f07e7475000-7f07e7476000 r--p 00002000 103:04 1968576                   /usr/lib/x86_64-linux-gnu/libpthread.so.0
7f07e7476000-7f07e7477000 rw-p 00003000 103:04 1968576                   /usr/lib/x86_64-linux-gnu/libpthread.so.0
7f07e7478000-7f07e7479000 r--p 00000000 103:04 3162905                   /home/rodion/.local/share/JetBrains/Toolbox/apps/android-studio-2/jbr/lib/libextnet.so
7f07e7479000-7f07e747b000 r-xp 00000000 103:04 3162905                   /home/rodion/.local/share/JetBrains/Toolbox/apps/android-studio-2/jbr/lib/libextnet.so
7f07e747b000-7f07e747c000 r--p 00001000 103:04 3162905                   /home/rodion/.local/share/JetBrains/Toolbox/apps/android-studio-2/jbr/lib/libextnet.so
7f07e747c000-7f07e747d000 rw-p 00001000 103:04 3162905                   /home/rodion/.local/share/JetBrains/Toolbox/apps/android-studio-2/jbr/lib/libextnet.so
7f07e747d000-7f07e7481000 r--p 00000000 103:04 3162937                   /home/rodion/.local/share/JetBrains/Toolbox/apps/android-studio-2/jbr/lib/libinstrument.so
7f07e7481000-7f07e7488000 r-xp 00003000 103:04 3162937                   /home/rodion/.local/share/JetBrains/Toolbox/apps/android-studio-2/jbr/lib/libinstrument.so
7f07e7488000-7f07e7489000 r--p 00009000 103:04 3162937                   /home/rodion/.local/share/JetBrains/Toolbox/apps/android-studio-2/jbr/lib/libinstrument.so
7f07e7489000-7f07e748a000 rw-p 00009000 103:04 3162937                   /home/rodion/.local/share/JetBrains/Toolbox/apps/android-studio-2/jbr/lib/libinstrument.so
7f07e748a000-7f07e748b000 ---p 00000000 00:00 0 
7f07e748b000-7f07e748c000 r--p 00000000 00:00 0 
7f07e748c000-7f07e748d000 ---p 00000000 00:00 0 
7f07e748d000-7f07e7496000 r--p 00000000 103:04 3162906                   /home/rodion/.local/share/JetBrains/Toolbox/apps/android-studio-2/jbr/lib/libjli.so
7f07e7496000-7f07e74a5000 r-xp 00008000 103:04 3162906                   /home/rodion/.local/share/JetBrains/Toolbox/apps/android-studio-2/jbr/lib/libjli.so
7f07e74a5000-7f07e74a6000 r--p 00016000 103:04 3162906                   /home/rodion/.local/share/JetBrains/Toolbox/apps/android-studio-2/jbr/lib/libjli.so
7f07e74a6000-7f07e74a7000 rw-p 00016000 103:04 3162906                   /home/rodion/.local/share/JetBrains/Toolbox/apps/android-studio-2/jbr/lib/libjli.so
7f07e74a7000-7f07e74a9000 rw-p 00000000 00:00 0 
7f07e74a9000-7f07e74aa000 r--p 00000000 103:04 1968525                   /usr/lib/x86_64-linux-gnu/ld-linux-x86-64.so.2
7f07e74aa000-7f07e74d2000 r-xp 00001000 103:04 1968525                   /usr/lib/x86_64-linux-gnu/ld-linux-x86-64.so.2
7f07e74d2000-7f07e74dc000 r--p 00029000 103:04 1968525                   /usr/lib/x86_64-linux-gnu/ld-linux-x86-64.so.2
7f07e74dc000-7f07e74de000 r--p 00033000 103:04 1968525                   /usr/lib/x86_64-linux-gnu/ld-linux-x86-64.so.2
7f07e74de000-7f07e74e0000 rw-p 00035000 103:04 1968525                   /usr/lib/x86_64-linux-gnu/ld-linux-x86-64.so.2
7fff20809000-7fff2082a000 rw-p 00000000 00:00 0                          [stack]
7fff20950000-7fff20954000 r--p 00000000 00:00 0                          [vvar]
7fff20954000-7fff20956000 r-xp 00000000 00:00 0                          [vdso]
ffffffffff600000-ffffffffff601000 --xp 00000000 00:00 0                  [vsyscall]


VM Arguments:
jvm_args: --add-opens=java.base/java.util=ALL-UNNAMED --add-opens=java.base/java.lang=ALL-UNNAMED --add-opens=java.base/java.lang.invoke=ALL-UNNAMED --add-opens=java.prefs/java.util.prefs=ALL-UNNAMED --add-opens=java.base/java.nio.charset=ALL-UNNAMED --add-opens=java.base/java.net=ALL-UNNAMED --add-opens=java.base/java.util.concurrent.atomic=ALL-UNNAMED -Xmx4608m -Dfile.encoding=UTF-8 -Duser.country=UA -Duser.language=ru -Duser.variant -javaagent:/home/rodion/.gradle/wrapper/dists/gradle-8.4-bin/1w5dpkrfk8irigvoxmyhowfim/gradle-8.4/lib/agents/gradle-instrumentation-agent-8.4.jar 
java_command: org.gradle.launcher.daemon.bootstrap.GradleDaemon 8.4
java_class_path (initial): /home/rodion/.gradle/wrapper/dists/gradle-8.4-bin/1w5dpkrfk8irigvoxmyhowfim/gradle-8.4/lib/gradle-launcher-8.4.jar
Launcher Type: SUN_STANDARD

[Global flags]
     intx CICompilerCount                          = 4                                         {product} {ergonomic}
     uint ConcGCThreads                            = 3                                         {product} {ergonomic}
     uint G1ConcRefinementThreads                  = 10                                        {product} {ergonomic}
   size_t G1HeapRegionSize                         = 4194304                                   {product} {ergonomic}
    uintx GCDrainStackTargetSize                   = 64                                        {product} {ergonomic}
   size_t InitialHeapSize                          = 226492416                                 {product} {ergonomic}
   size_t MarkStackSize                            = 4194304                                   {product} {ergonomic}
   size_t MaxHeapSize                              = 4831838208                                {product} {command line}
   size_t MaxNewSize                               = 2898264064                                {product} {ergonomic}
   size_t MinHeapDeltaBytes                        = 4194304                                   {product} {ergonomic}
   size_t MinHeapSize                              = 8388608                                   {product} {ergonomic}
    uintx NonNMethodCodeHeapSize                   = 5839372                                {pd product} {ergonomic}
    uintx NonProfiledCodeHeapSize                  = 122909434                              {pd product} {ergonomic}
    uintx ProfiledCodeHeapSize                     = 122909434                              {pd product} {ergonomic}
    uintx ReservedCodeCacheSize                    = 251658240                              {pd product} {ergonomic}
     bool SegmentedCodeCache                       = true                                      {product} {ergonomic}
   size_t SoftMaxHeapSize                          = 4831838208                             {manageable} {ergonomic}
     bool UseCompressedClassPointers               = true                           {product lp64_product} {ergonomic}
     bool UseCompressedOops                        = true                           {product lp64_product} {ergonomic}
     bool UseG1GC                                  = true                                      {product} {ergonomic}

Logging:
Log output configuration:
 #0: stdout all=warning uptime,level,tags
 #1: stderr all=off uptime,level,tags

Environment Variables:
PATH=/usr/local/sbin:/usr/local/bin:/usr/sbin:/usr/bin:/sbin:/bin:/usr/games:/usr/local/games:/snap/bin:/home/rodion/.local/share/JetBrains/Toolbox/scripts
SHELL=/bin/bash
DISPLAY=:0
LANG=ru_UA.UTF-8

Active Locale:
LC_ALL=ru_UA.UTF-8
LC_COLLATE=ru_UA.UTF-8
LC_CTYPE=ru_UA.UTF-8
LC_MESSAGES=ru_UA.UTF-8
LC_MONETARY=ru_UA.UTF-8
LC_NUMERIC=ru_UA.UTF-8
LC_TIME=ru_UA.UTF-8

Signal Handlers:
   SIGSEGV: crash_handler in libjvm.so, mask=11100100010111111101111111111110, flags=SA_RESTART|SA_SIGINFO, unblocked
    SIGBUS: crash_handler in libjvm.so, mask=11100100010111111101111111111110, flags=SA_RESTART|SA_SIGINFO, unblocked
    SIGFPE: crash_handler in libjvm.so, mask=11100100010111111101111111111110, flags=SA_RESTART|SA_SIGINFO, unblocked
   SIGPIPE: javaSignalHandler in libjvm.so, mask=11100100010111111101111111111110, flags=SA_RESTART|SA_SIGINFO, blocked
   SIGXFSZ: javaSignalHandler in libjvm.so, mask=11100100010111111101111111111110, flags=SA_RESTART|SA_SIGINFO, blocked
    SIGILL: crash_handler in libjvm.so, mask=11100100010111111101111111111110, flags=SA_RESTART|SA_SIGINFO, unblocked
   SIGUSR2: SR_handler in libjvm.so, mask=00100000000000000000000000000000, flags=SA_RESTART|SA_SIGINFO, blocked
    SIGHUP: UserHandler in libjvm.so, mask=11100100010111111101111111111110, flags=SA_RESTART|SA_SIGINFO, blocked
    SIGINT: UserHandler in libjvm.so, mask=11100100010111111101111111111110, flags=SA_RESTART|SA_SIGINFO, blocked
   SIGTERM: UserHandler in libjvm.so, mask=11100100010111111101111111111110, flags=SA_RESTART|SA_SIGINFO, blocked
   SIGQUIT: UserHandler in libjvm.so, mask=11100100010111111101111111111110, flags=SA_RESTART|SA_SIGINFO, blocked
   SIGTRAP: crash_handler in libjvm.so, mask=11100100010111111101111111111110, flags=SA_RESTART|SA_SIGINFO, unblocked


Periodic native trim disabled

JNI global refs:
JNI global refs: 24, weak refs: 0

JNI global refs memory usage: 867, weak refs: 865

OOME stack traces (most recent first):
Classloader memory used:
Loader org.gradle.internal.classloader.VisitableURLClassLoader                         : 2113K
Loader bootstrap                                                                       : 1909K
Loader org.gradle.initialization.MixInLegacyTypesClassLoader                           : 440K
Loader jdk.internal.loader.ClassLoaders$AppClassLoader                                 : 28182B
Loader jdk.internal.reflect.DelegatingClassLoader                                      : 3441B
Loader jdk.internal.loader.ClassLoaders$PlatformClassLoader                            : 3243B

Classes loaded by more than one classloader:
Class org.gradle.internal.installation.GradleInstallation                             : loaded 2 times (x 74B)
Class org.gradle.internal.classpath.ClassPath                                         : loaded 2 times (x 69B)
Class org.gradle.api.internal.classpath.DefaultModuleRegistry                         : loaded 2 times (x 85B)
Class org.gradle.api.Action                                                           : loaded 2 times (x 69B)
Class org.gradle.api.internal.DefaultClassPathProvider                                : loaded 2 times (x 75B)
Class org.gradle.internal.installation.GradleInstallation$1                           : loaded 2 times (x 74B)
Class org.gradle.internal.classloader.FilteringClassLoader                            : loaded 2 times (x 104B)
Class org.gradle.internal.classpath.DefaultClassPath$ImmutableUniqueList$Builder      : loaded 2 times (x 74B)
Class org.gradle.internal.classloader.ClassLoaderVisitor                              : loaded 2 times (x 75B)
Class org.gradle.internal.service.DefaultServiceLocator                               : loaded 2 times (x 82B)
Class org.gradle.internal.service.UnknownServiceException                             : loaded 2 times (x 82B)
Class org.gradle.internal.classloader.DefaultClassLoaderFactory                       : loaded 2 times (x 81B)
Class org.gradle.internal.classloader.VisitableURLClassLoader$Spec                    : loaded 2 times (x 73B)
Class org.gradle.api.GradleException                                                  : loaded 2 times (x 81B)
Class org.gradle.api.internal.classpath.ModuleRegistry                                : loaded 2 times (x 69B)
Class org.gradle.api.internal.ClassPathProvider                                       : loaded 2 times (x 69B)
Class org.gradle.internal.classloader.ClasspathUtil$1                                 : loaded 2 times (x 75B)
Class org.gradle.internal.classloader.ClassLoaderFactory                              : loaded 2 times (x 69B)
Class org.gradle.api.internal.classpath.ManifestUtil                                  : loaded 2 times (x 70B)
Class org.gradle.api.specs.Spec                                                       : loaded 2 times (x 69B)
Class org.gradle.internal.IoActions                                                   : loaded 2 times (x 70B)
Class org.gradle.api.internal.classpath.EffectiveClassPath                            : loaded 2 times (x 89B)
Class org.gradle.internal.installation.CurrentGradleInstallation                      : loaded 2 times (x 72B)
Class org.gradle.internal.agents.InstrumentingClassLoader                             : loaded 2 times (x 69B)
Class org.gradle.internal.installation.CurrentGradleInstallationLocator               : loaded 2 times (x 70B)
Class org.gradle.api.internal.classpath.Module                                        : loaded 2 times (x 69B)
Class org.gradle.internal.service.CachingServiceLocator                               : loaded 2 times (x 81B)
Class org.gradle.internal.classpath.DefaultClassPath                                  : loaded 2 times (x 89B)
Class org.gradle.internal.classloader.SystemClassLoaderSpec                           : loaded 2 times (x 70B)
Class org.gradle.api.UncheckedIOException                                             : loaded 2 times (x 81B)
Class org.gradle.internal.classloader.ClasspathUtil                                   : loaded 2 times (x 70B)
Class org.gradle.api.internal.DefaultClassPathRegistry                                : loaded 2 times (x 75B)
Class org.gradle.api.internal.classpath.DefaultModuleRegistry$DefaultModule           : loaded 2 times (x 85B)
Class org.gradle.api.internal.classpath.UnknownModuleException                        : loaded 2 times (x 81B)
Class org.gradle.internal.service.ServiceLookupException                              : loaded 2 times (x 81B)
Class org.gradle.cache.GlobalCache                                                    : loaded 2 times (x 69B)
Class [Lorg.gradle.api.internal.ClassPathProvider;                                    : loaded 2 times (x 68B)
Class org.gradle.util.internal.GUtil                                                  : loaded 2 times (x 70B)
Class org.gradle.internal.classloader.ClassLoaderSpec                                 : loaded 2 times (x 70B)
Class org.gradle.internal.classloader.VisitableURLClassLoader                         : loaded 2 times (x 116B)
Class org.gradle.internal.Cast                                                        : loaded 2 times (x 70B)
Class org.gradle.api.internal.ClassPathRegistry                                       : loaded 2 times (x 69B)
Class org.gradle.internal.classloader.VisitableURLClassLoader$InstrumentingVisitableURLClassLoader: loaded 2 times (x 122B)
Class org.gradle.internal.classloader.ClassLoaderHierarchy                            : loaded 2 times (x 69B)
Class org.gradle.internal.InternalTransformer                                         : loaded 2 times (x 69B)
Class org.gradle.internal.service.ServiceLocator                                      : loaded 2 times (x 69B)
Class org.gradle.internal.classpath.DefaultClassPath$ImmutableUniqueList              : loaded 2 times (x 160B)
Class org.gradle.internal.classpath.TransformedClassPath                              : loaded 2 times (x 95B)


---------------  S Y S T E M  ---------------

OS:
DISTRIB_ID=Ubuntu
DISTRIB_RELEASE=23.04
DISTRIB_CODENAME=lunar
DISTRIB_DESCRIPTION="Ubuntu 23.04"
uname: Linux 6.2.0-39-generic #40-Ubuntu SMP PREEMPT_DYNAMIC Tue Nov 14 14:18:00 UTC 2023 x86_64
OS uptime: 0 days 1:26 hours
libc: glibc 2.37 NPTL 2.37 
rlimit (soft/hard): STACK 8192k/infinity , CORE 0k/infinity , NPROC 54776/54776 , NOFILE 1048576/1048576 , AS infinity/infinity , CPU infinity/infinity , DATA infinity/infinity , FSIZE infinity/infinity , MEMLOCK 1768584k/1768584k
load average: 2,74 1,21 0,94

/proc/meminfo:
MemTotal:       14148680 kB
MemFree:          328476 kB
MemAvailable:    2009736 kB
Buffers:          103056 kB
Cached:          1702696 kB
SwapCached:         3948 kB
Active:          1931780 kB
Inactive:       10949068 kB
Active(anon):    1088532 kB
Inactive(anon): 10038156 kB
Active(file):     843248 kB
Inactive(file):   910912 kB
Unevictable:          32 kB
Mlocked:              32 kB
SwapTotal:       5858300 kB
SwapFree:        5607164 kB
Zswap:                 0 kB
Zswapped:              0 kB
Dirty:            180752 kB
Writeback:             0 kB
AnonPages:      11072348 kB
Mapped:           621252 kB
Shmem:             51592 kB
KReclaimable:     280116 kB
Slab:             437004 kB
SReclaimable:     280116 kB
SUnreclaim:       156888 kB
KernelStack:       20884 kB
PageTables:        59880 kB
SecPageTables:         0 kB
NFS_Unstable:          0 kB
Bounce:                0 kB
WritebackTmp:          0 kB
CommitLimit:    12932640 kB
Committed_AS:   19789608 kB
VmallocTotal:   34359738367 kB
VmallocUsed:      136212 kB
VmallocChunk:          0 kB
Percpu:            12544 kB
HardwareCorrupted:     0 kB
AnonHugePages:         0 kB
ShmemHugePages:        0 kB
ShmemPmdMapped:        0 kB
FileHugePages:         0 kB
FilePmdMapped:         0 kB
HugePages_Total:       0
HugePages_Free:        0
HugePages_Rsvd:        0
HugePages_Surp:        0
Hugepagesize:       2048 kB
Hugetlb:               0 kB
DirectMap4k:      813508 kB
DirectMap2M:     9521152 kB
DirectMap1G:     4194304 kB

/sys/kernel/mm/transparent_hugepage/enabled: always [madvise] never
/sys/kernel/mm/transparent_hugepage/defrag (defrag/compaction efforts parameter): always defer defer+madvise [madvise] never

Process Memory:
Virtual Size: 9798024K (peak: 9799152K)
Resident Set Size: 247988K (peak: 247988K) (anon: 217524K, file: 30464K, shmem: 0K)
Swapped out: 0K
C-Heap outstanding allocations: 93470K, retained: 20417K
glibc malloc tunables: (default)

/proc/sys/kernel/threads-max (system-wide limit on the number of threads): 109553
/proc/sys/vm/max_map_count (maximum number of memory map areas a process may have): 65530
/proc/sys/kernel/pid_max (system-wide limit on number of process identifiers): 4194304

container (cgroup) information:
container_type: cgroupv2
cpu_cpuset_cpus: not supported
cpu_memory_nodes: not supported
active_processor_count: 12
cpu_quota: not supported
cpu_period: not supported
cpu_shares: not supported
memory_limit_in_bytes: unlimited
memory_and_swap_limit_in_bytes: unlimited
memory_soft_limit_in_bytes: unlimited
memory_usage_in_bytes: 10251592 k
memory_max_usage_in_bytes: not supported
memory_swap_current_in_bytes: 106008 k
memory_swap_max_limit_in_bytes: unlimited
maximum number of tasks: 16432
current number of tasks: 392

Steal ticks since vm start: 0
Steal ticks percentage since vm start:  0,000

CPU: total 16 (initial active 12) (12 cores per cpu, 2 threads per core) family 25 model 80 stepping 0 microcode 0xa50000c, cx8, cmov, fxsr, ht, mmx, 3dnowpref, sse, sse2, sse3, ssse3, sse4a, sse4.1, sse4.2, popcnt, lzcnt, tsc, tscinvbit, avx, avx2, aes, erms, clmul, bmi1, bmi2, adx, sha, fma, vzeroupper, clflush, clflushopt
CPU Model and flags from /proc/cpuinfo:
model name	: AMD Ryzen 5 5600H with Radeon Graphics
flags		: fpu vme de pse tsc msr pae mce cx8 apic sep mtrr pge mca cmov pat pse36 clflush mmx fxsr sse sse2 ht syscall nx mmxext fxsr_opt pdpe1gb rdtscp lm constant_tsc rep_good nopl nonstop_tsc cpuid extd_apicid aperfmperf rapl pni pclmulqdq monitor ssse3 fma cx16 sse4_1 sse4_2 movbe popcnt aes xsave avx f16c rdrand lahf_lm cmp_legacy svm extapic cr8_legacy abm sse4a misalignsse 3dnowprefetch osvw ibs skinit wdt tce topoext perfctr_core perfctr_nb bpext perfctr_llc mwaitx cpb cat_l3 cdp_l3 hw_pstate ssbd mba ibrs ibpb stibp vmmcall fsgsbase bmi1 avx2 smep bmi2 erms invpcid cqm rdt_a rdseed adx smap clflushopt clwb sha_ni xsaveopt xsavec xgetbv1 xsaves cqm_llc cqm_occup_llc cqm_mbm_total cqm_mbm_local clzero irperf xsaveerptr rdpru wbnoinvd cppc arat npt lbrv svm_lock nrip_save tsc_scale vmcb_clean flushbyasid decodeassists pausefilter pfthreshold avic v_vmsave_vmload vgif v_spec_ctrl umip pku ospke vaes vpclmulqdq rdpid overflow_recov succor smca fsrm

Online cpus: 0-11
Offline cpus: 12-15
BIOS frequency limitation: 3300000
Frequency switch latency (ns): 0
Available cpu frequencies: 3300000 1300000 1200000 
Current governor: schedutil
Core performance/turbo boost: 1

Memory: 4k page, physical 14148680k(328476k free), swap 5858300k(5607164k free)
Page Sizes: 4k

vm_info: OpenJDK 64-Bit Server VM (17.0.9+0-17.0.9b1087.7-11185874) for linux-amd64 JRE (17.0.9+0-17.0.9b1087.7-11185874), built on Dec  6 2023 18:35:35 by "androidbuild" with clang Android (8508608, based on r450784e) Clang 14.0.7 (https://android.googlesource.com/toolchain/llvm-project 4c603efb0cca074e9238af8b4106c30add4418f6)

END.
