#
# A fatal error has been detected by the Java Runtime Environment:
#
#  SIGSEGV (0xb) at pc=0x00007f544e5737a4, pid=13345, tid=13350
#
# JRE version: OpenJDK Runtime Environment (17.0.9) (build 17.0.9+0-17.0.9b1087.7-11185874)
# Java VM: OpenJDK 64-Bit Server VM (17.0.9+0-17.0.9b1087.7-11185874, mixed mode, tiered, compressed oops, compressed class ptrs, g1 gc, linux-amd64)
# Problematic frame:
# V  [libjvm.so+0x9737a4]  G1ParScanThreadState::trim_queue_to_threshold(unsigned int)+0x764
#
# Core dump will be written. Default location: Core dumps may be processed with "/usr/share/apport/apport -p%p -s%s -c%c -d%d -P%P -u%u -g%g -- %E" (or dumping to /var/www/html/YkisPAM/core.13345)
#
# If you would like to submit a bug report, please visit:
#   https://bugreport.java.com/bugreport/crash.jsp
#

---------------  S U M M A R Y ------------

Command Line: --add-opens=java.base/java.util=ALL-UNNAMED --add-opens=java.base/java.lang=ALL-UNNAMED --add-opens=java.base/java.lang.invoke=ALL-UNNAMED --add-opens=java.prefs/java.util.prefs=ALL-UNNAMED --add-opens=java.base/java.nio.charset=ALL-UNNAMED --add-opens=java.base/java.net=ALL-UNNAMED --add-opens=java.base/java.util.concurrent.atomic=ALL-UNNAMED -Xmx4608m -Dfile.encoding=UTF-8 -Duser.country=UA -Duser.language=ru -Duser.variant -javaagent:/home/rodion/.gradle/wrapper/dists/gradle-8.4-bin/1w5dpkrfk8irigvoxmyhowfim/gradle-8.4/lib/agents/gradle-instrumentation-agent-8.4.jar org.gradle.launcher.daemon.bootstrap.GradleDaemon 8.4

Host: AMD Ryzen 5 5600H with Radeon Graphics, 16 cores, 13G, Ubuntu 23.04
Time: Mon Jan 15 11:08:58 2024 EET elapsed time: 1.372534 seconds (0d 0h 0m 1s)

---------------  T H R E A D  ---------------

Current thread (0x00007f5448098930):  GCTaskThread "GC Thread#0" [stack: 0x00007f544c520000,0x00007f544c620000] [id=13350]

Stack: [0x00007f544c520000,0x00007f544c620000],  sp=0x00007f544c61ea70,  free space=1018k
Native frames: (J=compiled Java code, j=interpreted, Vv=VM code, C=native code)
V  [libjvm.so+0x9737a4]  G1ParScanThreadState::trim_queue_to_threshold(unsigned int)+0x764
V  [libjvm.so+0x981be8]  G1ScanHRForRegionClosure::scan_memregion(unsigned int, MemRegion)+0x698
V  [libjvm.so+0x9812a6]  G1ScanHRForRegionClosure::scan_heap_roots(HeapRegion*)+0x586
V  [libjvm.so+0x980d03]  G1ScanHRForRegionClosure::do_heap_region(HeapRegion*)+0x53
V  [libjvm.so+0x97efa9]  G1RemSet::scan_heap_roots(G1ParScanThreadState*, unsigned int, G1GCPhaseTimes::GCParPhases, G1GCPhaseTimes::GCParPhases, bool)+0xe9
V  [libjvm.so+0x9370c8]  G1EvacuateRegionsTask::scan_roots(G1ParScanThreadState*, unsigned int)+0x48
V  [libjvm.so+0x936f83]  G1EvacuateRegionsBaseTask::work(unsigned int)+0x83
V  [libjvm.so+0x10bbbec]  GangWorker::run()+0x5c
V  [libjvm.so+0x100dbff]  Thread::call_run()+0xbf
V  [libjvm.so+0xe12ce9]  thread_native_entry(Thread*)+0x119


siginfo: si_signo: 11 (SIGSEGV), si_code: 1 (SEGV_MAPERR), si_addr: 0x0000000661d2eb58

Registers:
RAX=0x0000000000000003, RBX=0x0000000000000001, RCX=0x00007f5448094280, RDX=0x0000000000000000
RSP=0x00007f544c61ea70, RBP=0x00007f544c61eb00, RSI=0x00007f544803a980, RDI=0x0000000000001987
R8 =0x00007f53c8000d70, R9 =0x0000000000000000, R10=0x00007f53c80010f0, R11=0x0000000000000000
R12=0x00000006e146183c, R13=0x0000000661d2eb58, R14=0x0000000000000000, R15=0x00000006e1461818
RIP=0x00007f544e5737a4, EFLAGS=0x0000000000010217, CSGSFS=0x002b000000000033, ERR=0x0000000000000004
  TRAPNO=0x000000000000000e


Register to memory mapping:

RAX=0x0000000000000003 is an unknown value
RBX=0x0000000000000001 is an unknown value
RCX=0x00007f5448094280 points into unknown readable memory: 0x0000000000000000 | 00 00 00 00 00 00 00 00
RDX=0x0 is NULL
RSP=0x00007f544c61ea70 points into unknown readable memory: 0x00007f53c8000d88 | 88 0d 00 c8 53 7f 00 00
RBP=0x00007f544c61eb00 points into unknown readable memory: 0x00007f544c61eb80 | 80 eb 61 4c 54 7f 00 00
RSI=0x00007f544803a980 points into unknown readable memory: 0x00007f544edae020 | 20 e0 da 4e 54 7f 00 00
RDI=0x0000000000001987 is an unknown value
R8 =0x00007f53c8000d70 points into unknown readable memory: 0x00007f544edafe68 | 68 fe da 4e 54 7f 00 00
R9 =0x0 is NULL
R10=0x00007f53c80010f0 points into unknown readable memory: 0x00007f544803a980 | 80 a9 03 48 54 7f 00 00
R11=0x0 is NULL
R12=0x00000006e146183c is pointing into object: java.lang.reflect.Method 
{0x00000006e1461818} - klass: 'java/lang/reflect/Method'
 - ---- fields (total size 11 words):
 - 'override' 'Z' @12  true
 - volatile 'accessCheckCache' 'Ljava/lang/Object;' @16  NULL (0)
 - private volatile transient 'hasRealParameterData' 'Z' @13  false
 - private volatile transient 'parameters' '[Ljava/lang/reflect/Parameter;' @20  NULL (0)
 - private volatile transient 'declaredAnnotations' 'Ljava/util/Map;' @24  NULL (0)
 - private 'slot' 'I' @28  0
 - private synchronized 'modifiers' 'I' @32  0
 - private synchronized 'clazz' 'Ljava/lang/Class;' @36  
[error occurred during error reporting (printing register info), id 0xb, SIGSEGV (0xb) at pc=0x00007f544e64a395]

Top of Stack: (sp=0x00007f544c61ea70)
0x00007f544c61ea70:   00007f53c8000d88 00007f53c8000f68
0x00007f544c61ea80:   00000040c03bc82c 0000000000000001
0x00007f544c61ea90:   0000000000000000 0000000000000001
0x00007f544c61eaa0:   0000000000000003 00007f53c8000ef0
0x00007f544c61eab0:   000000080004a530 00007f54480d7e60
0x00007f544c61eac0:   0000000000000009 0000000000000100
0x00007f544c61ead0:   00007f53c8000d70 00000006e10b6e00
0x00007f544c61eae0:   0000000000000000 00007f5448099400
0x00007f544c61eaf0:   00007f53c8000d70 0000000051127a45
0x00007f544c61eb00:   00007f544c61eb80 00007f544e581be8
0x00007f544c61eb10:   0000000000000005 00007f544edb0178
0x00007f544c61eb20:   0000000000000000 00007f544803a980
0x00007f544c61eb30:   00007f53c8000d70 00007f544c61ecc8
0x00007f544c61eb40:   00000006e10b6a00 0000000000000080
0x00007f544c61eb50:   00007f54480d4650 00007f54351085b7
0x00007f544c61eb60:   00000006e10b6a00 0000000000000037
0x00007f544c61eb70:   00007f544806fdc0 0000000000000002
0x00007f544c61eb80:   00007f544c61ec50 00007f544e5812a6
0x00007f544c61eb90:   0000000000000002 0000000000000010
0x00007f544c61eba0:   0000000000008580 00007f5448039b30
0x00007f544c61ebb0:   00007f5448039b40 00007f5448098bf0
0x00007f544c61ebc0:   0000000000000006 00007f5448039f18
0x00007f544c61ebd0:   00000000000003d8 ffff80abcaef7a7f
0x00007f544c61ebe0:   0000000000000000 0000000000000000
0x00007f544c61ebf0:   00007f5400000000 00007f544ea13939
0x00007f544c61ec00:   00007f544c61ec20 00007f544ec2023b
0x00007f544c61ec10:   0000000000000004 00007f544c61ecc8
0x00007f544c61ec20:   00007f54351085c0 00007f544c61ecc8
0x00007f544c61ec30:   00007f544806fdc0 0000000000000001
0x00007f544c61ec40:   00007f54480d4650 00007f544c61ec68
0x00007f544c61ec50:   00007f544c61ecb0 00007f544e580d03
0x00007f544c61ec60:   00007f544edaf748 00007f53c8000d70 

Instructions: (pc=0x00007f544e5737a4)
0x00007f544e5736a4:   88 c0 01 00 00 4c 89 f2 48 d3 ea 48 8b 80 b0 01
0x00007f544e5736b4:   00 00 48 8b 04 d0 8b 80 c0 00 00 00 d1 e8 83 e0
0x00007f544e5736c4:   01 41 89 80 a0 01 00 00 49 63 80 ec 01 00 00 49
0x00007f544e5736d4:   63 cf 48 01 c8 31 f6 48 8d 15 7f ca 89 00 80 3a
0x00007f544e5736e4:   00 40 0f 94 c6 48 8d 15 70 ca 89 00 80 3a 00 48
0x00007f544e5736f4:   8d 14 b5 0c 00 00 00 49 8d 5c f6 10 0f 84 89 01
0x00007f544e573704:   00 00 48 8d 0c 8b 48 8d 04 83 49 63 14 16 4c 8d
0x00007f544e573714:   34 93 48 39 cb 48 0f 42 d9 49 39 c6 4c 0f 47 f0
0x00007f544e573724:   4c 39 f3 4c 8b 7d a8 0f 83 7f fd ff ff 66 2e 0f
0x00007f544e573734:   1f 84 00 00 00 00 00 0f 1f 44 00 00 4c 89 ff 48
0x00007f544e573744:   89 de e8 a5 3a 00 00 48 83 c3 04 4c 39 f3 72 ec
0x00007f544e573754:   e9 57 fd ff ff 0f 1f 80 00 00 00 00 45 8b 6c 24
0x00007f544e573764:   ff 48 8d 15 04 23 86 00 8b 42 08 89 c1 49 d3 e5
0x00007f544e573774:   48 8b 12 49 01 d5 49 8b 70 08 8a 8e 90 05 00 00
0x00007f544e573784:   4c 89 ef 48 d3 ef 48 8b 8e 80 05 00 00 44 0f b7
0x00007f544e573794:   34 79 66 45 85 f6 0f 88 10 fd ff ff 49 83 c4 ff
0x00007f544e5737a4:   49 8b 5d 00 89 d9 f7 d1 f6 c1 03 0f 85 8d 00 00
0x00007f544e5737b4:   00 89 d9 83 e1 07 48 83 e3 fc 83 f9 05 41 bf 00
0x00007f544e5737c4:   00 00 00 4c 0f 45 fb 48 8d 0d f7 ca 89 00 80 39
0x00007f544e5737d4:   00 4c 0f 44 fb e9 c2 05 00 00 4d 8b 14 24 49 8b
0x00007f544e5737e4:   40 08 8a 88 90 05 00 00 4c 89 d2 48 d3 ea 48 8b
0x00007f544e5737f4:   80 80 05 00 00 0f b7 1c 50 66 85 db 0f 88 aa fc
0x00007f544e573804:   ff ff 4d 8b 3a 44 89 f8 f7 d0 a8 03 0f 85 c3 00
0x00007f544e573814:   00 00 44 89 f8 83 e0 07 49 83 e7 fc 83 f8 05 4d
0x00007f544e573824:   89 fd b8 00 00 00 00 4c 0f 44 e8 48 8d 05 93 ca
0x00007f544e573834:   89 00 80 38 00 4d 0f 44 ef e9 36 0a 00 00 48 89
0x00007f544e573844:   5d c0 48 8d 05 14 c9 89 00 8a 00 84 c0 0f 84 c3
0x00007f544e573854:   00 00 00 41 8b 7d 08 48 8d 15 1e 22 86 00 8a 4a
0x00007f544e573864:   08 48 d3 e7 48 03 3a 44 8b 7f 08 45 85 ff 48 89
0x00007f544e573874:   7d b0 0f 8e b3 00 00 00 41 f6 c7 01 0f 85 ae 00
0x00007f544e573884:   00 00 41 c1 ef 03 e9 24 01 00 00 4c 8d 24 cb 45
0x00007f544e573894:   85 ff 4c 0f 4e e3 41 8b 0c 16 39 c1 0f 4f c8 48 


Stack slot to memory mapping:
stack at sp + 0 slots: 0x00007f53c8000d88 points into unknown readable memory: 0x00007f544edb0070 | 70 00 db 4e 54 7f 00 00
stack at sp + 1 slots: 0x00007f53c8000f68 points into unknown readable memory: 0x0000000000000000 | 00 00 00 00 00 00 00 00
stack at sp + 2 slots: 0x00000040c03bc82c is an unknown value
stack at sp + 3 slots: 0x0000000000000001 is an unknown value
stack at sp + 4 slots: 0x0 is NULL
stack at sp + 5 slots: 0x0000000000000001 is an unknown value
stack at sp + 6 slots: 0x0000000000000003 is an unknown value
stack at sp + 7 slots: 0x00007f53c8000ef0 points into unknown readable memory: 0x00007f544edaff28 | 28 ff da 4e 54 7f 00 00


---------------  P R O C E S S  ---------------

Threads class SMR info:
_java_thread_list=0x00007f53b43bd000, length=24, elements={
0x00007f54480287a0, 0x00007f54481a18f0, 0x00007f54481a2f50, 0x00007f54481d3150,
0x00007f54481d4510, 0x00007f54481d5930, 0x00007f54481c8420, 0x00007f54481c9910,
0x00007f54481cad90, 0x00007f54482704b0, 0x00007f5448375300, 0x00007f54493680f0,
0x00007f54493e98a0, 0x00007f544942e7e0, 0x00007f53c00173f0, 0x00007f53b80015d0,
0x00007f53b8007460, 0x00007f53b8008ad0, 0x00007f53b4009080, 0x00007f53b400c1c0,
0x00007f53b400f1d0, 0x00007f53b41d9710, 0x00007f53b42a27c0, 0x00007f53b43bc0f0
}

Java Threads: ( => current thread )
  0x00007f54480287a0 JavaThread "main" [_thread_blocked, id=13349, stack(0x00007f544db00000,0x00007f544dc00000)]
  0x00007f54481a18f0 JavaThread "Reference Handler" daemon [_thread_blocked, id=13356, stack(0x00007f5428c01000,0x00007f5428d01000)]
  0x00007f54481a2f50 JavaThread "Finalizer" daemon [_thread_blocked, id=13357, stack(0x00007f5428b01000,0x00007f5428c01000)]
  0x00007f54481d3150 JavaThread "Signal Dispatcher" daemon [_thread_blocked, id=13358, stack(0x00007f5428a01000,0x00007f5428b01000)]
  0x00007f54481d4510 JavaThread "Service Thread" daemon [_thread_blocked, id=13359, stack(0x00007f5428300000,0x00007f5428400000)]
  0x00007f54481d5930 JavaThread "Monitor Deflation Thread" daemon [_thread_blocked, id=13360, stack(0x00007f5428200000,0x00007f5428300000)]
  0x00007f54481c8420 JavaThread "C2 CompilerThread0" daemon [_thread_blocked, id=13361, stack(0x00007f5428100000,0x00007f5428200000)]
  0x00007f54481c9910 JavaThread "C1 CompilerThread0" daemon [_thread_blocked, id=13362, stack(0x00007f5428000000,0x00007f5428100000)]
  0x00007f54481cad90 JavaThread "Sweeper thread" daemon [_thread_blocked, id=13363, stack(0x00007f53eff00000,0x00007f53f0000000)]
  0x00007f54482704b0 JavaThread "Common-Cleaner" daemon [_thread_blocked, id=13364, stack(0x00007f53efe00000,0x00007f53eff00000)]
  0x00007f5448375300 JavaThread "Notification Thread" daemon [_thread_blocked, id=13365, stack(0x00007f53efd00000,0x00007f53efe00000)]
  0x00007f54493680f0 JavaThread "Daemon health stats" [_thread_blocked, id=13377, stack(0x00007f53eedff000,0x00007f53eeeff000)]
  0x00007f54493e98a0 JavaThread "Incoming local TCP Connector on port 35307" [_thread_in_native, id=13378, stack(0x00007f53eecff000,0x00007f53eedff000)]
  0x00007f544942e7e0 JavaThread "Daemon periodic checks" [_thread_blocked, id=13379, stack(0x00007f53eebff000,0x00007f53eecff000)]
  0x00007f53c00173f0 JavaThread "Daemon" [_thread_blocked, id=13380, stack(0x00007f53eeaff000,0x00007f53eebff000)]
  0x00007f53b80015d0 JavaThread "Handler for socket connection from /127.0.0.1:35307 to /127.0.0.1:35102" [_thread_in_native, id=13381, stack(0x00007f53ee9ff000,0x00007f53eeaff000)]
  0x00007f53b8007460 JavaThread "Cancel handler" [_thread_blocked, id=13382, stack(0x00007f53ee8ff000,0x00007f53ee9ff000)]
  0x00007f53b8008ad0 JavaThread "Daemon worker" [_thread_blocked, id=13383, stack(0x00007f53ee7ff000,0x00007f53ee8ff000)]
  0x00007f53b4009080 JavaThread "Asynchronous log dispatcher for DefaultDaemonConnection: socket connection from /127.0.0.1:35307 to /127.0.0.1:35102" [_thread_blocked, id=13386, stack(0x00007f53ee6ff000,0x00007f53ee7ff000)]
  0x00007f53b400c1c0 JavaThread "Stdin handler" [_thread_blocked, id=13387, stack(0x00007f53ee5ff000,0x00007f53ee6ff000)]
  0x00007f53b400f1d0 JavaThread "Daemon client event forwarder" [_thread_blocked, id=13388, stack(0x00007f53ee4ff000,0x00007f53ee5ff000)]
  0x00007f53b41d9710 JavaThread "Cache worker for journal cache (/home/rodion/.gradle/caches/journal-1)" [_thread_blocked, id=13396, stack(0x00007f53ed92f000,0x00007f53eda2f000)]
  0x00007f53b42a27c0 JavaThread "File lock request listener" [_thread_in_native, id=13397, stack(0x00007f53edcf8000,0x00007f53eddf8000)]
  0x00007f53b43bc0f0 JavaThread "Cache worker for file hash cache (/home/rodion/.gradle/caches/8.4/fileHashes)" [_thread_blocked, id=13399, stack(0x00007f53edbf8000,0x00007f53edcf8000)]

Other Threads:
  0x00007f5448191c60 VMThread "VM Thread" [stack: 0x00007f5428d02000,0x00007f5428e02000] [id=13355]
  0x00007f5448151830 WatcherThread [stack: 0x00007f53efc00000,0x00007f53efd00000] [id=13366]
=>0x00007f5448098930 GCTaskThread "GC Thread#0" [stack: 0x00007f544c520000,0x00007f544c620000] [id=13350]
  0x00007f5408006540 GCTaskThread "GC Thread#1" [stack: 0x00007f53efaff000,0x00007f53efbff000] [id=13367]
  0x00007f5408006f60 GCTaskThread "GC Thread#2" [stack: 0x00007f53ef700000,0x00007f53ef800000] [id=13368]
  0x00007f5408007d70 GCTaskThread "GC Thread#3" [stack: 0x00007f53ef300000,0x00007f53ef400000] [id=13369]
  0x00007f5408008b80 GCTaskThread "GC Thread#4" [stack: 0x00007f53eef00000,0x00007f53ef000000] [id=13370]
  0x00007f540800a050 GCTaskThread "GC Thread#5" [stack: 0x00007f53ee3ff000,0x00007f53ee4ff000] [id=13389]
  0x00007f540800a8c0 GCTaskThread "GC Thread#6" [stack: 0x00007f53ee2fe000,0x00007f53ee3fe000] [id=13390]
  0x00007f540800b2e0 GCTaskThread "GC Thread#7" [stack: 0x00007f53ee1fd000,0x00007f53ee2fd000] [id=13391]
  0x00007f540800bd00 GCTaskThread "GC Thread#8" [stack: 0x00007f53ee0fc000,0x00007f53ee1fc000] [id=13392]
  0x00007f540800cb50 GCTaskThread "GC Thread#9" [stack: 0x00007f53edffb000,0x00007f53ee0fb000] [id=13393]
  0x00007f54480a2f50 ConcurrentGCThread "G1 Main Marker" [stack: 0x00007f544c41f000,0x00007f544c51f000] [id=13351]
  0x00007f54480a3ec0 ConcurrentGCThread "G1 Conc#0" [stack: 0x00007f544c31e000,0x00007f544c41e000] [id=13352]
  0x00007f541c000eb0 ConcurrentGCThread "G1 Conc#1" [stack: 0x00007f53edefa000,0x00007f53edffa000] [id=13394]
  0x00007f541c001910 ConcurrentGCThread "G1 Conc#2" [stack: 0x00007f53eddf9000,0x00007f53edef9000] [id=13395]
  0x00007f544810ed50 ConcurrentGCThread "G1 Refine#0" [stack: 0x00007f54290fa000,0x00007f54291fa000] [id=13353]
  0x00007f544810fc50 ConcurrentGCThread "G1 Service" [stack: 0x00007f5428ff9000,0x00007f54290f9000] [id=13354]

Threads with active compile tasks:
C2 CompilerThread0     1379 2074       4       java.net.URLClassLoader$1::run (5 bytes)
C1 CompilerThread0     1379 2177       3       java.net.URLConnection::<init> (62 bytes)

VM state: at safepoint (normal execution)

VM Mutex/Monitor currently owned by a thread:  ([mutex/lock_event])
[0x00007f54480253f0] Threads_lock - owner thread: 0x00007f5448191c60
[0x00007f5448025c60] Heap_lock - owner thread: 0x00007f53b8008ad0

Heap address: 0x00000006e0000000, size: 4608 MB, Compressed Oops mode: Zero based, Oop shift amount: 3

CDS archive(s) not mapped
Compressed class space mapped at: 0x0000000800000000-0x0000000840000000, reserved size: 1073741824
Narrow klass base: 0x0000000800000000, Narrow klass shift: 0, Narrow klass range: 0x40000000

GC Precious Log:
 CPUs: 16 total, 12 available
 Memory: 13817M
 Large Page Support: Disabled
 NUMA Support: Disabled
 Compressed Oops: Enabled (Zero based)
 Heap Region Size: 4M
 Heap Min Capacity: 8M
 Heap Initial Capacity: 216M
 Heap Max Capacity: 4608M
 Pre-touch: Disabled
 Parallel Workers: 10
 Concurrent Workers: 3
 Concurrent Refinement Workers: 10
 Periodic GC: Disabled

Heap:
 garbage-first heap   total 81920K, used 24672K [0x00000006e0000000, 0x0000000800000000)
  region size 4096K, 2 young (8192K), 1 survivors (4096K)
 Metaspace       used 27573K, committed 27840K, reserved 1114112K
  class space    used 3646K, committed 3776K, reserved 1048576K

Heap Regions: E=young(eden), S=young(survivor), O=old, HS=humongous(starts), HC=humongous(continues), CS=collection set, F=free, OA=open archive, CA=closed archive, TAMS=top-at-mark-start (previous, next)
|   0|0x00000006e0000000, 0x00000006e0400000, 0x00000006e0400000|100%|HS|  |TAMS 0x00000006e0400000, 0x00000006e0000000| Complete 
|   1|0x00000006e0400000, 0x00000006e0800000, 0x00000006e0800000|100%| O|  |TAMS 0x00000006e0800000, 0x00000006e0400000| Untracked 
|   2|0x00000006e0800000, 0x00000006e0a04000, 0x00000006e0c00000| 50%| O|CS|TAMS 0x00000006e0a04000, 0x00000006e0800000| Complete 
|   3|0x00000006e0c00000, 0x00000006e1000000, 0x00000006e1000000|100%| O|  |TAMS 0x00000006e0c00000, 0x00000006e0c00000| Untracked 
|   4|0x00000006e1000000, 0x00000006e1400000, 0x00000006e1400000|100%| O|  |TAMS 0x00000006e1000000, 0x00000006e1000000| Untracked 
|   5|0x00000006e1400000, 0x00000006e1800000, 0x00000006e1800000|100%| O|  |TAMS 0x00000006e1400000, 0x00000006e1400000| Untracked 
|   6|0x00000006e1800000, 0x00000006e1b36ad8, 0x00000006e1c00000| 80%| O|  |TAMS 0x00000006e1800000, 0x00000006e1800000| Untracked 
|   7|0x00000006e1c00000, 0x00000006e1e7ab00, 0x00000006e2000000| 61%| E|CS|TAMS 0x00000006e1c00000, 0x00000006e1c00000| Complete 
|   8|0x00000006e2000000, 0x00000006e2000000, 0x00000006e2400000|  0%| F|  |TAMS 0x00000006e2000000, 0x00000006e2000000| Untracked 
|   9|0x00000006e2400000, 0x00000006e2400000, 0x00000006e2800000|  0%| F|  |TAMS 0x00000006e2400000, 0x00000006e2400000| Untracked 
|  10|0x00000006e2800000, 0x00000006e2800000, 0x00000006e2c00000|  0%| F|  |TAMS 0x00000006e2800000, 0x00000006e2800000| Untracked 
|  11|0x00000006e2c00000, 0x00000006e2c00000, 0x00000006e3000000|  0%| F|  |TAMS 0x00000006e2c00000, 0x00000006e2c00000| Untracked 
|  12|0x00000006e3000000, 0x00000006e3000000, 0x00000006e3400000|  0%| F|  |TAMS 0x00000006e3000000, 0x00000006e3000000| Untracked 
|  13|0x00000006e3400000, 0x00000006e3400000, 0x00000006e3800000|  0%| F|  |TAMS 0x00000006e3400000, 0x00000006e3400000| Untracked 
|  14|0x00000006e3800000, 0x00000006e3800000, 0x00000006e3c00000|  0%| F|  |TAMS 0x00000006e3800000, 0x00000006e3800000| Untracked 
|  15|0x00000006e3c00000, 0x00000006e3c00000, 0x00000006e4000000|  0%| F|  |TAMS 0x00000006e3c00000, 0x00000006e3c00000| Untracked 
|  16|0x00000006e4000000, 0x00000006e4000000, 0x00000006e4400000|  0%| F|  |TAMS 0x00000006e4000000, 0x00000006e4000000| Untracked 
|  38|0x00000006e9800000, 0x00000006e9800000, 0x00000006e9c00000|  0%| F|  |TAMS 0x00000006e9800000, 0x00000006e9800000| Untracked 
|  39|0x00000006e9c00000, 0x00000006e9c910a8, 0x00000006ea000000| 14%| S|  |TAMS 0x00000006e9c00000, 0x00000006e9c00000| Complete 
|  53|0x00000006ed400000, 0x00000006ed800000, 0x00000006ed800000|100%| E|CS|TAMS 0x00000006ed400000, 0x00000006ed400000| Complete 

Card table byte_map: [0x00007f5435100000,0x00007f5435a00000] _byte_map_base: 0x00007f5431a00000

Marking Bits (Prev, Next): (CMBitMap*) 0x00007f5448099400, (CMBitMap*) 0x00007f54480993c0
 Prev Bits: [0x00007f542b800000, 0x00007f5430000000)
 Next Bits: [0x00007f5430000000, 0x00007f5434800000)

Polling page: 0x00007f544f2ab000

Metaspace:

Usage:
  Non-class:     23,37 MB used.
      Class:      3,56 MB used.
       Both:     26,93 MB used.

Virtual space:
  Non-class space:       64,00 MB reserved,      23,50 MB ( 37%) committed,  1 nodes.
      Class space:        1,00 GB reserved,       3,69 MB ( <1%) committed,  1 nodes.
             Both:        1,06 GB reserved,      27,19 MB (  2%) committed. 

Chunk freelists:
   Non-Class:  8,39 MB
       Class:  12,33 MB
        Both:  20,72 MB

MaxMetaspaceSize: unlimited
CompressedClassSpaceSize: 1,00 GB
Initial GC threshold: 21,00 MB
Current GC threshold: 35,12 MB
CDS: off
MetaspaceReclaimPolicy: balanced
 - commit_granule_bytes: 65536.
 - commit_granule_words: 8192.
 - virtual_space_node_default_size: 8388608.
 - enlarge_chunks_in_place: 1.
 - new_chunks_are_fully_committed: 0.
 - uncommit_free_chunks: 1.
 - use_allocation_guard: 0.
 - handle_deallocations: 1.


Internal statistics:

num_allocs_failed_limit: 3.
num_arena_births: 212.
num_arena_deaths: 0.
num_vsnodes_births: 2.
num_vsnodes_deaths: 0.
num_space_committed: 435.
num_space_uncommitted: 0.
num_chunks_returned_to_freelist: 3.
num_chunks_taken_from_freelist: 857.
num_chunk_merges: 0.
num_chunk_splits: 568.
num_chunks_enlarged: 416.
num_inconsistent_stats: 0.

CodeHeap 'non-profiled nmethods': size=120028Kb used=929Kb max_used=929Kb free=119098Kb
 bounds [0x00007f543d4c9000, 0x00007f543d739000, 0x00007f5444a00000]
CodeHeap 'profiled nmethods': size=120028Kb used=4264Kb max_used=4264Kb free=115763Kb
 bounds [0x00007f5435a00000, 0x00007f5435e30000, 0x00007f543cf37000]
CodeHeap 'non-nmethods': size=5704Kb used=1227Kb max_used=1266Kb free=4476Kb
 bounds [0x00007f543cf37000, 0x00007f543d1a7000, 0x00007f543d4c9000]
 total_blobs=2693 nmethods=2158 adapters=448
 compilation: enabled
              stopped_count=0, restarted_count=0
 full_count=0

Compilation events (20 events):
Event: 1,356 Thread 0x00007f54481c9910 nmethod 2163 0x00007f5435e21190 code [0x00007f5435e21360, 0x00007f5435e216d0]
Event: 1,356 Thread 0x00007f54481c9910 2171   !   3       jdk.internal.loader.AbstractClassLoaderValue::computeIfAbsent (113 bytes)
Event: 1,356 Thread 0x00007f54481c9910 nmethod 2171 0x00007f5435e21810 code [0x00007f5435e21ac0, 0x00007f5435e22940]
Event: 1,356 Thread 0x00007f54481c9910 2169       3       java.lang.reflect.Method::getParameterCount (6 bytes)
Event: 1,356 Thread 0x00007f54481c9910 nmethod 2169 0x00007f5435e22f90 code [0x00007f5435e23120, 0x00007f5435e23230]
Event: 1,356 Thread 0x00007f54481c9910 2166       3       jdk.internal.loader.AbstractClassLoaderValue::extractValue (17 bytes)
Event: 1,356 Thread 0x00007f54481c9910 nmethod 2166 0x00007f5435e23310 code [0x00007f5435e234e0, 0x00007f5435e23880]
Event: 1,356 Thread 0x00007f54481c9910 2170       3       java.util.Collections$EmptySet::iterator (4 bytes)
Event: 1,356 Thread 0x00007f54481c9910 nmethod 2170 0x00007f5435e23990 code [0x00007f5435e23b40, 0x00007f5435e23cb0]
Event: 1,356 Thread 0x00007f54481c9910 2158       3       jdk.internal.org.objectweb.asm.MethodWriter::addSuccessorToCurrentBasicBlock (24 bytes)
Event: 1,357 Thread 0x00007f54481c9910 nmethod 2158 0x00007f5435e23d90 code [0x00007f5435e23f40, 0x00007f5435e242b0]
Event: 1,357 Thread 0x00007f54481c9910 2172       3       sun.reflect.annotation.AnnotationInvocationHandler::invoke (178 bytes)
Event: 1,357 Thread 0x00007f54481c9910 nmethod 2172 0x00007f5435e24410 code [0x00007f5435e24720, 0x00007f5435e25880]
Event: 1,357 Thread 0x00007f54481c9910 2175       3       org.gradle.internal.service.DefaultServiceRegistry::assertValidServiceType (51 bytes)
Event: 1,357 Thread 0x00007f54481c9910 nmethod 2175 0x00007f5435e25d90 code [0x00007f5435e25fa0, 0x00007f5435e264f0]
Event: 1,357 Thread 0x00007f54481c9910 2174       3       java.lang.invoke.VarHandleGuards::guard_LLL_Z (86 bytes)
Event: 1,358 Thread 0x00007f54481c9910 nmethod 2174 0x00007f5435e26710 code [0x00007f5435e26a60, 0x00007f5435e28960]
Event: 1,358 Thread 0x00007f54481c9910 2173       3       org.gradle.internal.service.DefaultServiceRegistry$ParentServices::getService (11 bytes)
Event: 1,358 Thread 0x00007f54481c9910 nmethod 2173 0x00007f5435e29210 code [0x00007f5435e293c0, 0x00007f5435e295a0]
Event: 1,360 Thread 0x00007f54481c9910 2177       3       java.net.URLConnection::<init> (62 bytes)

GC Heap History (9 events):
Event: 0,333 GC heap before
{Heap before GC invocations=0 (full 0):
 garbage-first heap   total 221184K, used 24576K [0x00000006e0000000, 0x0000000800000000)
  region size 4096K, 5 young (20480K), 0 survivors (0K)
 Metaspace       used 9808K, committed 9920K, reserved 1114112K
  class space    used 976K, committed 1024K, reserved 1048576K
}
Event: 0,336 GC heap after
{Heap after GC invocations=1 (full 0):
 garbage-first heap   total 221184K, used 9990K [0x00000006e0000000, 0x0000000800000000)
  region size 4096K, 1 young (4096K), 1 survivors (4096K)
 Metaspace       used 9808K, committed 9920K, reserved 1114112K
  class space    used 976K, committed 1024K, reserved 1048576K
}
Event: 0,468 GC heap before
{Heap before GC invocations=1 (full 0):
 garbage-first heap   total 221184K, used 30470K [0x00000006e0000000, 0x0000000800000000)
  region size 4096K, 6 young (24576K), 1 survivors (4096K)
 Metaspace       used 11419K, committed 11584K, reserved 1114112K
  class space    used 1205K, committed 1280K, reserved 1048576K
}
Event: 0,470 GC heap after
{Heap after GC invocations=2 (full 0):
 garbage-first heap   total 221184K, used 11258K [0x00000006e0000000, 0x0000000800000000)
  region size 4096K, 1 young (4096K), 1 survivors (4096K)
 Metaspace       used 11419K, committed 11584K, reserved 1114112K
  class space    used 1205K, committed 1280K, reserved 1048576K
}
Event: 0,954 GC heap before
{Heap before GC invocations=2 (full 0):
 garbage-first heap   total 221184K, used 60410K [0x00000006e0000000, 0x0000000800000000)
  region size 4096K, 14 young (57344K), 1 survivors (4096K)
 Metaspace       used 21339K, committed 21504K, reserved 1114112K
  class space    used 2544K, committed 2624K, reserved 1048576K
}
Event: 0,958 GC heap after
{Heap after GC invocations=3 (full 0):
 garbage-first heap   total 221184K, used 18323K [0x00000006e0000000, 0x0000000800000000)
  region size 4096K, 2 young (8192K), 2 survivors (8192K)
 Metaspace       used 21339K, committed 21504K, reserved 1114112K
  class space    used 2544K, committed 2624K, reserved 1048576K
}
Event: 1,323 GC heap before
{Heap before GC invocations=4 (full 0):
 garbage-first heap   total 81920K, used 55187K [0x00000006e0000000, 0x0000000800000000)
  region size 4096K, 12 young (49152K), 2 survivors (8192K)
 Metaspace       used 27144K, committed 27456K, reserved 1114112K
  class space    used 3571K, committed 3712K, reserved 1048576K
}
Event: 1,326 GC heap after
{Heap after GC invocations=5 (full 0):
 garbage-first heap   total 81920K, used 20576K [0x00000006e0000000, 0x0000000800000000)
  region size 4096K, 1 young (4096K), 1 survivors (4096K)
 Metaspace       used 27144K, committed 27456K, reserved 1114112K
  class space    used 3571K, committed 3712K, reserved 1048576K
}
Event: 1,360 GC heap before
{Heap before GC invocations=5 (full 0):
 garbage-first heap   total 81920K, used 24672K [0x00000006e0000000, 0x0000000800000000)
  region size 4096K, 2 young (8192K), 1 survivors (4096K)
 Metaspace       used 27573K, committed 27840K, reserved 1114112K
  class space    used 3646K, committed 3776K, reserved 1048576K
}

Dll operation events (13 events):
Event: 0,002 Loaded shared library /home/rodion/.local/share/JetBrains/Toolbox/apps/android-studio-2/jbr/lib/libjava.so
Event: 0,078 Loaded shared library /home/rodion/.local/share/JetBrains/Toolbox/apps/android-studio-2/jbr/lib/libzip.so
Event: 0,079 Loaded shared library /home/rodion/.local/share/JetBrains/Toolbox/apps/android-studio-2/jbr/lib/libinstrument.so
Event: 0,084 Loaded shared library /home/rodion/.local/share/JetBrains/Toolbox/apps/android-studio-2/jbr/lib/libnio.so
Event: 0,090 Loaded shared library /home/rodion/.local/share/JetBrains/Toolbox/apps/android-studio-2/jbr/lib/libzip.so
Event: 0,163 Loaded shared library /home/rodion/.local/share/JetBrains/Toolbox/apps/android-studio-2/jbr/lib/libjimage.so
Event: 0,208 Loaded shared library /home/rodion/.local/share/JetBrains/Toolbox/apps/android-studio-2/jbr/lib/libverify.so
Event: 0,311 Loaded shared library /home/rodion/.local/share/JetBrains/Toolbox/apps/android-studio-2/jbr/lib/libnet.so
Event: 0,313 Loaded shared library /home/rodion/.gradle/native/c067742578af261105cb4f569cf0c3c89f3d7b1fecec35dd04571415982c5e48/linux-amd64/libnative-platform.so
Event: 0,317 Loaded shared library /home/rodion/.gradle/native/38dada09dfb8b06ba9b0570ebf7e218e3eb74d4ef43ca46872605cf95ebc2f47/linux-amd64/libnative-platform-file-events.so
Event: 0,697 Loaded shared library /home/rodion/.local/share/JetBrains/Toolbox/apps/android-studio-2/jbr/lib/libmanagement.so
Event: 0,699 Loaded shared library /home/rodion/.local/share/JetBrains/Toolbox/apps/android-studio-2/jbr/lib/libmanagement_ext.so
Event: 0,788 Loaded shared library /home/rodion/.local/share/JetBrains/Toolbox/apps/android-studio-2/jbr/lib/libextnet.so

Deoptimization events (20 events):
Event: 1,075 Thread 0x00007f53b8008ad0 DEOPT PACKING pc=0x00007f543d525440 sp=0x00007f53ee8fa5d0
Event: 1,075 Thread 0x00007f53b8008ad0 DEOPT UNPACKING pc=0x00007f543cf8d699 sp=0x00007f53ee8fa570 mode 2
Event: 1,105 Thread 0x00007f53b8008ad0 Uncommon trap: trap_request=0xffffff45 fr.pc=0x00007f543d51f554 relative=0x0000000000000594
Event: 1,105 Thread 0x00007f53b8008ad0 Uncommon trap: reason=unstable_if action=reinterpret pc=0x00007f543d51f554 method=java.io.UnixFileSystem.resolve(Ljava/lang/String;Ljava/lang/String;)Ljava/lang/String; @ 4 c2
Event: 1,105 Thread 0x00007f53b8008ad0 DEOPT PACKING pc=0x00007f543d51f554 sp=0x00007f53ee8fb820
Event: 1,105 Thread 0x00007f53b8008ad0 DEOPT UNPACKING pc=0x00007f543cf8d699 sp=0x00007f53ee8fb7d8 mode 2
Event: 1,123 Thread 0x00007f53b8008ad0 DEOPT PACKING pc=0x00007f5435cf9755 sp=0x00007f53ee8f89a0
Event: 1,123 Thread 0x00007f53b8008ad0 DEOPT UNPACKING pc=0x00007f543cf8de2f sp=0x00007f53ee8f7ed0 mode 0
Event: 1,233 Thread 0x00007f53b8008ad0 DEOPT PACKING pc=0x00007f5435cf9755 sp=0x00007f53ee8f73c0
Event: 1,233 Thread 0x00007f53b8008ad0 DEOPT UNPACKING pc=0x00007f543cf8de2f sp=0x00007f53ee8f68f0 mode 0
Event: 1,237 Thread 0x00007f53b8008ad0 DEOPT PACKING pc=0x00007f5435cf9776 sp=0x00007f53ee8fa9a0
Event: 1,237 Thread 0x00007f53b8008ad0 DEOPT UNPACKING pc=0x00007f543cf8de2f sp=0x00007f53ee8f9ed0 mode 0
Event: 1,241 Thread 0x00007f53b8008ad0 DEOPT PACKING pc=0x00007f5435cf9755 sp=0x00007f53ee8f7d90
Event: 1,241 Thread 0x00007f53b8008ad0 DEOPT UNPACKING pc=0x00007f543cf8de2f sp=0x00007f53ee8f72c0 mode 0
Event: 1,281 Thread 0x00007f53b8008ad0 DEOPT PACKING pc=0x00007f5435cf9755 sp=0x00007f53ee8fa6f0
Event: 1,281 Thread 0x00007f53b8008ad0 DEOPT UNPACKING pc=0x00007f543cf8de2f sp=0x00007f53ee8f9c20 mode 0
Event: 1,317 Thread 0x00007f53b8008ad0 Uncommon trap: trap_request=0xffffff45 fr.pc=0x00007f543d5ab4a8 relative=0x00000000000002e8
Event: 1,317 Thread 0x00007f53b8008ad0 Uncommon trap: reason=unstable_if action=reinterpret pc=0x00007f543d5ab4a8 method=java.util.HashMap.getNode(Ljava/lang/Object;)Ljava/util/HashMap$Node; @ 131 c2
Event: 1,317 Thread 0x00007f53b8008ad0 DEOPT PACKING pc=0x00007f543d5ab4a8 sp=0x00007f53ee8f9ab0
Event: 1,317 Thread 0x00007f53b8008ad0 DEOPT UNPACKING pc=0x00007f543cf8d699 sp=0x00007f53ee8f99f0 mode 2

Classes unloaded (0 events):
No events

Classes redefined (0 events):
No events

Internal exceptions (20 events):
Event: 0,961 Thread 0x00007f53b8008ad0 Exception <a 'java/lang/NoSuchMethodError'{0x00000006ed42a690}: 'void java.lang.invoke.DirectMethodHandle$Holder.invokeStaticInit(java.lang.Object, java.lang.Object)'> (0x00000006ed42a690) 
thrown [src/hotspot/share/interpreter/linkResolver.cpp, line 771]
Event: 0,976 Thread 0x00007f53b8008ad0 Exception <a 'java/lang/NoSuchMethodError'{0x00000006ed64d958}: 'java.lang.Object java.lang.invoke.DirectMethodHandle$Holder.newInvokeSpecial(java.lang.Object, java.lang.Object, java.lang.Object, int, java.lang.Object, java.lang.Object)'> (0x00000006ed64d958) 
thrown [src/hotspot/share/interpreter/linkResolver.cpp, line 771]
Event: 0,994 Thread 0x00007f53b8008ad0 Exception <a 'java/lang/NoSuchMethodError'{0x00000006e400b1a0}: 'void java.lang.invoke.DelegatingMethodHandle$Holder.reinvoke_L(java.lang.Object, java.lang.Object, java.lang.Object, java.lang.Object, java.lang.Object, java.lang.Object, java.lang.Object, java.lang.Object, java.lang.Object, java.lang.Object)'> (0x00000006e400b1a0) 
thrown [src/hotspot/share/interpreter/linkResolver.cpp, line 771]
Event: 0,995 Thread 0x00007f53b8008ad0 Exception <a 'java/lang/NoSuchMethodError'{0x00000006e4013750}: 'java.lang.Object java.lang.invoke.DirectMethodHandle$Holder.invokeSpecial(java.lang.Object, java.lang.Object, java.lang.Object, java.lang.Object, java.lang.Object, java.lang.Object, java.lang.Object, java.lang.Object, java.lang.Object, java.lang.Object)'> (0x00000006e4013750) 
thrown [src/hotspot/share/interpreter/linkResolver.cpp, line 771]
Event: 0,995 Thread 0x00007f53b8008ad0 Exception <a 'java/lang/NoSuchMethodError'{0x00000006e4018020}: 'java.lang.Object java.lang.invoke.Invokers$Holder.invoker(java.lang.Object, java.lang.Object, java.lang.Object, java.lang.Object, java.lang.Object, java.lang.Object, java.lang.Object, java.lang.Object, java.lang.Object, java.lang.Object)'> (0x00000006e4018020) 
thrown [src/hotspot/share/interpreter/linkResolver.cpp, line 771]
Event: 0,995 Thread 0x00007f53b8008ad0 Exception <a 'java/lang/NoSuchMethodError'{0x00000006e401dc28}: 'java.lang.Object java.lang.invoke.DirectMethodHandle$Holder.invokeSpecial(java.lang.Object, java.lang.Object, java.lang.Object, java.lang.Object, java.lang.Object, java.lang.Object, java.lang.Object, java.lang.Object, java.lang.Object, java.lang.Object, java.lang.Object)'> (0x00000006e401dc28) 
thrown [src/hotspot/share/interpreter/linkResolver.cpp, line 771]
Event: 1,057 Thread 0x00007f53b8008ad0 Exception <a 'java/lang/NoSuchMethodError'{0x00000006e3df6b70}: 'void java.lang.invoke.DirectMethodHandle$Holder.invokeStaticInit(java.lang.Object)'> (0x00000006e3df6b70) 
thrown [src/hotspot/share/interpreter/linkResolver.cpp, line 771]
Event: 1,064 Thread 0x00007f53b8008ad0 Exception <a 'java/lang/NoSuchMethodError'{0x00000006e3ea9930}: 'java.lang.Object java.lang.invoke.DirectMethodHandle$Holder.newInvokeSpecial(java.lang.Object, java.lang.Object, java.lang.Object, int)'> (0x00000006e3ea9930) 
thrown [src/hotspot/share/interpreter/linkResolver.cpp, line 771]
Event: 1,064 Thread 0x00007f53b8008ad0 Exception <a 'java/lang/NoSuchMethodError'{0x00000006e3eae260}: 'java.lang.Object java.lang.invoke.DirectMethodHandle$Holder.invokeSpecial(java.lang.Object, java.lang.Object, java.lang.Object, java.lang.Object, int)'> (0x00000006e3eae260) 
thrown [src/hotspot/share/interpreter/linkResolver.cpp, line 771]
Event: 1,064 Thread 0x00007f53b8008ad0 Exception <a 'java/lang/NoSuchMethodError'{0x00000006e3eb2378}: 'java.lang.Object java.lang.invoke.Invokers$Holder.linkToTargetMethod(java.lang.Object, java.lang.Object, int, java.lang.Object)'> (0x00000006e3eb2378) 
thrown [src/hotspot/share/interpreter/linkResolver.cpp, line 771]
Event: 1,212 Thread 0x00007f53b8008ad0 Exception <a 'java/lang/NoSuchMethodError'{0x00000006e2f38fa8}: 'int java.lang.invoke.DirectMethodHandle$Holder.invokeSpecialIFC(java.lang.Object, java.lang.Object, java.lang.Object, java.lang.Object)'> (0x00000006e2f38fa8) 
thrown [src/hotspot/share/interpreter/linkResolver.cpp, line 771]
Event: 1,213 Thread 0x00007f53b8008ad0 Exception <a 'java/lang/NoSuchMethodError'{0x00000006e2f482a8}: 'java.lang.Object java.lang.invoke.DirectMethodHandle$Holder.invokeInterface(java.lang.Object, java.lang.Object, java.lang.Object)'> (0x00000006e2f482a8) 
thrown [src/hotspot/share/interpreter/linkResolver.cpp, line 771]
Event: 1,213 Thread 0x00007f53b8008ad0 Exception <a 'java/lang/IncompatibleClassChangeError'{0x00000006e2f4c168}: Found class java.lang.Object, but interface was expected> (0x00000006e2f4c168) 
thrown [src/hotspot/share/interpreter/linkResolver.cpp, line 838]
Event: 1,235 Thread 0x00007f53b8008ad0 Exception <a 'java/lang/NoSuchMethodError'{0x00000006e2974fa8}: 'int java.lang.invoke.DirectMethodHandle$Holder.invokeStatic(java.lang.Object, java.lang.Object, java.lang.Object, java.lang.Object)'> (0x00000006e2974fa8) 
thrown [src/hotspot/share/interpreter/linkResolver.cpp, line 771]
Event: 1,235 Thread 0x00007f53b8008ad0 Exception <a 'java/lang/NoSuchMethodError'{0x00000006e2978bd0}: 'java.lang.Object java.lang.invoke.Invokers$Holder.invokeExact_MT(java.lang.Object, java.lang.Object, java.lang.Object, java.lang.Object, java.lang.Object, java.lang.Object)'> (0x00000006e2978bd0) 
thrown [src/hotspot/share/interpreter/linkResolver.cpp, line 771]
Event: 1,269 Thread 0x00007f53b8008ad0 Exception <a 'java/lang/NoSuchMethodError'{0x00000006e2554000}: 'java.lang.Object java.lang.invoke.DirectMethodHandle$Holder.invokeSpecial(java.lang.Object, java.lang.Object, java.lang.Object, java.lang.Object, java.lang.Object, java.lang.Object, java.lang.Object, java.lang.Object, java.lang.Object)'> (0x00000006e2554000) 
thrown [src/hotspot/share/interpreter/linkResolver.cpp, line 771]
Event: 1,310 Thread 0x00007f53b8008ad0 Exception <a 'java/lang/NoSuchMethodError'{0x00000006e22b85d8}: 'java.lang.Object java.lang.invoke.DirectMethodHandle$Holder.invokeVirtual(java.lang.Object, java.lang.Object, java.lang.Object, java.lang.Object)'> (0x00000006e22b85d8) 
thrown [src/hotspot/share/interpreter/linkResolver.cpp, line 771]
Event: 1,323 Thread 0x00007f53b8008ad0 Exception <a 'java/lang/NoSuchMethodError'{0x00000006e23feef0}: 'java.lang.Object java.lang.invoke.DirectMethodHandle$Holder.newInvokeSpecial(java.lang.Object, java.lang.Object, java.lang.Object, java.lang.Object, java.lang.Object, java.lang.Object, java.lang.Object)'> (0x00000006e23feef0) 
thrown [src/hotspot/share/interpreter/linkResolver.cpp, line 771]
Event: 1,326 Thread 0x00007f53b8008ad0 Exception <a 'java/lang/NoSuchMethodError'{0x00000006ed404068}: 'java.lang.Object java.lang.invoke.Invokers$Holder.linkToTargetMethod(java.lang.Object, java.lang.Object, java.lang.Object, java.lang.Object, java.lang.Object, java.lang.Object, java.lang.Object)'> (0x00000006ed404068) 
thrown [src/hotspot/share/interpreter/linkResolver.cpp, line 771]
Event: 1,338 Thread 0x00007f53b8008ad0 Exception <a 'java/lang/NoSuchMethodError'{0x00000006ed560988}: 'java.lang.Object java.lang.invoke.DirectMethodHandle$Holder.invokeVirtual(java.lang.Object, java.lang.Object, java.lang.Object, java.lang.Object, java.lang.Object, java.lang.Object, java.lang.Object, java.lang.Object, java.lang.Object, java.lang.Object, java.lang.Object, java.lang.Object, java.lang.Object, java.lang.Object, java.lang.Object, java.lang.Object, java.lang.Object, java.lang.Object, java.lang.Object, java.lang.Object, java.lang.Ob

VM Operations (20 events):
Event: 0,707 Executing VM operation: HandshakeAllThreads done
Event: 0,741 Executing VM operation: HandshakeAllThreads
Event: 0,741 Executing VM operation: HandshakeAllThreads done
Event: 0,769 Executing VM operation: HandshakeAllThreads
Event: 0,769 Executing VM operation: HandshakeAllThreads done
Event: 0,954 Executing VM operation: CollectForMetadataAllocation
Event: 0,958 Executing VM operation: CollectForMetadataAllocation done
Event: 0,961 Executing VM operation: G1PauseRemark
Event: 0,962 Executing VM operation: G1PauseRemark done
Event: 0,962 Executing VM operation: G1PauseCleanup
Event: 0,965 Executing VM operation: G1PauseCleanup done
Event: 0,982 Executing VM operation: HandshakeAllThreads
Event: 0,982 Executing VM operation: HandshakeAllThreads done
Event: 1,120 Executing VM operation: HandshakeAllThreads
Event: 1,120 Executing VM operation: HandshakeAllThreads done
Event: 1,120 Executing VM operation: HandshakeAllThreads
Event: 1,120 Executing VM operation: HandshakeAllThreads done
Event: 1,323 Executing VM operation: G1CollectForAllocation
Event: 1,326 Executing VM operation: G1CollectForAllocation done
Event: 1,360 Executing VM operation: G1CollectForAllocation

Events (20 events):
Event: 1,228 loading class java/io/ObjectOutputStream
Event: 1,228 loading class java/io/ObjectOutput
Event: 1,228 loading class java/io/ObjectOutput done
Event: 1,228 loading class java/io/ObjectStreamConstants
Event: 1,228 loading class java/io/ObjectStreamConstants done
Event: 1,228 loading class java/io/ObjectOutputStream done
Event: 1,229 loading class java/io/ObjectInputStream
Event: 1,229 loading class java/io/ObjectInput
Event: 1,229 loading class java/io/ObjectInput done
Event: 1,229 loading class java/io/ObjectInputStream done
Event: 1,296 loading class javax/xml/parsers/ParserConfigurationException
Event: 1,296 loading class javax/xml/parsers/ParserConfigurationException done
Event: 1,296 loading class org/xml/sax/SAXException
Event: 1,296 loading class org/xml/sax/SAXException done
Event: 1,296 loading class javax/xml/xpath/XPathExpressionException
Event: 1,296 loading class javax/xml/xpath/XPathException
Event: 1,296 loading class javax/xml/xpath/XPathException done
Event: 1,296 loading class javax/xml/xpath/XPathExpressionException done
Event: 1,296 loading class org/xml/sax/ErrorHandler
Event: 1,296 loading class org/xml/sax/ErrorHandler done


Dynamic libraries:
00200000-00201000 r--p 00000000 103:04 3162972                           /home/rodion/.local/share/JetBrains/Toolbox/apps/android-studio-2/jbr/bin/java
00201000-00202000 r-xp 00000000 103:04 3162972                           /home/rodion/.local/share/JetBrains/Toolbox/apps/android-studio-2/jbr/bin/java
00202000-00203000 r--p 00000000 103:04 3162972                           /home/rodion/.local/share/JetBrains/Toolbox/apps/android-studio-2/jbr/bin/java
00203000-00204000 rw-p 00000000 103:04 3162972                           /home/rodion/.local/share/JetBrains/Toolbox/apps/android-studio-2/jbr/bin/java
00cdc000-00d24000 rw-p 00000000 00:00 0                                  [heap]
6e0000000-6e4400000 rw-p 00000000 00:00 0 
6e4400000-6e9800000 ---p 00000000 00:00 0 
6e9800000-6ea000000 rw-p 00000000 00:00 0 
6ea000000-6ed400000 ---p 00000000 00:00 0 
6ed400000-6ed800000 rw-p 00000000 00:00 0 
6ed800000-800000000 ---p 00000000 00:00 0 
800000000-800010000 rw-p 00000000 00:00 0 
800010000-800030000 rw-p 00000000 00:00 0 
800030000-8000b0000 rw-p 00000000 00:00 0 
8000b0000-800130000 rw-p 00000000 00:00 0 
800130000-8001b0000 rw-p 00000000 00:00 0 
8001b0000-8001f0000 rw-p 00000000 00:00 0 
8001f0000-8003b0000 rw-p 00000000 00:00 0 
8003b0000-840000000 ---p 00000000 00:00 0 
7f5378000000-7f5378021000 rw-p 00000000 00:00 0 
7f5378021000-7f537c000000 ---p 00000000 00:00 0 
7f5380000000-7f5380021000 rw-p 00000000 00:00 0 
7f5380021000-7f5384000000 ---p 00000000 00:00 0 
7f5384000000-7f5384021000 rw-p 00000000 00:00 0 
7f5384021000-7f5388000000 ---p 00000000 00:00 0 
7f5388000000-7f5388021000 rw-p 00000000 00:00 0 
7f5388021000-7f538c000000 ---p 00000000 00:00 0 
7f538c000000-7f538c021000 rw-p 00000000 00:00 0 
7f538c021000-7f5390000000 ---p 00000000 00:00 0 
7f5390000000-7f5390021000 rw-p 00000000 00:00 0 
7f5390021000-7f5394000000 ---p 00000000 00:00 0 
7f5394000000-7f5394021000 rw-p 00000000 00:00 0 
7f5394021000-7f5398000000 ---p 00000000 00:00 0 
7f5398000000-7f5398021000 rw-p 00000000 00:00 0 
7f5398021000-7f539c000000 ---p 00000000 00:00 0 
7f539c000000-7f539c021000 rw-p 00000000 00:00 0 
7f539c021000-7f53a0000000 ---p 00000000 00:00 0 
7f53a0000000-7f53a0021000 rw-p 00000000 00:00 0 
7f53a0021000-7f53a4000000 ---p 00000000 00:00 0 
7f53a4000000-7f53a4021000 rw-p 00000000 00:00 0 
7f53a4021000-7f53a8000000 ---p 00000000 00:00 0 
7f53a8000000-7f53a8021000 rw-p 00000000 00:00 0 
7f53a8021000-7f53ac000000 ---p 00000000 00:00 0 
7f53ac000000-7f53ac021000 rw-p 00000000 00:00 0 
7f53ac021000-7f53b0000000 ---p 00000000 00:00 0 
7f53b0000000-7f53b0021000 rw-p 00000000 00:00 0 
7f53b0021000-7f53b4000000 ---p 00000000 00:00 0 
7f53b4000000-7f53b4516000 rw-p 00000000 00:00 0 
7f53b4516000-7f53b8000000 ---p 00000000 00:00 0 
7f53b8000000-7f53b8021000 rw-p 00000000 00:00 0 
7f53b8021000-7f53bc000000 ---p 00000000 00:00 0 
7f53bc000000-7f53bc022000 rw-p 00000000 00:00 0 
7f53bc022000-7f53c0000000 ---p 00000000 00:00 0 
7f53c0000000-7f53c0055000 rw-p 00000000 00:00 0 
7f53c0055000-7f53c4000000 ---p 00000000 00:00 0 
7f53c4000000-7f53c4021000 rw-p 00000000 00:00 0 
7f53c4021000-7f53c8000000 ---p 00000000 00:00 0 
7f53c8000000-7f53c8021000 rw-p 00000000 00:00 0 
7f53c8021000-7f53cc000000 ---p 00000000 00:00 0 
7f53cc000000-7f53cc023000 rw-p 00000000 00:00 0 
7f53cc023000-7f53d0000000 ---p 00000000 00:00 0 
7f53d0000000-7f53d0a8f000 rw-p 00000000 00:00 0 
7f53d0000000-7f53d0a90000 rw-p 00000000 00:00 0 
7f53d0a90000-7f53d4000000 ---p 00000000 00:00 0 
7f53d4000000-7f53d4021000 rw-p 00000000 00:00 0 
7f53d4021000-7f53d8000000 ---p 00000000 00:00 0 
7f53d8000000-7f53d8021000 rw-p 00000000 00:00 0 
7f53d8021000-7f53dc000000 ---p 00000000 00:00 0 
7f53dc000000-7f53dc021000 rw-p 00000000 00:00 0 
7f53dc021000-7f53e0000000 ---p 00000000 00:00 0 
7f53e0000000-7f53e0021000 rw-p 00000000 00:00 0 
7f53e0021000-7f53e4000000 ---p 00000000 00:00 0 
7f53e4000000-7f53e4021000 rw-p 00000000 00:00 0 
7f53e4021000-7f53e8000000 ---p 00000000 00:00 0 
7f53e8000000-7f53e8021000 rw-p 00000000 00:00 0 
7f53e8021000-7f53ec000000 ---p 00000000 00:00 0 
7f53ed692000-7f53ed92f000 rw-p 00000000 00:00 0 
7f53ed92f000-7f53ed933000 ---p 00000000 00:00 0 
7f53ed933000-7f53eda2f000 rw-p 00000000 00:00 0 
7f53edbf8000-7f53edbfc000 ---p 00000000 00:00 0 
7f53edbfc000-7f53edcf8000 rw-p 00000000 00:00 0 
7f53edcf8000-7f53edcfc000 ---p 00000000 00:00 0 
7f53edcfc000-7f53eddf8000 rw-p 00000000 00:00 0 
7f53eddf8000-7f53eddf9000 ---p 00000000 00:00 0 
7f53eddf9000-7f53edef9000 rw-p 00000000 00:00 0 
7f53edef9000-7f53edefa000 ---p 00000000 00:00 0 
7f53edefa000-7f53edffa000 rw-p 00000000 00:00 0 
7f53edffa000-7f53edffb000 ---p 00000000 00:00 0 
7f53edffb000-7f53ee0fb000 rw-p 00000000 00:00 0 
7f53ee0fb000-7f53ee0fc000 ---p 00000000 00:00 0 
7f53ee0fc000-7f53ee1fc000 rw-p 00000000 00:00 0 
7f53ee1fc000-7f53ee1fd000 ---p 00000000 00:00 0 
7f53ee1fd000-7f53ee2fd000 rw-p 00000000 00:00 0 
7f53ee2fd000-7f53ee2fe000 ---p 00000000 00:00 0 
7f53ee2fe000-7f53ee3fe000 rw-p 00000000 00:00 0 
7f53ee3fe000-7f53ee3ff000 ---p 00000000 00:00 0 
7f53ee3ff000-7f53ee4ff000 rw-p 00000000 00:00 0 
7f53ee4ff000-7f53ee503000 ---p 00000000 00:00 0 
7f53ee503000-7f53ee5ff000 rw-p 00000000 00:00 0 
7f53ee5ff000-7f53ee603000 ---p 00000000 00:00 0 
7f53ee603000-7f53ee6ff000 rw-p 00000000 00:00 0 
7f53ee6ff000-7f53ee703000 ---p 00000000 00:00 0 
7f53ee703000-7f53ee7ff000 rw-p 00000000 00:00 0 
7f53ee7ff000-7f53ee803000 ---p 00000000 00:00 0 
7f53ee803000-7f53ee8ff000 rw-p 00000000 00:00 0 
7f53ee8ff000-7f53ee903000 ---p 00000000 00:00 0 
7f53ee903000-7f53ee9ff000 rw-p 00000000 00:00 0 
7f53ee9ff000-7f53eea03000 ---p 00000000 00:00 0 
7f53eea03000-7f53eeaff000 rw-p 00000000 00:00 0 
7f53eeaff000-7f53eeb03000 ---p 00000000 00:00 0 
7f53eeb03000-7f53eebff000 rw-p 00000000 00:00 0 
7f53eebff000-7f53eec03000 ---p 00000000 00:00 0 
7f53eec03000-7f53eecff000 rw-p 00000000 00:00 0 
7f53eecff000-7f53eed03000 ---p 00000000 00:00 0 
7f53eed03000-7f53eedff000 rw-p 00000000 00:00 0 
7f53eedff000-7f53eee03000 ---p 00000000 00:00 0 
7f53eee03000-7f53eeeff000 rw-p 00000000 00:00 0 
7f53eeeff000-7f53eef00000 ---p 00000000 00:00 0 
7f53eef00000-7f53ef000000 rw-p 00000000 00:00 0 
7f53ef000000-7f53ef09c000 r--p 00000000 103:04 1968521                   /usr/lib/x86_64-linux-gnu/libstdc++.so.6.0.32
7f53ef09c000-7f53ef1cd000 r-xp 0009c000 103:04 1968521                   /usr/lib/x86_64-linux-gnu/libstdc++.so.6.0.32
7f53ef1cd000-7f53ef25a000 r--p 001cd000 103:04 1968521                   /usr/lib/x86_64-linux-gnu/libstdc++.so.6.0.32
7f53ef25a000-7f53ef265000 r--p 0025a000 103:04 1968521                   /usr/lib/x86_64-linux-gnu/libstdc++.so.6.0.32
7f53ef265000-7f53ef268000 rw-p 00265000 103:04 1968521                   /usr/lib/x86_64-linux-gnu/libstdc++.so.6.0.32
7f53ef268000-7f53ef26c000 rw-p 00000000 00:00 0 
7f53ef2ff000-7f53ef300000 ---p 00000000 00:00 0 
7f53ef300000-7f53ef400000 rw-p 00000000 00:00 0 
7f53ef400000-7f53ef453000 r-xp 00000000 103:04 2789371                   /home/rodion/.gradle/native/38dada09dfb8b06ba9b0570ebf7e218e3eb74d4ef43ca46872605cf95ebc2f47/linux-amd64/libnative-platform-file-events.so
7f53ef453000-7f53ef652000 ---p 00053000 103:04 2789371                   /home/rodion/.gradle/native/38dada09dfb8b06ba9b0570ebf7e218e3eb74d4ef43ca46872605cf95ebc2f47/linux-amd64/libnative-platform-file-events.so
7f53ef652000-7f53ef653000 r--p 00052000 103:04 2789371                   /home/rodion/.gradle/native/38dada09dfb8b06ba9b0570ebf7e218e3eb74d4ef43ca46872605cf95ebc2f47/linux-amd64/libnative-platform-file-events.so
7f53ef653000-7f53ef655000 rw-p 00053000 103:04 2789371                   /home/rodion/.gradle/native/38dada09dfb8b06ba9b0570ebf7e218e3eb74d4ef43ca46872605cf95ebc2f47/linux-amd64/libnative-platform-file-events.so
7f53ef6ff000-7f53ef700000 ---p 00000000 00:00 0 
7f53ef700000-7f53ef800000 rw-p 00000000 00:00 0 
7f53ef800000-7f53ef805000 r-xp 00000000 103:04 2787315                   /home/rodion/.gradle/native/c067742578af261105cb4f569cf0c3c89f3d7b1fecec35dd04571415982c5e48/linux-amd64/libnative-platform.so
7f53ef805000-7f53efa05000 ---p 00005000 103:04 2787315                   /home/rodion/.gradle/native/c067742578af261105cb4f569cf0c3c89f3d7b1fecec35dd04571415982c5e48/linux-amd64/libnative-platform.so
7f53efa05000-7f53efa06000 r--p 00005000 103:04 2787315                   /home/rodion/.gradle/native/c067742578af261105cb4f569cf0c3c89f3d7b1fecec35dd04571415982c5e48/linux-amd64/libnative-platform.so
7f53efa06000-7f53efa07000 rw-p 00006000 103:04 2787315                   /home/rodion/.gradle/native/c067742578af261105cb4f569cf0c3c89f3d7b1fecec35dd04571415982c5e48/linux-amd64/libnative-platform.so
7f53efafe000-7f53efaff000 ---p 00000000 00:00 0 
7f53efaff000-7f53efbff000 rw-p 00000000 00:00 0 
7f53efbff000-7f53efc00000 ---p 00000000 00:00 0 
7f53efc00000-7f53efd00000 rw-p 00000000 00:00 0 
7f53efd00000-7f53efd04000 ---p 00000000 00:00 0 
7f53efd04000-7f53efe00000 rw-p 00000000 00:00 0 
7f53efe00000-7f53efe04000 ---p 00000000 00:00 0 
7f53efe04000-7f53eff00000 rw-p 00000000 00:00 0 
7f53eff00000-7f53eff04000 ---p 00000000 00:00 0 
7f53eff04000-7f53f0f2d000 rw-p 00000000 00:00 0 
7f53f0f2d000-7f53f4000000 ---p 00000000 00:00 0 
7f53f4000000-7f53f460c000 rw-p 00000000 00:00 0 
7f53f460c000-7f53f8000000 ---p 00000000 00:00 0 
7f53f8000000-7f53f8021000 rw-p 00000000 00:00 0 
7f53f8021000-7f53fc000000 ---p 00000000 00:00 0 
7f53fc000000-7f53fc021000 rw-p 00000000 00:00 0 
7f53fc021000-7f5400000000 ---p 00000000 00:00 0 
7f5400000000-7f5400021000 rw-p 00000000 00:00 0 
7f5400021000-7f5404000000 ---p 00000000 00:00 0 
7f5404000000-7f5404021000 rw-p 00000000 00:00 0 
7f5404021000-7f5408000000 ---p 00000000 00:00 0 
7f5408000000-7f5408021000 rw-p 00000000 00:00 0 
7f5408021000-7f540c000000 ---p 00000000 00:00 0 
7f540c000000-7f540c021000 rw-p 00000000 00:00 0 
7f540c021000-7f5410000000 ---p 00000000 00:00 0 
7f5410000000-7f54104f0000 rw-p 00000000 00:00 0 
7f54104f0000-7f5410530000 rw-p 00000000 00:00 0 
7f5410530000-7f5410570000 rw-p 00000000 00:00 0 
7f5410570000-7f54106f0000 rw-p 00000000 00:00 0 
7f54106f0000-7f5410770000 rw-p 00000000 00:00 0 
7f5410770000-7f54107f0000 rw-p 00000000 00:00 0 
7f54107f0000-7f54108f0000 rw-p 00000000 00:00 0 
7f54108f0000-7f54109f0000 rw-p 00000000 00:00 0 
7f54109f0000-7f5410af0000 rw-p 00000000 00:00 0 
7f5410af0000-7f5410bf0000 rw-p 00000000 00:00 0 
7f5410bf0000-7f5410cf0000 rw-p 00000000 00:00 0 
7f5410cf0000-7f5410e70000 rw-p 00000000 00:00 0 
7f5410e70000-7f5410ef0000 rw-p 00000000 00:00 0 
7f5410ef0000-7f54110f0000 rw-p 00000000 00:00 0 
7f54110f0000-7f54111e0000 rw-p 00000000 00:00 0 
7f54111e0000-7f5411200000 ---p 00000000 00:00 0 
7f5411200000-7f54117a0000 rw-p 00000000 00:00 0 
7f54117a0000-7f5414000000 ---p 00000000 00:00 0 
7f5414000000-7f5414021000 rw-p 00000000 00:00 0 
7f5414021000-7f5418000000 ---p 00000000 00:00 0 
7f5418000000-7f5418021000 rw-p 00000000 00:00 0 
7f5418021000-7f541c000000 ---p 00000000 00:00 0 
7f541c000000-7f541c021000 rw-p 00000000 00:00 0 
7f541c021000-7f5420000000 ---p 00000000 00:00 0 
7f5420000000-7f5420021000 rw-p 00000000 00:00 0 
7f5420021000-7f5424000000 ---p 00000000 00:00 0 
7f5424000000-7f54241ae000 rw-p 00000000 00:00 0 
7f54241ae000-7f5428000000 ---p 00000000 00:00 0 
7f5428000000-7f5428004000 ---p 00000000 00:00 0 
7f5428004000-7f5428100000 rw-p 00000000 00:00 0 
7f5428100000-7f5428104000 ---p 00000000 00:00 0 
7f5428104000-7f5428200000 rw-p 00000000 00:00 0 
7f5428200000-7f5428204000 ---p 00000000 00:00 0 
7f5428204000-7f5428300000 rw-p 00000000 00:00 0 
7f5428300000-7f5428304000 ---p 00000000 00:00 0 
7f5428304000-7f5428400000 rw-p 00000000 00:00 0 
7f5428400000-7f5428975000 r--p 00000000 103:04 1995264                   /usr/lib/locale/locale-archive
7f54289c7000-7f54289ca000 r--p 00000000 103:04 1968519                   /usr/lib/x86_64-linux-gnu/libgcc_s.so.1
7f54289ca000-7f54289e5000 r-xp 00003000 103:04 1968519                   /usr/lib/x86_64-linux-gnu/libgcc_s.so.1
7f54289e5000-7f54289e9000 r--p 0001e000 103:04 1968519                   /usr/lib/x86_64-linux-gnu/libgcc_s.so.1
7f54289e9000-7f54289ea000 r--p 00021000 103:04 1968519                   /usr/lib/x86_64-linux-gnu/libgcc_s.so.1
7f54289ea000-7f54289eb000 rw-p 00022000 103:04 1968519                   /usr/lib/x86_64-linux-gnu/libgcc_s.so.1
7f54289fa000-7f5428a01000 r--s 00000000 103:04 1968884                   /usr/lib/x86_64-linux-gnu/gconv/gconv-modules.cache
7f5428a01000-7f5428a05000 ---p 00000000 00:00 0 
7f5428a05000-7f5428b01000 rw-p 00000000 00:00 0 
7f5428b01000-7f5428b05000 ---p 00000000 00:00 0 
7f5428b05000-7f5428c01000 rw-p 00000000 00:00 0 
7f5428c01000-7f5428c05000 ---p 00000000 00:00 0 
7f5428c05000-7f5428d01000 rw-p 00000000 00:00 0 
7f5428d01000-7f5428d02000 ---p 00000000 00:00 0 
7f5428d02000-7f5428e02000 rw-p 00000000 00:00 0 
7f5428f1c000-7f5428ff8000 rw-p 00000000 00:00 0 
7f5428ff8000-7f5428ff9000 ---p 00000000 00:00 0 
7f5428ff9000-7f54290f9000 rw-p 00000000 00:00 0 
7f54290f9000-7f54290fa000 ---p 00000000 00:00 0 
7f54290fa000-7f542b910000 rw-p 00000000 00:00 0 
7f542b910000-7f542ba60000 ---p 00000000 00:00 0 
7f542ba60000-7f542ba80000 rw-p 00000000 00:00 0 
7f542ba80000-7f542bb50000 ---p 00000000 00:00 0 
7f542bb50000-7f542bb60000 rw-p 00000000 00:00 0 
7f542bb60000-7f5430000000 ---p 00000000 00:00 0 
7f5430000000-7f5430110000 rw-p 00000000 00:00 0 
7f5430110000-7f5430260000 ---p 00000000 00:00 0 
7f5430260000-7f5430280000 rw-p 00000000 00:00 0 
7f5430280000-7f5430350000 ---p 00000000 00:00 0 
7f5430350000-7f5430360000 rw-p 00000000 00:00 0 
7f5430360000-7f5434800000 ---p 00000000 00:00 0 
7f5434800000-7f5434822000 rw-p 00000000 00:00 0 
7f5434822000-7f543484c000 ---p 00000000 00:00 0 
7f543484c000-7f5434850000 rw-p 00000000 00:00 0 
7f5434850000-7f543486a000 ---p 00000000 00:00 0 
7f543486a000-7f543486c000 rw-p 00000000 00:00 0 
7f543486c000-7f5435100000 ---p 00000000 00:00 0 
7f5435100000-7f5435122000 rw-p 00000000 00:00 0 
7f5435122000-7f543514c000 ---p 00000000 00:00 0 
7f543514c000-7f5435150000 rw-p 00000000 00:00 0 
7f5435150000-7f543516a000 ---p 00000000 00:00 0 
7f543516a000-7f543516c000 rw-p 00000000 00:00 0 
7f543516c000-7f5435a00000 ---p 00000000 00:00 0 
7f5435a00000-7f5435e30000 rwxp 00000000 00:00 0 
7f5435e30000-7f543cf37000 ---p 00000000 00:00 0 
7f543cf37000-7f543d1a7000 rwxp 00000000 00:00 0 
7f543d1a7000-7f543d4c9000 ---p 00000000 00:00 0 
7f543d4c9000-7f543d739000 rwxp 00000000 00:00 0 
7f543d739000-7f5444a00000 ---p 00000000 00:00 0 
7f5444a00000-7f5447ee6000 r--s 00000000 103:04 3162885                   /home/rodion/.local/share/JetBrains/Toolbox/apps/android-studio-2/jbr/lib/modules
7f5447ee6000-7f5447ee9000 r--p 00000000 103:04 3162931                   /home/rodion/.local/share/JetBrains/Toolbox/apps/android-studio-2/jbr/lib/libmanagement_ext.so
7f5447ee9000-7f5447eec000 r-xp 00002000 103:04 3162931                   /home/rodion/.local/share/JetBrains/Toolbox/apps/android-studio-2/jbr/lib/libmanagement_ext.so
7f5447eec000-7f5447eed000 r--p 00004000 103:04 3162931                   /home/rodion/.local/share/JetBrains/Toolbox/apps/android-studio-2/jbr/lib/libmanagement_ext.so
7f5447eed000-7f5447eee000 rw-p 00004000 103:04 3162931                   /home/rodion/.local/share/JetBrains/Toolbox/apps/android-studio-2/jbr/lib/libmanagement_ext.so
7f5447eee000-7f5447ef4000 r--p 00000000 103:04 3162922                   /home/rodion/.local/share/JetBrains/Toolbox/apps/android-studio-2/jbr/lib/libverify.so
7f5447ef4000-7f5447efc000 r-xp 00005000 103:04 3162922                   /home/rodion/.local/share/JetBrains/Toolbox/apps/android-studio-2/jbr/lib/libverify.so
7f5447efc000-7f5447efe000 r--p 0000c000 103:04 3162922                   /home/rodion/.local/share/JetBrains/Toolbox/apps/android-studio-2/jbr/lib/libverify.so
7f5447efe000-7f5447eff000 rw-p 0000d000 103:04 3162922                   /home/rodion/.local/share/JetBrains/Toolbox/apps/android-studio-2/jbr/lib/libverify.so
7f5447eff000-7f5449447000 rw-p 00000000 00:00 0 
7f5449447000-7f544c000000 ---p 00000000 00:00 0 
7f544c003000-7f544c00a000 r--p 00000000 103:04 3162897                   /home/rodion/.local/share/JetBrains/Toolbox/apps/android-studio-2/jbr/lib/libnet.so
7f544c00a000-7f544c017000 r-xp 00006000 103:04 3162897                   /home/rodion/.local/share/JetBrains/Toolbox/apps/android-studio-2/jbr/lib/libnet.so
7f544c017000-7f544c018000 r--p 00012000 103:04 3162897                   /home/rodion/.local/share/JetBrains/Toolbox/apps/android-studio-2/jbr/lib/libnet.so
7f544c018000-7f544c01a000 rw-p 00012000 103:04 3162897                   /home/rodion/.local/share/JetBrains/Toolbox/apps/android-studio-2/jbr/lib/libnet.so
7f544c01a000-7f544c31d000 rw-p 00000000 00:00 0 
7f544c31d000-7f544c31e000 ---p 00000000 00:00 0 
7f544c31e000-7f544c41e000 rw-p 00000000 00:00 0 
7f544c41e000-7f544c41f000 ---p 00000000 00:00 0 
7f544c41f000-7f544c51f000 rw-p 00000000 00:00 0 
7f544c51f000-7f544c520000 ---p 00000000 00:00 0 
7f544c520000-7f544c642000 rw-p 00000000 00:00 0 
7f544c642000-7f544c66c000 ---p 00000000 00:00 0 
7f544c66c000-7f544c670000 rw-p 00000000 00:00 0 
7f544c670000-7f544c68a000 ---p 00000000 00:00 0 
7f544c68a000-7f544c68c000 rw-p 00000000 00:00 0 
7f544c68c000-7f544cf20000 ---p 00000000 00:00 0 
7f544cf20000-7f544d92f000 rw-p 00000000 00:00 0 
7f544d92f000-7f544da15000 ---p 00000000 00:00 0 
7f544da15000-7f544da1e000 rw-p 00000000 00:00 0 
7f544da1e000-7f544db00000 ---p 00000000 00:00 0 
7f544db00000-7f544db04000 ---p 00000000 00:00 0 
7f544db04000-7f544dc00000 rw-p 00000000 00:00 0 
7f544dc00000-7f544e137000 r--p 00000000 103:04 3162900                   /home/rodion/.local/share/JetBrains/Toolbox/apps/android-studio-2/jbr/lib/server/libjvm.so
7f544e137000-7f544ed0f000 r-xp 00536000 103:04 3162900                   /home/rodion/.local/share/JetBrains/Toolbox/apps/android-studio-2/jbr/lib/server/libjvm.so
7f544ed0f000-7f544edd1000 r--p 0110d000 103:04 3162900                   /home/rodion/.local/share/JetBrains/Toolbox/apps/android-studio-2/jbr/lib/server/libjvm.so
7f544edd1000-7f544edfa000 rw-p 011ce000 103:04 3162900                   /home/rodion/.local/share/JetBrains/Toolbox/apps/android-studio-2/jbr/lib/server/libjvm.so
7f544edfa000-7f544ee6e000 rw-p 00000000 00:00 0 
7f544ee6f000-7f544ee72000 r--p 00000000 103:04 3162924                   /home/rodion/.local/share/JetBrains/Toolbox/apps/android-studio-2/jbr/lib/libmanagement.so
7f544ee72000-7f544ee74000 r-xp 00002000 103:04 3162924                   /home/rodion/.local/share/JetBrains/Toolbox/apps/android-studio-2/jbr/lib/libmanagement.so
7f544ee74000-7f544ee75000 r--p 00003000 103:04 3162924                   /home/rodion/.local/share/JetBrains/Toolbox/apps/android-studio-2/jbr/lib/libmanagement.so
7f544ee75000-7f544ee76000 rw-p 00003000 103:04 3162924                   /home/rodion/.local/share/JetBrains/Toolbox/apps/android-studio-2/jbr/lib/libmanagement.so
7f544ee76000-7f544ee81000 r--p 00000000 103:04 3162917                   /home/rodion/.local/share/JetBrains/Toolbox/apps/android-studio-2/jbr/lib/libnio.so
7f544ee81000-7f544ee89000 r-xp 0000a000 103:04 3162917                   /home/rodion/.local/share/JetBrains/Toolbox/apps/android-studio-2/jbr/lib/libnio.so
7f544ee89000-7f544ee8a000 r--p 00011000 103:04 3162917                   /home/rodion/.local/share/JetBrains/Toolbox/apps/android-studio-2/jbr/lib/libnio.so
7f544ee8a000-7f544ee8b000 rw-p 00011000 103:04 3162917                   /home/rodion/.local/share/JetBrains/Toolbox/apps/android-studio-2/jbr/lib/libnio.so
7f544ee8b000-7f544ef17000 rw-p 00000000 00:00 0 
7f544ef17000-7f544ef25000 r--p 00000000 103:04 1968538                   /usr/lib/x86_64-linux-gnu/libm.so.6
7f544ef25000-7f544efa3000 r-xp 0000e000 103:04 1968538                   /usr/lib/x86_64-linux-gnu/libm.so.6
7f544efa3000-7f544effe000 r--p 0008c000 103:04 1968538                   /usr/lib/x86_64-linux-gnu/libm.so.6
7f544effe000-7f544efff000 r--p 000e6000 103:04 1968538                   /usr/lib/x86_64-linux-gnu/libm.so.6
7f544efff000-7f544f000000 rw-p 000e7000 103:04 1968538                   /usr/lib/x86_64-linux-gnu/libm.so.6
7f544f000000-7f544f022000 r--p 00000000 103:04 1968528                   /usr/lib/x86_64-linux-gnu/libc.so.6
7f544f022000-7f544f19a000 r-xp 00022000 103:04 1968528                   /usr/lib/x86_64-linux-gnu/libc.so.6
7f544f19a000-7f544f1f2000 r--p 0019a000 103:04 1968528                   /usr/lib/x86_64-linux-gnu/libc.so.6
7f544f1f2000-7f544f1f6000 r--p 001f1000 103:04 1968528                   /usr/lib/x86_64-linux-gnu/libc.so.6
7f544f1f6000-7f544f1f8000 rw-p 001f5000 103:04 1968528                   /usr/lib/x86_64-linux-gnu/libc.so.6
7f544f1f8000-7f544f205000 rw-p 00000000 00:00 0 
7f544f208000-7f544f211000 r--p 00000000 103:04 3162891                   /home/rodion/.local/share/JetBrains/Toolbox/apps/android-studio-2/jbr/lib/libzip.so
7f544f211000-7f544f226000 r-xp 00008000 103:04 3162891                   /home/rodion/.local/share/JetBrains/Toolbox/apps/android-studio-2/jbr/lib/libzip.so
7f544f226000-7f544f228000 r--p 0001c000 103:04 3162891                   /home/rodion/.local/share/JetBrains/Toolbox/apps/android-studio-2/jbr/lib/libzip.so
7f544f228000-7f544f229000 rw-p 0001d000 103:04 3162891                   /home/rodion/.local/share/JetBrains/Toolbox/apps/android-studio-2/jbr/lib/libzip.so
7f544f229000-7f544f22e000 rw-p 00000000 00:00 0 
7f544f22e000-7f544f235000 ---p 00000000 00:00 0 
7f544f235000-7f544f23d000 rw-s 00000000 103:04 1441824                   /tmp/hsperfdata_rodion/13345
7f544f23d000-7f544f24f000 r--p 00000000 103:04 3162925                   /home/rodion/.local/share/JetBrains/Toolbox/apps/android-studio-2/jbr/lib/libjava.so
7f544f24f000-7f544f261000 r-xp 00011000 103:04 3162925                   /home/rodion/.local/share/JetBrains/Toolbox/apps/android-studio-2/jbr/lib/libjava.so
7f544f261000-7f544f262000 r--p 00022000 103:04 3162925                   /home/rodion/.local/share/JetBrains/Toolbox/apps/android-studio-2/jbr/lib/libjava.so
7f544f262000-7f544f264000 rw-p 00022000 103:04 3162925                   /home/rodion/.local/share/JetBrains/Toolbox/apps/android-studio-2/jbr/lib/libjava.so
7f544f264000-7f544f26f000 r--p 00000000 103:04 3162933                   /home/rodion/.local/share/JetBrains/Toolbox/apps/android-studio-2/jbr/lib/libjimage.so
7f544f26f000-7f544f284000 r-xp 0000a000 103:04 3162933                   /home/rodion/.local/share/JetBrains/Toolbox/apps/android-studio-2/jbr/lib/libjimage.so
7f544f284000-7f544f286000 r--p 0001e000 103:04 3162933                   /home/rodion/.local/share/JetBrains/Toolbox/apps/android-studio-2/jbr/lib/libjimage.so
7f544f286000-7f544f287000 rw-p 0001f000 103:04 3162933                   /home/rodion/.local/share/JetBrains/Toolbox/apps/android-studio-2/jbr/lib/libjimage.so
7f544f287000-7f544f288000 r--p 00000000 103:04 1968582                   /usr/lib/x86_64-linux-gnu/librt.so.1
7f544f288000-7f544f289000 r-xp 00001000 103:04 1968582                   /usr/lib/x86_64-linux-gnu/librt.so.1
7f544f289000-7f544f28a000 r--p 00002000 103:04 1968582                   /usr/lib/x86_64-linux-gnu/librt.so.1
7f544f28a000-7f544f28b000 r--p 00002000 103:04 1968582                   /usr/lib/x86_64-linux-gnu/librt.so.1
7f544f28b000-7f544f28c000 rw-p 00003000 103:04 1968582                   /usr/lib/x86_64-linux-gnu/librt.so.1
7f544f28c000-7f544f28e000 rw-p 00000000 00:00 0 
7f544f28e000-7f544f28f000 r--p 00000000 103:04 1968531                   /usr/lib/x86_64-linux-gnu/libdl.so.2
7f544f28f000-7f544f290000 r-xp 00001000 103:04 1968531                   /usr/lib/x86_64-linux-gnu/libdl.so.2
7f544f290000-7f544f291000 r--p 00002000 103:04 1968531                   /usr/lib/x86_64-linux-gnu/libdl.so.2
7f544f291000-7f544f292000 r--p 00002000 103:04 1968531                   /usr/lib/x86_64-linux-gnu/libdl.so.2
7f544f292000-7f544f293000 rw-p 00003000 103:04 1968531                   /usr/lib/x86_64-linux-gnu/libdl.so.2
7f544f293000-7f544f294000 r--p 00000000 103:04 1968576                   /usr/lib/x86_64-linux-gnu/libpthread.so.0
7f544f294000-7f544f295000 r-xp 00001000 103:04 1968576                   /usr/lib/x86_64-linux-gnu/libpthread.so.0
7f544f295000-7f544f296000 r--p 00002000 103:04 1968576                   /usr/lib/x86_64-linux-gnu/libpthread.so.0
7f544f296000-7f544f297000 r--p 00002000 103:04 1968576                   /usr/lib/x86_64-linux-gnu/libpthread.so.0
7f544f297000-7f544f298000 rw-p 00003000 103:04 1968576                   /usr/lib/x86_64-linux-gnu/libpthread.so.0
7f544f299000-7f544f29a000 r--p 00000000 103:04 3162905                   /home/rodion/.local/share/JetBrains/Toolbox/apps/android-studio-2/jbr/lib/libextnet.so
7f544f29a000-7f544f29c000 r-xp 00000000 103:04 3162905                   /home/rodion/.local/share/JetBrains/Toolbox/apps/android-studio-2/jbr/lib/libextnet.so
7f544f29c000-7f544f29d000 r--p 00001000 103:04 3162905                   /home/rodion/.local/share/JetBrains/Toolbox/apps/android-studio-2/jbr/lib/libextnet.so
7f544f29d000-7f544f29e000 rw-p 00001000 103:04 3162905                   /home/rodion/.local/share/JetBrains/Toolbox/apps/android-studio-2/jbr/lib/libextnet.so
7f544f29e000-7f544f2a2000 r--p 00000000 103:04 3162937                   /home/rodion/.local/share/JetBrains/Toolbox/apps/android-studio-2/jbr/lib/libinstrument.so
7f544f2a2000-7f544f2a9000 r-xp 00003000 103:04 3162937                   /home/rodion/.local/share/JetBrains/Toolbox/apps/android-studio-2/jbr/lib/libinstrument.so
7f544f2a9000-7f544f2aa000 r--p 00009000 103:04 3162937                   /home/rodion/.local/share/JetBrains/Toolbox/apps/android-studio-2/jbr/lib/libinstrument.so
7f544f2aa000-7f544f2ab000 rw-p 00009000 103:04 3162937                   /home/rodion/.local/share/JetBrains/Toolbox/apps/android-studio-2/jbr/lib/libinstrument.so
7f544f2ab000-7f544f2ac000 ---p 00000000 00:00 0 
7f544f2ac000-7f544f2ad000 r--p 00000000 00:00 0 
7f544f2ad000-7f544f2ae000 ---p 00000000 00:00 0 
7f544f2ae000-7f544f2b7000 r--p 00000000 103:04 3162906                   /home/rodion/.local/share/JetBrains/Toolbox/apps/android-studio-2/jbr/lib/libjli.so
7f544f2b7000-7f544f2c6000 r-xp 00008000 103:04 3162906                   /home/rodion/.local/share/JetBrains/Toolbox/apps/android-studio-2/jbr/lib/libjli.so
7f544f2c6000-7f544f2c7000 r--p 00016000 103:04 3162906                   /home/rodion/.local/share/JetBrains/Toolbox/apps/android-studio-2/jbr/lib/libjli.so
7f544f2c7000-7f544f2c8000 rw-p 00016000 103:04 3162906                   /home/rodion/.local/share/JetBrains/Toolbox/apps/android-studio-2/jbr/lib/libjli.so
7f544f2c8000-7f544f2ca000 rw-p 00000000 00:00 0 
7f544f2ca000-7f544f2cb000 r--p 00000000 103:04 1968525                   /usr/lib/x86_64-linux-gnu/ld-linux-x86-64.so.2
7f544f2cb000-7f544f2f3000 r-xp 00001000 103:04 1968525                   /usr/lib/x86_64-linux-gnu/ld-linux-x86-64.so.2
7f544f2f3000-7f544f2fd000 r--p 00029000 103:04 1968525                   /usr/lib/x86_64-linux-gnu/ld-linux-x86-64.so.2
7f544f2fd000-7f544f2ff000 r--p 00033000 103:04 1968525                   /usr/lib/x86_64-linux-gnu/ld-linux-x86-64.so.2
7f544f2ff000-7f544f301000 rw-p 00035000 103:04 1968525                   /usr/lib/x86_64-linux-gnu/ld-linux-x86-64.so.2
7fffc032a000-7fffc034b000 rw-p 00000000 00:00 0                          [stack]
7fffc03b8000-7fffc03bc000 r--p 00000000 00:00 0                          [vvar]
7fffc03bc000-7fffc03be000 r-xp 00000000 00:00 0                          [vdso]
ffffffffff600000-ffffffffff601000 --xp 00000000 00:00 0                  [vsyscall]


VM Arguments:
jvm_args: --add-opens=java.base/java.util=ALL-UNNAMED --add-opens=java.base/java.lang=ALL-UNNAMED --add-opens=java.base/java.lang.invoke=ALL-UNNAMED --add-opens=java.prefs/java.util.prefs=ALL-UNNAMED --add-opens=java.base/java.nio.charset=ALL-UNNAMED --add-opens=java.base/java.net=ALL-UNNAMED --add-opens=java.base/java.util.concurrent.atomic=ALL-UNNAMED -Xmx4608m -Dfile.encoding=UTF-8 -Duser.country=UA -Duser.language=ru -Duser.variant -javaagent:/home/rodion/.gradle/wrapper/dists/gradle-8.4-bin/1w5dpkrfk8irigvoxmyhowfim/gradle-8.4/lib/agents/gradle-instrumentation-agent-8.4.jar 
java_command: org.gradle.launcher.daemon.bootstrap.GradleDaemon 8.4
java_class_path (initial): /home/rodion/.gradle/wrapper/dists/gradle-8.4-bin/1w5dpkrfk8irigvoxmyhowfim/gradle-8.4/lib/gradle-launcher-8.4.jar
Launcher Type: SUN_STANDARD

[Global flags]
     intx CICompilerCount                          = 4                                         {product} {ergonomic}
     uint ConcGCThreads                            = 3                                         {product} {ergonomic}
     uint G1ConcRefinementThreads                  = 10                                        {product} {ergonomic}
   size_t G1HeapRegionSize                         = 4194304                                   {product} {ergonomic}
    uintx GCDrainStackTargetSize                   = 64                                        {product} {ergonomic}
   size_t InitialHeapSize                          = 226492416                                 {product} {ergonomic}
   size_t MarkStackSize                            = 4194304                                   {product} {ergonomic}
   size_t MaxHeapSize                              = 4831838208                                {product} {command line}
   size_t MaxNewSize                               = 2898264064                                {product} {ergonomic}
   size_t MinHeapDeltaBytes                        = 4194304                                   {product} {ergonomic}
   size_t MinHeapSize                              = 8388608                                   {product} {ergonomic}
    uintx NonNMethodCodeHeapSize                   = 5839372                                {pd product} {ergonomic}
    uintx NonProfiledCodeHeapSize                  = 122909434                              {pd product} {ergonomic}
    uintx ProfiledCodeHeapSize                     = 122909434                              {pd product} {ergonomic}
    uintx ReservedCodeCacheSize                    = 251658240                              {pd product} {ergonomic}
     bool SegmentedCodeCache                       = true                                      {product} {ergonomic}
   size_t SoftMaxHeapSize                          = 4831838208                             {manageable} {ergonomic}
     bool UseCompressedClassPointers               = true                           {product lp64_product} {ergonomic}
     bool UseCompressedOops                        = true                           {product lp64_product} {ergonomic}
     bool UseG1GC                                  = true                                      {product} {ergonomic}

Logging:
Log output configuration:
 #0: stdout all=warning uptime,level,tags
 #1: stderr all=off uptime,level,tags

Environment Variables:
PATH=/usr/local/sbin:/usr/local/bin:/usr/sbin:/usr/bin:/sbin:/bin:/usr/games:/usr/local/games:/snap/bin:/home/rodion/.local/share/JetBrains/Toolbox/scripts
SHELL=/bin/bash
DISPLAY=:0
LANG=ru_UA.UTF-8

Active Locale:
LC_ALL=ru_UA.UTF-8
LC_COLLATE=ru_UA.UTF-8
LC_CTYPE=ru_UA.UTF-8
LC_MESSAGES=ru_UA.UTF-8
LC_MONETARY=ru_UA.UTF-8
LC_NUMERIC=ru_UA.UTF-8
LC_TIME=ru_UA.UTF-8

Signal Handlers:
   SIGSEGV: crash_handler in libjvm.so, mask=11100100010111111101111111111110, flags=SA_RESTART|SA_SIGINFO, unblocked
    SIGBUS: crash_handler in libjvm.so, mask=11100100010111111101111111111110, flags=SA_RESTART|SA_SIGINFO, unblocked
    SIGFPE: crash_handler in libjvm.so, mask=11100100010111111101111111111110, flags=SA_RESTART|SA_SIGINFO, unblocked
   SIGPIPE: javaSignalHandler in libjvm.so, mask=11100100010111111101111111111110, flags=SA_RESTART|SA_SIGINFO, blocked
   SIGXFSZ: javaSignalHandler in libjvm.so, mask=11100100010111111101111111111110, flags=SA_RESTART|SA_SIGINFO, blocked
    SIGILL: crash_handler in libjvm.so, mask=11100100010111111101111111111110, flags=SA_RESTART|SA_SIGINFO, unblocked
   SIGUSR2: SR_handler in libjvm.so, mask=00100000000000000000000000000000, flags=SA_RESTART|SA_SIGINFO, blocked
    SIGHUP: UserHandler in libjvm.so, mask=11100100010111111101111111111110, flags=SA_RESTART|SA_SIGINFO, blocked
    SIGINT: UserHandler in libjvm.so, mask=11100100010111111101111111111110, flags=SA_RESTART|SA_SIGINFO, blocked
   SIGTERM: UserHandler in libjvm.so, mask=11100100010111111101111111111110, flags=SA_RESTART|SA_SIGINFO, blocked
   SIGQUIT: UserHandler in libjvm.so, mask=11100100010111111101111111111110, flags=SA_RESTART|SA_SIGINFO, blocked
   SIGTRAP: crash_handler in libjvm.so, mask=11100100010111111101111111111110, flags=SA_RESTART|SA_SIGINFO, unblocked


Periodic native trim disabled

JNI global refs:
JNI global refs: 22, weak refs: 0

JNI global refs memory usage: 867, weak refs: 865

OOME stack traces (most recent first):
Classloader memory used:
Loader bootstrap                                                                       : 1858K
Loader org.gradle.internal.classloader.VisitableURLClassLoader                         : 1354K
Loader org.gradle.initialization.MixInLegacyTypesClassLoader                           : 200K
Loader jdk.internal.loader.ClassLoaders$AppClassLoader                                 : 28182B
Loader jdk.internal.loader.ClassLoaders$PlatformClassLoader                            : 3243B
Loader jdk.internal.reflect.DelegatingClassLoader                                      : 2580B

Classes loaded by more than one classloader:
Class org.gradle.internal.installation.GradleInstallation                             : loaded 2 times (x 74B)
Class org.gradle.internal.classpath.ClassPath                                         : loaded 2 times (x 69B)
Class org.gradle.api.internal.classpath.DefaultModuleRegistry                         : loaded 2 times (x 85B)
Class org.gradle.api.Action                                                           : loaded 2 times (x 69B)
Class org.gradle.api.internal.DefaultClassPathProvider                                : loaded 2 times (x 75B)
Class org.gradle.internal.installation.GradleInstallation$1                           : loaded 2 times (x 74B)
Class org.gradle.internal.classloader.FilteringClassLoader                            : loaded 2 times (x 104B)
Class org.gradle.internal.classpath.DefaultClassPath$ImmutableUniqueList$Builder      : loaded 2 times (x 74B)
Class org.gradle.internal.classloader.ClassLoaderVisitor                              : loaded 2 times (x 75B)
Class org.gradle.internal.service.DefaultServiceLocator                               : loaded 2 times (x 82B)
Class org.gradle.internal.service.UnknownServiceException                             : loaded 2 times (x 82B)
Class org.gradle.internal.classloader.DefaultClassLoaderFactory                       : loaded 2 times (x 81B)
Class org.gradle.internal.classloader.VisitableURLClassLoader$Spec                    : loaded 2 times (x 73B)
Class org.gradle.api.GradleException                                                  : loaded 2 times (x 81B)
Class org.gradle.api.internal.classpath.ModuleRegistry                                : loaded 2 times (x 69B)
Class org.gradle.api.internal.ClassPathProvider                                       : loaded 2 times (x 69B)
Class org.gradle.internal.classloader.ClasspathUtil$1                                 : loaded 2 times (x 75B)
Class org.gradle.internal.classloader.ClassLoaderFactory                              : loaded 2 times (x 69B)
Class org.gradle.api.internal.classpath.ManifestUtil                                  : loaded 2 times (x 70B)
Class org.gradle.api.specs.Spec                                                       : loaded 2 times (x 69B)
Class org.gradle.internal.IoActions                                                   : loaded 2 times (x 70B)
Class org.gradle.api.internal.classpath.EffectiveClassPath                            : loaded 2 times (x 89B)
Class org.gradle.internal.installation.CurrentGradleInstallation                      : loaded 2 times (x 72B)
Class org.gradle.internal.agents.InstrumentingClassLoader                             : loaded 2 times (x 69B)
Class org.gradle.internal.installation.CurrentGradleInstallationLocator               : loaded 2 times (x 70B)
Class org.gradle.api.internal.classpath.Module                                        : loaded 2 times (x 69B)
Class org.gradle.internal.service.CachingServiceLocator                               : loaded 2 times (x 81B)
Class org.gradle.internal.classpath.DefaultClassPath                                  : loaded 2 times (x 89B)
Class org.gradle.internal.classloader.SystemClassLoaderSpec                           : loaded 2 times (x 70B)
Class org.gradle.api.UncheckedIOException                                             : loaded 2 times (x 81B)
Class org.gradle.internal.classloader.ClasspathUtil                                   : loaded 2 times (x 70B)
Class org.gradle.api.internal.DefaultClassPathRegistry                                : loaded 2 times (x 75B)
Class org.gradle.api.internal.classpath.DefaultModuleRegistry$DefaultModule           : loaded 2 times (x 85B)
Class org.gradle.api.internal.classpath.UnknownModuleException                        : loaded 2 times (x 81B)
Class org.gradle.internal.service.ServiceLookupException                              : loaded 2 times (x 81B)
Class org.gradle.cache.GlobalCache                                                    : loaded 2 times (x 69B)
Class [Lorg.gradle.api.internal.ClassPathProvider;                                    : loaded 2 times (x 68B)
Class org.gradle.util.internal.GUtil                                                  : loaded 2 times (x 70B)
Class org.gradle.internal.classloader.ClassLoaderSpec                                 : loaded 2 times (x 70B)
Class org.gradle.internal.classloader.VisitableURLClassLoader                         : loaded 2 times (x 116B)
Class org.gradle.internal.Cast                                                        : loaded 2 times (x 70B)
Class org.gradle.api.internal.ClassPathRegistry                                       : loaded 2 times (x 69B)
Class org.gradle.internal.classloader.VisitableURLClassLoader$InstrumentingVisitableURLClassLoader: loaded 2 times (x 122B)
Class org.gradle.internal.classloader.ClassLoaderHierarchy                            : loaded 2 times (x 69B)
Class org.gradle.internal.InternalTransformer                                         : loaded 2 times (x 69B)
Class org.gradle.internal.service.ServiceLocator                                      : loaded 2 times (x 69B)
Class org.gradle.internal.classpath.DefaultClassPath$ImmutableUniqueList              : loaded 2 times (x 160B)
Class org.gradle.internal.classpath.TransformedClassPath                              : loaded 2 times (x 95B)


---------------  S Y S T E M  ---------------

OS:
DISTRIB_ID=Ubuntu
DISTRIB_RELEASE=23.04
DISTRIB_CODENAME=lunar
DISTRIB_DESCRIPTION="Ubuntu 23.04"
uname: Linux 6.2.0-39-generic #40-Ubuntu SMP PREEMPT_DYNAMIC Tue Nov 14 14:18:00 UTC 2023 x86_64
OS uptime: 0 days 1:25 hours
libc: glibc 2.37 NPTL 2.37 
rlimit (soft/hard): STACK 8192k/infinity , CORE 0k/infinity , NPROC 54776/54776 , NOFILE 1048576/1048576 , AS infinity/infinity , CPU infinity/infinity , DATA infinity/infinity , FSIZE infinity/infinity , MEMLOCK 1768584k/1768584k
load average: 0,82 0,69 0,77

/proc/meminfo:
MemTotal:       14148680 kB
MemFree:          147788 kB
MemAvailable:    1977256 kB
Buffers:           94360 kB
Cached:          1950972 kB
SwapCached:          808 kB
Active:          1060804 kB
Inactive:       12118408 kB
Active(anon):      40812 kB
Inactive(anon): 11149616 kB
Active(file):    1019992 kB
Inactive(file):   968792 kB
Unevictable:          32 kB
Mlocked:              32 kB
SwapTotal:       5858300 kB
SwapFree:        5805052 kB
Zswap:                 0 kB
Zswapped:              0 kB
Dirty:               112 kB
Writeback:             0 kB
AnonPages:      11133804 kB
Mapped:           774240 kB
Shmem:             56548 kB
KReclaimable:     173220 kB
Slab:             326800 kB
SReclaimable:     173220 kB
SUnreclaim:       153580 kB
KernelStack:       20448 kB
PageTables:        59548 kB
SecPageTables:         0 kB
NFS_Unstable:          0 kB
Bounce:                0 kB
WritebackTmp:          0 kB
CommitLimit:    12932640 kB
Committed_AS:   19606612 kB
VmallocTotal:   34359738367 kB
VmallocUsed:      135652 kB
VmallocChunk:          0 kB
Percpu:            12544 kB
HardwareCorrupted:     0 kB
AnonHugePages:         0 kB
ShmemHugePages:        0 kB
ShmemPmdMapped:        0 kB
FileHugePages:         0 kB
FilePmdMapped:         0 kB
HugePages_Total:       0
HugePages_Free:        0
HugePages_Rsvd:        0
HugePages_Surp:        0
Hugepagesize:       2048 kB
Hugetlb:               0 kB
DirectMap4k:      803268 kB
DirectMap2M:     9531392 kB
DirectMap1G:     4194304 kB

/sys/kernel/mm/transparent_hugepage/enabled: always [madvise] never
/sys/kernel/mm/transparent_hugepage/defrag (defrag/compaction efforts parameter): always defer defer+madvise [madvise] never

Process Memory:
Virtual Size: 9198984K (peak: 9262972K)
Resident Set Size: 202204K (peak: 202204K) (anon: 171868K, file: 30336K, shmem: 0K)
Swapped out: 0K
C-Heap outstanding allocations: 87471K, retained: 8004K
glibc malloc tunables: (default)

/proc/sys/kernel/threads-max (system-wide limit on the number of threads): 109553
/proc/sys/vm/max_map_count (maximum number of memory map areas a process may have): 65530
/proc/sys/kernel/pid_max (system-wide limit on number of process identifiers): 4194304

container (cgroup) information:
container_type: cgroupv2
cpu_cpuset_cpus: not supported
cpu_memory_nodes: not supported
active_processor_count: 12
cpu_quota: not supported
cpu_period: not supported
cpu_shares: not supported
memory_limit_in_bytes: unlimited
memory_and_swap_limit_in_bytes: unlimited
memory_soft_limit_in_bytes: unlimited
memory_usage_in_bytes: 10063556 k
memory_max_usage_in_bytes: not supported
memory_swap_current_in_bytes: unlimited
memory_swap_max_limit_in_bytes: unlimited
maximum number of tasks: 16432
current number of tasks: 370

Steal ticks since vm start: 0
Steal ticks percentage since vm start:  0,000

CPU: total 16 (initial active 12) (12 cores per cpu, 2 threads per core) family 25 model 80 stepping 0 microcode 0xa50000c, cx8, cmov, fxsr, ht, mmx, 3dnowpref, sse, sse2, sse3, ssse3, sse4a, sse4.1, sse4.2, popcnt, lzcnt, tsc, tscinvbit, avx, avx2, aes, erms, clmul, bmi1, bmi2, adx, sha, fma, vzeroupper, clflush, clflushopt
CPU Model and flags from /proc/cpuinfo:
model name	: AMD Ryzen 5 5600H with Radeon Graphics
flags		: fpu vme de pse tsc msr pae mce cx8 apic sep mtrr pge mca cmov pat pse36 clflush mmx fxsr sse sse2 ht syscall nx mmxext fxsr_opt pdpe1gb rdtscp lm constant_tsc rep_good nopl nonstop_tsc cpuid extd_apicid aperfmperf rapl pni pclmulqdq monitor ssse3 fma cx16 sse4_1 sse4_2 movbe popcnt aes xsave avx f16c rdrand lahf_lm cmp_legacy svm extapic cr8_legacy abm sse4a misalignsse 3dnowprefetch osvw ibs skinit wdt tce topoext perfctr_core perfctr_nb bpext perfctr_llc mwaitx cpb cat_l3 cdp_l3 hw_pstate ssbd mba ibrs ibpb stibp vmmcall fsgsbase bmi1 avx2 smep bmi2 erms invpcid cqm rdt_a rdseed adx smap clflushopt clwb sha_ni xsaveopt xsavec xgetbv1 xsaves cqm_llc cqm_occup_llc cqm_mbm_total cqm_mbm_local clzero irperf xsaveerptr rdpru wbnoinvd cppc arat npt lbrv svm_lock nrip_save tsc_scale vmcb_clean flushbyasid decodeassists pausefilter pfthreshold avic v_vmsave_vmload vgif v_spec_ctrl umip pku ospke vaes vpclmulqdq rdpid overflow_recov succor smca fsrm

Online cpus: 0-11
Offline cpus: 12-15
BIOS frequency limitation: 3300000
Frequency switch latency (ns): 0
Available cpu frequencies: 3300000 1300000 1200000 
Current governor: schedutil
Core performance/turbo boost: 1

Memory: 4k page, physical 14148680k(147284k free), swap 5858300k(5805052k free)
Page Sizes: 4k

vm_info: OpenJDK 64-Bit Server VM (17.0.9+0-17.0.9b1087.7-11185874) for linux-amd64 JRE (17.0.9+0-17.0.9b1087.7-11185874), built on Dec  6 2023 18:35:35 by "androidbuild" with clang Android (8508608, based on r450784e) Clang 14.0.7 (https://android.googlesource.com/toolchain/llvm-project 4c603efb0cca074e9238af8b4106c30add4418f6)

END.
