#
# A fatal error has been detected by the Java Runtime Environment:
#
#  SIGSEGV (0xb) at pc=0x00007f445d5737a4, pid=7901, tid=7931
#
# JRE version: OpenJDK Runtime Environment (17.0.9) (build 17.0.9+0-17.0.9b1087.7-11185874)
# Java VM: OpenJDK 64-Bit Server VM (17.0.9+0-17.0.9b1087.7-11185874, mixed mode, tiered, compressed oops, compressed class ptrs, g1 gc, linux-amd64)
# Problematic frame:
# V  [libjvm.so+0x9737a4]  G1ParScanThreadState::trim_queue_to_threshold(unsigned int)+0x764
#
# Core dump will be written. Default location: Core dumps may be processed with "/usr/share/apport/apport -p%p -s%s -c%c -d%d -P%P -u%u -g%g -- %E" (or dumping to /var/www/html/YkisPAM/core.7901)
#
# If you would like to submit a bug report, please visit:
#   https://bugreport.java.com/bugreport/crash.jsp
#

---------------  S U M M A R Y ------------

Command Line: org.jetbrains.kotlin.cli.jvm.K2JVMCompiler @/var/www/html/YkisPAM/app/build/20240122_1912078548849156512.compiler.options

Host: AMD Ryzen 5 5600H with Radeon Graphics, 16 cores, 13G, Ubuntu 23.04
Time: Mon Jan 22 21:13:56 2024 EET elapsed time: 1.429158 seconds (0d 0h 0m 1s)

---------------  T H R E A D  ---------------

Current thread (0x00007f441c00ff30):  GCTaskThread "GC Thread#8" [stack: 0x00007f442c9f9000,0x00007f442caf9000] [id=7931]

Stack: [0x00007f442c9f9000,0x00007f442caf9000],  sp=0x00007f442caf7a50,  free space=1018k
Native frames: (J=compiled Java code, j=interpreted, Vv=VM code, C=native code)
V  [libjvm.so+0x9737a4]  G1ParScanThreadState::trim_queue_to_threshold(unsigned int)+0x764
V  [libjvm.so+0x990299]  void G1ParCopyClosure<(G1Barrier)1, false>::do_oop_work<oopDesc*>(oopDesc**)+0x259
V  [libjvm.so+0x8083bb]  ClassLoaderData::oops_do(OopClosure*, int, bool)+0xdb
V  [libjvm.so+0x971aef]  G1CLDScanClosure::do_cld(ClassLoaderData*)+0x3f
V  [libjvm.so+0x80ca12]  ClassLoaderDataGraph::roots_cld_do(CLDClosure*, CLDClosure*)+0x42
V  [libjvm.so+0x9922c1]  G1RootProcessor::process_java_roots(G1RootClosures*, G1GCPhaseTimes*, unsigned int)+0xc1
V  [libjvm.so+0x99217c]  G1RootProcessor::evacuate_roots(G1ParScanThreadState*, unsigned int)+0x5c
V  [libjvm.so+0x93709f]  G1EvacuateRegionsTask::scan_roots(G1ParScanThreadState*, unsigned int)+0x1f
V  [libjvm.so+0x936f83]  G1EvacuateRegionsBaseTask::work(unsigned int)+0x83
V  [libjvm.so+0x10bbbec]  GangWorker::run()+0x5c
V  [libjvm.so+0x100dbff]  Thread::call_run()+0xbf
V  [libjvm.so+0xe12ce9]  thread_native_entry(Thread*)+0x119


siginfo: si_signo: 11 (SIGSEGV), si_code: 1 (SEGV_MAPERR), si_addr: 0x00000005a0b63da8

Registers:
RAX=0x0000000000000003, RBX=0x0000000728e00018, RCX=0x00007f445807f580, RDX=0x0000000000000000
RSP=0x00007f442caf7a50, RBP=0x00007f442caf7ae0, RSI=0x00007f4458038b50, RDI=0x0000000000002d05
R8 =0x00007f43c4000d70, R9 =0x0000000000000000, R10=0x00007f43c4001100, R11=0x0000000000000000
R12=0x00000007290cff04, R13=0x00000005a0b63da8, R14=0x0000000000000000, R15=0x0000000000003947
RIP=0x00007f445d5737a4, EFLAGS=0x0000000000010213, CSGSFS=0x002b000000000033, ERR=0x0000000000000004
  TRAPNO=0x000000000000000e


Register to memory mapping:

RAX=0x0000000000000003 is an unknown value
RBX=0x0000000728e00018 is an oop: jdk.internal.loader.ClassLoaders$AppClassLoader 
{0x0000000728e00018} - klass: 'jdk/internal/loader/ClassLoaders$AppClassLoader'
 - ---- fields (total size 13 words):
 - private 'defaultAssertionStatus' 'Z' @12  false
 - private final 'parent' 'Ljava/lang/ClassLoader;' @24  a 'jdk/internal/loader/ClassLoaders$PlatformClassLoader'{0x0000000728e22bd0} (e51c457a)
 - private final 'name' 'Ljava/lang/String;' @28  "app"{0x0000000729416e68} (e5282dcd)
 - private final 'unnamedModule' 'Ljava/lang/Module;' @32  a 'java/lang/Module'{0x0000000728e014d8} (e51c029b)
 - private final 'nameAndId' 'Ljava/lang/String;' @36  "'app'"{0x000000072942b938} (e5285727)
 - private final 'parallelLockMap' 'Ljava/util/concurrent/ConcurrentHashMap;' @40  a 'java/util/concurrent/ConcurrentHashMap'{0x000000072942b968} (e528572d)
 - private final 'package2certs' 'Ljava/util/concurrent/ConcurrentHashMap;' @44  a 'java/util/concurrent/ConcurrentHashMap'{0x000000072944e890} (e5289d12)
 - private final 'classes' 'Ljava/util/ArrayList;' @48  a 'java/util/ArrayList'{0x00000007294558d8} (e528ab1b)
 - private final 'defaultDomain' 'Ljava/security/ProtectionDomain;' @52  a 'java/security/ProtectionDomain'{0x00000007294b2d20} (e52965a4)
 - private final 'packages' 'Ljava/util/concurrent/ConcurrentHashMap;' @56  a 'java/util/concurrent/ConcurrentHashMap'{0x00000007294b2d90} (e52965b2)
 - private final 'libraries' 'Ljdk/internal/loader/NativeLibraries;' @60  a 'jdk/internal/loader/NativeLibraries'{0x00000007294b9190} (e5297232)
 - final 'assertionLock' 'Ljava/lang/Object;' @64  a 'java/lang/Object'{0x00000007294b92f8} (e529725f)
 - private 'packageAssertionStatus' 'Ljava/util/Map;' @68  NULL (0)
 - 'classAssertionStatus' 'Ljava/util/Map;' @72  NULL (0)
 - private volatile 'classLoaderValueMap' 'Ljava/util/concurrent/ConcurrentHashMap;' @76  a 'java/util/concurrent/ConcurrentHashMap'{0x00000007294b9308} (e5297261)
 - private final 'pdcache' 'Ljava/util/Map;' @80  a 'java/util/concurrent/ConcurrentHashMap'{0x00000007294b9870} (e529730e)
 - private final 'parent' 'Ljdk/internal/loader/BuiltinClassLoader;' @84  a 'jdk/internal/loader/ClassLoaders$PlatformClassLoader'{0x0000000728e22bd0} (e51c457a)
 - private synchronized 'ucp' 'Ljdk/internal/loader/URLClassPath;' @88  a 'jdk/internal/loader/URLClassPath'{0x00000007294b9b30} (e5297366)
 - private final 'nameToModule' 'Ljava/util/Map;' @92  a 'java/util/concurrent/ConcurrentHashMap'{0x00000007294bad90} (e52975b2)
 - private final 'moduleToReader' 'Ljava/util/Map;' @96  a 'java/util/concurrent/ConcurrentHashMap'{0x00000007294bb050} (e529760a)
 - private volatile 'resourceCache' 'Ljava/lang/ref/SoftReference;' @100  a 'java/lang/ref/SoftReference'{0x00000007294bb370} (e529766e)
RCX=0x00007f445807f580 points into unknown readable memory: 0x0000000000000000 | 00 00 00 00 00 00 00 00
RDX=0x0 is NULL
RSP=0x00007f442caf7a50 points into unknown readable memory: 0x00007f43c4000d88 | 88 0d 00 c4 43 7f 00 00
RBP=0x00007f442caf7ae0 points into unknown readable memory: 0x00007f442caf7b20 | 20 7b af 2c 44 7f 00 00
RSI=0x00007f4458038b50 points into unknown readable memory: 0x00007f445ddae020 | 20 e0 da 5d 44 7f 00 00
RDI=0x0000000000002d05 is an unknown value
R8 =0x00007f43c4000d70 points into unknown readable memory: 0x00007f445ddafe68 | 68 fe da 5d 44 7f 00 00
R9 =0x0 is NULL
R10=0x00007f43c4001100 points into unknown readable memory: 0x00007f4458038b50 | 50 8b 03 58 44 7f 00 00
R11=0x0 is NULL
R12=0x00000007290cff04 is pointing into object: java.lang.Class 
{0x00000007290cfec8} - klass: 'java/lang/Class'
 - ---- fields (total size 14 words):
 - private volatile transient 'classRedefinedCount' 'I' @12  0
 - private volatile transient 'cachedConstructor' 'Ljava/lang/reflect/Constructor;' @40  NULL (0)
 - private transient 'name' 'Ljava/lang/String;' @44  "org.jetbrains.kotlin.com.intellij.ide.plugins.PluginXmlPathResolver$Companion"{0x00000007290d1578} (e521a2af)
 - private transient 'module' 'Ljava/lang/Module;' @48  a 'java/lang/Module'{0x0000000728e014d8} (e51c029b)
 - private final 'classLoader' 'Ljava/lang/ClassLoader;' @52  a 'jdk/internal/loader/ClassLoaders$AppClassLoader'{0x0000000728e00018} (e51c0003)
 - private transient 'classData' 'Ljava/lang/Object;' @56  NULL (0)
 - private transient 'packageName' 'Ljava/lang/String;' @60  
[error occurred during error reporting (printing register info), id 0xb, SIGSEGV (0xb) at pc=0x00007f445d64a395]

Top of Stack: (sp=0x00007f442caf7a50)
0x00007f442caf7a50:   00007f43c4000d88 00007f43c4000f68
0x00007f442caf7a60:   00000040a27f782c 00007f43c4000d70
0x00007f442caf7a70:   0000000000000008 0000000000000001
0x00007f442caf7a80:   00007f442caf7ab0 00007f43c4000ef0
0x00007f442caf7a90:   0000000800040880 00007f44580c8320
0x00007f442caf7aa0:   0000000000000011 0000000000000100
0x00007f442caf7ab0:   00007f43c4000d70 00007f43c4000d70
0x00007f442caf7ac0:   0000000000000008 0000000000000001
0x00007f442caf7ad0:   0000000054853c63 0000000000000000
0x00007f442caf7ae0:   00007f442caf7b20 00007f445d590299
0x00007f442caf7af0:   00007f445ddb0468 00007f4458942710
0x00007f442caf7b00:   0000000000000008 0000000000000001
0x00007f442caf7b10:   00007f4458942650 00007f43c4001298
0x00007f442caf7b20:   00007f442caf7b50 00007f445d4083bb
0x00007f442caf7b30:   00007f44582578c0 00007f441c001250
0x00007f442caf7b40:   00007f43c40012f8 0000000000000000
0x00007f442caf7b50:   00007f442caf7b80 00007f445d571aef
0x00007f442caf7b60:   00007f44582578c0 00007f441c001250
0x00007f442caf7b70:   00007f43c40012f8 00007f43c40012f8
0x00007f442caf7b80:   00007f442caf7bb0 00007f445d40ca12
0x00007f442caf7b90:   00007f43c40012f8 00007f43c4001260
0x00007f442caf7ba0:   00007f43c40012f8 00007f43c4001268
0x00007f442caf7bb0:   00007f442caf7c50 00007f445d5922c1
0x00007f442caf7bc0:   00007f445ddaf748 0000000054556fb6
0x00007f442caf7bd0:   0000000000000000 00007f4400000003
0x00007f442caf7be0:   00007f441c001250 0000000000000000
0x00007f442caf7bf0:   0000000000000000 0000000000000000
0x00007f442caf7c00:   00007f4400000000 00007f445dc2023b
0x00007f442caf7c10:   00007f445ddaf768 00007f442caf7c01
0x00007f442caf7c20:   000000002caf7c50 00007f441c001250
0x00007f442caf7c30:   0000000000000000 00007f43c4000d70
0x00007f442caf7c40:   00007f43c4001260 00007f443c9ba140 

Instructions: (pc=0x00007f445d5737a4)
0x00007f445d5736a4:   88 c0 01 00 00 4c 89 f2 48 d3 ea 48 8b 80 b0 01
0x00007f445d5736b4:   00 00 48 8b 04 d0 8b 80 c0 00 00 00 d1 e8 83 e0
0x00007f445d5736c4:   01 41 89 80 a0 01 00 00 49 63 80 ec 01 00 00 49
0x00007f445d5736d4:   63 cf 48 01 c8 31 f6 48 8d 15 7f ca 89 00 80 3a
0x00007f445d5736e4:   00 40 0f 94 c6 48 8d 15 70 ca 89 00 80 3a 00 48
0x00007f445d5736f4:   8d 14 b5 0c 00 00 00 49 8d 5c f6 10 0f 84 89 01
0x00007f445d573704:   00 00 48 8d 0c 8b 48 8d 04 83 49 63 14 16 4c 8d
0x00007f445d573714:   34 93 48 39 cb 48 0f 42 d9 49 39 c6 4c 0f 47 f0
0x00007f445d573724:   4c 39 f3 4c 8b 7d a8 0f 83 7f fd ff ff 66 2e 0f
0x00007f445d573734:   1f 84 00 00 00 00 00 0f 1f 44 00 00 4c 89 ff 48
0x00007f445d573744:   89 de e8 a5 3a 00 00 48 83 c3 04 4c 39 f3 72 ec
0x00007f445d573754:   e9 57 fd ff ff 0f 1f 80 00 00 00 00 45 8b 6c 24
0x00007f445d573764:   ff 48 8d 15 04 23 86 00 8b 42 08 89 c1 49 d3 e5
0x00007f445d573774:   48 8b 12 49 01 d5 49 8b 70 08 8a 8e 90 05 00 00
0x00007f445d573784:   4c 89 ef 48 d3 ef 48 8b 8e 80 05 00 00 44 0f b7
0x00007f445d573794:   34 79 66 45 85 f6 0f 88 10 fd ff ff 49 83 c4 ff
0x00007f445d5737a4:   49 8b 5d 00 89 d9 f7 d1 f6 c1 03 0f 85 8d 00 00
0x00007f445d5737b4:   00 89 d9 83 e1 07 48 83 e3 fc 83 f9 05 41 bf 00
0x00007f445d5737c4:   00 00 00 4c 0f 45 fb 48 8d 0d f7 ca 89 00 80 39
0x00007f445d5737d4:   00 4c 0f 44 fb e9 c2 05 00 00 4d 8b 14 24 49 8b
0x00007f445d5737e4:   40 08 8a 88 90 05 00 00 4c 89 d2 48 d3 ea 48 8b
0x00007f445d5737f4:   80 80 05 00 00 0f b7 1c 50 66 85 db 0f 88 aa fc
0x00007f445d573804:   ff ff 4d 8b 3a 44 89 f8 f7 d0 a8 03 0f 85 c3 00
0x00007f445d573814:   00 00 44 89 f8 83 e0 07 49 83 e7 fc 83 f8 05 4d
0x00007f445d573824:   89 fd b8 00 00 00 00 4c 0f 44 e8 48 8d 05 93 ca
0x00007f445d573834:   89 00 80 38 00 4d 0f 44 ef e9 36 0a 00 00 48 89
0x00007f445d573844:   5d c0 48 8d 05 14 c9 89 00 8a 00 84 c0 0f 84 c3
0x00007f445d573854:   00 00 00 41 8b 7d 08 48 8d 15 1e 22 86 00 8a 4a
0x00007f445d573864:   08 48 d3 e7 48 03 3a 44 8b 7f 08 45 85 ff 48 89
0x00007f445d573874:   7d b0 0f 8e b3 00 00 00 41 f6 c7 01 0f 85 ae 00
0x00007f445d573884:   00 00 41 c1 ef 03 e9 24 01 00 00 4c 8d 24 cb 45
0x00007f445d573894:   85 ff 4c 0f 4e e3 41 8b 0c 16 39 c1 0f 4f c8 48 


Stack slot to memory mapping:
stack at sp + 0 slots: 0x00007f43c4000d88 points into unknown readable memory: 0x00007f445ddb0070 | 70 00 db 5d 44 7f 00 00
stack at sp + 1 slots: 0x00007f43c4000f68 points into unknown readable memory: 0x0000000000000000 | 00 00 00 00 00 00 00 00
stack at sp + 2 slots: 0x00000040a27f782c is an unknown value
stack at sp + 3 slots: 0x00007f43c4000d70 points into unknown readable memory: 0x00007f445ddafe68 | 68 fe da 5d 44 7f 00 00
stack at sp + 4 slots: 0x0000000000000008 is an unknown value
stack at sp + 5 slots: 0x0000000000000001 is an unknown value
stack at sp + 6 slots: 0x00007f442caf7ab0 points into unknown readable memory: 0x00007f43c4000d70 | 70 0d 00 c4 43 7f 00 00
stack at sp + 7 slots: 0x00007f43c4000ef0 points into unknown readable memory: 0x00007f445ddaff28 | 28 ff da 5d 44 7f 00 00


---------------  P R O C E S S  ---------------

Threads class SMR info:
_java_thread_list=0x00007f43f003d0a0, length=13, elements={
0x00007f4458026360, 0x00007f44581d7770, 0x00007f44581d8dd0, 0x00007f4458210fb0,
0x00007f4458212370, 0x00007f4458213790, 0x00007f4458206280, 0x00007f4458207770,
0x00007f4458208bf0, 0x00007f4458286ae0, 0x00007f44582923e0, 0x00007f44080966a0,
0x00007f43f003c0c0
}

Java Threads: ( => current thread )
  0x00007f4458026360 JavaThread "main" [_thread_blocked, id=7904, stack(0x00007f445df00000,0x00007f445e000000)]
  0x00007f44581d7770 JavaThread "Reference Handler" daemon [_thread_blocked, id=7911, stack(0x00007f443c7bb000,0x00007f443c8bb000)]
  0x00007f44581d8dd0 JavaThread "Finalizer" daemon [_thread_blocked, id=7912, stack(0x00007f443c6bb000,0x00007f443c7bb000)]
  0x00007f4458210fb0 JavaThread "Signal Dispatcher" daemon [_thread_blocked, id=7913, stack(0x00007f443c5bb000,0x00007f443c6bb000)]
  0x00007f4458212370 JavaThread "Service Thread" daemon [_thread_blocked, id=7914, stack(0x00007f443c4bb000,0x00007f443c5bb000)]
  0x00007f4458213790 JavaThread "Monitor Deflation Thread" daemon [_thread_blocked, id=7915, stack(0x00007f443c3bb000,0x00007f443c4bb000)]
  0x00007f4458206280 JavaThread "C2 CompilerThread0" daemon [_thread_blocked, id=7916, stack(0x00007f443c2bb000,0x00007f443c3bb000)]
  0x00007f4458207770 JavaThread "C1 CompilerThread0" daemon [_thread_blocked, id=7917, stack(0x00007f443c1bb000,0x00007f443c2bb000)]
  0x00007f4458208bf0 JavaThread "Sweeper thread" daemon [_thread_blocked, id=7918, stack(0x00007f443c0bb000,0x00007f443c1bb000)]
  0x00007f4458286ae0 JavaThread "Notification Thread" daemon [_thread_blocked, id=7919, stack(0x00007f442d900000,0x00007f442da00000)]
  0x00007f44582923e0 JavaThread "Common-Cleaner" daemon [_thread_blocked, id=7921, stack(0x00007f442d6ff000,0x00007f442d7ff000)]
  0x00007f44080966a0 JavaThread "C2 CompilerThread1" daemon [_thread_blocked, id=7922, stack(0x00007f442d5ff000,0x00007f442d6ff000)]
  0x00007f43f003c0c0 JavaThread "C2 CompilerThread2" daemon [_thread_blocked, id=7923, stack(0x00007f442d4ff000,0x00007f442d5ff000)]

Other Threads:
  0x00007f44581c7ae0 VMThread "VM Thread" [stack: 0x00007f443c8bc000,0x00007f443c9bc000] [id=7910]
  0x00007f44581876b0 WatcherThread [stack: 0x00007f442d800000,0x00007f442d900000] [id=7920]
  0x00007f4458087e80 GCTaskThread "GC Thread#0" [stack: 0x00007f4457f00000,0x00007f4458000000] [id=7905]
  0x00007f441c006580 GCTaskThread "GC Thread#1" [stack: 0x00007f442d100000,0x00007f442d200000] [id=7924]
  0x00007f441c006f90 GCTaskThread "GC Thread#2" [stack: 0x00007f442cfff000,0x00007f442d0ff000] [id=7925]
  0x00007f441c0079a0 GCTaskThread "GC Thread#3" [stack: 0x00007f442cefe000,0x00007f442cffe000] [id=7926]
  0x00007f441c0083b0 GCTaskThread "GC Thread#4" [stack: 0x00007f442cdfd000,0x00007f442cefd000] [id=7927]
  0x00007f441c00db20 GCTaskThread "GC Thread#5" [stack: 0x00007f442ccfc000,0x00007f442cdfc000] [id=7928]
  0x00007f441c00c650 GCTaskThread "GC Thread#6" [stack: 0x00007f442cbfb000,0x00007f442ccfb000] [id=7929]
  0x00007f441c00cdf0 GCTaskThread "GC Thread#7" [stack: 0x00007f442cafa000,0x00007f442cbfa000] [id=7930]
=>0x00007f441c00ff30 GCTaskThread "GC Thread#8" [stack: 0x00007f442c9f9000,0x00007f442caf9000] [id=7931]
  0x00007f441c00fad0 GCTaskThread "GC Thread#9" [stack: 0x00007f442c6f6000,0x00007f442c7f6000] [id=7934]
  0x00007f4458096c20 ConcurrentGCThread "G1 Main Marker" [stack: 0x00007f443d8c0000,0x00007f443d9c0000] [id=7906]
  0x00007f4458097b90 ConcurrentGCThread "G1 Conc#0" [stack: 0x00007f443d7bf000,0x00007f443d8bf000] [id=7907]
  0x00007f4430000eb0 ConcurrentGCThread "G1 Conc#1" [stack: 0x00007f442c8f8000,0x00007f442c9f8000] [id=7932]
  0x00007f4430001900 ConcurrentGCThread "G1 Conc#2" [stack: 0x00007f442c7f7000,0x00007f442c8f7000] [id=7933]
  0x00007f4458141b40 ConcurrentGCThread "G1 Refine#0" [stack: 0x00007f443ccb4000,0x00007f443cdb4000] [id=7908]
  0x00007f4458142a40 ConcurrentGCThread "G1 Service" [stack: 0x00007f443cbb3000,0x00007f443ccb3000] [id=7909]

Threads with active compile tasks:
C2 CompilerThread0     1467 1310 %     4       java.util.HashMap::resize @ 151 (356 bytes)
C1 CompilerThread0     1467 1333 %     3       java.util.zip.ZipFile$Source::initCEN @ 240 (591 bytes)
C2 CompilerThread1     1467 1258       4       org.jetbrains.kotlin.com.intellij.openapi.vfs.impl.ArchiveHandler::directoryEntry (144 bytes)
C2 CompilerThread2     1467 1277       4       org.jetbrains.kotlin.com.intellij.openapi.vfs.impl.ArchiveHandler::processEntry (225 bytes)

VM state: at safepoint (normal execution)

VM Mutex/Monitor currently owned by a thread:  ([mutex/lock_event])
[0x00007f44580232e0] Threads_lock - owner thread: 0x00007f44581c7ae0
[0x00007f4458023b50] Heap_lock - owner thread: 0x00007f4458026360

Heap address: 0x0000000728000000, size: 3456 MB, Compressed Oops mode: Zero based, Oop shift amount: 3

CDS archive(s) not mapped
Compressed class space mapped at: 0x0000000800000000-0x0000000840000000, reserved size: 1073741824
Narrow klass base: 0x0000000800000000, Narrow klass shift: 0, Narrow klass range: 0x40000000

GC Precious Log:
 CPUs: 16 total, 12 available
 Memory: 13817M
 Large Page Support: Disabled
 NUMA Support: Disabled
 Compressed Oops: Enabled (Zero based)
 Heap Region Size: 2M
 Heap Min Capacity: 8M
 Heap Initial Capacity: 216M
 Heap Max Capacity: 3456M
 Pre-touch: Disabled
 Parallel Workers: 10
 Concurrent Workers: 3
 Concurrent Refinement Workers: 10
 Periodic GC: Disabled

Heap:
 garbage-first heap   total 34816K, used 21883K [0x0000000728000000, 0x0000000800000000)
  region size 2048K, 5 young (10240K), 1 survivors (2048K)
 Metaspace       used 24164K, committed 24384K, reserved 1114112K
  class space    used 2915K, committed 3008K, reserved 1048576K

Heap Regions: E=young(eden), S=young(survivor), O=old, HS=humongous(starts), HC=humongous(continues), CS=collection set, F=free, OA=open archive, CA=closed archive, TAMS=top-at-mark-start (previous, next)
|   0|0x0000000728000000, 0x0000000728200000, 0x0000000728200000|100%|HS|  |TAMS 0x0000000728200000, 0x0000000728000000| Complete 
|   1|0x0000000728200000, 0x0000000728400000, 0x0000000728400000|100%|HC|  |TAMS 0x0000000728400000, 0x0000000728200000| Complete 
|   2|0x0000000728400000, 0x0000000728600000, 0x0000000728600000|100%|HS|  |TAMS 0x0000000728400000, 0x0000000728400000| Complete 
|   3|0x0000000728600000, 0x000000072875ee40, 0x0000000728800000| 68%| E|CS|TAMS 0x0000000728600000, 0x0000000728600000| Complete 
|   4|0x0000000728800000, 0x0000000728a00000, 0x0000000728a00000|100%| E|CS|TAMS 0x0000000728800000, 0x0000000728800000| Complete 
|   5|0x0000000728a00000, 0x0000000728c00000, 0x0000000728c00000|100%| E|CS|TAMS 0x0000000728a00000, 0x0000000728a00000| Complete 
|   6|0x0000000728c00000, 0x0000000728e00000, 0x0000000728e00000|100%| E|CS|TAMS 0x0000000728c00000, 0x0000000728c00000| Complete 
|   7|0x0000000728e00000, 0x0000000729000000, 0x0000000729000000|100%| O|  |TAMS 0x0000000728e00000, 0x0000000728e00000| Untracked 
|   8|0x0000000729000000, 0x0000000729200000, 0x0000000729200000|100%| O|  |TAMS 0x0000000729000000, 0x0000000729000000| Untracked 
|   9|0x0000000729200000, 0x0000000729400000, 0x0000000729400000|100%| O|  |TAMS 0x0000000729200000, 0x0000000729200000| Untracked 
|  10|0x0000000729400000, 0x00000007294bdae0, 0x0000000729600000| 37%| O|  |TAMS 0x0000000729400000, 0x0000000729400000| Untracked 
|  11|0x0000000729600000, 0x0000000729600000, 0x0000000729800000|  0%| F|  |TAMS 0x0000000729600000, 0x0000000729600000| Untracked 
|  12|0x0000000729800000, 0x0000000729a00000, 0x0000000729a00000|100%| S|  |TAMS 0x0000000729800000, 0x0000000729800000| Complete 
|  13|0x0000000729a00000, 0x0000000729c00000, 0x0000000729c00000|100%| E|CS|TAMS 0x0000000729a00000, 0x0000000729a00000| Complete 
|  90|0x0000000733400000, 0x0000000733600000, 0x0000000733600000|100%| E|CS|TAMS 0x0000000733400000, 0x0000000733400000| Complete 
|  91|0x0000000733600000, 0x0000000733800000, 0x0000000733800000|100%| E|CS|TAMS 0x0000000733600000, 0x0000000733600000| Complete 
| 107|0x0000000735600000, 0x0000000735800000, 0x0000000735800000|100%| E|CS|TAMS 0x0000000735600000, 0x0000000735600000| Complete 

Card table byte_map: [0x00007f4444c80000,0x00007f4445340000] _byte_map_base: 0x00007f4441340000

Marking Bits (Prev, Next): (CMBitMap*) 0x00007f4458088950, (CMBitMap*) 0x00007f4458088910
 Prev Bits: [0x00007f443d9c0000, 0x00007f4440fc0000)
 Next Bits: [0x00007f4440fc0000, 0x00007f44445c0000)

Polling page: 0x00007f445e3e1000

Metaspace:

Usage:
  Non-class:     20,75 MB used.
      Class:      2,85 MB used.
       Both:     23,60 MB used.

Virtual space:
  Non-class space:       64,00 MB reserved,      20,88 MB ( 33%) committed,  1 nodes.
      Class space:        1,00 GB reserved,       2,94 MB ( <1%) committed,  1 nodes.
             Both:        1,06 GB reserved,      23,81 MB (  2%) committed. 

Chunk freelists:
   Non-Class:  11,00 MB
       Class:  13,05 MB
        Both:  24,05 MB

MaxMetaspaceSize: unlimited
CompressedClassSpaceSize: 1,00 GB
Initial GC threshold: 21,00 MB
Current GC threshold: 35,12 MB
CDS: off
MetaspaceReclaimPolicy: balanced
 - commit_granule_bytes: 65536.
 - commit_granule_words: 8192.
 - virtual_space_node_default_size: 8388608.
 - enlarge_chunks_in_place: 1.
 - new_chunks_are_fully_committed: 0.
 - uncommit_free_chunks: 1.
 - use_allocation_guard: 0.
 - handle_deallocations: 1.


Internal statistics:

num_allocs_failed_limit: 3.
num_arena_births: 112.
num_arena_deaths: 0.
num_vsnodes_births: 2.
num_vsnodes_deaths: 0.
num_space_committed: 380.
num_space_uncommitted: 0.
num_chunks_returned_to_freelist: 3.
num_chunks_taken_from_freelist: 670.
num_chunk_merges: 3.
num_chunk_splits: 522.
num_chunks_enlarged: 459.
num_inconsistent_stats: 0.

CodeHeap 'non-profiled nmethods': size=120028Kb used=594Kb max_used=594Kb free=119433Kb
 bounds [0x00007f444d4c9000, 0x00007f444d739000, 0x00007f4454a00000]
CodeHeap 'profiled nmethods': size=120028Kb used=2150Kb max_used=2150Kb free=117877Kb
 bounds [0x00007f4445a00000, 0x00007f4445c70000, 0x00007f444cf37000]
CodeHeap 'non-nmethods': size=5704Kb used=1185Kb max_used=1223Kb free=4518Kb
 bounds [0x00007f444cf37000, 0x00007f444d1a7000, 0x00007f444d4c9000]
 total_blobs=1813 nmethods=1327 adapters=400
 compilation: enabled
              stopped_count=0, restarted_count=0
 full_count=0

Compilation events (20 events):
Event: 1,406 Thread 0x00007f4458207770 nmethod 1323 0x00007f4445c14f10 code [0x00007f4445c151c0, 0x00007f4445c163e0]
Event: 1,406 Thread 0x00007f4458207770 1324  s    3       jdk.internal.perf.PerfCounter::add (18 bytes)
Event: 1,406 Thread 0x00007f4458207770 nmethod 1324 0x00007f4445c16990 code [0x00007f4445c16b60, 0x00007f4445c16f30]
Event: 1,406 Thread 0x00007f4458207770 1325  s    3       jdk.internal.perf.PerfCounter::get (9 bytes)
Event: 1,407 Thread 0x00007f4458207770 nmethod 1325 0x00007f4445c17110 code [0x00007f4445c172c0, 0x00007f4445c174c0]
Event: 1,407 Thread 0x00007f4458207770 1326       1       org.jetbrains.kotlin.com.intellij.util.containers.hash.LinkedHashMap$Entry::access$300 (5 bytes)
Event: 1,407 Thread 0x00007f4458207770 nmethod 1326 0x00007f444d55d610 code [0x00007f444d55d7a0, 0x00007f444d55d850]
Event: 1,407 Thread 0x00007f4458207770 1327       3       sun.nio.fs.UnixPath::isEmpty (14 bytes)
Event: 1,407 Thread 0x00007f4458207770 nmethod 1327 0x00007f4445c17590 code [0x00007f4445c17720, 0x00007f4445c17890]
Event: 1,407 Thread 0x00007f4458207770 1328       3       java.nio.file.attribute.FileTime::toMillis (98 bytes)
Event: 1,408 Thread 0x00007f4458207770 nmethod 1328 0x00007f4445c17990 code [0x00007f4445c17b80, 0x00007f4445c18040]
Event: 1,408 Thread 0x00007f4458207770 1329   !   3       sun.nio.fs.UnixFileAttributes::toFileTime (60 bytes)
Event: 1,409 Thread 0x00007f4458207770 nmethod 1329 0x00007f4445c18210 code [0x00007f4445c18400, 0x00007f4445c18700]
Event: 1,409 Thread 0x00007f4458207770 1330       3       jdk.internal.misc.Unsafe::checkSize (32 bytes)
Event: 1,409 Thread 0x00007f4458207770 nmethod 1330 0x00007f4445c18890 code [0x00007f4445c18a40, 0x00007f4445c18cc0]
Event: 1,410 Thread 0x00007f4458207770 1331       3       java.nio.file.Files::provider (10 bytes)
Event: 1,411 Thread 0x00007f4458207770 nmethod 1331 0x00007f4445c18d90 code [0x00007f4445c18f40, 0x00007f4445c19130]
Event: 1,411 Thread 0x00007f4458207770 1332       3       sun.nio.fs.UnixPath::toUnixPath (32 bytes)
Event: 1,411 Thread 0x00007f4458207770 nmethod 1332 0x00007f4445c19290 code [0x00007f4445c19460, 0x00007f4445c198f0]
Event: 1,412 Thread 0x00007f4458207770 1333 %     3       java.util.zip.ZipFile$Source::initCEN @ 240 (591 bytes)

GC Heap History (7 events):
Event: 0,752 GC heap before
{Heap before GC invocations=0 (full 0):
 garbage-first heap   total 221184K, used 26624K [0x0000000728000000, 0x0000000800000000)
  region size 2048K, 11 young (22528K), 0 survivors (0K)
 Metaspace       used 13106K, committed 13184K, reserved 1114112K
  class space    used 1242K, committed 1280K, reserved 1048576K
}
Event: 0,758 GC heap after
{Heap after GC invocations=1 (full 0):
 garbage-first heap   total 221184K, used 6912K [0x0000000728000000, 0x0000000800000000)
  region size 2048K, 2 young (4096K), 2 survivors (4096K)
 Metaspace       used 13106K, committed 13184K, reserved 1114112K
  class space    used 1242K, committed 1280K, reserved 1048576K
}
Event: 1,138 GC heap before
{Heap before GC invocations=1 (full 0):
 garbage-first heap   total 221184K, used 33536K [0x0000000728000000, 0x0000000800000000)
  region size 2048K, 16 young (32768K), 2 survivors (4096K)
 Metaspace       used 21391K, committed 21504K, reserved 1114112K
  class space    used 2305K, committed 2368K, reserved 1048576K
}
Event: 1,142 GC heap after
{Heap after GC invocations=2 (full 0):
 garbage-first heap   total 221184K, used 8187K [0x0000000728000000, 0x0000000800000000)
  region size 2048K, 2 young (4096K), 2 survivors (4096K)
 Metaspace       used 21391K, committed 21504K, reserved 1114112K
  class space    used 2305K, committed 2368K, reserved 1048576K
}
Event: 1,360 GC heap before
{Heap before GC invocations=3 (full 0):
 garbage-first heap   total 34816K, used 24571K [0x0000000728000000, 0x0000000800000000)
  region size 2048K, 10 young (20480K), 2 survivors (4096K)
 Metaspace       used 24133K, committed 24384K, reserved 1114112K
  class space    used 2915K, committed 3008K, reserved 1048576K
}
Event: 1,369 GC heap after
{Heap after GC invocations=4 (full 0):
 garbage-first heap   total 34816K, used 13691K [0x0000000728000000, 0x0000000800000000)
  region size 2048K, 4 young (8192K), 4 survivors (8192K)
 Metaspace       used 24133K, committed 24384K, reserved 1114112K
  class space    used 2915K, committed 3008K, reserved 1048576K
}
Event: 1,414 GC heap before
{Heap before GC invocations=4 (full 0):
 garbage-first heap   total 34816K, used 21883K [0x0000000728000000, 0x0000000800000000)
  region size 2048K, 8 young (16384K), 4 survivors (8192K)
 Metaspace       used 24164K, committed 24384K, reserved 1114112K
  class space    used 2915K, committed 3008K, reserved 1048576K
}

Dll operation events (6 events):
Event: 0,001 Loaded shared library /home/rodion/.local/share/JetBrains/Toolbox/apps/android-studio-2/jbr/lib/libjava.so
Event: 0,078 Loaded shared library /home/rodion/.local/share/JetBrains/Toolbox/apps/android-studio-2/jbr/lib/libnio.so
Event: 0,108 Loaded shared library /home/rodion/.local/share/JetBrains/Toolbox/apps/android-studio-2/jbr/lib/libzip.so
Event: 0,153 Loaded shared library /home/rodion/.local/share/JetBrains/Toolbox/apps/android-studio-2/jbr/lib/libjimage.so
Event: 0,249 Loaded shared library /home/rodion/.local/share/JetBrains/Toolbox/apps/android-studio-2/jbr/lib/libverify.so
Event: 0,320 Loaded shared library /tmp/libjansi-1.9.21-release-633-17807316281694505971.so

Deoptimization events (20 events):
Event: 0,941 Thread 0x00007f4458026360 Uncommon trap: trap_request=0xffffffde fr.pc=0x00007f444d51cba8 relative=0x0000000000000108
Event: 0,941 Thread 0x00007f4458026360 Uncommon trap: reason=class_check action=maybe_recompile pc=0x00007f444d51cba8 method=jdk.internal.misc.Unsafe.allocateUninitializedArray(Ljava/lang/Class;I)Ljava/lang/Object; @ 51 c2
Event: 0,941 Thread 0x00007f4458026360 DEOPT PACKING pc=0x00007f444d51cba8 sp=0x00007f445dffc870
Event: 0,941 Thread 0x00007f4458026360 DEOPT UNPACKING pc=0x00007f444cf8d699 sp=0x00007f445dffc818 mode 2
Event: 0,941 Thread 0x00007f4458026360 Uncommon trap: trap_request=0xffffffde fr.pc=0x00007f444d51cba8 relative=0x0000000000000108
Event: 0,941 Thread 0x00007f4458026360 Uncommon trap: reason=class_check action=maybe_recompile pc=0x00007f444d51cba8 method=jdk.internal.misc.Unsafe.allocateUninitializedArray(Ljava/lang/Class;I)Ljava/lang/Object; @ 51 c2
Event: 0,941 Thread 0x00007f4458026360 DEOPT PACKING pc=0x00007f444d51cba8 sp=0x00007f445dffc910
Event: 0,941 Thread 0x00007f4458026360 DEOPT UNPACKING pc=0x00007f444cf8d699 sp=0x00007f445dffc8b8 mode 2
Event: 0,980 Thread 0x00007f4458026360 Uncommon trap: trap_request=0xffffff45 fr.pc=0x00007f444d4f98f8 relative=0x0000000000000678
Event: 0,980 Thread 0x00007f4458026360 Uncommon trap: reason=unstable_if action=reinterpret pc=0x00007f444d4f98f8 method=sun.reflect.annotation.AnnotationInvocationHandler.invoke(Ljava/lang/Object;Ljava/lang/reflect/Method;[Ljava/lang/Object;)Ljava/lang/Object; @ 91 c2
Event: 0,980 Thread 0x00007f4458026360 DEOPT PACKING pc=0x00007f444d4f98f8 sp=0x00007f445dffd680
Event: 0,980 Thread 0x00007f4458026360 DEOPT UNPACKING pc=0x00007f444cf8d699 sp=0x00007f445dffd640 mode 2
Event: 1,335 Thread 0x00007f4458026360 Uncommon trap: trap_request=0xffffff45 fr.pc=0x00007f444d541a40 relative=0x00000000000004e0
Event: 1,335 Thread 0x00007f4458026360 Uncommon trap: reason=unstable_if action=reinterpret pc=0x00007f444d541a40 method=org.jetbrains.kotlin.com.intellij.openapi.vfs.impl.ZipEntryMap.isTheOne(Lorg/jetbrains/kotlin/com/intellij/openapi/vfs/impl/ArchiveHandler$EntryInfo;Ljava/lang/CharSequence;
Event: 1,335 Thread 0x00007f4458026360 DEOPT PACKING pc=0x00007f444d541a40 sp=0x00007f445dffd6d0
Event: 1,335 Thread 0x00007f4458026360 DEOPT UNPACKING pc=0x00007f444cf8d699 sp=0x00007f445dffd6a0 mode 2
Event: 1,397 Thread 0x00007f4458026360 Uncommon trap: trap_request=0xffffff45 fr.pc=0x00007f444d559f0c relative=0x00000000000004cc
Event: 1,397 Thread 0x00007f4458026360 Uncommon trap: reason=unstable_if action=reinterpret pc=0x00007f444d559f0c method=org.jetbrains.kotlin.com.intellij.openapi.util.text.StringUtil.trimTrailing(Ljava/lang/String;C)Ljava/lang/String; @ 27 c2
Event: 1,397 Thread 0x00007f4458026360 DEOPT PACKING pc=0x00007f444d559f0c sp=0x00007f445dffd800
Event: 1,397 Thread 0x00007f4458026360 DEOPT UNPACKING pc=0x00007f444cf8d699 sp=0x00007f445dffd7c0 mode 2

Classes unloaded (0 events):
No events

Classes redefined (0 events):
No events

Internal exceptions (20 events):
Event: 0,876 Thread 0x00007f4458026360 Exception <a 'java/lang/NoSuchMethodError'{0x0000000734e3fe98}: 'long java.lang.invoke.DirectMethodHandle$Holder.invokeStaticInit(java.lang.Object)'> (0x0000000734e3fe98) 
thrown [src/hotspot/share/interpreter/linkResolver.cpp, line 771]
Event: 0,909 Thread 0x00007f4458026360 Exception <a 'java/lang/NoSuchMethodError'{0x0000000734ffe2f0}: 'int java.lang.invoke.DirectMethodHandle$Holder.invokeStaticInit(java.lang.Object, java.lang.Object, java.lang.Object, java.lang.Object)'> (0x0000000734ffe2f0) 
thrown [src/hotspot/share/interpreter/linkResolver.cpp, line 771]
Event: 0,925 Thread 0x00007f4458026360 Exception <a 'java/lang/NoSuchMethodError'{0x0000000734dc2198}: 'long java.lang.invoke.Invokers$Holder.invoke_MT(java.lang.Object, java.lang.Object, java.lang.Object, java.lang.Object)'> (0x0000000734dc2198) 
thrown [src/hotspot/share/interpreter/linkResolver.cpp, line 771]
Event: 0,926 Thread 0x00007f4458026360 Exception <a 'java/lang/NoSuchMethodError'{0x0000000734dcd850}: 'int java.lang.invoke.DirectMethodHandle$Holder.invokeSpecial(java.lang.Object, java.lang.Object, java.lang.Object)'> (0x0000000734dcd850) 
thrown [src/hotspot/share/interpreter/linkResolver.cpp, line 771]
Event: 0,927 Thread 0x00007f4458026360 Exception <a 'java/lang/NoSuchMethodError'{0x0000000734dd1788}: 'int java.lang.invoke.DirectMethodHandle$Holder.invokeSpecial(java.lang.Object, java.lang.Object, java.lang.Object, java.lang.Object)'> (0x0000000734dd1788) 
thrown [src/hotspot/share/interpreter/linkResolver.cpp, line 771]
Event: 0,927 Thread 0x00007f4458026360 Exception <a 'java/lang/NoSuchMethodError'{0x0000000734dd4df0}: 'int java.lang.invoke.Invokers$Holder.invoke_MT(java.lang.Object, java.lang.Object, java.lang.Object, java.lang.Object)'> (0x0000000734dd4df0) 
thrown [src/hotspot/share/interpreter/linkResolver.cpp, line 771]
Event: 0,928 Thread 0x00007f4458026360 Exception <a 'java/lang/NoSuchMethodError'{0x0000000734de44a0}: 'void java.lang.invoke.DelegatingMethodHandle$Holder.reinvoke_L(java.lang.Object, java.lang.Object, java.lang.Object, long, java.lang.Object)'> (0x0000000734de44a0) 
thrown [src/hotspot/share/interpreter/linkResolver.cpp, line 771]
Event: 0,929 Thread 0x00007f4458026360 Exception <a 'java/lang/NoSuchMethodError'{0x0000000734dec0d8}: 'java.lang.Object java.lang.invoke.DirectMethodHandle$Holder.invokeSpecial(java.lang.Object, java.lang.Object, java.lang.Object, java.lang.Object, long)'> (0x0000000734dec0d8) 
thrown [src/hotspot/share/interpreter/linkResolver.cpp, line 771]
Event: 0,930 Thread 0x00007f4458026360 Exception <a 'java/lang/NoSuchMethodError'{0x0000000734dfb498}: 'int java.lang.invoke.DelegatingMethodHandle$Holder.reinvoke_L(java.lang.Object, java.lang.Object, java.lang.Object, long, java.lang.Object, java.lang.Object)'> (0x0000000734dfb498) 
thrown [src/hotspot/share/interpreter/linkResolver.cpp, line 771]
Event: 0,931 Thread 0x00007f4458026360 Exception <a 'java/lang/NoSuchMethodError'{0x0000000734a0a4c0}: 'int java.lang.invoke.DelegatingMethodHandle$Holder.reinvoke_L(java.lang.Object, java.lang.Object, java.lang.Object, long, int, int)'> (0x0000000734a0a4c0) 
thrown [src/hotspot/share/interpreter/linkResolver.cpp, line 771]
Event: 0,932 Thread 0x00007f4458026360 Exception <a 'java/lang/NoSuchMethodError'{0x0000000734a18df8}: 'int java.lang.invoke.DelegatingMethodHandle$Holder.reinvoke_L(java.lang.Object, java.lang.Object, java.lang.Object, long, long, long)'> (0x0000000734a18df8) 
thrown [src/hotspot/share/interpreter/linkResolver.cpp, line 771]
Event: 0,933 Thread 0x00007f4458026360 Exception <a 'java/lang/NoSuchMethodError'{0x0000000734a27410}: 'int java.lang.invoke.DelegatingMethodHandle$Holder.reinvoke_L(java.lang.Object, java.lang.Object, java.lang.Object, long, int)'> (0x0000000734a27410) 
thrown [src/hotspot/share/interpreter/linkResolver.cpp, line 771]
Event: 0,943 Thread 0x00007f4458026360 Exception <a 'java/lang/NoSuchMethodError'{0x0000000734acf0a8}: 'int java.lang.invoke.DirectMethodHandle$Holder.invokeStaticInit(java.lang.Object, java.lang.Object, java.lang.Object)'> (0x0000000734acf0a8) 
thrown [src/hotspot/share/interpreter/linkResolver.cpp, line 771]
Event: 0,946 Thread 0x00007f4458026360 Exception <a 'java/lang/NoSuchMethodError'{0x0000000734af6ef0}: 'int java.lang.invoke.DirectMethodHandle$Holder.invokeStaticInit(java.lang.Object, java.lang.Object)'> (0x0000000734af6ef0) 
thrown [src/hotspot/share/interpreter/linkResolver.cpp, line 771]
Event: 0,960 Thread 0x00007f4458026360 Exception <a 'java/lang/NoSuchMethodError'{0x0000000734bd6298}: 'void java.lang.invoke.DirectMethodHandle$Holder.invokeSpecial(java.lang.Object, java.lang.Object, java.lang.Object)'> (0x0000000734bd6298) 
thrown [src/hotspot/share/interpreter/linkResolver.cpp, line 771]
Event: 1,011 Thread 0x00007f4458026360 Exception <a 'java/lang/NoSuchMethodError'{0x00000007346f9cb0}: 'void java.lang.invoke.DirectMethodHandle$Holder.invokeStatic(java.lang.Object, java.lang.Object, java.lang.Object, java.lang.Object)'> (0x00000007346f9cb0) 
thrown [src/hotspot/share/interpreter/linkResolver.cpp, line 771]
Event: 1,057 Thread 0x00007f4458026360 Exception <a 'java/lang/NoSuchMethodError'{0x00000007342c0218}: 'void java.lang.invoke.DirectMethodHandle$Holder.invokeStaticInit(java.lang.Object, java.lang.Object)'> (0x00000007342c0218) 
thrown [src/hotspot/share/interpreter/linkResolver.cpp, line 771]
Event: 1,125 Thread 0x00007f4458026360 Exception <a 'java/lang/NoSuchMethodError'{0x0000000733bec768}: 'void java.lang.invoke.DirectMethodHandle$Holder.invokeVirtual(java.lang.Object, java.lang.Object)'> (0x0000000733bec768) 
thrown [src/hotspot/share/interpreter/linkResolver.cpp, line 771]
Event: 1,130 Thread 0x00007f4458026360 Exception <a 'java/lang/NoSuchMethodError'{0x0000000733840148}: 'int java.lang.invoke.DirectMethodHandle$Holder.invokeVirtual(java.lang.Object, java.lang.Object)'> (0x0000000733840148) 
thrown [src/hotspot/share/interpreter/linkResolver.cpp, line 771]
Event: 1,148 Thread 0x00007f4458026360 Exception <a 'java/lang/NoSuchMethodError'{0x0000000735632108}: 'java.lang.Object java.lang.invoke.Invokers$Holder.invokeExact_MT(java.lang.Object, java.lang.Object, java.lang.Object, java.lang.Object, java.lang.Object, java.lang.Object)'> (0x0000000735632108) 
thrown [src/hotspot/share/interpreter/linkResolver.cpp, line 771]

VM Operations (20 events):
Event: 0,111 Executing VM operation: HandshakeAllThreads done
Event: 0,643 Executing VM operation: HandshakeAllThreads
Event: 0,643 Executing VM operation: HandshakeAllThreads done
Event: 0,723 Executing VM operation: HandshakeAllThreads
Event: 0,723 Executing VM operation: HandshakeAllThreads done
Event: 0,751 Executing VM operation: G1CollectForAllocation
Event: 0,758 Executing VM operation: G1CollectForAllocation done
Event: 0,762 Executing VM operation: HandshakeAllThreads
Event: 0,762 Executing VM operation: HandshakeAllThreads done
Event: 0,848 Executing VM operation: HandshakeAllThreads
Event: 0,848 Executing VM operation: HandshakeAllThreads done
Event: 1,138 Executing VM operation: CollectForMetadataAllocation
Event: 1,142 Executing VM operation: CollectForMetadataAllocation done
Event: 1,144 Executing VM operation: G1PauseRemark
Event: 1,145 Executing VM operation: G1PauseRemark done
Event: 1,145 Executing VM operation: G1PauseCleanup
Event: 1,145 Executing VM operation: G1PauseCleanup done
Event: 1,360 Executing VM operation: G1CollectForAllocation
Event: 1,369 Executing VM operation: G1CollectForAllocation done
Event: 1,414 Executing VM operation: G1CollectForAllocation

Events (20 events):
Event: 1,102 loading class jdk/internal/reflect/UnsafeStaticIntegerFieldAccessorImpl
Event: 1,102 loading class jdk/internal/reflect/UnsafeStaticIntegerFieldAccessorImpl done
Event: 1,111 loading class java/util/Collections$UnmodifiableList
Event: 1,111 loading class java/util/Collections$UnmodifiableList done
Event: 1,111 loading class java/util/Collections$UnmodifiableRandomAccessList
Event: 1,111 loading class java/util/Collections$UnmodifiableRandomAccessList done
Event: 1,111 loading class java/util/Collections$UnmodifiableCollection$1
Event: 1,111 loading class java/util/Collections$UnmodifiableCollection$1 done
Event: 1,128 loading class java/lang/invoke/MethodHandle$1
Event: 1,128 loading class java/lang/invoke/MethodHandle$1 done
Event: 1,138 loading class java/util/function/UnaryOperator
Event: 1,138 loading class java/util/function/UnaryOperator done
Event: 1,259 loading class java/nio/file/InvalidPathException
Event: 1,259 loading class java/nio/file/InvalidPathException done
Event: 1,271 loading class java/util/DualPivotQuicksort
Event: 1,271 loading class java/util/DualPivotQuicksort done
Event: 1,273 loading class java/util/zip/ZipFile$ZipEntryIterator
Event: 1,273 loading class java/util/zip/ZipFile$ZipEntryIterator done
Event: 1,289 loading class java/util/AbstractMap$SimpleEntry
Event: 1,289 loading class java/util/AbstractMap$SimpleEntry done


Dynamic libraries:
00200000-00201000 r--p 00000000 103:04 2686830                           /home/rodion/.local/share/JetBrains/Toolbox/apps/android-studio-2/jbr/bin/java
00201000-00202000 r-xp 00000000 103:04 2686830                           /home/rodion/.local/share/JetBrains/Toolbox/apps/android-studio-2/jbr/bin/java
00202000-00203000 r--p 00000000 103:04 2686830                           /home/rodion/.local/share/JetBrains/Toolbox/apps/android-studio-2/jbr/bin/java
00203000-00204000 rw-p 00000000 103:04 2686830                           /home/rodion/.local/share/JetBrains/Toolbox/apps/android-studio-2/jbr/bin/java
00296000-002de000 rw-p 00000000 00:00 0                                  [heap]
728000000-729c00000 rw-p 00000000 00:00 0 
729c00000-733400000 ---p 00000000 00:00 0 
733400000-733800000 rw-p 00000000 00:00 0 
733800000-735600000 ---p 00000000 00:00 0 
735600000-735800000 rw-p 00000000 00:00 0 
735800000-800000000 ---p 00000000 00:00 0 
800000000-800030000 rw-p 00000000 00:00 0 
800030000-8000b0000 rw-p 00000000 00:00 0 
8000b0000-8000d0000 rw-p 00000000 00:00 0 
8000d0000-8000f0000 rw-p 00000000 00:00 0 
8000f0000-800170000 rw-p 00000000 00:00 0 
800170000-800180000 ---p 00000000 00:00 0 
800180000-800300000 rw-p 00000000 00:00 0 
800300000-840000000 ---p 00000000 00:00 0 
7f43bc000000-7f43bc021000 rw-p 00000000 00:00 0 
7f43bc021000-7f43c0000000 ---p 00000000 00:00 0 
7f43c0000000-7f43c0021000 rw-p 00000000 00:00 0 
7f43c0021000-7f43c4000000 ---p 00000000 00:00 0 
7f43c4000000-7f43c4036000 rw-p 00000000 00:00 0 
7f43c4036000-7f43c8000000 ---p 00000000 00:00 0 
7f43c8000000-7f43c8021000 rw-p 00000000 00:00 0 
7f43c8021000-7f43cc000000 ---p 00000000 00:00 0 
7f43cc000000-7f43cc021000 rw-p 00000000 00:00 0 
7f43cc021000-7f43d0000000 ---p 00000000 00:00 0 
7f43d0000000-7f43d0021000 rw-p 00000000 00:00 0 
7f43d0021000-7f43d4000000 ---p 00000000 00:00 0 
7f43d4000000-7f43d4021000 rw-p 00000000 00:00 0 
7f43d4021000-7f43d8000000 ---p 00000000 00:00 0 
7f43d8000000-7f43d8021000 rw-p 00000000 00:00 0 
7f43d8021000-7f43dc000000 ---p 00000000 00:00 0 
7f43dc000000-7f43dc021000 rw-p 00000000 00:00 0 
7f43dc021000-7f43e0000000 ---p 00000000 00:00 0 
7f43e0000000-7f43e0021000 rw-p 00000000 00:00 0 
7f43e0021000-7f43e4000000 ---p 00000000 00:00 0 
7f43e4000000-7f43e448e000 rw-p 00000000 00:00 0 
7f43e448e000-7f43e8000000 ---p 00000000 00:00 0 
7f43e8000000-7f43e8021000 rw-p 00000000 00:00 0 
7f43e8021000-7f43ec000000 ---p 00000000 00:00 0 
7f43ec000000-7f43ec021000 rw-p 00000000 00:00 0 
7f43ec021000-7f43f0000000 ---p 00000000 00:00 0 
7f43f0000000-7f43f02f1000 rw-p 00000000 00:00 0 
7f43f02f1000-7f43f4000000 ---p 00000000 00:00 0 
7f43f4000000-7f43f4021000 rw-p 00000000 00:00 0 
7f43f4021000-7f43f8000000 ---p 00000000 00:00 0 
7f43f8000000-7f43f8021000 rw-p 00000000 00:00 0 
7f43f8021000-7f43fc000000 ---p 00000000 00:00 0 
7f43fc000000-7f43fc2f6000 rw-p 00000000 00:00 0 
7f43fc2f6000-7f4400000000 ---p 00000000 00:00 0 
7f4400000000-7f4400021000 rw-p 00000000 00:00 0 
7f4400021000-7f4404000000 ---p 00000000 00:00 0 
7f4404000000-7f4404021000 rw-p 00000000 00:00 0 
7f4404021000-7f4408000000 ---p 00000000 00:00 0 
7f4408000000-7f44082dd000 rw-p 00000000 00:00 0 
7f44082dd000-7f440c000000 ---p 00000000 00:00 0 
7f440c000000-7f440c021000 rw-p 00000000 00:00 0 
7f440c021000-7f4410000000 ---p 00000000 00:00 0 
7f4410000000-7f4410021000 rw-p 00000000 00:00 0 
7f4410021000-7f4414000000 ---p 00000000 00:00 0 
7f4414000000-7f4414021000 rw-p 00000000 00:00 0 
7f4414021000-7f4418000000 ---p 00000000 00:00 0 
7f4418000000-7f4418021000 rw-p 00000000 00:00 0 
7f4418021000-7f441c000000 ---p 00000000 00:00 0 
7f441c000000-7f441c021000 rw-p 00000000 00:00 0 
7f441c021000-7f4420000000 ---p 00000000 00:00 0 
7f4420000000-7f4420021000 rw-p 00000000 00:00 0 
7f4420021000-7f4424000000 ---p 00000000 00:00 0 
7f4424000000-7f44244f0000 rw-p 00000000 00:00 0 
7f44244f0000-7f4424570000 rw-p 00000000 00:00 0 
7f4424570000-7f44245f0000 rw-p 00000000 00:00 0 
7f44245f0000-7f4424670000 rw-p 00000000 00:00 0 
7f4424670000-7f44246f0000 rw-p 00000000 00:00 0 
7f44246f0000-7f44248f0000 rw-p 00000000 00:00 0 
7f44248f0000-7f44249f0000 rw-p 00000000 00:00 0 
7f44249f0000-7f4424af0000 rw-p 00000000 00:00 0 
7f4424af0000-7f4424be0000 rw-p 00000000 00:00 0 
7f4424be0000-7f4424c00000 ---p 00000000 00:00 0 
7f4424c00000-7f4425500000 rw-p 00000000 00:00 0 
7f4425500000-7f4428000000 ---p 00000000 00:00 0 
7f4428000000-7f4428021000 rw-p 00000000 00:00 0 
7f4428021000-7f442c000000 ---p 00000000 00:00 0 
7f442c301000-7f442c6f5000 rw-p 00000000 00:00 0 
7f442c6f5000-7f442c6f6000 ---p 00000000 00:00 0 
7f442c6f6000-7f442c7f6000 rw-p 00000000 00:00 0 
7f442c7f6000-7f442c7f7000 ---p 00000000 00:00 0 
7f442c7f7000-7f442c8f7000 rw-p 00000000 00:00 0 
7f442c8f7000-7f442c8f8000 ---p 00000000 00:00 0 
7f442c8f8000-7f442c9f8000 rw-p 00000000 00:00 0 
7f442c9f8000-7f442c9f9000 ---p 00000000 00:00 0 
7f442c9f9000-7f442caf9000 rw-p 00000000 00:00 0 
7f442caf9000-7f442cafa000 ---p 00000000 00:00 0 
7f442cafa000-7f442cbfa000 rw-p 00000000 00:00 0 
7f442cbfa000-7f442cbfb000 ---p 00000000 00:00 0 
7f442cbfb000-7f442ccfb000 rw-p 00000000 00:00 0 
7f442ccfb000-7f442ccfc000 ---p 00000000 00:00 0 
7f442ccfc000-7f442cdfc000 rw-p 00000000 00:00 0 
7f442cdfc000-7f442cdfd000 ---p 00000000 00:00 0 
7f442cdfd000-7f442cefd000 rw-p 00000000 00:00 0 
7f442cefd000-7f442cefe000 ---p 00000000 00:00 0 
7f442cefe000-7f442cffe000 rw-p 00000000 00:00 0 
7f442cffe000-7f442cfff000 ---p 00000000 00:00 0 
7f442cfff000-7f442d0ff000 rw-p 00000000 00:00 0 
7f442d0ff000-7f442d100000 ---p 00000000 00:00 0 
7f442d100000-7f442d200000 rw-p 00000000 00:00 0 
7f442d200000-7f442d203000 r-xp 00000000 103:04 1445410                   /tmp/libjansi-1.9.21-release-633-17807316281694505971.so
7f442d203000-7f442d402000 ---p 00003000 103:04 1445410                   /tmp/libjansi-1.9.21-release-633-17807316281694505971.so
7f442d402000-7f442d403000 rw-p 00002000 103:04 1445410                   /tmp/libjansi-1.9.21-release-633-17807316281694505971.so
7f442d4ff000-7f442d503000 ---p 00000000 00:00 0 
7f442d503000-7f442d5ff000 rw-p 00000000 00:00 0 
7f442d5ff000-7f442d603000 ---p 00000000 00:00 0 
7f442d603000-7f442d6ff000 rw-p 00000000 00:00 0 
7f442d6ff000-7f442d703000 ---p 00000000 00:00 0 
7f442d703000-7f442d7ff000 rw-p 00000000 00:00 0 
7f442d7ff000-7f442d800000 ---p 00000000 00:00 0 
7f442d800000-7f442d900000 rw-p 00000000 00:00 0 
7f442d900000-7f442d904000 ---p 00000000 00:00 0 
7f442d904000-7f442da00000 rw-p 00000000 00:00 0 
7f442da00000-7f442df75000 r--p 00000000 103:04 1995264                   /usr/lib/locale/locale-archive
7f442e000000-7f4430021000 rw-p 00000000 00:00 0 
7f4430021000-7f4434000000 ---p 00000000 00:00 0 
7f4434000000-7f4434021000 rw-p 00000000 00:00 0 
7f4434021000-7f4438000000 ---p 00000000 00:00 0 
7f4438000000-7f4438021000 rw-p 00000000 00:00 0 
7f4438021000-7f443c000000 ---p 00000000 00:00 0 
7f443c08a000-7f443c0bb000 rw-p 00000000 00:00 0 
7f443c0bb000-7f443c0bf000 ---p 00000000 00:00 0 
7f443c0bf000-7f443c1bb000 rw-p 00000000 00:00 0 
7f443c1bb000-7f443c1bf000 ---p 00000000 00:00 0 
7f443c1bf000-7f443c2bb000 rw-p 00000000 00:00 0 
7f443c2bb000-7f443c2bf000 ---p 00000000 00:00 0 
7f443c2bf000-7f443c3bb000 rw-p 00000000 00:00 0 
7f443c3bb000-7f443c3bf000 ---p 00000000 00:00 0 
7f443c3bf000-7f443c4bb000 rw-p 00000000 00:00 0 
7f443c4bb000-7f443c4bf000 ---p 00000000 00:00 0 
7f443c4bf000-7f443c5bb000 rw-p 00000000 00:00 0 
7f443c5bb000-7f443c5bf000 ---p 00000000 00:00 0 
7f443c5bf000-7f443c6bb000 rw-p 00000000 00:00 0 
7f443c6bb000-7f443c6bf000 ---p 00000000 00:00 0 
7f443c6bf000-7f443c7bb000 rw-p 00000000 00:00 0 
7f443c7bb000-7f443c7bf000 ---p 00000000 00:00 0 
7f443c7bf000-7f443c8bb000 rw-p 00000000 00:00 0 
7f443c8bb000-7f443c8bc000 ---p 00000000 00:00 0 
7f443c8bc000-7f443c9bc000 rw-p 00000000 00:00 0 
7f443cad6000-7f443cbb2000 rw-p 00000000 00:00 0 
7f443cbb2000-7f443cbb3000 ---p 00000000 00:00 0 
7f443cbb3000-7f443ccb3000 rw-p 00000000 00:00 0 
7f443ccb3000-7f443ccb4000 ---p 00000000 00:00 0 
7f443ccb4000-7f443d7be000 rw-p 00000000 00:00 0 
7f443d7be000-7f443d7bf000 ---p 00000000 00:00 0 
7f443d7bf000-7f443d8bf000 rw-p 00000000 00:00 0 
7f443d8bf000-7f443d8c0000 ---p 00000000 00:00 0 
7f443d8c0000-7f443da30000 rw-p 00000000 00:00 0 
7f443da30000-7f443dc90000 ---p 00000000 00:00 0 
7f443dc90000-7f443dca0000 rw-p 00000000 00:00 0 
7f443dca0000-7f443dd18000 ---p 00000000 00:00 0 
7f443dd18000-7f443dd20000 rw-p 00000000 00:00 0 
7f443dd20000-7f4440fc0000 ---p 00000000 00:00 0 
7f4440fc0000-7f4441030000 rw-p 00000000 00:00 0 
7f4441030000-7f4441290000 ---p 00000000 00:00 0 
7f4441290000-7f44412a0000 rw-p 00000000 00:00 0 
7f44412a0000-7f4441318000 ---p 00000000 00:00 0 
7f4441318000-7f4441320000 rw-p 00000000 00:00 0 
7f4441320000-7f44445c0000 ---p 00000000 00:00 0 
7f44445c0000-7f44445ce000 rw-p 00000000 00:00 0 
7f44445ce000-7f444461a000 ---p 00000000 00:00 0 
7f444461a000-7f444461c000 rw-p 00000000 00:00 0 
7f444461c000-7f444462b000 ---p 00000000 00:00 0 
7f444462b000-7f444462c000 rw-p 00000000 00:00 0 
7f444462c000-7f4444c80000 ---p 00000000 00:00 0 
7f4444c80000-7f4444c8e000 rw-p 00000000 00:00 0 
7f4444c8e000-7f4444cda000 ---p 00000000 00:00 0 
7f4444cda000-7f4444cdc000 rw-p 00000000 00:00 0 
7f4444cdc000-7f4444ceb000 ---p 00000000 00:00 0 
7f4444ceb000-7f4444cec000 rw-p 00000000 00:00 0 
7f4444cec000-7f4445340000 ---p 00000000 00:00 0 
7f4445340000-7f444534e000 rw-p 00000000 00:00 0 
7f444534e000-7f444539a000 ---p 00000000 00:00 0 
7f444539a000-7f444539c000 rw-p 00000000 00:00 0 
7f444539c000-7f44453ab000 ---p 00000000 00:00 0 
7f44453ab000-7f44453ac000 rw-p 00000000 00:00 0 
7f44453ac000-7f4445a00000 ---p 00000000 00:00 0 
7f4445a00000-7f4445c70000 rwxp 00000000 00:00 0 
7f4445c70000-7f444cf37000 ---p 00000000 00:00 0 
7f444cf37000-7f444d1a7000 rwxp 00000000 00:00 0 
7f444d1a7000-7f444d4c9000 ---p 00000000 00:00 0 
7f444d4c9000-7f444d739000 rwxp 00000000 00:00 0 
7f444d739000-7f4454a00000 ---p 00000000 00:00 0 
7f4454a00000-7f4457ee6000 r--s 00000000 103:04 2686930                   /home/rodion/.local/share/JetBrains/Toolbox/apps/android-studio-2/jbr/lib/modules
7f4457eff000-7f4457f00000 ---p 00000000 00:00 0 
7f4457f00000-7f4458ba6000 rw-p 00000000 00:00 0 
7f4458ba6000-7f445c000000 ---p 00000000 00:00 0 
7f445c00f000-7f445c015000 r--p 00000000 103:04 2686927                   /home/rodion/.local/share/JetBrains/Toolbox/apps/android-studio-2/jbr/lib/libverify.so
7f445c015000-7f445c01d000 r-xp 00005000 103:04 2686927                   /home/rodion/.local/share/JetBrains/Toolbox/apps/android-studio-2/jbr/lib/libverify.so
7f445c01d000-7f445c01f000 r--p 0000c000 103:04 2686927                   /home/rodion/.local/share/JetBrains/Toolbox/apps/android-studio-2/jbr/lib/libverify.so
7f445c01f000-7f445c020000 rw-p 0000d000 103:04 2686927                   /home/rodion/.local/share/JetBrains/Toolbox/apps/android-studio-2/jbr/lib/libverify.so
7f445c020000-7f445ca2f000 rw-p 00000000 00:00 0 
7f445ca2f000-7f445cb15000 ---p 00000000 00:00 0 
7f445cb15000-7f445cb1a000 rw-p 00000000 00:00 0 
7f445cb1a000-7f445cc00000 ---p 00000000 00:00 0 
7f445cc00000-7f445d137000 r--p 00000000 103:04 2686942                   /home/rodion/.local/share/JetBrains/Toolbox/apps/android-studio-2/jbr/lib/server/libjvm.so
7f445d137000-7f445dd0f000 r-xp 00536000 103:04 2686942                   /home/rodion/.local/share/JetBrains/Toolbox/apps/android-studio-2/jbr/lib/server/libjvm.so
7f445dd0f000-7f445ddd1000 r--p 0110d000 103:04 2686942                   /home/rodion/.local/share/JetBrains/Toolbox/apps/android-studio-2/jbr/lib/server/libjvm.so
7f445ddd1000-7f445ddfa000 rw-p 011ce000 103:04 2686942                   /home/rodion/.local/share/JetBrains/Toolbox/apps/android-studio-2/jbr/lib/server/libjvm.so
7f445ddfa000-7f445de6e000 rw-p 00000000 00:00 0 
7f445de72000-7f445de79000 r--p 00000000 103:04 2686939                   /home/rodion/.local/share/JetBrains/Toolbox/apps/android-studio-2/jbr/lib/libnet.so
7f445de79000-7f445de86000 r-xp 00006000 103:04 2686939                   /home/rodion/.local/share/JetBrains/Toolbox/apps/android-studio-2/jbr/lib/libnet.so
7f445de86000-7f445de87000 r--p 00012000 103:04 2686939                   /home/rodion/.local/share/JetBrains/Toolbox/apps/android-studio-2/jbr/lib/libnet.so
7f445de87000-7f445de89000 rw-p 00012000 103:04 2686939                   /home/rodion/.local/share/JetBrains/Toolbox/apps/android-studio-2/jbr/lib/libnet.so
7f445de89000-7f445de94000 r--p 00000000 103:04 2686866                   /home/rodion/.local/share/JetBrains/Toolbox/apps/android-studio-2/jbr/lib/libnio.so
7f445de94000-7f445de9c000 r-xp 0000a000 103:04 2686866                   /home/rodion/.local/share/JetBrains/Toolbox/apps/android-studio-2/jbr/lib/libnio.so
7f445de9c000-7f445de9d000 r--p 00011000 103:04 2686866                   /home/rodion/.local/share/JetBrains/Toolbox/apps/android-studio-2/jbr/lib/libnio.so
7f445de9d000-7f445de9e000 rw-p 00011000 103:04 2686866                   /home/rodion/.local/share/JetBrains/Toolbox/apps/android-studio-2/jbr/lib/libnio.so
7f445de9e000-7f445dea7000 r--p 00000000 103:04 2686922                   /home/rodion/.local/share/JetBrains/Toolbox/apps/android-studio-2/jbr/lib/libzip.so
7f445dea7000-7f445debc000 r-xp 00008000 103:04 2686922                   /home/rodion/.local/share/JetBrains/Toolbox/apps/android-studio-2/jbr/lib/libzip.so
7f445debc000-7f445debe000 r--p 0001c000 103:04 2686922                   /home/rodion/.local/share/JetBrains/Toolbox/apps/android-studio-2/jbr/lib/libzip.so
7f445debe000-7f445debf000 rw-p 0001d000 103:04 2686922                   /home/rodion/.local/share/JetBrains/Toolbox/apps/android-studio-2/jbr/lib/libzip.so
7f445debf000-7f445df00000 rw-p 00000000 00:00 0 
7f445df00000-7f445df04000 ---p 00000000 00:00 0 
7f445df04000-7f445e000000 rw-p 00000000 00:00 0 
7f445e000000-7f445e022000 r--p 00000000 103:04 1968528                   /usr/lib/x86_64-linux-gnu/libc.so.6
7f445e022000-7f445e19a000 r-xp 00022000 103:04 1968528                   /usr/lib/x86_64-linux-gnu/libc.so.6
7f445e19a000-7f445e1f2000 r--p 0019a000 103:04 1968528                   /usr/lib/x86_64-linux-gnu/libc.so.6
7f445e1f2000-7f445e1f6000 r--p 001f1000 103:04 1968528                   /usr/lib/x86_64-linux-gnu/libc.so.6
7f445e1f6000-7f445e1f8000 rw-p 001f5000 103:04 1968528                   /usr/lib/x86_64-linux-gnu/libc.so.6
7f445e1f8000-7f445e205000 rw-p 00000000 00:00 0 
7f445e207000-7f445e20e000 r--s 00000000 103:04 1968884                   /usr/lib/x86_64-linux-gnu/gconv/gconv-modules.cache
7f445e20e000-7f445e283000 rw-p 00000000 00:00 0 
7f445e283000-7f445e28a000 ---p 00000000 00:00 0 
7f445e28a000-7f445e29c000 r--p 00000000 103:04 2686925                   /home/rodion/.local/share/JetBrains/Toolbox/apps/android-studio-2/jbr/lib/libjava.so
7f445e29c000-7f445e2ae000 r-xp 00011000 103:04 2686925                   /home/rodion/.local/share/JetBrains/Toolbox/apps/android-studio-2/jbr/lib/libjava.so
7f445e2ae000-7f445e2af000 r--p 00022000 103:04 2686925                   /home/rodion/.local/share/JetBrains/Toolbox/apps/android-studio-2/jbr/lib/libjava.so
7f445e2af000-7f445e2b1000 rw-p 00022000 103:04 2686925                   /home/rodion/.local/share/JetBrains/Toolbox/apps/android-studio-2/jbr/lib/libjava.so
7f445e2b1000-7f445e2bc000 r--p 00000000 103:04 2686914                   /home/rodion/.local/share/JetBrains/Toolbox/apps/android-studio-2/jbr/lib/libjimage.so
7f445e2bc000-7f445e2d1000 r-xp 0000a000 103:04 2686914                   /home/rodion/.local/share/JetBrains/Toolbox/apps/android-studio-2/jbr/lib/libjimage.so
7f445e2d1000-7f445e2d3000 r--p 0001e000 103:04 2686914                   /home/rodion/.local/share/JetBrains/Toolbox/apps/android-studio-2/jbr/lib/libjimage.so
7f445e2d3000-7f445e2d4000 rw-p 0001f000 103:04 2686914                   /home/rodion/.local/share/JetBrains/Toolbox/apps/android-studio-2/jbr/lib/libjimage.so
7f445e2d4000-7f445e2d5000 r--p 00000000 103:04 1968582                   /usr/lib/x86_64-linux-gnu/librt.so.1
7f445e2d5000-7f445e2d6000 r-xp 00001000 103:04 1968582                   /usr/lib/x86_64-linux-gnu/librt.so.1
7f445e2d6000-7f445e2d7000 r--p 00002000 103:04 1968582                   /usr/lib/x86_64-linux-gnu/librt.so.1
7f445e2d7000-7f445e2d8000 r--p 00002000 103:04 1968582                   /usr/lib/x86_64-linux-gnu/librt.so.1
7f445e2d8000-7f445e2d9000 rw-p 00003000 103:04 1968582                   /usr/lib/x86_64-linux-gnu/librt.so.1
7f445e2d9000-7f445e2e7000 r--p 00000000 103:04 1968538                   /usr/lib/x86_64-linux-gnu/libm.so.6
7f445e2e7000-7f445e365000 r-xp 0000e000 103:04 1968538                   /usr/lib/x86_64-linux-gnu/libm.so.6
7f445e365000-7f445e3c0000 r--p 0008c000 103:04 1968538                   /usr/lib/x86_64-linux-gnu/libm.so.6
7f445e3c0000-7f445e3c1000 r--p 000e6000 103:04 1968538                   /usr/lib/x86_64-linux-gnu/libm.so.6
7f445e3c1000-7f445e3c2000 rw-p 000e7000 103:04 1968538                   /usr/lib/x86_64-linux-gnu/libm.so.6
7f445e3c2000-7f445e3c4000 rw-p 00000000 00:00 0 
7f445e3c4000-7f445e3c5000 r--p 00000000 103:04 1968531                   /usr/lib/x86_64-linux-gnu/libdl.so.2
7f445e3c5000-7f445e3c6000 r-xp 00001000 103:04 1968531                   /usr/lib/x86_64-linux-gnu/libdl.so.2
7f445e3c6000-7f445e3c7000 r--p 00002000 103:04 1968531                   /usr/lib/x86_64-linux-gnu/libdl.so.2
7f445e3c7000-7f445e3c8000 r--p 00002000 103:04 1968531                   /usr/lib/x86_64-linux-gnu/libdl.so.2
7f445e3c8000-7f445e3c9000 rw-p 00003000 103:04 1968531                   /usr/lib/x86_64-linux-gnu/libdl.so.2
7f445e3c9000-7f445e3ca000 r--p 00000000 103:04 1968576                   /usr/lib/x86_64-linux-gnu/libpthread.so.0
7f445e3ca000-7f445e3cb000 r-xp 00001000 103:04 1968576                   /usr/lib/x86_64-linux-gnu/libpthread.so.0
7f445e3cb000-7f445e3cc000 r--p 00002000 103:04 1968576                   /usr/lib/x86_64-linux-gnu/libpthread.so.0
7f445e3cc000-7f445e3cd000 r--p 00002000 103:04 1968576                   /usr/lib/x86_64-linux-gnu/libpthread.so.0
7f445e3cd000-7f445e3ce000 rw-p 00003000 103:04 1968576                   /usr/lib/x86_64-linux-gnu/libpthread.so.0
7f445e3d4000-7f445e3d5000 r--p 00000000 103:04 1968587                   /usr/lib/x86_64-linux-gnu/libutil.so.1
7f445e3d5000-7f445e3d6000 r-xp 00001000 103:04 1968587                   /usr/lib/x86_64-linux-gnu/libutil.so.1
7f445e3d6000-7f445e3d7000 r--p 00002000 103:04 1968587                   /usr/lib/x86_64-linux-gnu/libutil.so.1
7f445e3d7000-7f445e3d8000 r--p 00002000 103:04 1968587                   /usr/lib/x86_64-linux-gnu/libutil.so.1
7f445e3d8000-7f445e3d9000 rw-p 00003000 103:04 1968587                   /usr/lib/x86_64-linux-gnu/libutil.so.1
7f445e3d9000-7f445e3e1000 rw-s 00000000 103:04 1445409                   /tmp/hsperfdata_rodion/7901
7f445e3e1000-7f445e3e2000 ---p 00000000 00:00 0 
7f445e3e2000-7f445e3e3000 r--p 00000000 00:00 0 
7f445e3e3000-7f445e3e4000 ---p 00000000 00:00 0 
7f445e3e4000-7f445e3ed000 r--p 00000000 103:04 2686860                   /home/rodion/.local/share/JetBrains/Toolbox/apps/android-studio-2/jbr/lib/libjli.so
7f445e3ed000-7f445e3fc000 r-xp 00008000 103:04 2686860                   /home/rodion/.local/share/JetBrains/Toolbox/apps/android-studio-2/jbr/lib/libjli.so
7f445e3fc000-7f445e3fd000 r--p 00016000 103:04 2686860                   /home/rodion/.local/share/JetBrains/Toolbox/apps/android-studio-2/jbr/lib/libjli.so
7f445e3fd000-7f445e3fe000 rw-p 00016000 103:04 2686860                   /home/rodion/.local/share/JetBrains/Toolbox/apps/android-studio-2/jbr/lib/libjli.so
7f445e3fe000-7f445e400000 rw-p 00000000 00:00 0 
7f445e400000-7f445e401000 r--p 00000000 103:04 1968525                   /usr/lib/x86_64-linux-gnu/ld-linux-x86-64.so.2
7f445e401000-7f445e429000 r-xp 00001000 103:04 1968525                   /usr/lib/x86_64-linux-gnu/ld-linux-x86-64.so.2
7f445e429000-7f445e433000 r--p 00029000 103:04 1968525                   /usr/lib/x86_64-linux-gnu/ld-linux-x86-64.so.2
7f445e433000-7f445e435000 r--p 00033000 103:04 1968525                   /usr/lib/x86_64-linux-gnu/ld-linux-x86-64.so.2
7f445e435000-7f445e437000 rw-p 00035000 103:04 1968525                   /usr/lib/x86_64-linux-gnu/ld-linux-x86-64.so.2
7ffea2614000-7ffea2635000 rw-p 00000000 00:00 0                          [stack]
7ffea27f3000-7ffea27f7000 r--p 00000000 00:00 0                          [vvar]
7ffea27f7000-7ffea27f9000 r-xp 00000000 00:00 0                          [vdso]
ffffffffff600000-ffffffffff601000 --xp 00000000 00:00 0                  [vsyscall]


VM Arguments:
java_command: org.jetbrains.kotlin.cli.jvm.K2JVMCompiler @/var/www/html/YkisPAM/app/build/20240122_1912078548849156512.compiler.options
java_class_path (initial): /home/rodion/.gradle/caches/modules-2/files-2.1/org.jetbrains.kotlin/kotlin-compiler-embeddable/1.9.21/a8f2d2fed3fc195beef3fab4a7fd1a844e101f0e/kotlin-compiler-embeddable-1.9.21.jar:/home/rodion/.gradle/caches/modules-2/files-2.1/org.jetbrains.kotlin/kotlin-stdlib/1.9.21/17ee3e873d439566c7d8354403b5f3d9744c4c9c/kotlin-stdlib-1.9.21.jar:/home/rodion/.gradle/caches/modules-2/files-2.1/org.jetbrains.kotlin/kotlin-script-runtime/1.9.21/f5ff679bd666f7f2376209fff998b775b7b701c7/kotlin-script-runtime-1.9.21.jar:/home/rodion/.gradle/caches/modules-2/files-2.1/org.jetbrains.kotlin/kotlin-reflect/1.6.10/1cbe9c92c12a94eea200d23c2bbaedaf3daf5132/kotlin-reflect-1.6.10.jar:/home/rodion/.gradle/caches/modules-2/files-2.1/org.jetbrains.kotlin/kotlin-daemon-embeddable/1.9.21/e21e55f41ec5f254aec366097b902709b5843234/kotlin-daemon-embeddable-1.9.21.jar:/home/rodion/.gradle/caches/modules-2/files-2.1/org.jetbrains.intellij.deps/trove4j/1.0.20200330/3afb14d5f9ceb459d724e907a21145e8ff394f02/trove4j-1.0.20200330.jar:/home/rodion/.gradle/caches/modules-2/files-2.1/org.jetbrains/annotations/13.0/919f0dfe192fb4e063e7dacadee7f8bb9a2672a9/annotations-13.0.jar
Launcher Type: SUN_STANDARD

[Global flags]
     intx CICompilerCount                          = 4                                         {product} {ergonomic}
     uint ConcGCThreads                            = 3                                         {product} {ergonomic}
     uint G1ConcRefinementThreads                  = 10                                        {product} {ergonomic}
   size_t G1HeapRegionSize                         = 2097152                                   {product} {ergonomic}
    uintx GCDrainStackTargetSize                   = 64                                        {product} {ergonomic}
   size_t InitialHeapSize                          = 226492416                                 {product} {ergonomic}
   size_t MarkStackSize                            = 4194304                                   {product} {ergonomic}
   size_t MaxHeapSize                              = 3623878656                                {product} {ergonomic}
   size_t MaxNewSize                               = 2172649472                                {product} {ergonomic}
   size_t MinHeapDeltaBytes                        = 2097152                                   {product} {ergonomic}
   size_t MinHeapSize                              = 8388608                                   {product} {ergonomic}
    uintx NonNMethodCodeHeapSize                   = 5839372                                {pd product} {ergonomic}
    uintx NonProfiledCodeHeapSize                  = 122909434                              {pd product} {ergonomic}
    uintx ProfiledCodeHeapSize                     = 122909434                              {pd product} {ergonomic}
    uintx ReservedCodeCacheSize                    = 251658240                              {pd product} {ergonomic}
     bool SegmentedCodeCache                       = true                                      {product} {ergonomic}
   size_t SoftMaxHeapSize                          = 3623878656                             {manageable} {ergonomic}
     bool UseCompressedClassPointers               = true                           {product lp64_product} {ergonomic}
     bool UseCompressedOops                        = true                           {product lp64_product} {ergonomic}
     bool UseG1GC                                  = true                                      {product} {ergonomic}

Logging:
Log output configuration:
 #0: stdout all=warning uptime,level,tags
 #1: stderr all=off uptime,level,tags

Environment Variables:
JAVA_HOME=/usr/lib/jvm/java-17-openjdk-amd64/bin/java
PATH=/usr/local/sbin:/usr/local/bin:/usr/sbin:/usr/bin:/sbin:/bin:/usr/games:/usr/local/games:/snap/bin:/home/rodion/.local/share/JetBrains/Toolbox/scripts
SHELL=/bin/bash
DISPLAY=:0
LANG=ru_UA.UTF-8

Active Locale:
LC_ALL=ru_UA.UTF-8
LC_COLLATE=ru_UA.UTF-8
LC_CTYPE=ru_UA.UTF-8
LC_MESSAGES=ru_UA.UTF-8
LC_MONETARY=ru_UA.UTF-8
LC_NUMERIC=ru_UA.UTF-8
LC_TIME=ru_UA.UTF-8

Signal Handlers:
   SIGSEGV: crash_handler in libjvm.so, mask=11100100010111111101111111111110, flags=SA_RESTART|SA_SIGINFO, unblocked
    SIGBUS: crash_handler in libjvm.so, mask=11100100010111111101111111111110, flags=SA_RESTART|SA_SIGINFO, unblocked
    SIGFPE: crash_handler in libjvm.so, mask=11100100010111111101111111111110, flags=SA_RESTART|SA_SIGINFO, unblocked
   SIGPIPE: javaSignalHandler in libjvm.so, mask=11100100010111111101111111111110, flags=SA_RESTART|SA_SIGINFO, blocked
   SIGXFSZ: javaSignalHandler in libjvm.so, mask=11100100010111111101111111111110, flags=SA_RESTART|SA_SIGINFO, blocked
    SIGILL: crash_handler in libjvm.so, mask=11100100010111111101111111111110, flags=SA_RESTART|SA_SIGINFO, unblocked
   SIGUSR2: SR_handler in libjvm.so, mask=00100000000000000000000000000000, flags=SA_RESTART|SA_SIGINFO, blocked
    SIGHUP: UserHandler in libjvm.so, mask=11100100010111111101111111111110, flags=SA_RESTART|SA_SIGINFO, blocked
    SIGINT: UserHandler in libjvm.so, mask=11100100010111111101111111111110, flags=SA_RESTART|SA_SIGINFO, blocked
   SIGTERM: UserHandler in libjvm.so, mask=11100100010111111101111111111110, flags=SA_RESTART|SA_SIGINFO, blocked
   SIGQUIT: UserHandler in libjvm.so, mask=11100100010111111101111111111110, flags=SA_RESTART|SA_SIGINFO, blocked
   SIGTRAP: crash_handler in libjvm.so, mask=11100100010111111101111111111110, flags=SA_RESTART|SA_SIGINFO, unblocked


Periodic native trim disabled

JNI global refs:
JNI global refs: 11, weak refs: 0

JNI global refs memory usage: 867, weak refs: 865

OOME stack traces (most recent first):
Classloader memory used:
Loader jdk.internal.loader.ClassLoaders$AppClassLoader                                 : 1747K
Loader bootstrap                                                                       : 1257K
Loader java.net.URLClassLoader                                                         : 15779B
Loader jdk.internal.reflect.DelegatingClassLoader                                      : 434B


---------------  S Y S T E M  ---------------

OS:
DISTRIB_ID=Ubuntu
DISTRIB_RELEASE=23.04
DISTRIB_CODENAME=lunar
DISTRIB_DESCRIPTION="Ubuntu 23.04"
uname: Linux 6.2.0-39-generic #40-Ubuntu SMP PREEMPT_DYNAMIC Tue Nov 14 14:18:00 UTC 2023 x86_64
OS uptime: 0 days 0:30 hours
libc: glibc 2.37 NPTL 2.37 
rlimit (soft/hard): STACK 8192k/infinity , CORE 0k/infinity , NPROC 54776/54776 , NOFILE 1048576/1048576 , AS infinity/infinity , CPU infinity/infinity , DATA infinity/infinity , FSIZE infinity/infinity , MEMLOCK 1768584k/1768584k
load average: 5,95 4,57 2,56

/proc/meminfo:
MemTotal:       14148696 kB
MemFree:         1349436 kB
MemAvailable:    4383524 kB
Buffers:          338672 kB
Cached:          2828696 kB
SwapCached:          160 kB
Active:          2296984 kB
Inactive:        9557948 kB
Active(anon):      12700 kB
Inactive(anon):  8752200 kB
Active(file):    2284284 kB
Inactive(file):   805748 kB
Unevictable:         168 kB
Mlocked:             168 kB
SwapTotal:       5858300 kB
SwapFree:        5849596 kB
Zswap:                 0 kB
Zswapped:              0 kB
Dirty:             63796 kB
Writeback:             0 kB
AnonPages:       8687828 kB
Mapped:          1315052 kB
Shmem:             77336 kB
KReclaimable:     272256 kB
Slab:             425128 kB
SReclaimable:     272256 kB
SUnreclaim:       152872 kB
KernelStack:       22192 kB
PageTables:        51040 kB
SecPageTables:         0 kB
NFS_Unstable:          0 kB
Bounce:                0 kB
WritebackTmp:          0 kB
CommitLimit:    12932648 kB
Committed_AS:   16593732 kB
VmallocTotal:   34359738367 kB
VmallocUsed:      137404 kB
VmallocChunk:          0 kB
Percpu:            12544 kB
HardwareCorrupted:     0 kB
AnonHugePages:         0 kB
ShmemHugePages:        0 kB
ShmemPmdMapped:        0 kB
FileHugePages:         0 kB
FilePmdMapped:         0 kB
HugePages_Total:       0
HugePages_Free:        0
HugePages_Rsvd:        0
HugePages_Surp:        0
Hugepagesize:       2048 kB
Hugetlb:               0 kB
DirectMap4k:      696772 kB
DirectMap2M:     7540736 kB
DirectMap1G:     6291456 kB

/sys/kernel/mm/transparent_hugepage/enabled: always [madvise] never
/sys/kernel/mm/transparent_hugepage/defrag (defrag/compaction efforts parameter): always defer defer+madvise [madvise] never

Process Memory:
Virtual Size: 7239976K (peak: 7241076K)
Resident Set Size: 118604K (peak: 118604K) (anon: 92620K, file: 25984K, shmem: 0K)
Swapped out: 0K
C-Heap outstanding allocations: 47075K, retained: 6816K
glibc malloc tunables: (default)

/proc/sys/kernel/threads-max (system-wide limit on the number of threads): 109553
/proc/sys/vm/max_map_count (maximum number of memory map areas a process may have): 65530
/proc/sys/kernel/pid_max (system-wide limit on number of process identifiers): 4194304

container (cgroup) information:
container_type: cgroupv2
cpu_cpuset_cpus: not supported
cpu_memory_nodes: not supported
active_processor_count: 12
cpu_quota: not supported
cpu_period: not supported
cpu_shares: not supported
memory_limit_in_bytes: unlimited
memory_and_swap_limit_in_bytes: unlimited
memory_soft_limit_in_bytes: unlimited
memory_usage_in_bytes: 6892096 k
memory_max_usage_in_bytes: not supported
memory_swap_current_in_bytes: 48 k
memory_swap_max_limit_in_bytes: unlimited
maximum number of tasks: 16432
current number of tasks: 541

Steal ticks since vm start: 0
Steal ticks percentage since vm start:  0,000

CPU: total 16 (initial active 12) (12 cores per cpu, 2 threads per core) family 25 model 80 stepping 0 microcode 0xa50000c, cx8, cmov, fxsr, ht, mmx, 3dnowpref, sse, sse2, sse3, ssse3, sse4a, sse4.1, sse4.2, popcnt, lzcnt, tsc, tscinvbit, avx, avx2, aes, erms, clmul, bmi1, bmi2, adx, sha, fma, vzeroupper, clflush, clflushopt
CPU Model and flags from /proc/cpuinfo:
model name	: AMD Ryzen 5 5600H with Radeon Graphics
flags		: fpu vme de pse tsc msr pae mce cx8 apic sep mtrr pge mca cmov pat pse36 clflush mmx fxsr sse sse2 ht syscall nx mmxext fxsr_opt pdpe1gb rdtscp lm constant_tsc rep_good nopl nonstop_tsc cpuid extd_apicid aperfmperf rapl pni pclmulqdq monitor ssse3 fma cx16 sse4_1 sse4_2 movbe popcnt aes xsave avx f16c rdrand lahf_lm cmp_legacy svm extapic cr8_legacy abm sse4a misalignsse 3dnowprefetch osvw ibs skinit wdt tce topoext perfctr_core perfctr_nb bpext perfctr_llc mwaitx cpb cat_l3 cdp_l3 hw_pstate ssbd mba ibrs ibpb stibp vmmcall fsgsbase bmi1 avx2 smep bmi2 erms invpcid cqm rdt_a rdseed adx smap clflushopt clwb sha_ni xsaveopt xsavec xgetbv1 xsaves cqm_llc cqm_occup_llc cqm_mbm_total cqm_mbm_local clzero irperf xsaveerptr rdpru wbnoinvd cppc arat npt lbrv svm_lock nrip_save tsc_scale vmcb_clean flushbyasid decodeassists pausefilter pfthreshold avic v_vmsave_vmload vgif v_spec_ctrl umip pku ospke vaes vpclmulqdq rdpid overflow_recov succor smca fsrm

Online cpus: 0-11
Offline cpus: 12-15
BIOS frequency limitation: 3300000
Frequency switch latency (ns): 0
Available cpu frequencies: 3300000 1300000 1200000 
Current governor: schedutil
Core performance/turbo boost: 1

Memory: 4k page, physical 14148696k(1349436k free), swap 5858300k(5849596k free)
Page Sizes: 4k

vm_info: OpenJDK 64-Bit Server VM (17.0.9+0-17.0.9b1087.7-11185874) for linux-amd64 JRE (17.0.9+0-17.0.9b1087.7-11185874), built on Dec  6 2023 18:35:35 by "androidbuild" with clang Android (8508608, based on r450784e) Clang 14.0.7 (https://android.googlesource.com/toolchain/llvm-project 4c603efb0cca074e9238af8b4106c30add4418f6)

END.
