#
# A fatal error has been detected by the Java Runtime Environment:
#
#  SIGSEGV (0xb) at pc=0x00007fe6f25a4804, pid=4853, tid=4867
#
# JRE version: OpenJDK Runtime Environment (17.0.9) (build 17.0.9+0-17.0.9b1087.7-11185874)
# Java VM: OpenJDK 64-Bit Server VM (17.0.9+0-17.0.9b1087.7-11185874, mixed mode, tiered, compressed oops, compressed class ptrs, g1 gc, linux-amd64)
# Problematic frame:
# V  [libjvm.so+0x7a4804]  JVMState::interpreter_frame_size() const+0x64
#
# Core dump will be written. Default location: Core dumps may be processed with "/usr/share/apport/apport -p%p -s%s -c%c -d%d -P%P -u%u -g%g -- %E" (or dumping to /var/www/html/YkisPAM/core.4853)
#
# If you would like to submit a bug report, please visit:
#   https://bugreport.java.com/bugreport/crash.jsp
#

---------------  S U M M A R Y ------------

Command Line: org.jetbrains.kotlin.cli.jvm.K2JVMCompiler @/var/www/html/YkisPAM/app/build/20240209_2609288086571611649.compiler.options

Host: AMD Ryzen 5 5600H with Radeon Graphics, 16 cores, 13G, Ubuntu 23.04
Time: Fri Feb  9 12:01:25 2024 EET elapsed time: 12.646828 seconds (0d 0h 0m 12s)

---------------  T H R E A D  ---------------

Current thread (0x00007fe6ec1fe4e0):  JavaThread "C2 CompilerThread0" daemon [_thread_in_native, id=4867, stack(0x00007fe6c2d00000,0x00007fe6c2e00000)]


Current CompileTask:
C2:  12646 13429       4       org.jetbrains.kotlin.resolve.calls.smartcasts.DataFlowValueFactoryImpl::createDataFlowValue (223 bytes)

Stack: [0x00007fe6c2d00000,0x00007fe6c2e00000],  sp=0x00007fe6c2dfbc10,  free space=1007k
Native frames: (J=compiled Java code, j=interpreted, Vv=VM code, C=native code)
V  [libjvm.so+0x7a4804]  JVMState::interpreter_frame_size() const+0x64
V  [libjvm.so+0x845283]  Compile::final_graph_reshaping_walk(Node_Stack&, Node*, Final_Reshape_Counts&, Unique_Node_List&)+0x213
V  [libjvm.so+0x8424cd]  Compile::final_graph_reshaping()+0x2bd
V  [libjvm.so+0x83d88c]  Compile::Optimize()+0x199c
V  [libjvm.so+0x83abfc]  Compile::Compile(ciEnv*, ciMethod*, int, bool, bool, bool, bool, bool, DirectiveSet*)+0xe5c
V  [libjvm.so+0x79d1ee]  C2Compiler::compile_method(ciEnv*, ciMethod*, int, bool, DirectiveSet*)+0xde
V  [libjvm.so+0x84d4d8]  CompileBroker::invoke_compiler_on_method(CompileTask*)+0x8f8
V  [libjvm.so+0x84c9f0]  CompileBroker::compiler_thread_loop()+0x430
V  [libjvm.so+0x100f619]  JavaThread::thread_main_inner()+0x159
V  [libjvm.so+0x100dbff]  Thread::call_run()+0xbf
V  [libjvm.so+0xe12ce9]  thread_native_entry(Thread*)+0x119


siginfo: si_signo: 11 (SIGSEGV), si_code: 128 (SI_KERNEL), si_addr: 0x0000000000000000

Registers:
RAX=0x000000000000000c, RBX=0x10007fe6787cca80, RCX=0x0000000000000000, RDX=0x0000000000000000
RSP=0x00007fe6c2dfbc10, RBP=0x00007fe6c2dfbc40, RSI=0x0000000000000000, RDI=0x0000000000000002
R8 =0x0000000000000001, R9 =0x0000000000000004, R10=0x00007fe69080cb40, R11=0x0000000000000000
R12=0x0000000000000128, R13=0x0000000000000000, R14=0x00007fe6787cc9c0, R15=0x00007fe690336ca0
RIP=0x00007fe6f25a4804, EFLAGS=0x0000000000010202, CSGSFS=0x002b000000000033, ERR=0x0000000000000000
  TRAPNO=0x000000000000000d


Register to memory mapping:

RAX=0x000000000000000c is an unknown value
RBX=0x10007fe6787cca80 is an unknown value
RCX=0x0 is NULL
RDX=0x0 is NULL
RSP=0x00007fe6c2dfbc10 is pointing into the stack for thread: 0x00007fe6ec1fe4e0
RBP=0x00007fe6c2dfbc40 is pointing into the stack for thread: 0x00007fe6ec1fe4e0
RSI=0x0 is NULL
RDI=0x0000000000000002 is an unknown value
R8 =0x0000000000000001 is an unknown value
R9 =0x0000000000000004 is an unknown value
R10=0x00007fe69080cb40 points into unknown readable memory: 0x00007fe69080c8f0 | f0 c8 80 90 e6 7f 00 00
R11=0x0 is NULL
R12=0x0000000000000128 is an unknown value
R13=0x0 is NULL
R14=0x00007fe6787cc9c0 points into unknown readable memory: 0x00007fe6787cca00 | 00 ca 7c 78 e6 7f 00 00
R15=0x00007fe690336ca0 points into unknown readable memory: 0x00007fe6f2f8fad8 | d8 fa f8 f2 e6 7f 00 00


Top of Stack: (sp=0x00007fe6c2dfbc10)
0x00007fe6c2dfbc10:   00007fe600000000 00000000fffe3fbf
0x00007fe6c2dfbc20:   00000000efd87f0f 0000000000000017
0x00007fe6c2dfbc30:   00007fe678e52878 00000000000002f5
0x00007fe6c2dfbc40:   00007fe6c2dfbcf0 00007fe6f2645283
0x00007fe6c2dfbc50:   00007fe6c2dfbd90 00007fe6ec20b990
0x00007fe6c2dfbc60:   00007fe600000100 00007fe690b0ba40
0x00007fe6c2dfbc70:   00007fe6000000e1 00007fe600000200
0x00007fe6c2dfbc80:   00007fe690b094c0 0000000000000200
0x00007fe6c2dfbc90:   00007fe6ec20b990 0000000000000000
0x00007fe6c2dfbca0:   00007fe6c2dfbd00 00007fe6c2dfe038
0x00007fe6c2dfbcb0:   00007fe6c2dfbd38 00007fe678e52a10
0x00007fe6c2dfbcc0:   00007fe6c2dfbd20 00007fe6ec20b990
0x00007fe6c2dfbcd0:   00007fe6ec20b990 00007fe6c2dfbe20
0x00007fe6c2dfbce0:   00007fe6ec20b990 00007fe6c2dfe038
0x00007fe6c2dfbcf0:   00007fe6c2dfbe10 00007fe6f26424cd
0x00007fe6c2dfbd00:   00007fe69c9ee0a0 00007fe69c9fa160
0x00007fe6c2dfbd10:   00007fe69c9ee090 00007fe6ec20b990
0x00007fe6c2dfbd20:   0000000000000072 000000dc00000000
0x00007fe6c2dfbd30:   00007fff00000005 00007fe600000200
0x00007fe6c2dfbd40:   00007fe690b08cc0 00007fe600000200
0x00007fe6c2dfbd50:   00007fe6ec20b990 00007fe6ec20b990
0x00007fe6c2dfbd60:   0000000000000200 00007fe690b0a600
0x00007fe6c2dfbd70:   00000000000001ff 00000000390c9345
0x00007fe6c2dfbd80:   00007fe6c2dfbd90 00007fe6f2c13939
0x00007fe6c2dfbd90:   00007fe6ec20b990 00007fe600000008
0x00007fe6c2dfbda0:   00007fe690b0ba00 00007fe600000006
0x00007fe6c2dfbdb0:   00007fe600000080 00007fe690b09e00
0x00007fe6c2dfbdc0:   0000000000000080 00007fe6ec20b990
0x00007fe6c2dfbdd0:   00007fe600000000 0000000000000001
0x00007fe6c2dfbde0:   00000000c2dfc818 00007fe6f205915f
0x00007fe6c2dfbdf0:   00007fe6ec20b990 00007fe6c2dfbe20
0x00007fe6c2dfbe00:   00007fe6c2dfe038 00007fe6c2dfc840 

Instructions: (pc=0x00007fe6f25a4804)
0x00007fe6f25a4704:   28 fe ff ff 48 89 03 48 8b 38 48 89 c3 48 85 ff
0x00007fe6f25a4714:   75 ea 4c 89 f0 48 83 c4 08 5b 41 5e 41 5f 5d c3
0x00007fe6f25a4724:   66 2e 0f 1f 84 00 00 00 00 00 66 90 55 48 89 e5
0x00007fe6f25a4734:   48 85 ff 74 13 0f 1f 80 00 00 00 00 48 89 77 38
0x00007fe6f25a4744:   48 8b 3f 48 85 ff 75 f4 5d c3 66 90 55 48 89 e5
0x00007fe6f25a4754:   48 89 77 38 48 89 7e 38 5d c3 66 90 55 48 89 e5
0x00007fe6f25a4764:   48 85 ff 74 30 66 0f 6e c6 66 0f 70 c0 00 66 2e
0x00007fe6f25a4774:   0f 1f 84 00 00 00 00 00 0f 1f 40 00 f3 0f 6f 4f
0x00007fe6f25a4784:   0c 66 0f fe c8 f3 0f 7f 4f 0c 01 77 1c 48 8b 3f
0x00007fe6f25a4794:   48 85 ff 75 e7 5d c3 0f 1f 44 00 00 55 48 89 e5
0x00007fe6f25a47a4:   41 57 41 56 41 54 53 48 83 ec 10 48 85 ff 0f 84
0x00007fe6f25a47b4:   88 00 00 00 49 89 fe 4c 8b 7f 30 41 8b 7f 4c 41
0x00007fe6f25a47c4:   8b 46 10 41 8b 76 14 89 fa 29 f2 01 c2 41 8b 4e
0x00007fe6f25a47d4:   18 29 f1 d1 f9 29 c6 c7 04 24 01 00 00 00 45 31
0x00007fe6f25a47e4:   c0 45 31 c9 e8 f3 50 d9 ff 41 89 c4 41 c1 e4 03
0x00007fe6f25a47f4:   45 8b 4f 50 49 8b 1e 48 85 db 74 46 45 8b 47 6c
0x00007fe6f25a4804:   8b 73 14 8b 4b 18 29 f1 d1 f9 31 c0 4c 39 f3 0f
0x00007fe6f25a4814:   94 c0 4c 8b 7b 30 41 8b 7f 4c 44 01 c6 2b 73 10
0x00007fe6f25a4824:   89 04 24 31 d2 e8 b2 50 d9 ff 45 8d 24 c4 45 8b
0x00007fe6f25a4834:   4f 50 48 8b 1b 48 85 db 75 c2 eb 06 45 31 c9 45
0x00007fe6f25a4844:   31 e4 31 ff 44 89 ce e8 d0 29 72 00 41 8d 04 c4
0x00007fe6f25a4854:   48 83 c4 10 5b 41 5c 41 5e 41 5f 5d c3 66 2e 0f
0x00007fe6f25a4864:   1f 84 00 00 00 00 00 0f 1f 44 00 00 55 48 89 e5
0x00007fe6f25a4874:   48 8b 47 58 48 3b 46 58 74 04 31 c0 5d c3 48 8b
0x00007fe6f25a4884:   47 38 48 3b 46 38 0f 94 c0 5d c3 90 55 48 89 e5
0x00007fe6f25a4894:   48 8b 47 58 48 8b 40 20 5d c3 66 90 55 48 89 e5
0x00007fe6f25a48a4:   48 8b 47 08 48 8b 00 8b 40 28 48 8b 4e 50 48 8b
0x00007fe6f25a48b4:   04 c1 48 8d 0d 53 4e aa 00 48 3b 01 74 08 48 8b
0x00007fe6f25a48c4:   47 58 48 8b 40 20 5d c3 0f 1f 40 00 55 48 89 e5
0x00007fe6f25a48d4:   48 89 f7 48 89 d6 89 ca 5d e9 ee bf 71 00 66 2e
0x00007fe6f25a48e4:   0f 1f 84 00 00 00 00 00 0f 1f 40 00 55 48 89 e5
0x00007fe6f25a48f4:   41 57 41 56 41 55 41 54 53 48 83 ec 78 49 89 f4 


Stack slot to memory mapping:
stack at sp + 0 slots: 0x00007fe600000000 is an unknown value
stack at sp + 1 slots: 0x00000000fffe3fbf is an unknown value
stack at sp + 2 slots: 0x00000000efd87f0f is an unknown value
stack at sp + 3 slots: 0x0000000000000017 is an unknown value
stack at sp + 4 slots: 0x00007fe678e52878 points into unknown readable memory: 0x00007fe6f2f8dfe0 | e0 df f8 f2 e6 7f 00 00
stack at sp + 5 slots: 0x00000000000002f5 is an unknown value
stack at sp + 6 slots: 0x00007fe6c2dfbcf0 is pointing into the stack for thread: 0x00007fe6ec1fe4e0
stack at sp + 7 slots: 0x00007fe6f2645283: <offset 0x0000000000845283> in /home/rodion/.local/share/JetBrains/Toolbox/apps/android-studio-2/jbr/lib/server/libjvm.so at 0x00007fe6f1e00000


---------------  P R O C E S S  ---------------

Threads class SMR info:
_java_thread_list=0x00007fe68409cd40, length=13, elements={
0x00007fe6ec026610, 0x00007fe6ec1d79c0, 0x00007fe6ec1d9020, 0x00007fe6ec209210,
0x00007fe6ec20a5d0, 0x00007fe6ec20b9f0, 0x00007fe6ec1fe4e0, 0x00007fe6ec1ff9d0,
0x00007fe6ec200e50, 0x00007fe6ec296cb0, 0x00007fe6ec2a25b0, 0x00007fe69c08e3b0,
0x00007fe6841054f0
}

Java Threads: ( => current thread )
  0x00007fe6ec026610 JavaThread "main" [_thread_in_Java, id=4855, stack(0x00007fe6f1d00000,0x00007fe6f1e00000)]
  0x00007fe6ec1d79c0 JavaThread "Reference Handler" daemon [_thread_blocked, id=4862, stack(0x00007fe6c3860000,0x00007fe6c3960000)]
  0x00007fe6ec1d9020 JavaThread "Finalizer" daemon [_thread_blocked, id=4863, stack(0x00007fe6c3760000,0x00007fe6c3860000)]
  0x00007fe6ec209210 JavaThread "Signal Dispatcher" daemon [_thread_blocked, id=4864, stack(0x00007fe6c3660000,0x00007fe6c3760000)]
  0x00007fe6ec20a5d0 JavaThread "Service Thread" daemon [_thread_blocked, id=4865, stack(0x00007fe6c2f00000,0x00007fe6c3000000)]
  0x00007fe6ec20b9f0 JavaThread "Monitor Deflation Thread" daemon [_thread_blocked, id=4866, stack(0x00007fe6c2e00000,0x00007fe6c2f00000)]
=>0x00007fe6ec1fe4e0 JavaThread "C2 CompilerThread0" daemon [_thread_in_native, id=4867, stack(0x00007fe6c2d00000,0x00007fe6c2e00000)]
  0x00007fe6ec1ff9d0 JavaThread "C1 CompilerThread0" daemon [_thread_blocked, id=4868, stack(0x00007fe6c2c00000,0x00007fe6c2d00000)]
  0x00007fe6ec200e50 JavaThread "Sweeper thread" daemon [_thread_blocked, id=4869, stack(0x00007fe6c2b00000,0x00007fe6c2c00000)]
  0x00007fe6ec296cb0 JavaThread "Notification Thread" daemon [_thread_blocked, id=4870, stack(0x00007fe6c2a00000,0x00007fe6c2b00000)]
  0x00007fe6ec2a25b0 JavaThread "Common-Cleaner" daemon [_thread_blocked, id=4872, stack(0x00007fe6c27ff000,0x00007fe6c28ff000)]
  0x00007fe69c08e3b0 JavaThread "C2 CompilerThread1" daemon [_thread_in_native, id=4873, stack(0x00007fe6c26ff000,0x00007fe6c27ff000)]
  0x00007fe6841054f0 JavaThread "C2 CompilerThread2" daemon [_thread_in_native, id=4885, stack(0x00007fe6c2300000,0x00007fe6c2400000)]

Other Threads:
  0x00007fe6ec1c7d30 VMThread "VM Thread" [stack: 0x00007fe6c3961000,0x00007fe6c3a61000] [id=4861]
  0x00007fe6ec187900 WatcherThread [stack: 0x00007fe6c2900000,0x00007fe6c2a00000] [id=4871]
  0x00007fe6ec0880e0 GCTaskThread "GC Thread#0" [stack: 0x00007fe6f02a0000,0x00007fe6f03a0000] [id=4856]
  0x00007fe6b0006580 GCTaskThread "GC Thread#1" [stack: 0x00007fe6c2200000,0x00007fe6c2300000] [id=4875]
  0x00007fe6b0006f90 GCTaskThread "GC Thread#2" [stack: 0x00007fe6c20ff000,0x00007fe6c21ff000] [id=4876]
  0x00007fe6b00079a0 GCTaskThread "GC Thread#3" [stack: 0x00007fe6c1ffe000,0x00007fe6c20fe000] [id=4877]
  0x00007fe6b00083b0 GCTaskThread "GC Thread#4" [stack: 0x00007fe6c1efd000,0x00007fe6c1ffd000] [id=4878]
  0x00007fe6b000db20 GCTaskThread "GC Thread#5" [stack: 0x00007fe6c1dfc000,0x00007fe6c1efc000] [id=4879]
  0x00007fe6b000c720 GCTaskThread "GC Thread#6" [stack: 0x00007fe6c1cfb000,0x00007fe6c1dfb000] [id=4880]
  0x00007fe6b000cec0 GCTaskThread "GC Thread#7" [stack: 0x00007fe6c1bfa000,0x00007fe6c1cfa000] [id=4881]
  0x00007fe6b000ff30 GCTaskThread "GC Thread#8" [stack: 0x00007fe6c1af9000,0x00007fe6c1bf9000] [id=4882]
  0x00007fe6b000fb40 GCTaskThread "GC Thread#9" [stack: 0x00007fe6c17f6000,0x00007fe6c18f6000] [id=4886]
  0x00007fe6ec096f00 ConcurrentGCThread "G1 Main Marker" [stack: 0x00007fe6f019f000,0x00007fe6f029f000] [id=4857]
  0x00007fe6ec097e70 ConcurrentGCThread "G1 Conc#0" [stack: 0x00007fe6f009e000,0x00007fe6f019e000] [id=4858]
  0x00007fe6c4000eb0 ConcurrentGCThread "G1 Conc#1" [stack: 0x00007fe6c19f8000,0x00007fe6c1af8000] [id=4883]
  0x00007fe6c4001900 ConcurrentGCThread "G1 Conc#2" [stack: 0x00007fe6c18f7000,0x00007fe6c19f7000] [id=4884]
  0x00007fe6ec141e20 ConcurrentGCThread "G1 Refine#0" [stack: 0x00007fe6c3cfe000,0x00007fe6c3dfe000] [id=4859]
  0x00007fe6bc000eb0 ConcurrentGCThread "G1 Refine#1" [stack: 0x00007fe6c16f5000,0x00007fe6c17f5000] [id=4887]
  0x00007fe648000fe0 ConcurrentGCThread "G1 Refine#2" [stack: 0x00007fe6c15f4000,0x00007fe6c16f4000] [id=4893]
  0x00007fe64c000eb0 ConcurrentGCThread "G1 Refine#3" [stack: 0x00007fe6c14f3000,0x00007fe6c15f3000] [id=4894]
  0x00007fe6ec142d20 ConcurrentGCThread "G1 Service" [stack: 0x00007fe6c3bfd000,0x00007fe6c3cfd000] [id=4860]

Threads with active compile tasks:
C2 CompilerThread0    12655 13429       4       org.jetbrains.kotlin.resolve.calls.smartcasts.DataFlowValueFactoryImpl::createDataFlowValue (223 bytes)
C2 CompilerThread1    12655 13342       4       org.jetbrains.kotlin.types.checker.NewCapturedTypeKt::captureArguments (656 bytes)
C2 CompilerThread2    12655 13420       4       org.jetbrains.kotlin.types.KotlinTypeFactory::computeMemberScope (211 bytes)

VM state: not at safepoint (normal execution)

VM Mutex/Monitor currently owned by a thread: None

Heap address: 0x0000000728000000, size: 3456 MB, Compressed Oops mode: Zero based, Oop shift amount: 3

CDS archive(s) not mapped
Compressed class space mapped at: 0x0000000800000000-0x0000000840000000, reserved size: 1073741824
Narrow klass base: 0x0000000800000000, Narrow klass shift: 0, Narrow klass range: 0x40000000

GC Precious Log:
 CPUs: 16 total, 12 available
 Memory: 13817M
 Large Page Support: Disabled
 NUMA Support: Disabled
 Compressed Oops: Enabled (Zero based)
 Heap Region Size: 2M
 Heap Min Capacity: 8M
 Heap Initial Capacity: 216M
 Heap Max Capacity: 3456M
 Pre-touch: Disabled
 Parallel Workers: 10
 Concurrent Workers: 3
 Concurrent Refinement Workers: 10
 Periodic GC: Disabled

Heap:
 garbage-first heap   total 436224K, used 200302K [0x0000000728000000, 0x0000000800000000)
  region size 2048K, 46 young (94208K), 12 survivors (24576K)
 Metaspace       used 63064K, committed 63424K, reserved 1114112K
  class space    used 6914K, committed 7104K, reserved 1048576K

Heap Regions: E=young(eden), S=young(survivor), O=old, HS=humongous(starts), HC=humongous(continues), CS=collection set, F=free, OA=open archive, CA=closed archive, TAMS=top-at-mark-start (previous, next)
|   0|0x0000000728000000, 0x0000000728200000, 0x0000000728200000|100%|HS|  |TAMS 0x0000000728200000, 0x0000000728000000| Complete 
|   1|0x0000000728200000, 0x0000000728400000, 0x0000000728400000|100%|HC|  |TAMS 0x0000000728400000, 0x0000000728200000| Complete 
|   2|0x0000000728400000, 0x0000000728600000, 0x0000000728600000|100%| O|  |TAMS 0x0000000728600000, 0x0000000728400000| Untracked 
|   3|0x0000000728600000, 0x0000000728800000, 0x0000000728800000|100%| O|  |TAMS 0x0000000728800000, 0x0000000728600000| Untracked 
|   4|0x0000000728800000, 0x0000000728a00000, 0x0000000728a00000|100%| O|  |TAMS 0x0000000728a00000, 0x0000000728800000| Untracked 
|   5|0x0000000728a00000, 0x0000000728a00000, 0x0000000728c00000|  0%| F|  |TAMS 0x0000000728a00000, 0x0000000728a00000| Untracked 
|   6|0x0000000728c00000, 0x0000000728e00000, 0x0000000728e00000|100%| O|  |TAMS 0x0000000728e00000, 0x0000000728c00000| Untracked 
|   7|0x0000000728e00000, 0x0000000729000000, 0x0000000729000000|100%| O|  |TAMS 0x0000000729000000, 0x0000000728e00000| Untracked 
|   8|0x0000000729000000, 0x0000000729200000, 0x0000000729200000|100%| O|  |TAMS 0x0000000729200000, 0x0000000729000000| Untracked 
|   9|0x0000000729200000, 0x0000000729400000, 0x0000000729400000|100%| O|  |TAMS 0x0000000729400000, 0x0000000729200000| Untracked 
|  10|0x0000000729400000, 0x0000000729600000, 0x0000000729600000|100%| O|  |TAMS 0x0000000729600000, 0x0000000729400000| Untracked 
|  11|0x0000000729600000, 0x0000000729800000, 0x0000000729800000|100%| O|  |TAMS 0x0000000729800000, 0x0000000729600000| Untracked 
|  12|0x0000000729800000, 0x0000000729a00000, 0x0000000729a00000|100%| O|  |TAMS 0x0000000729a00000, 0x0000000729800000| Untracked 
|  13|0x0000000729a00000, 0x0000000729c00000, 0x0000000729c00000|100%| O|  |TAMS 0x0000000729c00000, 0x0000000729a00000| Untracked 
|  14|0x0000000729c00000, 0x0000000729e00000, 0x0000000729e00000|100%| O|  |TAMS 0x0000000729e00000, 0x0000000729c00000| Untracked 
|  15|0x0000000729e00000, 0x000000072a000000, 0x000000072a000000|100%| O|  |TAMS 0x000000072a000000, 0x0000000729e00000| Untracked 
|  16|0x000000072a000000, 0x000000072a200000, 0x000000072a200000|100%| O|  |TAMS 0x000000072a200000, 0x000000072a000000| Untracked 
|  17|0x000000072a200000, 0x000000072a400000, 0x000000072a400000|100%| O|  |TAMS 0x000000072a400000, 0x000000072a200000| Untracked 
|  18|0x000000072a400000, 0x000000072a600000, 0x000000072a600000|100%|HS|  |TAMS 0x000000072a600000, 0x000000072a400000| Complete 
|  19|0x000000072a600000, 0x000000072a800000, 0x000000072a800000|100%| O|  |TAMS 0x000000072a800000, 0x000000072a600000| Untracked 
|  20|0x000000072a800000, 0x000000072aa00000, 0x000000072aa00000|100%| O|  |TAMS 0x000000072aa00000, 0x000000072a800000| Untracked 
|  21|0x000000072aa00000, 0x000000072ac00000, 0x000000072ac00000|100%|HS|  |TAMS 0x000000072ac00000, 0x000000072aa00000| Complete 
|  22|0x000000072ac00000, 0x000000072ae00000, 0x000000072ae00000|100%| O|  |TAMS 0x000000072ae00000, 0x000000072ac00000| Untracked 
|  23|0x000000072ae00000, 0x000000072b000000, 0x000000072b000000|100%| O|  |TAMS 0x000000072b000000, 0x000000072ae00000| Untracked 
|  24|0x000000072b000000, 0x000000072b200000, 0x000000072b200000|100%| O|  |TAMS 0x000000072b200000, 0x000000072b000000| Untracked 
|  25|0x000000072b200000, 0x000000072b400000, 0x000000072b400000|100%| O|  |TAMS 0x000000072b400000, 0x000000072b200000| Untracked 
|  26|0x000000072b400000, 0x000000072b600000, 0x000000072b600000|100%| O|  |TAMS 0x000000072b600000, 0x000000072b400000| Untracked 
|  27|0x000000072b600000, 0x000000072b800000, 0x000000072b800000|100%| O|  |TAMS 0x000000072b800000, 0x000000072b600000| Untracked 
|  28|0x000000072b800000, 0x000000072ba00000, 0x000000072ba00000|100%| O|  |TAMS 0x000000072ba00000, 0x000000072b800000| Untracked 
|  29|0x000000072ba00000, 0x000000072bc00000, 0x000000072bc00000|100%| O|  |TAMS 0x000000072bc00000, 0x000000072ba00000| Untracked 
|  30|0x000000072bc00000, 0x000000072be00000, 0x000000072be00000|100%| O|  |TAMS 0x000000072be00000, 0x000000072bc00000| Untracked 
|  31|0x000000072be00000, 0x000000072c000000, 0x000000072c000000|100%| O|  |TAMS 0x000000072c000000, 0x000000072be00000| Untracked 
|  32|0x000000072c000000, 0x000000072c200000, 0x000000072c200000|100%| O|  |TAMS 0x000000072c200000, 0x000000072c000000| Untracked 
|  33|0x000000072c200000, 0x000000072c400000, 0x000000072c400000|100%| O|  |TAMS 0x000000072c400000, 0x000000072c200000| Untracked 
|  34|0x000000072c400000, 0x000000072c600000, 0x000000072c600000|100%| O|  |TAMS 0x000000072c600000, 0x000000072c400000| Untracked 
|  35|0x000000072c600000, 0x000000072c800000, 0x000000072c800000|100%| O|  |TAMS 0x000000072c800000, 0x000000072c600000| Untracked 
|  36|0x000000072c800000, 0x000000072ca00000, 0x000000072ca00000|100%| O|  |TAMS 0x000000072ca00000, 0x000000072c800000| Untracked 
|  37|0x000000072ca00000, 0x000000072cc00000, 0x000000072cc00000|100%| O|  |TAMS 0x000000072cc00000, 0x000000072ca00000| Untracked 
|  38|0x000000072cc00000, 0x000000072cc00000, 0x000000072ce00000|  0%| F|  |TAMS 0x000000072cc00000, 0x000000072cc00000| Untracked 
|  39|0x000000072ce00000, 0x000000072d000000, 0x000000072d000000|100%| O|  |TAMS 0x000000072d000000, 0x000000072ce00000| Untracked 
|  40|0x000000072d000000, 0x000000072d200000, 0x000000072d200000|100%| O|  |TAMS 0x000000072d200000, 0x000000072d000000| Untracked 
|  41|0x000000072d200000, 0x000000072d400000, 0x000000072d400000|100%| O|  |TAMS 0x000000072d400000, 0x000000072d200000| Untracked 
|  42|0x000000072d400000, 0x000000072d600000, 0x000000072d600000|100%| O|  |TAMS 0x000000072d600000, 0x000000072d400000| Untracked 
|  43|0x000000072d600000, 0x000000072d800000, 0x000000072d800000|100%| O|  |TAMS 0x000000072d800000, 0x000000072d600000| Untracked 
|  44|0x000000072d800000, 0x000000072da00000, 0x000000072da00000|100%| O|  |TAMS 0x000000072d882400, 0x000000072d800000| Untracked 
|  45|0x000000072da00000, 0x000000072dc00000, 0x000000072dc00000|100%| O|  |TAMS 0x000000072da00000, 0x000000072da00000| Untracked 
|  46|0x000000072dc00000, 0x000000072de00000, 0x000000072de00000|100%| O|  |TAMS 0x000000072dc00000, 0x000000072dc00000| Untracked 
|  47|0x000000072de00000, 0x000000072e000000, 0x000000072e000000|100%| O|  |TAMS 0x000000072de00000, 0x000000072de00000| Untracked 
|  48|0x000000072e000000, 0x000000072e200000, 0x000000072e200000|100%| O|  |TAMS 0x000000072e000000, 0x000000072e000000| Untracked 
|  49|0x000000072e200000, 0x000000072e400000, 0x000000072e400000|100%| O|  |TAMS 0x000000072e200000, 0x000000072e200000| Untracked 
|  50|0x000000072e400000, 0x000000072e600000, 0x000000072e600000|100%| O|  |TAMS 0x000000072e400000, 0x000000072e400000| Untracked 
|  51|0x000000072e600000, 0x000000072e800000, 0x000000072e800000|100%| O|  |TAMS 0x000000072e600000, 0x000000072e600000| Untracked 
|  52|0x000000072e800000, 0x000000072ea00000, 0x000000072ea00000|100%| O|  |TAMS 0x000000072e800000, 0x000000072e800000| Untracked 
|  53|0x000000072ea00000, 0x000000072ec00000, 0x000000072ec00000|100%| O|  |TAMS 0x000000072ea00000, 0x000000072ea00000| Untracked 
|  54|0x000000072ec00000, 0x000000072ee00000, 0x000000072ee00000|100%| O|  |TAMS 0x000000072ec00000, 0x000000072ec00000| Untracked 
|  55|0x000000072ee00000, 0x000000072ef0cc00, 0x000000072f000000| 52%| O|  |TAMS 0x000000072ee00000, 0x000000072ee00000| Untracked 
|  56|0x000000072f000000, 0x000000072f000000, 0x000000072f200000|  0%| F|  |TAMS 0x000000072f000000, 0x000000072f000000| Untracked 
|  57|0x000000072f200000, 0x000000072f200000, 0x000000072f400000|  0%| F|  |TAMS 0x000000072f200000, 0x000000072f200000| Untracked 
|  58|0x000000072f400000, 0x000000072f400000, 0x000000072f600000|  0%| F|  |TAMS 0x000000072f400000, 0x000000072f400000| Untracked 
|  59|0x000000072f600000, 0x000000072f600000, 0x000000072f800000|  0%| F|  |TAMS 0x000000072f600000, 0x000000072f600000| Untracked 
|  60|0x000000072f800000, 0x000000072f800000, 0x000000072fa00000|  0%| F|  |TAMS 0x000000072f800000, 0x000000072f800000| Untracked 
|  61|0x000000072fa00000, 0x000000072fa00000, 0x000000072fc00000|  0%| F|  |TAMS 0x000000072fa00000, 0x000000072fa00000| Untracked 
|  62|0x000000072fc00000, 0x000000072fc00000, 0x000000072fe00000|  0%| F|  |TAMS 0x000000072fc00000, 0x000000072fc00000| Untracked 
|  63|0x000000072fe00000, 0x000000072fe00000, 0x0000000730000000|  0%| F|  |TAMS 0x000000072fe00000, 0x000000072fe00000| Untracked 
|  64|0x0000000730000000, 0x0000000730000000, 0x0000000730200000|  0%| F|  |TAMS 0x0000000730000000, 0x0000000730000000| Untracked 
|  65|0x0000000730200000, 0x0000000730200000, 0x0000000730400000|  0%| F|  |TAMS 0x0000000730200000, 0x0000000730200000| Untracked 
|  66|0x0000000730400000, 0x0000000730400000, 0x0000000730600000|  0%| F|  |TAMS 0x0000000730400000, 0x0000000730400000| Untracked 
|  67|0x0000000730600000, 0x0000000730600000, 0x0000000730800000|  0%| F|  |TAMS 0x0000000730600000, 0x0000000730600000| Untracked 
|  68|0x0000000730800000, 0x0000000730800000, 0x0000000730a00000|  0%| F|  |TAMS 0x0000000730800000, 0x0000000730800000| Untracked 
|  69|0x0000000730a00000, 0x0000000730a00000, 0x0000000730c00000|  0%| F|  |TAMS 0x0000000730a00000, 0x0000000730a00000| Untracked 
|  70|0x0000000730c00000, 0x0000000730c00000, 0x0000000730e00000|  0%| F|  |TAMS 0x0000000730c00000, 0x0000000730c00000| Untracked 
|  71|0x0000000730e00000, 0x0000000730e00000, 0x0000000731000000|  0%| F|  |TAMS 0x0000000730e00000, 0x0000000730e00000| Untracked 
|  72|0x0000000731000000, 0x0000000731000000, 0x0000000731200000|  0%| F|  |TAMS 0x0000000731000000, 0x0000000731000000| Untracked 
|  73|0x0000000731200000, 0x0000000731200000, 0x0000000731400000|  0%| F|  |TAMS 0x0000000731200000, 0x0000000731200000| Untracked 
|  74|0x0000000731400000, 0x0000000731400000, 0x0000000731600000|  0%| F|  |TAMS 0x0000000731400000, 0x0000000731400000| Untracked 
|  75|0x0000000731600000, 0x0000000731600000, 0x0000000731800000|  0%| F|  |TAMS 0x0000000731600000, 0x0000000731600000| Untracked 
|  76|0x0000000731800000, 0x0000000731800000, 0x0000000731a00000|  0%| F|  |TAMS 0x0000000731800000, 0x0000000731800000| Untracked 
|  77|0x0000000731a00000, 0x0000000731a00000, 0x0000000731c00000|  0%| F|  |TAMS 0x0000000731a00000, 0x0000000731a00000| Untracked 
|  78|0x0000000731c00000, 0x0000000731c00000, 0x0000000731e00000|  0%| F|  |TAMS 0x0000000731c00000, 0x0000000731c00000| Untracked 
|  79|0x0000000731e00000, 0x0000000731e00000, 0x0000000732000000|  0%| F|  |TAMS 0x0000000731e00000, 0x0000000731e00000| Untracked 
|  80|0x0000000732000000, 0x0000000732000000, 0x0000000732200000|  0%| F|  |TAMS 0x0000000732000000, 0x0000000732000000| Untracked 
|  81|0x0000000732200000, 0x0000000732200000, 0x0000000732400000|  0%| F|  |TAMS 0x0000000732200000, 0x0000000732200000| Untracked 
|  82|0x0000000732400000, 0x0000000732400000, 0x0000000732600000|  0%| F|  |TAMS 0x0000000732400000, 0x0000000732400000| Untracked 
|  83|0x0000000732600000, 0x0000000732600000, 0x0000000732800000|  0%| F|  |TAMS 0x0000000732600000, 0x0000000732600000| Untracked 
|  84|0x0000000732800000, 0x0000000732800000, 0x0000000732a00000|  0%| F|  |TAMS 0x0000000732800000, 0x0000000732800000| Untracked 
|  85|0x0000000732a00000, 0x0000000732a00000, 0x0000000732c00000|  0%| F|  |TAMS 0x0000000732a00000, 0x0000000732a00000| Untracked 
|  86|0x0000000732c00000, 0x0000000732c00000, 0x0000000732e00000|  0%| F|  |TAMS 0x0000000732c00000, 0x0000000732c00000| Untracked 
|  87|0x0000000732e00000, 0x0000000732e00000, 0x0000000733000000|  0%| F|  |TAMS 0x0000000732e00000, 0x0000000732e00000| Untracked 
|  88|0x0000000733000000, 0x0000000733000000, 0x0000000733200000|  0%| F|  |TAMS 0x0000000733000000, 0x0000000733000000| Untracked 
|  89|0x0000000733200000, 0x0000000733200000, 0x0000000733400000|  0%| F|  |TAMS 0x0000000733200000, 0x0000000733200000| Untracked 
|  90|0x0000000733400000, 0x0000000733400000, 0x0000000733600000|  0%| F|  |TAMS 0x0000000733400000, 0x0000000733400000| Untracked 
|  91|0x0000000733600000, 0x0000000733600000, 0x0000000733800000|  0%| F|  |TAMS 0x0000000733600000, 0x0000000733600000| Untracked 
|  92|0x0000000733800000, 0x0000000733800000, 0x0000000733a00000|  0%| F|  |TAMS 0x0000000733800000, 0x0000000733800000| Untracked 
|  93|0x0000000733a00000, 0x0000000733a00000, 0x0000000733c00000|  0%| F|  |TAMS 0x0000000733a00000, 0x0000000733a00000| Untracked 
|  94|0x0000000733c00000, 0x0000000733c00000, 0x0000000733e00000|  0%| F|  |TAMS 0x0000000733c00000, 0x0000000733c00000| Untracked 
|  95|0x0000000733e00000, 0x0000000733e00000, 0x0000000734000000|  0%| F|  |TAMS 0x0000000733e00000, 0x0000000733e00000| Untracked 
|  96|0x0000000734000000, 0x000000073408ec60, 0x0000000734200000| 27%| S|CS|TAMS 0x0000000734000000, 0x0000000734000000| Complete 
|  97|0x0000000734200000, 0x0000000734400000, 0x0000000734400000|100%| S|CS|TAMS 0x0000000734200000, 0x0000000734200000| Complete 
|  98|0x0000000734400000, 0x0000000734600000, 0x0000000734600000|100%| S|CS|TAMS 0x0000000734400000, 0x0000000734400000| Complete 
|  99|0x0000000734600000, 0x0000000734800000, 0x0000000734800000|100%| S|CS|TAMS 0x0000000734600000, 0x0000000734600000| Complete 
| 100|0x0000000734800000, 0x0000000734a00000, 0x0000000734a00000|100%| S|CS|TAMS 0x0000000734800000, 0x0000000734800000| Complete 
| 101|0x0000000734a00000, 0x0000000734c00000, 0x0000000734c00000|100%| S|CS|TAMS 0x0000000734a00000, 0x0000000734a00000| Complete 
| 102|0x0000000734c00000, 0x0000000734e00000, 0x0000000734e00000|100%| S|CS|TAMS 0x0000000734c00000, 0x0000000734c00000| Complete 
| 103|0x0000000734e00000, 0x0000000735000000, 0x0000000735000000|100%| S|CS|TAMS 0x0000000734e00000, 0x0000000734e00000| Complete 
| 104|0x0000000735000000, 0x0000000735200000, 0x0000000735200000|100%| S|CS|TAMS 0x0000000735000000, 0x0000000735000000| Complete 
| 105|0x0000000735200000, 0x0000000735400000, 0x0000000735400000|100%| S|CS|TAMS 0x0000000735200000, 0x0000000735200000| Complete 
| 106|0x0000000735400000, 0x0000000735600000, 0x0000000735600000|100%| S|CS|TAMS 0x0000000735400000, 0x0000000735400000| Complete 
| 107|0x0000000735600000, 0x0000000735800000, 0x0000000735800000|100%| S|CS|TAMS 0x0000000735600000, 0x0000000735600000| Complete 
| 108|0x0000000735800000, 0x0000000735800000, 0x0000000735a00000|  0%| F|  |TAMS 0x0000000735800000, 0x0000000735800000| Untracked 
| 109|0x0000000735a00000, 0x0000000735a00000, 0x0000000735c00000|  0%| F|  |TAMS 0x0000000735a00000, 0x0000000735a00000| Untracked 
| 110|0x0000000735c00000, 0x0000000735c00000, 0x0000000735e00000|  0%| F|  |TAMS 0x0000000735c00000, 0x0000000735c00000| Untracked 
| 111|0x0000000735e00000, 0x0000000735e00000, 0x0000000736000000|  0%| F|  |TAMS 0x0000000735e00000, 0x0000000735e00000| Untracked 
| 112|0x0000000736000000, 0x0000000736000000, 0x0000000736200000|  0%| F|  |TAMS 0x0000000736000000, 0x0000000736000000| Untracked 
| 113|0x0000000736200000, 0x0000000736200000, 0x0000000736400000|  0%| F|  |TAMS 0x0000000736200000, 0x0000000736200000| Untracked 
| 114|0x0000000736400000, 0x0000000736400000, 0x0000000736600000|  0%| F|  |TAMS 0x0000000736400000, 0x0000000736400000| Untracked 
| 115|0x0000000736600000, 0x0000000736600000, 0x0000000736800000|  0%| F|  |TAMS 0x0000000736600000, 0x0000000736600000| Untracked 
| 116|0x0000000736800000, 0x0000000736800000, 0x0000000736a00000|  0%| F|  |TAMS 0x0000000736800000, 0x0000000736800000| Untracked 
| 117|0x0000000736a00000, 0x0000000736a00000, 0x0000000736c00000|  0%| F|  |TAMS 0x0000000736a00000, 0x0000000736a00000| Untracked 
| 118|0x0000000736c00000, 0x0000000736c00000, 0x0000000736e00000|  0%| F|  |TAMS 0x0000000736c00000, 0x0000000736c00000| Untracked 
| 119|0x0000000736e00000, 0x0000000736e00000, 0x0000000737000000|  0%| F|  |TAMS 0x0000000736e00000, 0x0000000736e00000| Untracked 
| 120|0x0000000737000000, 0x0000000737000000, 0x0000000737200000|  0%| F|  |TAMS 0x0000000737000000, 0x0000000737000000| Untracked 
| 121|0x0000000737200000, 0x0000000737200000, 0x0000000737400000|  0%| F|  |TAMS 0x0000000737200000, 0x0000000737200000| Untracked 
| 122|0x0000000737400000, 0x0000000737400000, 0x0000000737600000|  0%| F|  |TAMS 0x0000000737400000, 0x0000000737400000| Untracked 
| 123|0x0000000737600000, 0x0000000737600000, 0x0000000737800000|  0%| F|  |TAMS 0x0000000737600000, 0x0000000737600000| Untracked 
| 124|0x0000000737800000, 0x0000000737800000, 0x0000000737a00000|  0%| F|  |TAMS 0x0000000737800000, 0x0000000737800000| Untracked 
| 125|0x0000000737a00000, 0x0000000737a00000, 0x0000000737c00000|  0%| F|  |TAMS 0x0000000737a00000, 0x0000000737a00000| Untracked 
| 126|0x0000000737c00000, 0x0000000737c00000, 0x0000000737e00000|  0%| F|  |TAMS 0x0000000737c00000, 0x0000000737c00000| Untracked 
| 127|0x0000000737e00000, 0x0000000737e00000, 0x0000000738000000|  0%| F|  |TAMS 0x0000000737e00000, 0x0000000737e00000| Untracked 
| 128|0x0000000738000000, 0x0000000738000000, 0x0000000738200000|  0%| F|  |TAMS 0x0000000738000000, 0x0000000738000000| Untracked 
| 129|0x0000000738200000, 0x0000000738200000, 0x0000000738400000|  0%| F|  |TAMS 0x0000000738200000, 0x0000000738200000| Untracked 
| 130|0x0000000738400000, 0x0000000738400000, 0x0000000738600000|  0%| F|  |TAMS 0x0000000738400000, 0x0000000738400000| Untracked 
| 131|0x0000000738600000, 0x0000000738600000, 0x0000000738800000|  0%| F|  |TAMS 0x0000000738600000, 0x0000000738600000| Untracked 
| 132|0x0000000738800000, 0x0000000738800000, 0x0000000738a00000|  0%| F|  |TAMS 0x0000000738800000, 0x0000000738800000| Untracked 
| 133|0x0000000738a00000, 0x0000000738a00000, 0x0000000738c00000|  0%| F|  |TAMS 0x0000000738a00000, 0x0000000738a00000| Untracked 
| 134|0x0000000738c00000, 0x0000000738c00000, 0x0000000738e00000|  0%| F|  |TAMS 0x0000000738c00000, 0x0000000738c00000| Untracked 
| 135|0x0000000738e00000, 0x0000000738e00000, 0x0000000739000000|  0%| F|  |TAMS 0x0000000738e00000, 0x0000000738e00000| Untracked 
| 136|0x0000000739000000, 0x0000000739000000, 0x0000000739200000|  0%| F|  |TAMS 0x0000000739000000, 0x0000000739000000| Untracked 
| 137|0x0000000739200000, 0x0000000739200000, 0x0000000739400000|  0%| F|  |TAMS 0x0000000739200000, 0x0000000739200000| Untracked 
| 138|0x0000000739400000, 0x0000000739400000, 0x0000000739600000|  0%| F|  |TAMS 0x0000000739400000, 0x0000000739400000| Untracked 
| 139|0x0000000739600000, 0x0000000739600000, 0x0000000739800000|  0%| F|  |TAMS 0x0000000739600000, 0x0000000739600000| Untracked 
| 140|0x0000000739800000, 0x0000000739800000, 0x0000000739a00000|  0%| F|  |TAMS 0x0000000739800000, 0x0000000739800000| Untracked 
| 141|0x0000000739a00000, 0x0000000739a00000, 0x0000000739c00000|  0%| F|  |TAMS 0x0000000739a00000, 0x0000000739a00000| Untracked 
| 142|0x0000000739c00000, 0x0000000739c00000, 0x0000000739e00000|  0%| F|  |TAMS 0x0000000739c00000, 0x0000000739c00000| Untracked 
| 143|0x0000000739e00000, 0x0000000739e00000, 0x000000073a000000|  0%| F|  |TAMS 0x0000000739e00000, 0x0000000739e00000| Untracked 
| 144|0x000000073a000000, 0x000000073a000000, 0x000000073a200000|  0%| F|  |TAMS 0x000000073a000000, 0x000000073a000000| Untracked 
| 145|0x000000073a200000, 0x000000073a200000, 0x000000073a400000|  0%| F|  |TAMS 0x000000073a200000, 0x000000073a200000| Untracked 
| 146|0x000000073a400000, 0x000000073a400000, 0x000000073a600000|  0%| F|  |TAMS 0x000000073a400000, 0x000000073a400000| Untracked 
| 147|0x000000073a600000, 0x000000073a600000, 0x000000073a800000|  0%| F|  |TAMS 0x000000073a600000, 0x000000073a600000| Untracked 
| 148|0x000000073a800000, 0x000000073a800000, 0x000000073aa00000|  0%| F|  |TAMS 0x000000073a800000, 0x000000073a800000| Untracked 
| 149|0x000000073aa00000, 0x000000073aa00000, 0x000000073ac00000|  0%| F|  |TAMS 0x000000073aa00000, 0x000000073aa00000| Untracked 
| 150|0x000000073ac00000, 0x000000073ac00000, 0x000000073ae00000|  0%| F|  |TAMS 0x000000073ac00000, 0x000000073ac00000| Untracked 
| 151|0x000000073ae00000, 0x000000073ae00000, 0x000000073b000000|  0%| F|  |TAMS 0x000000073ae00000, 0x000000073ae00000| Untracked 
| 152|0x000000073b000000, 0x000000073b000000, 0x000000073b200000|  0%| F|  |TAMS 0x000000073b000000, 0x000000073b000000| Untracked 
| 153|0x000000073b200000, 0x000000073b200000, 0x000000073b400000|  0%| F|  |TAMS 0x000000073b200000, 0x000000073b200000| Untracked 
| 154|0x000000073b400000, 0x000000073b400000, 0x000000073b600000|  0%| F|  |TAMS 0x000000073b400000, 0x000000073b400000| Untracked 
| 155|0x000000073b600000, 0x000000073b600000, 0x000000073b800000|  0%| F|  |TAMS 0x000000073b600000, 0x000000073b600000| Untracked 
| 156|0x000000073b800000, 0x000000073b800000, 0x000000073ba00000|  0%| F|  |TAMS 0x000000073b800000, 0x000000073b800000| Untracked 
| 157|0x000000073ba00000, 0x000000073ba00000, 0x000000073bc00000|  0%| F|  |TAMS 0x000000073ba00000, 0x000000073ba00000| Untracked 
| 158|0x000000073bc00000, 0x000000073bc00000, 0x000000073be00000|  0%| F|  |TAMS 0x000000073bc00000, 0x000000073bc00000| Untracked 
| 159|0x000000073be00000, 0x000000073be00000, 0x000000073c000000|  0%| F|  |TAMS 0x000000073be00000, 0x000000073be00000| Untracked 
| 160|0x000000073c000000, 0x000000073c000000, 0x000000073c200000|  0%| F|  |TAMS 0x000000073c000000, 0x000000073c000000| Untracked 
| 161|0x000000073c200000, 0x000000073c200000, 0x000000073c400000|  0%| F|  |TAMS 0x000000073c200000, 0x000000073c200000| Untracked 
| 162|0x000000073c400000, 0x000000073c400000, 0x000000073c600000|  0%| F|  |TAMS 0x000000073c400000, 0x000000073c400000| Untracked 
| 163|0x000000073c600000, 0x000000073c600000, 0x000000073c800000|  0%| F|  |TAMS 0x000000073c600000, 0x000000073c600000| Untracked 
| 164|0x000000073c800000, 0x000000073c800000, 0x000000073ca00000|  0%| F|  |TAMS 0x000000073c800000, 0x000000073c800000| Untracked 
| 165|0x000000073ca00000, 0x000000073ca00000, 0x000000073cc00000|  0%| F|  |TAMS 0x000000073ca00000, 0x000000073ca00000| Untracked 
| 166|0x000000073cc00000, 0x000000073cc00000, 0x000000073ce00000|  0%| F|  |TAMS 0x000000073cc00000, 0x000000073cc00000| Untracked 
| 167|0x000000073ce00000, 0x000000073ce00000, 0x000000073d000000|  0%| F|  |TAMS 0x000000073ce00000, 0x000000073ce00000| Untracked 
| 168|0x000000073d000000, 0x000000073d000000, 0x000000073d200000|  0%| F|  |TAMS 0x000000073d000000, 0x000000073d000000| Untracked 
| 169|0x000000073d200000, 0x000000073d200000, 0x000000073d400000|  0%| F|  |TAMS 0x000000073d200000, 0x000000073d200000| Untracked 
| 170|0x000000073d400000, 0x000000073d400000, 0x000000073d600000|  0%| F|  |TAMS 0x000000073d400000, 0x000000073d400000| Untracked 
| 171|0x000000073d600000, 0x000000073d600000, 0x000000073d800000|  0%| F|  |TAMS 0x000000073d600000, 0x000000073d600000| Untracked 
| 172|0x000000073d800000, 0x000000073d800000, 0x000000073da00000|  0%| F|  |TAMS 0x000000073d800000, 0x000000073d800000| Untracked 
| 173|0x000000073da00000, 0x000000073da00000, 0x000000073dc00000|  0%| F|  |TAMS 0x000000073da00000, 0x000000073da00000| Untracked 
| 174|0x000000073dc00000, 0x000000073dc00000, 0x000000073de00000|  0%| F|  |TAMS 0x000000073dc00000, 0x000000073dc00000| Untracked 
| 175|0x000000073de00000, 0x000000073de00000, 0x000000073e000000|  0%| F|  |TAMS 0x000000073de00000, 0x000000073de00000| Untracked 
| 176|0x000000073e000000, 0x000000073e000000, 0x000000073e200000|  0%| F|  |TAMS 0x000000073e000000, 0x000000073e000000| Untracked 
| 177|0x000000073e200000, 0x000000073e200000, 0x000000073e400000|  0%| F|  |TAMS 0x000000073e200000, 0x000000073e200000| Untracked 
| 178|0x000000073e400000, 0x000000073e400000, 0x000000073e600000|  0%| F|  |TAMS 0x000000073e400000, 0x000000073e400000| Untracked 
| 179|0x000000073e600000, 0x000000073e800000, 0x000000073e800000|100%| E|  |TAMS 0x000000073e600000, 0x000000073e600000| Complete 
| 180|0x000000073e800000, 0x000000073ea00000, 0x000000073ea00000|100%| E|CS|TAMS 0x000000073e800000, 0x000000073e800000| Complete 
| 181|0x000000073ea00000, 0x000000073ec00000, 0x000000073ec00000|100%| E|CS|TAMS 0x000000073ea00000, 0x000000073ea00000| Complete 
| 182|0x000000073ec00000, 0x000000073ee00000, 0x000000073ee00000|100%| E|CS|TAMS 0x000000073ec00000, 0x000000073ec00000| Complete 
| 183|0x000000073ee00000, 0x000000073f000000, 0x000000073f000000|100%| E|CS|TAMS 0x000000073ee00000, 0x000000073ee00000| Complete 
| 184|0x000000073f000000, 0x000000073f200000, 0x000000073f200000|100%| E|CS|TAMS 0x000000073f000000, 0x000000073f000000| Complete 
| 185|0x000000073f200000, 0x000000073f400000, 0x000000073f400000|100%| E|CS|TAMS 0x000000073f200000, 0x000000073f200000| Complete 
| 186|0x000000073f400000, 0x000000073f600000, 0x000000073f600000|100%| E|CS|TAMS 0x000000073f400000, 0x000000073f400000| Complete 
| 187|0x000000073f600000, 0x000000073f800000, 0x000000073f800000|100%| E|CS|TAMS 0x000000073f600000, 0x000000073f600000| Complete 
| 188|0x000000073f800000, 0x000000073fa00000, 0x000000073fa00000|100%| E|CS|TAMS 0x000000073f800000, 0x000000073f800000| Complete 
| 189|0x000000073fa00000, 0x000000073fc00000, 0x000000073fc00000|100%| E|CS|TAMS 0x000000073fa00000, 0x000000073fa00000| Complete 
| 190|0x000000073fc00000, 0x000000073fe00000, 0x000000073fe00000|100%| E|CS|TAMS 0x000000073fc00000, 0x000000073fc00000| Complete 
| 191|0x000000073fe00000, 0x0000000740000000, 0x0000000740000000|100%| E|CS|TAMS 0x000000073fe00000, 0x000000073fe00000| Complete 
| 192|0x0000000740000000, 0x0000000740200000, 0x0000000740200000|100%| E|CS|TAMS 0x0000000740000000, 0x0000000740000000| Complete 
| 193|0x0000000740200000, 0x0000000740400000, 0x0000000740400000|100%| E|CS|TAMS 0x0000000740200000, 0x0000000740200000| Complete 
| 194|0x0000000740400000, 0x0000000740600000, 0x0000000740600000|100%| E|CS|TAMS 0x0000000740400000, 0x0000000740400000| Complete 
| 195|0x0000000740600000, 0x0000000740800000, 0x0000000740800000|100%| E|CS|TAMS 0x0000000740600000, 0x0000000740600000| Complete 
| 196|0x0000000740800000, 0x0000000740a00000, 0x0000000740a00000|100%| E|CS|TAMS 0x0000000740800000, 0x0000000740800000| Complete 
| 197|0x0000000740a00000, 0x0000000740c00000, 0x0000000740c00000|100%| E|CS|TAMS 0x0000000740a00000, 0x0000000740a00000| Complete 
| 198|0x0000000740c00000, 0x0000000740e00000, 0x0000000740e00000|100%| E|CS|TAMS 0x0000000740c00000, 0x0000000740c00000| Complete 
| 199|0x0000000740e00000, 0x0000000741000000, 0x0000000741000000|100%| E|CS|TAMS 0x0000000740e00000, 0x0000000740e00000| Complete 
| 200|0x0000000741000000, 0x0000000741200000, 0x0000000741200000|100%| E|CS|TAMS 0x0000000741000000, 0x0000000741000000| Complete 
| 201|0x0000000741200000, 0x0000000741400000, 0x0000000741400000|100%| E|CS|TAMS 0x0000000741200000, 0x0000000741200000| Complete 
| 202|0x0000000741400000, 0x0000000741600000, 0x0000000741600000|100%| E|CS|TAMS 0x0000000741400000, 0x0000000741400000| Complete 
| 203|0x0000000741600000, 0x0000000741800000, 0x0000000741800000|100%| E|CS|TAMS 0x0000000741600000, 0x0000000741600000| Complete 
| 204|0x0000000741800000, 0x0000000741a00000, 0x0000000741a00000|100%| E|CS|TAMS 0x0000000741800000, 0x0000000741800000| Complete 
| 205|0x0000000741a00000, 0x0000000741c00000, 0x0000000741c00000|100%| E|CS|TAMS 0x0000000741a00000, 0x0000000741a00000| Complete 
| 206|0x0000000741c00000, 0x0000000741e00000, 0x0000000741e00000|100%| E|CS|TAMS 0x0000000741c00000, 0x0000000741c00000| Complete 
| 207|0x0000000741e00000, 0x0000000742000000, 0x0000000742000000|100%| E|CS|TAMS 0x0000000741e00000, 0x0000000741e00000| Complete 
| 208|0x0000000742000000, 0x0000000742200000, 0x0000000742200000|100%| E|CS|TAMS 0x0000000742000000, 0x0000000742000000| Complete 
| 209|0x0000000742200000, 0x0000000742400000, 0x0000000742400000|100%| E|CS|TAMS 0x0000000742200000, 0x0000000742200000| Complete 
| 210|0x0000000742400000, 0x0000000742600000, 0x0000000742600000|100%| E|CS|TAMS 0x0000000742400000, 0x0000000742400000| Complete 
| 211|0x0000000742600000, 0x0000000742800000, 0x0000000742800000|100%| E|CS|TAMS 0x0000000742600000, 0x0000000742600000| Complete 
| 212|0x0000000742800000, 0x0000000742a00000, 0x0000000742a00000|100%| E|CS|TAMS 0x0000000742800000, 0x0000000742800000| Complete 

Card table byte_map: [0x00007fe6f03a0000,0x00007fe6f0a60000] _byte_map_base: 0x00007fe6eca60000

Marking Bits (Prev, Next): (CMBitMap*) 0x00007fe6ec088b70, (CMBitMap*) 0x00007fe6ec088bb0
 Prev Bits: [0x00007fe6d5d40000, 0x00007fe6d9340000)
 Next Bits: [0x00007fe6d2740000, 0x00007fe6d5d40000)

Polling page: 0x00007fe6f34bf000

Metaspace:

Usage:
  Non-class:     54,84 MB used.
      Class:      6,75 MB used.
       Both:     61,59 MB used.

Virtual space:
  Non-class space:       64,00 MB reserved,      55,00 MB ( 86%) committed,  1 nodes.
      Class space:        1,00 GB reserved,       6,94 MB ( <1%) committed,  1 nodes.
             Both:        1,06 GB reserved,      61,94 MB (  6%) committed. 

Chunk freelists:
   Non-Class:  9,04 MB
       Class:  8,93 MB
        Both:  17,97 MB

MaxMetaspaceSize: unlimited
CompressedClassSpaceSize: 1,00 GB
Initial GC threshold: 21,00 MB
Current GC threshold: 97,94 MB
CDS: off
MetaspaceReclaimPolicy: balanced
 - commit_granule_bytes: 65536.
 - commit_granule_words: 8192.
 - virtual_space_node_default_size: 8388608.
 - enlarge_chunks_in_place: 1.
 - new_chunks_are_fully_committed: 0.
 - uncommit_free_chunks: 1.
 - use_allocation_guard: 0.
 - handle_deallocations: 1.


Internal statistics:

num_allocs_failed_limit: 8.
num_arena_births: 306.
num_arena_deaths: 0.
num_vsnodes_births: 2.
num_vsnodes_deaths: 0.
num_space_committed: 989.
num_space_uncommitted: 0.
num_chunks_returned_to_freelist: 8.
num_chunks_taken_from_freelist: 2425.
num_chunk_merges: 8.
num_chunk_splits: 1853.
num_chunks_enlarged: 1544.
num_inconsistent_stats: 0.

CodeHeap 'non-profiled nmethods': size=120028Kb used=8398Kb max_used=8398Kb free=111629Kb
 bounds [0x00007fe6e14c9000, 0x00007fe6e1d09000, 0x00007fe6e8a00000]
CodeHeap 'profiled nmethods': size=120028Kb used=33567Kb max_used=33567Kb free=86461Kb
 bounds [0x00007fe6d9a00000, 0x00007fe6dbad0000, 0x00007fe6e0f37000]
CodeHeap 'non-nmethods': size=5704Kb used=1292Kb max_used=1409Kb free=4411Kb
 bounds [0x00007fe6e0f37000, 0x00007fe6e11a7000, 0x00007fe6e14c9000]
 total_blobs=11415 nmethods=10812 adapters=514
 compilation: enabled
              stopped_count=0, restarted_count=0
 full_count=0

Compilation events (20 events):
Event: 12,589 Thread 0x00007fe6ec1ff9d0 13439       3       org.jetbrains.kotlin.resolve.calls.inference.components.ResultTypeResolver$findSubType$1::invoke (9 bytes)
Event: 12,589 Thread 0x00007fe6ec1ff9d0 nmethod 13439 0x00007fe6dbab4910 code [0x00007fe6dbab4ac0, 0x00007fe6dbab4d00]
Event: 12,589 Thread 0x00007fe6ec1ff9d0 13440       3       org.jetbrains.kotlin.resolve.calls.inference.components.ResultTypeResolver$findSubType$1::invoke (48 bytes)
Event: 12,590 Thread 0x00007fe6ec1ff9d0 nmethod 13440 0x00007fe6dbab4e10 code [0x00007fe6dbab5180, 0x00007fe6dbab6550]
Event: 12,597 Thread 0x00007fe6ec1ff9d0 13442       3       kotlin.collections.builders.ListBuilder::build (45 bytes)
Event: 12,597 Thread 0x00007fe6ec1ff9d0 nmethod 13442 0x00007fe6dbab6c10 code [0x00007fe6dbab6e00, 0x00007fe6dbab7330]
Event: 12,597 Thread 0x00007fe6ec1ff9d0 13443       3       org.jetbrains.kotlin.types.expressions.ExpressionTypingVisitorDispatcher$ForBlock::visitQualifiedExpression (10 bytes)
Event: 12,598 Thread 0x00007fe6ec1ff9d0 nmethod 13443 0x00007fe6dbab7510 code [0x00007fe6dbab7700, 0x00007fe6dbab7b20]
Event: 12,604 Thread 0x00007fe6ec1ff9d0 13445       3       org.jetbrains.kotlin.resolve.calls.NewCommonSuperTypeCalculator::commonSuperType (770 bytes)
Event: 12,608 Thread 0x00007fe6ec1ff9d0 nmethod 13445 0x00007fe6dbab7d10 code [0x00007fe6dbab86c0, 0x00007fe6dbabf5e0]
Event: 12,608 Thread 0x00007fe6ec1ff9d0 13446       3       org.jetbrains.kotlin.resolve.calls.NewCommonSuperTypeCalculator::commonSuperType (169 bytes)
Event: 12,610 Thread 0x00007fe6ec1ff9d0 nmethod 13446 0x00007fe6dbac1690 code [0x00007fe6dbac1aa0, 0x00007fe6dbac3b00]
Event: 12,610 Thread 0x00007fe6ec1ff9d0 13447       3       org.jetbrains.kotlin.types.checker.ClassicTypeSystemContext$DefaultImpls::unionTypeAttributes (204 bytes)
Event: 12,611 Thread 0x00007fe6ec1ff9d0 nmethod 13447 0x00007fe6dbac4390 code [0x00007fe6dbac47c0, 0x00007fe6dbac6910]
Event: 12,611 Thread 0x00007fe6ec1ff9d0 13448       3       kotlin.collections.CollectionsKt___CollectionsKt::toMutableList (39 bytes)
Event: 12,612 Thread 0x00007fe6ec1ff9d0 nmethod 13448 0x00007fe6dbac7290 code [0x00007fe6dbac75a0, 0x00007fe6dbac86f0]
Event: 12,616 Thread 0x00007fe6ec1ff9d0 13449       3       org.jetbrains.kotlin.types.expressions.ExpressionTypingServices::getBlockReturnedType (29 bytes)
Event: 12,616 Thread 0x00007fe6ec1ff9d0 nmethod 13449 0x00007fe6dbac8c10 code [0x00007fe6dbac8de0, 0x00007fe6dbac9010]
Event: 12,632 Thread 0x00007fe6841054f0 nmethod 13427 0x00007fe6e1cf5710 code [0x00007fe6e1cf5c20, 0x00007fe6e1cf8ce0]
Event: 12,632 Thread 0x00007fe6841054f0 13438       4       org.jetbrains.kotlin.descriptors.impl.AbstractTypeParameterDescriptor::getVariance (14 bytes)

GC Heap History (20 events):
Event: 5,904 GC heap before
{Heap before GC invocations=25 (full 0):
 garbage-first heap   total 131072K, used 80190K [0x0000000728000000, 0x0000000800000000)
  region size 2048K, 3 young (6144K), 2 survivors (4096K)
 Metaspace       used 57759K, committed 58048K, reserved 1114112K
  class space    used 6594K, committed 6720K, reserved 1048576K
}
Event: 5,907 GC heap after
{Heap after GC invocations=26 (full 0):
 garbage-first heap   total 131072K, used 78101K [0x0000000728000000, 0x0000000800000000)
  region size 2048K, 1 young (2048K), 1 survivors (2048K)
 Metaspace       used 57759K, committed 58048K, reserved 1114112K
  class space    used 6594K, committed 6720K, reserved 1048576K
}
Event: 6,393 GC heap before
{Heap before GC invocations=26 (full 0):
 garbage-first heap   total 131072K, used 100629K [0x0000000728000000, 0x0000000800000000)
  region size 2048K, 13 young (26624K), 1 survivors (2048K)
 Metaspace       used 59252K, committed 59520K, reserved 1114112K
  class space    used 6689K, committed 6848K, reserved 1048576K
}
Event: 6,398 GC heap after
{Heap after GC invocations=27 (full 0):
 garbage-first heap   total 131072K, used 79908K [0x0000000728000000, 0x0000000800000000)
  region size 2048K, 2 young (4096K), 2 survivors (4096K)
 Metaspace       used 59252K, committed 59520K, reserved 1114112K
  class space    used 6689K, committed 6848K, reserved 1048576K
}
Event: 6,708 GC heap before
{Heap before GC invocations=28 (full 0):
 garbage-first heap   total 141312K, used 106532K [0x0000000728000000, 0x0000000800000000)
  region size 2048K, 14 young (28672K), 2 survivors (4096K)
 Metaspace       used 59711K, committed 59968K, reserved 1114112K
  class space    used 6696K, committed 6848K, reserved 1048576K
}
Event: 6,714 GC heap after
{Heap after GC invocations=29 (full 0):
 garbage-first heap   total 141312K, used 84477K [0x0000000728000000, 0x0000000800000000)
  region size 2048K, 2 young (4096K), 2 survivors (4096K)
 Metaspace       used 59711K, committed 59968K, reserved 1114112K
  class space    used 6696K, committed 6848K, reserved 1048576K
}
Event: 6,719 GC heap before
{Heap before GC invocations=29 (full 0):
 garbage-first heap   total 141312K, used 86525K [0x0000000728000000, 0x0000000800000000)
  region size 2048K, 3 young (6144K), 2 survivors (4096K)
 Metaspace       used 59711K, committed 59968K, reserved 1114112K
  class space    used 6696K, committed 6848K, reserved 1048576K
}
Event: 6,723 GC heap after
{Heap after GC invocations=30 (full 0):
 garbage-first heap   total 198656K, used 84252K [0x0000000728000000, 0x0000000800000000)
  region size 2048K, 1 young (2048K), 1 survivors (2048K)
 Metaspace       used 59711K, committed 59968K, reserved 1114112K
  class space    used 6696K, committed 6848K, reserved 1048576K
}
Event: 6,859 GC heap before
{Heap before GC invocations=30 (full 0):
 garbage-first heap   total 198656K, used 151836K [0x0000000728000000, 0x0000000800000000)
  region size 2048K, 34 young (69632K), 1 survivors (2048K)
 Metaspace       used 59732K, committed 60032K, reserved 1114112K
  class space    used 6696K, committed 6848K, reserved 1048576K
}
Event: 6,863 GC heap after
{Heap after GC invocations=31 (full 0):
 garbage-first heap   total 198656K, used 90673K [0x0000000728000000, 0x0000000800000000)
  region size 2048K, 4 young (8192K), 4 survivors (8192K)
 Metaspace       used 59732K, committed 60032K, reserved 1114112K
  class space    used 6696K, committed 6848K, reserved 1048576K
}
Event: 6,964 GC heap before
{Heap before GC invocations=31 (full 0):
 garbage-first heap   total 198656K, used 154161K [0x0000000728000000, 0x0000000800000000)
  region size 2048K, 35 young (71680K), 4 survivors (8192K)
 Metaspace       used 59737K, committed 60032K, reserved 1114112K
  class space    used 6696K, committed 6848K, reserved 1048576K
}
Event: 6,969 GC heap after
{Heap after GC invocations=32 (full 0):
 garbage-first heap   total 198656K, used 97039K [0x0000000728000000, 0x0000000800000000)
  region size 2048K, 4 young (8192K), 4 survivors (8192K)
 Metaspace       used 59737K, committed 60032K, reserved 1114112K
  class space    used 6696K, committed 6848K, reserved 1048576K
}
Event: 7,079 GC heap before
{Heap before GC invocations=32 (full 0):
 garbage-first heap   total 198656K, used 154383K [0x0000000728000000, 0x0000000800000000)
  region size 2048K, 32 young (65536K), 4 survivors (8192K)
 Metaspace       used 59798K, committed 60096K, reserved 1114112K
  class space    used 6696K, committed 6848K, reserved 1048576K
}
Event: 7,088 GC heap after
{Heap after GC invocations=33 (full 0):
 garbage-first heap   total 198656K, used 104934K [0x0000000728000000, 0x0000000800000000)
  region size 2048K, 4 young (8192K), 4 survivors (8192K)
 Metaspace       used 59798K, committed 60096K, reserved 1114112K
  class space    used 6696K, committed 6848K, reserved 1048576K
}
Event: 8,150 GC heap before
{Heap before GC invocations=34 (full 0):
 garbage-first heap   total 198656K, used 158182K [0x0000000728000000, 0x0000000800000000)
  region size 2048K, 30 young (61440K), 4 survivors (8192K)
 Metaspace       used 61486K, committed 61760K, reserved 1114112K
  class space    used 6815K, committed 6976K, reserved 1048576K
}
Event: 8,160 GC heap after
{Heap after GC invocations=35 (full 0):
 garbage-first heap   total 198656K, used 112240K [0x0000000728000000, 0x0000000800000000)
  region size 2048K, 4 young (8192K), 4 survivors (8192K)
 Metaspace       used 61486K, committed 61760K, reserved 1114112K
  class space    used 6815K, committed 6976K, reserved 1048576K
}
Event: 8,214 GC heap before
{Heap before GC invocations=35 (full 0):
 garbage-first heap   total 198656K, used 114288K [0x0000000728000000, 0x0000000800000000)
  region size 2048K, 5 young (10240K), 4 survivors (8192K)
 Metaspace       used 61646K, committed 61952K, reserved 1114112K
  class space    used 6837K, committed 7040K, reserved 1048576K
}
Event: 8,222 GC heap after
{Heap after GC invocations=36 (full 0):
 garbage-first heap   total 436224K, used 112921K [0x0000000728000000, 0x0000000800000000)
  region size 2048K, 1 young (2048K), 1 survivors (2048K)
 Metaspace       used 61646K, committed 61952K, reserved 1114112K
  class space    used 6837K, committed 7040K, reserved 1048576K
}
Event: 11,040 GC heap before
{Heap before GC invocations=36 (full 0):
 garbage-first heap   total 436224K, used 327961K [0x0000000728000000, 0x0000000800000000)
  region size 2048K, 106 young (217088K), 1 survivors (2048K)
 Metaspace       used 62702K, committed 62976K, reserved 1114112K
  class space    used 6900K, committed 7040K, reserved 1048576K
}
Event: 11,056 GC heap after
{Heap after GC invocations=37 (full 0):
 garbage-first heap   total 436224K, used 132718K [0x0000000728000000, 0x0000000800000000)
  region size 2048K, 12 young (24576K), 12 survivors (24576K)
 Metaspace       used 62702K, committed 62976K, reserved 1114112K
  class space    used 6900K, committed 7040K, reserved 1048576K
}

Dll operation events (6 events):
Event: 0,002 Loaded shared library /home/rodion/.local/share/JetBrains/Toolbox/apps/android-studio-2/jbr/lib/libjava.so
Event: 0,065 Loaded shared library /home/rodion/.local/share/JetBrains/Toolbox/apps/android-studio-2/jbr/lib/libnio.so
Event: 0,086 Loaded shared library /home/rodion/.local/share/JetBrains/Toolbox/apps/android-studio-2/jbr/lib/libzip.so
Event: 0,106 Loaded shared library /home/rodion/.local/share/JetBrains/Toolbox/apps/android-studio-2/jbr/lib/libjimage.so
Event: 0,147 Loaded shared library /home/rodion/.local/share/JetBrains/Toolbox/apps/android-studio-2/jbr/lib/libverify.so
Event: 0,194 Loaded shared library /tmp/libjansi-1.9.21-release-633-5685320971875323886.so

Deoptimization events (20 events):
Event: 12,273 Thread 0x00007fe6ec026610 DEOPT PACKING pc=0x00007fe6e1cace78 sp=0x00007fe6f1df9e10
Event: 12,273 Thread 0x00007fe6ec026610 DEOPT UNPACKING pc=0x00007fe6e0f8d699 sp=0x00007fe6f1df9dc8 mode 2
Event: 12,273 Thread 0x00007fe6ec026610 Uncommon trap: trap_request=0xffffffde fr.pc=0x00007fe6e1cace78 relative=0x00000000000000d8
Event: 12,273 Thread 0x00007fe6ec026610 Uncommon trap: reason=class_check action=maybe_recompile pc=0x00007fe6e1cace78 method=org.jetbrains.kotlin.types.model.TypeSystemContext.isFlexible(Lorg/jetbrains/kotlin/types/model/KotlinTypeMarker;)Z @ 8 c2
Event: 12,273 Thread 0x00007fe6ec026610 DEOPT PACKING pc=0x00007fe6e1cace78 sp=0x00007fe6f1df9e10
Event: 12,273 Thread 0x00007fe6ec026610 DEOPT UNPACKING pc=0x00007fe6e0f8d699 sp=0x00007fe6f1df9dc8 mode 2
Event: 12,273 Thread 0x00007fe6ec026610 Uncommon trap: trap_request=0xffffffde fr.pc=0x00007fe6e1cace78 relative=0x00000000000000d8
Event: 12,273 Thread 0x00007fe6ec026610 Uncommon trap: reason=class_check action=maybe_recompile pc=0x00007fe6e1cace78 method=org.jetbrains.kotlin.types.model.TypeSystemContext.isFlexible(Lorg/jetbrains/kotlin/types/model/KotlinTypeMarker;)Z @ 8 c2
Event: 12,273 Thread 0x00007fe6ec026610 DEOPT PACKING pc=0x00007fe6e1cace78 sp=0x00007fe6f1df9e10
Event: 12,273 Thread 0x00007fe6ec026610 DEOPT UNPACKING pc=0x00007fe6e0f8d699 sp=0x00007fe6f1df9dc8 mode 2
Event: 12,273 Thread 0x00007fe6ec026610 Uncommon trap: trap_request=0xffffffde fr.pc=0x00007fe6e1cace78 relative=0x00000000000000d8
Event: 12,273 Thread 0x00007fe6ec026610 Uncommon trap: reason=class_check action=maybe_recompile pc=0x00007fe6e1cace78 method=org.jetbrains.kotlin.types.model.TypeSystemContext.isFlexible(Lorg/jetbrains/kotlin/types/model/KotlinTypeMarker;)Z @ 8 c2
Event: 12,273 Thread 0x00007fe6ec026610 DEOPT PACKING pc=0x00007fe6e1cace78 sp=0x00007fe6f1df9d10
Event: 12,273 Thread 0x00007fe6ec026610 DEOPT UNPACKING pc=0x00007fe6e0f8d699 sp=0x00007fe6f1df9cc8 mode 2
Event: 12,277 Thread 0x00007fe6ec026610 DEOPT PACKING pc=0x00007fe6d9fe472a sp=0x00007fe6f1dfa2a0
Event: 12,277 Thread 0x00007fe6ec026610 DEOPT UNPACKING pc=0x00007fe6e0f8de2f sp=0x00007fe6f1df9810 mode 0
Event: 12,527 Thread 0x00007fe6ec026610 Uncommon trap: trap_request=0xffffffde fr.pc=0x00007fe6e191f9cc relative=0x00000000000009ac
Event: 12,527 Thread 0x00007fe6ec026610 Uncommon trap: reason=class_check action=maybe_recompile pc=0x00007fe6e191f9cc method=org.jetbrains.kotlin.resolve.OverridingUtil.filterOutOverridden(Ljava/util/Set;)Ljava/util/Set; @ 10 c2
Event: 12,528 Thread 0x00007fe6ec026610 DEOPT PACKING pc=0x00007fe6e191f9cc sp=0x00007fe6f1def3b0
Event: 12,528 Thread 0x00007fe6ec026610 DEOPT UNPACKING pc=0x00007fe6e0f8d699 sp=0x00007fe6f1def380 mode 2

Classes unloaded (0 events):
No events

Classes redefined (0 events):
No events

Internal exceptions (20 events):
Event: 4,221 Thread 0x00007fe6ec026610 Exception <a 'java/lang/NoSuchMethodError'{0x000000072d5c61d0}: 'java.lang.Object java.lang.invoke.Invokers$Holder.linkToTargetMethod(java.lang.Object, java.lang.Object, java.lang.Object, int, java.lang.Object)'> (0x000000072d5c61d0) 
thrown [src/hotspot/share/interpreter/linkResolver.cpp, line 771]
Event: 4,252 Thread 0x00007fe6ec026610 Implicit null exception at 0x00007fe6e15d0c5c to 0x00007fe6e15d0d18
Event: 4,252 Thread 0x00007fe6ec026610 Implicit null exception at 0x00007fe6e154a058 to 0x00007fe6e154a0ea
Event: 5,218 Thread 0x00007fe6ec026610 Exception <a 'java/lang/NoSuchMethodError'{0x000000072f201d20}: 'java.lang.Object java.lang.invoke.DirectMethodHandle$Holder.newInvokeSpecial(java.lang.Object, int, java.lang.Object)'> (0x000000072f201d20) 
thrown [src/hotspot/share/interpreter/linkResolver.cpp, line 771]
Event: 5,218 Thread 0x00007fe6ec026610 Exception <a 'java/lang/NoSuchMethodError'{0x000000072f208370}: 'int java.lang.invoke.DirectMethodHandle$Holder.invokeInterface(java.lang.Object, java.lang.Object)'> (0x000000072f208370) 
thrown [src/hotspot/share/interpreter/linkResolver.cpp, line 771]
Event: 5,359 Thread 0x00007fe6ec026610 Exception <a 'java/lang/NoSuchMethodError'{0x000000072e8f3dc0}: 'java.lang.Object java.lang.invoke.DirectMethodHandle$Holder.invokeStatic(java.lang.Object, int, java.lang.Object)'> (0x000000072e8f3dc0) 
thrown [src/hotspot/share/interpreter/linkResolver.cpp, line 771]
Event: 5,384 Thread 0x00007fe6ec026610 Exception <a 'java/lang/NoSuchMethodError'{0x000000072e66b748}: 'int java.lang.invoke.DirectMethodHandle$Holder.invokeStaticInit(java.lang.Object, int)'> (0x000000072e66b748) 
thrown [src/hotspot/share/interpreter/linkResolver.cpp, line 771]
Event: 5,389 Thread 0x00007fe6ec026610 Implicit null exception at 0x00007fe6e18e19f9 to 0x00007fe6e18e1d91
Event: 5,421 Thread 0x00007fe6ec026610 Exception <a 'java/lang/NoSuchMethodError'{0x000000072e7da150}: 'java.lang.Object java.lang.invoke.DirectMethodHandle$Holder.newInvokeSpecial(java.lang.Object, int, java.lang.Object, java.lang.Object)'> (0x000000072e7da150) 
thrown [src/hotspot/share/interpreter/linkResolver.cpp, line 771]
Event: 5,535 Thread 0x00007fe6ec026610 Exception <a 'java/lang/NoSuchMethodError'{0x00000007356d2a10}: 'java.lang.Object java.lang.invoke.DirectMethodHandle$Holder.invokeInterface(java.lang.Object, java.lang.Object, java.lang.Object)'> (0x00000007356d2a10) 
thrown [src/hotspot/share/interpreter/linkResolver.cpp, line 771]
Event: 5,535 Thread 0x00007fe6ec026610 Exception <a 'java/lang/IncompatibleClassChangeError'{0x00000007356d6380}: Found class java.lang.Object, but interface was expected> (0x00000007356d6380) 
thrown [src/hotspot/share/interpreter/linkResolver.cpp, line 838]
Event: 6,170 Thread 0x00007fe6ec026610 Exception <a 'java/lang/NoSuchMethodError'{0x000000072ee47938}: 'java.lang.Object java.lang.invoke.DirectMethodHandle$Holder.newInvokeSpecial(java.lang.Object, java.lang.Object, java.lang.Object, java.lang.Object, java.lang.Object, java.lang.Object, java.lang.Object)'> (0x000000072ee47938) 
thrown [src/hotspot/share/interpreter/linkResolver.cpp, line 771]
Event: 6,170 Thread 0x00007fe6ec026610 Exception <a 'java/lang/NoSuchMethodError'{0x000000072ee4c4f0}: 'java.lang.Object java.lang.invoke.Invokers$Holder.linkToTargetMethod(java.lang.Object, java.lang.Object, java.lang.Object, java.lang.Object, java.lang.Object, java.lang.Object, java.lang.Object)'> (0x000000072ee4c4f0) 
thrown [src/hotspot/share/interpreter/linkResolver.cpp, line 771]
Event: 6,577 Thread 0x00007fe6ec026610 Implicit null exception at 0x00007fe6e18d1919 to 0x00007fe6e18d1ccb
Event: 8,260 Thread 0x00007fe6ec026610 Implicit null exception at 0x00007fe6e1625137 to 0x00007fe6e16251cd
Event: 8,305 Thread 0x00007fe6ec026610 Implicit null exception at 0x00007fe6e1667cf7 to 0x00007fe6e1668254
Event: 9,338 Thread 0x00007fe6ec026610 Implicit null exception at 0x00007fe6e1b3a1cf to 0x00007fe6e1b3a29c
Event: 10,151 Thread 0x00007fe6ec026610 Implicit null exception at 0x00007fe6e18e71ac to 0x00007fe6e18e73a1
Event: 11,076 Thread 0x00007fe6ec026610 Implicit null exception at 0x00007fe6e158617d to 0x00007fe6e15867c0
Event: 11,371 Thread 0x00007fe6ec026610 Implicit null exception at 0x00007fe6e1af4d6d to 0x00007fe6e1af4f21

VM Operations (20 events):
Event: 10,001 Executing VM operation: ICBufferFull
Event: 10,002 Executing VM operation: ICBufferFull done
Event: 10,183 Executing VM operation: ICBufferFull
Event: 10,183 Executing VM operation: ICBufferFull done
Event: 10,450 Executing VM operation: ICBufferFull
Event: 10,450 Executing VM operation: ICBufferFull done
Event: 10,684 Executing VM operation: ICBufferFull
Event: 10,684 Executing VM operation: ICBufferFull done
Event: 11,040 Executing VM operation: G1CollectForAllocation
Event: 11,056 Executing VM operation: G1CollectForAllocation done
Event: 11,248 Executing VM operation: ICBufferFull
Event: 11,248 Executing VM operation: ICBufferFull done
Event: 11,662 Executing VM operation: ICBufferFull
Event: 11,662 Executing VM operation: ICBufferFull done
Event: 11,717 Executing VM operation: HandshakeAllThreads
Event: 11,717 Executing VM operation: HandshakeAllThreads done
Event: 12,137 Executing VM operation: ICBufferFull
Event: 12,137 Executing VM operation: ICBufferFull done
Event: 12,361 Executing VM operation: ICBufferFull
Event: 12,361 Executing VM operation: ICBufferFull done

Events (20 events):
Event: 9,545 Thread 0x00007fe6ec200e50 flushing nmethod 0x00007fe6db40ee10
Event: 9,545 Thread 0x00007fe6ec200e50 flushing nmethod 0x00007fe6db410190
Event: 9,545 Thread 0x00007fe6ec200e50 flushing nmethod 0x00007fe6db515410
Event: 9,545 Thread 0x00007fe6ec200e50 flushing nmethod 0x00007fe6db518b10
Event: 9,545 Thread 0x00007fe6ec200e50 flushing nmethod 0x00007fe6db533110
Event: 9,546 Thread 0x00007fe6ec200e50 flushing nmethod 0x00007fe6db60ec10
Event: 9,546 Thread 0x00007fe6ec200e50 flushing nmethod 0x00007fe6db61eb10
Event: 9,546 Thread 0x00007fe6ec200e50 flushing nmethod 0x00007fe6db6b9190
Event: 9,547 Thread 0x00007fe6ec200e50 flushing nmethod 0x00007fe6db7b5c90
Event: 11,720 Thread 0x00007fe6ec200e50 flushing nmethod 0x00007fe6e1a03190
Event: 11,721 Thread 0x00007fe6ec200e50 flushing nmethod 0x00007fe6e1ae5810
Event: 11,721 Thread 0x00007fe6ec200e50 flushing nmethod 0x00007fe6e1b3a010
Event: 11,726 Thread 0x00007fe6ec200e50 flushing nmethod 0x00007fe6d9d13d10
Event: 11,727 Thread 0x00007fe6ec200e50 flushing nmethod 0x00007fe6d9e23d10
Event: 11,727 Thread 0x00007fe6ec200e50 flushing nmethod 0x00007fe6d9e9c790
Event: 11,728 Thread 0x00007fe6ec200e50 flushing nmethod 0x00007fe6d9f78810
Event: 11,730 Thread 0x00007fe6ec200e50 flushing nmethod 0x00007fe6da0ecf90
Event: 11,739 Thread 0x00007fe6ec200e50 flushing nmethod 0x00007fe6dab23590
Event: 11,743 Thread 0x00007fe6ec200e50 flushing nmethod 0x00007fe6db08cf10
Event: 11,748 Thread 0x00007fe6ec200e50 flushing nmethod 0x00007fe6db796110


Dynamic libraries:
00200000-00201000 r--p 00000000 103:04 2686830                           /home/rodion/.local/share/JetBrains/Toolbox/apps/android-studio-2/jbr/bin/java
00201000-00202000 r-xp 00000000 103:04 2686830                           /home/rodion/.local/share/JetBrains/Toolbox/apps/android-studio-2/jbr/bin/java
00202000-00203000 r--p 00000000 103:04 2686830                           /home/rodion/.local/share/JetBrains/Toolbox/apps/android-studio-2/jbr/bin/java
00203000-00204000 rw-p 00000000 103:04 2686830                           /home/rodion/.local/share/JetBrains/Toolbox/apps/android-studio-2/jbr/bin/java
0101b000-01063000 rw-p 00000000 00:00 0                                  [heap]
728000000-742a00000 rw-p 00000000 00:00 0 
742a00000-800000000 ---p 00000000 00:00 0 
800000000-800030000 rw-p 00000000 00:00 0 
800030000-8000b0000 rw-p 00000000 00:00 0 
8000b0000-8000d0000 rw-p 00000000 00:00 0 
8000d0000-8000f0000 rw-p 00000000 00:00 0 
8000f0000-800170000 rw-p 00000000 00:00 0 
800170000-800530000 rw-p 00000000 00:00 0 
800530000-800550000 rw-p 00000000 00:00 0 
800550000-800580000 ---p 00000000 00:00 0 
800580000-800720000 rw-p 00000000 00:00 0 
800720000-840000000 ---p 00000000 00:00 0 
7fe640000000-7fe640021000 rw-p 00000000 00:00 0 
7fe640021000-7fe644000000 ---p 00000000 00:00 0 
7fe648000000-7fe648021000 rw-p 00000000 00:00 0 
7fe648021000-7fe64c000000 ---p 00000000 00:00 0 
7fe64c000000-7fe64c021000 rw-p 00000000 00:00 0 
7fe64c021000-7fe650000000 ---p 00000000 00:00 0 
7fe650000000-7fe650021000 rw-p 00000000 00:00 0 
7fe650021000-7fe654000000 ---p 00000000 00:00 0 
7fe654000000-7fe65403d000 rw-p 00000000 00:00 0 
7fe65403d000-7fe658000000 ---p 00000000 00:00 0 
7fe658000000-7fe658021000 rw-p 00000000 00:00 0 
7fe658021000-7fe65c000000 ---p 00000000 00:00 0 
7fe65c000000-7fe65c021000 rw-p 00000000 00:00 0 
7fe65c021000-7fe660000000 ---p 00000000 00:00 0 
7fe660000000-7fe660021000 rw-p 00000000 00:00 0 
7fe660021000-7fe664000000 ---p 00000000 00:00 0 
7fe664000000-7fe664021000 rw-p 00000000 00:00 0 
7fe664021000-7fe668000000 ---p 00000000 00:00 0 
7fe668000000-7fe668021000 rw-p 00000000 00:00 0 
7fe668021000-7fe66c000000 ---p 00000000 00:00 0 
7fe66c000000-7fe66c021000 rw-p 00000000 00:00 0 
7fe66c021000-7fe670000000 ---p 00000000 00:00 0 
7fe670000000-7fe670021000 rw-p 00000000 00:00 0 
7fe670021000-7fe674000000 ---p 00000000 00:00 0 
7fe674000000-7fe674021000 rw-p 00000000 00:00 0 
7fe674021000-7fe678000000 ---p 00000000 00:00 0 
7fe678000000-7fe679a10000 rw-p 00000000 00:00 0 
7fe679a10000-7fe67c000000 ---p 00000000 00:00 0 
7fe67c000000-7fe67c021000 rw-p 00000000 00:00 0 
7fe67c021000-7fe680000000 ---p 00000000 00:00 0 
7fe680000000-7fe680021000 rw-p 00000000 00:00 0 
7fe680021000-7fe684000000 ---p 00000000 00:00 0 
7fe684000000-7fe685a8e000 rw-p 00000000 00:00 0 
7fe685a8e000-7fe688000000 ---p 00000000 00:00 0 
7fe688000000-7fe688021000 rw-p 00000000 00:00 0 
7fe688021000-7fe68c000000 ---p 00000000 00:00 0 
7fe68c000000-7fe68c021000 rw-p 00000000 00:00 0 
7fe68c021000-7fe690000000 ---p 00000000 00:00 0 
7fe690000000-7fe6910b7000 rw-p 00000000 00:00 0 
7fe6910b7000-7fe694000000 ---p 00000000 00:00 0 
7fe694000000-7fe694231000 rw-p 00000000 00:00 0 
7fe694231000-7fe698000000 ---p 00000000 00:00 0 
7fe698000000-7fe698021000 rw-p 00000000 00:00 0 
7fe698021000-7fe69c000000 ---p 00000000 00:00 0 
7fe69c000000-7fe69dda9000 rw-p 00000000 00:00 0 
7fe69dda9000-7fe6a0000000 ---p 00000000 00:00 0 
7fe6a0000000-7fe6a0021000 rw-p 00000000 00:00 0 
7fe6a0021000-7fe6a4000000 ---p 00000000 00:00 0 
7fe6a4000000-7fe6a4021000 rw-p 00000000 00:00 0 
7fe6a4021000-7fe6a8000000 ---p 00000000 00:00 0 
7fe6a8000000-7fe6a8021000 rw-p 00000000 00:00 0 
7fe6a8021000-7fe6ac000000 ---p 00000000 00:00 0 
7fe6ac000000-7fe6ac021000 rw-p 00000000 00:00 0 
7fe6ac021000-7fe6b0000000 ---p 00000000 00:00 0 
7fe6b0000000-7fe6b0093000 rw-p 00000000 00:00 0 
7fe6b0093000-7fe6b4000000 ---p 00000000 00:00 0 
7fe6b4000000-7fe6b4021000 rw-p 00000000 00:00 0 
7fe6b4021000-7fe6b8000000 ---p 00000000 00:00 0 
7fe6b8000000-7fe6b84f0000 rw-p 00000000 00:00 0 
7fe6b84f0000-7fe6b8570000 rw-p 00000000 00:00 0 
7fe6b8570000-7fe6b85f0000 rw-p 00000000 00:00 0 
7fe6b85f0000-7fe6b8670000 rw-p 00000000 00:00 0 
7fe6b8670000-7fe6b86f0000 rw-p 00000000 00:00 0 
7fe6b86f0000-7fe6b88f0000 rw-p 00000000 00:00 0 
7fe6b88f0000-7fe6b89f0000 rw-p 00000000 00:00 0 
7fe6b89f0000-7fe6b8af0000 rw-p 00000000 00:00 0 
7fe6b8af0000-7fe6b8bf0000 rw-p 00000000 00:00 0 
7fe6b8bf0000-7fe6b9510000 rw-p 00000000 00:00 0 
7fe6b9510000-7fe6b9770000 rw-p 00000000 00:00 0 
7fe6b9770000-7fe6b97f0000 rw-p 00000000 00:00 0 
7fe6b97f0000-7fe6ba1d0000 rw-p 00000000 00:00 0 
7fe6ba1d0000-7fe6ba1f0000 rw-p 00000000 00:00 0 
7fe6ba1f0000-7fe6ba570000 rw-p 00000000 00:00 0 
7fe6ba570000-7fe6ba5f0000 rw-p 00000000 00:00 0 
7fe6ba5f0000-7fe6bb700000 rw-p 00000000 00:00 0 
7fe6bb700000-7fe6bc000000 ---p 00000000 00:00 0 
7fe6bc000000-7fe6bc021000 rw-p 00000000 00:00 0 
7fe6bc021000-7fe6c0000000 ---p 00000000 00:00 0 
7fe6c14f2000-7fe6c14f3000 ---p 00000000 00:00 0 
7fe6c14f3000-7fe6c15f3000 rw-p 00000000 00:00 0 
7fe6c15f3000-7fe6c15f4000 ---p 00000000 00:00 0 
7fe6c15f4000-7fe6c16f4000 rw-p 00000000 00:00 0 
7fe6c16f4000-7fe6c16f5000 ---p 00000000 00:00 0 
7fe6c16f5000-7fe6c17f5000 rw-p 00000000 00:00 0 
7fe6c17f5000-7fe6c17f6000 ---p 00000000 00:00 0 
7fe6c17f6000-7fe6c18f6000 rw-p 00000000 00:00 0 
7fe6c18f6000-7fe6c18f7000 ---p 00000000 00:00 0 
7fe6c18f7000-7fe6c19f7000 rw-p 00000000 00:00 0 
7fe6c19f7000-7fe6c19f8000 ---p 00000000 00:00 0 
7fe6c19f8000-7fe6c1af8000 rw-p 00000000 00:00 0 
7fe6c1af8000-7fe6c1af9000 ---p 00000000 00:00 0 
7fe6c1af9000-7fe6c1bf9000 rw-p 00000000 00:00 0 
7fe6c1bf9000-7fe6c1bfa000 ---p 00000000 00:00 0 
7fe6c1bfa000-7fe6c1cfa000 rw-p 00000000 00:00 0 
7fe6c1cfa000-7fe6c1cfb000 ---p 00000000 00:00 0 
7fe6c1cfb000-7fe6c1dfb000 rw-p 00000000 00:00 0 
7fe6c1dfb000-7fe6c1dfc000 ---p 00000000 00:00 0 
7fe6c1dfc000-7fe6c1efc000 rw-p 00000000 00:00 0 
7fe6c1efc000-7fe6c1efd000 ---p 00000000 00:00 0 
7fe6c1efd000-7fe6c1ffd000 rw-p 00000000 00:00 0 
7fe6c1ffd000-7fe6c1ffe000 ---p 00000000 00:00 0 
7fe6c1ffe000-7fe6c20fe000 rw-p 00000000 00:00 0 
7fe6c20fe000-7fe6c20ff000 ---p 00000000 00:00 0 
7fe6c20ff000-7fe6c21ff000 rw-p 00000000 00:00 0 
7fe6c21ff000-7fe6c2200000 ---p 00000000 00:00 0 
7fe6c2200000-7fe6c2300000 rw-p 00000000 00:00 0 
7fe6c2300000-7fe6c2304000 ---p 00000000 00:00 0 
7fe6c2304000-7fe6c2400000 rw-p 00000000 00:00 0 
7fe6c2400000-7fe6c2403000 r-xp 00000000 103:04 1447807                   /tmp/libjansi-1.9.21-release-633-5685320971875323886.so
7fe6c2403000-7fe6c2602000 ---p 00003000 103:04 1447807                   /tmp/libjansi-1.9.21-release-633-5685320971875323886.so
7fe6c2602000-7fe6c2603000 rw-p 00002000 103:04 1447807                   /tmp/libjansi-1.9.21-release-633-5685320971875323886.so
7fe6c26ff000-7fe6c2703000 ---p 00000000 00:00 0 
7fe6c2703000-7fe6c27ff000 rw-p 00000000 00:00 0 
7fe6c27ff000-7fe6c2803000 ---p 00000000 00:00 0 
7fe6c2803000-7fe6c28ff000 rw-p 00000000 00:00 0 
7fe6c28ff000-7fe6c2900000 ---p 00000000 00:00 0 
7fe6c2900000-7fe6c2a00000 rw-p 00000000 00:00 0 
7fe6c2a00000-7fe6c2a04000 ---p 00000000 00:00 0 
7fe6c2a04000-7fe6c2b00000 rw-p 00000000 00:00 0 
7fe6c2b00000-7fe6c2b04000 ---p 00000000 00:00 0 
7fe6c2b04000-7fe6c2c00000 rw-p 00000000 00:00 0 
7fe6c2c00000-7fe6c2c04000 ---p 00000000 00:00 0 
7fe6c2c04000-7fe6c2d00000 rw-p 00000000 00:00 0 
7fe6c2d00000-7fe6c2d04000 ---p 00000000 00:00 0 
7fe6c2d04000-7fe6c2e00000 rw-p 00000000 00:00 0 
7fe6c2e00000-7fe6c2e04000 ---p 00000000 00:00 0 
7fe6c2e04000-7fe6c2f00000 rw-p 00000000 00:00 0 
7fe6c2f00000-7fe6c2f04000 ---p 00000000 00:00 0 
7fe6c2f04000-7fe6c3000000 rw-p 00000000 00:00 0 
7fe6c3000000-7fe6c3575000 r--p 00000000 103:04 1995264                   /usr/lib/locale/locale-archive
7fe6c3660000-7fe6c3664000 ---p 00000000 00:00 0 
7fe6c3664000-7fe6c3760000 rw-p 00000000 00:00 0 
7fe6c3760000-7fe6c3764000 ---p 00000000 00:00 0 
7fe6c3764000-7fe6c3860000 rw-p 00000000 00:00 0 
7fe6c3860000-7fe6c3864000 ---p 00000000 00:00 0 
7fe6c3864000-7fe6c3960000 rw-p 00000000 00:00 0 
7fe6c3960000-7fe6c3961000 ---p 00000000 00:00 0 
7fe6c3961000-7fe6c3a61000 rw-p 00000000 00:00 0 
7fe6c3b7b000-7fe6c3bfc000 rw-p 00000000 00:00 0 
7fe6c3bfc000-7fe6c3bfd000 ---p 00000000 00:00 0 
7fe6c3bfd000-7fe6c3cfd000 rw-p 00000000 00:00 0 
7fe6c3cfd000-7fe6c3cfe000 ---p 00000000 00:00 0 
7fe6c3cfe000-7fe6c4021000 rw-p 00000000 00:00 0 
7fe6c4021000-7fe6c8000000 ---p 00000000 00:00 0 
7fe6c8000000-7fe6c8021000 rw-p 00000000 00:00 0 
7fe6c8021000-7fe6cc000000 ---p 00000000 00:00 0 
7fe6cc000000-7fe6cc021000 rw-p 00000000 00:00 0 
7fe6cc021000-7fe6d0000000 ---p 00000000 00:00 0 
7fe6d0008000-7fe6d2de8000 rw-p 00000000 00:00 0 
7fe6d2de8000-7fe6d5d40000 ---p 00000000 00:00 0 
7fe6d5d40000-7fe6d6040000 rw-p 00000000 00:00 0 
7fe6d6040000-7fe6d63e8000 rw-p 00000000 00:00 0 
7fe6d63e8000-7fe6d9340000 ---p 00000000 00:00 0 
7fe6d9340000-7fe6d9415000 rw-p 00000000 00:00 0 
7fe6d9415000-7fe6d9a00000 ---p 00000000 00:00 0 
7fe6d9a00000-7fe6dbad0000 rwxp 00000000 00:00 0 
7fe6dbad0000-7fe6e0f37000 ---p 00000000 00:00 0 
7fe6e0f37000-7fe6e11a7000 rwxp 00000000 00:00 0 
7fe6e11a7000-7fe6e14c9000 ---p 00000000 00:00 0 
7fe6e14c9000-7fe6e1d09000 rwxp 00000000 00:00 0 
7fe6e1d09000-7fe6e8a00000 ---p 00000000 00:00 0 
7fe6e8a00000-7fe6ebee6000 r--s 00000000 103:04 2686930                   /home/rodion/.local/share/JetBrains/Toolbox/apps/android-studio-2/jbr/lib/modules
7fe6ebeff000-7fe6ed705000 rw-p 00000000 00:00 0 
7fe6ed705000-7fe6f0000000 ---p 00000000 00:00 0 
7fe6f0013000-7fe6f001a000 r--s 00000000 103:04 1968884                   /usr/lib/x86_64-linux-gnu/gconv/gconv-modules.cache
7fe6f001a000-7fe6f0020000 r--p 00000000 103:04 2686927                   /home/rodion/.local/share/JetBrains/Toolbox/apps/android-studio-2/jbr/lib/libverify.so
7fe6f0020000-7fe6f0028000 r-xp 00005000 103:04 2686927                   /home/rodion/.local/share/JetBrains/Toolbox/apps/android-studio-2/jbr/lib/libverify.so
7fe6f0028000-7fe6f002a000 r--p 0000c000 103:04 2686927                   /home/rodion/.local/share/JetBrains/Toolbox/apps/android-studio-2/jbr/lib/libverify.so
7fe6f002a000-7fe6f002b000 rw-p 0000d000 103:04 2686927                   /home/rodion/.local/share/JetBrains/Toolbox/apps/android-studio-2/jbr/lib/libverify.so
7fe6f002b000-7fe6f0032000 r--p 00000000 103:04 2686939                   /home/rodion/.local/share/JetBrains/Toolbox/apps/android-studio-2/jbr/lib/libnet.so
7fe6f0032000-7fe6f003f000 r-xp 00006000 103:04 2686939                   /home/rodion/.local/share/JetBrains/Toolbox/apps/android-studio-2/jbr/lib/libnet.so
7fe6f003f000-7fe6f0040000 r--p 00012000 103:04 2686939                   /home/rodion/.local/share/JetBrains/Toolbox/apps/android-studio-2/jbr/lib/libnet.so
7fe6f0040000-7fe6f0042000 rw-p 00012000 103:04 2686939                   /home/rodion/.local/share/JetBrains/Toolbox/apps/android-studio-2/jbr/lib/libnet.so
7fe6f0042000-7fe6f009d000 rw-p 00000000 00:00 0 
7fe6f009d000-7fe6f009e000 ---p 00000000 00:00 0 
7fe6f009e000-7fe6f019e000 rw-p 00000000 00:00 0 
7fe6f019e000-7fe6f019f000 ---p 00000000 00:00 0 
7fe6f019f000-7fe6f029f000 rw-p 00000000 00:00 0 
7fe6f029f000-7fe6f02a0000 ---p 00000000 00:00 0 
7fe6f02a0000-7fe6f0475000 rw-p 00000000 00:00 0 
7fe6f0475000-7fe6f0a60000 ---p 00000000 00:00 0 
7fe6f0a60000-7fe6f0b35000 rw-p 00000000 00:00 0 
7fe6f0b35000-7fe6f1120000 ---p 00000000 00:00 0 
7fe6f1120000-7fe6f1b3b000 rw-p 00000000 00:00 0 
7fe6f1b3b000-7fe6f1c15000 ---p 00000000 00:00 0 
7fe6f1c15000-7fe6f1c57000 rw-p 00000000 00:00 0 
7fe6f1c57000-7fe6f1d00000 ---p 00000000 00:00 0 
7fe6f1d00000-7fe6f1d04000 ---p 00000000 00:00 0 
7fe6f1d04000-7fe6f1e00000 rw-p 00000000 00:00 0 
7fe6f1e00000-7fe6f2337000 r--p 00000000 103:04 2686942                   /home/rodion/.local/share/JetBrains/Toolbox/apps/android-studio-2/jbr/lib/server/libjvm.so
7fe6f2337000-7fe6f2f0f000 r-xp 00536000 103:04 2686942                   /home/rodion/.local/share/JetBrains/Toolbox/apps/android-studio-2/jbr/lib/server/libjvm.so
7fe6f2f0f000-7fe6f2fd1000 r--p 0110d000 103:04 2686942                   /home/rodion/.local/share/JetBrains/Toolbox/apps/android-studio-2/jbr/lib/server/libjvm.so
7fe6f2fd1000-7fe6f2ffa000 rw-p 011ce000 103:04 2686942                   /home/rodion/.local/share/JetBrains/Toolbox/apps/android-studio-2/jbr/lib/server/libjvm.so
7fe6f2ffa000-7fe6f306e000 rw-p 00000000 00:00 0 
7fe6f3071000-7fe6f307c000 r--p 00000000 103:04 2686866                   /home/rodion/.local/share/JetBrains/Toolbox/apps/android-studio-2/jbr/lib/libnio.so
7fe6f307c000-7fe6f3084000 r-xp 0000a000 103:04 2686866                   /home/rodion/.local/share/JetBrains/Toolbox/apps/android-studio-2/jbr/lib/libnio.so
7fe6f3084000-7fe6f3085000 r--p 00011000 103:04 2686866                   /home/rodion/.local/share/JetBrains/Toolbox/apps/android-studio-2/jbr/lib/libnio.so
7fe6f3085000-7fe6f3086000 rw-p 00011000 103:04 2686866                   /home/rodion/.local/share/JetBrains/Toolbox/apps/android-studio-2/jbr/lib/libnio.so
7fe6f3086000-7fe6f308f000 r--p 00000000 103:04 2686922                   /home/rodion/.local/share/JetBrains/Toolbox/apps/android-studio-2/jbr/lib/libzip.so
7fe6f308f000-7fe6f30a4000 r-xp 00008000 103:04 2686922                   /home/rodion/.local/share/JetBrains/Toolbox/apps/android-studio-2/jbr/lib/libzip.so
7fe6f30a4000-7fe6f30a6000 r--p 0001c000 103:04 2686922                   /home/rodion/.local/share/JetBrains/Toolbox/apps/android-studio-2/jbr/lib/libzip.so
7fe6f30a6000-7fe6f30a7000 rw-p 0001d000 103:04 2686922                   /home/rodion/.local/share/JetBrains/Toolbox/apps/android-studio-2/jbr/lib/libzip.so
7fe6f30a7000-7fe6f3117000 rw-p 00000000 00:00 0 
7fe6f3117000-7fe6f3125000 r--p 00000000 103:04 1968538                   /usr/lib/x86_64-linux-gnu/libm.so.6
7fe6f3125000-7fe6f31a3000 r-xp 0000e000 103:04 1968538                   /usr/lib/x86_64-linux-gnu/libm.so.6
7fe6f31a3000-7fe6f31fe000 r--p 0008c000 103:04 1968538                   /usr/lib/x86_64-linux-gnu/libm.so.6
7fe6f31fe000-7fe6f31ff000 r--p 000e6000 103:04 1968538                   /usr/lib/x86_64-linux-gnu/libm.so.6
7fe6f31ff000-7fe6f3200000 rw-p 000e7000 103:04 1968538                   /usr/lib/x86_64-linux-gnu/libm.so.6
7fe6f3200000-7fe6f3222000 r--p 00000000 103:04 1968528                   /usr/lib/x86_64-linux-gnu/libc.so.6
7fe6f3222000-7fe6f339a000 r-xp 00022000 103:04 1968528                   /usr/lib/x86_64-linux-gnu/libc.so.6
7fe6f339a000-7fe6f33f2000 r--p 0019a000 103:04 1968528                   /usr/lib/x86_64-linux-gnu/libc.so.6
7fe6f33f2000-7fe6f33f6000 r--p 001f1000 103:04 1968528                   /usr/lib/x86_64-linux-gnu/libc.so.6
7fe6f33f6000-7fe6f33f8000 rw-p 001f5000 103:04 1968528                   /usr/lib/x86_64-linux-gnu/libc.so.6
7fe6f33f8000-7fe6f3405000 rw-p 00000000 00:00 0 
7fe6f340a000-7fe6f340b000 r--p 00000000 103:04 1968587                   /usr/lib/x86_64-linux-gnu/libutil.so.1
7fe6f340b000-7fe6f340c000 r-xp 00001000 103:04 1968587                   /usr/lib/x86_64-linux-gnu/libutil.so.1
7fe6f340c000-7fe6f340d000 r--p 00002000 103:04 1968587                   /usr/lib/x86_64-linux-gnu/libutil.so.1
7fe6f340d000-7fe6f340e000 r--p 00002000 103:04 1968587                   /usr/lib/x86_64-linux-gnu/libutil.so.1
7fe6f340e000-7fe6f340f000 rw-p 00003000 103:04 1968587                   /usr/lib/x86_64-linux-gnu/libutil.so.1
7fe6f340f000-7fe6f3450000 rw-p 00000000 00:00 0 
7fe6f3450000-7fe6f3462000 r--p 00000000 103:04 2686925                   /home/rodion/.local/share/JetBrains/Toolbox/apps/android-studio-2/jbr/lib/libjava.so
7fe6f3462000-7fe6f3474000 r-xp 00011000 103:04 2686925                   /home/rodion/.local/share/JetBrains/Toolbox/apps/android-studio-2/jbr/lib/libjava.so
7fe6f3474000-7fe6f3475000 r--p 00022000 103:04 2686925                   /home/rodion/.local/share/JetBrains/Toolbox/apps/android-studio-2/jbr/lib/libjava.so
7fe6f3475000-7fe6f3477000 rw-p 00022000 103:04 2686925                   /home/rodion/.local/share/JetBrains/Toolbox/apps/android-studio-2/jbr/lib/libjava.so
7fe6f3477000-7fe6f3482000 r--p 00000000 103:04 2686914                   /home/rodion/.local/share/JetBrains/Toolbox/apps/android-studio-2/jbr/lib/libjimage.so
7fe6f3482000-7fe6f3497000 r-xp 0000a000 103:04 2686914                   /home/rodion/.local/share/JetBrains/Toolbox/apps/android-studio-2/jbr/lib/libjimage.so
7fe6f3497000-7fe6f3499000 r--p 0001e000 103:04 2686914                   /home/rodion/.local/share/JetBrains/Toolbox/apps/android-studio-2/jbr/lib/libjimage.so
7fe6f3499000-7fe6f349a000 rw-p 0001f000 103:04 2686914                   /home/rodion/.local/share/JetBrains/Toolbox/apps/android-studio-2/jbr/lib/libjimage.so
7fe6f349a000-7fe6f349b000 r--p 00000000 103:04 1968582                   /usr/lib/x86_64-linux-gnu/librt.so.1
7fe6f349b000-7fe6f349c000 r-xp 00001000 103:04 1968582                   /usr/lib/x86_64-linux-gnu/librt.so.1
7fe6f349c000-7fe6f349d000 r--p 00002000 103:04 1968582                   /usr/lib/x86_64-linux-gnu/librt.so.1
7fe6f349d000-7fe6f349e000 r--p 00002000 103:04 1968582                   /usr/lib/x86_64-linux-gnu/librt.so.1
7fe6f349e000-7fe6f349f000 rw-p 00003000 103:04 1968582                   /usr/lib/x86_64-linux-gnu/librt.so.1
7fe6f349f000-7fe6f34a1000 rw-p 00000000 00:00 0 
7fe6f34a1000-7fe6f34a2000 r--p 00000000 103:04 1968531                   /usr/lib/x86_64-linux-gnu/libdl.so.2
7fe6f34a2000-7fe6f34a3000 r-xp 00001000 103:04 1968531                   /usr/lib/x86_64-linux-gnu/libdl.so.2
7fe6f34a3000-7fe6f34a4000 r--p 00002000 103:04 1968531                   /usr/lib/x86_64-linux-gnu/libdl.so.2
7fe6f34a4000-7fe6f34a5000 r--p 00002000 103:04 1968531                   /usr/lib/x86_64-linux-gnu/libdl.so.2
7fe6f34a5000-7fe6f34a6000 rw-p 00003000 103:04 1968531                   /usr/lib/x86_64-linux-gnu/libdl.so.2
7fe6f34a6000-7fe6f34a7000 r--p 00000000 103:04 1968576                   /usr/lib/x86_64-linux-gnu/libpthread.so.0
7fe6f34a7000-7fe6f34a8000 r-xp 00001000 103:04 1968576                   /usr/lib/x86_64-linux-gnu/libpthread.so.0
7fe6f34a8000-7fe6f34a9000 r--p 00002000 103:04 1968576                   /usr/lib/x86_64-linux-gnu/libpthread.so.0
7fe6f34a9000-7fe6f34aa000 r--p 00002000 103:04 1968576                   /usr/lib/x86_64-linux-gnu/libpthread.so.0
7fe6f34aa000-7fe6f34ab000 rw-p 00003000 103:04 1968576                   /usr/lib/x86_64-linux-gnu/libpthread.so.0
7fe6f34ab000-7fe6f34b0000 rw-p 00000000 00:00 0 
7fe6f34b0000-7fe6f34b7000 ---p 00000000 00:00 0 
7fe6f34b7000-7fe6f34bf000 rw-s 00000000 103:04 1442042                   /tmp/hsperfdata_rodion/4853
7fe6f34bf000-7fe6f34c0000 ---p 00000000 00:00 0 
7fe6f34c0000-7fe6f34c1000 r--p 00000000 00:00 0 
7fe6f34c1000-7fe6f34c2000 ---p 00000000 00:00 0 
7fe6f34c2000-7fe6f34cb000 r--p 00000000 103:04 2686860                   /home/rodion/.local/share/JetBrains/Toolbox/apps/android-studio-2/jbr/lib/libjli.so
7fe6f34cb000-7fe6f34da000 r-xp 00008000 103:04 2686860                   /home/rodion/.local/share/JetBrains/Toolbox/apps/android-studio-2/jbr/lib/libjli.so
7fe6f34da000-7fe6f34db000 r--p 00016000 103:04 2686860                   /home/rodion/.local/share/JetBrains/Toolbox/apps/android-studio-2/jbr/lib/libjli.so
7fe6f34db000-7fe6f34dc000 rw-p 00016000 103:04 2686860                   /home/rodion/.local/share/JetBrains/Toolbox/apps/android-studio-2/jbr/lib/libjli.so
7fe6f34dc000-7fe6f34de000 rw-p 00000000 00:00 0 
7fe6f34de000-7fe6f34df000 r--p 00000000 103:04 1968525                   /usr/lib/x86_64-linux-gnu/ld-linux-x86-64.so.2
7fe6f34df000-7fe6f3507000 r-xp 00001000 103:04 1968525                   /usr/lib/x86_64-linux-gnu/ld-linux-x86-64.so.2
7fe6f3507000-7fe6f3511000 r--p 00029000 103:04 1968525                   /usr/lib/x86_64-linux-gnu/ld-linux-x86-64.so.2
7fe6f3511000-7fe6f3513000 r--p 00033000 103:04 1968525                   /usr/lib/x86_64-linux-gnu/ld-linux-x86-64.so.2
7fe6f3513000-7fe6f3515000 rw-p 00035000 103:04 1968525                   /usr/lib/x86_64-linux-gnu/ld-linux-x86-64.so.2
7fff05f0b000-7fff05f2c000 rw-p 00000000 00:00 0                          [stack]
7fff05f88000-7fff05f8c000 r--p 00000000 00:00 0                          [vvar]
7fff05f8c000-7fff05f8e000 r-xp 00000000 00:00 0                          [vdso]
ffffffffff600000-ffffffffff601000 --xp 00000000 00:00 0                  [vsyscall]


VM Arguments:
java_command: org.jetbrains.kotlin.cli.jvm.K2JVMCompiler @/var/www/html/YkisPAM/app/build/20240209_2609288086571611649.compiler.options
java_class_path (initial): /home/rodion/.gradle/caches/modules-2/files-2.1/org.jetbrains.kotlin/kotlin-compiler-embeddable/1.9.21/a8f2d2fed3fc195beef3fab4a7fd1a844e101f0e/kotlin-compiler-embeddable-1.9.21.jar:/home/rodion/.gradle/caches/modules-2/files-2.1/org.jetbrains.kotlin/kotlin-stdlib/1.9.21/17ee3e873d439566c7d8354403b5f3d9744c4c9c/kotlin-stdlib-1.9.21.jar:/home/rodion/.gradle/caches/modules-2/files-2.1/org.jetbrains.kotlin/kotlin-script-runtime/1.9.21/f5ff679bd666f7f2376209fff998b775b7b701c7/kotlin-script-runtime-1.9.21.jar:/home/rodion/.gradle/caches/modules-2/files-2.1/org.jetbrains.kotlin/kotlin-reflect/1.6.10/1cbe9c92c12a94eea200d23c2bbaedaf3daf5132/kotlin-reflect-1.6.10.jar:/home/rodion/.gradle/caches/modules-2/files-2.1/org.jetbrains.kotlin/kotlin-daemon-embeddable/1.9.21/e21e55f41ec5f254aec366097b902709b5843234/kotlin-daemon-embeddable-1.9.21.jar:/home/rodion/.gradle/caches/modules-2/files-2.1/org.jetbrains.intellij.deps/trove4j/1.0.20200330/3afb14d5f9ceb459d724e907a21145e8ff394f02/trove4j-1.0.20200330.jar:/home/rodion/.gradle/caches/modules-2/files-2.1/org.jetbrains/annotations/13.0/919f0dfe192fb4e063e7dacadee7f8bb9a2672a9/annotations-13.0.jar
Launcher Type: SUN_STANDARD

[Global flags]
     intx CICompilerCount                          = 4                                         {product} {ergonomic}
     uint ConcGCThreads                            = 3                                         {product} {ergonomic}
     uint G1ConcRefinementThreads                  = 10                                        {product} {ergonomic}
   size_t G1HeapRegionSize                         = 2097152                                   {product} {ergonomic}
    uintx GCDrainStackTargetSize                   = 64                                        {product} {ergonomic}
   size_t InitialHeapSize                          = 226492416                                 {product} {ergonomic}
   size_t MarkStackSize                            = 4194304                                   {product} {ergonomic}
   size_t MaxHeapSize                              = 3623878656                                {product} {ergonomic}
   size_t MaxNewSize                               = 2172649472                                {product} {ergonomic}
   size_t MinHeapDeltaBytes                        = 2097152                                   {product} {ergonomic}
   size_t MinHeapSize                              = 8388608                                   {product} {ergonomic}
    uintx NonNMethodCodeHeapSize                   = 5839372                                {pd product} {ergonomic}
    uintx NonProfiledCodeHeapSize                  = 122909434                              {pd product} {ergonomic}
    uintx ProfiledCodeHeapSize                     = 122909434                              {pd product} {ergonomic}
    uintx ReservedCodeCacheSize                    = 251658240                              {pd product} {ergonomic}
     bool SegmentedCodeCache                       = true                                      {product} {ergonomic}
   size_t SoftMaxHeapSize                          = 3623878656                             {manageable} {ergonomic}
     bool UseCompressedClassPointers               = true                           {product lp64_product} {ergonomic}
     bool UseCompressedOops                        = true                           {product lp64_product} {ergonomic}
     bool UseG1GC                                  = true                                      {product} {ergonomic}

Logging:
Log output configuration:
 #0: stdout all=warning uptime,level,tags
 #1: stderr all=off uptime,level,tags

Environment Variables:
JAVA_HOME=/usr/lib/jvm/java-17-openjdk-amd64/bin/java
PATH=/usr/local/sbin:/usr/local/bin:/usr/sbin:/usr/bin:/sbin:/bin:/usr/games:/usr/local/games:/snap/bin:/home/rodion/.local/share/JetBrains/Toolbox/scripts
SHELL=/bin/bash
DISPLAY=:0
LANG=ru_UA.UTF-8

Active Locale:
LC_ALL=ru_UA.UTF-8
LC_COLLATE=ru_UA.UTF-8
LC_CTYPE=ru_UA.UTF-8
LC_MESSAGES=ru_UA.UTF-8
LC_MONETARY=ru_UA.UTF-8
LC_NUMERIC=ru_UA.UTF-8
LC_TIME=ru_UA.UTF-8

Signal Handlers:
   SIGSEGV: crash_handler in libjvm.so, mask=11100100010111111101111111111110, flags=SA_RESTART|SA_SIGINFO, unblocked
    SIGBUS: crash_handler in libjvm.so, mask=11100100010111111101111111111110, flags=SA_RESTART|SA_SIGINFO, unblocked
    SIGFPE: crash_handler in libjvm.so, mask=11100100010111111101111111111110, flags=SA_RESTART|SA_SIGINFO, unblocked
   SIGPIPE: javaSignalHandler in libjvm.so, mask=11100100010111111101111111111110, flags=SA_RESTART|SA_SIGINFO, blocked
   SIGXFSZ: javaSignalHandler in libjvm.so, mask=11100100010111111101111111111110, flags=SA_RESTART|SA_SIGINFO, blocked
    SIGILL: crash_handler in libjvm.so, mask=11100100010111111101111111111110, flags=SA_RESTART|SA_SIGINFO, unblocked
   SIGUSR2: SR_handler in libjvm.so, mask=00100000000000000000000000000000, flags=SA_RESTART|SA_SIGINFO, blocked
    SIGHUP: UserHandler in libjvm.so, mask=11100100010111111101111111111110, flags=SA_RESTART|SA_SIGINFO, blocked
    SIGINT: UserHandler in libjvm.so, mask=11100100010111111101111111111110, flags=SA_RESTART|SA_SIGINFO, blocked
   SIGTERM: UserHandler in libjvm.so, mask=11100100010111111101111111111110, flags=SA_RESTART|SA_SIGINFO, blocked
   SIGQUIT: UserHandler in libjvm.so, mask=11100100010111111101111111111110, flags=SA_RESTART|SA_SIGINFO, blocked
   SIGTRAP: crash_handler in libjvm.so, mask=11100100010111111101111111111110, flags=SA_RESTART|SA_SIGINFO, unblocked


Periodic native trim disabled

JNI global refs:
JNI global refs: 14, weak refs: 10

JNI global refs memory usage: 867, weak refs: 865

OOME stack traces (most recent first):
Classloader memory used:
Loader jdk.internal.loader.ClassLoaders$AppClassLoader                                 : 6353K
Loader bootstrap                                                                       : 1439K
Loader java.net.URLClassLoader                                                         : 68153B
Loader jdk.internal.reflect.DelegatingClassLoader                                      : 25947B


---------------  S Y S T E M  ---------------

OS:
DISTRIB_ID=Ubuntu
DISTRIB_RELEASE=23.04
DISTRIB_CODENAME=lunar
DISTRIB_DESCRIPTION="Ubuntu 23.04"
uname: Linux 6.2.0-39-generic #40-Ubuntu SMP PREEMPT_DYNAMIC Tue Nov 14 14:18:00 UTC 2023 x86_64
OS uptime: 0 days 0:24 hours
libc: glibc 2.37 NPTL 2.37 
rlimit (soft/hard): STACK 8192k/infinity , CORE 0k/infinity , NPROC 54776/54776 , NOFILE 1048576/1048576 , AS infinity/infinity , CPU infinity/infinity , DATA infinity/infinity , FSIZE infinity/infinity , MEMLOCK 1768584k/1768584k
load average: 3,65 2,27 1,73

/proc/meminfo:
MemTotal:       14148700 kB
MemFree:         1284408 kB
MemAvailable:    4809796 kB
Buffers:          302396 kB
Cached:          3374668 kB
SwapCached:          260 kB
Active:          1357396 kB
Inactive:       10620452 kB
Active(anon):       9340 kB
Inactive(anon):  8377412 kB
Active(file):    1348056 kB
Inactive(file):  2243040 kB
Unevictable:         168 kB
Mlocked:             168 kB
SwapTotal:       5858300 kB
SwapFree:        5855740 kB
Zswap:                 0 kB
Zswapped:              0 kB
Dirty:             25140 kB
Writeback:             8 kB
AnonPages:       8301172 kB
Mapped:          1391180 kB
Shmem:             85600 kB
KReclaimable:     262492 kB
Slab:             415936 kB
SReclaimable:     262492 kB
SUnreclaim:       153444 kB
KernelStack:       17472 kB
PageTables:        48408 kB
SecPageTables:         0 kB
NFS_Unstable:          0 kB
Bounce:                0 kB
WritebackTmp:          0 kB
CommitLimit:    12932648 kB
Committed_AS:   15479684 kB
VmallocTotal:   34359738367 kB
VmallocUsed:      132632 kB
VmallocChunk:          0 kB
Percpu:            12608 kB
HardwareCorrupted:     0 kB
AnonHugePages:         0 kB
ShmemHugePages:        0 kB
ShmemPmdMapped:        0 kB
FileHugePages:         0 kB
FilePmdMapped:         0 kB
HugePages_Total:       0
HugePages_Free:        0
HugePages_Rsvd:        0
HugePages_Surp:        0
Hugepagesize:       2048 kB
Hugetlb:               0 kB
DirectMap4k:      612804 kB
DirectMap2M:    10770432 kB
DirectMap1G:     3145728 kB

/sys/kernel/mm/transparent_hugepage/enabled: always [madvise] never
/sys/kernel/mm/transparent_hugepage/defrag (defrag/compaction efforts parameter): always defer defer+madvise [madvise] never

Process Memory:
Virtual Size: 7435620K (peak: 7502256K)
Resident Set Size: 704560K (peak: 704560K) (anon: 678064K, file: 26496K, shmem: 0K)
Swapped out: 0K
C-Heap outstanding allocations: 124418K, retained: 28061K
glibc malloc tunables: (default)

/proc/sys/kernel/threads-max (system-wide limit on the number of threads): 109553
/proc/sys/vm/max_map_count (maximum number of memory map areas a process may have): 65530
/proc/sys/kernel/pid_max (system-wide limit on number of process identifiers): 4194304

container (cgroup) information:
container_type: cgroupv2
cpu_cpuset_cpus: not supported
cpu_memory_nodes: not supported
active_processor_count: 12
cpu_quota: not supported
cpu_period: not supported
cpu_shares: not supported
memory_limit_in_bytes: unlimited
memory_and_swap_limit_in_bytes: unlimited
memory_soft_limit_in_bytes: unlimited
memory_usage_in_bytes: 8380392 k
memory_max_usage_in_bytes: not supported
memory_swap_current_in_bytes: unlimited
memory_swap_max_limit_in_bytes: unlimited
maximum number of tasks: 16432
current number of tasks: 324

Steal ticks since vm start: 0
Steal ticks percentage since vm start:  0,000

CPU: total 16 (initial active 12) (12 cores per cpu, 2 threads per core) family 25 model 80 stepping 0 microcode 0xa50000c, cx8, cmov, fxsr, ht, mmx, 3dnowpref, sse, sse2, sse3, ssse3, sse4a, sse4.1, sse4.2, popcnt, lzcnt, tsc, tscinvbit, avx, avx2, aes, erms, clmul, bmi1, bmi2, adx, sha, fma, vzeroupper, clflush, clflushopt
CPU Model and flags from /proc/cpuinfo:
model name	: AMD Ryzen 5 5600H with Radeon Graphics
flags		: fpu vme de pse tsc msr pae mce cx8 apic sep mtrr pge mca cmov pat pse36 clflush mmx fxsr sse sse2 ht syscall nx mmxext fxsr_opt pdpe1gb rdtscp lm constant_tsc rep_good nopl nonstop_tsc cpuid extd_apicid aperfmperf rapl pni pclmulqdq monitor ssse3 fma cx16 sse4_1 sse4_2 movbe popcnt aes xsave avx f16c rdrand lahf_lm cmp_legacy svm extapic cr8_legacy abm sse4a misalignsse 3dnowprefetch osvw ibs skinit wdt tce topoext perfctr_core perfctr_nb bpext perfctr_llc mwaitx cpb cat_l3 cdp_l3 hw_pstate ssbd mba ibrs ibpb stibp vmmcall fsgsbase bmi1 avx2 smep bmi2 erms invpcid cqm rdt_a rdseed adx smap clflushopt clwb sha_ni xsaveopt xsavec xgetbv1 xsaves cqm_llc cqm_occup_llc cqm_mbm_total cqm_mbm_local clzero irperf xsaveerptr rdpru wbnoinvd cppc arat npt lbrv svm_lock nrip_save tsc_scale vmcb_clean flushbyasid decodeassists pausefilter pfthreshold avic v_vmsave_vmload vgif v_spec_ctrl umip pku ospke vaes vpclmulqdq rdpid overflow_recov succor smca fsrm

Online cpus: 0-11
Offline cpus: 12-15
BIOS frequency limitation: 3300000
Frequency switch latency (ns): 0
Available cpu frequencies: 3300000 1300000 1200000 
Current governor: schedutil
Core performance/turbo boost: 1

Memory: 4k page, physical 14148700k(1284408k free), swap 5858300k(5855740k free)
Page Sizes: 4k

vm_info: OpenJDK 64-Bit Server VM (17.0.9+0-17.0.9b1087.7-11185874) for linux-amd64 JRE (17.0.9+0-17.0.9b1087.7-11185874), built on Dec  6 2023 18:35:35 by "androidbuild" with clang Android (8508608, based on r450784e) Clang 14.0.7 (https://android.googlesource.com/toolchain/llvm-project 4c603efb0cca074e9238af8b4106c30add4418f6)

END.
