#
# A fatal error has been detected by the Java Runtime Environment:
#
#  SIGSEGV (0xb) at pc=0x00007fd1d34638fb, pid=7178, tid=7182
#
# JRE version: OpenJDK Runtime Environment (17.0.9) (build 17.0.9+0-17.0.9b1087.7-11185874)
# Java VM: OpenJDK 64-Bit Server VM (17.0.9+0-17.0.9b1087.7-11185874, mixed mode, tiered, compressed oops, compressed class ptrs, parallel gc, linux-amd64)
# Problematic frame:
# V  [libjvm.so+0xe638fb]  ParCompactionManager::follow_contents(oopDesc*)+0x35b
#
# Core dump will be written. Default location: Core dumps may be processed with "/usr/share/apport/apport -p%p -s%s -c%c -d%d -P%P -u%u -g%g -- %E" (or dumping to /var/www/html/YkisPAM/core.7178)
#
# If you would like to submit a bug report, please visit:
#   https://bugreport.java.com/bugreport/crash.jsp
#

---------------  S U M M A R Y ------------

Command Line: -XX:+HeapDumpOnOutOfMemoryError -XX:+UseParallelGC -XX:MaxMetaspaceSize=1g --add-opens=java.base/java.util=ALL-UNNAMED --add-opens=java.base/java.lang=ALL-UNNAMED --add-opens=java.base/java.lang.invoke=ALL-UNNAMED --add-opens=java.prefs/java.util.prefs=ALL-UNNAMED --add-opens=java.base/java.nio.charset=ALL-UNNAMED --add-opens=java.base/java.net=ALL-UNNAMED --add-opens=java.base/java.util.concurrent.atomic=ALL-UNNAMED -Xmx4608m -Dfile.encoding=UTF-8 -Duser.country=UA -Duser.language=ru -Duser.variant -javaagent:/home/rodion/.gradle/wrapper/dists/gradle-8.4-bin/1w5dpkrfk8irigvoxmyhowfim/gradle-8.4/lib/agents/gradle-instrumentation-agent-8.4.jar org.gradle.launcher.daemon.bootstrap.GradleDaemon 8.4

Host: AMD Ryzen 5 5600H with Radeon Graphics, 16 cores, 13G, Ubuntu 23.04
Time: Mon Jan 22 21:12:21 2024 EET elapsed time: 2.268553 seconds (0d 0h 0m 2s)

---------------  T H R E A D  ---------------

Current thread (0x00007fd1cc03f760):  GCTaskThread "GC Thread#0" [stack: 0x00007fd1d1929000,0x00007fd1d1a29000] [id=7182]

Stack: [0x00007fd1d1929000,0x00007fd1d1a29000],  sp=0x00007fd1d1a27c70,  free space=1019k
Native frames: (J=compiled Java code, j=interpreted, Vv=VM code, C=native code)
V  [libjvm.so+0xe638fb]  ParCompactionManager::follow_contents(oopDesc*)+0x35b
V  [libjvm.so+0xe61fa8]  ParCompactionManager::follow_marking_stacks()+0x1a8
V  [libjvm.so+0xe685e8]  steal_marking_work(TaskTerminator&, unsigned int)+0x148
V  [libjvm.so+0xe70ef4]  MarkFromRootsTask::work(unsigned int)+0x154
V  [libjvm.so+0x10bbbec]  GangWorker::run()+0x5c
V  [libjvm.so+0x100dbff]  Thread::call_run()+0xbf
V  [libjvm.so+0xe12ce9]  thread_native_entry(Thread*)+0x119


siginfo: si_signo: 11 (SIGSEGV), si_code: 128 (SI_KERNEL), si_addr: 0x0000000000000000

Registers:
RAX=0x00007fd1ab000000, RBX=0x0000000078000000, RCX=0x007ffffffccc0000, RDX=0x1fffffff33000000
RSP=0x00007fd1d1a27c70, RBP=0x00007fd1d1a27cd0, RSI=0x00000006e19a91f8, RDI=0x00007fd1d382b820
R8 =0x00007fd1d3896814, R9 =0x0000000000000033, R10=0x00007fd1af800000, R11=0x8000000000000000
R12=0x00000006e19a91c4, R13=0x00007fd1d37d5a70, R14=0x00007fd1cc17d410, R15=0x00000006e19a91d8
RIP=0x00007fd1d34638fb, EFLAGS=0x0000000000010216, CSGSFS=0x002b000000000033, ERR=0x0000000000000000
  TRAPNO=0x000000000000000d


Register to memory mapping:

RAX=0x00007fd1ab000000 points into unknown readable memory: 0x0200002520009249 | 49 92 00 20 25 00 00 02
RBX=0x0000000078000000 is an unknown value
RCX=0x007ffffffccc0000 is an unknown value
RDX=0x1fffffff33000000 is an unknown value
RSP=0x00007fd1d1a27c70 points into unknown readable memory: 0x00000006e19a902c | 2c 90 9a e1 06 00 00 00
RBP=0x00007fd1d1a27cd0 points into unknown readable memory: 0x00007fd1d1a27d30 | 30 7d a2 d1 d1 7f 00 00
RSI=0x00000006e19a91f8 is an oop: java.util.concurrent.ConcurrentHashMap$Node 
{0x00000006e19a91f8} - klass: 'java/util/concurrent/ConcurrentHashMap$Node'
 - ---- fields (total size 4 words):
 - final 'hash' 'I' @12  1042906498 (3e297d82)
 - final 'key' 'Ljava/lang/Object;' @16  a 'java/lang/Class'{0x00000006e07ddb08} = 'org/gradle/internal/service/scopes/ListenerService' (dc0fbb61)
 - volatile 'val' 'Ljava/lang/Object;' @20  a 'java/lang/Boolean'{0x00000006e0001610} = false (dc0002c2)
 - volatile 'next' 'Ljava/util/concurrent/ConcurrentHashMap$Node;' @24  NULL (0)
RDI=0x00007fd1d382b820: <offset 0x000000000122b820> in /home/rodion/.local/share/JetBrains/Toolbox/apps/android-studio-2/jbr/lib/server/libjvm.so at 0x00007fd1d2600000
R8 =0x00007fd1d3896814 points into unknown readable memory: 9e f4 00 00
R9 =0x0000000000000033 is an unknown value
R10=0x00007fd1af800000 points into unknown readable memory: 0x0100001290004924 | 24 49 00 90 12 00 00 01
R11=0x8000000000000000 is an unknown value
R12=0x00000006e19a91c4 is pointing into object: [Ljava.util.concurrent.ConcurrentHashMap$Node; 
{0x00000006e19a9188} - klass: 'java/util/concurrent/ConcurrentHashMap$Node'[]
 - length: 16
R13=0x00007fd1d37d5a70: <offset 0x00000000011d5a70> in /home/rodion/.local/share/JetBrains/Toolbox/apps/android-studio-2/jbr/lib/server/libjvm.so at 0x00007fd1d2600000
R14=0x00007fd1cc17d410 points into unknown readable memory: 0x0000000000000000 | 00 00 00 00 00 00 00 00
R15=0x00000006e19a91d8 is an oop: java.util.concurrent.ConcurrentHashMap$Node 
{0x00000006e19a91d8} - klass: 'java/util/concurrent/ConcurrentHashMap$Node'
 - ---- fields (total size 4 words):
 - final 'hash' 'I' @12  1878712255 (6ffadfbf)
 - final 'key' 'Ljava/lang/Object;' @16  a 'java/lang/Class'{0x00000006e07ddbe8} = 'org/gradle/internal/service/scopes/StatefulListener' (dc0fbb7d)
 - volatile 'val' 'Ljava/lang/Object;' @20  a 'java/lang/Boolean'{0x00000006e0001610} = false (dc0002c2)
 - volatile 'next' 'Ljava/util/concurrent/ConcurrentHashMap$Node;' @24  NULL (0)


Top of Stack: (sp=0x00007fd1d1a27c70)
0x00007fd1d1a27c70:   00000006e19a902c 00007fd1d37c2be0
0x00007fd1d1a27c80:   00007fd1cc0b97a0 00007fd100000003
0x00007fd1d1a27c90:   00007fd1cc17d410 00007fd1cc17d698
0x00007fd1d1a27ca0:   00007fd1cc17d410 00007fd1cc17d518
0x00007fd1d1a27cb0:   0000000100000000 00007fd1cc17d410
0x00007fd1d1a27cc0:   00007fd1cc0b9ed8 ffffffff00000000
0x00007fd1d1a27cd0:   00007fd1d1a27d30 00007fd1d3461fa8
0x00007fd1d1a27ce0:   00007fd1cc17d518 00007fd1cc17d7e0
0x00007fd1d1a27cf0:   00007fd1cc17d698 00007fd1cc17d960
0x00007fd1d1a27d00:   00007fd1cc17d410 00007fd1cc17d410
0x00007fd1d1a27d10:   00007fd1cc0b9ed0 00007fd1d1a27d48
0x00007fd1d1a27d20:   00007fd1cc0b9ed8 0000000000000006
0x00007fd1d1a27d30:   00007fd1d1a27d90 00007fd1d34685e8
0x00007fd1d1a27d40:   00007fd1a6ffe3d8 0000000000000000
0x00007fd1d1a27d50:   00007fd100000000 00000006e19a9010
0x00007fd1d1a27d60:   00007fd1cc17d410 00007fd1a6ffe3d8
0x00007fd1d1a27d70:   0000000000000006 0000000000000016
0x00007fd1d1a27d80:   00007fd1cc17d410 0000000000000006
0x00007fd1d1a27d90:   00007fd1d1a27e10 00007fd1d3470ef4
0x00007fd1d1a27da0:   00007fd1d1a27db0 00007fd1d37d04c0
0x00007fd1d1a27db0:   00007fd1a6ffe298 00007fd1d37c2fe0
0x00007fd1d1a27dc0:   0000000000000006 0000000000000005
0x00007fd1d1a27dd0:   00007fd1d37c2ff8 00007fd1cc17d410
0x00007fd1d1a27de0:   00000002d1a27e28 00007fd1a6ffe298
0x00007fd1d1a27df0:   0000000000000006 0000000000000016
0x00007fd1d1a27e00:   00007fd1d1a27e28 00007fd1cc03f760
0x00007fd1d1a27e10:   00007fd1d1a27e50 00007fd1d36bbbec
0x00007fd1d1a27e20:   0000000000000016 00007fd1ffffffff
0x00007fd1d1a27e30:   00007fd1cc03f760 ffffffffffffff88
0x00007fd1d1a27e40:   0000000000100000 00007fd1d1929000
0x00007fd1d1a27e50:   00007fd1d1a27ea0 00007fd1d360dbff
0x00007fd1d1a27e60:   0000000000000000 00007fd1cc03f760 

Instructions: (pc=0x00007fd1d34638fb)
0x00007fd1d34637fb:   49 8b 87 88 05 00 00 e9 c9 02 00 00 49 8d bf 50
0x00007fd1d346380b:   05 00 00 48 c1 e6 04 48 83 ce 08 49 8b 87 50 05
0x00007fd1d346381b:   00 00 ff 10 49 8b b7 58 05 00 00 49 8b 8f 88 05
0x00007fd1d346382b:   00 00 48 c1 e6 04 48 89 0c 30 49 89 87 88 05 00
0x00007fd1d346383b:   00 48 85 c9 74 09 49 8b 8f 58 05 00 00 eb 02 31
0x00007fd1d346384b:   c9 49 01 8f 78 05 00 00 31 f6 48 89 f1 48 c1 e1
0x00007fd1d346385b:   04 4c 89 34 08 89 5c 08 08 48 83 c6 01 49 89 b7
0x00007fd1d346386b:   70 05 00 00 48 85 db 0f 84 11 ff ff ff 4d 8d 3c
0x00007fd1d346387b:   9c 48 8b 45 d0 48 05 88 02 00 00 48 89 45 c8 4c
0x00007fd1d346388b:   8d 2d df 21 37 00 eb 2a 49 8b 8e 88 01 00 00 48
0x00007fd1d346389b:   89 1c c1 83 c0 01 25 ff ff 01 00 41 89 86 88 00
0x00007fd1d34638ab:   00 00 0f 1f 00 49 83 c4 04 4d 39 fc 0f 83 cc fe
0x00007fd1d34638bb:   ff ff 41 8b 1c 24 48 85 db 74 ea 41 0f b6 4d 08
0x00007fd1d34638cb:   48 d3 e3 49 03 5d 00 48 8b 05 cf 7b 3c 00 48 89
0x00007fd1d34638db:   da 48 2b 10 48 c1 ea 03 48 8d 0d ce 24 37 00 0f
0x00007fd1d34638eb:   b6 09 48 d3 ea 48 8b 40 10 48 89 d1 48 c1 e9 06
0x00007fd1d34638fb:   48 8b 04 c8 48 0f a3 d0 72 ab 48 8d 05 55 c8 3a
0x00007fd1d346390b:   00 0f b6 10 84 d2 74 24 8b 7b 08 48 8d 05 63 21
0x00007fd1d346391b:   37 00 0f b6 48 08 48 d3 e7 48 03 38 8b 47 08 85
0x00007fd1d346392b:   c0 7e 14 a8 01 75 14 c1 e8 03 eb 59 48 8b 7b 08
0x00007fd1d346393b:   8b 47 08 85 c0 7f ec 85 c0 78 0e 48 8b 07 48 89
0x00007fd1d346394b:   de ff 90 00 01 00 00 eb 3c 31 c9 84 d2 0f 94 c1
0x00007fd1d346395b:   48 63 54 8b 0c 89 c1 48 d3 e2 c1 e8 10 0f b6 c0
0x00007fd1d346396b:   48 01 d0 48 8d 0d 3f 24 37 00 48 63 09 48 8d 14
0x00007fd1d346397b:   01 48 83 c2 ff f7 d9 48 63 c1 48 21 d0 48 c1 e8
0x00007fd1d346398b:   03 0f 1f 40 00 4c 63 f0 48 8d 3d 56 7d 3c 00 48
0x00007fd1d346399b:   89 de 4c 89 f2 e8 fb a5 fc ff 84 c0 0f 84 03 ff
0x00007fd1d34639ab:   ff ff 48 8d 3d 6c 7e 3c 00 48 89 de 4c 89 f2 e8
0x00007fd1d34639bb:   d1 50 00 00 4c 8b 75 d0 41 8b 86 88 00 00 00 41
0x00007fd1d34639cb:   8b 8e 08 01 00 00 89 c2 29 ca f7 d2 f7 c2 fe ff
0x00007fd1d34639db:   01 00 0f 85 b0 fe ff ff 49 8b 8e a8 02 00 00 49
0x00007fd1d34639eb:   3b 8e 90 02 00 00 75 2b 49 8b 96 b8 02 00 00 48 


Stack slot to memory mapping:
stack at sp + 0 slots: 0x00000006e19a902c is pointing into object: java.util.concurrent.ConcurrentHashMap$Node 
{0x00000006e19a9010} - klass: 'java/util/concurrent/ConcurrentHashMap$Node'
 - ---- fields (total size 4 words):
 - final 'hash' 'I' @12  459907187 (1b69a073)
 - final 'key' 'Ljava/lang/Object;' @16  a 'java/lang/Class'{0x00000007a79cdfd8} = 'org/gradle/kotlin/dsl/provider/ClassPathModeExceptionCollector' (f4f39bfb)
 - volatile 'val' 'Ljava/lang/Object;' @20  a 'org/gradle/internal/service/DefaultServiceRegistry$ClassInspector$ClassDetails'{0x00000006e19a9030} (dc335206)
 - volatile 'next' 'Ljava/util/concurrent/ConcurrentHashMap$Node;' @24  NULL (0)
stack at sp + 1 slots: 0x00007fd1d37c2be0: <offset 0x00000000011c2be0> in /home/rodion/.local/share/JetBrains/Toolbox/apps/android-studio-2/jbr/lib/server/libjvm.so at 0x00007fd1d2600000
stack at sp + 2 slots: 0x00007fd1cc0b97a0 points into unknown readable memory: 0x00007fd1d37c2fb0 | b0 2f 7c d3 d1 7f 00 00
stack at sp + 3 slots: 0x00007fd100000003 points into unknown readable memory: 00 d1 7f 00 00
stack at sp + 4 slots: 0x00007fd1cc17d410 points into unknown readable memory: 0x0000000000000000 | 00 00 00 00 00 00 00 00
stack at sp + 5 slots: 0x00007fd1cc17d698 points into unknown readable memory: 0x00007fd1d37aab38 | 38 ab 7a d3 d1 7f 00 00
stack at sp + 6 slots: 0x00007fd1cc17d410 points into unknown readable memory: 0x0000000000000000 | 00 00 00 00 00 00 00 00
stack at sp + 7 slots: 0x00007fd1cc17d518 points into unknown readable memory: 0x0000040000000055 | 55 00 00 00 00 04 00 00


---------------  P R O C E S S  ---------------

Threads class SMR info:
_java_thread_list=0x00007fd140e37ec0, length=46, elements={
0x00007fd1cc027e40, 0x00007fd1cc236fb0, 0x00007fd1cc2385e0, 0x00007fd1cc2683a0,
0x00007fd1cc269730, 0x00007fd1cc26ab20, 0x00007fd1cc25d620, 0x00007fd1cc25eae0,
0x00007fd1cc25fee0, 0x00007fd1cc2ed9e0, 0x00007fd1cc3e6ec0, 0x00007fd1800eeaa0,
0x00007fd180355650, 0x00007fd1cd525ec0, 0x00007fd1cd5e60a0, 0x00007fd1cd62bf90,
0x00007fd15c016ab0, 0x00007fd1540015d0, 0x00007fd154005fc0, 0x00007fd154007bd0,
0x00007fd1400032b0, 0x00007fd14000b690, 0x00007fd140007f90, 0x00007fd14018d020,
0x00007fd140196fb0, 0x00007fd1404b9080, 0x00007fd140bf2570, 0x00007fd140bfb660,
0x00007fd140c33aa0, 0x00007fd140c346d0, 0x00007fd140c356e0, 0x00007fd140c365c0,
0x00007fd140c374a0, 0x00007fd140c385a0, 0x00007fd140c396a0, 0x00007fd140c3a680,
0x00007fd140c3b790, 0x00007fd140c3c770, 0x00007fd140c3d750, 0x00007fd140c3e730,
0x00007fd140d5da40, 0x00007fd140d6fe80, 0x00007fd140d89480, 0x00007fd140d983f0,
0x00007fd140df7410, 0x00007fd140e370a0
}

Java Threads: ( => current thread )
  0x00007fd1cc027e40 JavaThread "main" [_thread_blocked, id=7181, stack(0x00007fd1d2500000,0x00007fd1d2600000)]
  0x00007fd1cc236fb0 JavaThread "Reference Handler" daemon [_thread_blocked, id=7184, stack(0x00007fd1a6dff000,0x00007fd1a6eff000)]
  0x00007fd1cc2385e0 JavaThread "Finalizer" daemon [_thread_blocked, id=7185, stack(0x00007fd1a6cff000,0x00007fd1a6dff000)]
  0x00007fd1cc2683a0 JavaThread "Signal Dispatcher" daemon [_thread_blocked, id=7186, stack(0x00007fd1a6bff000,0x00007fd1a6cff000)]
  0x00007fd1cc269730 JavaThread "Service Thread" daemon [_thread_blocked, id=7187, stack(0x00007fd1a6500000,0x00007fd1a6600000)]
  0x00007fd1cc26ab20 JavaThread "Monitor Deflation Thread" daemon [_thread_blocked, id=7188, stack(0x00007fd1a6400000,0x00007fd1a6500000)]
  0x00007fd1cc25d620 JavaThread "C2 CompilerThread0" daemon [_thread_blocked, id=7189, stack(0x00007fd1a6300000,0x00007fd1a6400000)]
  0x00007fd1cc25eae0 JavaThread "C1 CompilerThread0" daemon [_thread_blocked, id=7190, stack(0x00007fd1a6200000,0x00007fd1a6300000)]
  0x00007fd1cc25fee0 JavaThread "Sweeper thread" daemon [_thread_blocked, id=7191, stack(0x00007fd1a6100000,0x00007fd1a6200000)]
  0x00007fd1cc2ed9e0 JavaThread "Common-Cleaner" daemon [_thread_blocked, id=7192, stack(0x00007fd1a6000000,0x00007fd1a6100000)]
  0x00007fd1cc3e6ec0 JavaThread "Notification Thread" daemon [_thread_blocked, id=7193, stack(0x00007fd1a5f00000,0x00007fd1a6000000)]
  0x00007fd1800eeaa0 JavaThread "C2 CompilerThread1" daemon [_thread_blocked, id=7195, stack(0x00007fd1a5cff000,0x00007fd1a5dff000)]
  0x00007fd180355650 JavaThread "C2 CompilerThread2" daemon [_thread_blocked, id=7196, stack(0x00007fd1a5900000,0x00007fd1a5a00000)]
  0x00007fd1cd525ec0 JavaThread "Daemon health stats" [_thread_blocked, id=7200, stack(0x00007fd1a4d8f000,0x00007fd1a4e8f000)]
  0x00007fd1cd5e60a0 JavaThread "Incoming local TCP Connector on port 35449" [_thread_in_native, id=7201, stack(0x00007fd1a4efe000,0x00007fd1a4ffe000)]
  0x00007fd1cd62bf90 JavaThread "Daemon periodic checks" [_thread_blocked, id=7202, stack(0x00007fd1a4c8f000,0x00007fd1a4d8f000)]
  0x00007fd15c016ab0 JavaThread "Daemon" [_thread_blocked, id=7203, stack(0x00007fd1a4b8f000,0x00007fd1a4c8f000)]
  0x00007fd1540015d0 JavaThread "Handler for socket connection from /127.0.0.1:35449 to /127.0.0.1:40096" [_thread_in_native, id=7204, stack(0x00007fd1a4a8f000,0x00007fd1a4b8f000)]
  0x00007fd154005fc0 JavaThread "Cancel handler" [_thread_blocked, id=7205, stack(0x00007fd1a498f000,0x00007fd1a4a8f000)]
  0x00007fd154007bd0 JavaThread "Daemon worker" [_thread_blocked, id=7206, stack(0x00007fd1a488f000,0x00007fd1a498f000)]
  0x00007fd1400032b0 JavaThread "Asynchronous log dispatcher for DefaultDaemonConnection: socket connection from /127.0.0.1:35449 to /127.0.0.1:40096" [_thread_blocked, id=7209, stack(0x00007fd1a478f000,0x00007fd1a488f000)]
  0x00007fd14000b690 JavaThread "Stdin handler" [_thread_blocked, id=7210, stack(0x00007fd1a468f000,0x00007fd1a478f000)]
  0x00007fd140007f90 JavaThread "Daemon client event forwarder" [_thread_blocked, id=7211, stack(0x00007fd1a458f000,0x00007fd1a468f000)]
  0x00007fd14018d020 JavaThread "Cache worker for journal cache (/home/rodion/.gradle/caches/journal-1)" [_thread_blocked, id=7218, stack(0x00007fd127dff000,0x00007fd127eff000)]
  0x00007fd140196fb0 JavaThread "File lock request listener" [_thread_in_native, id=7219, stack(0x00007fd127cff000,0x00007fd127dff000)]
  0x00007fd1404b9080 JavaThread "Cache worker for file hash cache (/home/rodion/.gradle/caches/8.4/fileHashes)" [_thread_blocked, id=7220, stack(0x00007fd127bff000,0x00007fd127cff000)]
  0x00007fd140bf2570 JavaThread "File watcher server" daemon [_thread_in_native, id=7221, stack(0x00007fd127aff000,0x00007fd127bff000)]
  0x00007fd140bfb660 JavaThread "File watcher consumer" daemon [_thread_blocked, id=7222, stack(0x00007fd1279ff000,0x00007fd127aff000)]
  0x00007fd140c33aa0 JavaThread "jar transforms" [_thread_blocked, id=7223, stack(0x00007fd1278ff000,0x00007fd1279ff000)]
  0x00007fd140c346d0 JavaThread "jar transforms Thread 2" [_thread_blocked, id=7224, stack(0x00007fd1277ff000,0x00007fd1278ff000)]
  0x00007fd140c356e0 JavaThread "jar transforms Thread 3" [_thread_blocked, id=7225, stack(0x00007fd1276ff000,0x00007fd1277ff000)]
  0x00007fd140c365c0 JavaThread "jar transforms Thread 4" [_thread_blocked, id=7226, stack(0x00007fd1275ff000,0x00007fd1276ff000)]
  0x00007fd140c374a0 JavaThread "jar transforms Thread 5" [_thread_blocked, id=7227, stack(0x00007fd1274ff000,0x00007fd1275ff000)]
  0x00007fd140c385a0 JavaThread "jar transforms Thread 6" [_thread_blocked, id=7228, stack(0x00007fd1273ff000,0x00007fd1274ff000)]
  0x00007fd140c396a0 JavaThread "jar transforms Thread 7" [_thread_blocked, id=7229, stack(0x00007fd1272ff000,0x00007fd1273ff000)]
  0x00007fd140c3a680 JavaThread "jar transforms Thread 8" [_thread_blocked, id=7230, stack(0x00007fd1271ff000,0x00007fd1272ff000)]
  0x00007fd140c3b790 JavaThread "jar transforms Thread 9" [_thread_blocked, id=7231, stack(0x00007fd1270ff000,0x00007fd1271ff000)]
  0x00007fd140c3c770 JavaThread "jar transforms Thread 10" [_thread_blocked, id=7232, stack(0x00007fd126fff000,0x00007fd1270ff000)]
  0x00007fd140c3d750 JavaThread "jar transforms Thread 11" [_thread_blocked, id=7233, stack(0x00007fd126eff000,0x00007fd126fff000)]
  0x00007fd140c3e730 JavaThread "jar transforms Thread 12" [_thread_blocked, id=7234, stack(0x00007fd126dff000,0x00007fd126eff000)]
  0x00007fd140d5da40 JavaThread "Cache worker for checksums cache (/var/www/html/YkisPAM/.gradle/8.4/checksums)" [_thread_blocked, id=7235, stack(0x00007fd126cff000,0x00007fd126dff000)]
  0x00007fd140d6fe80 JavaThread "Cache worker for file hash cache (/var/www/html/YkisPAM/.gradle/8.4/fileHashes)" [_thread_blocked, id=7236, stack(0x00007fd126bff000,0x00007fd126cff000)]
  0x00007fd140d89480 JavaThread "Cache worker for cache directory md-supplier (/home/rodion/.gradle/caches/8.4/md-supplier)" [_thread_blocked, id=7237, stack(0x00007fd126aff000,0x00007fd126bff000)]
  0x00007fd140d983f0 JavaThread "Cache worker for file content cache (/home/rodion/.gradle/caches/8.4/fileContent)" [_thread_blocked, id=7238, stack(0x00007fd1269ff000,0x00007fd126aff000)]
  0x00007fd140df7410 JavaThread "Cache worker for cache directory md-rule (/home/rodion/.gradle/caches/8.4/md-rule)" [_thread_blocked, id=7239, stack(0x00007fd1268ff000,0x00007fd1269ff000)]
  0x00007fd140e370a0 JavaThread "Cache worker for execution history cache (/home/rodion/.gradle/caches/8.4/executionHistory)" [_thread_blocked, id=7240, stack(0x00007fd1265ce000,0x00007fd1266ce000)]

Other Threads:
  0x00007fd1cc2272a0 VMThread "VM Thread" [stack: 0x00007fd1a6f00000,0x00007fd1a7000000] [id=7183]
  0x00007fd1cc07ae20 WatcherThread [stack: 0x00007fd1a5e00000,0x00007fd1a5f00000] [id=7194]
=>0x00007fd1cc03f760 GCTaskThread "GC Thread#0" [stack: 0x00007fd1d1929000,0x00007fd1d1a29000] [id=7182]
  0x00007fd1a0001250 GCTaskThread "GC Thread#1" [stack: 0x00007fd1a5500000,0x00007fd1a5600000] [id=7197]
  0x00007fd1a0001c70 GCTaskThread "GC Thread#2" [stack: 0x00007fd1a5100000,0x00007fd1a5200000] [id=7198]
  0x00007fd1a0002690 GCTaskThread "GC Thread#3" [stack: 0x00007fd1a4fff000,0x00007fd1a50ff000] [id=7199]
  0x00007fd1a0004160 GCTaskThread "GC Thread#4" [stack: 0x00007fd1a448f000,0x00007fd1a458f000] [id=7212]
  0x00007fd1a0004b80 GCTaskThread "GC Thread#5" [stack: 0x00007fd1a438e000,0x00007fd1a448e000] [id=7213]
  0x00007fd1a00055a0 GCTaskThread "GC Thread#6" [stack: 0x00007fd1a428d000,0x00007fd1a438d000] [id=7214]
  0x00007fd1a0005fc0 GCTaskThread "GC Thread#7" [stack: 0x00007fd1a418c000,0x00007fd1a428c000] [id=7215]
  0x00007fd1a00069e0 GCTaskThread "GC Thread#8" [stack: 0x00007fd1a408b000,0x00007fd1a418b000] [id=7216]
  0x00007fd1a0007400 GCTaskThread "GC Thread#9" [stack: 0x00007fd127f00000,0x00007fd128000000] [id=7217]

Threads with active compile tasks:
C2 CompilerThread0     2284 2936       4       jdk.internal.org.objectweb.asm.MethodWriter::visitVarInsn (302 bytes)
C2 CompilerThread1     2284 2628   !   4       java.lang.ClassLoader::loadClass (121 bytes)
C2 CompilerThread2     2284 2934       4       sun.net.util.URLUtil::urlNoFragString (114 bytes)

VM state: at safepoint (normal execution)

VM Mutex/Monitor currently owned by a thread:  ([mutex/lock_event])
[0x00007fd1cc0249b0] Threads_lock - owner thread: 0x00007fd1cc2272a0
[0x00007fd1cc025220] Heap_lock - owner thread: 0x00007fd154007bd0

Heap address: 0x00000006e0000000, size: 4608 MB, Compressed Oops mode: Zero based, Oop shift amount: 3

CDS archive(s) not mapped
Compressed class space mapped at: 0x0000000800000000-0x0000000834000000, reserved size: 872415232
Narrow klass base: 0x0000000800000000, Narrow klass shift: 0, Narrow klass range: 0x34000000

GC Precious Log:
 CPUs: 16 total, 12 available
 Memory: 13817M
 Large Page Support: Disabled
 NUMA Support: Disabled
 Compressed Oops: Enabled (Zero based)
 Alignments: Space 512K, Generation 512K, Heap 2M
 Heap Min Capacity: 8M
 Heap Initial Capacity: 216M
 Heap Max Capacity: 4608M
 Pre-touch: Disabled
 Parallel Workers: 10

Heap:
 PSYoungGen      total 119808K, used 9214K [0x00000007a0000000, 0x00000007a7e00000, 0x0000000800000000)
  eden space 110592K, 0% used [0x00000007a0000000,0x00000007a0000000,0x00000007a6c00000)
  from space 9216K, 99% used [0x00000007a7500000,0x00000007a7dffb38,0x00000007a7e00000)
  to   space 9216K, 0% used [0x00000007a6c00000,0x00000007a6c00000,0x00000007a7500000)
 ParOldGen       total 147456K, used 26941K [0x00000006e0000000, 0x00000006e9000000, 0x00000007a0000000)
  object space 147456K, 18% used [0x00000006e0000000,0x00000006e1a4f7f8,0x00000006e9000000)
 Metaspace       used 35482K, committed 35840K, reserved 917504K
  class space    used 4936K, committed 5120K, reserved 851968K

Card table byte_map: [0x00007fd1d1a29000,0x00007fd1d232a000] _byte_map_base: 0x00007fd1ce329000

Marking Bits: (ParMarkBitMap*) 0x00007fd1d382b6f0
 Begin Bits: [0x00007fd1ab000000, 0x00007fd1af800000)
 End Bits:   [0x00007fd1af800000, 0x00007fd1b4000000)

Polling page: 0x00007fd1d3c67000

Metaspace:

Usage:
  Non-class:     29,83 MB used.
      Class:      4,82 MB used.
       Both:     34,65 MB used.

Virtual space:
  Non-class space:       64,00 MB reserved,      30,00 MB ( 47%) committed,  1 nodes.
      Class space:      832,00 MB reserved,       5,00 MB ( <1%) committed,  1 nodes.
             Both:      896,00 MB reserved,      35,00 MB (  4%) committed. 

Chunk freelists:
   Non-Class:  1,38 MB
       Class:  10,92 MB
        Both:  12,29 MB

MaxMetaspaceSize: 1,00 GB
CompressedClassSpaceSize: 832,00 MB
Initial GC threshold: 21,00 MB
Current GC threshold: 35,00 MB
CDS: off
MetaspaceReclaimPolicy: balanced
 - commit_granule_bytes: 65536.
 - commit_granule_words: 8192.
 - virtual_space_node_default_size: 8388608.
 - enlarge_chunks_in_place: 1.
 - new_chunks_are_fully_committed: 0.
 - uncommit_free_chunks: 1.
 - use_allocation_guard: 0.
 - handle_deallocations: 1.


Internal statistics:

num_allocs_failed_limit: 6.
num_arena_births: 346.
num_arena_deaths: 0.
num_vsnodes_births: 2.
num_vsnodes_deaths: 0.
num_space_committed: 560.
num_space_uncommitted: 0.
num_chunks_returned_to_freelist: 6.
num_chunks_taken_from_freelist: 1376.
num_chunk_merges: 6.
num_chunk_splits: 895.
num_chunks_enlarged: 603.
num_inconsistent_stats: 0.

CodeHeap 'non-profiled nmethods': size=120028Kb used=1632Kb max_used=1632Kb free=118395Kb
 bounds [0x00007fd1c14c9000, 0x00007fd1c1739000, 0x00007fd1c8a00000]
CodeHeap 'profiled nmethods': size=120028Kb used=5804Kb max_used=5804Kb free=114223Kb
 bounds [0x00007fd1b9a00000, 0x00007fd1b9fb0000, 0x00007fd1c0f37000]
CodeHeap 'non-nmethods': size=5704Kb used=1276Kb max_used=1283Kb free=4427Kb
 bounds [0x00007fd1c0f37000, 0x00007fd1c11a7000, 0x00007fd1c14c9000]
 total_blobs=3482 nmethods=2933 adapters=462
 compilation: enabled
              stopped_count=0, restarted_count=0
 full_count=0

Compilation events (20 events):
Event: 2,247 Thread 0x00007fd1cc25eae0 2926       3       com.google.common.cache.LongAdder::<init> (5 bytes)
Event: 2,247 Thread 0x00007fd1cc25eae0 nmethod 2926 0x00007fd1b9fa7b10 code [0x00007fd1b9fa7cc0, 0x00007fd1b9fa7ef0]
Event: 2,247 Thread 0x00007fd1cc25eae0 2927       3       com.google.common.cache.Striped64::<init> (5 bytes)
Event: 2,247 Thread 0x00007fd1cc25eae0 nmethod 2927 0x00007fd1b9fa8010 code [0x00007fd1b9fa81c0, 0x00007fd1b9fa8370]
Event: 2,247 Thread 0x00007fd1cc25eae0 2928       3       com.google.common.cache.LongAddables::create (12 bytes)
Event: 2,247 Thread 0x00007fd1cc25eae0 nmethod 2928 0x00007fd1b9fa8490 code [0x00007fd1b9fa8660, 0x00007fd1b9fa8a10]
Event: 2,247 Thread 0x00007fd1cc25eae0 2929       3       com.google.common.cache.LongAddables$1::get (5 bytes)
Event: 2,247 Thread 0x00007fd1cc25eae0 nmethod 2929 0x00007fd1b9fa8b90 code [0x00007fd1b9fa8d60, 0x00007fd1b9fa90b0]
Event: 2,247 Thread 0x00007fd1cc25eae0 2925       3       com.google.common.cache.LocalCache::discardingQueue (4 bytes)
Event: 2,247 Thread 0x00007fd1cc25eae0 nmethod 2925 0x00007fd1b9fa9210 code [0x00007fd1b9fa93a0, 0x00007fd1b9fa9490]
Event: 2,250 Thread 0x00007fd1cc25eae0 2930       3       java.lang.String::encode (48 bytes)
Event: 2,250 Thread 0x00007fd1cc25eae0 nmethod 2930 0x00007fd1b9fa9510 code [0x00007fd1b9fa9700, 0x00007fd1b9fa9a50]
Event: 2,250 Thread 0x00007fd1cc25eae0 2931       3       java.lang.String::encodeUTF8 (141 bytes)
Event: 2,250 Thread 0x00007fd1cc25eae0 nmethod 2931 0x00007fd1b9fa9b90 code [0x00007fd1b9fa9da0, 0x00007fd1b9faa2d0]
Event: 2,250 Thread 0x00007fd1cc25eae0 2933       3       java.lang.invoke.LambdaForm::methodType (48 bytes)
Event: 2,251 Thread 0x00007fd1cc25eae0 nmethod 2933 0x00007fd1b9faa490 code [0x00007fd1b9faa680, 0x00007fd1b9faac30]
Event: 2,254 Thread 0x00007fd180355650 2934       4       sun.net.util.URLUtil::urlNoFragString (114 bytes)
Event: 2,254 Thread 0x00007fd1cc25eae0 2935       3       java.security.MessageDigest$Delegate::engineUpdate (11 bytes)
Event: 2,255 Thread 0x00007fd1cc25eae0 nmethod 2935 0x00007fd1b9faaf10 code [0x00007fd1b9fab0c0, 0x00007fd1b9fab2a0]
Event: 2,255 Thread 0x00007fd1cc25d620 2936       4       jdk.internal.org.objectweb.asm.MethodWriter::visitVarInsn (302 bytes)

GC Heap History (11 events):
Event: 0,549 GC heap before
{Heap before GC invocations=1 (full 0):
 PSYoungGen      total 64512K, used 55296K [0x00000007a0000000, 0x00000007a4800000, 0x0000000800000000)
  eden space 55296K, 100% used [0x00000007a0000000,0x00000007a3600000,0x00000007a3600000)
  from space 9216K, 0% used [0x00000007a3f00000,0x00000007a3f00000,0x00000007a4800000)
  to   space 9216K, 0% used [0x00000007a3600000,0x00000007a3600000,0x00000007a3f00000)
 ParOldGen       total 147456K, used 0K [0x00000006e0000000, 0x00000006e9000000, 0x00000007a0000000)
  object space 147456K, 0% used [0x00000006e0000000,0x00000006e0000000,0x00000006e9000000)
 Metaspace       used 11543K, committed 11712K, reserved 917504K
  class space    used 1213K, committed 1280K, reserved 851968K
}
Event: 0,555 GC heap after
{Heap after GC invocations=1 (full 0):
 PSYoungGen      total 64512K, used 9197K [0x00000007a0000000, 0x00000007a7e00000, 0x0000000800000000)
  eden space 55296K, 0% used [0x00000007a0000000,0x00000007a0000000,0x00000007a3600000)
  from space 9216K, 99% used [0x00000007a3600000,0x00000007a3efb7d0,0x00000007a3f00000)
  to   space 9216K, 0% used [0x00000007a7500000,0x00000007a7500000,0x00000007a7e00000)
 ParOldGen       total 147456K, used 4808K [0x00000006e0000000, 0x00000006e9000000, 0x00000007a0000000)
  object space 147456K, 3% used [0x00000006e0000000,0x00000006e04b2068,0x00000006e9000000)
 Metaspace       used 11543K, committed 11712K, reserved 917504K
  class space    used 1213K, committed 1280K, reserved 851968K
}
Event: 1,156 GC heap before
{Heap before GC invocations=2 (full 0):
 PSYoungGen      total 64512K, used 45576K [0x00000007a0000000, 0x00000007a7e00000, 0x0000000800000000)
  eden space 55296K, 65% used [0x00000007a0000000,0x00000007a23869a8,0x00000007a3600000)
  from space 9216K, 99% used [0x00000007a3600000,0x00000007a3efb7d0,0x00000007a3f00000)
  to   space 9216K, 0% used [0x00000007a7500000,0x00000007a7500000,0x00000007a7e00000)
 ParOldGen       total 147456K, used 4808K [0x00000006e0000000, 0x00000006e9000000, 0x00000007a0000000)
  object space 147456K, 3% used [0x00000006e0000000,0x00000006e04b2068,0x00000006e9000000)
 Metaspace       used 21304K, committed 21504K, reserved 917504K
  class space    used 2535K, committed 2624K, reserved 851968K
}
Event: 1,162 GC heap after
{Heap after GC invocations=2 (full 0):
 PSYoungGen      total 119808K, used 9186K [0x00000007a0000000, 0x00000007a7e00000, 0x0000000800000000)
  eden space 110592K, 0% used [0x00000007a0000000,0x00000007a0000000,0x00000007a6c00000)
  from space 9216K, 99% used [0x00000007a7500000,0x00000007a7df89b8,0x00000007a7e00000)
  to   space 9216K, 0% used [0x00000007a6c00000,0x00000007a6c00000,0x00000007a7500000)
 ParOldGen       total 147456K, used 8082K [0x00000006e0000000, 0x00000006e9000000, 0x00000007a0000000)
  object space 147456K, 5% used [0x00000006e0000000,0x00000006e07e49d8,0x00000006e9000000)
 Metaspace       used 21304K, committed 21504K, reserved 917504K
  class space    used 2535K, committed 2624K, reserved 851968K
}
Event: 1,162 GC heap before
{Heap before GC invocations=3 (full 1):
 PSYoungGen      total 119808K, used 9186K [0x00000007a0000000, 0x00000007a7e00000, 0x0000000800000000)
  eden space 110592K, 0% used [0x00000007a0000000,0x00000007a0000000,0x00000007a6c00000)
  from space 9216K, 99% used [0x00000007a7500000,0x00000007a7df89b8,0x00000007a7e00000)
  to   space 9216K, 0% used [0x00000007a6c00000,0x00000007a6c00000,0x00000007a7500000)
 ParOldGen       total 147456K, used 8082K [0x00000006e0000000, 0x00000006e9000000, 0x00000007a0000000)
  object space 147456K, 5% used [0x00000006e0000000,0x00000006e07e49d8,0x00000006e9000000)
 Metaspace       used 21304K, committed 21504K, reserved 917504K
  class space    used 2535K, committed 2624K, reserved 851968K
}
Event: 1,177 GC heap after
{Heap after GC invocations=3 (full 1):
 PSYoungGen      total 119808K, used 0K [0x00000007a0000000, 0x00000007a7e00000, 0x0000000800000000)
  eden space 110592K, 0% used [0x00000007a0000000,0x00000007a0000000,0x00000007a6c00000)
  from space 9216K, 0% used [0x00000007a7500000,0x00000007a7500000,0x00000007a7e00000)
  to   space 9216K, 0% used [0x00000007a6c00000,0x00000007a6c00000,0x00000007a7500000)
 ParOldGen       total 147456K, used 16938K [0x00000006e0000000, 0x00000006e9000000, 0x00000007a0000000)
  object space 147456K, 11% used [0x00000006e0000000,0x00000006e108a8c0,0x00000006e9000000)
 Metaspace       used 21304K, committed 21504K, reserved 917504K
  class space    used 2535K, committed 2624K, reserved 851968K
}
Event: 2,105 GC heap before
{Heap before GC invocations=4 (full 1):
 PSYoungGen      total 119808K, used 110592K [0x00000007a0000000, 0x00000007a7e00000, 0x0000000800000000)
  eden space 110592K, 100% used [0x00000007a0000000,0x00000007a6c00000,0x00000007a6c00000)
  from space 9216K, 0% used [0x00000007a7500000,0x00000007a7500000,0x00000007a7e00000)
  to   space 9216K, 0% used [0x00000007a6c00000,0x00000007a6c00000,0x00000007a7500000)
 ParOldGen       total 147456K, used 16938K [0x00000006e0000000, 0x00000006e9000000, 0x00000007a0000000)
  object space 147456K, 11% used [0x00000006e0000000,0x00000006e108a8c0,0x00000006e9000000)
 Metaspace       used 33572K, committed 33984K, reserved 917504K
  class space    used 4632K, committed 4800K, reserved 851968K
}
Event: 2,112 GC heap after
{Heap after GC invocations=4 (full 1):
 PSYoungGen      total 119808K, used 9196K [0x00000007a0000000, 0x00000007a7e00000, 0x0000000800000000)
  eden space 110592K, 0% used [0x00000007a0000000,0x00000007a0000000,0x00000007a6c00000)
  from space 9216K, 99% used [0x00000007a6c00000,0x00000007a74fb088,0x00000007a7500000)
  to   space 9216K, 0% used [0x00000007a7500000,0x00000007a7500000,0x00000007a7e00000)
 ParOldGen       total 147456K, used 26283K [0x00000006e0000000, 0x00000006e9000000, 0x00000007a0000000)
  object space 147456K, 17% used [0x00000006e0000000,0x00000006e19aaf40,0x00000006e9000000)
 Metaspace       used 33572K, committed 33984K, reserved 917504K
  class space    used 4632K, committed 4800K, reserved 851968K
}
Event: 2,255 GC heap before
{Heap before GC invocations=5 (full 1):
 PSYoungGen      total 119808K, used 25908K [0x00000007a0000000, 0x00000007a7e00000, 0x0000000800000000)
  eden space 110592K, 15% used [0x00000007a0000000,0x00000007a1052118,0x00000007a6c00000)
  from space 9216K, 99% used [0x00000007a6c00000,0x00000007a74fb088,0x00000007a7500000)
  to   space 9216K, 0% used [0x00000007a7500000,0x00000007a7500000,0x00000007a7e00000)
 ParOldGen       total 147456K, used 26283K [0x00000006e0000000, 0x00000006e9000000, 0x00000007a0000000)
  object space 147456K, 17% used [0x00000006e0000000,0x00000006e19aaf40,0x00000006e9000000)
 Metaspace       used 35482K, committed 35840K, reserved 917504K
  class space    used 4936K, committed 5120K, reserved 851968K
}
Event: 2,258 GC heap after
{Heap after GC invocations=5 (full 1):
 PSYoungGen      total 119808K, used 9214K [0x00000007a0000000, 0x00000007a7e00000, 0x0000000800000000)
  eden space 110592K, 0% used [0x00000007a0000000,0x00000007a0000000,0x00000007a6c00000)
  from space 9216K, 99% used [0x00000007a7500000,0x00000007a7dffb38,0x00000007a7e00000)
  to   space 9216K, 0% used [0x00000007a6c00000,0x00000007a6c00000,0x00000007a7500000)
 ParOldGen       total 147456K, used 26941K [0x00000006e0000000, 0x00000006e9000000, 0x00000007a0000000)
  object space 147456K, 18% used [0x00000006e0000000,0x00000006e1a4f7f8,0x00000006e9000000)
 Metaspace       used 35482K, committed 35840K, reserved 917504K
  class space    used 4936K, committed 5120K, reserved 851968K
}
Event: 2,258 GC heap before
{Heap before GC invocations=6 (full 2):
 PSYoungGen      total 119808K, used 9214K [0x00000007a0000000, 0x00000007a7e00000, 0x0000000800000000)
  eden space 110592K, 0% used [0x00000007a0000000,0x00000007a0000000,0x00000007a6c00000)
  from space 9216K, 99% used [0x00000007a7500000,0x00000007a7dffb38,0x00000007a7e00000)
  to   space 9216K, 0% used [0x00000007a6c00000,0x00000007a6c00000,0x00000007a7500000)
 ParOldGen       total 147456K, used 26941K [0x00000006e0000000, 0x00000006e9000000, 0x00000007a0000000)
  object space 147456K, 18% used [0x00000006e0000000,0x00000006e1a4f7f8,0x00000006e9000000)
 Metaspace       used 35482K, committed 35840K, reserved 917504K
  class space    used 4936K, committed 5120K, reserved 851968K
}

Dll operation events (13 events):
Event: 0,001 Loaded shared library /home/rodion/.local/share/JetBrains/Toolbox/apps/android-studio-2/jbr/lib/libjava.so
Event: 0,084 Loaded shared library /home/rodion/.local/share/JetBrains/Toolbox/apps/android-studio-2/jbr/lib/libzip.so
Event: 0,085 Loaded shared library /home/rodion/.local/share/JetBrains/Toolbox/apps/android-studio-2/jbr/lib/libinstrument.so
Event: 0,090 Loaded shared library /home/rodion/.local/share/JetBrains/Toolbox/apps/android-studio-2/jbr/lib/libnio.so
Event: 0,096 Loaded shared library /home/rodion/.local/share/JetBrains/Toolbox/apps/android-studio-2/jbr/lib/libzip.so
Event: 0,158 Loaded shared library /home/rodion/.local/share/JetBrains/Toolbox/apps/android-studio-2/jbr/lib/libjimage.so
Event: 0,196 Loaded shared library /home/rodion/.local/share/JetBrains/Toolbox/apps/android-studio-2/jbr/lib/libverify.so
Event: 0,304 Loaded shared library /home/rodion/.local/share/JetBrains/Toolbox/apps/android-studio-2/jbr/lib/libnet.so
Event: 0,306 Loaded shared library /home/rodion/.gradle/native/c067742578af261105cb4f569cf0c3c89f3d7b1fecec35dd04571415982c5e48/linux-amd64/libnative-platform.so
Event: 0,311 Loaded shared library /home/rodion/.gradle/native/38dada09dfb8b06ba9b0570ebf7e218e3eb74d4ef43ca46872605cf95ebc2f47/linux-amd64/libnative-platform-file-events.so
Event: 0,760 Loaded shared library /home/rodion/.local/share/JetBrains/Toolbox/apps/android-studio-2/jbr/lib/libmanagement.so
Event: 0,761 Loaded shared library /home/rodion/.local/share/JetBrains/Toolbox/apps/android-studio-2/jbr/lib/libmanagement_ext.so
Event: 0,893 Loaded shared library /home/rodion/.local/share/JetBrains/Toolbox/apps/android-studio-2/jbr/lib/libextnet.so

Deoptimization events (20 events):
Event: 1,859 Thread 0x00007fd154007bd0 Uncommon trap: trap_request=0xffffffc6 fr.pc=0x00007fd1c15d6e30 relative=0x0000000000005390
Event: 1,859 Thread 0x00007fd154007bd0 Uncommon trap: reason=bimorphic_or_optimized_type_check action=maybe_recompile pc=0x00007fd1c15d6e30 method=java.lang.ClassLoader.loadClass(Ljava/lang/String;Z)Ljava/lang/Class; @ 38 c2
Event: 1,859 Thread 0x00007fd154007bd0 DEOPT PACKING pc=0x00007fd1c15d6e30 sp=0x00007fd1a498a190
Event: 1,859 Thread 0x00007fd154007bd0 DEOPT UNPACKING pc=0x00007fd1c0f8d399 sp=0x00007fd1a498a230 mode 2
Event: 1,861 Thread 0x00007fd154007bd0 Uncommon trap: trap_request=0xffffff45 fr.pc=0x00007fd1c15f99d4 relative=0x0000000000005334
Event: 1,861 Thread 0x00007fd154007bd0 Uncommon trap: reason=unstable_if action=reinterpret pc=0x00007fd1c15f99d4 method=java.net.URLClassLoader.getAndVerifyPackage(Ljava/lang/String;Ljava/util/jar/Manifest;Ljava/net/URL;)Ljava/lang/Package; @ 62 c2
Event: 1,861 Thread 0x00007fd154007bd0 DEOPT PACKING pc=0x00007fd1c15f99d4 sp=0x00007fd1a498a4e0
Event: 1,861 Thread 0x00007fd154007bd0 DEOPT UNPACKING pc=0x00007fd1c0f8d399 sp=0x00007fd1a498a268 mode 2
Event: 1,862 Thread 0x00007fd154007bd0 Uncommon trap: trap_request=0xffffff45 fr.pc=0x00007fd1c15ea604 relative=0x00000000000055e4
Event: 1,862 Thread 0x00007fd154007bd0 Uncommon trap: reason=unstable_if action=reinterpret pc=0x00007fd1c15ea604 method=java.net.URLClassLoader.getAndVerifyPackage(Ljava/lang/String;Ljava/util/jar/Manifest;Ljava/net/URL;)Ljava/lang/Package; @ 62 c2
Event: 1,862 Thread 0x00007fd154007bd0 DEOPT PACKING pc=0x00007fd1c15ea604 sp=0x00007fd1a4989dd0
Event: 1,862 Thread 0x00007fd154007bd0 DEOPT UNPACKING pc=0x00007fd1c0f8d399 sp=0x00007fd1a4989ca0 mode 2
Event: 1,974 Thread 0x00007fd154007bd0 Uncommon trap: trap_request=0xffffff45 fr.pc=0x00007fd1c158ef50 relative=0x0000000000000530
Event: 1,974 Thread 0x00007fd154007bd0 Uncommon trap: reason=unstable_if action=reinterpret pc=0x00007fd1c158ef50 method=java.util.Properties$LineReader.readLine()I @ 95 c2
Event: 1,974 Thread 0x00007fd154007bd0 DEOPT PACKING pc=0x00007fd1c158ef50 sp=0x00007fd1a4988fb0
Event: 1,974 Thread 0x00007fd154007bd0 DEOPT UNPACKING pc=0x00007fd1c0f8d399 sp=0x00007fd1a4988f50 mode 2
Event: 2,133 Thread 0x00007fd154007bd0 Uncommon trap: trap_request=0xffffff45 fr.pc=0x00007fd1c1515d2c relative=0x00000000000005ec
Event: 2,133 Thread 0x00007fd154007bd0 Uncommon trap: reason=unstable_if action=reinterpret pc=0x00007fd1c1515d2c method=java.util.HashMap.hash(Ljava/lang/Object;)I @ 1 c2
Event: 2,133 Thread 0x00007fd154007bd0 DEOPT PACKING pc=0x00007fd1c1515d2c sp=0x00007fd1a4986270
Event: 2,133 Thread 0x00007fd154007bd0 DEOPT UNPACKING pc=0x00007fd1c0f8d399 sp=0x00007fd1a4986138 mode 2

Classes unloaded (0 events):
No events

Classes redefined (0 events):
No events

Internal exceptions (20 events):
Event: 1,929 Thread 0x00007fd154007bd0 Exception <a 'java/lang/NoSuchMethodError'{0x00000007a5756e60}: static Lorg/jetbrains/plugins/gradle/model/UnresolvedExternalDependency;.<clinit>()V> (0x00000007a5756e60) 
thrown [src/hotspot/share/prims/jni.cpp, line 1108]
Event: 1,933 Thread 0x00007fd154007bd0 Exception <a 'java/lang/NoSuchMethodError'{0x00000007a57eaa00}: static Lorg/gradle/tooling/internal/consumer/versioning/VersionDetails;.<clinit>()V> (0x00000007a57eaa00) 
thrown [src/hotspot/share/prims/jni.cpp, line 1108]
Event: 1,933 Thread 0x00007fd154007bd0 Exception <a 'java/lang/NoSuchMethodError'{0x00000007a57ed3a8}: static Lorg/gradle/tooling/internal/consumer/versioning/VersionDetails$R26VersionDetails;.<clinit>()V> (0x00000007a57ed3a8) 
thrown [src/hotspot/share/prims/jni.cpp, line 1108]
Event: 1,933 Thread 0x00007fd154007bd0 Exception <a 'java/lang/NoSuchMethodError'{0x00000007a57ee920}: static Lorg/gradle/tooling/internal/consumer/versioning/VersionDetails$R28VersionDetails;.<clinit>()V> (0x00000007a57ee920) 
thrown [src/hotspot/share/prims/jni.cpp, line 1108]
Event: 1,933 Thread 0x00007fd154007bd0 Exception <a 'java/lang/NoSuchMethodError'{0x00000007a57efe28}: static Lorg/gradle/tooling/internal/consumer/versioning/VersionDetails$R35VersionDetails;.<clinit>()V> (0x00000007a57efe28) 
thrown [src/hotspot/share/prims/jni.cpp, line 1108]
Event: 1,933 Thread 0x00007fd154007bd0 Exception <a 'java/lang/NoSuchMethodError'{0x00000007a57f14f8}: static Lorg/gradle/tooling/internal/consumer/versioning/VersionDetails$R44VersionDetails;.<clinit>()V> (0x00000007a57f14f8) 
thrown [src/hotspot/share/prims/jni.cpp, line 1108]
Event: 1,933 Thread 0x00007fd154007bd0 Exception <a 'java/lang/NoSuchMethodError'{0x00000007a57f2b00}: static Lorg/gradle/tooling/internal/consumer/versioning/VersionDetails$R48VersionDetails;.<clinit>()V> (0x00000007a57f2b00) 
thrown [src/hotspot/share/prims/jni.cpp, line 1108]
Event: 1,933 Thread 0x00007fd154007bd0 Exception <a 'java/lang/NoSuchMethodError'{0x00000007a57f3fa8}: static Lorg/gradle/tooling/internal/consumer/versioning/VersionDetails$R51VersionDetails;.<clinit>()V> (0x00000007a57f3fa8) 
thrown [src/hotspot/share/prims/jni.cpp, line 1108]
Event: 1,946 Thread 0x00007fd154007bd0 Exception <a 'java/lang/NoSuchMethodError'{0x00000007a591c910}: 'java.lang.Object java.lang.invoke.DirectMethodHandle$Holder.newInvokeSpecial(java.lang.Object, java.lang.Object, int)'> (0x00000007a591c910) 
thrown [src/hotspot/share/interpreter/linkResolver.cpp, line 771]
Event: 2,057 Thread 0x00007fd154007bd0 Exception <a 'java/lang/NoSuchMethodError'{0x00000007a650c580}: 'java.lang.Object java.lang.invoke.DirectMethodHandle$Holder.invokeSpecialIFC(java.lang.Object, java.lang.Object, java.lang.Object, java.lang.Object)'> (0x00000007a650c580) 
thrown [src/hotspot/share/interpreter/linkResolver.cpp, line 771]
Event: 2,061 Thread 0x00007fd154007bd0 Exception <a 'java/lang/NoSuchMethodError'{0x00000007a65fe778}: 'java.lang.Object java.lang.invoke.DirectMethodHandle$Holder.newInvokeSpecial(java.lang.Object, java.lang.Object, java.lang.Object, java.lang.Object, java.lang.Object, java.lang.Object, java.lang.Object, java.lang.Object, java.lang.Object, java.lang.Object)'> (0x00000007a65fe778) 
thrown [src/hotspot/share/interpreter/linkResolver.cpp, line 771]
Event: 2,062 Thread 0x00007fd154007bd0 Exception <a 'java/lang/NoSuchMethodError'{0x00000007a6603908}: 'java.lang.Object java.lang.invoke.Invokers$Holder.linkToTargetMethod(java.lang.Object, java.lang.Object, java.lang.Object, java.lang.Object, java.lang.Object, java.lang.Object, java.lang.Object, java.lang.Object, java.lang.Object, java.lang.Object)'> (0x00000007a6603908) 
thrown [src/hotspot/share/interpreter/linkResolver.cpp, line 771]
Event: 2,066 Thread 0x00007fd154007bd0 Exception <a 'java/lang/NoSuchMethodError'{0x00000007a667c360}: 'java.lang.Object java.lang.invoke.DirectMethodHandle$Holder.newInvokeSpecial(java.lang.Object, java.lang.Object, java.lang.Object, java.lang.Object, java.lang.Object, java.lang.Object, java.lang.Object, java.lang.Object, java.lang.Object, java.lang.Object, java.lang.Object)'> (0x00000007a667c360) 
thrown [src/hotspot/share/interpreter/linkResolver.cpp, line 771]
Event: 2,066 Thread 0x00007fd154007bd0 Exception <a 'java/lang/NoSuchMethodError'{0x00000007a6682098}: 'java.lang.Object java.lang.invoke.DirectMethodHandle$Holder.invokeSpecial(java.lang.Object, java.lang.Object, java.lang.Object, java.lang.Object, java.lang.Object, java.lang.Object, java.lang.Object, java.lang.Object, java.lang.Object, java.lang.Object, java.lang.Object, java.lang.Object)'> (0x00000007a6682098) 
thrown [src/hotspot/share/interpreter/linkResolver.cpp, line 771]
Event: 2,066 Thread 0x00007fd154007bd0 Exception <a 'java/lang/NoSuchMethodError'{0x00000007a66879d8}: 'java.lang.Object java.lang.invoke.Invokers$Holder.linkToTargetMethod(java.lang.Object, java.lang.Object, java.lang.Object, java.lang.Object, java.lang.Object, java.lang.Object, java.lang.Object, java.lang.Object, java.lang.Object, java.lang.Object, java.lang.Object)'> (0x00000007a66879d8) 
thrown [src/hotspot/share/interpreter/linkResolver.cpp, line 771]
Event: 2,073 Thread 0x00007fd154007bd0 Exception <a 'java/lang/NoSuchMethodError'{0x00000007a671db88}: 'java.lang.Object java.lang.invoke.DirectMethodHandle$Holder.invokeStaticInit(java.lang.Object, java.lang.Object, java.lang.Object, java.lang.Object)'> (0x00000007a671db88) 
thrown [src/hotspot/share/interpreter/linkResolver.cpp, line 771]
Event: 2,133 Thread 0x00007fd154007bd0 Implicit null exception at 0x00007fd1c151578d to 0x00007fd1c1515d0c
Event: 2,250 Thread 0x00007fd154007bd0 Exception <a 'java/lang/NoSuchMethodError'{0x00000007a0ef3ba8}: 'java.lang.Object java.lang.invoke.DirectMethodHandle$Holder.newInvokeSpecial(java.lang.Object, java.lang.Object, java.lang.Object, java.lang.Object, java.lang.Object, java.lang.Object, java.lang.Object, java.lang.Object)'> (0x00000007a0ef3ba8) 
thrown [src/hotspot/share/interpreter/linkResolver.cpp, line 771]
Event: 2,251 Thread 0x00007fd154007bd0 Exception <a 'java/lang/NoSuchMethodError'{0x00000007a0ef98c8}: 'java.lang.Object java.lang.invoke.Invokers$Holder.linkToTargetMethod(java.lang.Object, java.lang.Object, java.lang.Object, java.lang.Object, java.lang.Object, java.lang.Object, java.lang.Object, java.lang.Object)'> (0x00000007a0ef98c8) 
thrown [src/hotspot/share/interpreter/linkResolver.cpp, line 771]
Event: 2,255 Thread 0x00007fd154007bd0 Exception <a 'java/lang/IncompatibleClassChangeError'{0x00000007a0f6bc78}: Found class java.lang.Object, but interface was expected> (0x00000007a0f6bc78) 
thrown [src/hotspot/share/interpreter/linkResolver.cpp, line 838]

VM Operations (20 events):
Event: 1,364 Executing VM operation: HandshakeAllThreads done
Event: 1,793 Executing VM operation: ICBufferFull
Event: 1,793 Executing VM operation: ICBufferFull done
Event: 1,820 Executing VM operation: HandshakeAllThreads
Event: 1,820 Executing VM operation: HandshakeAllThreads done
Event: 1,945 Executing VM operation: HandshakeAllThreads
Event: 1,945 Executing VM operation: HandshakeAllThreads done
Event: 1,975 Executing VM operation: HandshakeAllThreads
Event: 1,976 Executing VM operation: HandshakeAllThreads done
Event: 1,976 Executing VM operation: HandshakeAllThreads
Event: 1,976 Executing VM operation: HandshakeAllThreads done
Event: 2,105 Executing VM operation: ParallelGCFailedAllocation
Event: 2,112 Executing VM operation: ParallelGCFailedAllocation done
Event: 2,134 Executing VM operation: HandshakeAllThreads
Event: 2,135 Executing VM operation: HandshakeAllThreads done
Event: 2,210 Executing VM operation: HandshakeAllThreads
Event: 2,210 Executing VM operation: HandshakeAllThreads done
Event: 2,246 Executing VM operation: HandshakeAllThreads
Event: 2,246 Executing VM operation: HandshakeAllThreads done
Event: 2,255 Executing VM operation: CollectForMetadataAllocation

Events (20 events):
Event: 2,095 Thread 0x00007fd140d983f0 Thread added: 0x00007fd140d983f0
Event: 2,095 Protecting memory [0x00007fd1269ff000,0x00007fd126a03000] with protection modes 0
Event: 2,128 loading class java/lang/invoke/SerializedLambda
Event: 2,128 loading class java/lang/invoke/SerializedLambda done
Event: 2,132 loading class java/lang/reflect/AnnotatedType
Event: 2,132 loading class java/lang/reflect/AnnotatedType done
Event: 2,135 loading class java/lang/Class$EnclosingMethodInfo
Event: 2,135 loading class java/lang/Class$EnclosingMethodInfo done
Event: 2,136 loading class sun/reflect/generics/tree/IntSignature
Event: 2,136 loading class sun/reflect/generics/tree/IntSignature done
Event: 2,136 loading class sun/reflect/generics/tree/ArrayTypeSignature
Event: 2,136 loading class sun/reflect/generics/tree/ArrayTypeSignature done
Event: 2,140 loading class java/lang/SafeVarargs
Event: 2,140 loading class java/lang/SafeVarargs done
Event: 2,165 loading class java/util/regex/Pattern$GroupCurly
Event: 2,165 loading class java/util/regex/Pattern$GroupCurly done
Event: 2,173 Thread 0x00007fd140df7410 Thread added: 0x00007fd140df7410
Event: 2,173 Protecting memory [0x00007fd1268ff000,0x00007fd126903000] with protection modes 0
Event: 2,230 Thread 0x00007fd140e370a0 Thread added: 0x00007fd140e370a0
Event: 2,230 Protecting memory [0x00007fd1265ce000,0x00007fd1265d2000] with protection modes 0


Dynamic libraries:
00200000-00201000 r--p 00000000 103:04 2686830                           /home/rodion/.local/share/JetBrains/Toolbox/apps/android-studio-2/jbr/bin/java
00201000-00202000 r-xp 00000000 103:04 2686830                           /home/rodion/.local/share/JetBrains/Toolbox/apps/android-studio-2/jbr/bin/java
00202000-00203000 r--p 00000000 103:04 2686830                           /home/rodion/.local/share/JetBrains/Toolbox/apps/android-studio-2/jbr/bin/java
00203000-00204000 rw-p 00000000 103:04 2686830                           /home/rodion/.local/share/JetBrains/Toolbox/apps/android-studio-2/jbr/bin/java
01053000-0109b000 rw-p 00000000 00:00 0                                  [heap]
6e0000000-6e9000000 rw-p 00000000 00:00 0 
6e9000000-7a0000000 ---p 00000000 00:00 0 
7a0000000-7a7e00000 rw-p 00000000 00:00 0 
7a7e00000-800000000 ---p 00000000 00:00 0 
800000000-800010000 rw-p 00000000 00:00 0 
800010000-800030000 rw-p 00000000 00:00 0 
800030000-8000b0000 rw-p 00000000 00:00 0 
8000b0000-800130000 rw-p 00000000 00:00 0 
800130000-8001b0000 rw-p 00000000 00:00 0 
8001b0000-8001f0000 rw-p 00000000 00:00 0 
8001f0000-800260000 rw-p 00000000 00:00 0 
800260000-800280000 ---p 00000000 00:00 0 
800280000-800520000 rw-p 00000000 00:00 0 
800520000-834000000 ---p 00000000 00:00 0 
7fd0bc000000-7fd0bc021000 rw-p 00000000 00:00 0 
7fd0bc021000-7fd0c0000000 ---p 00000000 00:00 0 
7fd0c4000000-7fd0c4021000 rw-p 00000000 00:00 0 
7fd0c4021000-7fd0c8000000 ---p 00000000 00:00 0 
7fd0c8000000-7fd0c8021000 rw-p 00000000 00:00 0 
7fd0c8021000-7fd0cc000000 ---p 00000000 00:00 0 
7fd0cc000000-7fd0cc021000 rw-p 00000000 00:00 0 
7fd0cc021000-7fd0d0000000 ---p 00000000 00:00 0 
7fd0d0000000-7fd0d0021000 rw-p 00000000 00:00 0 
7fd0d0021000-7fd0d4000000 ---p 00000000 00:00 0 
7fd0d4000000-7fd0d4021000 rw-p 00000000 00:00 0 
7fd0d4021000-7fd0d8000000 ---p 00000000 00:00 0 
7fd0d8000000-7fd0d8021000 rw-p 00000000 00:00 0 
7fd0d8021000-7fd0dc000000 ---p 00000000 00:00 0 
7fd0dc000000-7fd0dc021000 rw-p 00000000 00:00 0 
7fd0dc021000-7fd0e0000000 ---p 00000000 00:00 0 
7fd0e0000000-7fd0e0021000 rw-p 00000000 00:00 0 
7fd0e0021000-7fd0e4000000 ---p 00000000 00:00 0 
7fd0e4000000-7fd0e4021000 rw-p 00000000 00:00 0 
7fd0e4021000-7fd0e8000000 ---p 00000000 00:00 0 
7fd0e8000000-7fd0e8021000 rw-p 00000000 00:00 0 
7fd0e8021000-7fd0ec000000 ---p 00000000 00:00 0 
7fd0ec000000-7fd0ec021000 rw-p 00000000 00:00 0 
7fd0ec021000-7fd0f0000000 ---p 00000000 00:00 0 
7fd0f0000000-7fd0f0021000 rw-p 00000000 00:00 0 
7fd0f0021000-7fd0f4000000 ---p 00000000 00:00 0 
7fd0f4000000-7fd0f4021000 rw-p 00000000 00:00 0 
7fd0f4021000-7fd0f8000000 ---p 00000000 00:00 0 
7fd0f8000000-7fd0f8021000 rw-p 00000000 00:00 0 
7fd0f8021000-7fd0fc000000 ---p 00000000 00:00 0 
7fd0fc000000-7fd0fc021000 rw-p 00000000 00:00 0 
7fd0fc021000-7fd100000000 ---p 00000000 00:00 0 
7fd100000000-7fd100021000 rw-p 00000000 00:00 0 
7fd100021000-7fd104000000 ---p 00000000 00:00 0 
7fd104000000-7fd104021000 rw-p 00000000 00:00 0 
7fd104021000-7fd108000000 ---p 00000000 00:00 0 
7fd108000000-7fd108021000 rw-p 00000000 00:00 0 
7fd108021000-7fd10c000000 ---p 00000000 00:00 0 
7fd10c000000-7fd10c021000 rw-p 00000000 00:00 0 
7fd10c021000-7fd110000000 ---p 00000000 00:00 0 
7fd110000000-7fd110021000 rw-p 00000000 00:00 0 
7fd110021000-7fd114000000 ---p 00000000 00:00 0 
7fd114000000-7fd114021000 rw-p 00000000 00:00 0 
7fd114021000-7fd118000000 ---p 00000000 00:00 0 
7fd118000000-7fd118021000 rw-p 00000000 00:00 0 
7fd118021000-7fd11c000000 ---p 00000000 00:00 0 
7fd11c000000-7fd11c021000 rw-p 00000000 00:00 0 
7fd11c021000-7fd120000000 ---p 00000000 00:00 0 
7fd120000000-7fd120021000 rw-p 00000000 00:00 0 
7fd120021000-7fd124000000 ---p 00000000 00:00 0 
7fd126331000-7fd1265ce000 rw-p 00000000 00:00 0 
7fd1265ce000-7fd1265d2000 ---p 00000000 00:00 0 
7fd1265d2000-7fd1266ce000 rw-p 00000000 00:00 0 
7fd1268ff000-7fd126903000 ---p 00000000 00:00 0 
7fd126903000-7fd1269ff000 rw-p 00000000 00:00 0 
7fd1269ff000-7fd126a03000 ---p 00000000 00:00 0 
7fd126a03000-7fd126aff000 rw-p 00000000 00:00 0 
7fd126aff000-7fd126b03000 ---p 00000000 00:00 0 
7fd126b03000-7fd126bff000 rw-p 00000000 00:00 0 
7fd126bff000-7fd126c03000 ---p 00000000 00:00 0 
7fd126c03000-7fd126cff000 rw-p 00000000 00:00 0 
7fd126cff000-7fd126d03000 ---p 00000000 00:00 0 
7fd126d03000-7fd126dff000 rw-p 00000000 00:00 0 
7fd126dff000-7fd126e03000 ---p 00000000 00:00 0 
7fd126e03000-7fd126eff000 rw-p 00000000 00:00 0 
7fd126eff000-7fd126f03000 ---p 00000000 00:00 0 
7fd126f03000-7fd126fff000 rw-p 00000000 00:00 0 
7fd126fff000-7fd127003000 ---p 00000000 00:00 0 
7fd127003000-7fd1270ff000 rw-p 00000000 00:00 0 
7fd1270ff000-7fd127103000 ---p 00000000 00:00 0 
7fd127103000-7fd1271ff000 rw-p 00000000 00:00 0 
7fd1271ff000-7fd127203000 ---p 00000000 00:00 0 
7fd127203000-7fd1272ff000 rw-p 00000000 00:00 0 
7fd1272ff000-7fd127303000 ---p 00000000 00:00 0 
7fd127303000-7fd1273ff000 rw-p 00000000 00:00 0 
7fd1273ff000-7fd127403000 ---p 00000000 00:00 0 
7fd127403000-7fd1274ff000 rw-p 00000000 00:00 0 
7fd1274ff000-7fd127503000 ---p 00000000 00:00 0 
7fd127503000-7fd1275ff000 rw-p 00000000 00:00 0 
7fd1275ff000-7fd127603000 ---p 00000000 00:00 0 
7fd127603000-7fd1276ff000 rw-p 00000000 00:00 0 
7fd1276ff000-7fd127703000 ---p 00000000 00:00 0 
7fd127703000-7fd1277ff000 rw-p 00000000 00:00 0 
7fd1277ff000-7fd127803000 ---p 00000000 00:00 0 
7fd127803000-7fd1278ff000 rw-p 00000000 00:00 0 
7fd1278ff000-7fd127903000 ---p 00000000 00:00 0 
7fd127903000-7fd1279ff000 rw-p 00000000 00:00 0 
7fd1279ff000-7fd127a03000 ---p 00000000 00:00 0 
7fd127a03000-7fd127aff000 rw-p 00000000 00:00 0 
7fd127aff000-7fd127b03000 ---p 00000000 00:00 0 
7fd127b03000-7fd127bff000 rw-p 00000000 00:00 0 
7fd127bff000-7fd127c03000 ---p 00000000 00:00 0 
7fd127c03000-7fd127cff000 rw-p 00000000 00:00 0 
7fd127cff000-7fd127d03000 ---p 00000000 00:00 0 
7fd127d03000-7fd127dff000 rw-p 00000000 00:00 0 
7fd127dff000-7fd127e03000 ---p 00000000 00:00 0 
7fd127e03000-7fd127eff000 rw-p 00000000 00:00 0 
7fd127eff000-7fd127f00000 ---p 00000000 00:00 0 
7fd127f00000-7fd128021000 rw-p 00000000 00:00 0 
7fd128021000-7fd12c000000 ---p 00000000 00:00 0 
7fd12c000000-7fd12c021000 rw-p 00000000 00:00 0 
7fd12c021000-7fd130000000 ---p 00000000 00:00 0 
7fd130000000-7fd130021000 rw-p 00000000 00:00 0 
7fd130021000-7fd134000000 ---p 00000000 00:00 0 
7fd134000000-7fd134021000 rw-p 00000000 00:00 0 
7fd134021000-7fd138000000 ---p 00000000 00:00 0 
7fd138000000-7fd138021000 rw-p 00000000 00:00 0 
7fd138021000-7fd13c000000 ---p 00000000 00:00 0 
7fd13c000000-7fd13c021000 rw-p 00000000 00:00 0 
7fd13c021000-7fd140000000 ---p 00000000 00:00 0 
7fd140000000-7fd140e61000 rw-p 00000000 00:00 0 
7fd140e61000-7fd144000000 ---p 00000000 00:00 0 
7fd144000000-7fd144021000 rw-p 00000000 00:00 0 
7fd144021000-7fd148000000 ---p 00000000 00:00 0 
7fd148000000-7fd14803a000 rw-p 00000000 00:00 0 
7fd14803a000-7fd14c000000 ---p 00000000 00:00 0 
7fd14c000000-7fd14c021000 rw-p 00000000 00:00 0 
7fd14c021000-7fd150000000 ---p 00000000 00:00 0 
7fd150000000-7fd150021000 rw-p 00000000 00:00 0 
7fd150021000-7fd154000000 ---p 00000000 00:00 0 
7fd154000000-7fd154021000 rw-p 00000000 00:00 0 
7fd154021000-7fd158000000 ---p 00000000 00:00 0 
7fd158000000-7fd158023000 rw-p 00000000 00:00 0 
7fd158023000-7fd15c000000 ---p 00000000 00:00 0 
7fd15c000000-7fd15c054000 rw-p 00000000 00:00 0 
7fd15c054000-7fd160000000 ---p 00000000 00:00 0 
7fd160000000-7fd160021000 rw-p 00000000 00:00 0 
7fd160021000-7fd164000000 ---p 00000000 00:00 0 
7fd164000000-7fd164021000 rw-p 00000000 00:00 0 
7fd164021000-7fd168000000 ---p 00000000 00:00 0 
7fd168000000-7fd1690b0000 rw-p 00000000 00:00 0 
7fd1690b0000-7fd16c000000 ---p 00000000 00:00 0 
7fd16c000000-7fd16c021000 rw-p 00000000 00:00 0 
7fd16c021000-7fd170000000 ---p 00000000 00:00 0 
7fd170000000-7fd170021000 rw-p 00000000 00:00 0 
7fd170021000-7fd174000000 ---p 00000000 00:00 0 
7fd174000000-7fd175470000 rw-p 00000000 00:00 0 
7fd175470000-7fd178000000 ---p 00000000 00:00 0 
7fd178000000-7fd178021000 rw-p 00000000 00:00 0 
7fd178021000-7fd17c000000 ---p 00000000 00:00 0 
7fd17c000000-7fd17c021000 rw-p 00000000 00:00 0 
7fd17c021000-7fd180000000 ---p 00000000 00:00 0 
7fd180000000-7fd1809a5000 rw-p 00000000 00:00 0 
7fd1809a5000-7fd184000000 ---p 00000000 00:00 0 
7fd184000000-7fd184021000 rw-p 00000000 00:00 0 
7fd184021000-7fd188000000 ---p 00000000 00:00 0 
7fd188000000-7fd188021000 rw-p 00000000 00:00 0 
7fd188021000-7fd18c000000 ---p 00000000 00:00 0 
7fd18c000000-7fd18d4f8000 rw-p 00000000 00:00 0 
7fd18d4f8000-7fd190000000 ---p 00000000 00:00 0 
7fd190000000-7fd190021000 rw-p 00000000 00:00 0 
7fd190021000-7fd194000000 ---p 00000000 00:00 0 
7fd194000000-7fd194021000 rw-p 00000000 00:00 0 
7fd194021000-7fd198000000 ---p 00000000 00:00 0 
7fd198000000-7fd198021000 rw-p 00000000 00:00 0 
7fd198021000-7fd19c000000 ---p 00000000 00:00 0 
7fd19c000000-7fd19c021000 rw-p 00000000 00:00 0 
7fd19c021000-7fd1a0000000 ---p 00000000 00:00 0 
7fd1a0000000-7fd1a0021000 rw-p 00000000 00:00 0 
7fd1a0021000-7fd1a4000000 ---p 00000000 00:00 0 
7fd1a408a000-7fd1a408b000 ---p 00000000 00:00 0 
7fd1a408b000-7fd1a418b000 rw-p 00000000 00:00 0 
7fd1a418b000-7fd1a418c000 ---p 00000000 00:00 0 
7fd1a418c000-7fd1a428c000 rw-p 00000000 00:00 0 
7fd1a428c000-7fd1a428d000 ---p 00000000 00:00 0 
7fd1a428d000-7fd1a438d000 rw-p 00000000 00:00 0 
7fd1a438d000-7fd1a438e000 ---p 00000000 00:00 0 
7fd1a438e000-7fd1a448e000 rw-p 00000000 00:00 0 
7fd1a448e000-7fd1a448f000 ---p 00000000 00:00 0 
7fd1a448f000-7fd1a458f000 rw-p 00000000 00:00 0 
7fd1a458f000-7fd1a4593000 ---p 00000000 00:00 0 
7fd1a4593000-7fd1a468f000 rw-p 00000000 00:00 0 
7fd1a468f000-7fd1a4693000 ---p 00000000 00:00 0 
7fd1a4693000-7fd1a478f000 rw-p 00000000 00:00 0 
7fd1a478f000-7fd1a4793000 ---p 00000000 00:00 0 
7fd1a4793000-7fd1a488f000 rw-p 00000000 00:00 0 
7fd1a488f000-7fd1a4893000 ---p 00000000 00:00 0 
7fd1a4893000-7fd1a498f000 rw-p 00000000 00:00 0 
7fd1a498f000-7fd1a4993000 ---p 00000000 00:00 0 
7fd1a4993000-7fd1a4a8f000 rw-p 00000000 00:00 0 
7fd1a4a8f000-7fd1a4a93000 ---p 00000000 00:00 0 
7fd1a4a93000-7fd1a4b8f000 rw-p 00000000 00:00 0 
7fd1a4b8f000-7fd1a4b93000 ---p 00000000 00:00 0 
7fd1a4b93000-7fd1a4c8f000 rw-p 00000000 00:00 0 
7fd1a4c8f000-7fd1a4c93000 ---p 00000000 00:00 0 
7fd1a4c93000-7fd1a4d8f000 rw-p 00000000 00:00 0 
7fd1a4d8f000-7fd1a4d93000 ---p 00000000 00:00 0 
7fd1a4d93000-7fd1a4e8f000 rw-p 00000000 00:00 0 
7fd1a4efe000-7fd1a4f02000 ---p 00000000 00:00 0 
7fd1a4f02000-7fd1a4ffe000 rw-p 00000000 00:00 0 
7fd1a4ffe000-7fd1a4fff000 ---p 00000000 00:00 0 
7fd1a4fff000-7fd1a50ff000 rw-p 00000000 00:00 0 
7fd1a50ff000-7fd1a5100000 ---p 00000000 00:00 0 
7fd1a5100000-7fd1a5200000 rw-p 00000000 00:00 0 
7fd1a5200000-7fd1a529c000 r--p 00000000 103:04 1968521                   /usr/lib/x86_64-linux-gnu/libstdc++.so.6.0.32
7fd1a529c000-7fd1a53cd000 r-xp 0009c000 103:04 1968521                   /usr/lib/x86_64-linux-gnu/libstdc++.so.6.0.32
7fd1a53cd000-7fd1a545a000 r--p 001cd000 103:04 1968521                   /usr/lib/x86_64-linux-gnu/libstdc++.so.6.0.32
7fd1a545a000-7fd1a5465000 r--p 0025a000 103:04 1968521                   /usr/lib/x86_64-linux-gnu/libstdc++.so.6.0.32
7fd1a5465000-7fd1a5468000 rw-p 00265000 103:04 1968521                   /usr/lib/x86_64-linux-gnu/libstdc++.so.6.0.32
7fd1a5468000-7fd1a546c000 rw-p 00000000 00:00 0 
7fd1a54ff000-7fd1a5500000 ---p 00000000 00:00 0 
7fd1a5500000-7fd1a5600000 rw-p 00000000 00:00 0 
7fd1a5600000-7fd1a5653000 r-xp 00000000 103:04 2789371                   /home/rodion/.gradle/native/38dada09dfb8b06ba9b0570ebf7e218e3eb74d4ef43ca46872605cf95ebc2f47/linux-amd64/libnative-platform-file-events.so
7fd1a5653000-7fd1a5852000 ---p 00053000 103:04 2789371                   /home/rodion/.gradle/native/38dada09dfb8b06ba9b0570ebf7e218e3eb74d4ef43ca46872605cf95ebc2f47/linux-amd64/libnative-platform-file-events.so
7fd1a5852000-7fd1a5853000 r--p 00052000 103:04 2789371                   /home/rodion/.gradle/native/38dada09dfb8b06ba9b0570ebf7e218e3eb74d4ef43ca46872605cf95ebc2f47/linux-amd64/libnative-platform-file-events.so
7fd1a5853000-7fd1a5855000 rw-p 00053000 103:04 2789371                   /home/rodion/.gradle/native/38dada09dfb8b06ba9b0570ebf7e218e3eb74d4ef43ca46872605cf95ebc2f47/linux-amd64/libnative-platform-file-events.so
7fd1a5900000-7fd1a5904000 ---p 00000000 00:00 0 
7fd1a5904000-7fd1a5a00000 rw-p 00000000 00:00 0 
7fd1a5a00000-7fd1a5a05000 r-xp 00000000 103:04 2787315                   /home/rodion/.gradle/native/c067742578af261105cb4f569cf0c3c89f3d7b1fecec35dd04571415982c5e48/linux-amd64/libnative-platform.so
7fd1a5a05000-7fd1a5c05000 ---p 00005000 103:04 2787315                   /home/rodion/.gradle/native/c067742578af261105cb4f569cf0c3c89f3d7b1fecec35dd04571415982c5e48/linux-amd64/libnative-platform.so
7fd1a5c05000-7fd1a5c06000 r--p 00005000 103:04 2787315                   /home/rodion/.gradle/native/c067742578af261105cb4f569cf0c3c89f3d7b1fecec35dd04571415982c5e48/linux-amd64/libnative-platform.so
7fd1a5c06000-7fd1a5c07000 rw-p 00006000 103:04 2787315                   /home/rodion/.gradle/native/c067742578af261105cb4f569cf0c3c89f3d7b1fecec35dd04571415982c5e48/linux-amd64/libnative-platform.so
7fd1a5cff000-7fd1a5d03000 ---p 00000000 00:00 0 
7fd1a5d03000-7fd1a5dff000 rw-p 00000000 00:00 0 
7fd1a5dff000-7fd1a5e00000 ---p 00000000 00:00 0 
7fd1a5e00000-7fd1a5f00000 rw-p 00000000 00:00 0 
7fd1a5f00000-7fd1a5f04000 ---p 00000000 00:00 0 
7fd1a5f04000-7fd1a6000000 rw-p 00000000 00:00 0 
7fd1a6000000-7fd1a6004000 ---p 00000000 00:00 0 
7fd1a6004000-7fd1a6100000 rw-p 00000000 00:00 0 
7fd1a6100000-7fd1a6104000 ---p 00000000 00:00 0 
7fd1a6104000-7fd1a6200000 rw-p 00000000 00:00 0 
7fd1a6200000-7fd1a6204000 ---p 00000000 00:00 0 
7fd1a6204000-7fd1a6300000 rw-p 00000000 00:00 0 
7fd1a6300000-7fd1a6304000 ---p 00000000 00:00 0 
7fd1a6304000-7fd1a6400000 rw-p 00000000 00:00 0 
7fd1a6400000-7fd1a6404000 ---p 00000000 00:00 0 
7fd1a6404000-7fd1a6500000 rw-p 00000000 00:00 0 
7fd1a6500000-7fd1a6504000 ---p 00000000 00:00 0 
7fd1a6504000-7fd1a6600000 rw-p 00000000 00:00 0 
7fd1a6600000-7fd1a6b75000 r--p 00000000 103:04 1995264                   /usr/lib/locale/locale-archive
7fd1a6bff000-7fd1a6c03000 ---p 00000000 00:00 0 
7fd1a6c03000-7fd1a6cff000 rw-p 00000000 00:00 0 
7fd1a6cff000-7fd1a6d03000 ---p 00000000 00:00 0 
7fd1a6d03000-7fd1a6dff000 rw-p 00000000 00:00 0 
7fd1a6dff000-7fd1a6e03000 ---p 00000000 00:00 0 
7fd1a6e03000-7fd1a6eff000 rw-p 00000000 00:00 0 
7fd1a6eff000-7fd1a6f00000 ---p 00000000 00:00 0 
7fd1a6f00000-7fd1a74f0000 rw-p 00000000 00:00 0 
7fd1a74f0000-7fd1a7530000 rw-p 00000000 00:00 0 
7fd1a7530000-7fd1a7570000 rw-p 00000000 00:00 0 
7fd1a7570000-7fd1a76f0000 rw-p 00000000 00:00 0 
7fd1a76f0000-7fd1a7770000 rw-p 00000000 00:00 0 
7fd1a7770000-7fd1a77f0000 rw-p 00000000 00:00 0 
7fd1a77f0000-7fd1a78f0000 rw-p 00000000 00:00 0 
7fd1a78f0000-7fd1a79f0000 rw-p 00000000 00:00 0 
7fd1a79f0000-7fd1a7af0000 rw-p 00000000 00:00 0 
7fd1a7af0000-7fd1a7bf0000 rw-p 00000000 00:00 0 
7fd1a7bf0000-7fd1a7cf0000 rw-p 00000000 00:00 0 
7fd1a7cf0000-7fd1a7ef0000 rw-p 00000000 00:00 0 
7fd1a7ef0000-7fd1a7f70000 rw-p 00000000 00:00 0 
7fd1a7f70000-7fd1a80f0000 rw-p 00000000 00:00 0 
7fd1a80f0000-7fd1a81f0000 rw-p 00000000 00:00 0 
7fd1a81f0000-7fd1a85d0000 rw-p 00000000 00:00 0 
7fd1a85d0000-7fd1a85f0000 rw-p 00000000 00:00 0 
7fd1a85f0000-7fd1a88f0000 rw-p 00000000 00:00 0 
7fd1a88f0000-7fd1a8960000 rw-p 00000000 00:00 0 
7fd1a8960000-7fd1a8a00000 ---p 00000000 00:00 0 
7fd1a8a00000-7fd1a8ea0000 rw-p 00000000 00:00 0 
7fd1a8ea0000-7fd1ab000000 ---p 00000000 00:00 0 
7fd1ab000000-7fd1b41c1000 rw-p 00000000 00:00 0 
7fd1b41c1000-7fd1b8000000 ---p 00000000 00:00 0 
7fd1b80e7000-7fd1b9a00000 rw-p 00000000 00:00 0 
7fd1b9a00000-7fd1b9fb0000 rwxp 00000000 00:00 0 
7fd1b9fb0000-7fd1c0f37000 ---p 00000000 00:00 0 
7fd1c0f37000-7fd1c11a7000 rwxp 00000000 00:00 0 
7fd1c11a7000-7fd1c14c9000 ---p 00000000 00:00 0 
7fd1c14c9000-7fd1c1739000 rwxp 00000000 00:00 0 
7fd1c1739000-7fd1c8a00000 ---p 00000000 00:00 0 
7fd1c8a00000-7fd1cbee6000 r--s 00000000 103:04 2686930                   /home/rodion/.local/share/JetBrains/Toolbox/apps/android-studio-2/jbr/lib/modules
7fd1cbeff000-7fd1cd645000 rw-p 00000000 00:00 0 
7fd1cd645000-7fd1d0000000 ---p 00000000 00:00 0 
7fd1d0073000-7fd1d0076000 r--p 00000000 103:04 1968519                   /usr/lib/x86_64-linux-gnu/libgcc_s.so.1
7fd1d0076000-7fd1d0091000 r-xp 00003000 103:04 1968519                   /usr/lib/x86_64-linux-gnu/libgcc_s.so.1
7fd1d0091000-7fd1d0095000 r--p 0001e000 103:04 1968519                   /usr/lib/x86_64-linux-gnu/libgcc_s.so.1
7fd1d0095000-7fd1d0096000 r--p 00021000 103:04 1968519                   /usr/lib/x86_64-linux-gnu/libgcc_s.so.1
7fd1d0096000-7fd1d0097000 rw-p 00022000 103:04 1968519                   /usr/lib/x86_64-linux-gnu/libgcc_s.so.1
7fd1d00a5000-7fd1d00a8000 r--p 00000000 103:04 2686918                   /home/rodion/.local/share/JetBrains/Toolbox/apps/android-studio-2/jbr/lib/libmanagement_ext.so
7fd1d00a8000-7fd1d00ab000 r-xp 00002000 103:04 2686918                   /home/rodion/.local/share/JetBrains/Toolbox/apps/android-studio-2/jbr/lib/libmanagement_ext.so
7fd1d00ab000-7fd1d00ac000 r--p 00004000 103:04 2686918                   /home/rodion/.local/share/JetBrains/Toolbox/apps/android-studio-2/jbr/lib/libmanagement_ext.so
7fd1d00ac000-7fd1d00ad000 rw-p 00004000 103:04 2686918                   /home/rodion/.local/share/JetBrains/Toolbox/apps/android-studio-2/jbr/lib/libmanagement_ext.so
7fd1d00ad000-7fd1d00b3000 r--p 00000000 103:04 2686927                   /home/rodion/.local/share/JetBrains/Toolbox/apps/android-studio-2/jbr/lib/libverify.so
7fd1d00b3000-7fd1d00bb000 r-xp 00005000 103:04 2686927                   /home/rodion/.local/share/JetBrains/Toolbox/apps/android-studio-2/jbr/lib/libverify.so
7fd1d00bb000-7fd1d00bd000 r--p 0000c000 103:04 2686927                   /home/rodion/.local/share/JetBrains/Toolbox/apps/android-studio-2/jbr/lib/libverify.so
7fd1d00bd000-7fd1d00be000 rw-p 0000d000 103:04 2686927                   /home/rodion/.local/share/JetBrains/Toolbox/apps/android-studio-2/jbr/lib/libverify.so
7fd1d00be000-7fd1d00c5000 r--p 00000000 103:04 2686939                   /home/rodion/.local/share/JetBrains/Toolbox/apps/android-studio-2/jbr/lib/libnet.so
7fd1d00c5000-7fd1d00d2000 r-xp 00006000 103:04 2686939                   /home/rodion/.local/share/JetBrains/Toolbox/apps/android-studio-2/jbr/lib/libnet.so
7fd1d00d2000-7fd1d00d3000 r--p 00012000 103:04 2686939                   /home/rodion/.local/share/JetBrains/Toolbox/apps/android-studio-2/jbr/lib/libnet.so
7fd1d00d3000-7fd1d00d5000 rw-p 00012000 103:04 2686939                   /home/rodion/.local/share/JetBrains/Toolbox/apps/android-studio-2/jbr/lib/libnet.so
7fd1d00d5000-7fd1d00e0000 r--p 00000000 103:04 2686866                   /home/rodion/.local/share/JetBrains/Toolbox/apps/android-studio-2/jbr/lib/libnio.so
7fd1d00e0000-7fd1d00e8000 r-xp 0000a000 103:04 2686866                   /home/rodion/.local/share/JetBrains/Toolbox/apps/android-studio-2/jbr/lib/libnio.so
7fd1d00e8000-7fd1d00e9000 r--p 00011000 103:04 2686866                   /home/rodion/.local/share/JetBrains/Toolbox/apps/android-studio-2/jbr/lib/libnio.so
7fd1d00e9000-7fd1d00ea000 rw-p 00011000 103:04 2686866                   /home/rodion/.local/share/JetBrains/Toolbox/apps/android-studio-2/jbr/lib/libnio.so
7fd1d00ea000-7fd1d07f1000 rw-p 00000000 00:00 0 
7fd1d090b000-7fd1d1370000 rw-p 00000000 00:00 0 
7fd1d1370000-7fd1d1928000 ---p 00000000 00:00 0 
7fd1d1928000-7fd1d1929000 ---p 00000000 00:00 0 
7fd1d1929000-7fd1d1a71000 rw-p 00000000 00:00 0 
7fd1d1a71000-7fd1d2029000 ---p 00000000 00:00 0 
7fd1d2029000-7fd1d2068000 rw-p 00000000 00:00 0 
7fd1d2068000-7fd1d2329000 ---p 00000000 00:00 0 
7fd1d2329000-7fd1d232f000 rw-p 00000000 00:00 0 
7fd1d232f000-7fd1d2415000 ---p 00000000 00:00 0 
7fd1d2415000-7fd1d2421000 rw-p 00000000 00:00 0 
7fd1d2421000-7fd1d2500000 ---p 00000000 00:00 0 
7fd1d2500000-7fd1d2504000 ---p 00000000 00:00 0 
7fd1d2504000-7fd1d2600000 rw-p 00000000 00:00 0 
7fd1d2600000-7fd1d2b37000 r--p 00000000 103:04 2686942                   /home/rodion/.local/share/JetBrains/Toolbox/apps/android-studio-2/jbr/lib/server/libjvm.so
7fd1d2b37000-7fd1d370f000 r-xp 00536000 103:04 2686942                   /home/rodion/.local/share/JetBrains/Toolbox/apps/android-studio-2/jbr/lib/server/libjvm.so
7fd1d370f000-7fd1d37d1000 r--p 0110d000 103:04 2686942                   /home/rodion/.local/share/JetBrains/Toolbox/apps/android-studio-2/jbr/lib/server/libjvm.so
7fd1d37d1000-7fd1d37fa000 rw-p 011ce000 103:04 2686942                   /home/rodion/.local/share/JetBrains/Toolbox/apps/android-studio-2/jbr/lib/server/libjvm.so
7fd1d37fa000-7fd1d386e000 rw-p 00000000 00:00 0 
7fd1d386e000-7fd1d3875000 r--s 00000000 103:04 1968884                   /usr/lib/x86_64-linux-gnu/gconv/gconv-modules.cache
7fd1d3875000-7fd1d387e000 r--p 00000000 103:04 2686922                   /home/rodion/.local/share/JetBrains/Toolbox/apps/android-studio-2/jbr/lib/libzip.so
7fd1d387e000-7fd1d3893000 r-xp 00008000 103:04 2686922                   /home/rodion/.local/share/JetBrains/Toolbox/apps/android-studio-2/jbr/lib/libzip.so
7fd1d3893000-7fd1d3895000 r--p 0001c000 103:04 2686922                   /home/rodion/.local/share/JetBrains/Toolbox/apps/android-studio-2/jbr/lib/libzip.so
7fd1d3895000-7fd1d3896000 rw-p 0001d000 103:04 2686922                   /home/rodion/.local/share/JetBrains/Toolbox/apps/android-studio-2/jbr/lib/libzip.so
7fd1d3896000-7fd1d38f0000 rw-p 00000000 00:00 0 
7fd1d38f0000-7fd1d3902000 r--p 00000000 103:04 2686925                   /home/rodion/.local/share/JetBrains/Toolbox/apps/android-studio-2/jbr/lib/libjava.so
7fd1d3902000-7fd1d3914000 r-xp 00011000 103:04 2686925                   /home/rodion/.local/share/JetBrains/Toolbox/apps/android-studio-2/jbr/lib/libjava.so
7fd1d3914000-7fd1d3915000 r--p 00022000 103:04 2686925                   /home/rodion/.local/share/JetBrains/Toolbox/apps/android-studio-2/jbr/lib/libjava.so
7fd1d3915000-7fd1d3917000 rw-p 00022000 103:04 2686925                   /home/rodion/.local/share/JetBrains/Toolbox/apps/android-studio-2/jbr/lib/libjava.so
7fd1d3917000-7fd1d3925000 r--p 00000000 103:04 1968538                   /usr/lib/x86_64-linux-gnu/libm.so.6
7fd1d3925000-7fd1d39a3000 r-xp 0000e000 103:04 1968538                   /usr/lib/x86_64-linux-gnu/libm.so.6
7fd1d39a3000-7fd1d39fe000 r--p 0008c000 103:04 1968538                   /usr/lib/x86_64-linux-gnu/libm.so.6
7fd1d39fe000-7fd1d39ff000 r--p 000e6000 103:04 1968538                   /usr/lib/x86_64-linux-gnu/libm.so.6
7fd1d39ff000-7fd1d3a00000 rw-p 000e7000 103:04 1968538                   /usr/lib/x86_64-linux-gnu/libm.so.6
7fd1d3a00000-7fd1d3a22000 r--p 00000000 103:04 1968528                   /usr/lib/x86_64-linux-gnu/libc.so.6
7fd1d3a22000-7fd1d3b9a000 r-xp 00022000 103:04 1968528                   /usr/lib/x86_64-linux-gnu/libc.so.6
7fd1d3b9a000-7fd1d3bf2000 r--p 0019a000 103:04 1968528                   /usr/lib/x86_64-linux-gnu/libc.so.6
7fd1d3bf2000-7fd1d3bf6000 r--p 001f1000 103:04 1968528                   /usr/lib/x86_64-linux-gnu/libc.so.6
7fd1d3bf6000-7fd1d3bf8000 rw-p 001f5000 103:04 1968528                   /usr/lib/x86_64-linux-gnu/libc.so.6
7fd1d3bf8000-7fd1d3c05000 rw-p 00000000 00:00 0 
7fd1d3c05000-7fd1d3c08000 r--p 00000000 103:04 2686854                   /home/rodion/.local/share/JetBrains/Toolbox/apps/android-studio-2/jbr/lib/libmanagement.so
7fd1d3c08000-7fd1d3c0a000 r-xp 00002000 103:04 2686854                   /home/rodion/.local/share/JetBrains/Toolbox/apps/android-studio-2/jbr/lib/libmanagement.so
7fd1d3c0a000-7fd1d3c0b000 r--p 00003000 103:04 2686854                   /home/rodion/.local/share/JetBrains/Toolbox/apps/android-studio-2/jbr/lib/libmanagement.so
7fd1d3c0b000-7fd1d3c0c000 rw-p 00003000 103:04 2686854                   /home/rodion/.local/share/JetBrains/Toolbox/apps/android-studio-2/jbr/lib/libmanagement.so
7fd1d3c0c000-7fd1d3c11000 rw-p 00000000 00:00 0 
7fd1d3c11000-7fd1d3c18000 ---p 00000000 00:00 0 
7fd1d3c18000-7fd1d3c20000 rw-s 00000000 103:04 1445404                   /tmp/hsperfdata_rodion/7178
7fd1d3c20000-7fd1d3c2b000 r--p 00000000 103:04 2686914                   /home/rodion/.local/share/JetBrains/Toolbox/apps/android-studio-2/jbr/lib/libjimage.so
7fd1d3c2b000-7fd1d3c40000 r-xp 0000a000 103:04 2686914                   /home/rodion/.local/share/JetBrains/Toolbox/apps/android-studio-2/jbr/lib/libjimage.so
7fd1d3c40000-7fd1d3c42000 r--p 0001e000 103:04 2686914                   /home/rodion/.local/share/JetBrains/Toolbox/apps/android-studio-2/jbr/lib/libjimage.so
7fd1d3c42000-7fd1d3c43000 rw-p 0001f000 103:04 2686914                   /home/rodion/.local/share/JetBrains/Toolbox/apps/android-studio-2/jbr/lib/libjimage.so
7fd1d3c43000-7fd1d3c44000 r--p 00000000 103:04 1968582                   /usr/lib/x86_64-linux-gnu/librt.so.1
7fd1d3c44000-7fd1d3c45000 r-xp 00001000 103:04 1968582                   /usr/lib/x86_64-linux-gnu/librt.so.1
7fd1d3c45000-7fd1d3c46000 r--p 00002000 103:04 1968582                   /usr/lib/x86_64-linux-gnu/librt.so.1
7fd1d3c46000-7fd1d3c47000 r--p 00002000 103:04 1968582                   /usr/lib/x86_64-linux-gnu/librt.so.1
7fd1d3c47000-7fd1d3c48000 rw-p 00003000 103:04 1968582                   /usr/lib/x86_64-linux-gnu/librt.so.1
7fd1d3c48000-7fd1d3c4a000 rw-p 00000000 00:00 0 
7fd1d3c4a000-7fd1d3c4b000 r--p 00000000 103:04 1968531                   /usr/lib/x86_64-linux-gnu/libdl.so.2
7fd1d3c4b000-7fd1d3c4c000 r-xp 00001000 103:04 1968531                   /usr/lib/x86_64-linux-gnu/libdl.so.2
7fd1d3c4c000-7fd1d3c4d000 r--p 00002000 103:04 1968531                   /usr/lib/x86_64-linux-gnu/libdl.so.2
7fd1d3c4d000-7fd1d3c4e000 r--p 00002000 103:04 1968531                   /usr/lib/x86_64-linux-gnu/libdl.so.2
7fd1d3c4e000-7fd1d3c4f000 rw-p 00003000 103:04 1968531                   /usr/lib/x86_64-linux-gnu/libdl.so.2
7fd1d3c4f000-7fd1d3c50000 r--p 00000000 103:04 1968576                   /usr/lib/x86_64-linux-gnu/libpthread.so.0
7fd1d3c50000-7fd1d3c51000 r-xp 00001000 103:04 1968576                   /usr/lib/x86_64-linux-gnu/libpthread.so.0
7fd1d3c51000-7fd1d3c52000 r--p 00002000 103:04 1968576                   /usr/lib/x86_64-linux-gnu/libpthread.so.0
7fd1d3c52000-7fd1d3c53000 r--p 00002000 103:04 1968576                   /usr/lib/x86_64-linux-gnu/libpthread.so.0
7fd1d3c53000-7fd1d3c54000 rw-p 00003000 103:04 1968576                   /usr/lib/x86_64-linux-gnu/libpthread.so.0
7fd1d3c55000-7fd1d3c56000 r--p 00000000 103:04 2686941                   /home/rodion/.local/share/JetBrains/Toolbox/apps/android-studio-2/jbr/lib/libextnet.so
7fd1d3c56000-7fd1d3c58000 r-xp 00000000 103:04 2686941                   /home/rodion/.local/share/JetBrains/Toolbox/apps/android-studio-2/jbr/lib/libextnet.so
7fd1d3c58000-7fd1d3c59000 r--p 00001000 103:04 2686941                   /home/rodion/.local/share/JetBrains/Toolbox/apps/android-studio-2/jbr/lib/libextnet.so
7fd1d3c59000-7fd1d3c5a000 rw-p 00001000 103:04 2686941                   /home/rodion/.local/share/JetBrains/Toolbox/apps/android-studio-2/jbr/lib/libextnet.so
7fd1d3c5a000-7fd1d3c5e000 r--p 00000000 103:04 2686920                   /home/rodion/.local/share/JetBrains/Toolbox/apps/android-studio-2/jbr/lib/libinstrument.so
7fd1d3c5e000-7fd1d3c65000 r-xp 00003000 103:04 2686920                   /home/rodion/.local/share/JetBrains/Toolbox/apps/android-studio-2/jbr/lib/libinstrument.so
7fd1d3c65000-7fd1d3c66000 r--p 00009000 103:04 2686920                   /home/rodion/.local/share/JetBrains/Toolbox/apps/android-studio-2/jbr/lib/libinstrument.so
7fd1d3c66000-7fd1d3c67000 rw-p 00009000 103:04 2686920                   /home/rodion/.local/share/JetBrains/Toolbox/apps/android-studio-2/jbr/lib/libinstrument.so
7fd1d3c67000-7fd1d3c68000 ---p 00000000 00:00 0 
7fd1d3c68000-7fd1d3c69000 r--p 00000000 00:00 0 
7fd1d3c69000-7fd1d3c6a000 ---p 00000000 00:00 0 
7fd1d3c6a000-7fd1d3c73000 r--p 00000000 103:04 2686860                   /home/rodion/.local/share/JetBrains/Toolbox/apps/android-studio-2/jbr/lib/libjli.so
7fd1d3c73000-7fd1d3c82000 r-xp 00008000 103:04 2686860                   /home/rodion/.local/share/JetBrains/Toolbox/apps/android-studio-2/jbr/lib/libjli.so
7fd1d3c82000-7fd1d3c83000 r--p 00016000 103:04 2686860                   /home/rodion/.local/share/JetBrains/Toolbox/apps/android-studio-2/jbr/lib/libjli.so
7fd1d3c83000-7fd1d3c84000 rw-p 00016000 103:04 2686860                   /home/rodion/.local/share/JetBrains/Toolbox/apps/android-studio-2/jbr/lib/libjli.so
7fd1d3c84000-7fd1d3c86000 rw-p 00000000 00:00 0 
7fd1d3c86000-7fd1d3c87000 r--p 00000000 103:04 1968525                   /usr/lib/x86_64-linux-gnu/ld-linux-x86-64.so.2
7fd1d3c87000-7fd1d3caf000 r-xp 00001000 103:04 1968525                   /usr/lib/x86_64-linux-gnu/ld-linux-x86-64.so.2
7fd1d3caf000-7fd1d3cb9000 r--p 00029000 103:04 1968525                   /usr/lib/x86_64-linux-gnu/ld-linux-x86-64.so.2
7fd1d3cb9000-7fd1d3cbb000 r--p 00033000 103:04 1968525                   /usr/lib/x86_64-linux-gnu/ld-linux-x86-64.so.2
7fd1d3cbb000-7fd1d3cbd000 rw-p 00035000 103:04 1968525                   /usr/lib/x86_64-linux-gnu/ld-linux-x86-64.so.2
7ffc11184000-7ffc111a5000 rw-p 00000000 00:00 0                          [stack]
7ffc111ed000-7ffc111f1000 r--p 00000000 00:00 0                          [vvar]
7ffc111f1000-7ffc111f3000 r-xp 00000000 00:00 0                          [vdso]
ffffffffff600000-ffffffffff601000 --xp 00000000 00:00 0                  [vsyscall]


VM Arguments:
jvm_args: -XX:+HeapDumpOnOutOfMemoryError -XX:+UseParallelGC -XX:MaxMetaspaceSize=1g --add-opens=java.base/java.util=ALL-UNNAMED --add-opens=java.base/java.lang=ALL-UNNAMED --add-opens=java.base/java.lang.invoke=ALL-UNNAMED --add-opens=java.prefs/java.util.prefs=ALL-UNNAMED --add-opens=java.base/java.nio.charset=ALL-UNNAMED --add-opens=java.base/java.net=ALL-UNNAMED --add-opens=java.base/java.util.concurrent.atomic=ALL-UNNAMED -Xmx4608m -Dfile.encoding=UTF-8 -Duser.country=UA -Duser.language=ru -Duser.variant -javaagent:/home/rodion/.gradle/wrapper/dists/gradle-8.4-bin/1w5dpkrfk8irigvoxmyhowfim/gradle-8.4/lib/agents/gradle-instrumentation-agent-8.4.jar 
java_command: org.gradle.launcher.daemon.bootstrap.GradleDaemon 8.4
java_class_path (initial): /home/rodion/.gradle/wrapper/dists/gradle-8.4-bin/1w5dpkrfk8irigvoxmyhowfim/gradle-8.4/lib/gradle-launcher-8.4.jar
Launcher Type: SUN_STANDARD

[Global flags]
     intx CICompilerCount                          = 4                                         {product} {ergonomic}
   size_t CompressedClassSpaceSize                 = 872415232                                 {product} {ergonomic}
     bool HeapDumpOnOutOfMemoryError               = true                                   {manageable} {command line}
   size_t InitialHeapSize                          = 226492416                                 {product} {ergonomic}
   size_t MaxHeapSize                              = 4831838208                                {product} {command line}
   size_t MaxMetaspaceSize                         = 1073741824                                {product} {command line}
   size_t MaxNewSize                               = 1610612736                                {product} {ergonomic}
   size_t MinHeapDeltaBytes                        = 524288                                    {product} {ergonomic}
   size_t MinHeapSize                              = 8388608                                   {product} {ergonomic}
   size_t NewSize                                  = 75497472                                  {product} {ergonomic}
    uintx NonNMethodCodeHeapSize                   = 5839372                                {pd product} {ergonomic}
    uintx NonProfiledCodeHeapSize                  = 122909434                              {pd product} {ergonomic}
   size_t OldSize                                  = 150994944                                 {product} {ergonomic}
    uintx ProfiledCodeHeapSize                     = 122909434                              {pd product} {ergonomic}
    uintx ReservedCodeCacheSize                    = 251658240                              {pd product} {ergonomic}
     bool SegmentedCodeCache                       = true                                      {product} {ergonomic}
   size_t SoftMaxHeapSize                          = 4831838208                             {manageable} {ergonomic}
     bool UseCompressedClassPointers               = true                           {product lp64_product} {ergonomic}
     bool UseCompressedOops                        = true                           {product lp64_product} {ergonomic}
     bool UseParallelGC                            = true                                      {product} {command line}

Logging:
Log output configuration:
 #0: stdout all=warning uptime,level,tags
 #1: stderr all=off uptime,level,tags

Environment Variables:
JAVA_HOME=/usr/lib/jvm/java-17-openjdk-amd64/bin/java
PATH=/usr/local/sbin:/usr/local/bin:/usr/sbin:/usr/bin:/sbin:/bin:/usr/games:/usr/local/games:/snap/bin:/home/rodion/.local/share/JetBrains/Toolbox/scripts
SHELL=/bin/bash
DISPLAY=:0
LANG=ru_UA.UTF-8

Active Locale:
LC_ALL=ru_UA.UTF-8
LC_COLLATE=ru_UA.UTF-8
LC_CTYPE=ru_UA.UTF-8
LC_MESSAGES=ru_UA.UTF-8
LC_MONETARY=ru_UA.UTF-8
LC_NUMERIC=ru_UA.UTF-8
LC_TIME=ru_UA.UTF-8

Signal Handlers:
   SIGSEGV: crash_handler in libjvm.so, mask=11100100010111111101111111111110, flags=SA_RESTART|SA_SIGINFO, unblocked
    SIGBUS: crash_handler in libjvm.so, mask=11100100010111111101111111111110, flags=SA_RESTART|SA_SIGINFO, unblocked
    SIGFPE: crash_handler in libjvm.so, mask=11100100010111111101111111111110, flags=SA_RESTART|SA_SIGINFO, unblocked
   SIGPIPE: javaSignalHandler in libjvm.so, mask=11100100010111111101111111111110, flags=SA_RESTART|SA_SIGINFO, blocked
   SIGXFSZ: javaSignalHandler in libjvm.so, mask=11100100010111111101111111111110, flags=SA_RESTART|SA_SIGINFO, blocked
    SIGILL: crash_handler in libjvm.so, mask=11100100010111111101111111111110, flags=SA_RESTART|SA_SIGINFO, unblocked
   SIGUSR2: SR_handler in libjvm.so, mask=00100000000000000000000000000000, flags=SA_RESTART|SA_SIGINFO, blocked
    SIGHUP: UserHandler in libjvm.so, mask=11100100010111111101111111111110, flags=SA_RESTART|SA_SIGINFO, blocked
    SIGINT: UserHandler in libjvm.so, mask=11100100010111111101111111111110, flags=SA_RESTART|SA_SIGINFO, blocked
   SIGTERM: UserHandler in libjvm.so, mask=11100100010111111101111111111110, flags=SA_RESTART|SA_SIGINFO, blocked
   SIGQUIT: UserHandler in libjvm.so, mask=11100100010111111101111111111110, flags=SA_RESTART|SA_SIGINFO, blocked
   SIGTRAP: crash_handler in libjvm.so, mask=11100100010111111101111111111110, flags=SA_RESTART|SA_SIGINFO, unblocked


Periodic native trim disabled

JNI global refs:
JNI global refs: 24, weak refs: 0

JNI global refs memory usage: 867, weak refs: 865

OOME stack traces (most recent first):
Classloader memory used:
Loader org.gradle.internal.classloader.VisitableURLClassLoader                         : 1975K
Loader bootstrap                                                                       : 1942K
Loader org.gradle.initialization.MixInLegacyTypesClassLoader                           : 413K
Loader org.gradle.internal.classloader.VisitableURLClassLoader                         : 54580B
Loader jdk.internal.loader.ClassLoaders$AppClassLoader                                 : 28177B
Loader jdk.internal.reflect.DelegatingClassLoader                                      : 20734B
Loader jdk.internal.loader.ClassLoaders$PlatformClassLoader                            : 3243B

Classes loaded by more than one classloader:
Class org.gradle.api.GradleException                                                  : loaded 3 times (x 81B)
Class org.gradle.internal.installation.GradleInstallation                             : loaded 2 times (x 74B)
Class org.gradle.util.GradleVersion                                                   : loaded 2 times (x 82B)
Class org.gradle.internal.classpath.ClassPath                                         : loaded 2 times (x 69B)
Class org.gradle.api.internal.classpath.DefaultModuleRegistry                         : loaded 2 times (x 85B)
Class org.gradle.internal.exceptions.NonGradleCauseExceptionsHolder                   : loaded 2 times (x 69B)
Class org.gradle.api.Action                                                           : loaded 2 times (x 69B)
Class org.gradle.api.internal.DefaultClassPathProvider                                : loaded 2 times (x 75B)
Class org.gradle.internal.installation.GradleInstallation$1                           : loaded 2 times (x 74B)
Class org.gradle.internal.exceptions.DefaultMultiCauseException                       : loaded 2 times (x 90B)
Class org.gradle.internal.time.MonotonicClock                                         : loaded 2 times (x 76B)
Class org.gradle.internal.classloader.FilteringClassLoader                            : loaded 2 times (x 104B)
Class org.gradle.internal.classpath.DefaultClassPath$ImmutableUniqueList$Builder      : loaded 2 times (x 74B)
Class org.gradle.internal.classloader.ClassLoaderVisitor                              : loaded 2 times (x 75B)
Class org.gradle.internal.time.DefaultCountdownTimer                                  : loaded 2 times (x 87B)
Class org.gradle.internal.service.DefaultServiceLocator                               : loaded 2 times (x 82B)
Class org.gradle.internal.service.UnknownServiceException                             : loaded 2 times (x 82B)
Class org.gradle.internal.classloader.DefaultClassLoaderFactory                       : loaded 2 times (x 81B)
Class org.gradle.internal.classloader.VisitableURLClassLoader$Spec                    : loaded 2 times (x 73B)
Class org.gradle.tooling.model.ProjectModel                                           : loaded 2 times (x 69B)
Class org.gradle.api.internal.classpath.ModuleRegistry                                : loaded 2 times (x 69B)
Class org.gradle.api.internal.ClassPathProvider                                       : loaded 2 times (x 69B)
Class org.gradle.internal.classloader.ClasspathUtil$1                                 : loaded 2 times (x 75B)
Class org.gradle.internal.classloader.ClassLoaderFactory                              : loaded 2 times (x 69B)
Class org.gradle.api.internal.classpath.ManifestUtil                                  : loaded 2 times (x 70B)
Class org.gradle.api.specs.Spec                                                       : loaded 2 times (x 69B)
Class org.gradle.internal.IoActions                                                   : loaded 2 times (x 70B)
Class org.gradle.api.internal.classpath.EffectiveClassPath                            : loaded 2 times (x 89B)
Class org.gradle.internal.installation.CurrentGradleInstallation                      : loaded 2 times (x 72B)
Class org.gradle.internal.agents.InstrumentingClassLoader                             : loaded 2 times (x 69B)
Class org.gradle.internal.installation.CurrentGradleInstallationLocator               : loaded 2 times (x 70B)
Class org.gradle.api.internal.classpath.Module                                        : loaded 2 times (x 69B)
Class org.gradle.internal.service.CachingServiceLocator                               : loaded 2 times (x 81B)
Class org.gradle.internal.time.Timer                                                  : loaded 2 times (x 69B)
Class org.gradle.internal.classpath.DefaultClassPath                                  : loaded 2 times (x 89B)
Class org.gradle.internal.time.Time                                                   : loaded 2 times (x 70B)
Class org.gradle.internal.time.TimeSource$1                                           : loaded 2 times (x 76B)
Class org.gradle.internal.classloader.SystemClassLoaderSpec                           : loaded 2 times (x 70B)
Class kotlin.Function                                                                 : loaded 2 times (x 69B)
Class org.gradle.api.UncheckedIOException                                             : loaded 2 times (x 81B)
Class org.gradle.internal.time.Clock                                                  : loaded 2 times (x 69B)
Class org.gradle.internal.time.CountdownTimer                                         : loaded 2 times (x 69B)
Class org.gradle.internal.classloader.ClasspathUtil                                   : loaded 2 times (x 70B)
Class org.gradle.api.internal.DefaultClassPathRegistry                                : loaded 2 times (x 75B)
Class org.gradle.api.internal.classpath.DefaultModuleRegistry$DefaultModule           : loaded 2 times (x 85B)
Class org.gradle.internal.time.TimeSource                                             : loaded 2 times (x 69B)
Class org.gradle.api.internal.classpath.UnknownModuleException                        : loaded 2 times (x 81B)
Class org.gradle.internal.service.ServiceLookupException                              : loaded 2 times (x 81B)
Class org.gradle.cache.GlobalCache                                                    : loaded 2 times (x 69B)
Class [Lorg.gradle.api.internal.ClassPathProvider;                                    : loaded 2 times (x 68B)
Class org.gradle.internal.operations.MultipleBuildOperationFailures                   : loaded 2 times (x 90B)
Class org.gradle.util.internal.GUtil                                                  : loaded 2 times (x 70B)
Class org.gradle.internal.classloader.ClassLoaderSpec                                 : loaded 2 times (x 70B)
Class org.gradle.internal.classloader.VisitableURLClassLoader                         : loaded 2 times (x 116B)
Class org.gradle.internal.Cast                                                        : loaded 2 times (x 70B)
Class org.gradle.api.internal.ClassPathRegistry                                       : loaded 2 times (x 69B)
Class org.gradle.internal.classloader.VisitableURLClassLoader$InstrumentingVisitableURLClassLoader: loaded 2 times (x 122B)
Class org.gradle.internal.classloader.ClassLoaderHierarchy                            : loaded 2 times (x 69B)
Class org.gradle.internal.exceptions.MultiCauseException                              : loaded 2 times (x 69B)
Class org.gradle.internal.InternalTransformer                                         : loaded 2 times (x 69B)
Class org.gradle.internal.service.ServiceLocator                                      : loaded 2 times (x 69B)
Class org.gradle.internal.classpath.DefaultClassPath$ImmutableUniqueList              : loaded 2 times (x 160B)
Class org.gradle.internal.time.DefaultTimer                                           : loaded 2 times (x 79B)
Class org.gradle.internal.classpath.TransformedClassPath                              : loaded 2 times (x 95B)


---------------  S Y S T E M  ---------------

OS:
DISTRIB_ID=Ubuntu
DISTRIB_RELEASE=23.04
DISTRIB_CODENAME=lunar
DISTRIB_DESCRIPTION="Ubuntu 23.04"
uname: Linux 6.2.0-39-generic #40-Ubuntu SMP PREEMPT_DYNAMIC Tue Nov 14 14:18:00 UTC 2023 x86_64
OS uptime: 0 days 0:29 hours
libc: glibc 2.37 NPTL 2.37 
rlimit (soft/hard): STACK 8192k/infinity , CORE 0k/infinity , NPROC 54776/54776 , NOFILE 1048576/1048576 , AS infinity/infinity , CPU infinity/infinity , DATA infinity/infinity , FSIZE infinity/infinity , MEMLOCK 1768584k/1768584k
load average: 9,65 4,48 2,31

/proc/meminfo:
MemTotal:       14148696 kB
MemFree:         3216744 kB
MemAvailable:    6012300 kB
Buffers:          331304 kB
Cached:          2646948 kB
SwapCached:          160 kB
Active:          1997724 kB
Inactive:        8038728 kB
Active(anon):      12704 kB
Inactive(anon):  7126908 kB
Active(file):    1985020 kB
Inactive(file):   911820 kB
Unevictable:         168 kB
Mlocked:             168 kB
SwapTotal:       5858300 kB
SwapFree:        5849596 kB
Zswap:                 0 kB
Zswapped:              0 kB
Dirty:             18576 kB
Writeback:             0 kB
AnonPages:       7058244 kB
Mapped:          1296516 kB
Shmem:             81412 kB
KReclaimable:     226916 kB
Slab:             375884 kB
SReclaimable:     226916 kB
SUnreclaim:       148968 kB
KernelStack:       19744 kB
PageTables:        47456 kB
SecPageTables:         0 kB
NFS_Unstable:          0 kB
Bounce:                0 kB
WritebackTmp:          0 kB
CommitLimit:    12932648 kB
Committed_AS:   14607204 kB
VmallocTotal:   34359738367 kB
VmallocUsed:      135080 kB
VmallocChunk:          0 kB
Percpu:            12544 kB
HardwareCorrupted:     0 kB
AnonHugePages:         0 kB
ShmemHugePages:        0 kB
ShmemPmdMapped:        0 kB
FileHugePages:         0 kB
FilePmdMapped:         0 kB
HugePages_Total:       0
HugePages_Free:        0
HugePages_Rsvd:        0
HugePages_Surp:        0
Hugepagesize:       2048 kB
Hugetlb:               0 kB
DirectMap4k:      696772 kB
DirectMap2M:     7540736 kB
DirectMap1G:     6291456 kB

/sys/kernel/mm/transparent_hugepage/enabled: always [madvise] never
/sys/kernel/mm/transparent_hugepage/defrag (defrag/compaction efforts parameter): always defer defer+madvise [madvise] never

Process Memory:
Virtual Size: 10044900K (peak: 10111132K)
Resident Set Size: 334240K (peak: 334240K) (anon: 304032K, file: 30208K, shmem: 0K)
Swapped out: 0K
C-Heap outstanding allocations: 124250K, retained: 29509K
glibc malloc tunables: (default)

/proc/sys/kernel/threads-max (system-wide limit on the number of threads): 109553
/proc/sys/vm/max_map_count (maximum number of memory map areas a process may have): 65530
/proc/sys/kernel/pid_max (system-wide limit on number of process identifiers): 4194304

container (cgroup) information:
container_type: cgroupv2
cpu_cpuset_cpus: not supported
cpu_memory_nodes: not supported
active_processor_count: 12
cpu_quota: not supported
cpu_period: not supported
cpu_shares: not supported
memory_limit_in_bytes: unlimited
memory_and_swap_limit_in_bytes: unlimited
memory_soft_limit_in_bytes: unlimited
memory_usage_in_bytes: 5048584 k
memory_max_usage_in_bytes: not supported
memory_swap_current_in_bytes: 48 k
memory_swap_max_limit_in_bytes: unlimited
maximum number of tasks: 16432
current number of tasks: 387

Steal ticks since vm start: 0
Steal ticks percentage since vm start:  0,000

CPU: total 16 (initial active 12) (12 cores per cpu, 2 threads per core) family 25 model 80 stepping 0 microcode 0xa50000c, cx8, cmov, fxsr, ht, mmx, 3dnowpref, sse, sse2, sse3, ssse3, sse4a, sse4.1, sse4.2, popcnt, lzcnt, tsc, tscinvbit, avx, avx2, aes, erms, clmul, bmi1, bmi2, adx, sha, fma, vzeroupper, clflush, clflushopt
CPU Model and flags from /proc/cpuinfo:
model name	: AMD Ryzen 5 5600H with Radeon Graphics
flags		: fpu vme de pse tsc msr pae mce cx8 apic sep mtrr pge mca cmov pat pse36 clflush mmx fxsr sse sse2 ht syscall nx mmxext fxsr_opt pdpe1gb rdtscp lm constant_tsc rep_good nopl nonstop_tsc cpuid extd_apicid aperfmperf rapl pni pclmulqdq monitor ssse3 fma cx16 sse4_1 sse4_2 movbe popcnt aes xsave avx f16c rdrand lahf_lm cmp_legacy svm extapic cr8_legacy abm sse4a misalignsse 3dnowprefetch osvw ibs skinit wdt tce topoext perfctr_core perfctr_nb bpext perfctr_llc mwaitx cpb cat_l3 cdp_l3 hw_pstate ssbd mba ibrs ibpb stibp vmmcall fsgsbase bmi1 avx2 smep bmi2 erms invpcid cqm rdt_a rdseed adx smap clflushopt clwb sha_ni xsaveopt xsavec xgetbv1 xsaves cqm_llc cqm_occup_llc cqm_mbm_total cqm_mbm_local clzero irperf xsaveerptr rdpru wbnoinvd cppc arat npt lbrv svm_lock nrip_save tsc_scale vmcb_clean flushbyasid decodeassists pausefilter pfthreshold avic v_vmsave_vmload vgif v_spec_ctrl umip pku ospke vaes vpclmulqdq rdpid overflow_recov succor smca fsrm

Online cpus: 0-11
Offline cpus: 12-15
BIOS frequency limitation: 3300000
Frequency switch latency (ns): 0
Available cpu frequencies: 3300000 1300000 1200000 
Current governor: schedutil
Core performance/turbo boost: 1

Memory: 4k page, physical 14148696k(3216744k free), swap 5858300k(5849596k free)
Page Sizes: 4k

vm_info: OpenJDK 64-Bit Server VM (17.0.9+0-17.0.9b1087.7-11185874) for linux-amd64 JRE (17.0.9+0-17.0.9b1087.7-11185874), built on Dec  6 2023 18:35:35 by "androidbuild" with clang Android (8508608, based on r450784e) Clang 14.0.7 (https://android.googlesource.com/toolchain/llvm-project 4c603efb0cca074e9238af8b4106c30add4418f6)

END.
