#
# A fatal error has been detected by the Java Runtime Environment:
#
#  SIGSEGV (0xb) at pc=0x00007fd25ac17646, pid=14689, tid=14713
#
# JRE version: OpenJDK Runtime Environment (17.0.9) (build 17.0.9+0-17.0.9b1087.7-11185874)
# Java VM: OpenJDK 64-Bit Server VM (17.0.9+0-17.0.9b1087.7-11185874, mixed mode, tiered, compressed oops, compressed class ptrs, g1 gc, linux-amd64)
# Problematic frame:
# V  [libjvm.so+0x817646]  PhaseAggressiveCoalesce::insert_copies(Matcher&)+0x3d6
#
# Core dump will be written. Default location: Core dumps may be processed with "/usr/share/apport/apport -p%p -s%s -c%c -d%d -P%P -u%u -g%g -- %E" (or dumping to /var/www/html/YkisPAM/core.14689)
#
# If you would like to submit a bug report, please visit:
#   https://bugreport.java.com/bugreport/crash.jsp
#

---------------  S U M M A R Y ------------

Command Line: --add-opens=java.base/java.util=ALL-UNNAMED --add-opens=java.base/java.lang=ALL-UNNAMED --add-opens=java.base/java.lang.invoke=ALL-UNNAMED --add-opens=java.prefs/java.util.prefs=ALL-UNNAMED --add-opens=java.base/java.nio.charset=ALL-UNNAMED --add-opens=java.base/java.net=ALL-UNNAMED --add-opens=java.base/java.util.concurrent.atomic=ALL-UNNAMED -Xmx4608m -Dfile.encoding=UTF-8 -Duser.country=UA -Duser.language=ru -Duser.variant -javaagent:/home/rodion/.gradle/wrapper/dists/gradle-8.4-bin/1w5dpkrfk8irigvoxmyhowfim/gradle-8.4/lib/agents/gradle-instrumentation-agent-8.4.jar org.gradle.launcher.daemon.bootstrap.GradleDaemon 8.4

Host: AMD Ryzen 5 5600H with Radeon Graphics, 16 cores, 13G, Ubuntu 23.04
Time: Mon Jan 22 20:23:11 2024 EET elapsed time: 1.173391 seconds (0d 0h 0m 1s)

---------------  T H R E A D  ---------------

Current thread (0x00007fd1f81432b0):  JavaThread "C2 CompilerThread2" daemon [_thread_in_native, id=14713, stack(0x00007fd2281ff000,0x00007fd2282ff000)]


Current CompileTask:
C2:   1173 1975   !   4       java.lang.ClassLoader::loadClass (121 bytes)

Stack: [0x00007fd2281ff000,0x00007fd2282ff000],  sp=0x00007fd2282fa780,  free space=1005k
Native frames: (J=compiled Java code, j=interpreted, Vv=VM code, C=native code)
V  [libjvm.so+0x817646]  PhaseAggressiveCoalesce::insert_copies(Matcher&)+0x3d6
V  [libjvm.so+0x7bf0cb]  PhaseChaitin::Register_Allocate()+0x2cb
V  [libjvm.so+0x83dfe9]  Compile::Code_Gen()+0x519
V  [libjvm.so+0x83ae5c]  Compile::Compile(ciEnv*, ciMethod*, int, bool, bool, bool, bool, bool, DirectiveSet*)+0x10bc
V  [libjvm.so+0x79d1ee]  C2Compiler::compile_method(ciEnv*, ciMethod*, int, bool, DirectiveSet*)+0xde
V  [libjvm.so+0x84d4d8]  CompileBroker::invoke_compiler_on_method(CompileTask*)+0x8f8
V  [libjvm.so+0x84c9f0]  CompileBroker::compiler_thread_loop()+0x430
V  [libjvm.so+0x100f619]  JavaThread::thread_main_inner()+0x159
V  [libjvm.so+0x100dbff]  Thread::call_run()+0xbf
V  [libjvm.so+0xe12ce9]  thread_native_entry(Thread*)+0x119


siginfo: si_signo: 11 (SIGSEGV), si_code: 128 (SI_KERNEL), si_addr: 0x0000000000000000

Registers:
RAX=0x00007fd2045b2ab8, RBX=0x0000000000000001, RCX=0x0000000000000018, RDX=0x00007fd1e0788560
RSP=0x00007fd2282fa780, RBP=0x00007fd2282fa820, RSI=0x0000000000000000, RDI=0x00007fd1e06db2e0
R8 =0x0000000000000000, R9 =0x00007fd2045b2a60, R10=0x00007fd2282fa8b0, R11=0x00007fd2042bf450
R12=0x00007fd1e0c7f1d0, R13=0x0000000000000004, R14=0x00007fd1e06db138, R15=0x10007fd2045ad9f8
RIP=0x00007fd25ac17646, EFLAGS=0x0000000000010202, CSGSFS=0x002b000000000033, ERR=0x0000000000000000
  TRAPNO=0x000000000000000d


Register to memory mapping:

RAX=0x00007fd2045b2ab8 points into unknown readable memory: 0x00007fd1b82f4328 | 28 43 2f b8 d1 7f 00 00
RBX=0x0000000000000001 is an unknown value
RCX=0x0000000000000018 is an unknown value
RDX=0x00007fd1e0788560 points into unknown readable memory: 0x0000000000000000 | 00 00 00 00 00 00 00 00
RSP=0x00007fd2282fa780 is pointing into the stack for thread: 0x00007fd1f81432b0
RBP=0x00007fd2282fa820 is pointing into the stack for thread: 0x00007fd1f81432b0
RSI=0x0 is NULL
RDI=0x00007fd1e06db2e0 points into unknown readable memory: 0x00007fd25b5508d0 | d0 08 55 5b d2 7f 00 00
R8 =0x0 is NULL
R9 =0x00007fd2045b2a60 points into unknown readable memory: 0x00007fd25b58ee60 | 60 ee 58 5b d2 7f 00 00
R10=0x00007fd2282fa8b0 is pointing into the stack for thread: 0x00007fd1f81432b0
R11=0x00007fd2042bf450 points into unknown readable memory: 0x00007fd25b552fd8 | d8 2f 55 5b d2 7f 00 00
R12=0x00007fd1e0c7f1d0 points into unknown readable memory: 0x00007fd25b510b38 | 38 0b 51 5b d2 7f 00 00
R13=0x0000000000000004 is an unknown value
R14=0x00007fd1e06db138 points into unknown readable memory: 0x00007fd25b582580 | 80 25 58 5b d2 7f 00 00
R15=0x10007fd2045ad9f8 is an unknown value


Top of Stack: (sp=0x00007fd2282fa780)
0x00007fd2282fa780:   00007fd25b510b38 0000000000000538
0x00007fd2282fa790:   000000000000000a 00007fd1e06db148
0x00007fd2282fa7a0:   000010e50000106c 00007fd2041713b0
0x00007fd2282fa7b0:   00007fd1e0c89f38 0000000000000004
0x00007fd2282fa7c0:   00007fd2282fa898 00007fd1e06db138
0x00007fd2282fa7d0:   000000000000000a 00007fd1e0c7f1d0
0x00007fd2282fa7e0:   0000000000000018 00007fd2045b2a60
0x00007fd2282fa7f0:   00007fd2282fa8b0 00007fd2282fa898
0x00007fd2282fa800:   00007fd2282fa830 00007fd2282fc240
0x00007fd2282fa810:   00007fd2282fc2a8 00007fd2040afa80
0x00007fd2282fa820:   00007fd2282faab0 00007fd25abbf0cb
0x00007fd2282fa830:   00007fd10000000a 00007fd2282fd038
0x00007fd2282fa840:   00007fd1e0cd4660 0000000000000000
0x00007fd2282fa850:   00007fd1e01e8db0 00007fd1ec79d920
0x00007fd2282fa860:   00007fd1ec7a0e30 00007fd1ec021fa0
0x00007fd2282fa870:   00007fd2282fc1a0 00007fd2282fc340
0x00007fd2282fa880:   00007fd100000c88 00007fd2282faa48
0x00007fd2282fa890:   00007fd255150500 00007fd25b5a7238
0x00007fd2282fa8a0:   00007fd10000000d 00007fd2282fd038
0x00007fd2282fa8b0:   00007fd2282fc240 00007fd200003130
0x00007fd2282fa8c0:   00007fd204708790 0000000000001940
0x00007fd2282fa8d0:   0000000000000c4c 0000400000000078
0x00007fd2282fa8e0:   00007fd1e0788560 000000000000c4d0
0x00007fd2282fa8f0:   00007fd1e0000000 0000000000000000
0x00007fd2282fa900:   00007fd2282fc240 00007fd2282fa900
0x00007fd2282fa910:   000000000000000d 00007fd25a681bfb
0x00007fd2282fa920:   0000000000000000 0000000000000000
0x00007fd2282fa930:   0000000000000000 00007fd25a681bfb
0x00007fd2282fa940:   0000000000000000 00007fd25b20e872
0x00007fd2282fa950:   00007fd2282fe6c0 00007fd25b416753
0x00007fd2282fa960:   0000000000000002 0000000000000000
0x00007fd2282fa970:   0000000000000002 0000000000000000 

Instructions: (pc=0x00007fd25ac17646)
0x00007fd25ac17546:   d0 48 8b 45 a0 48 8b 58 10 48 8b 83 70 01 00 00
0x00007fd25ac17556:   48 83 78 58 00 0f 85 4c 13 00 00 48 83 bb 88 01
0x00007fd25ac17566:   00 00 00 0f 85 3e 13 00 00 49 8b 02 48 8b 48 48
0x00007fd25ac17576:   48 8b 41 30 48 8b 95 68 ff ff ff 4c 8b 34 d0 41
0x00007fd25ac17586:   8b 46 18 85 c0 74 13 49 8b 56 20 48 8b 12 41 83
0x00007fd25ac17596:   7e 28 02 73 12 e9 b1 12 00 00 31 d2 41 83 7e 28
0x00007fd25ac175a6:   02 0f 82 a4 12 00 00 8b 4a 18 48 89 8d 70 ff ff
0x00007fd25ac175b6:   ff 49 8d 4e 10 48 89 8d 78 ff ff ff b9 01 00 00
0x00007fd25ac175c6:   00 48 89 4d c0 4c 89 75 a8 48 8b 4d c0 39 c8 76
0x00007fd25ac175d6:   19 66 0f 1f 84 00 00 00 00 00 49 8b 46 20 89 c9
0x00007fd25ac175e6:   4c 8b 0c c8 eb 07 0f 1f 40 00 45 31 c9 4c 89 65
0x00007fd25ac175f6:   b8 41 8b 41 18 48 89 45 b0 48 83 f8 02 4c 89 4d
0x00007fd25ac17606:   c8 0f 82 93 01 00 00 bb 01 00 00 00 eb 2a 8d 4e
0x00007fd25ac17616:   01 41 89 4e 20 89 f1 4c 89 0c c8 66 2e 0f 1f 84
0x00007fd25ac17626:   00 00 00 00 00 0f 1f 44 00 00 48 83 c3 01 48 3b
0x00007fd25ac17636:   5d b0 0f 84 62 01 00 00 49 8b 41 08 4c 8b 3c d8
0x00007fd25ac17646:   41 8b 47 30 48 83 e0 01 74 e0 49 8b 4f 08 4c 8b
0x00007fd25ac17656:   34 c1 4d 8b 22 49 63 57 28 49 8b 8c 24 f0 00 00
0x00007fd25ac17666:   00 49 8b 84 24 08 01 00 00 4c 63 2c 90 46 39 2c
0x00007fd25ac17676:   a9 75 27 49 63 56 28 48 63 04 90 39 04 81 75 61
0x00007fd25ac17686:   4c 8b 4d c8 41 39 c5 75 a1 e9 82 00 00 00 66 2e
0x00007fd25ac17696:   0f 1f 84 00 00 00 00 00 66 90 49 8d bc 24 e0 00
0x00007fd25ac176a6:   00 00 44 89 ee e8 70 67 fa ff 4c 8b 55 d0 41 89
0x00007fd25ac176b6:   c5 49 63 47 28 49 8b 8c 24 08 01 00 00 44 89 2c
0x00007fd25ac176c6:   81 4d 8b 22 49 8b 8c 24 f0 00 00 00 49 8b 84 24
0x00007fd25ac176d6:   08 01 00 00 49 63 56 28 48 63 04 90 39 04 81 74
0x00007fd25ac176e6:   9f 49 8d bc 24 e0 00 00 00 89 c6 e8 2a 67 fa ff
0x00007fd25ac176f6:   4c 8b 55 d0 49 63 4e 28 49 8b 94 24 08 01 00 00
0x00007fd25ac17706:   89 04 8a 4c 8b 4d c8 41 39 c5 0f 85 1a ff ff ff
0x00007fd25ac17716:   49 8b 41 08 48 8b 0c d8 48 85 c9 74 38 48 8b 51
0x00007fd25ac17726:   10 48 85 d2 74 2f 44 8b 41 20 4a 8d 3c c2 66 2e
0x00007fd25ac17736:   0f 1f 84 00 00 00 00 00 66 90 48 89 fe 48 83 c7 


Stack slot to memory mapping:
stack at sp + 0 slots: 0x00007fd25b510b38: <offset 0x0000000001110b38> in /home/rodion/.local/share/JetBrains/Toolbox/apps/android-studio-2/jbr/lib/server/libjvm.so at 0x00007fd25a400000
stack at sp + 1 slots: 0x0000000000000538 is an unknown value
stack at sp + 2 slots: 0x000000000000000a is an unknown value
stack at sp + 3 slots: 0x00007fd1e06db148 points into unknown readable memory: 0x00007fd2282fd2a8 | a8 d2 2f 28 d2 7f 00 00
stack at sp + 4 slots: 0x000010e50000106c is an unknown value
stack at sp + 5 slots: 0x00007fd2041713b0 points into unknown readable memory: 0x000300030ffffcff | ff fc ff 0f 03 00 03 00
stack at sp + 6 slots: 0x00007fd1e0c89f38 points into unknown readable memory: 0x00007fd25b510b38 | 38 0b 51 5b d2 7f 00 00
stack at sp + 7 slots: 0x0000000000000004 is an unknown value


---------------  P R O C E S S  ---------------

Threads class SMR info:
_java_thread_list=0x00007fd1b83b75d0, length=26, elements={
0x00007fd254028470, 0x00007fd2541a16b0, 0x00007fd2541a2d10, 0x00007fd2541d2f10,
0x00007fd2541d42d0, 0x00007fd2541d56f0, 0x00007fd2541c81e0, 0x00007fd2541c96d0,
0x00007fd2541cab50, 0x00007fd254290340, 0x00007fd2543796f0, 0x00007fd1f80d00a0,
0x00007fd1f81432b0, 0x00007fd2555a00b0, 0x00007fd255621790, 0x00007fd255666a80,
0x00007fd1c4017390, 0x00007fd1bc003f70, 0x00007fd1bc007050, 0x00007fd1bc0086d0,
0x00007fd1b8003dd0, 0x00007fd1b800c240, 0x00007fd1b800f650, 0x00007fd1b81919a0,
0x00007fd1b819ac30, 0x00007fd1b83b66c0
}

Java Threads: ( => current thread )
  0x00007fd254028470 JavaThread "main" [_thread_blocked, id=14694, stack(0x00007fd25b700000,0x00007fd25b800000)]
  0x00007fd2541a16b0 JavaThread "Reference Handler" daemon [_thread_blocked, id=14701, stack(0x00007fd22945c000,0x00007fd22955c000)]
  0x00007fd2541a2d10 JavaThread "Finalizer" daemon [_thread_blocked, id=14702, stack(0x00007fd22935c000,0x00007fd22945c000)]
  0x00007fd2541d2f10 JavaThread "Signal Dispatcher" daemon [_thread_blocked, id=14703, stack(0x00007fd22925c000,0x00007fd22935c000)]
  0x00007fd2541d42d0 JavaThread "Service Thread" daemon [_thread_blocked, id=14704, stack(0x00007fd228b00000,0x00007fd228c00000)]
  0x00007fd2541d56f0 JavaThread "Monitor Deflation Thread" daemon [_thread_blocked, id=14705, stack(0x00007fd228a00000,0x00007fd228b00000)]
  0x00007fd2541c81e0 JavaThread "C2 CompilerThread0" daemon [_thread_in_native, id=14706, stack(0x00007fd228900000,0x00007fd228a00000)]
  0x00007fd2541c96d0 JavaThread "C1 CompilerThread0" daemon [_thread_blocked, id=14707, stack(0x00007fd228800000,0x00007fd228900000)]
  0x00007fd2541cab50 JavaThread "Sweeper thread" daemon [_thread_blocked, id=14708, stack(0x00007fd228700000,0x00007fd228800000)]
  0x00007fd254290340 JavaThread "Common-Cleaner" daemon [_thread_blocked, id=14709, stack(0x00007fd228600000,0x00007fd228700000)]
  0x00007fd2543796f0 JavaThread "Notification Thread" daemon [_thread_blocked, id=14710, stack(0x00007fd228500000,0x00007fd228600000)]
  0x00007fd1f80d00a0 JavaThread "C2 CompilerThread1" daemon [_thread_in_native, id=14712, stack(0x00007fd2282ff000,0x00007fd2283ff000)]
=>0x00007fd1f81432b0 JavaThread "C2 CompilerThread2" daemon [_thread_in_native, id=14713, stack(0x00007fd2281ff000,0x00007fd2282ff000)]
  0x00007fd2555a00b0 JavaThread "Daemon health stats" [_thread_blocked, id=14718, stack(0x00007fd1e7300000,0x00007fd1e7400000)]
  0x00007fd255621790 JavaThread "Incoming local TCP Connector on port 44233" [_thread_in_native, id=14719, stack(0x00007fd1e7200000,0x00007fd1e7300000)]
  0x00007fd255666a80 JavaThread "Daemon periodic checks" [_thread_blocked, id=14720, stack(0x00007fd1e7100000,0x00007fd1e7200000)]
  0x00007fd1c4017390 JavaThread "Daemon" [_thread_blocked, id=14721, stack(0x00007fd1e7000000,0x00007fd1e7100000)]
  0x00007fd1bc003f70 JavaThread "Handler for socket connection from /127.0.0.1:44233 to /127.0.0.1:34182" [_thread_in_native, id=14722, stack(0x00007fd1e6f00000,0x00007fd1e7000000)]
  0x00007fd1bc007050 JavaThread "Cancel handler" [_thread_blocked, id=14723, stack(0x00007fd1e6e00000,0x00007fd1e6f00000)]
  0x00007fd1bc0086d0 JavaThread "Daemon worker" [_thread_in_vm, id=14724, stack(0x00007fd1e6d00000,0x00007fd1e6e00000)]
  0x00007fd1b8003dd0 JavaThread "Asynchronous log dispatcher for DefaultDaemonConnection: socket connection from /127.0.0.1:44233 to /127.0.0.1:34182" [_thread_blocked, id=14727, stack(0x00007fd1e6c00000,0x00007fd1e6d00000)]
  0x00007fd1b800c240 JavaThread "Stdin handler" [_thread_blocked, id=14728, stack(0x00007fd1e6b00000,0x00007fd1e6c00000)]
  0x00007fd1b800f650 JavaThread "Daemon client event forwarder" [_thread_blocked, id=14729, stack(0x00007fd1e6a00000,0x00007fd1e6b00000)]
  0x00007fd1b81919a0 JavaThread "Cache worker for journal cache (/home/rodion/.gradle/caches/journal-1)" [_thread_blocked, id=14737, stack(0x00007fd1e61f9000,0x00007fd1e62f9000)]
  0x00007fd1b819ac30 JavaThread "File lock request listener" [_thread_in_native, id=14738, stack(0x00007fd1e5f09000,0x00007fd1e6009000)]
  0x00007fd1b83b66c0 JavaThread "Cache worker for file hash cache (/home/rodion/.gradle/caches/8.4/fileHashes)" [_thread_blocked, id=14739, stack(0x00007fd1e60f9000,0x00007fd1e61f9000)]

Other Threads:
  0x00007fd254191a20 VMThread "VM Thread" [stack: 0x00007fd22955d000,0x00007fd22965d000] [id=14700]
  0x00007fd2541515f0 WatcherThread [stack: 0x00007fd228400000,0x00007fd228500000] [id=14711]
  0x00007fd254098650 GCTaskThread "GC Thread#0" [stack: 0x00007fd258520000,0x00007fd258620000] [id=14695]
  0x00007fd2180065a0 GCTaskThread "GC Thread#1" [stack: 0x00007fd2280ff000,0x00007fd2281ff000] [id=14714]
  0x00007fd218006fc0 GCTaskThread "GC Thread#2" [stack: 0x00007fd1e7f00000,0x00007fd1e8000000] [id=14715]
  0x00007fd2180079e0 GCTaskThread "GC Thread#3" [stack: 0x00007fd1e7b00000,0x00007fd1e7c00000] [id=14716]
  0x00007fd218008400 GCTaskThread "GC Thread#4" [stack: 0x00007fd1e7700000,0x00007fd1e7800000] [id=14717]
  0x00007fd218009580 GCTaskThread "GC Thread#5" [stack: 0x00007fd1e6900000,0x00007fd1e6a00000] [id=14730]
  0x00007fd218009df0 GCTaskThread "GC Thread#6" [stack: 0x00007fd1e67ff000,0x00007fd1e68ff000] [id=14731]
  0x00007fd21800a810 GCTaskThread "GC Thread#7" [stack: 0x00007fd1e66fe000,0x00007fd1e67fe000] [id=14732]
  0x00007fd21800b230 GCTaskThread "GC Thread#8" [stack: 0x00007fd1e65fd000,0x00007fd1e66fd000] [id=14733]
  0x00007fd21800bf80 GCTaskThread "GC Thread#9" [stack: 0x00007fd1e64fc000,0x00007fd1e65fc000] [id=14734]
  0x00007fd2540a2bf0 ConcurrentGCThread "G1 Main Marker" [stack: 0x00007fd25841f000,0x00007fd25851f000] [id=14696]
  0x00007fd2540a3b60 ConcurrentGCThread "G1 Conc#0" [stack: 0x00007fd25831e000,0x00007fd25841e000] [id=14697]
  0x00007fd22c000eb0 ConcurrentGCThread "G1 Conc#1" [stack: 0x00007fd1e63fb000,0x00007fd1e64fb000] [id=14735]
  0x00007fd22c001910 ConcurrentGCThread "G1 Conc#2" [stack: 0x00007fd1e62fa000,0x00007fd1e63fa000] [id=14736]
  0x00007fd25410e9f0 ConcurrentGCThread "G1 Refine#0" [stack: 0x00007fd2298fa000,0x00007fd2299fa000] [id=14698]
  0x00007fd25410f8f0 ConcurrentGCThread "G1 Service" [stack: 0x00007fd2297f9000,0x00007fd2298f9000] [id=14699]

Threads with active compile tasks:
C2 CompilerThread0     1183 2009   !   4       java.net.URLClassLoader::findClass (47 bytes)
C2 CompilerThread1     1183 2012   !   4       java.net.URLClassLoader$1::run (81 bytes)
C2 CompilerThread2     1183 1975   !   4       java.lang.ClassLoader::loadClass (121 bytes)

VM state: not at safepoint (normal execution)

VM Mutex/Monitor currently owned by a thread: None

Heap address: 0x00000006e0000000, size: 4608 MB, Compressed Oops mode: Zero based, Oop shift amount: 3

CDS archive(s) not mapped
Compressed class space mapped at: 0x0000000800000000-0x0000000840000000, reserved size: 1073741824
Narrow klass base: 0x0000000800000000, Narrow klass shift: 0, Narrow klass range: 0x40000000

GC Precious Log:
 CPUs: 16 total, 12 available
 Memory: 13817M
 Large Page Support: Disabled
 NUMA Support: Disabled
 Compressed Oops: Enabled (Zero based)
 Heap Region Size: 4M
 Heap Min Capacity: 8M
 Heap Initial Capacity: 216M
 Heap Max Capacity: 4608M
 Pre-touch: Disabled
 Parallel Workers: 10
 Concurrent Workers: 3
 Concurrent Refinement Workers: 10
 Periodic GC: Disabled

Heap:
 garbage-first heap   total 81920K, used 46750K [0x00000006e0000000, 0x0000000800000000)
  region size 4096K, 10 young (40960K), 2 survivors (8192K)
 Metaspace       used 25589K, committed 25856K, reserved 1114112K
  class space    used 3295K, committed 3456K, reserved 1048576K

Heap Regions: E=young(eden), S=young(survivor), O=old, HS=humongous(starts), HC=humongous(continues), CS=collection set, F=free, OA=open archive, CA=closed archive, TAMS=top-at-mark-start (previous, next)
|   0|0x00000006e0000000, 0x00000006e0400000, 0x00000006e0400000|100%|HS|  |TAMS 0x00000006e0400000, 0x00000006e0000000| Complete 
|   1|0x00000006e0400000, 0x00000006e0800000, 0x00000006e0800000|100%| O|  |TAMS 0x00000006e0800000, 0x00000006e0400000| Untracked 
|   2|0x00000006e0800000, 0x00000006e09c9400, 0x00000006e0c00000| 44%| O|  |TAMS 0x00000006e09c9400, 0x00000006e0800000| Complete 
|   3|0x00000006e0c00000, 0x00000006e0c00000, 0x00000006e1000000|  0%| F|  |TAMS 0x00000006e0c00000, 0x00000006e0c00000| Untracked 
|   4|0x00000006e1000000, 0x00000006e1000000, 0x00000006e1400000|  0%| F|  |TAMS 0x00000006e1000000, 0x00000006e1000000| Untracked 
|   5|0x00000006e1400000, 0x00000006e1400000, 0x00000006e1800000|  0%| F|  |TAMS 0x00000006e1400000, 0x00000006e1400000| Untracked 
|   6|0x00000006e1800000, 0x00000006e1800000, 0x00000006e1c00000|  0%| F|  |TAMS 0x00000006e1800000, 0x00000006e1800000| Untracked 
|   7|0x00000006e1c00000, 0x00000006e1c00000, 0x00000006e2000000|  0%| F|  |TAMS 0x00000006e1c00000, 0x00000006e1c00000| Untracked 
|   8|0x00000006e2000000, 0x00000006e2000000, 0x00000006e2400000|  0%| F|  |TAMS 0x00000006e2000000, 0x00000006e2000000| Untracked 
|   9|0x00000006e2400000, 0x00000006e2400000, 0x00000006e2800000|  0%| F|  |TAMS 0x00000006e2400000, 0x00000006e2400000| Untracked 
|  10|0x00000006e2800000, 0x00000006e288caa8, 0x00000006e2c00000| 13%| E|  |TAMS 0x00000006e2800000, 0x00000006e2800000| Complete 
|  11|0x00000006e2c00000, 0x00000006e3000000, 0x00000006e3000000|100%| E|CS|TAMS 0x00000006e2c00000, 0x00000006e2c00000| Complete 
|  12|0x00000006e3000000, 0x00000006e3400000, 0x00000006e3400000|100%| E|CS|TAMS 0x00000006e3000000, 0x00000006e3000000| Complete 
|  13|0x00000006e3400000, 0x00000006e3800000, 0x00000006e3800000|100%| E|CS|TAMS 0x00000006e3400000, 0x00000006e3400000| Complete 
|  14|0x00000006e3800000, 0x00000006e3c00000, 0x00000006e3c00000|100%| E|CS|TAMS 0x00000006e3800000, 0x00000006e3800000| Complete 
|  15|0x00000006e3c00000, 0x00000006e4000000, 0x00000006e4000000|100%| E|CS|TAMS 0x00000006e3c00000, 0x00000006e3c00000| Complete 
|  16|0x00000006e4000000, 0x00000006e4400000, 0x00000006e4400000|100%| E|CS|TAMS 0x00000006e4000000, 0x00000006e4000000| Complete 
|  39|0x00000006e9c00000, 0x00000006e9fde768, 0x00000006ea000000| 96%| S|CS|TAMS 0x00000006e9c00000, 0x00000006e9c00000| Complete 
|  40|0x00000006ea000000, 0x00000006ea400000, 0x00000006ea400000|100%| S|CS|TAMS 0x00000006ea000000, 0x00000006ea000000| Complete 
|  53|0x00000006ed400000, 0x00000006ed800000, 0x00000006ed800000|100%| E|CS|TAMS 0x00000006ed400000, 0x00000006ed400000| Complete 

Card table byte_map: [0x00007fd258620000,0x00007fd258f20000] _byte_map_base: 0x00007fd254f20000

Marking Bits (Prev, Next): (CMBitMap*) 0x00007fd254099120, (CMBitMap*) 0x00007fd2540990e0
 Prev Bits: [0x00007fd238100000, 0x00007fd23c900000)
 Next Bits: [0x00007fd23c900000, 0x00007fd241100000)

Polling page: 0x00007fd25bb56000

Metaspace:

Usage:
  Non-class:     21,78 MB used.
      Class:      3,22 MB used.
       Both:     25,01 MB used.

Virtual space:
  Non-class space:       64,00 MB reserved,      21,94 MB ( 34%) committed,  1 nodes.
      Class space:        1,00 GB reserved,       3,38 MB ( <1%) committed,  1 nodes.
             Both:        1,06 GB reserved,      25,31 MB (  2%) committed. 

Chunk freelists:
   Non-Class:  9,92 MB
       Class:  12,66 MB
        Both:  22,58 MB

MaxMetaspaceSize: unlimited
CompressedClassSpaceSize: 1,00 GB
Initial GC threshold: 21,00 MB
Current GC threshold: 35,12 MB
CDS: off
MetaspaceReclaimPolicy: balanced
 - commit_granule_bytes: 65536.
 - commit_granule_words: 8192.
 - virtual_space_node_default_size: 8388608.
 - enlarge_chunks_in_place: 1.
 - new_chunks_are_fully_committed: 0.
 - uncommit_free_chunks: 1.
 - use_allocation_guard: 0.
 - handle_deallocations: 1.


Internal statistics:

num_allocs_failed_limit: 3.
num_arena_births: 192.
num_arena_deaths: 0.
num_vsnodes_births: 2.
num_vsnodes_deaths: 0.
num_space_committed: 405.
num_space_uncommitted: 0.
num_chunks_returned_to_freelist: 3.
num_chunks_taken_from_freelist: 739.
num_chunk_merges: 3.
num_chunk_splits: 504.
num_chunks_enlarged: 372.
num_inconsistent_stats: 0.

CodeHeap 'non-profiled nmethods': size=120028Kb used=1010Kb max_used=1010Kb free=119017Kb
 bounds [0x00007fd2494c9000, 0x00007fd249739000, 0x00007fd250a00000]
CodeHeap 'profiled nmethods': size=120028Kb used=4044Kb max_used=4044Kb free=115984Kb
 bounds [0x00007fd241a00000, 0x00007fd241e00000, 0x00007fd248f37000]
CodeHeap 'non-nmethods': size=5704Kb used=1222Kb max_used=1256Kb free=4481Kb
 bounds [0x00007fd248f37000, 0x00007fd2491a7000, 0x00007fd2494c9000]
 total_blobs=2598 nmethods=2065 adapters=446
 compilation: enabled
              stopped_count=0, restarted_count=0
 full_count=0

Compilation events (20 events):
Event: 1,149 Thread 0x00007fd2541c96d0 2046       3       java.util.regex.Matcher::getSubSequence (12 bytes)
Event: 1,149 Thread 0x00007fd2541c96d0 nmethod 2046 0x00007fd241de5a10 code [0x00007fd241de5bc0, 0x00007fd241de5da0]
Event: 1,149 Thread 0x00007fd2541c96d0 2047       3       java.lang.String::subSequence (7 bytes)
Event: 1,149 Thread 0x00007fd2541c96d0 nmethod 2047 0x00007fd241de5e90 code [0x00007fd241de6040, 0x00007fd241de6180]
Event: 1,149 Thread 0x00007fd2541c96d0 2043       3       org.gradle.internal.service.DefaultServiceRegistry$OwnServices::getService (309 bytes)
Event: 1,151 Thread 0x00007fd2541c96d0 nmethod 2043 0x00007fd241de6210 code [0x00007fd241de6740, 0x00007fd241de95e0]
Event: 1,151 Thread 0x00007fd2541c96d0 2041       3       org.gradle.internal.service.DefaultServiceRegistry$SingletonService::getService (18 bytes)
Event: 1,151 Thread 0x00007fd2541c96d0 nmethod 2041 0x00007fd241dea310 code [0x00007fd241dea4e0, 0x00007fd241dea710]
Event: 1,151 Thread 0x00007fd2541c96d0 2042       3       org.gradle.internal.service.DefaultServiceRegistry::access$1300 (6 bytes)
Event: 1,151 Thread 0x00007fd2541c96d0 nmethod 2042 0x00007fd241dea810 code [0x00007fd241dea9c0, 0x00007fd241deaac0]
Event: 1,151 Thread 0x00007fd2541c96d0 2048       3       java.util.regex.Pattern$GroupHead::match (47 bytes)
Event: 1,152 Thread 0x00007fd2541c96d0 nmethod 2048 0x00007fd241deab90 code [0x00007fd241dead40, 0x00007fd241deafa0]
Event: 1,154 Thread 0x00007fd2541c96d0 2050       3       jdk.internal.reflect.ReflectionFactory::inflationThreshold (4 bytes)
Event: 1,154 Thread 0x00007fd2541c96d0 nmethod 2050 0x00007fd241deb110 code [0x00007fd241deb2a0, 0x00007fd241deb390]
Event: 1,165 Thread 0x00007fd2541c96d0 2052       3       com.google.common.collect.Hashing::smear (19 bytes)
Event: 1,165 Thread 0x00007fd2541c96d0 nmethod 2052 0x00007fd241deb410 code [0x00007fd241deb5a0, 0x00007fd241deb710]
Event: 1,165 Thread 0x00007fd2541c96d0 2053       3       java.lang.Integer::rotateLeft (9 bytes)
Event: 1,165 Thread 0x00007fd2541c96d0 nmethod 2053 0x00007fd241deb810 code [0x00007fd241deb9a0, 0x00007fd241deba90]
Event: 1,165 Thread 0x00007fd2541c96d0 2055       3       java.lang.invoke.AbstractValidatingLambdaMetafactory::isAdaptableTo (126 bytes)
Event: 1,166 Thread 0x00007fd2541c96d0 nmethod 2055 0x00007fd241debb10 code [0x00007fd241debda0, 0x00007fd241dec7e0]

GC Heap History (6 events):
Event: 0,328 GC heap before
{Heap before GC invocations=0 (full 0):
 garbage-first heap   total 221184K, used 20480K [0x00000006e0000000, 0x0000000800000000)
  region size 4096K, 5 young (20480K), 0 survivors (0K)
 Metaspace       used 9814K, committed 9920K, reserved 1114112K
  class space    used 977K, committed 1024K, reserved 1048576K
}
Event: 0,331 GC heap after
{Heap after GC invocations=1 (full 0):
 garbage-first heap   total 221184K, used 9979K [0x00000006e0000000, 0x0000000800000000)
  region size 4096K, 1 young (4096K), 1 survivors (4096K)
 Metaspace       used 9814K, committed 9920K, reserved 1114112K
  class space    used 977K, committed 1024K, reserved 1048576K
}
Event: 0,442 GC heap before
{Heap before GC invocations=1 (full 0):
 garbage-first heap   total 221184K, used 30459K [0x00000006e0000000, 0x0000000800000000)
  region size 4096K, 6 young (24576K), 1 survivors (4096K)
 Metaspace       used 11428K, committed 11584K, reserved 1114112K
  class space    used 1205K, committed 1280K, reserved 1048576K
}
Event: 0,445 GC heap after
{Heap after GC invocations=2 (full 0):
 garbage-first heap   total 221184K, used 10971K [0x00000006e0000000, 0x0000000800000000)
  region size 4096K, 1 young (4096K), 1 survivors (4096K)
 Metaspace       used 11428K, committed 11584K, reserved 1114112K
  class space    used 1205K, committed 1280K, reserved 1048576K
}
Event: 0,906 GC heap before
{Heap before GC invocations=2 (full 0):
 garbage-first heap   total 221184K, used 56027K [0x00000006e0000000, 0x0000000800000000)
  region size 4096K, 13 young (53248K), 1 survivors (4096K)
 Metaspace       used 21319K, committed 21504K, reserved 1114112K
  class space    used 2542K, committed 2624K, reserved 1048576K
}
Event: 0,909 GC heap after
{Heap after GC invocations=3 (full 0):
 garbage-first heap   total 221184K, used 18078K [0x00000006e0000000, 0x0000000800000000)
  region size 4096K, 2 young (8192K), 2 survivors (8192K)
 Metaspace       used 21319K, committed 21504K, reserved 1114112K
  class space    used 2542K, committed 2624K, reserved 1048576K
}

Dll operation events (13 events):
Event: 0,002 Loaded shared library /home/rodion/.local/share/JetBrains/Toolbox/apps/android-studio-2/jbr/lib/libjava.so
Event: 0,105 Loaded shared library /home/rodion/.local/share/JetBrains/Toolbox/apps/android-studio-2/jbr/lib/libzip.so
Event: 0,106 Loaded shared library /home/rodion/.local/share/JetBrains/Toolbox/apps/android-studio-2/jbr/lib/libinstrument.so
Event: 0,113 Loaded shared library /home/rodion/.local/share/JetBrains/Toolbox/apps/android-studio-2/jbr/lib/libnio.so
Event: 0,121 Loaded shared library /home/rodion/.local/share/JetBrains/Toolbox/apps/android-studio-2/jbr/lib/libzip.so
Event: 0,185 Loaded shared library /home/rodion/.local/share/JetBrains/Toolbox/apps/android-studio-2/jbr/lib/libjimage.so
Event: 0,218 Loaded shared library /home/rodion/.local/share/JetBrains/Toolbox/apps/android-studio-2/jbr/lib/libverify.so
Event: 0,303 Loaded shared library /home/rodion/.local/share/JetBrains/Toolbox/apps/android-studio-2/jbr/lib/libnet.so
Event: 0,305 Loaded shared library /home/rodion/.gradle/native/c067742578af261105cb4f569cf0c3c89f3d7b1fecec35dd04571415982c5e48/linux-amd64/libnative-platform.so
Event: 0,308 Loaded shared library /home/rodion/.gradle/native/38dada09dfb8b06ba9b0570ebf7e218e3eb74d4ef43ca46872605cf95ebc2f47/linux-amd64/libnative-platform-file-events.so
Event: 0,627 Loaded shared library /home/rodion/.local/share/JetBrains/Toolbox/apps/android-studio-2/jbr/lib/libmanagement.so
Event: 0,629 Loaded shared library /home/rodion/.local/share/JetBrains/Toolbox/apps/android-studio-2/jbr/lib/libmanagement_ext.so
Event: 0,729 Loaded shared library /home/rodion/.local/share/JetBrains/Toolbox/apps/android-studio-2/jbr/lib/libextnet.so

Deoptimization events (20 events):
Event: 1,036 Thread 0x00007fd1bc0086d0 Uncommon trap: trap_request=0xffffff45 fr.pc=0x00007fd24956ec0c relative=0x000000000000074c
Event: 1,036 Thread 0x00007fd1bc0086d0 Uncommon trap: reason=unstable_if action=reinterpret pc=0x00007fd24956ec0c method=java.util.ArrayList.grow(I)[Ljava/lang/Object; @ 17 c2
Event: 1,036 Thread 0x00007fd1bc0086d0 DEOPT PACKING pc=0x00007fd24956ec0c sp=0x00007fd1e6dfc910
Event: 1,036 Thread 0x00007fd1bc0086d0 DEOPT UNPACKING pc=0x00007fd248f8d699 sp=0x00007fd1e6dfc7a8 mode 2
Event: 1,051 Thread 0x00007fd1bc0086d0 Uncommon trap: trap_request=0xffffff45 fr.pc=0x00007fd249529954 relative=0x0000000000000594
Event: 1,051 Thread 0x00007fd1bc0086d0 Uncommon trap: reason=unstable_if action=reinterpret pc=0x00007fd249529954 method=java.io.UnixFileSystem.resolve(Ljava/lang/String;Ljava/lang/String;)Ljava/lang/String; @ 4 c2
Event: 1,051 Thread 0x00007fd1bc0086d0 DEOPT PACKING pc=0x00007fd249529954 sp=0x00007fd1e6dfc820
Event: 1,051 Thread 0x00007fd1bc0086d0 DEOPT UNPACKING pc=0x00007fd248f8d699 sp=0x00007fd1e6dfc7d8 mode 2
Event: 1,051 Thread 0x00007fd1bc0086d0 Uncommon trap: trap_request=0xffffffc6 fr.pc=0x00007fd2495375a8 relative=0x0000000000000088
Event: 1,051 Thread 0x00007fd1bc0086d0 Uncommon trap: reason=bimorphic_or_optimized_type_check action=maybe_recompile pc=0x00007fd2495375a8 method=java.util.AbstractList$Itr.hasNext()Z @ 8 c2
Event: 1,051 Thread 0x00007fd1bc0086d0 DEOPT PACKING pc=0x00007fd2495375a8 sp=0x00007fd1e6dfc130
Event: 1,051 Thread 0x00007fd1bc0086d0 DEOPT UNPACKING pc=0x00007fd248f8d699 sp=0x00007fd1e6dfc0e8 mode 2
Event: 1,051 Thread 0x00007fd1bc0086d0 Uncommon trap: trap_request=0xffffffc6 fr.pc=0x00007fd249537f68 relative=0x0000000000000148
Event: 1,051 Thread 0x00007fd1bc0086d0 Uncommon trap: reason=bimorphic_or_optimized_type_check action=maybe_recompile pc=0x00007fd249537f68 method=java.util.AbstractList$Itr.next()Ljava/lang/Object; @ 14 c2
Event: 1,051 Thread 0x00007fd1bc0086d0 DEOPT PACKING pc=0x00007fd249537f68 sp=0x00007fd1e6dfc120
Event: 1,051 Thread 0x00007fd1bc0086d0 DEOPT UNPACKING pc=0x00007fd248f8d699 sp=0x00007fd1e6dfc0d8 mode 2
Event: 1,051 Thread 0x00007fd1bc0086d0 Uncommon trap: trap_request=0xffffff45 fr.pc=0x00007fd24952e24c relative=0x000000000000058c
Event: 1,051 Thread 0x00007fd1bc0086d0 Uncommon trap: reason=unstable_if action=reinterpret pc=0x00007fd24952e24c method=java.io.File.getName()Ljava/lang/String; @ 16 c2
Event: 1,051 Thread 0x00007fd1bc0086d0 DEOPT PACKING pc=0x00007fd24952e24c sp=0x00007fd1e6dfc780
Event: 1,051 Thread 0x00007fd1bc0086d0 DEOPT UNPACKING pc=0x00007fd248f8d699 sp=0x00007fd1e6dfc750 mode 2

Classes unloaded (0 events):
No events

Classes redefined (0 events):
No events

Internal exceptions (20 events):
Event: 0,641 Thread 0x00007fd254028470 Exception <a 'java/lang/NoSuchMethodError'{0x00000006ec1d36e8}: 'java.lang.Object java.lang.invoke.DirectMethodHandle$Holder.invokeInterface(java.lang.Object, java.lang.Object)'> (0x00000006ec1d36e8) 
thrown [src/hotspot/share/interpreter/linkResolver.cpp, line 771]
Event: 0,754 Thread 0x00007fd254028470 Exception <a 'java/lang/NoSuchMethodError'{0x00000006eb6be0f8}: 'void java.lang.invoke.DirectMethodHandle$Holder.invokeStatic(java.lang.Object, java.lang.Object, java.lang.Object)'> (0x00000006eb6be0f8) 
thrown [src/hotspot/share/interpreter/linkResolver.cpp, line 771]
Event: 0,828 Thread 0x00007fd1bc0086d0 Exception <a 'java/lang/NoSuchMethodError'{0x00000006ead78de8}: 'long java.lang.invoke.DirectMethodHandle$Holder.invokeInterface(java.lang.Object, java.lang.Object)'> (0x00000006ead78de8) 
thrown [src/hotspot/share/interpreter/linkResolver.cpp, line 771]
Event: 0,831 Thread 0x00007fd1bc0086d0 Exception <a 'java/lang/NoSuchMethodError'{0x00000006eadb06c0}: 'java.lang.Object java.lang.invoke.DirectMethodHandle$Holder.invokeVirtual(java.lang.Object, java.lang.Object, java.lang.Object)'> (0x00000006eadb06c0) 
thrown [src/hotspot/share/interpreter/linkResolver.cpp, line 771]
Event: 0,864 Thread 0x00007fd1bc0086d0 Exception <a 'java/lang/NoSuchMethodError'{0x00000006ea963a78}: 'void java.lang.invoke.DirectMethodHandle$Holder.invokeStatic(java.lang.Object, java.lang.Object)'> (0x00000006ea963a78) 
thrown [src/hotspot/share/interpreter/linkResolver.cpp, line 771]
Event: 0,910 Thread 0x00007fd1bc0086d0 Exception <a 'java/lang/NoSuchMethodError'{0x00000006ed404b08}: 'java.lang.Object java.lang.invoke.DirectMethodHandle$Holder.newInvokeSpecial(java.lang.Object, java.lang.Object, java.lang.Object, java.lang.Object, java.lang.Object, java.lang.Object)'> (0x00000006ed404b08) 
thrown [src/hotspot/share/interpreter/linkResolver.cpp, line 771]
Event: 0,912 Thread 0x00007fd1bc0086d0 Exception <a 'java/lang/NoSuchMethodError'{0x00000006ed41c5f0}: 'void java.lang.invoke.DirectMethodHandle$Holder.invokeSpecial(java.lang.Object, java.lang.Object, java.lang.Object, java.lang.Object, java.lang.Object)'> (0x00000006ed41c5f0) 
thrown [src/hotspot/share/interpreter/linkResolver.cpp, line 771]
Event: 0,913 Thread 0x00007fd1bc0086d0 Exception <a 'java/lang/NoSuchMethodError'{0x00000006ed430478}: 'void java.lang.invoke.DirectMethodHandle$Holder.invokeStaticInit(java.lang.Object, java.lang.Object)'> (0x00000006ed430478) 
thrown [src/hotspot/share/interpreter/linkResolver.cpp, line 771]
Event: 0,930 Thread 0x00007fd1bc0086d0 Exception <a 'java/lang/NoSuchMethodError'{0x00000006ed5ea378}: 'java.lang.Object java.lang.invoke.DirectMethodHandle$Holder.newInvokeSpecial(java.lang.Object, java.lang.Object, java.lang.Object, int, java.lang.Object, java.lang.Object)'> (0x00000006ed5ea378) 
thrown [src/hotspot/share/interpreter/linkResolver.cpp, line 771]
Event: 0,949 Thread 0x00007fd1bc0086d0 Exception <a 'java/lang/NoSuchMethodError'{0x00000006ed7a8408}: 'void java.lang.invoke.DelegatingMethodHandle$Holder.reinvoke_L(java.lang.Object, java.lang.Object, java.lang.Object, java.lang.Object, java.lang.Object, java.lang.Object, java.lang.Object, java.lang.Object, java.lang.Object, java.lang.Object)'> (0x00000006ed7a8408) 
thrown [src/hotspot/share/interpreter/linkResolver.cpp, line 771]
Event: 0,949 Thread 0x00007fd1bc0086d0 Exception <a 'java/lang/NoSuchMethodError'{0x00000006ed7b09b8}: 'java.lang.Object java.lang.invoke.DirectMethodHandle$Holder.invokeSpecial(java.lang.Object, java.lang.Object, java.lang.Object, java.lang.Object, java.lang.Object, java.lang.Object, java.lang.Object, java.lang.Object, java.lang.Object, java.lang.Object)'> (0x00000006ed7b09b8) 
thrown [src/hotspot/share/interpreter/linkResolver.cpp, line 771]
Event: 0,949 Thread 0x00007fd1bc0086d0 Exception <a 'java/lang/NoSuchMethodError'{0x00000006ed7b5288}: 'java.lang.Object java.lang.invoke.Invokers$Holder.invoker(java.lang.Object, java.lang.Object, java.lang.Object, java.lang.Object, java.lang.Object, java.lang.Object, java.lang.Object, java.lang.Object, java.lang.Object, java.lang.Object)'> (0x00000006ed7b5288) 
thrown [src/hotspot/share/interpreter/linkResolver.cpp, line 771]
Event: 0,949 Thread 0x00007fd1bc0086d0 Exception <a 'java/lang/NoSuchMethodError'{0x00000006ed7bae90}: 'java.lang.Object java.lang.invoke.DirectMethodHandle$Holder.invokeSpecial(java.lang.Object, java.lang.Object, java.lang.Object, java.lang.Object, java.lang.Object, java.lang.Object, java.lang.Object, java.lang.Object, java.lang.Object, java.lang.Object, java.lang.Object)'> (0x00000006ed7bae90) 
thrown [src/hotspot/share/interpreter/linkResolver.cpp, line 771]
Event: 1,006 Thread 0x00007fd1bc0086d0 Exception <a 'java/lang/NoSuchMethodError'{0x00000006e3d93c18}: 'void java.lang.invoke.DirectMethodHandle$Holder.invokeStaticInit(java.lang.Object)'> (0x00000006e3d93c18) 
thrown [src/hotspot/share/interpreter/linkResolver.cpp, line 771]
Event: 1,014 Thread 0x00007fd1bc0086d0 Exception <a 'java/lang/NoSuchMethodError'{0x00000006e3e47a10}: 'java.lang.Object java.lang.invoke.DirectMethodHandle$Holder.newInvokeSpecial(java.lang.Object, java.lang.Object, java.lang.Object, int)'> (0x00000006e3e47a10) 
thrown [src/hotspot/share/interpreter/linkResolver.cpp, line 771]
Event: 1,014 Thread 0x00007fd1bc0086d0 Exception <a 'java/lang/NoSuchMethodError'{0x00000006e3e4c340}: 'java.lang.Object java.lang.invoke.DirectMethodHandle$Holder.invokeSpecial(java.lang.Object, java.lang.Object, java.lang.Object, java.lang.Object, int)'> (0x00000006e3e4c340) 
thrown [src/hotspot/share/interpreter/linkResolver.cpp, line 771]
Event: 1,015 Thread 0x00007fd1bc0086d0 Exception <a 'java/lang/NoSuchMethodError'{0x00000006e3e50458}: 'java.lang.Object java.lang.invoke.Invokers$Holder.linkToTargetMethod(java.lang.Object, java.lang.Object, int, java.lang.Object)'> (0x00000006e3e50458) 
thrown [src/hotspot/share/interpreter/linkResolver.cpp, line 771]
Event: 1,164 Thread 0x00007fd1bc0086d0 Exception <a 'java/lang/NoSuchMethodError'{0x00000006e2ea0578}: 'int java.lang.invoke.DirectMethodHandle$Holder.invokeSpecialIFC(java.lang.Object, java.lang.Object, java.lang.Object, java.lang.Object)'> (0x00000006e2ea0578) 
thrown [src/hotspot/share/interpreter/linkResolver.cpp, line 771]
Event: 1,165 Thread 0x00007fd1bc0086d0 Exception <a 'java/lang/NoSuchMethodError'{0x00000006e2eaf878}: 'java.lang.Object java.lang.invoke.DirectMethodHandle$Holder.invokeInterface(java.lang.Object, java.lang.Object, java.lang.Object)'> (0x00000006e2eaf878) 
thrown [src/hotspot/share/interpreter/linkResolver.cpp, line 771]
Event: 1,165 Thread 0x00007fd1bc0086d0 Exception <a 'java/lang/IncompatibleClassChangeError'{0x00000006e2eb3738}: Found class java.lang.Object, but interface was expected> (0x00000006e2eb3738) 
thrown [src/hotspot/share/interpreter/linkResolver.cpp, line 838]

VM Operations (20 events):
Event: 0,591 Executing VM operation: HandshakeAllThreads
Event: 0,591 Executing VM operation: HandshakeAllThreads done
Event: 0,620 Executing VM operation: HandshakeAllThreads
Event: 0,620 Executing VM operation: HandshakeAllThreads done
Event: 0,639 Executing VM operation: HandshakeAllThreads
Event: 0,639 Executing VM operation: HandshakeAllThreads done
Event: 0,677 Executing VM operation: HandshakeAllThreads
Event: 0,677 Executing VM operation: HandshakeAllThreads done
Event: 0,906 Executing VM operation: CollectForMetadataAllocation
Event: 0,909 Executing VM operation: CollectForMetadataAllocation done
Event: 0,913 Executing VM operation: G1PauseRemark
Event: 0,914 Executing VM operation: G1PauseRemark done
Event: 0,918 Executing VM operation: G1PauseCleanup
Event: 0,918 Executing VM operation: G1PauseCleanup done
Event: 0,936 Executing VM operation: HandshakeAllThreads
Event: 0,936 Executing VM operation: HandshakeAllThreads done
Event: 1,066 Executing VM operation: HandshakeAllThreads
Event: 1,066 Executing VM operation: HandshakeAllThreads done
Event: 1,066 Executing VM operation: HandshakeAllThreads
Event: 1,066 Executing VM operation: HandshakeAllThreads done

Events (20 events):
Event: 1,151 loading class sun/security/provider/MD5
Event: 1,151 loading class sun/security/provider/MD5 done
Event: 1,152 loading class sun/security/provider/SHA2$SHA256
Event: 1,152 loading class sun/security/provider/SHA2
Event: 1,152 loading class sun/security/provider/SHA2 done
Event: 1,152 loading class sun/security/provider/SHA2$SHA256 done
Event: 1,152 loading class sun/security/provider/SHA5$SHA512
Event: 1,152 loading class sun/security/provider/SHA5
Event: 1,152 loading class sun/security/provider/SHA5 done
Event: 1,152 loading class sun/security/provider/SHA5$SHA512 done
Event: 1,153 loading class sun/security/provider/ByteArrayAccess$LE
Event: 1,153 loading class sun/security/provider/ByteArrayAccess$LE done
Event: 1,161 loading class java/util/concurrent/Semaphore
Event: 1,161 loading class java/util/concurrent/Semaphore done
Event: 1,163 loading class java/nio/file/FileVisitOption
Event: 1,163 loading class java/nio/file/FileVisitOption done
Event: 1,165 loading class java/util/stream/ReduceOps$1
Event: 1,165 loading class java/util/stream/ReduceOps$1 done
Event: 1,165 loading class java/util/stream/ReduceOps$1ReducingSink
Event: 1,165 loading class java/util/stream/ReduceOps$1ReducingSink done


Dynamic libraries:
00200000-00201000 r--p 00000000 103:04 2686830                           /home/rodion/.local/share/JetBrains/Toolbox/apps/android-studio-2/jbr/bin/java
00201000-00202000 r-xp 00000000 103:04 2686830                           /home/rodion/.local/share/JetBrains/Toolbox/apps/android-studio-2/jbr/bin/java
00202000-00203000 r--p 00000000 103:04 2686830                           /home/rodion/.local/share/JetBrains/Toolbox/apps/android-studio-2/jbr/bin/java
00203000-00204000 rw-p 00000000 103:04 2686830                           /home/rodion/.local/share/JetBrains/Toolbox/apps/android-studio-2/jbr/bin/java
013bf000-01407000 rw-p 00000000 00:00 0                                  [heap]
6e0000000-6e4400000 rw-p 00000000 00:00 0 
6e4400000-6e9c00000 ---p 00000000 00:00 0 
6e9c00000-6ea400000 rw-p 00000000 00:00 0 
6ea400000-6ed400000 ---p 00000000 00:00 0 
6ed400000-6ed800000 rw-p 00000000 00:00 0 
6ed800000-800000000 ---p 00000000 00:00 0 
800000000-800010000 rw-p 00000000 00:00 0 
800010000-800030000 rw-p 00000000 00:00 0 
800030000-8000b0000 rw-p 00000000 00:00 0 
8000b0000-800130000 rw-p 00000000 00:00 0 
800130000-8001b0000 rw-p 00000000 00:00 0 
8001b0000-8001f0000 rw-p 00000000 00:00 0 
8001f0000-800360000 rw-p 00000000 00:00 0 
800360000-840000000 ---p 00000000 00:00 0 
7fd17c000000-7fd17c021000 rw-p 00000000 00:00 0 
7fd17c021000-7fd180000000 ---p 00000000 00:00 0 
7fd184000000-7fd184021000 rw-p 00000000 00:00 0 
7fd184021000-7fd188000000 ---p 00000000 00:00 0 
7fd188000000-7fd188021000 rw-p 00000000 00:00 0 
7fd188021000-7fd18c000000 ---p 00000000 00:00 0 
7fd18c000000-7fd18c021000 rw-p 00000000 00:00 0 
7fd18c021000-7fd190000000 ---p 00000000 00:00 0 
7fd190000000-7fd190021000 rw-p 00000000 00:00 0 
7fd190021000-7fd194000000 ---p 00000000 00:00 0 
7fd194000000-7fd194021000 rw-p 00000000 00:00 0 
7fd194021000-7fd198000000 ---p 00000000 00:00 0 
7fd198000000-7fd198021000 rw-p 00000000 00:00 0 
7fd198021000-7fd19c000000 ---p 00000000 00:00 0 
7fd19c000000-7fd19c021000 rw-p 00000000 00:00 0 
7fd19c021000-7fd1a0000000 ---p 00000000 00:00 0 
7fd1a0000000-7fd1a0021000 rw-p 00000000 00:00 0 
7fd1a0021000-7fd1a4000000 ---p 00000000 00:00 0 
7fd1a4000000-7fd1a4021000 rw-p 00000000 00:00 0 
7fd1a4021000-7fd1a8000000 ---p 00000000 00:00 0 
7fd1a8000000-7fd1a8021000 rw-p 00000000 00:00 0 
7fd1a8021000-7fd1ac000000 ---p 00000000 00:00 0 
7fd1ac000000-7fd1ac021000 rw-p 00000000 00:00 0 
7fd1ac021000-7fd1b0000000 ---p 00000000 00:00 0 
7fd1b0000000-7fd1b0021000 rw-p 00000000 00:00 0 
7fd1b0021000-7fd1b4000000 ---p 00000000 00:00 0 
7fd1b4000000-7fd1b4021000 rw-p 00000000 00:00 0 
7fd1b4021000-7fd1b8000000 ---p 00000000 00:00 0 
7fd1b8000000-7fd1b8543000 rw-p 00000000 00:00 0 
7fd1b8543000-7fd1bc000000 ---p 00000000 00:00 0 
7fd1bc000000-7fd1bc021000 rw-p 00000000 00:00 0 
7fd1bc021000-7fd1c0000000 ---p 00000000 00:00 0 
7fd1c0000000-7fd1c0022000 rw-p 00000000 00:00 0 
7fd1c0022000-7fd1c4000000 ---p 00000000 00:00 0 
7fd1c4000000-7fd1c4055000 rw-p 00000000 00:00 0 
7fd1c4055000-7fd1c8000000 ---p 00000000 00:00 0 
7fd1c8000000-7fd1c8021000 rw-p 00000000 00:00 0 
7fd1c8021000-7fd1cc000000 ---p 00000000 00:00 0 
7fd1cc000000-7fd1cc021000 rw-p 00000000 00:00 0 
7fd1cc021000-7fd1d0000000 ---p 00000000 00:00 0 
7fd1d0000000-7fd1d0023000 rw-p 00000000 00:00 0 
7fd1d0023000-7fd1d4000000 ---p 00000000 00:00 0 
7fd1d4000000-7fd1d4021000 rw-p 00000000 00:00 0 
7fd1d4021000-7fd1d8000000 ---p 00000000 00:00 0 
7fd1d8000000-7fd1d8021000 rw-p 00000000 00:00 0 
7fd1d8021000-7fd1dc000000 ---p 00000000 00:00 0 
7fd1dc000000-7fd1dc021000 rw-p 00000000 00:00 0 
7fd1dc021000-7fd1e0000000 ---p 00000000 00:00 0 
7fd1e0000000-7fd1e0f55000 rw-p 00000000 00:00 0 
7fd1e0f55000-7fd1e4000000 ---p 00000000 00:00 0 
7fd1e5c6c000-7fd1e5f09000 rw-p 00000000 00:00 0 
7fd1e5f09000-7fd1e5f0d000 ---p 00000000 00:00 0 
7fd1e5f0d000-7fd1e6009000 rw-p 00000000 00:00 0 
7fd1e60f9000-7fd1e60fd000 ---p 00000000 00:00 0 
7fd1e60fd000-7fd1e61f9000 rw-p 00000000 00:00 0 
7fd1e61f9000-7fd1e61fd000 ---p 00000000 00:00 0 
7fd1e61fd000-7fd1e62f9000 rw-p 00000000 00:00 0 
7fd1e62f9000-7fd1e62fa000 ---p 00000000 00:00 0 
7fd1e62fa000-7fd1e63fa000 rw-p 00000000 00:00 0 
7fd1e63fa000-7fd1e63fb000 ---p 00000000 00:00 0 
7fd1e63fb000-7fd1e64fb000 rw-p 00000000 00:00 0 
7fd1e64fb000-7fd1e64fc000 ---p 00000000 00:00 0 
7fd1e64fc000-7fd1e65fc000 rw-p 00000000 00:00 0 
7fd1e65fc000-7fd1e65fd000 ---p 00000000 00:00 0 
7fd1e65fd000-7fd1e66fd000 rw-p 00000000 00:00 0 
7fd1e66fd000-7fd1e66fe000 ---p 00000000 00:00 0 
7fd1e66fe000-7fd1e67fe000 rw-p 00000000 00:00 0 
7fd1e67fe000-7fd1e67ff000 ---p 00000000 00:00 0 
7fd1e67ff000-7fd1e68ff000 rw-p 00000000 00:00 0 
7fd1e68ff000-7fd1e6900000 ---p 00000000 00:00 0 
7fd1e6900000-7fd1e6a00000 rw-p 00000000 00:00 0 
7fd1e6a00000-7fd1e6a04000 ---p 00000000 00:00 0 
7fd1e6a04000-7fd1e6b00000 rw-p 00000000 00:00 0 
7fd1e6b00000-7fd1e6b04000 ---p 00000000 00:00 0 
7fd1e6b04000-7fd1e6c00000 rw-p 00000000 00:00 0 
7fd1e6c00000-7fd1e6c04000 ---p 00000000 00:00 0 
7fd1e6c04000-7fd1e6d00000 rw-p 00000000 00:00 0 
7fd1e6d00000-7fd1e6d04000 ---p 00000000 00:00 0 
7fd1e6d04000-7fd1e6e00000 rw-p 00000000 00:00 0 
7fd1e6e00000-7fd1e6e04000 ---p 00000000 00:00 0 
7fd1e6e04000-7fd1e6f00000 rw-p 00000000 00:00 0 
7fd1e6f00000-7fd1e6f04000 ---p 00000000 00:00 0 
7fd1e6f04000-7fd1e7000000 rw-p 00000000 00:00 0 
7fd1e7000000-7fd1e7004000 ---p 00000000 00:00 0 
7fd1e7004000-7fd1e7100000 rw-p 00000000 00:00 0 
7fd1e7100000-7fd1e7104000 ---p 00000000 00:00 0 
7fd1e7104000-7fd1e7200000 rw-p 00000000 00:00 0 
7fd1e7200000-7fd1e7204000 ---p 00000000 00:00 0 
7fd1e7204000-7fd1e7300000 rw-p 00000000 00:00 0 
7fd1e7300000-7fd1e7304000 ---p 00000000 00:00 0 
7fd1e7304000-7fd1e7400000 rw-p 00000000 00:00 0 
7fd1e7400000-7fd1e749c000 r--p 00000000 103:04 1968521                   /usr/lib/x86_64-linux-gnu/libstdc++.so.6.0.32
7fd1e749c000-7fd1e75cd000 r-xp 0009c000 103:04 1968521                   /usr/lib/x86_64-linux-gnu/libstdc++.so.6.0.32
7fd1e75cd000-7fd1e765a000 r--p 001cd000 103:04 1968521                   /usr/lib/x86_64-linux-gnu/libstdc++.so.6.0.32
7fd1e765a000-7fd1e7665000 r--p 0025a000 103:04 1968521                   /usr/lib/x86_64-linux-gnu/libstdc++.so.6.0.32
7fd1e7665000-7fd1e7668000 rw-p 00265000 103:04 1968521                   /usr/lib/x86_64-linux-gnu/libstdc++.so.6.0.32
7fd1e7668000-7fd1e766c000 rw-p 00000000 00:00 0 
7fd1e76ff000-7fd1e7700000 ---p 00000000 00:00 0 
7fd1e7700000-7fd1e7800000 rw-p 00000000 00:00 0 
7fd1e7800000-7fd1e7853000 r-xp 00000000 103:04 2789371                   /home/rodion/.gradle/native/38dada09dfb8b06ba9b0570ebf7e218e3eb74d4ef43ca46872605cf95ebc2f47/linux-amd64/libnative-platform-file-events.so
7fd1e7853000-7fd1e7a52000 ---p 00053000 103:04 2789371                   /home/rodion/.gradle/native/38dada09dfb8b06ba9b0570ebf7e218e3eb74d4ef43ca46872605cf95ebc2f47/linux-amd64/libnative-platform-file-events.so
7fd1e7a52000-7fd1e7a53000 r--p 00052000 103:04 2789371                   /home/rodion/.gradle/native/38dada09dfb8b06ba9b0570ebf7e218e3eb74d4ef43ca46872605cf95ebc2f47/linux-amd64/libnative-platform-file-events.so
7fd1e7a53000-7fd1e7a55000 rw-p 00053000 103:04 2789371                   /home/rodion/.gradle/native/38dada09dfb8b06ba9b0570ebf7e218e3eb74d4ef43ca46872605cf95ebc2f47/linux-amd64/libnative-platform-file-events.so
7fd1e7aff000-7fd1e7b00000 ---p 00000000 00:00 0 
7fd1e7b00000-7fd1e7c00000 rw-p 00000000 00:00 0 
7fd1e7c00000-7fd1e7c05000 r-xp 00000000 103:04 2787315                   /home/rodion/.gradle/native/c067742578af261105cb4f569cf0c3c89f3d7b1fecec35dd04571415982c5e48/linux-amd64/libnative-platform.so
7fd1e7c05000-7fd1e7e05000 ---p 00005000 103:04 2787315                   /home/rodion/.gradle/native/c067742578af261105cb4f569cf0c3c89f3d7b1fecec35dd04571415982c5e48/linux-amd64/libnative-platform.so
7fd1e7e05000-7fd1e7e06000 r--p 00005000 103:04 2787315                   /home/rodion/.gradle/native/c067742578af261105cb4f569cf0c3c89f3d7b1fecec35dd04571415982c5e48/linux-amd64/libnative-platform.so
7fd1e7e06000-7fd1e7e07000 rw-p 00006000 103:04 2787315                   /home/rodion/.gradle/native/c067742578af261105cb4f569cf0c3c89f3d7b1fecec35dd04571415982c5e48/linux-amd64/libnative-platform.so
7fd1e7eff000-7fd1e7f00000 ---p 00000000 00:00 0 
7fd1e7f00000-7fd1e8021000 rw-p 00000000 00:00 0 
7fd1e8021000-7fd1ec000000 ---p 00000000 00:00 0 
7fd1ec000000-7fd1ecd58000 rw-p 00000000 00:00 0 
7fd1ecd58000-7fd1f0000000 ---p 00000000 00:00 0 
7fd1f0000000-7fd1f0021000 rw-p 00000000 00:00 0 
7fd1f0021000-7fd1f4000000 ---p 00000000 00:00 0 
7fd1f4000000-7fd1f4021000 rw-p 00000000 00:00 0 
7fd1f4021000-7fd1f8000000 ---p 00000000 00:00 0 
7fd1f8000000-7fd1f843c000 rw-p 00000000 00:00 0 
7fd1f843c000-7fd1fc000000 ---p 00000000 00:00 0 
7fd1fc000000-7fd1fc021000 rw-p 00000000 00:00 0 
7fd1fc021000-7fd200000000 ---p 00000000 00:00 0 
7fd200000000-7fd200021000 rw-p 00000000 00:00 0 
7fd200021000-7fd204000000 ---p 00000000 00:00 0 
7fd204000000-7fd204a2d000 rw-p 00000000 00:00 0 
7fd204a2d000-7fd208000000 ---p 00000000 00:00 0 
7fd208000000-7fd208021000 rw-p 00000000 00:00 0 
7fd208021000-7fd20c000000 ---p 00000000 00:00 0 
7fd20c000000-7fd20c021000 rw-p 00000000 00:00 0 
7fd20c021000-7fd210000000 ---p 00000000 00:00 0 
7fd210000000-7fd210021000 rw-p 00000000 00:00 0 
7fd210021000-7fd214000000 ---p 00000000 00:00 0 
7fd214000000-7fd214021000 rw-p 00000000 00:00 0 
7fd214021000-7fd218000000 ---p 00000000 00:00 0 
7fd218000000-7fd218021000 rw-p 00000000 00:00 0 
7fd218021000-7fd21c000000 ---p 00000000 00:00 0 
7fd21c000000-7fd21c021000 rw-p 00000000 00:00 0 
7fd21c021000-7fd220000000 ---p 00000000 00:00 0 
7fd220000000-7fd2204f0000 rw-p 00000000 00:00 0 
7fd2204f0000-7fd220530000 rw-p 00000000 00:00 0 
7fd220530000-7fd220570000 rw-p 00000000 00:00 0 
7fd220570000-7fd2206f0000 rw-p 00000000 00:00 0 
7fd2206f0000-7fd220770000 rw-p 00000000 00:00 0 
7fd220770000-7fd2207f0000 rw-p 00000000 00:00 0 
7fd2207f0000-7fd2208f0000 rw-p 00000000 00:00 0 
7fd2208f0000-7fd2209f0000 rw-p 00000000 00:00 0 
7fd2209f0000-7fd220af0000 rw-p 00000000 00:00 0 
7fd220af0000-7fd220bf0000 rw-p 00000000 00:00 0 
7fd220bf0000-7fd220cf0000 rw-p 00000000 00:00 0 
7fd220cf0000-7fd220ef0000 rw-p 00000000 00:00 0 
7fd220ef0000-7fd220f70000 rw-p 00000000 00:00 0 
7fd220f70000-7fd2210f0000 rw-p 00000000 00:00 0 
7fd2210f0000-7fd2211d0000 rw-p 00000000 00:00 0 
7fd2211d0000-7fd221200000 ---p 00000000 00:00 0 
7fd221200000-7fd221620000 rw-p 00000000 00:00 0 
7fd221620000-7fd224000000 ---p 00000000 00:00 0 
7fd224000000-7fd224021000 rw-p 00000000 00:00 0 
7fd224021000-7fd228000000 ---p 00000000 00:00 0 
7fd2280fe000-7fd2280ff000 ---p 00000000 00:00 0 
7fd2280ff000-7fd2281ff000 rw-p 00000000 00:00 0 
7fd2281ff000-7fd228203000 ---p 00000000 00:00 0 
7fd228203000-7fd2282ff000 rw-p 00000000 00:00 0 
7fd2282ff000-7fd228303000 ---p 00000000 00:00 0 
7fd228303000-7fd2283ff000 rw-p 00000000 00:00 0 
7fd2283ff000-7fd228400000 ---p 00000000 00:00 0 
7fd228400000-7fd228500000 rw-p 00000000 00:00 0 
7fd228500000-7fd228504000 ---p 00000000 00:00 0 
7fd228504000-7fd228600000 rw-p 00000000 00:00 0 
7fd228600000-7fd228604000 ---p 00000000 00:00 0 
7fd228604000-7fd228700000 rw-p 00000000 00:00 0 
7fd228700000-7fd228704000 ---p 00000000 00:00 0 
7fd228704000-7fd228800000 rw-p 00000000 00:00 0 
7fd228800000-7fd228804000 ---p 00000000 00:00 0 
7fd228804000-7fd228900000 rw-p 00000000 00:00 0 
7fd228900000-7fd228904000 ---p 00000000 00:00 0 
7fd228904000-7fd228a00000 rw-p 00000000 00:00 0 
7fd228a00000-7fd228a04000 ---p 00000000 00:00 0 
7fd228a04000-7fd228b00000 rw-p 00000000 00:00 0 
7fd228b00000-7fd228b04000 ---p 00000000 00:00 0 
7fd228b04000-7fd228c00000 rw-p 00000000 00:00 0 
7fd228c00000-7fd229175000 r--p 00000000 103:04 1995264                   /usr/lib/locale/locale-archive
7fd22925c000-7fd229260000 ---p 00000000 00:00 0 
7fd229260000-7fd22935c000 rw-p 00000000 00:00 0 
7fd22935c000-7fd229360000 ---p 00000000 00:00 0 
7fd229360000-7fd22945c000 rw-p 00000000 00:00 0 
7fd22945c000-7fd229460000 ---p 00000000 00:00 0 
7fd229460000-7fd22955c000 rw-p 00000000 00:00 0 
7fd22955c000-7fd22955d000 ---p 00000000 00:00 0 
7fd22955d000-7fd22965d000 rw-p 00000000 00:00 0 
7fd229777000-7fd2297f8000 rw-p 00000000 00:00 0 
7fd2297f8000-7fd2297f9000 ---p 00000000 00:00 0 
7fd2297f9000-7fd2298f9000 rw-p 00000000 00:00 0 
7fd2298f9000-7fd2298fa000 ---p 00000000 00:00 0 
7fd2298fa000-7fd22c021000 rw-p 00000000 00:00 0 
7fd22c021000-7fd230000000 ---p 00000000 00:00 0 
7fd230000000-7fd230021000 rw-p 00000000 00:00 0 
7fd230021000-7fd234000000 ---p 00000000 00:00 0 
7fd234000000-7fd234021000 rw-p 00000000 00:00 0 
7fd234021000-7fd238000000 ---p 00000000 00:00 0 
7fd238009000-7fd23800c000 r--p 00000000 103:04 1968519                   /usr/lib/x86_64-linux-gnu/libgcc_s.so.1
7fd23800c000-7fd238027000 r-xp 00003000 103:04 1968519                   /usr/lib/x86_64-linux-gnu/libgcc_s.so.1
7fd238027000-7fd23802b000 r--p 0001e000 103:04 1968519                   /usr/lib/x86_64-linux-gnu/libgcc_s.so.1
7fd23802b000-7fd23802c000 r--p 00021000 103:04 1968519                   /usr/lib/x86_64-linux-gnu/libgcc_s.so.1
7fd23802c000-7fd23802d000 rw-p 00022000 103:04 1968519                   /usr/lib/x86_64-linux-gnu/libgcc_s.so.1
7fd238043000-7fd23804c000 r--p 00000000 103:04 2686922                   /home/rodion/.local/share/JetBrains/Toolbox/apps/android-studio-2/jbr/lib/libzip.so
7fd23804c000-7fd238061000 r-xp 00008000 103:04 2686922                   /home/rodion/.local/share/JetBrains/Toolbox/apps/android-studio-2/jbr/lib/libzip.so
7fd238061000-7fd238063000 r--p 0001c000 103:04 2686922                   /home/rodion/.local/share/JetBrains/Toolbox/apps/android-studio-2/jbr/lib/libzip.so
7fd238063000-7fd238064000 rw-p 0001d000 103:04 2686922                   /home/rodion/.local/share/JetBrains/Toolbox/apps/android-studio-2/jbr/lib/libzip.so
7fd238064000-7fd238210000 rw-p 00000000 00:00 0 
7fd238210000-7fd238370000 ---p 00000000 00:00 0 
7fd238370000-7fd238390000 rw-p 00000000 00:00 0 
7fd238390000-7fd238450000 ---p 00000000 00:00 0 
7fd238450000-7fd238460000 rw-p 00000000 00:00 0 
7fd238460000-7fd23c900000 ---p 00000000 00:00 0 
7fd23c900000-7fd23ca10000 rw-p 00000000 00:00 0 
7fd23ca10000-7fd23cb70000 ---p 00000000 00:00 0 
7fd23cb70000-7fd23cb90000 rw-p 00000000 00:00 0 
7fd23cb90000-7fd23cc50000 ---p 00000000 00:00 0 
7fd23cc50000-7fd23cc60000 rw-p 00000000 00:00 0 
7fd23cc60000-7fd241100000 ---p 00000000 00:00 0 
7fd241100000-7fd241122000 rw-p 00000000 00:00 0 
7fd241122000-7fd24114e000 ---p 00000000 00:00 0 
7fd24114e000-7fd241152000 rw-p 00000000 00:00 0 
7fd241152000-7fd24116a000 ---p 00000000 00:00 0 
7fd24116a000-7fd24116c000 rw-p 00000000 00:00 0 
7fd24116c000-7fd241a00000 ---p 00000000 00:00 0 
7fd241a00000-7fd241e00000 rwxp 00000000 00:00 0 
7fd241e00000-7fd248f37000 ---p 00000000 00:00 0 
7fd248f37000-7fd2491a7000 rwxp 00000000 00:00 0 
7fd2491a7000-7fd2494c9000 ---p 00000000 00:00 0 
7fd2494c9000-7fd249739000 rwxp 00000000 00:00 0 
7fd249739000-7fd250a00000 ---p 00000000 00:00 0 
7fd250a00000-7fd253ee6000 r--s 00000000 103:04 2686930                   /home/rodion/.local/share/JetBrains/Toolbox/apps/android-studio-2/jbr/lib/modules
7fd253ee7000-7fd253eee000 r--s 00000000 103:04 1968884                   /usr/lib/x86_64-linux-gnu/gconv/gconv-modules.cache
7fd253eee000-7fd253ef4000 r--p 00000000 103:04 2686927                   /home/rodion/.local/share/JetBrains/Toolbox/apps/android-studio-2/jbr/lib/libverify.so
7fd253ef4000-7fd253efc000 r-xp 00005000 103:04 2686927                   /home/rodion/.local/share/JetBrains/Toolbox/apps/android-studio-2/jbr/lib/libverify.so
7fd253efc000-7fd253efe000 r--p 0000c000 103:04 2686927                   /home/rodion/.local/share/JetBrains/Toolbox/apps/android-studio-2/jbr/lib/libverify.so
7fd253efe000-7fd253eff000 rw-p 0000d000 103:04 2686927                   /home/rodion/.local/share/JetBrains/Toolbox/apps/android-studio-2/jbr/lib/libverify.so
7fd253eff000-7fd25567f000 rw-p 00000000 00:00 0 
7fd25567f000-7fd258000000 ---p 00000000 00:00 0 
7fd258003000-7fd25800a000 r--p 00000000 103:04 2686939                   /home/rodion/.local/share/JetBrains/Toolbox/apps/android-studio-2/jbr/lib/libnet.so
7fd25800a000-7fd258017000 r-xp 00006000 103:04 2686939                   /home/rodion/.local/share/JetBrains/Toolbox/apps/android-studio-2/jbr/lib/libnet.so
7fd258017000-7fd258018000 r--p 00012000 103:04 2686939                   /home/rodion/.local/share/JetBrains/Toolbox/apps/android-studio-2/jbr/lib/libnet.so
7fd258018000-7fd25801a000 rw-p 00012000 103:04 2686939                   /home/rodion/.local/share/JetBrains/Toolbox/apps/android-studio-2/jbr/lib/libnet.so
7fd25801a000-7fd25831d000 rw-p 00000000 00:00 0 
7fd25831d000-7fd25831e000 ---p 00000000 00:00 0 
7fd25831e000-7fd25841e000 rw-p 00000000 00:00 0 
7fd25841e000-7fd25841f000 ---p 00000000 00:00 0 
7fd25841f000-7fd25851f000 rw-p 00000000 00:00 0 
7fd25851f000-7fd258520000 ---p 00000000 00:00 0 
7fd258520000-7fd258642000 rw-p 00000000 00:00 0 
7fd258642000-7fd25866e000 ---p 00000000 00:00 0 
7fd25866e000-7fd258672000 rw-p 00000000 00:00 0 
7fd258672000-7fd25868a000 ---p 00000000 00:00 0 
7fd25868a000-7fd25868c000 rw-p 00000000 00:00 0 
7fd25868c000-7fd258f20000 ---p 00000000 00:00 0 
7fd258f20000-7fd258f42000 rw-p 00000000 00:00 0 
7fd258f42000-7fd258f6e000 ---p 00000000 00:00 0 
7fd258f6e000-7fd258f72000 rw-p 00000000 00:00 0 
7fd258f72000-7fd258f8a000 ---p 00000000 00:00 0 
7fd258f8a000-7fd258f8c000 rw-p 00000000 00:00 0 
7fd258f8c000-7fd259820000 ---p 00000000 00:00 0 
7fd259820000-7fd25a22f000 rw-p 00000000 00:00 0 
7fd25a22f000-7fd25a315000 ---p 00000000 00:00 0 
7fd25a315000-7fd25a31d000 rw-p 00000000 00:00 0 
7fd25a31d000-7fd25a400000 ---p 00000000 00:00 0 
7fd25a400000-7fd25a937000 r--p 00000000 103:04 2686942                   /home/rodion/.local/share/JetBrains/Toolbox/apps/android-studio-2/jbr/lib/server/libjvm.so
7fd25a937000-7fd25b50f000 r-xp 00536000 103:04 2686942                   /home/rodion/.local/share/JetBrains/Toolbox/apps/android-studio-2/jbr/lib/server/libjvm.so
7fd25b50f000-7fd25b5d1000 r--p 0110d000 103:04 2686942                   /home/rodion/.local/share/JetBrains/Toolbox/apps/android-studio-2/jbr/lib/server/libjvm.so
7fd25b5d1000-7fd25b5fa000 rw-p 011ce000 103:04 2686942                   /home/rodion/.local/share/JetBrains/Toolbox/apps/android-studio-2/jbr/lib/server/libjvm.so
7fd25b5fa000-7fd25b66e000 rw-p 00000000 00:00 0 
7fd25b671000-7fd25b674000 r--p 00000000 103:04 2686918                   /home/rodion/.local/share/JetBrains/Toolbox/apps/android-studio-2/jbr/lib/libmanagement_ext.so
7fd25b674000-7fd25b677000 r-xp 00002000 103:04 2686918                   /home/rodion/.local/share/JetBrains/Toolbox/apps/android-studio-2/jbr/lib/libmanagement_ext.so
7fd25b677000-7fd25b678000 r--p 00004000 103:04 2686918                   /home/rodion/.local/share/JetBrains/Toolbox/apps/android-studio-2/jbr/lib/libmanagement_ext.so
7fd25b678000-7fd25b679000 rw-p 00004000 103:04 2686918                   /home/rodion/.local/share/JetBrains/Toolbox/apps/android-studio-2/jbr/lib/libmanagement_ext.so
7fd25b679000-7fd25b684000 r--p 00000000 103:04 2686866                   /home/rodion/.local/share/JetBrains/Toolbox/apps/android-studio-2/jbr/lib/libnio.so
7fd25b684000-7fd25b68c000 r-xp 0000a000 103:04 2686866                   /home/rodion/.local/share/JetBrains/Toolbox/apps/android-studio-2/jbr/lib/libnio.so
7fd25b68c000-7fd25b68d000 r--p 00011000 103:04 2686866                   /home/rodion/.local/share/JetBrains/Toolbox/apps/android-studio-2/jbr/lib/libnio.so
7fd25b68d000-7fd25b68e000 rw-p 00011000 103:04 2686866                   /home/rodion/.local/share/JetBrains/Toolbox/apps/android-studio-2/jbr/lib/libnio.so
7fd25b68e000-7fd25b6d9000 rw-p 00000000 00:00 0 
7fd25b6d9000-7fd25b6eb000 r--p 00000000 103:04 2686925                   /home/rodion/.local/share/JetBrains/Toolbox/apps/android-studio-2/jbr/lib/libjava.so
7fd25b6eb000-7fd25b6fd000 r-xp 00011000 103:04 2686925                   /home/rodion/.local/share/JetBrains/Toolbox/apps/android-studio-2/jbr/lib/libjava.so
7fd25b6fd000-7fd25b6fe000 r--p 00022000 103:04 2686925                   /home/rodion/.local/share/JetBrains/Toolbox/apps/android-studio-2/jbr/lib/libjava.so
7fd25b6fe000-7fd25b700000 rw-p 00022000 103:04 2686925                   /home/rodion/.local/share/JetBrains/Toolbox/apps/android-studio-2/jbr/lib/libjava.so
7fd25b700000-7fd25b704000 ---p 00000000 00:00 0 
7fd25b704000-7fd25b800000 rw-p 00000000 00:00 0 
7fd25b800000-7fd25b822000 r--p 00000000 103:04 1968528                   /usr/lib/x86_64-linux-gnu/libc.so.6
7fd25b822000-7fd25b99a000 r-xp 00022000 103:04 1968528                   /usr/lib/x86_64-linux-gnu/libc.so.6
7fd25b99a000-7fd25b9f2000 r--p 0019a000 103:04 1968528                   /usr/lib/x86_64-linux-gnu/libc.so.6
7fd25b9f2000-7fd25b9f6000 r--p 001f1000 103:04 1968528                   /usr/lib/x86_64-linux-gnu/libc.so.6
7fd25b9f6000-7fd25b9f8000 rw-p 001f5000 103:04 1968528                   /usr/lib/x86_64-linux-gnu/libc.so.6
7fd25b9f8000-7fd25ba05000 rw-p 00000000 00:00 0 
7fd25ba0b000-7fd25ba0e000 r--p 00000000 103:04 2686854                   /home/rodion/.local/share/JetBrains/Toolbox/apps/android-studio-2/jbr/lib/libmanagement.so
7fd25ba0e000-7fd25ba10000 r-xp 00002000 103:04 2686854                   /home/rodion/.local/share/JetBrains/Toolbox/apps/android-studio-2/jbr/lib/libmanagement.so
7fd25ba10000-7fd25ba11000 r--p 00003000 103:04 2686854                   /home/rodion/.local/share/JetBrains/Toolbox/apps/android-studio-2/jbr/lib/libmanagement.so
7fd25ba11000-7fd25ba12000 rw-p 00003000 103:04 2686854                   /home/rodion/.local/share/JetBrains/Toolbox/apps/android-studio-2/jbr/lib/libmanagement.so
7fd25ba12000-7fd25ba17000 rw-p 00000000 00:00 0 
7fd25ba17000-7fd25ba1e000 ---p 00000000 00:00 0 
7fd25ba1e000-7fd25ba26000 rw-s 00000000 103:04 1442059                   /tmp/hsperfdata_rodion/14689
7fd25ba26000-7fd25ba31000 r--p 00000000 103:04 2686914                   /home/rodion/.local/share/JetBrains/Toolbox/apps/android-studio-2/jbr/lib/libjimage.so
7fd25ba31000-7fd25ba46000 r-xp 0000a000 103:04 2686914                   /home/rodion/.local/share/JetBrains/Toolbox/apps/android-studio-2/jbr/lib/libjimage.so
7fd25ba46000-7fd25ba48000 r--p 0001e000 103:04 2686914                   /home/rodion/.local/share/JetBrains/Toolbox/apps/android-studio-2/jbr/lib/libjimage.so
7fd25ba48000-7fd25ba49000 rw-p 0001f000 103:04 2686914                   /home/rodion/.local/share/JetBrains/Toolbox/apps/android-studio-2/jbr/lib/libjimage.so
7fd25ba49000-7fd25ba4a000 r--p 00000000 103:04 1968582                   /usr/lib/x86_64-linux-gnu/librt.so.1
7fd25ba4a000-7fd25ba4b000 r-xp 00001000 103:04 1968582                   /usr/lib/x86_64-linux-gnu/librt.so.1
7fd25ba4b000-7fd25ba4c000 r--p 00002000 103:04 1968582                   /usr/lib/x86_64-linux-gnu/librt.so.1
7fd25ba4c000-7fd25ba4d000 r--p 00002000 103:04 1968582                   /usr/lib/x86_64-linux-gnu/librt.so.1
7fd25ba4d000-7fd25ba4e000 rw-p 00003000 103:04 1968582                   /usr/lib/x86_64-linux-gnu/librt.so.1
7fd25ba4e000-7fd25ba5c000 r--p 00000000 103:04 1968538                   /usr/lib/x86_64-linux-gnu/libm.so.6
7fd25ba5c000-7fd25bada000 r-xp 0000e000 103:04 1968538                   /usr/lib/x86_64-linux-gnu/libm.so.6
7fd25bada000-7fd25bb35000 r--p 0008c000 103:04 1968538                   /usr/lib/x86_64-linux-gnu/libm.so.6
7fd25bb35000-7fd25bb36000 r--p 000e6000 103:04 1968538                   /usr/lib/x86_64-linux-gnu/libm.so.6
7fd25bb36000-7fd25bb37000 rw-p 000e7000 103:04 1968538                   /usr/lib/x86_64-linux-gnu/libm.so.6
7fd25bb37000-7fd25bb39000 rw-p 00000000 00:00 0 
7fd25bb39000-7fd25bb3a000 r--p 00000000 103:04 1968531                   /usr/lib/x86_64-linux-gnu/libdl.so.2
7fd25bb3a000-7fd25bb3b000 r-xp 00001000 103:04 1968531                   /usr/lib/x86_64-linux-gnu/libdl.so.2
7fd25bb3b000-7fd25bb3c000 r--p 00002000 103:04 1968531                   /usr/lib/x86_64-linux-gnu/libdl.so.2
7fd25bb3c000-7fd25bb3d000 r--p 00002000 103:04 1968531                   /usr/lib/x86_64-linux-gnu/libdl.so.2
7fd25bb3d000-7fd25bb3e000 rw-p 00003000 103:04 1968531                   /usr/lib/x86_64-linux-gnu/libdl.so.2
7fd25bb3e000-7fd25bb3f000 r--p 00000000 103:04 1968576                   /usr/lib/x86_64-linux-gnu/libpthread.so.0
7fd25bb3f000-7fd25bb40000 r-xp 00001000 103:04 1968576                   /usr/lib/x86_64-linux-gnu/libpthread.so.0
7fd25bb40000-7fd25bb41000 r--p 00002000 103:04 1968576                   /usr/lib/x86_64-linux-gnu/libpthread.so.0
7fd25bb41000-7fd25bb42000 r--p 00002000 103:04 1968576                   /usr/lib/x86_64-linux-gnu/libpthread.so.0
7fd25bb42000-7fd25bb43000 rw-p 00003000 103:04 1968576                   /usr/lib/x86_64-linux-gnu/libpthread.so.0
7fd25bb44000-7fd25bb45000 r--p 00000000 103:04 2686941                   /home/rodion/.local/share/JetBrains/Toolbox/apps/android-studio-2/jbr/lib/libextnet.so
7fd25bb45000-7fd25bb47000 r-xp 00000000 103:04 2686941                   /home/rodion/.local/share/JetBrains/Toolbox/apps/android-studio-2/jbr/lib/libextnet.so
7fd25bb47000-7fd25bb48000 r--p 00001000 103:04 2686941                   /home/rodion/.local/share/JetBrains/Toolbox/apps/android-studio-2/jbr/lib/libextnet.so
7fd25bb48000-7fd25bb49000 rw-p 00001000 103:04 2686941                   /home/rodion/.local/share/JetBrains/Toolbox/apps/android-studio-2/jbr/lib/libextnet.so
7fd25bb49000-7fd25bb4d000 r--p 00000000 103:04 2686920                   /home/rodion/.local/share/JetBrains/Toolbox/apps/android-studio-2/jbr/lib/libinstrument.so
7fd25bb4d000-7fd25bb54000 r-xp 00003000 103:04 2686920                   /home/rodion/.local/share/JetBrains/Toolbox/apps/android-studio-2/jbr/lib/libinstrument.so
7fd25bb54000-7fd25bb55000 r--p 00009000 103:04 2686920                   /home/rodion/.local/share/JetBrains/Toolbox/apps/android-studio-2/jbr/lib/libinstrument.so
7fd25bb55000-7fd25bb56000 rw-p 00009000 103:04 2686920                   /home/rodion/.local/share/JetBrains/Toolbox/apps/android-studio-2/jbr/lib/libinstrument.so
7fd25bb56000-7fd25bb57000 ---p 00000000 00:00 0 
7fd25bb57000-7fd25bb58000 r--p 00000000 00:00 0 
7fd25bb58000-7fd25bb59000 ---p 00000000 00:00 0 
7fd25bb59000-7fd25bb62000 r--p 00000000 103:04 2686860                   /home/rodion/.local/share/JetBrains/Toolbox/apps/android-studio-2/jbr/lib/libjli.so
7fd25bb62000-7fd25bb71000 r-xp 00008000 103:04 2686860                   /home/rodion/.local/share/JetBrains/Toolbox/apps/android-studio-2/jbr/lib/libjli.so
7fd25bb71000-7fd25bb72000 r--p 00016000 103:04 2686860                   /home/rodion/.local/share/JetBrains/Toolbox/apps/android-studio-2/jbr/lib/libjli.so
7fd25bb72000-7fd25bb73000 rw-p 00016000 103:04 2686860                   /home/rodion/.local/share/JetBrains/Toolbox/apps/android-studio-2/jbr/lib/libjli.so
7fd25bb73000-7fd25bb75000 rw-p 00000000 00:00 0 
7fd25bb75000-7fd25bb76000 r--p 00000000 103:04 1968525                   /usr/lib/x86_64-linux-gnu/ld-linux-x86-64.so.2
7fd25bb76000-7fd25bb9e000 r-xp 00001000 103:04 1968525                   /usr/lib/x86_64-linux-gnu/ld-linux-x86-64.so.2
7fd25bb9e000-7fd25bba8000 r--p 00029000 103:04 1968525                   /usr/lib/x86_64-linux-gnu/ld-linux-x86-64.so.2
7fd25bba8000-7fd25bbaa000 r--p 00033000 103:04 1968525                   /usr/lib/x86_64-linux-gnu/ld-linux-x86-64.so.2
7fd25bbaa000-7fd25bbac000 rw-p 00035000 103:04 1968525                   /usr/lib/x86_64-linux-gnu/ld-linux-x86-64.so.2
7ffe9d723000-7ffe9d744000 rw-p 00000000 00:00 0                          [stack]
7ffe9d7e6000-7ffe9d7ea000 r--p 00000000 00:00 0                          [vvar]
7ffe9d7ea000-7ffe9d7ec000 r-xp 00000000 00:00 0                          [vdso]
ffffffffff600000-ffffffffff601000 --xp 00000000 00:00 0                  [vsyscall]


VM Arguments:
jvm_args: --add-opens=java.base/java.util=ALL-UNNAMED --add-opens=java.base/java.lang=ALL-UNNAMED --add-opens=java.base/java.lang.invoke=ALL-UNNAMED --add-opens=java.prefs/java.util.prefs=ALL-UNNAMED --add-opens=java.base/java.nio.charset=ALL-UNNAMED --add-opens=java.base/java.net=ALL-UNNAMED --add-opens=java.base/java.util.concurrent.atomic=ALL-UNNAMED -Xmx4608m -Dfile.encoding=UTF-8 -Duser.country=UA -Duser.language=ru -Duser.variant -javaagent:/home/rodion/.gradle/wrapper/dists/gradle-8.4-bin/1w5dpkrfk8irigvoxmyhowfim/gradle-8.4/lib/agents/gradle-instrumentation-agent-8.4.jar 
java_command: org.gradle.launcher.daemon.bootstrap.GradleDaemon 8.4
java_class_path (initial): /home/rodion/.gradle/wrapper/dists/gradle-8.4-bin/1w5dpkrfk8irigvoxmyhowfim/gradle-8.4/lib/gradle-launcher-8.4.jar
Launcher Type: SUN_STANDARD

[Global flags]
     intx CICompilerCount                          = 4                                         {product} {ergonomic}
     uint ConcGCThreads                            = 3                                         {product} {ergonomic}
     uint G1ConcRefinementThreads                  = 10                                        {product} {ergonomic}
   size_t G1HeapRegionSize                         = 4194304                                   {product} {ergonomic}
    uintx GCDrainStackTargetSize                   = 64                                        {product} {ergonomic}
   size_t InitialHeapSize                          = 226492416                                 {product} {ergonomic}
   size_t MarkStackSize                            = 4194304                                   {product} {ergonomic}
   size_t MaxHeapSize                              = 4831838208                                {product} {command line}
   size_t MaxNewSize                               = 2898264064                                {product} {ergonomic}
   size_t MinHeapDeltaBytes                        = 4194304                                   {product} {ergonomic}
   size_t MinHeapSize                              = 8388608                                   {product} {ergonomic}
    uintx NonNMethodCodeHeapSize                   = 5839372                                {pd product} {ergonomic}
    uintx NonProfiledCodeHeapSize                  = 122909434                              {pd product} {ergonomic}
    uintx ProfiledCodeHeapSize                     = 122909434                              {pd product} {ergonomic}
    uintx ReservedCodeCacheSize                    = 251658240                              {pd product} {ergonomic}
     bool SegmentedCodeCache                       = true                                      {product} {ergonomic}
   size_t SoftMaxHeapSize                          = 4831838208                             {manageable} {ergonomic}
     bool UseCompressedClassPointers               = true                           {product lp64_product} {ergonomic}
     bool UseCompressedOops                        = true                           {product lp64_product} {ergonomic}
     bool UseG1GC                                  = true                                      {product} {ergonomic}

Logging:
Log output configuration:
 #0: stdout all=warning uptime,level,tags
 #1: stderr all=off uptime,level,tags

Environment Variables:
JAVA_HOME=/usr/lib/jvm/java-17-openjdk-amd64/bin/java
PATH=/usr/local/sbin:/usr/local/bin:/usr/sbin:/usr/bin:/sbin:/bin:/usr/games:/usr/local/games:/snap/bin:/home/rodion/.local/share/JetBrains/Toolbox/scripts
SHELL=/bin/bash
DISPLAY=:0
LANG=ru_UA.UTF-8

Active Locale:
LC_ALL=ru_UA.UTF-8
LC_COLLATE=ru_UA.UTF-8
LC_CTYPE=ru_UA.UTF-8
LC_MESSAGES=ru_UA.UTF-8
LC_MONETARY=ru_UA.UTF-8
LC_NUMERIC=ru_UA.UTF-8
LC_TIME=ru_UA.UTF-8

Signal Handlers:
   SIGSEGV: crash_handler in libjvm.so, mask=11100100010111111101111111111110, flags=SA_RESTART|SA_SIGINFO, unblocked
    SIGBUS: crash_handler in libjvm.so, mask=11100100010111111101111111111110, flags=SA_RESTART|SA_SIGINFO, unblocked
    SIGFPE: crash_handler in libjvm.so, mask=11100100010111111101111111111110, flags=SA_RESTART|SA_SIGINFO, unblocked
   SIGPIPE: javaSignalHandler in libjvm.so, mask=11100100010111111101111111111110, flags=SA_RESTART|SA_SIGINFO, blocked
   SIGXFSZ: javaSignalHandler in libjvm.so, mask=11100100010111111101111111111110, flags=SA_RESTART|SA_SIGINFO, blocked
    SIGILL: crash_handler in libjvm.so, mask=11100100010111111101111111111110, flags=SA_RESTART|SA_SIGINFO, unblocked
   SIGUSR2: SR_handler in libjvm.so, mask=00100000000000000000000000000000, flags=SA_RESTART|SA_SIGINFO, blocked
    SIGHUP: UserHandler in libjvm.so, mask=11100100010111111101111111111110, flags=SA_RESTART|SA_SIGINFO, blocked
    SIGINT: UserHandler in libjvm.so, mask=11100100010111111101111111111110, flags=SA_RESTART|SA_SIGINFO, blocked
   SIGTERM: UserHandler in libjvm.so, mask=11100100010111111101111111111110, flags=SA_RESTART|SA_SIGINFO, blocked
   SIGQUIT: UserHandler in libjvm.so, mask=11100100010111111101111111111110, flags=SA_RESTART|SA_SIGINFO, blocked
   SIGTRAP: crash_handler in libjvm.so, mask=11100100010111111101111111111110, flags=SA_RESTART|SA_SIGINFO, unblocked


Periodic native trim disabled

JNI global refs:
JNI global refs: 22, weak refs: 0

JNI global refs memory usage: 867, weak refs: 865

OOME stack traces (most recent first):
Classloader memory used:
Loader bootstrap                                                                       : 1846K
Loader org.gradle.internal.classloader.VisitableURLClassLoader                         : 1210K
Loader org.gradle.initialization.MixInLegacyTypesClassLoader                           : 128K
Loader jdk.internal.loader.ClassLoaders$AppClassLoader                                 : 28219B
Loader jdk.internal.loader.ClassLoaders$PlatformClassLoader                            : 3243B
Loader jdk.internal.reflect.DelegatingClassLoader                                      : 2139B

Classes loaded by more than one classloader:
Class org.gradle.internal.installation.GradleInstallation                             : loaded 2 times (x 74B)
Class org.gradle.internal.classpath.ClassPath                                         : loaded 2 times (x 69B)
Class org.gradle.api.internal.classpath.DefaultModuleRegistry                         : loaded 2 times (x 85B)
Class org.gradle.api.Action                                                           : loaded 2 times (x 69B)
Class org.gradle.api.internal.DefaultClassPathProvider                                : loaded 2 times (x 75B)
Class org.gradle.internal.installation.GradleInstallation$1                           : loaded 2 times (x 74B)
Class org.gradle.internal.classloader.FilteringClassLoader                            : loaded 2 times (x 104B)
Class org.gradle.internal.classpath.DefaultClassPath$ImmutableUniqueList$Builder      : loaded 2 times (x 74B)
Class org.gradle.internal.classloader.ClassLoaderVisitor                              : loaded 2 times (x 75B)
Class org.gradle.internal.service.DefaultServiceLocator                               : loaded 2 times (x 82B)
Class org.gradle.internal.service.UnknownServiceException                             : loaded 2 times (x 82B)
Class org.gradle.internal.classloader.VisitableURLClassLoader$Spec                    : loaded 2 times (x 73B)
Class org.gradle.api.GradleException                                                  : loaded 2 times (x 81B)
Class org.gradle.api.internal.classpath.ModuleRegistry                                : loaded 2 times (x 69B)
Class org.gradle.api.internal.ClassPathProvider                                       : loaded 2 times (x 69B)
Class org.gradle.internal.classloader.ClasspathUtil$1                                 : loaded 2 times (x 75B)
Class org.gradle.internal.classloader.ClassLoaderFactory                              : loaded 2 times (x 69B)
Class org.gradle.api.internal.classpath.ManifestUtil                                  : loaded 2 times (x 70B)
Class org.gradle.api.specs.Spec                                                       : loaded 2 times (x 69B)
Class org.gradle.internal.IoActions                                                   : loaded 2 times (x 70B)
Class org.gradle.api.internal.classpath.EffectiveClassPath                            : loaded 2 times (x 89B)
Class org.gradle.internal.installation.CurrentGradleInstallation                      : loaded 2 times (x 72B)
Class org.gradle.internal.agents.InstrumentingClassLoader                             : loaded 2 times (x 69B)
Class org.gradle.internal.installation.CurrentGradleInstallationLocator               : loaded 2 times (x 70B)
Class org.gradle.api.internal.classpath.Module                                        : loaded 2 times (x 69B)
Class org.gradle.internal.service.CachingServiceLocator                               : loaded 2 times (x 81B)
Class org.gradle.internal.classpath.DefaultClassPath                                  : loaded 2 times (x 89B)
Class org.gradle.internal.classloader.SystemClassLoaderSpec                           : loaded 2 times (x 70B)
Class org.gradle.api.UncheckedIOException                                             : loaded 2 times (x 81B)
Class org.gradle.internal.classloader.ClasspathUtil                                   : loaded 2 times (x 70B)
Class org.gradle.api.internal.DefaultClassPathRegistry                                : loaded 2 times (x 75B)
Class org.gradle.api.internal.classpath.DefaultModuleRegistry$DefaultModule           : loaded 2 times (x 85B)
Class org.gradle.api.internal.classpath.UnknownModuleException                        : loaded 2 times (x 81B)
Class org.gradle.internal.service.ServiceLookupException                              : loaded 2 times (x 81B)
Class org.gradle.cache.GlobalCache                                                    : loaded 2 times (x 69B)
Class [Lorg.gradle.api.internal.ClassPathProvider;                                    : loaded 2 times (x 68B)
Class org.gradle.util.internal.GUtil                                                  : loaded 2 times (x 70B)
Class org.gradle.internal.classloader.ClassLoaderSpec                                 : loaded 2 times (x 70B)
Class org.gradle.internal.classloader.VisitableURLClassLoader                         : loaded 2 times (x 116B)
Class org.gradle.internal.Cast                                                        : loaded 2 times (x 70B)
Class org.gradle.api.internal.ClassPathRegistry                                       : loaded 2 times (x 69B)
Class org.gradle.internal.classloader.VisitableURLClassLoader$InstrumentingVisitableURLClassLoader: loaded 2 times (x 122B)
Class org.gradle.internal.classloader.ClassLoaderHierarchy                            : loaded 2 times (x 69B)
Class org.gradle.internal.InternalTransformer                                         : loaded 2 times (x 69B)
Class org.gradle.internal.service.ServiceLocator                                      : loaded 2 times (x 69B)
Class org.gradle.internal.classpath.DefaultClassPath$ImmutableUniqueList              : loaded 2 times (x 160B)
Class org.gradle.internal.classpath.TransformedClassPath                              : loaded 2 times (x 95B)


---------------  S Y S T E M  ---------------

OS:
DISTRIB_ID=Ubuntu
DISTRIB_RELEASE=23.04
DISTRIB_CODENAME=lunar
DISTRIB_DESCRIPTION="Ubuntu 23.04"
uname: Linux 6.2.0-39-generic #40-Ubuntu SMP PREEMPT_DYNAMIC Tue Nov 14 14:18:00 UTC 2023 x86_64
OS uptime: 0 days 1:24 hours
libc: glibc 2.37 NPTL 2.37 
rlimit (soft/hard): STACK 8192k/infinity , CORE 0k/infinity , NPROC 54776/54776 , NOFILE 1048576/1048576 , AS infinity/infinity , CPU infinity/infinity , DATA infinity/infinity , FSIZE infinity/infinity , MEMLOCK 1768584k/1768584k
load average: 1,77 0,91 0,75

/proc/meminfo:
MemTotal:       14148696 kB
MemFree:         1470272 kB
MemAvailable:    2848120 kB
Buffers:          115596 kB
Cached:          1442860 kB
SwapCached:         1196 kB
Active:          1042744 kB
Inactive:       10792156 kB
Active(anon):     214408 kB
Inactive(anon): 10096024 kB
Active(file):     828336 kB
Inactive(file):   696132 kB
Unevictable:          32 kB
Mlocked:              32 kB
SwapTotal:       5858300 kB
SwapFree:        5721084 kB
Zswap:                 0 kB
Zswapped:              0 kB
Dirty:             30024 kB
Writeback:             0 kB
AnonPages:      10275552 kB
Mapped:           623084 kB
Shmem:             34248 kB
KReclaimable:     181580 kB
Slab:             329940 kB
SReclaimable:     181580 kB
SUnreclaim:       148360 kB
KernelStack:       17892 kB
PageTables:        50452 kB
SecPageTables:         0 kB
NFS_Unstable:          0 kB
Bounce:                0 kB
WritebackTmp:          0 kB
CommitLimit:    12932648 kB
Committed_AS:   17468236 kB
VmallocTotal:   34359738367 kB
VmallocUsed:      133220 kB
VmallocChunk:          0 kB
Percpu:            12416 kB
HardwareCorrupted:     0 kB
AnonHugePages:         0 kB
ShmemHugePages:        0 kB
ShmemPmdMapped:        0 kB
FileHugePages:         0 kB
FilePmdMapped:         0 kB
HugePages_Total:       0
HugePages_Free:        0
HugePages_Rsvd:        0
HugePages_Surp:        0
Hugepagesize:       2048 kB
Hugetlb:               0 kB
DirectMap4k:      762308 kB
DirectMap2M:    12718080 kB
DirectMap1G:     1048576 kB

/sys/kernel/mm/transparent_hugepage/enabled: always [madvise] never
/sys/kernel/mm/transparent_hugepage/defrag (defrag/compaction efforts parameter): always defer defer+madvise [madvise] never

Process Memory:
Virtual Size: 9332104K (peak: 9398108K)
Resident Set Size: 180948K (peak: 180948K) (anon: 151508K, file: 29440K, shmem: 0K)
Swapped out: 0K
C-Heap outstanding allocations: 92063K, retained: 11224K
glibc malloc tunables: (default)

/proc/sys/kernel/threads-max (system-wide limit on the number of threads): 109553
/proc/sys/vm/max_map_count (maximum number of memory map areas a process may have): 65530
/proc/sys/kernel/pid_max (system-wide limit on number of process identifiers): 4194304

container (cgroup) information:
container_type: cgroupv2
cpu_cpuset_cpus: not supported
cpu_memory_nodes: not supported
active_processor_count: 12
cpu_quota: not supported
cpu_period: not supported
cpu_shares: not supported
memory_limit_in_bytes: unlimited
memory_and_swap_limit_in_bytes: unlimited
memory_soft_limit_in_bytes: unlimited
memory_usage_in_bytes: 9394680 k
memory_max_usage_in_bytes: not supported
memory_swap_current_in_bytes: 84304 k
memory_swap_max_limit_in_bytes: unlimited
maximum number of tasks: 16432
current number of tasks: 374

Steal ticks since vm start: 0
Steal ticks percentage since vm start:  0,000

CPU: total 16 (initial active 12) (12 cores per cpu, 2 threads per core) family 25 model 80 stepping 0 microcode 0xa50000c, cx8, cmov, fxsr, ht, mmx, 3dnowpref, sse, sse2, sse3, ssse3, sse4a, sse4.1, sse4.2, popcnt, lzcnt, tsc, tscinvbit, avx, avx2, aes, erms, clmul, bmi1, bmi2, adx, sha, fma, vzeroupper, clflush, clflushopt
CPU Model and flags from /proc/cpuinfo:
model name	: AMD Ryzen 5 5600H with Radeon Graphics
flags		: fpu vme de pse tsc msr pae mce cx8 apic sep mtrr pge mca cmov pat pse36 clflush mmx fxsr sse sse2 ht syscall nx mmxext fxsr_opt pdpe1gb rdtscp lm constant_tsc rep_good nopl nonstop_tsc cpuid extd_apicid aperfmperf rapl pni pclmulqdq monitor ssse3 fma cx16 sse4_1 sse4_2 movbe popcnt aes xsave avx f16c rdrand lahf_lm cmp_legacy svm extapic cr8_legacy abm sse4a misalignsse 3dnowprefetch osvw ibs skinit wdt tce topoext perfctr_core perfctr_nb bpext perfctr_llc mwaitx cpb cat_l3 cdp_l3 hw_pstate ssbd mba ibrs ibpb stibp vmmcall fsgsbase bmi1 avx2 smep bmi2 erms invpcid cqm rdt_a rdseed adx smap clflushopt clwb sha_ni xsaveopt xsavec xgetbv1 xsaves cqm_llc cqm_occup_llc cqm_mbm_total cqm_mbm_local clzero irperf xsaveerptr rdpru wbnoinvd cppc arat npt lbrv svm_lock nrip_save tsc_scale vmcb_clean flushbyasid decodeassists pausefilter pfthreshold avic v_vmsave_vmload vgif v_spec_ctrl umip pku ospke vaes vpclmulqdq rdpid overflow_recov succor smca fsrm

Online cpus: 0-11
Offline cpus: 12-15
BIOS frequency limitation: 3300000
Frequency switch latency (ns): 0
Available cpu frequencies: 3300000 1300000 1200000 
Current governor: schedutil
Core performance/turbo boost: 1

Memory: 4k page, physical 14148696k(1470272k free), swap 5858300k(5721084k free)
Page Sizes: 4k

vm_info: OpenJDK 64-Bit Server VM (17.0.9+0-17.0.9b1087.7-11185874) for linux-amd64 JRE (17.0.9+0-17.0.9b1087.7-11185874), built on Dec  6 2023 18:35:35 by "androidbuild" with clang Android (8508608, based on r450784e) Clang 14.0.7 (https://android.googlesource.com/toolchain/llvm-project 4c603efb0cca074e9238af8b4106c30add4418f6)

END.
