#
# A fatal error has been detected by the Java Runtime Environment:
#
#  SIGSEGV (0xb) at pc=0x00007f4fe08638fb, pid=16618, tid=16638
#
# JRE version: OpenJDK Runtime Environment (17.0.9) (build 17.0.9+0-17.0.9b1087.7-11185874)
# Java VM: OpenJDK 64-Bit Server VM (17.0.9+0-17.0.9b1087.7-11185874, mixed mode, tiered, compressed oops, compressed class ptrs, parallel gc, linux-amd64)
# Problematic frame:
# V  [libjvm.so+0xe638fb]  ParCompactionManager::follow_contents(oopDesc*)+0x35b
#
# Core dump will be written. Default location: Core dumps may be processed with "/usr/share/apport/apport -p%p -s%s -c%c -d%d -P%P -u%u -g%g -- %E" (or dumping to /var/www/html/YkisPAM/core.16618)
#
# If you would like to submit a bug report, please visit:
#   https://bugreport.java.com/bugreport/crash.jsp
#

---------------  S U M M A R Y ------------

Command Line: -XX:+HeapDumpOnOutOfMemoryError -XX:+UseParallelGC -XX:MaxMetaspaceSize=1g --add-opens=java.base/java.util=ALL-UNNAMED --add-opens=java.base/java.lang=ALL-UNNAMED --add-opens=java.base/java.lang.invoke=ALL-UNNAMED --add-opens=java.prefs/java.util.prefs=ALL-UNNAMED --add-opens=java.base/java.nio.charset=ALL-UNNAMED --add-opens=java.base/java.net=ALL-UNNAMED --add-opens=java.base/java.util.concurrent.atomic=ALL-UNNAMED -Xmx4608m -Dfile.encoding=UTF-8 -Duser.country=UA -Duser.language=ru -Duser.variant -javaagent:/home/rodion/.gradle/wrapper/dists/gradle-8.4-bin/1w5dpkrfk8irigvoxmyhowfim/gradle-8.4/lib/agents/gradle-instrumentation-agent-8.4.jar org.gradle.launcher.daemon.bootstrap.GradleDaemon 8.4

Host: AMD Ryzen 5 5600H with Radeon Graphics, 16 cores, 13G, Ubuntu 23.04
Time: Sat Jan 20 23:56:27 2024 EET elapsed time: 1.571238 seconds (0d 0h 0m 1s)

---------------  T H R E A D  ---------------

Current thread (0x00007f4fb0001c90):  GCTaskThread "GC Thread#2" [stack: 0x00007f4fa6700000,0x00007f4fa6800000] [id=16638]

Stack: [0x00007f4fa6700000,0x00007f4fa6800000],  sp=0x00007f4fa67fec20,  free space=1019k
Native frames: (J=compiled Java code, j=interpreted, Vv=VM code, C=native code)
V  [libjvm.so+0xe638fb]  ParCompactionManager::follow_contents(oopDesc*)+0x35b
V  [libjvm.so+0xe61fa8]  ParCompactionManager::follow_marking_stacks()+0x1a8
V  [libjvm.so+0xe712f3]  PCAddThreadRootsMarkingTaskClosure::do_thread(Thread*)+0x93
V  [libjvm.so+0x1012ba8]  Threads::possibly_parallel_threads_do(bool, ThreadClosure*)+0x68
V  [libjvm.so+0xe70ea6]  MarkFromRootsTask::work(unsigned int)+0x106
V  [libjvm.so+0x10bbbec]  GangWorker::run()+0x5c
V  [libjvm.so+0x100dbff]  Thread::call_run()+0xbf
V  [libjvm.so+0xe12ce9]  thread_native_entry(Thread*)+0x119


siginfo: si_signo: 11 (SIGSEGV), si_code: 128 (SI_KERNEL), si_addr: 0x0000000000000000

Registers:
RAX=0x00007f4fbb000000, RBX=0x00000005b886f2f8, RCX=0x007fffffff6c4379, RDX=0x1fffffffdb10de5f
RSP=0x00007f4fa67fec20, RBP=0x00007f4fa67fec80, RSI=0x00000006e086f358, RDI=0x00007f4fe0c2b820
R8 =0x00007f4fe0c9229c, R9 =0x0000000000000010, R10=0x00007f4fbf800000, R11=0x0000080000000000
R12=0x00000006e086da04, R13=0x00007f4fe0bd5a70, R14=0x00007f4fd811bd50, R15=0x00000006e086dd00
RIP=0x00007f4fe08638fb, EFLAGS=0x0000000000010212, CSGSFS=0x002b000000000033, ERR=0x0000000000000000
  TRAPNO=0x000000000000000d


Register to memory mapping:

RAX=0x00007f4fbb000000 points into unknown readable memory: 0x0921002110022001 | 01 20 02 10 21 00 21 09
RBX=0x00000005b886f2f8 is an unknown value
RCX=0x007fffffff6c4379 is an unknown value
RDX=0x1fffffffdb10de5f is an unknown value
RSP=0x00007f4fa67fec20 points into unknown readable memory: 0x0000000000000000 | 00 00 00 00 00 00 00 00
RBP=0x00007f4fa67fec80 points into unknown readable memory: 0x00007f4fa67fece0 | e0 ec 7f a6 4f 7f 00 00
RSI=0x00000006e086f358 is an oop: java.lang.String 
{0x00000006e086f358} - klass: 'java/lang/String'
 - string: "com.sun.org.apache.xerces.internal.parsers"
RDI=0x00007f4fe0c2b820: <offset 0x000000000122b820> in /home/rodion/.local/share/JetBrains/Toolbox/apps/android-studio-2/jbr/lib/server/libjvm.so at 0x00007f4fdfa00000
R8 =0x00007f4fe0c9229c points into unknown readable memory: 2f 88 00 00
R9 =0x0000000000000010 is an unknown value
R10=0x00007f4fbf800000 points into unknown readable memory: 0x0490801088011000 | 00 10 01 88 10 80 90 04
R11=0x0000080000000000 is an unknown value
R12=0x00000006e086da04 is pointing into object: [Ljava.lang.Object; 
{0x00000006e086d9b8} - klass: 'java/lang/Object'[]
 - length: 206
R13=0x00007f4fe0bd5a70: <offset 0x00000000011d5a70> in /home/rodion/.local/share/JetBrains/Toolbox/apps/android-studio-2/jbr/lib/server/libjvm.so at 0x00007f4fdfa00000
R14=0x00007f4fd811bd50 points into unknown readable memory: 0x0000000000000000 | 00 00 00 00 00 00 00 00
R15=0x00000006e086dd00 is an oop: java.lang.String 
{0x00000006e086dd00} - klass: 'java/lang/String'
 - string: "com.sun.org.apache.xpath.internal.patterns"


Top of Stack: (sp=0x00007f4fa67fec20)
0x00007f4fa67fec20:   0000000000000000 00007f4fe0bc2be0
0x00007f4fa67fec30:   00007f4fd80b9ac0 00007f4f00000003
0x00007f4fa67fec40:   00007f4fd811bd50 00007f4fd811bfd8
0x00007f4fa67fec50:   00007f4fd811bd50 00007f4fd811be58
0x00007f4fa67fec60:   0000000100000000 00007f4fd811bd50
0x00007f4fa67fec70:   00007f4fb0001f90 ffffffff00000000
0x00007f4fa67fec80:   00007f4fa67fece0 00007f4fe0861fa8
0x00007f4fa67fec90:   00007f4fd811be58 00007f4fd811c120
0x00007f4fa67feca0:   00007f4fd811bfd8 00007f4fd811c2a0
0x00007f4fa67fecb0:   00007f4fa67fece0 00007f4fb0001f50
0x00007f4fa67fecc0:   00007f4fd8237210 00007f4fd811bd50
0x00007f4fa67fecd0:   00007f4fb0001f90 00007f4fb0001fa0
0x00007f4fa67fece0:   00007f4fa67fed50 00007f4fe08712f3
0x00007f4fa67fecf0:   00007f4fe0bb3520 00007f4fa67fed08
0x00007f4fa67fed00:   00007f4fa67fed00 00007f4fe0bc2ff8
0x00007f4fa67fed10:   00007f4fd811bd50 00007f4fb0002378
0x00007f4fa67fed20:   00000000000003d8 00007f4fa67fedb8
0x00007f4fa67fed30:   0000000000000240 00007f4f54e2a350
0x00007f4fa67fed40:   0000000000000108 0000000000000007
0x00007f4fa67fed50:   00007f4fa67fed90 00007f4fe0a12ba8
0x00007f4fa67fed60:   00000001e0bc2fe0 00007f4fb43e23d0
0x00007f4fa67fed70:   0000000000000003 0000000000000002
0x00007f4fa67fed80:   00007f4fa67fee28 0000000000000003
0x00007f4fa67fed90:   00007f4fa67fee10 00007f4fe0870ea6
0x00007f4fa67feda0:   00007f4fa67fedb0 00007f4fe0e976a9
0x00007f4fa67fedb0:   00007f4fb43e2298 00007f4fe0bc2fe0
0x00007f4fa67fedc0:   00007f4f00000003 0000000000000000
0x00007f4fa67fedd0:   00007f4fb43e2140 626a870c7fec0900
0x00007f4fa67fede0:   00000002d803f840 00007f4fb43e2298
0x00007f4fa67fedf0:   0000000000000003 0000000000000002
0x00007f4fa67fee00:   00007f4fa67fee28 00007f4fb0001c90
0x00007f4fa67fee10:   00007f4fa67fee50 00007f4fe0abbbec 

Instructions: (pc=0x00007f4fe08638fb)
0x00007f4fe08637fb:   49 8b 87 88 05 00 00 e9 c9 02 00 00 49 8d bf 50
0x00007f4fe086380b:   05 00 00 48 c1 e6 04 48 83 ce 08 49 8b 87 50 05
0x00007f4fe086381b:   00 00 ff 10 49 8b b7 58 05 00 00 49 8b 8f 88 05
0x00007f4fe086382b:   00 00 48 c1 e6 04 48 89 0c 30 49 89 87 88 05 00
0x00007f4fe086383b:   00 48 85 c9 74 09 49 8b 8f 58 05 00 00 eb 02 31
0x00007f4fe086384b:   c9 49 01 8f 78 05 00 00 31 f6 48 89 f1 48 c1 e1
0x00007f4fe086385b:   04 4c 89 34 08 89 5c 08 08 48 83 c6 01 49 89 b7
0x00007f4fe086386b:   70 05 00 00 48 85 db 0f 84 11 ff ff ff 4d 8d 3c
0x00007f4fe086387b:   9c 48 8b 45 d0 48 05 88 02 00 00 48 89 45 c8 4c
0x00007f4fe086388b:   8d 2d df 21 37 00 eb 2a 49 8b 8e 88 01 00 00 48
0x00007f4fe086389b:   89 1c c1 83 c0 01 25 ff ff 01 00 41 89 86 88 00
0x00007f4fe08638ab:   00 00 0f 1f 00 49 83 c4 04 4d 39 fc 0f 83 cc fe
0x00007f4fe08638bb:   ff ff 41 8b 1c 24 48 85 db 74 ea 41 0f b6 4d 08
0x00007f4fe08638cb:   48 d3 e3 49 03 5d 00 48 8b 05 cf 7b 3c 00 48 89
0x00007f4fe08638db:   da 48 2b 10 48 c1 ea 03 48 8d 0d ce 24 37 00 0f
0x00007f4fe08638eb:   b6 09 48 d3 ea 48 8b 40 10 48 89 d1 48 c1 e9 06
0x00007f4fe08638fb:   48 8b 04 c8 48 0f a3 d0 72 ab 48 8d 05 55 c8 3a
0x00007f4fe086390b:   00 0f b6 10 84 d2 74 24 8b 7b 08 48 8d 05 63 21
0x00007f4fe086391b:   37 00 0f b6 48 08 48 d3 e7 48 03 38 8b 47 08 85
0x00007f4fe086392b:   c0 7e 14 a8 01 75 14 c1 e8 03 eb 59 48 8b 7b 08
0x00007f4fe086393b:   8b 47 08 85 c0 7f ec 85 c0 78 0e 48 8b 07 48 89
0x00007f4fe086394b:   de ff 90 00 01 00 00 eb 3c 31 c9 84 d2 0f 94 c1
0x00007f4fe086395b:   48 63 54 8b 0c 89 c1 48 d3 e2 c1 e8 10 0f b6 c0
0x00007f4fe086396b:   48 01 d0 48 8d 0d 3f 24 37 00 48 63 09 48 8d 14
0x00007f4fe086397b:   01 48 83 c2 ff f7 d9 48 63 c1 48 21 d0 48 c1 e8
0x00007f4fe086398b:   03 0f 1f 40 00 4c 63 f0 48 8d 3d 56 7d 3c 00 48
0x00007f4fe086399b:   89 de 4c 89 f2 e8 fb a5 fc ff 84 c0 0f 84 03 ff
0x00007f4fe08639ab:   ff ff 48 8d 3d 6c 7e 3c 00 48 89 de 4c 89 f2 e8
0x00007f4fe08639bb:   d1 50 00 00 4c 8b 75 d0 41 8b 86 88 00 00 00 41
0x00007f4fe08639cb:   8b 8e 08 01 00 00 89 c2 29 ca f7 d2 f7 c2 fe ff
0x00007f4fe08639db:   01 00 0f 85 b0 fe ff ff 49 8b 8e a8 02 00 00 49
0x00007f4fe08639eb:   3b 8e 90 02 00 00 75 2b 49 8b 96 b8 02 00 00 48 


Stack slot to memory mapping:
stack at sp + 0 slots: 0x0 is NULL
stack at sp + 1 slots: 0x00007f4fe0bc2be0: <offset 0x00000000011c2be0> in /home/rodion/.local/share/JetBrains/Toolbox/apps/android-studio-2/jbr/lib/server/libjvm.so at 0x00007f4fdfa00000
stack at sp + 2 slots: 0x00007f4fd80b9ac0 points into unknown readable memory: 0x00007f4fe0bc2fb0 | b0 2f bc e0 4f 7f 00 00
stack at sp + 3 slots: 0x00007f4f00000003 points into unknown readable memory: 00 4f 7f 00 00
stack at sp + 4 slots: 0x00007f4fd811bd50 points into unknown readable memory: 0x0000000000000000 | 00 00 00 00 00 00 00 00
stack at sp + 5 slots: 0x00007f4fd811bfd8 points into unknown readable memory: 0x00007f4fe0baab38 | 38 ab ba e0 4f 7f 00 00
stack at sp + 6 slots: 0x00007f4fd811bd50 points into unknown readable memory: 0x0000000000000000 | 00 00 00 00 00 00 00 00
stack at sp + 7 slots: 0x00007f4fd811be58 points into unknown readable memory: 0x000000420000021d | 1d 02 00 00 42 00 00 00


---------------  P R O C E S S  ---------------

Threads class SMR info:
_java_thread_list=0x00007f4f54e2a310, length=34, elements={
0x00007f4fd8028170, 0x00007f4fd8237210, 0x00007f4fd8238840, 0x00007f4fd8268600,
0x00007f4fd8269990, 0x00007f4fd826ad80, 0x00007f4fd825d880, 0x00007f4fd825ed40,
0x00007f4fd8260140, 0x00007f4fd82fda30, 0x00007f4fd83ea5c0, 0x00007f4f940e7180,
0x00007f4f94143cf0, 0x00007f4fd95de080, 0x00007f4fd97262f0, 0x00007f4fd976b930,
0x00007f4f60016c10, 0x00007f4f580015d0, 0x00007f4f58005fc0, 0x00007f4f58007bd0,
0x00007f4f54004ea0, 0x00007f4f5400a3e0, 0x00007f4f5400d3d0, 0x00007f4f5418ead0,
0x00007f4f54197b30, 0x00007f4f5443bc20, 0x00007f4f54c900d0, 0x00007f4f54c9c830,
0x00007f4f54d4e230, 0x00007f4f54d64670, 0x00007f4f54d7a160, 0x00007f4f54d89670,
0x00007f4f54de95c0, 0x00007f4f54e294f0
}

Java Threads: ( => current thread )
  0x00007f4fd8028170 JavaThread "main" [_thread_blocked, id=16621, stack(0x00007f4fe0d00000,0x00007f4fe0e00000)]
  0x00007f4fd8237210 JavaThread "Reference Handler" daemon [_thread_blocked, id=16624, stack(0x00007f4fb41e3000,0x00007f4fb42e3000)]
  0x00007f4fd8238840 JavaThread "Finalizer" daemon [_thread_blocked, id=16625, stack(0x00007f4fb40e3000,0x00007f4fb41e3000)]
  0x00007f4fd8268600 JavaThread "Signal Dispatcher" daemon [_thread_blocked, id=16626, stack(0x00007f4fa7900000,0x00007f4fa7a00000)]
  0x00007f4fd8269990 JavaThread "Service Thread" daemon [_thread_blocked, id=16627, stack(0x00007f4fa7800000,0x00007f4fa7900000)]
  0x00007f4fd826ad80 JavaThread "Monitor Deflation Thread" daemon [_thread_blocked, id=16628, stack(0x00007f4fa7700000,0x00007f4fa7800000)]
  0x00007f4fd825d880 JavaThread "C2 CompilerThread0" daemon [_thread_blocked, id=16629, stack(0x00007f4fa7600000,0x00007f4fa7700000)]
  0x00007f4fd825ed40 JavaThread "C1 CompilerThread0" daemon [_thread_blocked, id=16630, stack(0x00007f4fa7500000,0x00007f4fa7600000)]
  0x00007f4fd8260140 JavaThread "Sweeper thread" daemon [_thread_blocked, id=16631, stack(0x00007f4fa7400000,0x00007f4fa7500000)]
  0x00007f4fd82fda30 JavaThread "Common-Cleaner" daemon [_thread_blocked, id=16632, stack(0x00007f4fa7300000,0x00007f4fa7400000)]
  0x00007f4fd83ea5c0 JavaThread "Notification Thread" daemon [_thread_blocked, id=16633, stack(0x00007f4fa7200000,0x00007f4fa7300000)]
  0x00007f4f940e7180 JavaThread "C2 CompilerThread1" daemon [_thread_in_native, id=16635, stack(0x00007f4fa6fff000,0x00007f4fa70ff000)]
  0x00007f4f94143cf0 JavaThread "C2 CompilerThread2" daemon [_thread_blocked, id=16636, stack(0x00007f4fa6eff000,0x00007f4fa6fff000)]
  0x00007f4fd95de080 JavaThread "Daemon health stats" [_thread_blocked, id=16640, stack(0x00007f4fa61ff000,0x00007f4fa62ff000)]
  0x00007f4fd97262f0 JavaThread "Incoming local TCP Connector on port 41659" [_thread_in_native, id=16641, stack(0x00007f4fa60ff000,0x00007f4fa61ff000)]
  0x00007f4fd976b930 JavaThread "Daemon periodic checks" [_thread_blocked, id=16642, stack(0x00007f4fa5fff000,0x00007f4fa60ff000)]
  0x00007f4f60016c10 JavaThread "Daemon" [_thread_blocked, id=16643, stack(0x00007f4fa5eff000,0x00007f4fa5fff000)]
  0x00007f4f580015d0 JavaThread "Handler for socket connection from /127.0.0.1:41659 to /127.0.0.1:42130" [_thread_in_native, id=16644, stack(0x00007f4fa5dff000,0x00007f4fa5eff000)]
  0x00007f4f58005fc0 JavaThread "Cancel handler" [_thread_blocked, id=16645, stack(0x00007f4fa5cff000,0x00007f4fa5dff000)]
  0x00007f4f58007bd0 JavaThread "Daemon worker" [_thread_blocked, id=16646, stack(0x00007f4fa5bff000,0x00007f4fa5cff000)]
  0x00007f4f54004ea0 JavaThread "Asynchronous log dispatcher for DefaultDaemonConnection: socket connection from /127.0.0.1:41659 to /127.0.0.1:42130" [_thread_blocked, id=16649, stack(0x00007f4fa5aff000,0x00007f4fa5bff000)]
  0x00007f4f5400a3e0 JavaThread "Stdin handler" [_thread_blocked, id=16650, stack(0x00007f4fa59ff000,0x00007f4fa5aff000)]
  0x00007f4f5400d3d0 JavaThread "Daemon client event forwarder" [_thread_blocked, id=16651, stack(0x00007f4fa58ff000,0x00007f4fa59ff000)]
  0x00007f4f5418ead0 JavaThread "Cache worker for journal cache (/home/rodion/.gradle/caches/journal-1)" [_thread_blocked, id=16658, stack(0x00007f4fa51f9000,0x00007f4fa52f9000)]
  0x00007f4f54197b30 JavaThread "File lock request listener" [_thread_in_native, id=16659, stack(0x00007f4fa50f9000,0x00007f4fa51f9000)]
  0x00007f4f5443bc20 JavaThread "Cache worker for file hash cache (/home/rodion/.gradle/caches/8.4/fileHashes)" [_thread_blocked, id=16660, stack(0x00007f4fa4ff9000,0x00007f4fa50f9000)]
  0x00007f4f54c900d0 JavaThread "File watcher server" daemon [_thread_in_native, id=16661, stack(0x00007f4fa4ef9000,0x00007f4fa4ff9000)]
  0x00007f4f54c9c830 JavaThread "File watcher consumer" daemon [_thread_blocked, id=16662, stack(0x00007f4fa4df9000,0x00007f4fa4ef9000)]
  0x00007f4f54d4e230 JavaThread "Cache worker for checksums cache (/var/www/html/YkisPAM/.gradle/8.4/checksums)" [_thread_blocked, id=16663, stack(0x00007f4fa4cf9000,0x00007f4fa4df9000)]
  0x00007f4f54d64670 JavaThread "Cache worker for file hash cache (/var/www/html/YkisPAM/.gradle/8.4/fileHashes)" [_thread_blocked, id=16664, stack(0x00007f4fa4bf9000,0x00007f4fa4cf9000)]
  0x00007f4f54d7a160 JavaThread "Cache worker for cache directory md-supplier (/home/rodion/.gradle/caches/8.4/md-supplier)" [_thread_blocked, id=16665, stack(0x00007f4fa4af9000,0x00007f4fa4bf9000)]
  0x00007f4f54d89670 JavaThread "Cache worker for file content cache (/home/rodion/.gradle/caches/8.4/fileContent)" [_thread_blocked, id=16666, stack(0x00007f4fa49f9000,0x00007f4fa4af9000)]
  0x00007f4f54de95c0 JavaThread "Cache worker for cache directory md-rule (/home/rodion/.gradle/caches/8.4/md-rule)" [_thread_blocked, id=16667, stack(0x00007f4fa48f9000,0x00007f4fa49f9000)]
  0x00007f4f54e294f0 JavaThread "Cache worker for execution history cache (/home/rodion/.gradle/caches/8.4/executionHistory)" [_thread_blocked, id=16668, stack(0x00007f4fa47f9000,0x00007f4fa48f9000)]

Other Threads:
  0x00007f4fd82275c0 VMThread "VM Thread" [stack: 0x00007f4fb42e4000,0x00007f4fb43e4000] [id=16623]
  0x00007f4fd807b140 WatcherThread [stack: 0x00007f4fa7100000,0x00007f4fa7200000] [id=16634]
  0x00007f4fd803fb10 GCTaskThread "GC Thread#0" [stack: 0x00007f4fdc215000,0x00007f4fdc315000] [id=16622]
  0x00007f4fb0001270 GCTaskThread "GC Thread#1" [stack: 0x00007f4fa6b00000,0x00007f4fa6c00000] [id=16637]
=>0x00007f4fb0001c90 GCTaskThread "GC Thread#2" [stack: 0x00007f4fa6700000,0x00007f4fa6800000] [id=16638]
  0x00007f4fb0002aa0 GCTaskThread "GC Thread#3" [stack: 0x00007f4fa6300000,0x00007f4fa6400000] [id=16639]
  0x00007f4fb0004960 GCTaskThread "GC Thread#4" [stack: 0x00007f4fa57ff000,0x00007f4fa58ff000] [id=16652]
  0x00007f4fb0005340 GCTaskThread "GC Thread#5" [stack: 0x00007f4fa56fe000,0x00007f4fa57fe000] [id=16653]
  0x00007f4fb0005d60 GCTaskThread "GC Thread#6" [stack: 0x00007f4fa55fd000,0x00007f4fa56fd000] [id=16654]
  0x00007f4fb0006780 GCTaskThread "GC Thread#7" [stack: 0x00007f4fa54fc000,0x00007f4fa55fc000] [id=16655]
  0x00007f4fb00071a0 GCTaskThread "GC Thread#8" [stack: 0x00007f4fa53fb000,0x00007f4fa54fb000] [id=16656]
  0x00007f4fb0007bc0 GCTaskThread "GC Thread#9" [stack: 0x00007f4fa52fa000,0x00007f4fa53fa000] [id=16657]

Threads with active compile tasks:
C2 CompilerThread0     1582 2734       4       java.util.HashMap::getNode (150 bytes)
C2 CompilerThread1     1582 2681       4       org.objectweb.asm.Frame::execute (2318 bytes)
C2 CompilerThread2     1582 2731       4       java.net.URLStreamHandler::toExternalForm (156 bytes)

VM state: at safepoint (normal execution)

VM Mutex/Monitor currently owned by a thread:  ([mutex/lock_event])
[0x00007f4fd8024dc0] Threads_lock - owner thread: 0x00007f4fd82275c0
[0x00007f4fd8025630] Heap_lock - owner thread: 0x00007f4f58007bd0

Heap address: 0x00000006e0000000, size: 4608 MB, Compressed Oops mode: Zero based, Oop shift amount: 3

CDS archive(s) not mapped
Compressed class space mapped at: 0x0000000800000000-0x0000000834000000, reserved size: 872415232
Narrow klass base: 0x0000000800000000, Narrow klass shift: 0, Narrow klass range: 0x34000000

GC Precious Log:
 CPUs: 16 total, 12 available
 Memory: 13817M
 Large Page Support: Disabled
 NUMA Support: Disabled
 Compressed Oops: Enabled (Zero based)
 Alignments: Space 512K, Generation 512K, Heap 2M
 Heap Min Capacity: 8M
 Heap Initial Capacity: 216M
 Heap Max Capacity: 4608M
 Pre-touch: Disabled
 Parallel Workers: 10

Heap:
 PSYoungGen      total 119808K, used 5408K [0x00000007a0000000, 0x00000007a7e00000, 0x0000000800000000)
  eden space 110592K, 0% used [0x00000007a0000000,0x00000007a0000000,0x00000007a6c00000)
  from space 9216K, 58% used [0x00000007a6c00000,0x00000007a7148060,0x00000007a7500000)
  to   space 9216K, 0% used [0x00000007a7500000,0x00000007a7500000,0x00000007a7e00000)
 ParOldGen       total 147456K, used 16903K [0x00000006e0000000, 0x00000006e9000000, 0x00000007a0000000)
  object space 147456K, 11% used [0x00000006e0000000,0x00000006e1081ea0,0x00000006e9000000)
 Metaspace       used 35551K, committed 35840K, reserved 917504K
  class space    used 4893K, committed 5056K, reserved 851968K

Card table byte_map: [0x00007f4fc86ff000,0x00007f4fc9000000] _byte_map_base: 0x00007f4fc4fff000

Marking Bits: (ParMarkBitMap*) 0x00007f4fe0c2b6f0
 Begin Bits: [0x00007f4fbb000000, 0x00007f4fbf800000)
 End Bits:   [0x00007f4fbf800000, 0x00007f4fc4000000)

Polling page: 0x00007f4fe1161000

Metaspace:

Usage:
  Non-class:     29,94 MB used.
      Class:      4,78 MB used.
       Both:     34,72 MB used.

Virtual space:
  Non-class space:       64,00 MB reserved,      30,06 MB ( 47%) committed,  1 nodes.
      Class space:      832,00 MB reserved,       4,94 MB ( <1%) committed,  1 nodes.
             Both:      896,00 MB reserved,      35,00 MB (  4%) committed. 

Chunk freelists:
   Non-Class:  1,62 MB
       Class:  11,11 MB
        Both:  12,73 MB

MaxMetaspaceSize: 1,00 GB
CompressedClassSpaceSize: 832,00 MB
Initial GC threshold: 21,00 MB
Current GC threshold: 35,00 MB
CDS: off
MetaspaceReclaimPolicy: balanced
 - commit_granule_bytes: 65536.
 - commit_granule_words: 8192.
 - virtual_space_node_default_size: 8388608.
 - enlarge_chunks_in_place: 1.
 - new_chunks_are_fully_committed: 0.
 - uncommit_free_chunks: 1.
 - use_allocation_guard: 0.
 - handle_deallocations: 1.


Internal statistics:

num_allocs_failed_limit: 6.
num_arena_births: 258.
num_arena_deaths: 0.
num_vsnodes_births: 2.
num_vsnodes_deaths: 0.
num_space_committed: 560.
num_space_uncommitted: 0.
num_chunks_returned_to_freelist: 6.
num_chunks_taken_from_freelist: 1235.
num_chunk_merges: 6.
num_chunk_splits: 845.
num_chunks_enlarged: 611.
num_inconsistent_stats: 0.

CodeHeap 'non-profiled nmethods': size=120028Kb used=1504Kb max_used=1504Kb free=118523Kb
 bounds [0x00007f4fd0ac9000, 0x00007f4fd0d39000, 0x00007f4fd8000000]
CodeHeap 'profiled nmethods': size=120028Kb used=5475Kb max_used=5475Kb free=114552Kb
 bounds [0x00007f4fc9000000, 0x00007f4fc9560000, 0x00007f4fd0537000]
CodeHeap 'non-nmethods': size=5704Kb used=1233Kb max_used=1279Kb free=4470Kb
 bounds [0x00007f4fd0537000, 0x00007f4fd07a7000, 0x00007f4fd0ac9000]
 total_blobs=3279 nmethods=2732 adapters=462
 compilation: enabled
              stopped_count=0, restarted_count=0
 full_count=0

Compilation events (20 events):
Event: 1,532 Thread 0x00007f4fd825ed40 nmethod 2717 0x00007f4fc9553990 code [0x00007f4fc9553ba0, 0x00007f4fc9554180]
Event: 1,532 Thread 0x00007f4fd825d880 nmethod 2714 0x00007f4fd0c3ea10 code [0x00007f4fd0c3eba0, 0x00007f4fd0c3efb8]
Event: 1,532 Thread 0x00007f4fd825ed40 2718       3       java.util.concurrent.ConcurrentHashMap::sumCount (60 bytes)
Event: 1,532 Thread 0x00007f4fd825ed40 nmethod 2718 0x00007f4fc9554390 code [0x00007f4fc9554540, 0x00007f4fc95547b0]
Event: 1,532 Thread 0x00007f4fd825ed40 2719       3       java.util.HashMap::putVal (300 bytes)
Event: 1,533 Thread 0x00007f4fd825ed40 nmethod 2719 0x00007f4fc9554910 code [0x00007f4fc9554bc0, 0x00007f4fc9555d30]
Event: 1,533 Thread 0x00007f4fd825ed40 2720       3       org.gradle.internal.service.DefaultServiceRegistry::unwrap (75 bytes)
Event: 1,533 Thread 0x00007f4fd825ed40 nmethod 2720 0x00007f4fc9556210 code [0x00007f4fc9556460, 0x00007f4fc9557230]
Event: 1,533 Thread 0x00007f4fd825ed40 2721       3       org.objectweb.asm.MethodVisitor::visitFieldInsn (20 bytes)
Event: 1,533 Thread 0x00007f4fd825ed40 nmethod 2721 0x00007f4fc9557490 code [0x00007f4fc9557640, 0x00007f4fc9557840]
Event: 1,538 Thread 0x00007f4fd825d880 2730       4       java.util.jar.Attributes::getValue (9 bytes)
Event: 1,540 Thread 0x00007f4fd825d880 nmethod 2730 0x00007f4fd0c40a10 code [0x00007f4fd0c40bc0, 0x00007f4fd0c40ed8]
Event: 1,552 Thread 0x00007f4f94143cf0 2731       4       java.net.URLStreamHandler::toExternalForm (156 bytes)
Event: 1,556 Thread 0x00007f4fd825ed40 2732       3       sun.nio.fs.UnixPath::getByteArrayForSysCalls (48 bytes)
Event: 1,556 Thread 0x00007f4fd825ed40 nmethod 2732 0x00007f4fc9557910 code [0x00007f4fc9557ae0, 0x00007f4fc9557fe0]
Event: 1,559 Thread 0x00007f4fd825ed40 2733       3       java.io.DataInputStream::readInt (68 bytes)
Event: 1,559 Thread 0x00007f4fd825ed40 nmethod 2733 0x00007f4fc9558110 code [0x00007f4fc9558300, 0x00007f4fc9558860]
Event: 1,559 Thread 0x00007f4fd825d880 2734       4       java.util.HashMap::getNode (150 bytes)
Event: 1,559 Thread 0x00007f4fd825ed40 2735       3       org.codehaus.groovy.reflection.GeneratedMetaMethod$DgmMethodRecord::<init> (5 bytes)
Event: 1,559 Thread 0x00007f4fd825ed40 nmethod 2735 0x00007f4fc9558a10 code [0x00007f4fc9558bc0, 0x00007f4fc9558d10]

GC Heap History (9 events):
Event: 0,431 GC heap before
{Heap before GC invocations=1 (full 0):
 PSYoungGen      total 64512K, used 55296K [0x00000007a0000000, 0x00000007a4800000, 0x0000000800000000)
  eden space 55296K, 100% used [0x00000007a0000000,0x00000007a3600000,0x00000007a3600000)
  from space 9216K, 0% used [0x00000007a3f00000,0x00000007a3f00000,0x00000007a4800000)
  to   space 9216K, 0% used [0x00000007a3600000,0x00000007a3600000,0x00000007a3f00000)
 ParOldGen       total 147456K, used 0K [0x00000006e0000000, 0x00000006e9000000, 0x00000007a0000000)
  object space 147456K, 0% used [0x00000006e0000000,0x00000006e0000000,0x00000006e9000000)
 Metaspace       used 11489K, committed 11648K, reserved 917504K
  class space    used 1208K, committed 1280K, reserved 851968K
}
Event: 0,437 GC heap after
{Heap after GC invocations=1 (full 0):
 PSYoungGen      total 64512K, used 9214K [0x00000007a0000000, 0x00000007a7e00000, 0x0000000800000000)
  eden space 55296K, 0% used [0x00000007a0000000,0x00000007a0000000,0x00000007a3600000)
  from space 9216K, 99% used [0x00000007a3600000,0x00000007a3eff9c0,0x00000007a3f00000)
  to   space 9216K, 0% used [0x00000007a7500000,0x00000007a7500000,0x00000007a7e00000)
 ParOldGen       total 147456K, used 4689K [0x00000006e0000000, 0x00000006e9000000, 0x00000007a0000000)
  object space 147456K, 3% used [0x00000006e0000000,0x00000006e04946f0,0x00000006e9000000)
 Metaspace       used 11489K, committed 11648K, reserved 917504K
  class space    used 1208K, committed 1280K, reserved 851968K
}
Event: 0,802 GC heap before
{Heap before GC invocations=2 (full 0):
 PSYoungGen      total 64512K, used 47308K [0x00000007a0000000, 0x00000007a7e00000, 0x0000000800000000)
  eden space 55296K, 68% used [0x00000007a0000000,0x00000007a2533730,0x00000007a3600000)
  from space 9216K, 99% used [0x00000007a3600000,0x00000007a3eff9c0,0x00000007a3f00000)
  to   space 9216K, 0% used [0x00000007a7500000,0x00000007a7500000,0x00000007a7e00000)
 ParOldGen       total 147456K, used 4689K [0x00000006e0000000, 0x00000006e9000000, 0x00000007a0000000)
  object space 147456K, 3% used [0x00000006e0000000,0x00000006e04946f0,0x00000006e9000000)
 Metaspace       used 21309K, committed 21504K, reserved 917504K
  class space    used 2541K, committed 2624K, reserved 851968K
}
Event: 0,807 GC heap after
{Heap after GC invocations=2 (full 0):
 PSYoungGen      total 119808K, used 9204K [0x00000007a0000000, 0x00000007a7e00000, 0x0000000800000000)
  eden space 110592K, 0% used [0x00000007a0000000,0x00000007a0000000,0x00000007a6c00000)
  from space 9216K, 99% used [0x00000007a7500000,0x00000007a7dfd308,0x00000007a7e00000)
  to   space 9216K, 0% used [0x00000007a6c00000,0x00000007a6c00000,0x00000007a7500000)
 ParOldGen       total 147456K, used 8011K [0x00000006e0000000, 0x00000006e9000000, 0x00000007a0000000)
  object space 147456K, 5% used [0x00000006e0000000,0x00000006e07d2f30,0x00000006e9000000)
 Metaspace       used 21309K, committed 21504K, reserved 917504K
  class space    used 2541K, committed 2624K, reserved 851968K
}
Event: 0,807 GC heap before
{Heap before GC invocations=3 (full 1):
 PSYoungGen      total 119808K, used 9204K [0x00000007a0000000, 0x00000007a7e00000, 0x0000000800000000)
  eden space 110592K, 0% used [0x00000007a0000000,0x00000007a0000000,0x00000007a6c00000)
  from space 9216K, 99% used [0x00000007a7500000,0x00000007a7dfd308,0x00000007a7e00000)
  to   space 9216K, 0% used [0x00000007a6c00000,0x00000007a6c00000,0x00000007a7500000)
 ParOldGen       total 147456K, used 8011K [0x00000006e0000000, 0x00000006e9000000, 0x00000007a0000000)
  object space 147456K, 5% used [0x00000006e0000000,0x00000006e07d2f30,0x00000006e9000000)
 Metaspace       used 21309K, committed 21504K, reserved 917504K
  class space    used 2541K, committed 2624K, reserved 851968K
}
Event: 0,816 GC heap after
{Heap after GC invocations=3 (full 1):
 PSYoungGen      total 119808K, used 0K [0x00000007a0000000, 0x00000007a7e00000, 0x0000000800000000)
  eden space 110592K, 0% used [0x00000007a0000000,0x00000007a0000000,0x00000007a6c00000)
  from space 9216K, 0% used [0x00000007a7500000,0x00000007a7500000,0x00000007a7e00000)
  to   space 9216K, 0% used [0x00000007a6c00000,0x00000007a6c00000,0x00000007a7500000)
 ParOldGen       total 147456K, used 16895K [0x00000006e0000000, 0x00000006e9000000, 0x00000007a0000000)
  object space 147456K, 11% used [0x00000006e0000000,0x00000006e107fea0,0x00000006e9000000)
 Metaspace       used 21309K, committed 21504K, reserved 917504K
  class space    used 2541K, committed 2624K, reserved 851968K
}
Event: 1,561 GC heap before
{Heap before GC invocations=4 (full 1):
 PSYoungGen      total 119808K, used 105011K [0x00000007a0000000, 0x00000007a7e00000, 0x0000000800000000)
  eden space 110592K, 94% used [0x00000007a0000000,0x00000007a668cf90,0x00000007a6c00000)
  from space 9216K, 0% used [0x00000007a7500000,0x00000007a7500000,0x00000007a7e00000)
  to   space 9216K, 0% used [0x00000007a6c00000,0x00000007a6c00000,0x00000007a7500000)
 ParOldGen       total 147456K, used 16895K [0x00000006e0000000, 0x00000006e9000000, 0x00000007a0000000)
  object space 147456K, 11% used [0x00000006e0000000,0x00000006e107fea0,0x00000006e9000000)
 Metaspace       used 35551K, committed 35840K, reserved 917504K
  class space    used 4893K, committed 5056K, reserved 851968K
}
Event: 1,563 GC heap after
{Heap after GC invocations=4 (full 1):
 PSYoungGen      total 119808K, used 5408K [0x00000007a0000000, 0x00000007a7e00000, 0x0000000800000000)
  eden space 110592K, 0% used [0x00000007a0000000,0x00000007a0000000,0x00000007a6c00000)
  from space 9216K, 58% used [0x00000007a6c00000,0x00000007a7148060,0x00000007a7500000)
  to   space 9216K, 0% used [0x00000007a7500000,0x00000007a7500000,0x00000007a7e00000)
 ParOldGen       total 147456K, used 16903K [0x00000006e0000000, 0x00000006e9000000, 0x00000007a0000000)
  object space 147456K, 11% used [0x00000006e0000000,0x00000006e1081ea0,0x00000006e9000000)
 Metaspace       used 35551K, committed 35840K, reserved 917504K
  class space    used 4893K, committed 5056K, reserved 851968K
}
Event: 1,563 GC heap before
{Heap before GC invocations=5 (full 2):
 PSYoungGen      total 119808K, used 5408K [0x00000007a0000000, 0x00000007a7e00000, 0x0000000800000000)
  eden space 110592K, 0% used [0x00000007a0000000,0x00000007a0000000,0x00000007a6c00000)
  from space 9216K, 58% used [0x00000007a6c00000,0x00000007a7148060,0x00000007a7500000)
  to   space 9216K, 0% used [0x00000007a7500000,0x00000007a7500000,0x00000007a7e00000)
 ParOldGen       total 147456K, used 16903K [0x00000006e0000000, 0x00000006e9000000, 0x00000007a0000000)
  object space 147456K, 11% used [0x00000006e0000000,0x00000006e1081ea0,0x00000006e9000000)
 Metaspace       used 35551K, committed 35840K, reserved 917504K
  class space    used 4893K, committed 5056K, reserved 851968K
}

Dll operation events (13 events):
Event: 0,002 Loaded shared library /home/rodion/.local/share/JetBrains/Toolbox/apps/android-studio-2/jbr/lib/libjava.so
Event: 0,075 Loaded shared library /home/rodion/.local/share/JetBrains/Toolbox/apps/android-studio-2/jbr/lib/libzip.so
Event: 0,076 Loaded shared library /home/rodion/.local/share/JetBrains/Toolbox/apps/android-studio-2/jbr/lib/libinstrument.so
Event: 0,081 Loaded shared library /home/rodion/.local/share/JetBrains/Toolbox/apps/android-studio-2/jbr/lib/libnio.so
Event: 0,086 Loaded shared library /home/rodion/.local/share/JetBrains/Toolbox/apps/android-studio-2/jbr/lib/libzip.so
Event: 0,142 Loaded shared library /home/rodion/.local/share/JetBrains/Toolbox/apps/android-studio-2/jbr/lib/libjimage.so
Event: 0,170 Loaded shared library /home/rodion/.local/share/JetBrains/Toolbox/apps/android-studio-2/jbr/lib/libverify.so
Event: 0,243 Loaded shared library /home/rodion/.local/share/JetBrains/Toolbox/apps/android-studio-2/jbr/lib/libnet.so
Event: 0,244 Loaded shared library /home/rodion/.gradle/native/c067742578af261105cb4f569cf0c3c89f3d7b1fecec35dd04571415982c5e48/linux-amd64/libnative-platform.so
Event: 0,247 Loaded shared library /home/rodion/.gradle/native/38dada09dfb8b06ba9b0570ebf7e218e3eb74d4ef43ca46872605cf95ebc2f47/linux-amd64/libnative-platform-file-events.so
Event: 0,566 Loaded shared library /home/rodion/.local/share/JetBrains/Toolbox/apps/android-studio-2/jbr/lib/libmanagement.so
Event: 0,567 Loaded shared library /home/rodion/.local/share/JetBrains/Toolbox/apps/android-studio-2/jbr/lib/libmanagement_ext.so
Event: 0,658 Loaded shared library /home/rodion/.local/share/JetBrains/Toolbox/apps/android-studio-2/jbr/lib/libextnet.so

Deoptimization events (20 events):
Event: 1,443 Thread 0x00007f4f58007bd0 Uncommon trap: trap_request=0xffffffc6 fr.pc=0x00007f4fd0c22a98 relative=0x00000000000001d8
Event: 1,443 Thread 0x00007f4f58007bd0 Uncommon trap: reason=bimorphic_or_optimized_type_check action=maybe_recompile pc=0x00007f4fd0c22a98 method=java.util.regex.Pattern$BmpCharProperty.match(Ljava/util/regex/Matcher;ILjava/lang/CharSequence;)Z @ 19 c2
Event: 1,443 Thread 0x00007f4f58007bd0 DEOPT PACKING pc=0x00007f4fd0c22a98 sp=0x00007f4fa5cf6eb0
Event: 1,443 Thread 0x00007f4f58007bd0 DEOPT UNPACKING pc=0x00007f4fd058d399 sp=0x00007f4fa5cf6e88 mode 2
Event: 1,443 Thread 0x00007f4f58007bd0 Uncommon trap: trap_request=0xffffffc6 fr.pc=0x00007f4fd0c22a98 relative=0x00000000000001d8
Event: 1,443 Thread 0x00007f4f58007bd0 Uncommon trap: reason=bimorphic_or_optimized_type_check action=maybe_recompile pc=0x00007f4fd0c22a98 method=java.util.regex.Pattern$BmpCharProperty.match(Ljava/util/regex/Matcher;ILjava/lang/CharSequence;)Z @ 19 c2
Event: 1,443 Thread 0x00007f4f58007bd0 DEOPT PACKING pc=0x00007f4fd0c22a98 sp=0x00007f4fa5cf6eb0
Event: 1,443 Thread 0x00007f4f58007bd0 DEOPT UNPACKING pc=0x00007f4fd058d399 sp=0x00007f4fa5cf6e88 mode 2
Event: 1,443 Thread 0x00007f4f58007bd0 Uncommon trap: trap_request=0xffffffc6 fr.pc=0x00007f4fd0c22a98 relative=0x00000000000001d8
Event: 1,443 Thread 0x00007f4f58007bd0 Uncommon trap: reason=bimorphic_or_optimized_type_check action=maybe_recompile pc=0x00007f4fd0c22a98 method=java.util.regex.Pattern$BmpCharProperty.match(Ljava/util/regex/Matcher;ILjava/lang/CharSequence;)Z @ 19 c2
Event: 1,443 Thread 0x00007f4f58007bd0 DEOPT PACKING pc=0x00007f4fd0c22a98 sp=0x00007f4fa5cf6eb0
Event: 1,443 Thread 0x00007f4f58007bd0 DEOPT UNPACKING pc=0x00007f4fd058d399 sp=0x00007f4fa5cf6e88 mode 2
Event: 1,443 Thread 0x00007f4f58007bd0 Uncommon trap: trap_request=0xffffffc6 fr.pc=0x00007f4fd0c22a98 relative=0x00000000000001d8
Event: 1,443 Thread 0x00007f4f58007bd0 Uncommon trap: reason=bimorphic_or_optimized_type_check action=maybe_recompile pc=0x00007f4fd0c22a98 method=java.util.regex.Pattern$BmpCharProperty.match(Ljava/util/regex/Matcher;ILjava/lang/CharSequence;)Z @ 19 c2
Event: 1,443 Thread 0x00007f4f58007bd0 DEOPT PACKING pc=0x00007f4fd0c22a98 sp=0x00007f4fa5cf6eb0
Event: 1,443 Thread 0x00007f4f58007bd0 DEOPT UNPACKING pc=0x00007f4fd058d399 sp=0x00007f4fa5cf6e88 mode 2
Event: 1,526 Thread 0x00007f4f58007bd0 Uncommon trap: trap_request=0xffffff45 fr.pc=0x00007f4fd0c2321c relative=0x000000000000027c
Event: 1,526 Thread 0x00007f4f58007bd0 Uncommon trap: reason=unstable_if action=reinterpret pc=0x00007f4fd0c2321c method=java.util.HashMap.putVal(ILjava/lang/Object;Ljava/lang/Object;ZZ)Ljava/lang/Object; @ 162 c2
Event: 1,526 Thread 0x00007f4f58007bd0 DEOPT PACKING pc=0x00007f4fd0c2321c sp=0x00007f4fa5cf89e0
Event: 1,526 Thread 0x00007f4f58007bd0 DEOPT UNPACKING pc=0x00007f4fd058d399 sp=0x00007f4fa5cf8980 mode 2

Classes unloaded (0 events):
No events

Classes redefined (0 events):
No events

Internal exceptions (20 events):
Event: 1,106 Thread 0x00007f4f58007bd0 Exception <a 'java/lang/NoSuchMethodError'{0x00000007a28a9480}: 'java.lang.Object java.lang.invoke.DirectMethodHandle$Holder.newInvokeSpecial(java.lang.Object, java.lang.Object, java.lang.Object, java.lang.Object, java.lang.Object, java.lang.Object, java.lang.Object)'> (0x00000007a28a9480) 
thrown [src/hotspot/share/interpreter/linkResolver.cpp, line 771]
Event: 1,106 Thread 0x00007f4f58007bd0 Exception <a 'java/lang/NoSuchMethodError'{0x00000007a28ae150}: 'java.lang.Object java.lang.invoke.Invokers$Holder.linkToTargetMethod(java.lang.Object, java.lang.Object, java.lang.Object, java.lang.Object, java.lang.Object, java.lang.Object, java.lang.Object)'> (0x00000007a28ae150) 
thrown [src/hotspot/share/interpreter/linkResolver.cpp, line 771]
Event: 1,118 Thread 0x00007f4f58007bd0 Exception <a 'java/lang/NoSuchMethodError'{0x00000007a29ffb58}: 'java.lang.Object java.lang.invoke.DirectMethodHandle$Holder.invokeVirtual(java.lang.Object, java.lang.Object, java.lang.Object, java.lang.Object, java.lang.Object, java.lang.Object, java.lang.Object, java.lang.Object, java.lang.Object, java.lang.Object, java.lang.Object, java.lang.Object, java.lang.Object, java.lang.Object, java.lang.Object, java.lang.Object, java.lang.Object, java.lang.Object, java.lang.Object, java.lang.Object, java.lang.Ob
Event: 1,140 Thread 0x00007f4f58007bd0 Implicit null exception at 0x00007f4fd0b41658 to 0x00007f4fd0b416ea
Event: 1,242 Thread 0x00007f4f58007bd0 Exception <a 'java/lang/NoSuchMethodError'{0x00000007a396e340}: 'void java.lang.invoke.DirectMethodHandle$Holder.invokeStatic(java.lang.Object, java.lang.Object, java.lang.Object, java.lang.Object)'> (0x00000007a396e340) 
thrown [src/hotspot/share/interpreter/linkResolver.cpp, line 771]
Event: 1,243 Thread 0x00007f4f58007bd0 Exception <a 'java/lang/NoSuchMethodError'{0x00000007a3983810}: 'int java.lang.invoke.DirectMethodHandle$Holder.invokeVirtual(java.lang.Object, java.lang.Object)'> (0x00000007a3983810) 
thrown [src/hotspot/share/interpreter/linkResolver.cpp, line 771]
Event: 1,244 Thread 0x00007f4f58007bd0 Exception <a 'java/lang/NoSuchMethodError'{0x00000007a39960d0}: 'java.lang.Object java.lang.invoke.DirectMethodHandle$Holder.invokeStaticInit(java.lang.Object, java.lang.Object, java.lang.Object)'> (0x00000007a39960d0) 
thrown [src/hotspot/share/interpreter/linkResolver.cpp, line 771]
Event: 1,245 Thread 0x00007f4f58007bd0 Exception <a 'java/lang/NoSuchMethodError'{0x00000007a39b8ef8}: 'int java.lang.invoke.DirectMethodHandle$Holder.invokeVirtual(java.lang.Object, java.lang.Object, java.lang.Object)'> (0x00000007a39b8ef8) 
thrown [src/hotspot/share/interpreter/linkResolver.cpp, line 771]
Event: 1,326 Thread 0x00007f4f58007bd0 Exception <a 'java/lang/NoSuchMethodError'{0x00000007a4564368}: 'java.lang.Object java.lang.invoke.DirectMethodHandle$Holder.invokeSpecialIFC(java.lang.Object, java.lang.Object, java.lang.Object, java.lang.Object)'> (0x00000007a4564368) 
thrown [src/hotspot/share/interpreter/linkResolver.cpp, line 771]
Event: 1,330 Thread 0x00007f4f58007bd0 Exception <a 'java/lang/NoSuchMethodError'{0x00000007a46563c8}: 'java.lang.Object java.lang.invoke.DirectMethodHandle$Holder.newInvokeSpecial(java.lang.Object, java.lang.Object, java.lang.Object, java.lang.Object, java.lang.Object, java.lang.Object, java.lang.Object, java.lang.Object, java.lang.Object, java.lang.Object)'> (0x00000007a46563c8) 
thrown [src/hotspot/share/interpreter/linkResolver.cpp, line 771]
Event: 1,330 Thread 0x00007f4f58007bd0 Exception <a 'java/lang/NoSuchMethodError'{0x00000007a465b2b0}: 'java.lang.Object java.lang.invoke.Invokers$Holder.linkToTargetMethod(java.lang.Object, java.lang.Object, java.lang.Object, java.lang.Object, java.lang.Object, java.lang.Object, java.lang.Object, java.lang.Object, java.lang.Object, java.lang.Object)'> (0x00000007a465b2b0) 
thrown [src/hotspot/share/interpreter/linkResolver.cpp, line 771]
Event: 1,333 Thread 0x00007f4f58007bd0 Exception <a 'java/lang/NoSuchMethodError'{0x00000007a46d2e48}: 'java.lang.Object java.lang.invoke.DirectMethodHandle$Holder.newInvokeSpecial(java.lang.Object, java.lang.Object, java.lang.Object, java.lang.Object, java.lang.Object, java.lang.Object, java.lang.Object, java.lang.Object, java.lang.Object, java.lang.Object, java.lang.Object)'> (0x00000007a46d2e48) 
thrown [src/hotspot/share/interpreter/linkResolver.cpp, line 771]
Event: 1,333 Thread 0x00007f4f58007bd0 Exception <a 'java/lang/NoSuchMethodError'{0x00000007a46d8b30}: 'java.lang.Object java.lang.invoke.DirectMethodHandle$Holder.invokeSpecial(java.lang.Object, java.lang.Object, java.lang.Object, java.lang.Object, java.lang.Object, java.lang.Object, java.lang.Object, java.lang.Object, java.lang.Object, java.lang.Object, java.lang.Object, java.lang.Object)'> (0x00000007a46d8b30) 
thrown [src/hotspot/share/interpreter/linkResolver.cpp, line 771]
Event: 1,333 Thread 0x00007f4f58007bd0 Exception <a 'java/lang/NoSuchMethodError'{0x00000007a46de1c8}: 'java.lang.Object java.lang.invoke.Invokers$Holder.linkToTargetMethod(java.lang.Object, java.lang.Object, java.lang.Object, java.lang.Object, java.lang.Object, java.lang.Object, java.lang.Object, java.lang.Object, java.lang.Object, java.lang.Object, java.lang.Object)'> (0x00000007a46de1c8) 
thrown [src/hotspot/share/interpreter/linkResolver.cpp, line 771]
Event: 1,339 Thread 0x00007f4f58007bd0 Exception <a 'java/lang/NoSuchMethodError'{0x00000007a476dfa8}: 'java.lang.Object java.lang.invoke.DirectMethodHandle$Holder.invokeStaticInit(java.lang.Object, java.lang.Object, java.lang.Object, java.lang.Object)'> (0x00000007a476dfa8) 
thrown [src/hotspot/share/interpreter/linkResolver.cpp, line 771]
Event: 1,381 Thread 0x00007f4f58007bd0 Implicit null exception at 0x00007f4fd0b10e0d to 0x00007f4fd0b11378
Event: 1,475 Thread 0x00007f4f58007bd0 Exception <a 'java/lang/NoSuchMethodError'{0x00000007a5b002c8}: 'java.lang.Object java.lang.invoke.DirectMethodHandle$Holder.newInvokeSpecial(java.lang.Object, java.lang.Object, java.lang.Object, java.lang.Object, java.lang.Object, java.lang.Object, java.lang.Object, java.lang.Object)'> (0x00000007a5b002c8) 
thrown [src/hotspot/share/interpreter/linkResolver.cpp, line 771]
Event: 1,475 Thread 0x00007f4f58007bd0 Exception <a 'java/lang/NoSuchMethodError'{0x00000007a5b05fe8}: 'java.lang.Object java.lang.invoke.Invokers$Holder.linkToTargetMethod(java.lang.Object, java.lang.Object, java.lang.Object, java.lang.Object, java.lang.Object, java.lang.Object, java.lang.Object, java.lang.Object)'> (0x00000007a5b05fe8) 
thrown [src/hotspot/share/interpreter/linkResolver.cpp, line 771]
Event: 1,479 Thread 0x00007f4f58007bd0 Exception <a 'java/lang/IncompatibleClassChangeError'{0x00000007a5b76ce0}: Found class java.lang.Object, but interface was expected> (0x00000007a5b76ce0) 
thrown [src/hotspot/share/interpreter/linkResolver.cpp, line 838]
Event: 1,534 Thread 0x00007f4f58007bd0 Exception <a 'java/lang/NoSuchMethodError'{0x00000007a6272e18}: 'java.lang.Object java.lang.invoke.DirectMethodHandle$Holder.newInvokeSpecial(java.lang.Object, java.lang.Object, int, int)'> (0x00000007a6272e18) 
thrown [src/hotspot/share/interpreter/linkResolver.cpp, line 771]

VM Operations (20 events):
Event: 0,816 Executing VM operation: CollectForMetadataAllocation done
Event: 0,834 Executing VM operation: HandshakeAllThreads
Event: 0,834 Executing VM operation: HandshakeAllThreads done
Event: 0,937 Executing VM operation: HandshakeAllThreads
Event: 0,937 Executing VM operation: HandshakeAllThreads done
Event: 0,937 Executing VM operation: HandshakeAllThreads
Event: 0,937 Executing VM operation: HandshakeAllThreads done
Event: 1,180 Executing VM operation: ICBufferFull
Event: 1,180 Executing VM operation: ICBufferFull done
Event: 1,262 Executing VM operation: HandshakeAllThreads
Event: 1,262 Executing VM operation: HandshakeAllThreads done
Event: 1,262 Executing VM operation: HandshakeAllThreads
Event: 1,262 Executing VM operation: HandshakeAllThreads done
Event: 1,382 Executing VM operation: HandshakeAllThreads
Event: 1,382 Executing VM operation: HandshakeAllThreads done
Event: 1,471 Executing VM operation: HandshakeAllThreads
Event: 1,471 Executing VM operation: HandshakeAllThreads done
Event: 1,559 Executing VM operation: ICBufferFull
Event: 1,559 Executing VM operation: ICBufferFull done
Event: 1,560 Executing VM operation: CollectForMetadataAllocation

Events (20 events):
Event: 1,386 loading class java/lang/SafeVarargs
Event: 1,386 loading class java/lang/SafeVarargs done
Event: 1,408 loading class java/util/regex/Pattern$GroupCurly
Event: 1,409 loading class java/util/regex/Pattern$GroupCurly done
Event: 1,414 Thread 0x00007f4f54de95c0 Thread added: 0x00007f4f54de95c0
Event: 1,414 Protecting memory [0x00007f4fa48f9000,0x00007f4fa48fd000] with protection modes 0
Event: 1,456 Thread 0x00007f4f54e294f0 Thread added: 0x00007f4f54e294f0
Event: 1,456 Protecting memory [0x00007f4fa47f9000,0x00007f4fa47fd000] with protection modes 0
Event: 1,536 loading class jdk/internal/reflect/UnsafeStaticIntegerFieldAccessorImpl
Event: 1,536 loading class jdk/internal/reflect/UnsafeStaticIntegerFieldAccessorImpl done
Event: 1,546 loading class java/beans/PropertyDescriptor
Event: 1,546 loading class java/beans/PropertyDescriptor done
Event: 1,554 loading class java/util/EventListener
Event: 1,554 loading class java/util/EventListener done
Event: 1,556 loading class java/util/BitSet
Event: 1,557 loading class java/util/BitSet done
Event: 1,558 loading class java/util/TimerTask
Event: 1,558 loading class java/util/TimerTask done
Event: 1,558 loading class java/util/Timer
Event: 1,558 loading class java/util/Timer done


Dynamic libraries:
00200000-00201000 r--p 00000000 103:04 3162972                           /home/rodion/.local/share/JetBrains/Toolbox/apps/android-studio-2/jbr/bin/java
00201000-00202000 r-xp 00000000 103:04 3162972                           /home/rodion/.local/share/JetBrains/Toolbox/apps/android-studio-2/jbr/bin/java
00202000-00203000 r--p 00000000 103:04 3162972                           /home/rodion/.local/share/JetBrains/Toolbox/apps/android-studio-2/jbr/bin/java
00203000-00204000 rw-p 00000000 103:04 3162972                           /home/rodion/.local/share/JetBrains/Toolbox/apps/android-studio-2/jbr/bin/java
006df000-00727000 rw-p 00000000 00:00 0                                  [heap]
6e0000000-6e9000000 rw-p 00000000 00:00 0 
6e9000000-7a0000000 ---p 00000000 00:00 0 
7a0000000-7a7e00000 rw-p 00000000 00:00 0 
7a7e00000-800000000 ---p 00000000 00:00 0 
800000000-800010000 rw-p 00000000 00:00 0 
800010000-800030000 rw-p 00000000 00:00 0 
800030000-8000b0000 rw-p 00000000 00:00 0 
8000b0000-800130000 rw-p 00000000 00:00 0 
800130000-8001b0000 rw-p 00000000 00:00 0 
8001b0000-8001f0000 rw-p 00000000 00:00 0 
8001f0000-8004f0000 rw-p 00000000 00:00 0 
8004f0000-834000000 ---p 00000000 00:00 0 
7f4f00000000-7f4f00021000 rw-p 00000000 00:00 0 
7f4f00021000-7f4f04000000 ---p 00000000 00:00 0 
7f4f04000000-7f4f04021000 rw-p 00000000 00:00 0 
7f4f04021000-7f4f08000000 ---p 00000000 00:00 0 
7f4f08000000-7f4f08021000 rw-p 00000000 00:00 0 
7f4f08021000-7f4f0c000000 ---p 00000000 00:00 0 
7f4f0c000000-7f4f0c021000 rw-p 00000000 00:00 0 
7f4f0c021000-7f4f10000000 ---p 00000000 00:00 0 
7f4f10000000-7f4f10021000 rw-p 00000000 00:00 0 
7f4f10021000-7f4f14000000 ---p 00000000 00:00 0 
7f4f14000000-7f4f14021000 rw-p 00000000 00:00 0 
7f4f14021000-7f4f18000000 ---p 00000000 00:00 0 
7f4f18000000-7f4f18021000 rw-p 00000000 00:00 0 
7f4f18021000-7f4f1c000000 ---p 00000000 00:00 0 
7f4f1c000000-7f4f1c021000 rw-p 00000000 00:00 0 
7f4f1c021000-7f4f20000000 ---p 00000000 00:00 0 
7f4f20000000-7f4f20021000 rw-p 00000000 00:00 0 
7f4f20021000-7f4f24000000 ---p 00000000 00:00 0 
7f4f24000000-7f4f24021000 rw-p 00000000 00:00 0 
7f4f24021000-7f4f28000000 ---p 00000000 00:00 0 
7f4f28000000-7f4f28021000 rw-p 00000000 00:00 0 
7f4f28021000-7f4f2c000000 ---p 00000000 00:00 0 
7f4f2c000000-7f4f2c021000 rw-p 00000000 00:00 0 
7f4f2c021000-7f4f30000000 ---p 00000000 00:00 0 
7f4f30000000-7f4f30021000 rw-p 00000000 00:00 0 
7f4f30021000-7f4f34000000 ---p 00000000 00:00 0 
7f4f34000000-7f4f34021000 rw-p 00000000 00:00 0 
7f4f34021000-7f4f38000000 ---p 00000000 00:00 0 
7f4f38000000-7f4f38021000 rw-p 00000000 00:00 0 
7f4f38021000-7f4f3c000000 ---p 00000000 00:00 0 
7f4f3c000000-7f4f3c021000 rw-p 00000000 00:00 0 
7f4f3c021000-7f4f40000000 ---p 00000000 00:00 0 
7f4f40000000-7f4f40021000 rw-p 00000000 00:00 0 
7f4f40021000-7f4f44000000 ---p 00000000 00:00 0 
7f4f44000000-7f4f44021000 rw-p 00000000 00:00 0 
7f4f44021000-7f4f48000000 ---p 00000000 00:00 0 
7f4f48000000-7f4f48021000 rw-p 00000000 00:00 0 
7f4f48021000-7f4f4c000000 ---p 00000000 00:00 0 
7f4f4c000000-7f4f4c021000 rw-p 00000000 00:00 0 
7f4f4c021000-7f4f50000000 ---p 00000000 00:00 0 
7f4f50000000-7f4f50021000 rw-p 00000000 00:00 0 
7f4f50021000-7f4f54000000 ---p 00000000 00:00 0 
7f4f54000000-7f4f54f13000 rw-p 00000000 00:00 0 
7f4f54f13000-7f4f58000000 ---p 00000000 00:00 0 
7f4f58000000-7f4f58021000 rw-p 00000000 00:00 0 
7f4f58021000-7f4f5c000000 ---p 00000000 00:00 0 
7f4f5c000000-7f4f5c021000 rw-p 00000000 00:00 0 
7f4f5c021000-7f4f60000000 ---p 00000000 00:00 0 
7f4f60000000-7f4f60054000 rw-p 00000000 00:00 0 
7f4f60054000-7f4f64000000 ---p 00000000 00:00 0 
7f4f64000000-7f4f64021000 rw-p 00000000 00:00 0 
7f4f64021000-7f4f68000000 ---p 00000000 00:00 0 
7f4f68000000-7f4f68021000 rw-p 00000000 00:00 0 
7f4f68021000-7f4f6c000000 ---p 00000000 00:00 0 
7f4f6c000000-7f4f6c023000 rw-p 00000000 00:00 0 
7f4f6c023000-7f4f70000000 ---p 00000000 00:00 0 
7f4f70000000-7f4f70021000 rw-p 00000000 00:00 0 
7f4f70021000-7f4f74000000 ---p 00000000 00:00 0 
7f4f74000000-7f4f741b9000 rw-p 00000000 00:00 0 
7f4f741b9000-7f4f78000000 ---p 00000000 00:00 0 
7f4f78000000-7f4f790dc000 rw-p 00000000 00:00 0 
7f4f790dc000-7f4f7c000000 ---p 00000000 00:00 0 
7f4f7c000000-7f4f7d1cc000 rw-p 00000000 00:00 0 
7f4f7d1cc000-7f4f80000000 ---p 00000000 00:00 0 
7f4f80000000-7f4f80021000 rw-p 00000000 00:00 0 
7f4f80021000-7f4f84000000 ---p 00000000 00:00 0 
7f4f84000000-7f4f84021000 rw-p 00000000 00:00 0 
7f4f84021000-7f4f88000000 ---p 00000000 00:00 0 
7f4f88000000-7f4f88021000 rw-p 00000000 00:00 0 
7f4f88021000-7f4f8c000000 ---p 00000000 00:00 0 
7f4f8c000000-7f4f8c021000 rw-p 00000000 00:00 0 
7f4f8c021000-7f4f90000000 ---p 00000000 00:00 0 
7f4f90000000-7f4f9159a000 rw-p 00000000 00:00 0 
7f4f9159a000-7f4f94000000 ---p 00000000 00:00 0 
7f4f94000000-7f4f947a2000 rw-p 00000000 00:00 0 
7f4f947a2000-7f4f98000000 ---p 00000000 00:00 0 
7f4f98000000-7f4f98021000 rw-p 00000000 00:00 0 
7f4f98021000-7f4f9c000000 ---p 00000000 00:00 0 
7f4f9c000000-7f4f9c021000 rw-p 00000000 00:00 0 
7f4f9c021000-7f4fa0000000 ---p 00000000 00:00 0 
7f4fa0000000-7f4fa0021000 rw-p 00000000 00:00 0 
7f4fa0021000-7f4fa4000000 ---p 00000000 00:00 0 
7f4fa455c000-7f4fa47f9000 rw-p 00000000 00:00 0 
7f4fa47f9000-7f4fa47fd000 ---p 00000000 00:00 0 
7f4fa47fd000-7f4fa48f9000 rw-p 00000000 00:00 0 
7f4fa48f9000-7f4fa48fd000 ---p 00000000 00:00 0 
7f4fa48fd000-7f4fa49f9000 rw-p 00000000 00:00 0 
7f4fa49f9000-7f4fa49fd000 ---p 00000000 00:00 0 
7f4fa49fd000-7f4fa4af9000 rw-p 00000000 00:00 0 
7f4fa4af9000-7f4fa4afd000 ---p 00000000 00:00 0 
7f4fa4afd000-7f4fa4bf9000 rw-p 00000000 00:00 0 
7f4fa4bf9000-7f4fa4bfd000 ---p 00000000 00:00 0 
7f4fa4bfd000-7f4fa4cf9000 rw-p 00000000 00:00 0 
7f4fa4cf9000-7f4fa4cfd000 ---p 00000000 00:00 0 
7f4fa4cfd000-7f4fa4df9000 rw-p 00000000 00:00 0 
7f4fa4df9000-7f4fa4dfd000 ---p 00000000 00:00 0 
7f4fa4dfd000-7f4fa4ef9000 rw-p 00000000 00:00 0 
7f4fa4ef9000-7f4fa4efd000 ---p 00000000 00:00 0 
7f4fa4efd000-7f4fa4ff9000 rw-p 00000000 00:00 0 
7f4fa4ff9000-7f4fa4ffd000 ---p 00000000 00:00 0 
7f4fa4ffd000-7f4fa50f9000 rw-p 00000000 00:00 0 
7f4fa50f9000-7f4fa50fd000 ---p 00000000 00:00 0 
7f4fa50fd000-7f4fa51f9000 rw-p 00000000 00:00 0 
7f4fa51f9000-7f4fa51fd000 ---p 00000000 00:00 0 
7f4fa51fd000-7f4fa52f9000 rw-p 00000000 00:00 0 
7f4fa52f9000-7f4fa52fa000 ---p 00000000 00:00 0 
7f4fa52fa000-7f4fa53fa000 rw-p 00000000 00:00 0 
7f4fa53fa000-7f4fa53fb000 ---p 00000000 00:00 0 
7f4fa53fb000-7f4fa54fb000 rw-p 00000000 00:00 0 
7f4fa54fb000-7f4fa54fc000 ---p 00000000 00:00 0 
7f4fa54fc000-7f4fa55fc000 rw-p 00000000 00:00 0 
7f4fa55fc000-7f4fa55fd000 ---p 00000000 00:00 0 
7f4fa55fd000-7f4fa56fd000 rw-p 00000000 00:00 0 
7f4fa56fd000-7f4fa56fe000 ---p 00000000 00:00 0 
7f4fa56fe000-7f4fa57fe000 rw-p 00000000 00:00 0 
7f4fa57fe000-7f4fa57ff000 ---p 00000000 00:00 0 
7f4fa57ff000-7f4fa58ff000 rw-p 00000000 00:00 0 
7f4fa58ff000-7f4fa5903000 ---p 00000000 00:00 0 
7f4fa5903000-7f4fa59ff000 rw-p 00000000 00:00 0 
7f4fa59ff000-7f4fa5a03000 ---p 00000000 00:00 0 
7f4fa5a03000-7f4fa5aff000 rw-p 00000000 00:00 0 
7f4fa5aff000-7f4fa5b03000 ---p 00000000 00:00 0 
7f4fa5b03000-7f4fa5bff000 rw-p 00000000 00:00 0 
7f4fa5bff000-7f4fa5c03000 ---p 00000000 00:00 0 
7f4fa5c03000-7f4fa5cff000 rw-p 00000000 00:00 0 
7f4fa5cff000-7f4fa5d03000 ---p 00000000 00:00 0 
7f4fa5d03000-7f4fa5dff000 rw-p 00000000 00:00 0 
7f4fa5dff000-7f4fa5e03000 ---p 00000000 00:00 0 
7f4fa5e03000-7f4fa5eff000 rw-p 00000000 00:00 0 
7f4fa5eff000-7f4fa5f03000 ---p 00000000 00:00 0 
7f4fa5f03000-7f4fa5fff000 rw-p 00000000 00:00 0 
7f4fa5fff000-7f4fa6003000 ---p 00000000 00:00 0 
7f4fa6003000-7f4fa60ff000 rw-p 00000000 00:00 0 
7f4fa60ff000-7f4fa6103000 ---p 00000000 00:00 0 
7f4fa6103000-7f4fa61ff000 rw-p 00000000 00:00 0 
7f4fa61ff000-7f4fa6203000 ---p 00000000 00:00 0 
7f4fa6203000-7f4fa62ff000 rw-p 00000000 00:00 0 
7f4fa62ff000-7f4fa6300000 ---p 00000000 00:00 0 
7f4fa6300000-7f4fa6400000 rw-p 00000000 00:00 0 
7f4fa6400000-7f4fa649c000 r--p 00000000 103:04 1968521                   /usr/lib/x86_64-linux-gnu/libstdc++.so.6.0.32
7f4fa649c000-7f4fa65cd000 r-xp 0009c000 103:04 1968521                   /usr/lib/x86_64-linux-gnu/libstdc++.so.6.0.32
7f4fa65cd000-7f4fa665a000 r--p 001cd000 103:04 1968521                   /usr/lib/x86_64-linux-gnu/libstdc++.so.6.0.32
7f4fa665a000-7f4fa6665000 r--p 0025a000 103:04 1968521                   /usr/lib/x86_64-linux-gnu/libstdc++.so.6.0.32
7f4fa6665000-7f4fa6668000 rw-p 00265000 103:04 1968521                   /usr/lib/x86_64-linux-gnu/libstdc++.so.6.0.32
7f4fa6668000-7f4fa666c000 rw-p 00000000 00:00 0 
7f4fa66ff000-7f4fa6700000 ---p 00000000 00:00 0 
7f4fa6700000-7f4fa6800000 rw-p 00000000 00:00 0 
7f4fa6800000-7f4fa6853000 r-xp 00000000 103:04 2789371                   /home/rodion/.gradle/native/38dada09dfb8b06ba9b0570ebf7e218e3eb74d4ef43ca46872605cf95ebc2f47/linux-amd64/libnative-platform-file-events.so
7f4fa6853000-7f4fa6a52000 ---p 00053000 103:04 2789371                   /home/rodion/.gradle/native/38dada09dfb8b06ba9b0570ebf7e218e3eb74d4ef43ca46872605cf95ebc2f47/linux-amd64/libnative-platform-file-events.so
7f4fa6a52000-7f4fa6a53000 r--p 00052000 103:04 2789371                   /home/rodion/.gradle/native/38dada09dfb8b06ba9b0570ebf7e218e3eb74d4ef43ca46872605cf95ebc2f47/linux-amd64/libnative-platform-file-events.so
7f4fa6a53000-7f4fa6a55000 rw-p 00053000 103:04 2789371                   /home/rodion/.gradle/native/38dada09dfb8b06ba9b0570ebf7e218e3eb74d4ef43ca46872605cf95ebc2f47/linux-amd64/libnative-platform-file-events.so
7f4fa6aff000-7f4fa6b00000 ---p 00000000 00:00 0 
7f4fa6b00000-7f4fa6c00000 rw-p 00000000 00:00 0 
7f4fa6c00000-7f4fa6c05000 r-xp 00000000 103:04 2787315                   /home/rodion/.gradle/native/c067742578af261105cb4f569cf0c3c89f3d7b1fecec35dd04571415982c5e48/linux-amd64/libnative-platform.so
7f4fa6c05000-7f4fa6e05000 ---p 00005000 103:04 2787315                   /home/rodion/.gradle/native/c067742578af261105cb4f569cf0c3c89f3d7b1fecec35dd04571415982c5e48/linux-amd64/libnative-platform.so
7f4fa6e05000-7f4fa6e06000 r--p 00005000 103:04 2787315                   /home/rodion/.gradle/native/c067742578af261105cb4f569cf0c3c89f3d7b1fecec35dd04571415982c5e48/linux-amd64/libnative-platform.so
7f4fa6e06000-7f4fa6e07000 rw-p 00006000 103:04 2787315                   /home/rodion/.gradle/native/c067742578af261105cb4f569cf0c3c89f3d7b1fecec35dd04571415982c5e48/linux-amd64/libnative-platform.so
7f4fa6eff000-7f4fa6f03000 ---p 00000000 00:00 0 
7f4fa6f03000-7f4fa6fff000 rw-p 00000000 00:00 0 
7f4fa6fff000-7f4fa7003000 ---p 00000000 00:00 0 
7f4fa7003000-7f4fa70ff000 rw-p 00000000 00:00 0 
7f4fa70ff000-7f4fa7100000 ---p 00000000 00:00 0 
7f4fa7100000-7f4fa7200000 rw-p 00000000 00:00 0 
7f4fa7200000-7f4fa7204000 ---p 00000000 00:00 0 
7f4fa7204000-7f4fa7300000 rw-p 00000000 00:00 0 
7f4fa7300000-7f4fa7304000 ---p 00000000 00:00 0 
7f4fa7304000-7f4fa7400000 rw-p 00000000 00:00 0 
7f4fa7400000-7f4fa7404000 ---p 00000000 00:00 0 
7f4fa7404000-7f4fa7500000 rw-p 00000000 00:00 0 
7f4fa7500000-7f4fa7504000 ---p 00000000 00:00 0 
7f4fa7504000-7f4fa7600000 rw-p 00000000 00:00 0 
7f4fa7600000-7f4fa7604000 ---p 00000000 00:00 0 
7f4fa7604000-7f4fa7700000 rw-p 00000000 00:00 0 
7f4fa7700000-7f4fa7704000 ---p 00000000 00:00 0 
7f4fa7704000-7f4fa7800000 rw-p 00000000 00:00 0 
7f4fa7800000-7f4fa7804000 ---p 00000000 00:00 0 
7f4fa7804000-7f4fa7900000 rw-p 00000000 00:00 0 
7f4fa7900000-7f4fa7904000 ---p 00000000 00:00 0 
7f4fa7904000-7f4fa7a00000 rw-p 00000000 00:00 0 
7f4fa7a00000-7f4fa7f75000 r--p 00000000 103:04 1995264                   /usr/lib/locale/locale-archive
7f4fa8000000-7f4fa8021000 rw-p 00000000 00:00 0 
7f4fa8021000-7f4fac000000 ---p 00000000 00:00 0 
7f4fac000000-7f4fac021000 rw-p 00000000 00:00 0 
7f4fac021000-7f4fb0000000 ---p 00000000 00:00 0 
7f4fb0000000-7f4fb0021000 rw-p 00000000 00:00 0 
7f4fb0021000-7f4fb4000000 ---p 00000000 00:00 0 
7f4fb40e3000-7f4fb40e7000 ---p 00000000 00:00 0 
7f4fb40e7000-7f4fb41e3000 rw-p 00000000 00:00 0 
7f4fb41e3000-7f4fb41e7000 ---p 00000000 00:00 0 
7f4fb41e7000-7f4fb42e3000 rw-p 00000000 00:00 0 
7f4fb42e3000-7f4fb42e4000 ---p 00000000 00:00 0 
7f4fb42e4000-7f4fb64f0000 rw-p 00000000 00:00 0 
7f4fb64f0000-7f4fb6530000 rw-p 00000000 00:00 0 
7f4fb6530000-7f4fb6570000 rw-p 00000000 00:00 0 
7f4fb6570000-7f4fb66f0000 rw-p 00000000 00:00 0 
7f4fb66f0000-7f4fb6770000 rw-p 00000000 00:00 0 
7f4fb6770000-7f4fb67f0000 rw-p 00000000 00:00 0 
7f4fb67f0000-7f4fb68f0000 rw-p 00000000 00:00 0 
7f4fb68f0000-7f4fb69f0000 rw-p 00000000 00:00 0 
7f4fb69f0000-7f4fb6af0000 rw-p 00000000 00:00 0 
7f4fb6af0000-7f4fb6bf0000 rw-p 00000000 00:00 0 
7f4fb6bf0000-7f4fb6cf0000 rw-p 00000000 00:00 0 
7f4fb6cf0000-7f4fb6ef0000 rw-p 00000000 00:00 0 
7f4fb6ef0000-7f4fb6f70000 rw-p 00000000 00:00 0 
7f4fb6f70000-7f4fb70f0000 rw-p 00000000 00:00 0 
7f4fb70f0000-7f4fb71f0000 rw-p 00000000 00:00 0 
7f4fb71f0000-7f4fb7b70000 rw-p 00000000 00:00 0 
7f4fb7b70000-7f4fb7bb0000 rw-p 00000000 00:00 0 
7f4fb7bb0000-7f4fb7c00000 ---p 00000000 00:00 0 
7f4fb7c00000-7f4fb7e60000 rw-p 00000000 00:00 0 
7f4fb7e60000-7f4fba000000 ---p 00000000 00:00 0 
7f4fba0e1000-7f4fba5e6000 rw-p 00000000 00:00 0 
7f4fba700000-7f4fc4021000 rw-p 00000000 00:00 0 
7f4fc4021000-7f4fc8000000 ---p 00000000 00:00 0 
7f4fc80ff000-7f4fc8147000 rw-p 00000000 00:00 0 
7f4fc8147000-7f4fc86ff000 ---p 00000000 00:00 0 
7f4fc86ff000-7f4fc8747000 rw-p 00000000 00:00 0 
7f4fc8747000-7f4fc8cff000 ---p 00000000 00:00 0 
7f4fc8cff000-7f4fc8d3e000 rw-p 00000000 00:00 0 
7f4fc8d3e000-7f4fc8fff000 ---p 00000000 00:00 0 
7f4fc8fff000-7f4fc9000000 rw-p 00000000 00:00 0 
7f4fc9000000-7f4fc9560000 rwxp 00000000 00:00 0 
7f4fc9560000-7f4fd0537000 ---p 00000000 00:00 0 
7f4fd0537000-7f4fd07a7000 rwxp 00000000 00:00 0 
7f4fd07a7000-7f4fd0ac9000 ---p 00000000 00:00 0 
7f4fd0ac9000-7f4fd0d39000 rwxp 00000000 00:00 0 
7f4fd0d39000-7f4fd8000000 ---p 00000000 00:00 0 
7f4fd8000000-7f4fd9785000 rw-p 00000000 00:00 0 
7f4fd9785000-7f4fdc000000 ---p 00000000 00:00 0 
7f4fdc0ac000-7f4fdc0af000 r--p 00000000 103:04 1968519                   /usr/lib/x86_64-linux-gnu/libgcc_s.so.1
7f4fdc0af000-7f4fdc0ca000 r-xp 00003000 103:04 1968519                   /usr/lib/x86_64-linux-gnu/libgcc_s.so.1
7f4fdc0ca000-7f4fdc0ce000 r--p 0001e000 103:04 1968519                   /usr/lib/x86_64-linux-gnu/libgcc_s.so.1
7f4fdc0ce000-7f4fdc0cf000 r--p 00021000 103:04 1968519                   /usr/lib/x86_64-linux-gnu/libgcc_s.so.1
7f4fdc0cf000-7f4fdc0d0000 rw-p 00022000 103:04 1968519                   /usr/lib/x86_64-linux-gnu/libgcc_s.so.1
7f4fdc0d0000-7f4fdc0d7000 r--s 00000000 103:04 1968884                   /usr/lib/x86_64-linux-gnu/gconv/gconv-modules.cache
7f4fdc0d7000-7f4fdc0da000 r--p 00000000 103:04 3162931                   /home/rodion/.local/share/JetBrains/Toolbox/apps/android-studio-2/jbr/lib/libmanagement_ext.so
7f4fdc0da000-7f4fdc0dd000 r-xp 00002000 103:04 3162931                   /home/rodion/.local/share/JetBrains/Toolbox/apps/android-studio-2/jbr/lib/libmanagement_ext.so
7f4fdc0dd000-7f4fdc0de000 r--p 00004000 103:04 3162931                   /home/rodion/.local/share/JetBrains/Toolbox/apps/android-studio-2/jbr/lib/libmanagement_ext.so
7f4fdc0de000-7f4fdc0df000 rw-p 00004000 103:04 3162931                   /home/rodion/.local/share/JetBrains/Toolbox/apps/android-studio-2/jbr/lib/libmanagement_ext.so
7f4fdc0df000-7f4fdc0e2000 r--p 00000000 103:04 3162924                   /home/rodion/.local/share/JetBrains/Toolbox/apps/android-studio-2/jbr/lib/libmanagement.so
7f4fdc0e2000-7f4fdc0e4000 r-xp 00002000 103:04 3162924                   /home/rodion/.local/share/JetBrains/Toolbox/apps/android-studio-2/jbr/lib/libmanagement.so
7f4fdc0e4000-7f4fdc0e5000 r--p 00003000 103:04 3162924                   /home/rodion/.local/share/JetBrains/Toolbox/apps/android-studio-2/jbr/lib/libmanagement.so
7f4fdc0e5000-7f4fdc0e6000 rw-p 00003000 103:04 3162924                   /home/rodion/.local/share/JetBrains/Toolbox/apps/android-studio-2/jbr/lib/libmanagement.so
7f4fdc0e6000-7f4fdc0ec000 r--p 00000000 103:04 3162922                   /home/rodion/.local/share/JetBrains/Toolbox/apps/android-studio-2/jbr/lib/libverify.so
7f4fdc0ec000-7f4fdc0f4000 r-xp 00005000 103:04 3162922                   /home/rodion/.local/share/JetBrains/Toolbox/apps/android-studio-2/jbr/lib/libverify.so
7f4fdc0f4000-7f4fdc0f6000 r--p 0000c000 103:04 3162922                   /home/rodion/.local/share/JetBrains/Toolbox/apps/android-studio-2/jbr/lib/libverify.so
7f4fdc0f6000-7f4fdc0f7000 rw-p 0000d000 103:04 3162922                   /home/rodion/.local/share/JetBrains/Toolbox/apps/android-studio-2/jbr/lib/libverify.so
7f4fdc0f7000-7f4fdc214000 rw-p 00000000 00:00 0 
7f4fdc214000-7f4fdc215000 ---p 00000000 00:00 0 
7f4fdc215000-7f4fdc31a000 rw-p 00000000 00:00 0 
7f4fdc31a000-7f4fdc400000 ---p 00000000 00:00 0 
7f4fdc400000-7f4fdf8e6000 r--s 00000000 103:04 3162885                   /home/rodion/.local/share/JetBrains/Toolbox/apps/android-studio-2/jbr/lib/modules
7f4fdf8e9000-7f4fdf8f0000 r--p 00000000 103:04 3162897                   /home/rodion/.local/share/JetBrains/Toolbox/apps/android-studio-2/jbr/lib/libnet.so
7f4fdf8f0000-7f4fdf8fd000 r-xp 00006000 103:04 3162897                   /home/rodion/.local/share/JetBrains/Toolbox/apps/android-studio-2/jbr/lib/libnet.so
7f4fdf8fd000-7f4fdf8fe000 r--p 00012000 103:04 3162897                   /home/rodion/.local/share/JetBrains/Toolbox/apps/android-studio-2/jbr/lib/libnet.so
7f4fdf8fe000-7f4fdf900000 rw-p 00012000 103:04 3162897                   /home/rodion/.local/share/JetBrains/Toolbox/apps/android-studio-2/jbr/lib/libnet.so
7f4fdf900000-7f4fdf90b000 r--p 00000000 103:04 3162917                   /home/rodion/.local/share/JetBrains/Toolbox/apps/android-studio-2/jbr/lib/libnio.so
7f4fdf90b000-7f4fdf913000 r-xp 0000a000 103:04 3162917                   /home/rodion/.local/share/JetBrains/Toolbox/apps/android-studio-2/jbr/lib/libnio.so
7f4fdf913000-7f4fdf914000 r--p 00011000 103:04 3162917                   /home/rodion/.local/share/JetBrains/Toolbox/apps/android-studio-2/jbr/lib/libnio.so
7f4fdf914000-7f4fdf915000 rw-p 00011000 103:04 3162917                   /home/rodion/.local/share/JetBrains/Toolbox/apps/android-studio-2/jbr/lib/libnio.so
7f4fdf915000-7f4fdf920000 rw-p 00000000 00:00 0 
7f4fdf920000-7f4fdfa00000 ---p 00000000 00:00 0 
7f4fdfa00000-7f4fdff37000 r--p 00000000 103:04 3162900                   /home/rodion/.local/share/JetBrains/Toolbox/apps/android-studio-2/jbr/lib/server/libjvm.so
7f4fdff37000-7f4fe0b0f000 r-xp 00536000 103:04 3162900                   /home/rodion/.local/share/JetBrains/Toolbox/apps/android-studio-2/jbr/lib/server/libjvm.so
7f4fe0b0f000-7f4fe0bd1000 r--p 0110d000 103:04 3162900                   /home/rodion/.local/share/JetBrains/Toolbox/apps/android-studio-2/jbr/lib/server/libjvm.so
7f4fe0bd1000-7f4fe0bfa000 rw-p 011ce000 103:04 3162900                   /home/rodion/.local/share/JetBrains/Toolbox/apps/android-studio-2/jbr/lib/server/libjvm.so
7f4fe0bfa000-7f4fe0c6e000 rw-p 00000000 00:00 0 
7f4fe0c71000-7f4fe0c7a000 r--p 00000000 103:04 3162891                   /home/rodion/.local/share/JetBrains/Toolbox/apps/android-studio-2/jbr/lib/libzip.so
7f4fe0c7a000-7f4fe0c8f000 r-xp 00008000 103:04 3162891                   /home/rodion/.local/share/JetBrains/Toolbox/apps/android-studio-2/jbr/lib/libzip.so
7f4fe0c8f000-7f4fe0c91000 r--p 0001c000 103:04 3162891                   /home/rodion/.local/share/JetBrains/Toolbox/apps/android-studio-2/jbr/lib/libzip.so
7f4fe0c91000-7f4fe0c92000 rw-p 0001d000 103:04 3162891                   /home/rodion/.local/share/JetBrains/Toolbox/apps/android-studio-2/jbr/lib/libzip.so
7f4fe0c92000-7f4fe0cf1000 rw-p 00000000 00:00 0 
7f4fe0cf1000-7f4fe0cf8000 ---p 00000000 00:00 0 
7f4fe0cf8000-7f4fe0d00000 rw-s 00000000 103:04 1441815                   /tmp/hsperfdata_rodion/16618
7f4fe0d00000-7f4fe0d04000 ---p 00000000 00:00 0 
7f4fe0d04000-7f4fe0e00000 rw-p 00000000 00:00 0 
7f4fe0e00000-7f4fe0e22000 r--p 00000000 103:04 1968528                   /usr/lib/x86_64-linux-gnu/libc.so.6
7f4fe0e22000-7f4fe0f9a000 r-xp 00022000 103:04 1968528                   /usr/lib/x86_64-linux-gnu/libc.so.6
7f4fe0f9a000-7f4fe0ff2000 r--p 0019a000 103:04 1968528                   /usr/lib/x86_64-linux-gnu/libc.so.6
7f4fe0ff2000-7f4fe0ff6000 r--p 001f1000 103:04 1968528                   /usr/lib/x86_64-linux-gnu/libc.so.6
7f4fe0ff6000-7f4fe0ff8000 rw-p 001f5000 103:04 1968528                   /usr/lib/x86_64-linux-gnu/libc.so.6
7f4fe0ff8000-7f4fe1005000 rw-p 00000000 00:00 0 
7f4fe100a000-7f4fe101c000 r--p 00000000 103:04 3162925                   /home/rodion/.local/share/JetBrains/Toolbox/apps/android-studio-2/jbr/lib/libjava.so
7f4fe101c000-7f4fe102e000 r-xp 00011000 103:04 3162925                   /home/rodion/.local/share/JetBrains/Toolbox/apps/android-studio-2/jbr/lib/libjava.so
7f4fe102e000-7f4fe102f000 r--p 00022000 103:04 3162925                   /home/rodion/.local/share/JetBrains/Toolbox/apps/android-studio-2/jbr/lib/libjava.so
7f4fe102f000-7f4fe1031000 rw-p 00022000 103:04 3162925                   /home/rodion/.local/share/JetBrains/Toolbox/apps/android-studio-2/jbr/lib/libjava.so
7f4fe1031000-7f4fe103c000 r--p 00000000 103:04 3162933                   /home/rodion/.local/share/JetBrains/Toolbox/apps/android-studio-2/jbr/lib/libjimage.so
7f4fe103c000-7f4fe1051000 r-xp 0000a000 103:04 3162933                   /home/rodion/.local/share/JetBrains/Toolbox/apps/android-studio-2/jbr/lib/libjimage.so
7f4fe1051000-7f4fe1053000 r--p 0001e000 103:04 3162933                   /home/rodion/.local/share/JetBrains/Toolbox/apps/android-studio-2/jbr/lib/libjimage.so
7f4fe1053000-7f4fe1054000 rw-p 0001f000 103:04 3162933                   /home/rodion/.local/share/JetBrains/Toolbox/apps/android-studio-2/jbr/lib/libjimage.so
7f4fe1054000-7f4fe1055000 r--p 00000000 103:04 1968582                   /usr/lib/x86_64-linux-gnu/librt.so.1
7f4fe1055000-7f4fe1056000 r-xp 00001000 103:04 1968582                   /usr/lib/x86_64-linux-gnu/librt.so.1
7f4fe1056000-7f4fe1057000 r--p 00002000 103:04 1968582                   /usr/lib/x86_64-linux-gnu/librt.so.1
7f4fe1057000-7f4fe1058000 r--p 00002000 103:04 1968582                   /usr/lib/x86_64-linux-gnu/librt.so.1
7f4fe1058000-7f4fe1059000 rw-p 00003000 103:04 1968582                   /usr/lib/x86_64-linux-gnu/librt.so.1
7f4fe1059000-7f4fe1067000 r--p 00000000 103:04 1968538                   /usr/lib/x86_64-linux-gnu/libm.so.6
7f4fe1067000-7f4fe10e5000 r-xp 0000e000 103:04 1968538                   /usr/lib/x86_64-linux-gnu/libm.so.6
7f4fe10e5000-7f4fe1140000 r--p 0008c000 103:04 1968538                   /usr/lib/x86_64-linux-gnu/libm.so.6
7f4fe1140000-7f4fe1141000 r--p 000e6000 103:04 1968538                   /usr/lib/x86_64-linux-gnu/libm.so.6
7f4fe1141000-7f4fe1142000 rw-p 000e7000 103:04 1968538                   /usr/lib/x86_64-linux-gnu/libm.so.6
7f4fe1142000-7f4fe1144000 rw-p 00000000 00:00 0 
7f4fe1144000-7f4fe1145000 r--p 00000000 103:04 1968531                   /usr/lib/x86_64-linux-gnu/libdl.so.2
7f4fe1145000-7f4fe1146000 r-xp 00001000 103:04 1968531                   /usr/lib/x86_64-linux-gnu/libdl.so.2
7f4fe1146000-7f4fe1147000 r--p 00002000 103:04 1968531                   /usr/lib/x86_64-linux-gnu/libdl.so.2
7f4fe1147000-7f4fe1148000 r--p 00002000 103:04 1968531                   /usr/lib/x86_64-linux-gnu/libdl.so.2
7f4fe1148000-7f4fe1149000 rw-p 00003000 103:04 1968531                   /usr/lib/x86_64-linux-gnu/libdl.so.2
7f4fe1149000-7f4fe114a000 r--p 00000000 103:04 1968576                   /usr/lib/x86_64-linux-gnu/libpthread.so.0
7f4fe114a000-7f4fe114b000 r-xp 00001000 103:04 1968576                   /usr/lib/x86_64-linux-gnu/libpthread.so.0
7f4fe114b000-7f4fe114c000 r--p 00002000 103:04 1968576                   /usr/lib/x86_64-linux-gnu/libpthread.so.0
7f4fe114c000-7f4fe114d000 r--p 00002000 103:04 1968576                   /usr/lib/x86_64-linux-gnu/libpthread.so.0
7f4fe114d000-7f4fe114e000 rw-p 00003000 103:04 1968576                   /usr/lib/x86_64-linux-gnu/libpthread.so.0
7f4fe114f000-7f4fe1150000 r--p 00000000 103:04 3162905                   /home/rodion/.local/share/JetBrains/Toolbox/apps/android-studio-2/jbr/lib/libextnet.so
7f4fe1150000-7f4fe1152000 r-xp 00000000 103:04 3162905                   /home/rodion/.local/share/JetBrains/Toolbox/apps/android-studio-2/jbr/lib/libextnet.so
7f4fe1152000-7f4fe1153000 r--p 00001000 103:04 3162905                   /home/rodion/.local/share/JetBrains/Toolbox/apps/android-studio-2/jbr/lib/libextnet.so
7f4fe1153000-7f4fe1154000 rw-p 00001000 103:04 3162905                   /home/rodion/.local/share/JetBrains/Toolbox/apps/android-studio-2/jbr/lib/libextnet.so
7f4fe1154000-7f4fe1158000 r--p 00000000 103:04 3162937                   /home/rodion/.local/share/JetBrains/Toolbox/apps/android-studio-2/jbr/lib/libinstrument.so
7f4fe1158000-7f4fe115f000 r-xp 00003000 103:04 3162937                   /home/rodion/.local/share/JetBrains/Toolbox/apps/android-studio-2/jbr/lib/libinstrument.so
7f4fe115f000-7f4fe1160000 r--p 00009000 103:04 3162937                   /home/rodion/.local/share/JetBrains/Toolbox/apps/android-studio-2/jbr/lib/libinstrument.so
7f4fe1160000-7f4fe1161000 rw-p 00009000 103:04 3162937                   /home/rodion/.local/share/JetBrains/Toolbox/apps/android-studio-2/jbr/lib/libinstrument.so
7f4fe1161000-7f4fe1162000 ---p 00000000 00:00 0 
7f4fe1162000-7f4fe1163000 r--p 00000000 00:00 0 
7f4fe1163000-7f4fe1164000 ---p 00000000 00:00 0 
7f4fe1164000-7f4fe116d000 r--p 00000000 103:04 3162906                   /home/rodion/.local/share/JetBrains/Toolbox/apps/android-studio-2/jbr/lib/libjli.so
7f4fe116d000-7f4fe117c000 r-xp 00008000 103:04 3162906                   /home/rodion/.local/share/JetBrains/Toolbox/apps/android-studio-2/jbr/lib/libjli.so
7f4fe117c000-7f4fe117d000 r--p 00016000 103:04 3162906                   /home/rodion/.local/share/JetBrains/Toolbox/apps/android-studio-2/jbr/lib/libjli.so
7f4fe117d000-7f4fe117e000 rw-p 00016000 103:04 3162906                   /home/rodion/.local/share/JetBrains/Toolbox/apps/android-studio-2/jbr/lib/libjli.so
7f4fe117e000-7f4fe1180000 rw-p 00000000 00:00 0 
7f4fe1180000-7f4fe1181000 r--p 00000000 103:04 1968525                   /usr/lib/x86_64-linux-gnu/ld-linux-x86-64.so.2
7f4fe1181000-7f4fe11a9000 r-xp 00001000 103:04 1968525                   /usr/lib/x86_64-linux-gnu/ld-linux-x86-64.so.2
7f4fe11a9000-7f4fe11b3000 r--p 00029000 103:04 1968525                   /usr/lib/x86_64-linux-gnu/ld-linux-x86-64.so.2
7f4fe11b3000-7f4fe11b5000 r--p 00033000 103:04 1968525                   /usr/lib/x86_64-linux-gnu/ld-linux-x86-64.so.2
7f4fe11b5000-7f4fe11b7000 rw-p 00035000 103:04 1968525                   /usr/lib/x86_64-linux-gnu/ld-linux-x86-64.so.2
7ffcdb057000-7ffcdb078000 rw-p 00000000 00:00 0                          [stack]
7ffcdb128000-7ffcdb12c000 r--p 00000000 00:00 0                          [vvar]
7ffcdb12c000-7ffcdb12e000 r-xp 00000000 00:00 0                          [vdso]
ffffffffff600000-ffffffffff601000 --xp 00000000 00:00 0                  [vsyscall]


VM Arguments:
jvm_args: -XX:+HeapDumpOnOutOfMemoryError -XX:+UseParallelGC -XX:MaxMetaspaceSize=1g --add-opens=java.base/java.util=ALL-UNNAMED --add-opens=java.base/java.lang=ALL-UNNAMED --add-opens=java.base/java.lang.invoke=ALL-UNNAMED --add-opens=java.prefs/java.util.prefs=ALL-UNNAMED --add-opens=java.base/java.nio.charset=ALL-UNNAMED --add-opens=java.base/java.net=ALL-UNNAMED --add-opens=java.base/java.util.concurrent.atomic=ALL-UNNAMED -Xmx4608m -Dfile.encoding=UTF-8 -Duser.country=UA -Duser.language=ru -Duser.variant -javaagent:/home/rodion/.gradle/wrapper/dists/gradle-8.4-bin/1w5dpkrfk8irigvoxmyhowfim/gradle-8.4/lib/agents/gradle-instrumentation-agent-8.4.jar 
java_command: org.gradle.launcher.daemon.bootstrap.GradleDaemon 8.4
java_class_path (initial): /home/rodion/.gradle/wrapper/dists/gradle-8.4-bin/1w5dpkrfk8irigvoxmyhowfim/gradle-8.4/lib/gradle-launcher-8.4.jar
Launcher Type: SUN_STANDARD

[Global flags]
     intx CICompilerCount                          = 4                                         {product} {ergonomic}
   size_t CompressedClassSpaceSize                 = 872415232                                 {product} {ergonomic}
     bool HeapDumpOnOutOfMemoryError               = true                                   {manageable} {command line}
   size_t InitialHeapSize                          = 226492416                                 {product} {ergonomic}
   size_t MaxHeapSize                              = 4831838208                                {product} {command line}
   size_t MaxMetaspaceSize                         = 1073741824                                {product} {command line}
   size_t MaxNewSize                               = 1610612736                                {product} {ergonomic}
   size_t MinHeapDeltaBytes                        = 524288                                    {product} {ergonomic}
   size_t MinHeapSize                              = 8388608                                   {product} {ergonomic}
   size_t NewSize                                  = 75497472                                  {product} {ergonomic}
    uintx NonNMethodCodeHeapSize                   = 5839372                                {pd product} {ergonomic}
    uintx NonProfiledCodeHeapSize                  = 122909434                              {pd product} {ergonomic}
   size_t OldSize                                  = 150994944                                 {product} {ergonomic}
    uintx ProfiledCodeHeapSize                     = 122909434                              {pd product} {ergonomic}
    uintx ReservedCodeCacheSize                    = 251658240                              {pd product} {ergonomic}
     bool SegmentedCodeCache                       = true                                      {product} {ergonomic}
   size_t SoftMaxHeapSize                          = 4831838208                             {manageable} {ergonomic}
     bool UseCompressedClassPointers               = true                           {product lp64_product} {ergonomic}
     bool UseCompressedOops                        = true                           {product lp64_product} {ergonomic}
     bool UseParallelGC                            = true                                      {product} {command line}

Logging:
Log output configuration:
 #0: stdout all=warning uptime,level,tags
 #1: stderr all=off uptime,level,tags

Environment Variables:
JAVA_HOME=/usr/lib/jvm/java-17-openjdk-amd64/bin/java
PATH=/usr/local/sbin:/usr/local/bin:/usr/sbin:/usr/bin:/sbin:/bin:/usr/games:/usr/local/games:/snap/bin:/home/rodion/.local/share/JetBrains/Toolbox/scripts
SHELL=/bin/bash
DISPLAY=:0
LANG=ru_UA.UTF-8

Active Locale:
LC_ALL=ru_UA.UTF-8
LC_COLLATE=ru_UA.UTF-8
LC_CTYPE=ru_UA.UTF-8
LC_MESSAGES=ru_UA.UTF-8
LC_MONETARY=ru_UA.UTF-8
LC_NUMERIC=ru_UA.UTF-8
LC_TIME=ru_UA.UTF-8

Signal Handlers:
   SIGSEGV: crash_handler in libjvm.so, mask=11100100010111111101111111111110, flags=SA_RESTART|SA_SIGINFO, unblocked
    SIGBUS: crash_handler in libjvm.so, mask=11100100010111111101111111111110, flags=SA_RESTART|SA_SIGINFO, unblocked
    SIGFPE: crash_handler in libjvm.so, mask=11100100010111111101111111111110, flags=SA_RESTART|SA_SIGINFO, unblocked
   SIGPIPE: javaSignalHandler in libjvm.so, mask=11100100010111111101111111111110, flags=SA_RESTART|SA_SIGINFO, blocked
   SIGXFSZ: javaSignalHandler in libjvm.so, mask=11100100010111111101111111111110, flags=SA_RESTART|SA_SIGINFO, blocked
    SIGILL: crash_handler in libjvm.so, mask=11100100010111111101111111111110, flags=SA_RESTART|SA_SIGINFO, unblocked
   SIGUSR2: SR_handler in libjvm.so, mask=00100000000000000000000000000000, flags=SA_RESTART|SA_SIGINFO, blocked
    SIGHUP: UserHandler in libjvm.so, mask=11100100010111111101111111111110, flags=SA_RESTART|SA_SIGINFO, blocked
    SIGINT: UserHandler in libjvm.so, mask=11100100010111111101111111111110, flags=SA_RESTART|SA_SIGINFO, blocked
   SIGTERM: UserHandler in libjvm.so, mask=11100100010111111101111111111110, flags=SA_RESTART|SA_SIGINFO, blocked
   SIGQUIT: UserHandler in libjvm.so, mask=11100100010111111101111111111110, flags=SA_RESTART|SA_SIGINFO, blocked
   SIGTRAP: crash_handler in libjvm.so, mask=11100100010111111101111111111110, flags=SA_RESTART|SA_SIGINFO, unblocked


Periodic native trim disabled

JNI global refs:
JNI global refs: 24, weak refs: 0

JNI global refs memory usage: 867, weak refs: 865

OOME stack traces (most recent first):
Classloader memory used:
Loader org.gradle.internal.classloader.VisitableURLClassLoader                         : 2068K
Loader bootstrap                                                                       : 1901K
Loader org.gradle.initialization.MixInLegacyTypesClassLoader                           : 440K
Loader jdk.internal.loader.ClassLoaders$AppClassLoader                                 : 28177B
Loader jdk.internal.reflect.DelegatingClassLoader                                      : 3441B
Loader jdk.internal.loader.ClassLoaders$PlatformClassLoader                            : 3243B

Classes loaded by more than one classloader:
Class org.gradle.internal.installation.GradleInstallation                             : loaded 2 times (x 74B)
Class org.gradle.internal.classpath.ClassPath                                         : loaded 2 times (x 69B)
Class org.gradle.api.internal.classpath.DefaultModuleRegistry                         : loaded 2 times (x 85B)
Class org.gradle.api.Action                                                           : loaded 2 times (x 69B)
Class org.gradle.api.internal.DefaultClassPathProvider                                : loaded 2 times (x 75B)
Class org.gradle.internal.installation.GradleInstallation$1                           : loaded 2 times (x 74B)
Class org.gradle.internal.classloader.FilteringClassLoader                            : loaded 2 times (x 104B)
Class org.gradle.internal.classpath.DefaultClassPath$ImmutableUniqueList$Builder      : loaded 2 times (x 74B)
Class org.gradle.internal.classloader.ClassLoaderVisitor                              : loaded 2 times (x 75B)
Class org.gradle.internal.service.DefaultServiceLocator                               : loaded 2 times (x 82B)
Class org.gradle.internal.service.UnknownServiceException                             : loaded 2 times (x 82B)
Class org.gradle.internal.classloader.DefaultClassLoaderFactory                       : loaded 2 times (x 81B)
Class org.gradle.internal.classloader.VisitableURLClassLoader$Spec                    : loaded 2 times (x 73B)
Class org.gradle.api.GradleException                                                  : loaded 2 times (x 81B)
Class org.gradle.api.internal.classpath.ModuleRegistry                                : loaded 2 times (x 69B)
Class org.gradle.api.internal.ClassPathProvider                                       : loaded 2 times (x 69B)
Class org.gradle.internal.classloader.ClasspathUtil$1                                 : loaded 2 times (x 75B)
Class org.gradle.internal.classloader.ClassLoaderFactory                              : loaded 2 times (x 69B)
Class org.gradle.api.internal.classpath.ManifestUtil                                  : loaded 2 times (x 70B)
Class org.gradle.api.specs.Spec                                                       : loaded 2 times (x 69B)
Class org.gradle.internal.IoActions                                                   : loaded 2 times (x 70B)
Class org.gradle.api.internal.classpath.EffectiveClassPath                            : loaded 2 times (x 89B)
Class org.gradle.internal.installation.CurrentGradleInstallation                      : loaded 2 times (x 72B)
Class org.gradle.internal.agents.InstrumentingClassLoader                             : loaded 2 times (x 69B)
Class org.gradle.internal.installation.CurrentGradleInstallationLocator               : loaded 2 times (x 70B)
Class org.gradle.api.internal.classpath.Module                                        : loaded 2 times (x 69B)
Class org.gradle.internal.service.CachingServiceLocator                               : loaded 2 times (x 81B)
Class org.gradle.internal.classpath.DefaultClassPath                                  : loaded 2 times (x 89B)
Class org.gradle.internal.classloader.SystemClassLoaderSpec                           : loaded 2 times (x 70B)
Class org.gradle.api.UncheckedIOException                                             : loaded 2 times (x 81B)
Class org.gradle.internal.classloader.ClasspathUtil                                   : loaded 2 times (x 70B)
Class org.gradle.api.internal.DefaultClassPathRegistry                                : loaded 2 times (x 75B)
Class org.gradle.api.internal.classpath.DefaultModuleRegistry$DefaultModule           : loaded 2 times (x 85B)
Class org.gradle.api.internal.classpath.UnknownModuleException                        : loaded 2 times (x 81B)
Class org.gradle.internal.service.ServiceLookupException                              : loaded 2 times (x 81B)
Class org.gradle.cache.GlobalCache                                                    : loaded 2 times (x 69B)
Class [Lorg.gradle.api.internal.ClassPathProvider;                                    : loaded 2 times (x 68B)
Class org.gradle.util.internal.GUtil                                                  : loaded 2 times (x 70B)
Class org.gradle.internal.classloader.ClassLoaderSpec                                 : loaded 2 times (x 70B)
Class org.gradle.internal.classloader.VisitableURLClassLoader                         : loaded 2 times (x 116B)
Class org.gradle.internal.Cast                                                        : loaded 2 times (x 70B)
Class org.gradle.api.internal.ClassPathRegistry                                       : loaded 2 times (x 69B)
Class org.gradle.internal.classloader.VisitableURLClassLoader$InstrumentingVisitableURLClassLoader: loaded 2 times (x 122B)
Class org.gradle.internal.classloader.ClassLoaderHierarchy                            : loaded 2 times (x 69B)
Class org.gradle.internal.InternalTransformer                                         : loaded 2 times (x 69B)
Class org.gradle.internal.service.ServiceLocator                                      : loaded 2 times (x 69B)
Class org.gradle.internal.classpath.DefaultClassPath$ImmutableUniqueList              : loaded 2 times (x 160B)
Class org.gradle.internal.classpath.TransformedClassPath                              : loaded 2 times (x 95B)


---------------  S Y S T E M  ---------------

OS:
DISTRIB_ID=Ubuntu
DISTRIB_RELEASE=23.04
DISTRIB_CODENAME=lunar
DISTRIB_DESCRIPTION="Ubuntu 23.04"
uname: Linux 6.2.0-39-generic #40-Ubuntu SMP PREEMPT_DYNAMIC Tue Nov 14 14:18:00 UTC 2023 x86_64
OS uptime: 0 days 1:38 hours
libc: glibc 2.37 NPTL 2.37 
rlimit (soft/hard): STACK 8192k/infinity , CORE 0k/infinity , NPROC 54776/54776 , NOFILE 1048576/1048576 , AS infinity/infinity , CPU infinity/infinity , DATA infinity/infinity , FSIZE infinity/infinity , MEMLOCK 1768584k/1768584k
load average: 1,50 0,98 0,82

/proc/meminfo:
MemTotal:       14148696 kB
MemFree:         1010648 kB
MemAvailable:    5349248 kB
Buffers:          346240 kB
Cached:          4132744 kB
SwapCached:       325348 kB
Active:          3788684 kB
Inactive:        8417416 kB
Active(anon):    1133312 kB
Inactive(anon):  6647008 kB
Active(file):    2655372 kB
Inactive(file):  1770408 kB
Unevictable:          32 kB
Mlocked:              32 kB
SwapTotal:       5858300 kB
SwapFree:        4127996 kB
Zswap:                 0 kB
Zswapped:              0 kB
Dirty:             68728 kB
Writeback:             0 kB
AnonPages:       7610664 kB
Mapped:           653548 kB
Shmem:             53184 kB
KReclaimable:     241020 kB
Slab:             398516 kB
SReclaimable:     241020 kB
SUnreclaim:       157496 kB
KernelStack:       20464 kB
PageTables:        55848 kB
SecPageTables:         0 kB
NFS_Unstable:          0 kB
Bounce:                0 kB
WritebackTmp:          0 kB
CommitLimit:    12932648 kB
Committed_AS:   18007180 kB
VmallocTotal:   34359738367 kB
VmallocUsed:      135876 kB
VmallocChunk:          0 kB
Percpu:            12608 kB
HardwareCorrupted:     0 kB
AnonHugePages:         0 kB
ShmemHugePages:        0 kB
ShmemPmdMapped:        0 kB
FileHugePages:         0 kB
FilePmdMapped:         0 kB
HugePages_Total:       0
HugePages_Free:        0
HugePages_Rsvd:        0
HugePages_Surp:        0
Hugepagesize:       2048 kB
Hugetlb:               0 kB
DirectMap4k:     1053124 kB
DirectMap2M:    13475840 kB
DirectMap1G:           0 kB

/sys/kernel/mm/transparent_hugepage/enabled: always [madvise] never
/sys/kernel/mm/transparent_hugepage/defrag (defrag/compaction efforts parameter): always defer defer+madvise [madvise] never

Process Memory:
Virtual Size: 9246180K (peak: 9247308K)
Resident Set Size: 317352K (peak: 317352K) (anon: 287272K, file: 30080K, shmem: 0K)
Swapped out: 0K
C-Heap outstanding allocations: 119572K, retained: 30527K
glibc malloc tunables: (default)

/proc/sys/kernel/threads-max (system-wide limit on the number of threads): 109553
/proc/sys/vm/max_map_count (maximum number of memory map areas a process may have): 65530
/proc/sys/kernel/pid_max (system-wide limit on number of process identifiers): 4194304

container (cgroup) information:
container_type: cgroupv2
cpu_cpuset_cpus: not supported
cpu_memory_nodes: not supported
active_processor_count: 12
cpu_quota: not supported
cpu_period: not supported
cpu_shares: not supported
memory_limit_in_bytes: unlimited
memory_and_swap_limit_in_bytes: unlimited
memory_soft_limit_in_bytes: unlimited
memory_usage_in_bytes: 9223844 k
memory_max_usage_in_bytes: not supported
memory_swap_current_in_bytes: 1276844 k
memory_swap_max_limit_in_bytes: unlimited
maximum number of tasks: 16432
current number of tasks: 353

Steal ticks since vm start: 0
Steal ticks percentage since vm start:  0,000

CPU: total 16 (initial active 12) (12 cores per cpu, 2 threads per core) family 25 model 80 stepping 0 microcode 0xa50000c, cx8, cmov, fxsr, ht, mmx, 3dnowpref, sse, sse2, sse3, ssse3, sse4a, sse4.1, sse4.2, popcnt, lzcnt, tsc, tscinvbit, avx, avx2, aes, erms, clmul, bmi1, bmi2, adx, sha, fma, vzeroupper, clflush, clflushopt
CPU Model and flags from /proc/cpuinfo:
model name	: AMD Ryzen 5 5600H with Radeon Graphics
flags		: fpu vme de pse tsc msr pae mce cx8 apic sep mtrr pge mca cmov pat pse36 clflush mmx fxsr sse sse2 ht syscall nx mmxext fxsr_opt pdpe1gb rdtscp lm constant_tsc rep_good nopl nonstop_tsc cpuid extd_apicid aperfmperf rapl pni pclmulqdq monitor ssse3 fma cx16 sse4_1 sse4_2 movbe popcnt aes xsave avx f16c rdrand lahf_lm cmp_legacy svm extapic cr8_legacy abm sse4a misalignsse 3dnowprefetch osvw ibs skinit wdt tce topoext perfctr_core perfctr_nb bpext perfctr_llc mwaitx cpb cat_l3 cdp_l3 hw_pstate ssbd mba ibrs ibpb stibp vmmcall fsgsbase bmi1 avx2 smep bmi2 erms invpcid cqm rdt_a rdseed adx smap clflushopt clwb sha_ni xsaveopt xsavec xgetbv1 xsaves cqm_llc cqm_occup_llc cqm_mbm_total cqm_mbm_local clzero irperf xsaveerptr rdpru wbnoinvd cppc arat npt lbrv svm_lock nrip_save tsc_scale vmcb_clean flushbyasid decodeassists pausefilter pfthreshold avic v_vmsave_vmload vgif v_spec_ctrl umip pku ospke vaes vpclmulqdq rdpid overflow_recov succor smca fsrm

Online cpus: 0-11
Offline cpus: 12-15
BIOS frequency limitation: 3300000
Frequency switch latency (ns): 0
Available cpu frequencies: 3300000 1300000 1200000 
Current governor: schedutil
Core performance/turbo boost: 1

Memory: 4k page, physical 14148696k(1010648k free), swap 5858300k(4127996k free)
Page Sizes: 4k

vm_info: OpenJDK 64-Bit Server VM (17.0.9+0-17.0.9b1087.7-11185874) for linux-amd64 JRE (17.0.9+0-17.0.9b1087.7-11185874), built on Dec  6 2023 18:35:35 by "androidbuild" with clang Android (8508608, based on r450784e) Clang 14.0.7 (https://android.googlesource.com/toolchain/llvm-project 4c603efb0cca074e9238af8b4106c30add4418f6)

END.
